Loading config from: configs/ablation/rq4_B_attr_no_crosstalk.yaml
Model schema mode: relaxed (no model-specific schema for 'pt_factor_generator')
         Configuration Summary         
┌───────────────┬─────────────────────┐
│ Dataset       │ synth-m             │
│ Model         │ pt_factor_generator │
│ Epochs        │ 700                 │
│ Batch Size    │ 128                 │
│ Learning Rate │ 0.001               │
│ Device        │ cuda:0              │
│ Seed          │ 42                  │
└───────────────┴─────────────────────┘

Experiment directory: experiments/20260407_105708_synth-m_pt_factor_generator
Seed set to 42

Model: pt_factor_generator
Creating data module: synth-m

Starting multi-stage training (1 stage(s))...
  Stage 1: finetune (700 epochs, lr=0.001)
/public/home/xiongzhzh2023/Anaconda/envs/contsg/lib/python3.12/site-packages/lightning_fabric/plugins/environments/slurm.py:204: The `srun` command is available on your system but is not used. HINT: If your intention is to run Lightning on SLURM, prepend your python command with `srun` like so: srun python3.1 /public/home/xiongzhzh2023/Anaconda/envs/contsg/b ...
GPU available: True (cuda), used: True
TPU available: False, using: 0 TPU cores
💡 Tip: For seamless cloud logging and experiment tracking, try installing [litlogger](https://pypi.org/project/litlogger/) to enable LitLogger, which logs metrics and artifacts automatically to the Lightning Experiments platform.
`Trainer(limit_train_batches=1.0)` was configured so 100% of the batches per epoch will be used..
`Trainer(limit_val_batches=1.0)` was configured so 100% of the batches will be used..
`Trainer(limit_test_batches=1.0)` was configured so 100% of the batches will be used..
`Trainer(val_check_interval=1.0)` was configured so validation will run at the end of the training epoch..
LOCAL_RANK: 0 - CUDA_VISIBLE_DEVICES: [0,1,2,3]
┏━━━┳━━━━━━━━━━━━━━━┳━━━━━━━━━━━━━━━━━━━━━━━━┳━━━━━━━━┳━━━━━━━┳━━━━━━━┓
┃   ┃ Name          ┃ Type                   ┃ Params ┃ Mode  ┃ FLOPs ┃
┡━━━╇━━━━━━━━━━━━━━━╇━━━━━━━━━━━━━━━━━━━━━━━━╇━━━━━━━━╇━━━━━━━╇━━━━━━━┩
│ 0 │ net           │ PTFactorNoisePredictor │  5.2 M │ train │     0 │
│ 1 │ _attr_encoder │ AttrEncoder            │  1.1 M │ train │     0 │
│   │ other params  │ n/a                    │  1.0 K │ n/a   │   n/a │
└───┴───────────────┴────────────────────────┴────────┴───────┴───────┘
Trainable params: 6.3 M                                                                                                                                                                         
Non-trainable params: 0                                                                                                                                                                         
Total params: 6.3 M                                                                                                                                                                             
Total estimated model params size (MB): 25                                                                                                                                                      
Modules in train mode: 206                                                                                                                                                                      
Modules in eval mode: 0                                                                                                                                                                         
Total FLOPs: 0                                                                                                                                                                                  
/public/home/xiongzhzh2023/Anaconda/envs/contsg/lib/python3.12/site-packages/pytorch_lightning/utilities/data.py:79: Trying to infer the `batch_size` from an ambiguous collection. The batch size we found is 128. To avoid any miscalculations, use `self.log(..., batch_size=batch_size)`.

[Training] Starting 700 epochs...
  [Epoch 1] Batch 50/95 (53%)
/public/home/xiongzhzh2023/Anaconda/envs/contsg/lib/python3.12/site-packages/pytorch_lightning/utilities/data.py:79: Trying to infer the `batch_size` from an ambiguous collection. The batch size we found is 75. To avoid any miscalculations, use `self.log(..., batch_size=batch_size)`.
[Epoch 1/700] train_loss=1.3755 val_loss=0.9542 lr=1.00e-03 (10s)
Metric val/loss improved. New best score: 0.954
  [Epoch 2] Batch 50/95 (53%)
[Epoch 2/700] train_loss=0.8953 val_loss=0.8363 lr=1.00e-03 (11s)
Metric val/loss improved by 0.118 >= min_delta = 0.0. New best score: 0.836
  [Epoch 3] Batch 50/95 (53%)
[Epoch 3/700] train_loss=0.8403 val_loss=0.8377 lr=1.00e-03 (10s)
  [Epoch 4] Batch 50/95 (53%)
[Epoch 4/700] train_loss=0.8324 val_loss=0.8460 lr=1.00e-03 (7s)
  [Epoch 5] Batch 50/95 (53%)
[Epoch 5/700] train_loss=0.8093 val_loss=0.8022 lr=1.00e-03 (11s)
Metric val/loss improved by 0.034 >= min_delta = 0.0. New best score: 0.802
  [Epoch 6] Batch 50/95 (53%)
[Epoch 6/700] train_loss=0.7976 val_loss=0.7758 lr=1.00e-03 (10s)
Metric val/loss improved by 0.026 >= min_delta = 0.0. New best score: 0.776
  [Epoch 7] Batch 50/95 (53%)
[Epoch 7/700] train_loss=0.7835 val_loss=0.7774 lr=1.00e-03 (11s)
  [Epoch 8] Batch 50/95 (53%)
[Epoch 8/700] train_loss=0.7722 val_loss=0.7598 lr=1.00e-03 (10s)
Metric val/loss improved by 0.016 >= min_delta = 0.0. New best score: 0.760
  [Epoch 9] Batch 50/95 (53%)
[Epoch 9/700] train_loss=0.7616 val_loss=0.7710 lr=1.00e-03 (9s)
  [Epoch 10] Batch 50/95 (53%)
[Epoch 10/700] train_loss=0.7564 val_loss=0.7541 lr=9.99e-04 (8s)
Metric val/loss improved by 0.006 >= min_delta = 0.0. New best score: 0.754
  [Epoch 11] Batch 50/95 (53%)
[Epoch 11/700] train_loss=0.7439 val_loss=0.7448 lr=9.99e-04 (10s)
Metric val/loss improved by 0.009 >= min_delta = 0.0. New best score: 0.745
  [Epoch 12] Batch 50/95 (53%)
[Epoch 12/700] train_loss=0.7354 val_loss=0.7129 lr=9.99e-04 (8s)
Metric val/loss improved by 0.032 >= min_delta = 0.0. New best score: 0.713
  [Epoch 13] Batch 50/95 (53%)
[Epoch 13/700] train_loss=0.7349 val_loss=0.7384 lr=9.99e-04 (11s)
  [Epoch 14] Batch 50/95 (53%)
[Epoch 14/700] train_loss=0.7267 val_loss=0.7323 lr=9.99e-04 (10s)
  [Epoch 15] Batch 50/95 (53%)
[Epoch 15/700] train_loss=0.7229 val_loss=0.7326 lr=9.99e-04 (9s)
  [Epoch 16] Batch 50/95 (53%)
[Epoch 16/700] train_loss=0.7105 val_loss=0.7077 lr=9.99e-04 (9s)
Metric val/loss improved by 0.005 >= min_delta = 0.0. New best score: 0.708
  [Epoch 17] Batch 50/95 (53%)
[Epoch 17/700] train_loss=0.6894 val_loss=0.6787 lr=9.99e-04 (11s)
Metric val/loss improved by 0.029 >= min_delta = 0.0. New best score: 0.679
  [Epoch 18] Batch 50/95 (53%)
[Epoch 18/700] train_loss=0.6821 val_loss=0.6747 lr=9.98e-04 (11s)
Metric val/loss improved by 0.004 >= min_delta = 0.0. New best score: 0.675
  [Epoch 19] Batch 50/95 (53%)
[Epoch 19/700] train_loss=0.6693 val_loss=0.6498 lr=9.98e-04 (11s)
Metric val/loss improved by 0.025 >= min_delta = 0.0. New best score: 0.650
  [Epoch 20] Batch 50/95 (53%)
[Epoch 20/700] train_loss=0.6575 val_loss=0.6605 lr=9.98e-04 (9s)
  [Epoch 21] Batch 50/95 (53%)
[Epoch 21/700] train_loss=0.6626 val_loss=0.6751 lr=9.98e-04 (9s)
  [Epoch 22] Batch 50/95 (53%)
[Epoch 22/700] train_loss=0.6579 val_loss=0.6844 lr=9.98e-04 (7s)
  [Epoch 23] Batch 50/95 (53%)
[Epoch 23/700] train_loss=0.6551 val_loss=0.6634 lr=9.97e-04 (6s)
  [Epoch 24] Batch 50/95 (53%)
[Epoch 24/700] train_loss=0.6359 val_loss=0.6290 lr=9.97e-04 (6s)
Metric val/loss improved by 0.021 >= min_delta = 0.0. New best score: 0.629
  [Epoch 25] Batch 50/95 (53%)
[Epoch 25/700] train_loss=0.6411 val_loss=0.6497 lr=9.97e-04 (10s)
  [Epoch 26] Batch 50/95 (53%)
[Epoch 26/700] train_loss=0.6281 val_loss=0.6424 lr=9.97e-04 (9s)
  [Epoch 27] Batch 50/95 (53%)
[Epoch 27/700] train_loss=0.6295 val_loss=0.6295 lr=9.96e-04 (10s)
  [Epoch 28] Batch 50/95 (53%)
[Epoch 28/700] train_loss=0.6209 val_loss=0.6261 lr=9.96e-04 (11s)
Metric val/loss improved by 0.003 >= min_delta = 0.0. New best score: 0.626
  [Epoch 29] Batch 50/95 (53%)
[Epoch 29/700] train_loss=0.6172 val_loss=0.6489 lr=9.96e-04 (10s)
  [Epoch 30] Batch 50/95 (53%)
[Epoch 30/700] train_loss=0.6255 val_loss=0.6313 lr=9.95e-04 (10s)
  [Epoch 31] Batch 50/95 (53%)
[Epoch 31/700] train_loss=0.6261 val_loss=0.6209 lr=9.95e-04 (7s)
Metric val/loss improved by 0.005 >= min_delta = 0.0. New best score: 0.621
  [Epoch 32] Batch 50/95 (53%)
[Epoch 32/700] train_loss=0.6185 val_loss=0.6197 lr=9.95e-04 (10s)
Metric val/loss improved by 0.001 >= min_delta = 0.0. New best score: 0.620
  [Epoch 33] Batch 50/95 (53%)
[Epoch 33/700] train_loss=0.6201 val_loss=0.6146 lr=9.95e-04 (9s)
Metric val/loss improved by 0.005 >= min_delta = 0.0. New best score: 0.615
  [Epoch 34] Batch 50/95 (53%)
[Epoch 34/700] train_loss=0.6077 val_loss=0.6201 lr=9.94e-04 (10s)
  [Epoch 35] Batch 50/95 (53%)
[Epoch 35/700] train_loss=0.6182 val_loss=0.6118 lr=9.94e-04 (9s)
Metric val/loss improved by 0.003 >= min_delta = 0.0. New best score: 0.612
  [Epoch 36] Batch 50/95 (53%)
[Epoch 36/700] train_loss=0.6100 val_loss=0.6157 lr=9.93e-04 (8s)
  [Epoch 37] Batch 50/95 (53%)
[Epoch 37/700] train_loss=0.6138 val_loss=0.6092 lr=9.93e-04 (7s)
Metric val/loss improved by 0.003 >= min_delta = 0.0. New best score: 0.609
  [Epoch 38] Batch 50/95 (53%)
[Epoch 38/700] train_loss=0.6042 val_loss=0.6030 lr=9.93e-04 (8s)
Metric val/loss improved by 0.006 >= min_delta = 0.0. New best score: 0.603
  [Epoch 39] Batch 50/95 (53%)
[Epoch 39/700] train_loss=0.6087 val_loss=0.6151 lr=9.92e-04 (9s)
  [Epoch 40] Batch 50/95 (53%)
[Epoch 40/700] train_loss=0.6035 val_loss=0.6054 lr=9.92e-04 (10s)
  [Epoch 41] Batch 50/95 (53%)
[Epoch 41/700] train_loss=0.6128 val_loss=0.6251 lr=9.92e-04 (7s)
  [Epoch 42] Batch 50/95 (53%)
[Epoch 42/700] train_loss=0.6185 val_loss=0.6151 lr=9.91e-04 (7s)
  [Epoch 43] Batch 50/95 (53%)
[Epoch 43/700] train_loss=0.6072 val_loss=0.5984 lr=9.91e-04 (6s)
Metric val/loss improved by 0.005 >= min_delta = 0.0. New best score: 0.598
  [Epoch 44] Batch 50/95 (53%)
[Epoch 44/700] train_loss=0.6020 val_loss=0.6023 lr=9.90e-04 (6s)
  [Epoch 45] Batch 50/95 (53%)
[Epoch 45/700] train_loss=0.5958 val_loss=0.6135 lr=9.90e-04 (6s)
  [Epoch 46] Batch 50/95 (53%)
[Epoch 46/700] train_loss=0.6081 val_loss=0.6054 lr=9.89e-04 (6s)
  [Epoch 47] Batch 50/95 (53%)
[Epoch 47/700] train_loss=0.5969 val_loss=0.6121 lr=9.89e-04 (10s)
  [Epoch 48] Batch 50/95 (53%)
[Epoch 48/700] train_loss=0.5959 val_loss=0.5959 lr=9.88e-04 (11s)
Metric val/loss improved by 0.003 >= min_delta = 0.0. New best score: 0.596
  [Epoch 49] Batch 50/95 (53%)
[Epoch 49/700] train_loss=0.5953 val_loss=0.6132 lr=9.88e-04 (8s)
  [Epoch 50] Batch 50/95 (53%)
[Epoch 50/700] train_loss=0.5956 val_loss=0.5974 lr=9.87e-04 (8s)
  [Epoch 51] Batch 50/95 (53%)
[Epoch 51/700] train_loss=0.5954 val_loss=0.5966 lr=9.87e-04 (9s)
  [Epoch 52] Batch 50/95 (53%)
[Epoch 52/700] train_loss=0.5889 val_loss=0.5908 lr=9.86e-04 (10s)
Metric val/loss improved by 0.005 >= min_delta = 0.0. New best score: 0.591
  [Epoch 53] Batch 50/95 (53%)
[Epoch 53/700] train_loss=0.5849 val_loss=0.6023 lr=9.86e-04 (11s)
  [Epoch 54] Batch 50/95 (53%)
[Epoch 54/700] train_loss=0.5888 val_loss=0.6023 lr=9.85e-04 (9s)
  [Epoch 55] Batch 50/95 (53%)
[Epoch 55/700] train_loss=0.5906 val_loss=0.6056 lr=9.85e-04 (11s)
  [Epoch 56] Batch 50/95 (53%)
[Epoch 56/700] train_loss=0.5911 val_loss=0.6090 lr=9.84e-04 (10s)
  [Epoch 57] Batch 50/95 (53%)
[Epoch 57/700] train_loss=0.5872 val_loss=0.6024 lr=9.84e-04 (10s)
  [Epoch 58] Batch 50/95 (53%)
[Epoch 58/700] train_loss=0.5884 val_loss=0.5930 lr=9.83e-04 (10s)
  [Epoch 59] Batch 50/95 (53%)
[Epoch 59/700] train_loss=0.5863 val_loss=0.6014 lr=9.83e-04 (6s)
  [Epoch 60] Batch 50/95 (53%)
[Epoch 60/700] train_loss=0.5956 val_loss=0.5763 lr=9.82e-04 (6s)
Metric val/loss improved by 0.014 >= min_delta = 0.0. New best score: 0.576
  [Epoch 61] Batch 50/95 (53%)
[Epoch 61/700] train_loss=0.5915 val_loss=0.5858 lr=9.81e-04 (6s)
  [Epoch 62] Batch 50/95 (53%)
[Epoch 62/700] train_loss=0.5807 val_loss=0.5989 lr=9.81e-04 (6s)
  [Epoch 63] Batch 50/95 (53%)
[Epoch 63/700] train_loss=0.5830 val_loss=0.5933 lr=9.80e-04 (7s)
  [Epoch 64] Batch 50/95 (53%)
[Epoch 64/700] train_loss=0.5823 val_loss=0.5981 lr=9.80e-04 (6s)
  [Epoch 65] Batch 50/95 (53%)
[Epoch 65/700] train_loss=0.5868 val_loss=0.5840 lr=9.79e-04 (6s)
  [Epoch 66] Batch 50/95 (53%)
[Epoch 66/700] train_loss=0.5835 val_loss=0.5843 lr=9.78e-04 (6s)
  [Epoch 67] Batch 50/95 (53%)
[Epoch 67/700] train_loss=0.5836 val_loss=0.5799 lr=9.78e-04 (7s)
  [Epoch 68] Batch 50/95 (53%)
[Epoch 68/700] train_loss=0.5781 val_loss=0.5761 lr=9.77e-04 (6s)
Metric val/loss improved by 0.000 >= min_delta = 0.0. New best score: 0.576
  [Epoch 69] Batch 50/95 (53%)
[Epoch 69/700] train_loss=0.5710 val_loss=0.5814 lr=9.76e-04 (6s)
  [Epoch 70] Batch 50/95 (53%)
[Epoch 70/700] train_loss=0.5789 val_loss=0.5794 lr=9.76e-04 (6s)
  [Epoch 71] Batch 50/95 (53%)
[Epoch 71/700] train_loss=0.5773 val_loss=0.5785 lr=9.75e-04 (6s)
  [Epoch 72] Batch 50/95 (53%)
[Epoch 72/700] train_loss=0.5832 val_loss=0.5896 lr=9.74e-04 (6s)
  [Epoch 73] Batch 50/95 (53%)
[Epoch 73/700] train_loss=0.5748 val_loss=0.5809 lr=9.73e-04 (6s)
  [Epoch 74] Batch 50/95 (53%)
[Epoch 74/700] train_loss=0.5803 val_loss=0.5633 lr=9.73e-04 (6s)
Metric val/loss improved by 0.013 >= min_delta = 0.0. New best score: 0.563
  [Epoch 75] Batch 50/95 (53%)
[Epoch 75/700] train_loss=0.5773 val_loss=0.5765 lr=9.72e-04 (6s)
  [Epoch 76] Batch 50/95 (53%)
[Epoch 76/700] train_loss=0.5777 val_loss=0.5715 lr=9.71e-04 (6s)
  [Epoch 77] Batch 50/95 (53%)
[Epoch 77/700] train_loss=0.5775 val_loss=0.5707 lr=9.70e-04 (6s)
  [Epoch 78] Batch 50/95 (53%)
[Epoch 78/700] train_loss=0.5790 val_loss=0.5878 lr=9.70e-04 (6s)
  [Epoch 79] Batch 50/95 (53%)
[Epoch 79/700] train_loss=0.5722 val_loss=0.5827 lr=9.69e-04 (6s)
  [Epoch 80] Batch 50/95 (53%)
[Epoch 80/700] train_loss=0.5749 val_loss=0.5615 lr=9.68e-04 (6s)
Metric val/loss improved by 0.002 >= min_delta = 0.0. New best score: 0.562
  [Epoch 81] Batch 50/95 (53%)
[Epoch 81/700] train_loss=0.5701 val_loss=0.5647 lr=9.67e-04 (6s)
  [Epoch 82] Batch 50/95 (53%)
[Epoch 82/700] train_loss=0.5686 val_loss=0.5801 lr=9.67e-04 (6s)
  [Epoch 83] Batch 50/95 (53%)
[Epoch 83/700] train_loss=0.5695 val_loss=0.5865 lr=9.66e-04 (6s)
  [Epoch 84] Batch 50/95 (53%)
[Epoch 84/700] train_loss=0.5705 val_loss=0.5721 lr=9.65e-04 (6s)
  [Epoch 85] Batch 50/95 (53%)
[Epoch 85/700] train_loss=0.5748 val_loss=0.5804 lr=9.64e-04 (6s)
  [Epoch 86] Batch 50/95 (53%)
[Epoch 86/700] train_loss=0.5661 val_loss=0.5685 lr=9.63e-04 (6s)
  [Epoch 87] Batch 50/95 (53%)
[Epoch 87/700] train_loss=0.5734 val_loss=0.5801 lr=9.62e-04 (6s)
  [Epoch 88] Batch 50/95 (53%)
[Epoch 88/700] train_loss=0.5704 val_loss=0.5863 lr=9.62e-04 (6s)
  [Epoch 89] Batch 50/95 (53%)
[Epoch 89/700] train_loss=0.5667 val_loss=0.5687 lr=9.61e-04 (6s)
  [Epoch 90] Batch 50/95 (53%)
[Epoch 90/700] train_loss=0.5621 val_loss=0.5666 lr=9.60e-04 (6s)
  [Epoch 91] Batch 50/95 (53%)
[Epoch 91/700] train_loss=0.5638 val_loss=0.5680 lr=9.59e-04 (6s)
  [Epoch 92] Batch 50/95 (53%)
[Epoch 92/700] train_loss=0.5662 val_loss=0.5585 lr=9.58e-04 (6s)
Metric val/loss improved by 0.003 >= min_delta = 0.0. New best score: 0.558
  [Epoch 93] Batch 50/95 (53%)
[Epoch 93/700] train_loss=0.5625 val_loss=0.5539 lr=9.57e-04 (7s)
Metric val/loss improved by 0.005 >= min_delta = 0.0. New best score: 0.554
  [Epoch 94] Batch 50/95 (53%)
[Epoch 94/700] train_loss=0.5591 val_loss=0.5663 lr=9.56e-04 (6s)
  [Epoch 95] Batch 50/95 (53%)
[Epoch 95/700] train_loss=0.5608 val_loss=0.5824 lr=9.55e-04 (6s)
  [Epoch 96] Batch 50/95 (53%)
[Epoch 96/700] train_loss=0.5600 val_loss=0.5769 lr=9.54e-04 (6s)
  [Epoch 97] Batch 50/95 (53%)
[Epoch 97/700] train_loss=0.5657 val_loss=0.5825 lr=9.53e-04 (6s)
  [Epoch 98] Batch 50/95 (53%)
[Epoch 98/700] train_loss=0.5687 val_loss=0.5790 lr=9.52e-04 (6s)
  [Epoch 99] Batch 50/95 (53%)
[Epoch 99/700] train_loss=0.5629 val_loss=0.5819 lr=9.51e-04 (8s)
  [Epoch 100] Batch 50/95 (53%)
[Epoch 100/700] train_loss=0.5640 val_loss=0.5548 lr=9.50e-04 (12s)
  [Epoch 101] Batch 50/95 (53%)
[Epoch 101/700] train_loss=0.5569 val_loss=0.5605 lr=9.50e-04 (10s)
  [Epoch 102] Batch 50/95 (53%)
[Epoch 102/700] train_loss=0.5636 val_loss=0.5633 lr=9.49e-04 (10s)
  [Epoch 103] Batch 50/95 (53%)
[Epoch 103/700] train_loss=0.5586 val_loss=0.5648 lr=9.48e-04 (10s)
  [Epoch 104] Batch 50/95 (53%)
[Epoch 104/700] train_loss=0.5615 val_loss=0.5748 lr=9.47e-04 (6s)
  [Epoch 105] Batch 50/95 (53%)
[Epoch 105/700] train_loss=0.5550 val_loss=0.5636 lr=9.46e-04 (6s)
  [Epoch 106] Batch 50/95 (53%)
[Epoch 106/700] train_loss=0.5597 val_loss=0.5664 lr=9.44e-04 (6s)
  [Epoch 107] Batch 50/95 (53%)
[Epoch 107/700] train_loss=0.5639 val_loss=0.5746 lr=9.43e-04 (6s)
  [Epoch 108] Batch 50/95 (53%)
[Epoch 108/700] train_loss=0.5607 val_loss=0.5620 lr=9.42e-04 (6s)
  [Epoch 109] Batch 50/95 (53%)
[Epoch 109/700] train_loss=0.5603 val_loss=0.5549 lr=9.41e-04 (6s)
  [Epoch 110] Batch 50/95 (53%)
[Epoch 110/700] train_loss=0.5588 val_loss=0.5621 lr=9.40e-04 (6s)
  [Epoch 111] Batch 50/95 (53%)
[Epoch 111/700] train_loss=0.5541 val_loss=0.5480 lr=9.39e-04 (6s)
Metric val/loss improved by 0.006 >= min_delta = 0.0. New best score: 0.548
  [Epoch 112] Batch 50/95 (53%)
[Epoch 112/700] train_loss=0.5513 val_loss=0.5585 lr=9.38e-04 (6s)
  [Epoch 113] Batch 50/95 (53%)
[Epoch 113/700] train_loss=0.5574 val_loss=0.5728 lr=9.37e-04 (6s)
  [Epoch 114] Batch 50/95 (53%)
[Epoch 114/700] train_loss=0.5634 val_loss=0.5578 lr=9.36e-04 (6s)
  [Epoch 115] Batch 50/95 (53%)
[Epoch 115/700] train_loss=0.5565 val_loss=0.5529 lr=9.35e-04 (7s)
  [Epoch 116] Batch 50/95 (53%)
[Epoch 116/700] train_loss=0.5533 val_loss=0.5564 lr=9.34e-04 (6s)
  [Epoch 117] Batch 50/95 (53%)
[Epoch 117/700] train_loss=0.5552 val_loss=0.5463 lr=9.33e-04 (6s)
Metric val/loss improved by 0.002 >= min_delta = 0.0. New best score: 0.546
  [Epoch 118] Batch 50/95 (53%)
[Epoch 118/700] train_loss=0.5591 val_loss=0.5465 lr=9.32e-04 (6s)
  [Epoch 119] Batch 50/95 (53%)
[Epoch 119/700] train_loss=0.5577 val_loss=0.5613 lr=9.30e-04 (6s)
  [Epoch 120] Batch 50/95 (53%)
[Epoch 120/700] train_loss=0.5553 val_loss=0.5679 lr=9.29e-04 (7s)
  [Epoch 121] Batch 50/95 (53%)
[Epoch 121/700] train_loss=0.5569 val_loss=0.5515 lr=9.28e-04 (6s)
  [Epoch 122] Batch 50/95 (53%)
[Epoch 122/700] train_loss=0.5563 val_loss=0.5582 lr=9.27e-04 (6s)
  [Epoch 123] Batch 50/95 (53%)
[Epoch 123/700] train_loss=0.5523 val_loss=0.5814 lr=9.26e-04 (6s)
  [Epoch 124] Batch 50/95 (53%)
[Epoch 124/700] train_loss=0.5530 val_loss=0.5463 lr=9.25e-04 (6s)
  [Epoch 125] Batch 50/95 (53%)
[Epoch 125/700] train_loss=0.5534 val_loss=0.5463 lr=9.23e-04 (6s)
  [Epoch 126] Batch 50/95 (53%)
[Epoch 126/700] train_loss=0.5547 val_loss=0.5618 lr=9.22e-04 (6s)
  [Epoch 127] Batch 50/95 (53%)
[Epoch 127/700] train_loss=0.5505 val_loss=0.5701 lr=9.21e-04 (6s)
  [Epoch 128] Batch 50/95 (53%)
[Epoch 128/700] train_loss=0.5463 val_loss=0.5608 lr=9.20e-04 (6s)
  [Epoch 129] Batch 50/95 (53%)
[Epoch 129/700] train_loss=0.5495 val_loss=0.5439 lr=9.19e-04 (6s)
Metric val/loss improved by 0.002 >= min_delta = 0.0. New best score: 0.544
  [Epoch 130] Batch 50/95 (53%)
[Epoch 130/700] train_loss=0.5618 val_loss=0.5549 lr=9.17e-04 (6s)
  [Epoch 131] Batch 50/95 (53%)
[Epoch 131/700] train_loss=0.5502 val_loss=0.5693 lr=9.16e-04 (6s)
  [Epoch 132] Batch 50/95 (53%)
[Epoch 132/700] train_loss=0.5534 val_loss=0.5472 lr=9.15e-04 (6s)
  [Epoch 133] Batch 50/95 (53%)
[Epoch 133/700] train_loss=0.5482 val_loss=0.5399 lr=9.14e-04 (7s)
Metric val/loss improved by 0.004 >= min_delta = 0.0. New best score: 0.540
  [Epoch 134] Batch 50/95 (53%)
[Epoch 134/700] train_loss=0.5461 val_loss=0.5529 lr=9.12e-04 (6s)
  [Epoch 135] Batch 50/95 (53%)
[Epoch 135/700] train_loss=0.5454 val_loss=0.5685 lr=9.11e-04 (6s)
  [Epoch 136] Batch 50/95 (53%)
[Epoch 136/700] train_loss=0.5511 val_loss=0.5678 lr=9.10e-04 (7s)
  [Epoch 137] Batch 50/95 (53%)
[Epoch 137/700] train_loss=0.5515 val_loss=0.5581 lr=9.08e-04 (6s)
  [Epoch 138] Batch 50/95 (53%)
[Epoch 138/700] train_loss=0.5539 val_loss=0.5561 lr=9.07e-04 (6s)
  [Epoch 139] Batch 50/95 (53%)
[Epoch 139/700] train_loss=0.5559 val_loss=0.5633 lr=9.06e-04 (6s)
  [Epoch 140] Batch 50/95 (53%)
[Epoch 140/700] train_loss=0.5523 val_loss=0.5589 lr=9.05e-04 (6s)
  [Epoch 141] Batch 50/95 (53%)
[Epoch 141/700] train_loss=0.5482 val_loss=0.5464 lr=9.03e-04 (7s)
  [Epoch 142] Batch 50/95 (53%)
[Epoch 142/700] train_loss=0.5447 val_loss=0.5635 lr=9.02e-04 (7s)
  [Epoch 143] Batch 50/95 (53%)
[Epoch 143/700] train_loss=0.5511 val_loss=0.5596 lr=9.01e-04 (6s)
  [Epoch 144] Batch 50/95 (53%)
[Epoch 144/700] train_loss=0.5486 val_loss=0.5629 lr=8.99e-04 (6s)
  [Epoch 145] Batch 50/95 (53%)
[Epoch 145/700] train_loss=0.5559 val_loss=0.5548 lr=8.98e-04 (6s)
  [Epoch 146] Batch 50/95 (53%)
[Epoch 146/700] train_loss=0.5555 val_loss=0.5829 lr=8.96e-04 (6s)
  [Epoch 147] Batch 50/95 (53%)
[Epoch 147/700] train_loss=0.5559 val_loss=0.5636 lr=8.95e-04 (6s)
  [Epoch 148] Batch 50/95 (53%)
[Epoch 148/700] train_loss=0.5529 val_loss=0.5607 lr=8.94e-04 (6s)
  [Epoch 149] Batch 50/95 (53%)
[Epoch 149/700] train_loss=0.5516 val_loss=0.5480 lr=8.92e-04 (6s)
  [Epoch 150] Batch 50/95 (53%)
[Epoch 150/700] train_loss=0.5390 val_loss=0.5426 lr=8.91e-04 (6s)
  [Epoch 151] Batch 50/95 (53%)
[Epoch 151/700] train_loss=0.5423 val_loss=0.5411 lr=8.90e-04 (6s)
  [Epoch 152] Batch 50/95 (53%)
[Epoch 152/700] train_loss=0.5517 val_loss=0.5580 lr=8.88e-04 (7s)
  [Epoch 153] Batch 50/95 (53%)
[Epoch 153/700] train_loss=0.5419 val_loss=0.5556 lr=8.87e-04 (6s)
  [Epoch 154] Batch 50/95 (53%)
[Epoch 154/700] train_loss=0.5474 val_loss=0.5400 lr=8.85e-04 (6s)
  [Epoch 155] Batch 50/95 (53%)
[Epoch 155/700] train_loss=0.5491 val_loss=0.5410 lr=8.84e-04 (6s)
  [Epoch 156] Batch 50/95 (53%)
[Epoch 156/700] train_loss=0.5450 val_loss=0.5514 lr=8.82e-04 (6s)
  [Epoch 157] Batch 50/95 (53%)
[Epoch 157/700] train_loss=0.5445 val_loss=0.5811 lr=8.81e-04 (6s)
  [Epoch 158] Batch 50/95 (53%)
[Epoch 158/700] train_loss=0.5516 val_loss=0.5478 lr=8.79e-04 (6s)
  [Epoch 159] Batch 50/95 (53%)
[Epoch 159/700] train_loss=0.5486 val_loss=0.5379 lr=8.78e-04 (6s)
Metric val/loss improved by 0.002 >= min_delta = 0.0. New best score: 0.538
  [Epoch 160] Batch 50/95 (53%)
[Epoch 160/700] train_loss=0.5389 val_loss=0.5475 lr=8.77e-04 (6s)
  [Epoch 161] Batch 50/95 (53%)
[Epoch 161/700] train_loss=0.5438 val_loss=0.5575 lr=8.75e-04 (6s)
  [Epoch 162] Batch 50/95 (53%)
[Epoch 162/700] train_loss=0.5428 val_loss=0.5500 lr=8.74e-04 (6s)
  [Epoch 163] Batch 50/95 (53%)
[Epoch 163/700] train_loss=0.5438 val_loss=0.5464 lr=8.72e-04 (6s)
  [Epoch 164] Batch 50/95 (53%)
[Epoch 164/700] train_loss=0.5436 val_loss=0.5325 lr=8.71e-04 (6s)
Metric val/loss improved by 0.005 >= min_delta = 0.0. New best score: 0.533
  [Epoch 165] Batch 50/95 (53%)
[Epoch 165/700] train_loss=0.5432 val_loss=0.5444 lr=8.69e-04 (6s)
  [Epoch 166] Batch 50/95 (53%)
[Epoch 166/700] train_loss=0.5459 val_loss=0.5441 lr=8.68e-04 (8s)
  [Epoch 167] Batch 50/95 (53%)
[Epoch 167/700] train_loss=0.5425 val_loss=0.5441 lr=8.66e-04 (9s)
  [Epoch 168] Batch 50/95 (53%)
[Epoch 168/700] train_loss=0.5418 val_loss=0.5689 lr=8.64e-04 (6s)
  [Epoch 169] Batch 50/95 (53%)
[Epoch 169/700] train_loss=0.5450 val_loss=0.5359 lr=8.63e-04 (6s)
  [Epoch 170] Batch 50/95 (53%)
[Epoch 170/700] train_loss=0.5459 val_loss=0.5586 lr=8.61e-04 (6s)
  [Epoch 171] Batch 50/95 (53%)
[Epoch 171/700] train_loss=0.5381 val_loss=0.5373 lr=8.60e-04 (6s)
  [Epoch 172] Batch 50/95 (53%)
[Epoch 172/700] train_loss=0.5399 val_loss=0.5525 lr=8.58e-04 (8s)
  [Epoch 173] Batch 50/95 (53%)
[Epoch 173/700] train_loss=0.5388 val_loss=0.5580 lr=8.57e-04 (6s)
  [Epoch 174] Batch 50/95 (53%)
[Epoch 174/700] train_loss=0.5450 val_loss=0.5458 lr=8.55e-04 (6s)
  [Epoch 175] Batch 50/95 (53%)
[Epoch 175/700] train_loss=0.5408 val_loss=0.5571 lr=8.54e-04 (9s)
  [Epoch 176] Batch 50/95 (53%)
[Epoch 176/700] train_loss=0.5413 val_loss=0.5423 lr=8.52e-04 (6s)
  [Epoch 177] Batch 50/95 (53%)
[Epoch 177/700] train_loss=0.5446 val_loss=0.5400 lr=8.50e-04 (6s)
  [Epoch 178] Batch 50/95 (53%)
[Epoch 178/700] train_loss=0.5477 val_loss=0.5411 lr=8.49e-04 (6s)
  [Epoch 179] Batch 50/95 (53%)
[Epoch 179/700] train_loss=0.5380 val_loss=0.5501 lr=8.47e-04 (6s)
  [Epoch 180] Batch 50/95 (53%)
[Epoch 180/700] train_loss=0.5381 val_loss=0.5418 lr=8.46e-04 (6s)
  [Epoch 181] Batch 50/95 (53%)
[Epoch 181/700] train_loss=0.5489 val_loss=0.5500 lr=8.44e-04 (6s)
  [Epoch 182] Batch 50/95 (53%)
[Epoch 182/700] train_loss=0.5423 val_loss=0.5250 lr=8.42e-04 (7s)
Metric val/loss improved by 0.008 >= min_delta = 0.0. New best score: 0.525
  [Epoch 183] Batch 50/95 (53%)
[Epoch 183/700] train_loss=0.5426 val_loss=0.5619 lr=8.41e-04 (6s)
  [Epoch 184] Batch 50/95 (53%)
[Epoch 184/700] train_loss=0.5427 val_loss=0.5571 lr=8.39e-04 (6s)
  [Epoch 185] Batch 50/95 (53%)
[Epoch 185/700] train_loss=0.5411 val_loss=0.5497 lr=8.37e-04 (6s)
  [Epoch 186] Batch 50/95 (53%)
[Epoch 186/700] train_loss=0.5355 val_loss=0.5459 lr=8.36e-04 (6s)
  [Epoch 187] Batch 50/95 (53%)
[Epoch 187/700] train_loss=0.5362 val_loss=0.5476 lr=8.34e-04 (6s)
  [Epoch 188] Batch 50/95 (53%)
[Epoch 188/700] train_loss=0.5376 val_loss=0.5341 lr=8.32e-04 (6s)
  [Epoch 189] Batch 50/95 (53%)
[Epoch 189/700] train_loss=0.5402 val_loss=0.5421 lr=8.31e-04 (6s)
  [Epoch 190] Batch 50/95 (53%)
[Epoch 190/700] train_loss=0.5363 val_loss=0.5680 lr=8.29e-04 (6s)
  [Epoch 191] Batch 50/95 (53%)
[Epoch 191/700] train_loss=0.5441 val_loss=0.5369 lr=8.27e-04 (6s)
  [Epoch 192] Batch 50/95 (53%)
[Epoch 192/700] train_loss=0.5387 val_loss=0.5441 lr=8.26e-04 (6s)
  [Epoch 193] Batch 50/95 (53%)
[Epoch 193/700] train_loss=0.5437 val_loss=0.5391 lr=8.24e-04 (6s)
  [Epoch 194] Batch 50/95 (53%)
[Epoch 194/700] train_loss=0.5401 val_loss=0.5530 lr=8.22e-04 (6s)
  [Epoch 195] Batch 50/95 (53%)
[Epoch 195/700] train_loss=0.5387 val_loss=0.5376 lr=8.20e-04 (6s)
  [Epoch 196] Batch 50/95 (53%)
[Epoch 196/700] train_loss=0.5434 val_loss=0.5392 lr=8.19e-04 (6s)
  [Epoch 197] Batch 50/95 (53%)
[Epoch 197/700] train_loss=0.5444 val_loss=0.5443 lr=8.17e-04 (6s)
  [Epoch 198] Batch 50/95 (53%)
[Epoch 198/700] train_loss=0.5404 val_loss=0.5427 lr=8.15e-04 (6s)
  [Epoch 199] Batch 50/95 (53%)
[Epoch 199/700] train_loss=0.5380 val_loss=0.5560 lr=8.13e-04 (6s)
  [Epoch 200] Batch 50/95 (53%)
[Epoch 200/700] train_loss=0.5359 val_loss=0.5367 lr=8.12e-04 (6s)
  [Epoch 201] Batch 50/95 (53%)
[Epoch 201/700] train_loss=0.5424 val_loss=0.5654 lr=8.10e-04 (6s)
  [Epoch 202] Batch 50/95 (53%)
[Epoch 202/700] train_loss=0.5398 val_loss=0.5508 lr=8.08e-04 (6s)
  [Epoch 203] Batch 50/95 (53%)
[Epoch 203/700] train_loss=0.5436 val_loss=0.5378 lr=8.06e-04 (6s)
  [Epoch 204] Batch 50/95 (53%)
[Epoch 204/700] train_loss=0.5446 val_loss=0.5461 lr=8.05e-04 (6s)
  [Epoch 205] Batch 50/95 (53%)
[Epoch 205/700] train_loss=0.5447 val_loss=0.5316 lr=8.03e-04 (6s)
  [Epoch 206] Batch 50/95 (53%)
[Epoch 206/700] train_loss=0.5346 val_loss=0.5437 lr=8.01e-04 (6s)
  [Epoch 207] Batch 50/95 (53%)
[Epoch 207/700] train_loss=0.5363 val_loss=0.5497 lr=7.99e-04 (6s)
  [Epoch 208] Batch 50/95 (53%)
[Epoch 208/700] train_loss=0.5419 val_loss=0.5396 lr=7.98e-04 (6s)
  [Epoch 209] Batch 50/95 (53%)
[Epoch 209/700] train_loss=0.5349 val_loss=0.5421 lr=7.96e-04 (6s)
  [Epoch 210] Batch 50/95 (53%)
[Epoch 210/700] train_loss=0.5369 val_loss=0.5583 lr=7.94e-04 (6s)
  [Epoch 211] Batch 50/95 (53%)
[Epoch 211/700] train_loss=0.5386 val_loss=0.5396 lr=7.92e-04 (6s)
  [Epoch 212] Batch 50/95 (53%)
[Epoch 212/700] train_loss=0.5360 val_loss=0.5381 lr=7.90e-04 (6s)
  [Epoch 213] Batch 50/95 (53%)
[Epoch 213/700] train_loss=0.5339 val_loss=0.5191 lr=7.88e-04 (6s)
Metric val/loss improved by 0.006 >= min_delta = 0.0. New best score: 0.519
  [Epoch 214] Batch 50/95 (53%)
[Epoch 214/700] train_loss=0.5333 val_loss=0.5319 lr=7.87e-04 (6s)
  [Epoch 215] Batch 50/95 (53%)
[Epoch 215/700] train_loss=0.5350 val_loss=0.5322 lr=7.85e-04 (6s)
  [Epoch 216] Batch 50/95 (53%)
[Epoch 216/700] train_loss=0.5362 val_loss=0.5433 lr=7.83e-04 (6s)
  [Epoch 217] Batch 50/95 (53%)
[Epoch 217/700] train_loss=0.5306 val_loss=0.5362 lr=7.81e-04 (6s)
  [Epoch 218] Batch 50/95 (53%)
[Epoch 218/700] train_loss=0.5320 val_loss=0.5513 lr=7.79e-04 (6s)
  [Epoch 219] Batch 50/95 (53%)
[Epoch 219/700] train_loss=0.5365 val_loss=0.5408 lr=7.77e-04 (6s)
  [Epoch 220] Batch 50/95 (53%)
[Epoch 220/700] train_loss=0.5373 val_loss=0.5368 lr=7.75e-04 (8s)
  [Epoch 221] Batch 50/95 (53%)
[Epoch 221/700] train_loss=0.5390 val_loss=0.5549 lr=7.74e-04 (11s)
  [Epoch 222] Batch 50/95 (53%)
[Epoch 222/700] train_loss=0.5361 val_loss=0.5339 lr=7.72e-04 (10s)
  [Epoch 223] Batch 50/95 (53%)
[Epoch 223/700] train_loss=0.5332 val_loss=0.5227 lr=7.70e-04 (10s)
  [Epoch 224] Batch 50/95 (53%)
[Epoch 224/700] train_loss=0.5328 val_loss=0.5501 lr=7.68e-04 (10s)
  [Epoch 225] Batch 50/95 (53%)
[Epoch 225/700] train_loss=0.5374 val_loss=0.5403 lr=7.66e-04 (10s)
  [Epoch 226] Batch 50/95 (53%)
[Epoch 226/700] train_loss=0.5362 val_loss=0.5464 lr=7.64e-04 (10s)
  [Epoch 227] Batch 50/95 (53%)
[Epoch 227/700] train_loss=0.5348 val_loss=0.5252 lr=7.62e-04 (11s)
  [Epoch 228] Batch 50/95 (53%)
[Epoch 228/700] train_loss=0.5371 val_loss=0.5427 lr=7.60e-04 (10s)
  [Epoch 229] Batch 50/95 (53%)
[Epoch 229/700] train_loss=0.5397 val_loss=0.5310 lr=7.58e-04 (10s)
  [Epoch 230] Batch 50/95 (53%)
[Epoch 230/700] train_loss=0.5355 val_loss=0.5474 lr=7.56e-04 (11s)
  [Epoch 231] Batch 50/95 (53%)
[Epoch 231/700] train_loss=0.5355 val_loss=0.5337 lr=7.55e-04 (10s)
  [Epoch 232] Batch 50/95 (53%)
[Epoch 232/700] train_loss=0.5373 val_loss=0.5387 lr=7.53e-04 (8s)
  [Epoch 233] Batch 50/95 (53%)
[Epoch 233/700] train_loss=0.5384 val_loss=0.5333 lr=7.51e-04 (10s)
  [Epoch 234] Batch 50/95 (53%)
[Epoch 234/700] train_loss=0.5325 val_loss=0.5411 lr=7.49e-04 (10s)
  [Epoch 235] Batch 50/95 (53%)
[Epoch 235/700] train_loss=0.5320 val_loss=0.5367 lr=7.47e-04 (11s)
  [Epoch 236] Batch 50/95 (53%)
[Epoch 236/700] train_loss=0.5332 val_loss=0.5309 lr=7.45e-04 (9s)
  [Epoch 237] Batch 50/95 (53%)
[Epoch 237/700] train_loss=0.5314 val_loss=0.5263 lr=7.43e-04 (10s)
  [Epoch 238] Batch 50/95 (53%)
[Epoch 238/700] train_loss=0.5287 val_loss=0.5375 lr=7.41e-04 (11s)
  [Epoch 239] Batch 50/95 (53%)
[Epoch 239/700] train_loss=0.5345 val_loss=0.5325 lr=7.39e-04 (10s)
  [Epoch 240] Batch 50/95 (53%)
[Epoch 240/700] train_loss=0.5374 val_loss=0.5211 lr=7.37e-04 (9s)
  [Epoch 241] Batch 50/95 (53%)
[Epoch 241/700] train_loss=0.5340 val_loss=0.5336 lr=7.35e-04 (9s)
  [Epoch 242] Batch 50/95 (53%)
[Epoch 242/700] train_loss=0.5316 val_loss=0.5482 lr=7.33e-04 (10s)
  [Epoch 243] Batch 50/95 (53%)
[Epoch 243/700] train_loss=0.5387 val_loss=0.5416 lr=7.31e-04 (11s)
  [Epoch 244] Batch 50/95 (53%)
[Epoch 244/700] train_loss=0.5331 val_loss=0.5368 lr=7.29e-04 (11s)
  [Epoch 245] Batch 50/95 (53%)
[Epoch 245/700] train_loss=0.5359 val_loss=0.5445 lr=7.27e-04 (11s)
  [Epoch 246] Batch 50/95 (53%)
[Epoch 246/700] train_loss=0.5284 val_loss=0.5408 lr=7.25e-04 (11s)
  [Epoch 247] Batch 50/95 (53%)
[Epoch 247/700] train_loss=0.5321 val_loss=0.5271 lr=7.23e-04 (10s)
  [Epoch 248] Batch 50/95 (53%)
[Epoch 248/700] train_loss=0.5324 val_loss=0.5381 lr=7.21e-04 (10s)
  [Epoch 249] Batch 50/95 (53%)
[Epoch 249/700] train_loss=0.5342 val_loss=0.5528 lr=7.19e-04 (10s)
  [Epoch 250] Batch 50/95 (53%)
[Epoch 250/700] train_loss=0.5386 val_loss=0.5499 lr=7.17e-04 (11s)
  [Epoch 251] Batch 50/95 (53%)
[Epoch 251/700] train_loss=0.5284 val_loss=0.5324 lr=7.15e-04 (11s)
  [Epoch 252] Batch 50/95 (53%)
[Epoch 252/700] train_loss=0.5308 val_loss=0.5345 lr=7.13e-04 (7s)
  [Epoch 253] Batch 50/95 (53%)
[Epoch 253/700] train_loss=0.5325 val_loss=0.5304 lr=7.11e-04 (6s)
  [Epoch 254] Batch 50/95 (53%)
[Epoch 254/700] train_loss=0.5304 val_loss=0.5332 lr=7.09e-04 (6s)
  [Epoch 255] Batch 50/95 (53%)
[Epoch 255/700] train_loss=0.5315 val_loss=0.5534 lr=7.07e-04 (7s)
  [Epoch 256] Batch 50/95 (53%)
[Epoch 256/700] train_loss=0.5299 val_loss=0.5231 lr=7.05e-04 (10s)
  [Epoch 257] Batch 50/95 (53%)
[Epoch 257/700] train_loss=0.5313 val_loss=0.5264 lr=7.03e-04 (10s)
  [Epoch 258] Batch 50/95 (53%)
[Epoch 258/700] train_loss=0.5311 val_loss=0.5463 lr=7.01e-04 (10s)
  [Epoch 259] Batch 50/95 (53%)
[Epoch 259/700] train_loss=0.5310 val_loss=0.5368 lr=6.99e-04 (7s)
  [Epoch 260] Batch 50/95 (53%)
[Epoch 260/700] train_loss=0.5327 val_loss=0.5261 lr=6.97e-04 (10s)
  [Epoch 261] Batch 50/95 (53%)
[Epoch 261/700] train_loss=0.5309 val_loss=0.5234 lr=6.94e-04 (10s)
  [Epoch 262] Batch 50/95 (53%)
[Epoch 262/700] train_loss=0.5283 val_loss=0.5403 lr=6.92e-04 (9s)
  [Epoch 263] Batch 50/95 (53%)
[Epoch 263/700] train_loss=0.5263 val_loss=0.5480 lr=6.90e-04 (10s)
Monitored metric val/loss did not improve in the last 50 records. Best score: 0.519. Signaling Trainer to stop.

[Training] Completed!

✓ Training completed!
  Final checkpoint: /public/home/xiongzhzh2023/PT4ConTSG/experiments/20260407_105708_synth-m_pt_factor_generator/checkpoints/finetune/finetune-epoch=212-val/loss=0.5191.ckpt
  Experiment: experiments/20260407_105708_synth-m_pt_factor_generator

Running automatic evaluation...
Loading weights:   0%|          | 0/197 [00:00<?, ?it/s]Loading weights: 100%|██████████| 197/197 [00:00<00:00, 3239.51it/s]
[1mCLIPTextModelWithProjection LOAD REPORT[0m from: ./checkpoints/longclip
Key                                                            | Status     |  | 
---------------------------------------------------------------+------------+--+-
vision_model.encoder.layers.{0...23}.self_attn.out_proj.weight | UNEXPECTED |  | 
vision_model.encoder.layers.{0...23}.self_attn.q_proj.weight   | UNEXPECTED |  | 
vision_model.encoder.layers.{0...23}.layer_norm2.weight        | UNEXPECTED |  | 
vision_model.encoder.layers.{0...23}.mlp.fc2.weight            | UNEXPECTED |  | 
vision_model.encoder.layers.{0...23}.mlp.fc1.bias              | UNEXPECTED |  | 
vision_model.encoder.layers.{0...23}.self_attn.v_proj.bias     | UNEXPECTED |  | 
vision_model.encoder.layers.{0...23}.self_attn.v_proj.weight   | UNEXPECTED |  | 
vision_model.encoder.layers.{0...23}.layer_norm2.bias          | UNEXPECTED |  | 
vision_model.encoder.layers.{0...23}.layer_norm1.bias          | UNEXPECTED |  | 
vision_model.encoder.layers.{0...23}.self_attn.k_proj.weight   | UNEXPECTED |  | 
vision_model.encoder.layers.{0...23}.mlp.fc1.weight            | UNEXPECTED |  | 
vision_model.encoder.layers.{0...23}.self_attn.out_proj.bias   | UNEXPECTED |  | 
vision_model.encoder.layers.{0...23}.layer_norm1.weight        | UNEXPECTED |  | 
vision_model.encoder.layers.{0...23}.mlp.fc2.bias              | UNEXPECTED |  | 
vision_model.encoder.layers.{0...23}.self_attn.q_proj.bias     | UNEXPECTED |  | 
vision_model.encoder.layers.{0...23}.self_attn.k_proj.bias     | UNEXPECTED |  | 
visual_projection.weight                                       | UNEXPECTED |  | 
vision_model.embeddings.patch_embedding.weight                 | UNEXPECTED |  | 
vision_model.pre_layrnorm.weight                               | UNEXPECTED |  | 
vision_model.embeddings.class_embedding                        | UNEXPECTED |  | 
logit_scale                                                    | UNEXPECTED |  | 
vision_model.pre_layrnorm.bias                                 | UNEXPECTED |  | 
vision_model.post_layernorm.bias                               | UNEXPECTED |  | 
vision_model.embeddings.position_embedding.weight              | UNEXPECTED |  | 
vision_model.post_layernorm.weight                             | UNEXPECTED |  | 

[3mNotes:
- UNEXPECTED[3m	:can be ignored when loading from different task/architecture; not ok if you expect identical arch.[0m
[Evaluating (generating)] Starting (0/145)...
[Evaluating (generating)] 1/145 (1%)
[Evaluating (generating)] 15/145 (10%)
[Evaluating (generating)] 29/145 (20%)
[Evaluating (generating)] 44/145 (30%)
[Evaluating (generating)] 58/145 (40%)
[Evaluating (generating)] 73/145 (50%)
[Evaluating (generating)] 88/145 (61%)
[Evaluating (generating)] 102/145 (70%)
[Evaluating (generating)] 116/145 (80%)
[Evaluating (generating)] 131/145 (90%)
[Evaluating (generating)] 145/145 (100%)
[Evaluating (generating)] Completed (145 items)
/public/home/xiongzhzh2023/PT4ConTSG/contsg/eval/metrics/specialized.py:328: RuntimeWarning: overflow encountered in exp
  probs = 1.0 / (1.0 + np.exp(-logits_np))
/public/home/xiongzhzh2023/PT4ConTSG/contsg/eval/metrics/specialized.py:328: RuntimeWarning: overflow encountered in exp
  probs = 1.0 / (1.0 + np.exp(-logits_np))
/public/home/xiongzhzh2023/PT4ConTSG/contsg/eval/metrics/specialized.py:328: RuntimeWarning: overflow encountered in exp
  probs = 1.0 / (1.0 + np.exp(-logits_np))
/public/home/xiongzhzh2023/PT4ConTSG/contsg/eval/metrics/specialized.py:328: RuntimeWarning: overflow encountered in exp
  probs = 1.0 / (1.0 + np.exp(-logits_np))
/public/home/xiongzhzh2023/PT4ConTSG/contsg/eval/metrics/specialized.py:328: RuntimeWarning: overflow encountered in exp
  probs = 1.0 / (1.0 + np.exp(-logits_np))
Evaluation results saved to: experiments/20260407_105708_synth-m_pt_factor_generator/results/eval_results.json
          Evaluation Results           
┏━━━━━━━━━━━━━━━━━━━━━━━━━┳━━━━━━━━━━━┓
┃ Metric                  ┃     Value ┃
┡━━━━━━━━━━━━━━━━━━━━━━━━━╇━━━━━━━━━━━┩
│ dtw                     │ 11.396613 │
│ wape                    │ 91.699478 │
│ ed                      │ 14.294856 │
│ crps                    │  0.511944 │
│ acd                     │  0.065415 │
│ sd                      │  0.092636 │
│ kd                      │  0.125777 │
│ mdd                     │  0.017714 │
│ fid                     │ 41.830746 │
│ jftsd                   │ 50.141765 │
│ cttp                    │ 16.420786 │
│ disc_auc                │  0.999598 │
│ prdc_f1.f1              │  0.272058 │
│ prdc_f1.precision       │  0.292166 │
│ prdc_f1.recall          │  0.254541 │
│ joint_prdc_f1.f1        │  0.192712 │
│ joint_prdc_f1.precision │  0.159555 │
│ joint_prdc_f1.recall    │  0.243264 │
└─────────────────────────┴───────────┘
