Loading config from: configs/ablation/rq4_C_text_only.yaml
Model schema mode: relaxed (no model-specific schema for 'pt_factor_generator')
         Configuration Summary         
┌───────────────┬─────────────────────┐
│ Dataset       │ synth-m             │
│ Model         │ pt_factor_generator │
│ Epochs        │ 700                 │
│ Batch Size    │ 128                 │
│ Learning Rate │ 0.001               │
│ Device        │ cuda:0              │
│ Seed          │ 42                  │
└───────────────┴─────────────────────┘

Experiment directory: experiments/20260407_114008_synth-m_pt_factor_generator
Seed set to 42

Model: pt_factor_generator
Creating data module: synth-m

Starting multi-stage training (1 stage(s))...
  Stage 1: finetune (700 epochs, lr=0.001)
/public/home/xiongzhzh2023/Anaconda/envs/contsg/lib/python3.12/site-packages/lightning_fabric/plugins/environments/slurm.py:204: The `srun` command is available on your system but is not used. HINT: If your intention is to run Lightning on SLURM, prepend your python command with `srun` like so: srun python3.1 /public/home/xiongzhzh2023/Anaconda/envs/contsg/b ...
GPU available: True (cuda), used: True
TPU available: False, using: 0 TPU cores
💡 Tip: For seamless cloud logging and experiment tracking, try installing [litlogger](https://pypi.org/project/litlogger/) to enable LitLogger, which logs metrics and artifacts automatically to the Lightning Experiments platform.
`Trainer(limit_train_batches=1.0)` was configured so 100% of the batches per epoch will be used..
`Trainer(limit_val_batches=1.0)` was configured so 100% of the batches will be used..
`Trainer(limit_test_batches=1.0)` was configured so 100% of the batches will be used..
`Trainer(val_check_interval=1.0)` was configured so validation will run at the end of the training epoch..
LOCAL_RANK: 0 - CUDA_VISIBLE_DEVICES: [0,1,2,3]
┏━━━┳━━━━━━━━━━━━━━┳━━━━━━━━━━━━━━━━━━━━━━━━┳━━━━━━━━┳━━━━━━━┳━━━━━━━┓
┃   ┃ Name         ┃ Type                   ┃ Params ┃ Mode  ┃ FLOPs ┃
┡━━━╇━━━━━━━━━━━━━━╇━━━━━━━━━━━━━━━━━━━━━━━━╇━━━━━━━━╇━━━━━━━╇━━━━━━━┩
│ 0 │ net          │ PTFactorNoisePredictor │  5.2 M │ train │     0 │
│   │ other params │ n/a                    │  1.0 K │ n/a   │   n/a │
└───┴──────────────┴────────────────────────┴────────┴───────┴───────┘
Trainable params: 5.2 M                                                                                                                                                                         
Non-trainable params: 0                                                                                                                                                                         
Total params: 5.2 M                                                                                                                                                                             
Total estimated model params size (MB): 20                                                                                                                                                      
Modules in train mode: 195                                                                                                                                                                      
Modules in eval mode: 0                                                                                                                                                                         
Total FLOPs: 0                                                                                                                                                                                  
/public/home/xiongzhzh2023/Anaconda/envs/contsg/lib/python3.12/site-packages/pytorch_lightning/utilities/data.py:79: Trying to infer the `batch_size` from an ambiguous collection. The batch size we found is 128. To avoid any miscalculations, use `self.log(..., batch_size=batch_size)`.

[Training] Starting 700 epochs...
  [Epoch 1] Batch 50/95 (53%)
/public/home/xiongzhzh2023/Anaconda/envs/contsg/lib/python3.12/site-packages/pytorch_lightning/utilities/data.py:79: Trying to infer the `batch_size` from an ambiguous collection. The batch size we found is 75. To avoid any miscalculations, use `self.log(..., batch_size=batch_size)`.
[Epoch 1/700] train_loss=1.3556 val_loss=0.9302 lr=1.00e-03 (11s)
Metric val/loss improved. New best score: 0.930
  [Epoch 2] Batch 50/95 (53%)
[Epoch 2/700] train_loss=0.8984 val_loss=0.8746 lr=1.00e-03 (6s)
Metric val/loss improved by 0.056 >= min_delta = 0.0. New best score: 0.875
  [Epoch 3] Batch 50/95 (53%)
[Epoch 3/700] train_loss=0.8744 val_loss=0.8626 lr=1.00e-03 (7s)
Metric val/loss improved by 0.012 >= min_delta = 0.0. New best score: 0.863
  [Epoch 4] Batch 50/95 (53%)
[Epoch 4/700] train_loss=0.8476 val_loss=0.8395 lr=1.00e-03 (6s)
Metric val/loss improved by 0.023 >= min_delta = 0.0. New best score: 0.839
  [Epoch 5] Batch 50/95 (53%)
[Epoch 5/700] train_loss=0.8296 val_loss=0.8344 lr=1.00e-03 (6s)
Metric val/loss improved by 0.005 >= min_delta = 0.0. New best score: 0.834
  [Epoch 6] Batch 50/95 (53%)
[Epoch 6/700] train_loss=0.8086 val_loss=0.7863 lr=1.00e-03 (6s)
Metric val/loss improved by 0.048 >= min_delta = 0.0. New best score: 0.786
  [Epoch 7] Batch 50/95 (53%)
[Epoch 7/700] train_loss=0.7933 val_loss=0.7857 lr=1.00e-03 (6s)
Metric val/loss improved by 0.001 >= min_delta = 0.0. New best score: 0.786
  [Epoch 8] Batch 50/95 (53%)
[Epoch 8/700] train_loss=0.7862 val_loss=0.7990 lr=1.00e-03 (6s)
  [Epoch 9] Batch 50/95 (53%)
[Epoch 9/700] train_loss=0.7830 val_loss=0.7654 lr=1.00e-03 (6s)
Metric val/loss improved by 0.020 >= min_delta = 0.0. New best score: 0.765
  [Epoch 10] Batch 50/95 (53%)
[Epoch 10/700] train_loss=0.7611 val_loss=0.7780 lr=9.99e-04 (7s)
  [Epoch 11] Batch 50/95 (53%)
[Epoch 11/700] train_loss=0.7611 val_loss=0.7541 lr=9.99e-04 (6s)
Metric val/loss improved by 0.011 >= min_delta = 0.0. New best score: 0.754
  [Epoch 12] Batch 50/95 (53%)
[Epoch 12/700] train_loss=0.7536 val_loss=0.7662 lr=9.99e-04 (6s)
  [Epoch 13] Batch 50/95 (53%)
[Epoch 13/700] train_loss=0.7454 val_loss=0.7448 lr=9.99e-04 (6s)
Metric val/loss improved by 0.009 >= min_delta = 0.0. New best score: 0.745
  [Epoch 14] Batch 50/95 (53%)
[Epoch 14/700] train_loss=0.7387 val_loss=0.7528 lr=9.99e-04 (6s)
  [Epoch 15] Batch 50/95 (53%)
[Epoch 15/700] train_loss=0.7337 val_loss=0.7513 lr=9.99e-04 (6s)
  [Epoch 16] Batch 50/95 (53%)
[Epoch 16/700] train_loss=0.7269 val_loss=0.7460 lr=9.99e-04 (6s)
  [Epoch 17] Batch 50/95 (53%)
[Epoch 17/700] train_loss=0.7223 val_loss=0.7337 lr=9.99e-04 (6s)
Metric val/loss improved by 0.011 >= min_delta = 0.0. New best score: 0.734
  [Epoch 18] Batch 50/95 (53%)
[Epoch 18/700] train_loss=0.7175 val_loss=0.7152 lr=9.98e-04 (6s)
Metric val/loss improved by 0.018 >= min_delta = 0.0. New best score: 0.715
  [Epoch 19] Batch 50/95 (53%)
[Epoch 19/700] train_loss=0.7015 val_loss=0.6819 lr=9.98e-04 (6s)
Metric val/loss improved by 0.033 >= min_delta = 0.0. New best score: 0.682
  [Epoch 20] Batch 50/95 (53%)
[Epoch 20/700] train_loss=0.6825 val_loss=0.6944 lr=9.98e-04 (6s)
  [Epoch 21] Batch 50/95 (53%)
[Epoch 21/700] train_loss=0.6756 val_loss=0.6903 lr=9.98e-04 (6s)
  [Epoch 22] Batch 50/95 (53%)
[Epoch 22/700] train_loss=0.6742 val_loss=0.6469 lr=9.98e-04 (6s)
Metric val/loss improved by 0.035 >= min_delta = 0.0. New best score: 0.647
  [Epoch 23] Batch 50/95 (53%)
[Epoch 23/700] train_loss=0.6644 val_loss=0.6615 lr=9.97e-04 (6s)
  [Epoch 24] Batch 50/95 (53%)
[Epoch 24/700] train_loss=0.6497 val_loss=0.6502 lr=9.97e-04 (6s)
  [Epoch 25] Batch 50/95 (53%)
[Epoch 25/700] train_loss=0.6479 val_loss=0.6485 lr=9.97e-04 (6s)
  [Epoch 26] Batch 50/95 (53%)
[Epoch 26/700] train_loss=0.6427 val_loss=0.6389 lr=9.97e-04 (6s)
Metric val/loss improved by 0.008 >= min_delta = 0.0. New best score: 0.639
  [Epoch 27] Batch 50/95 (53%)
[Epoch 27/700] train_loss=0.6444 val_loss=0.6617 lr=9.96e-04 (6s)
  [Epoch 28] Batch 50/95 (53%)
[Epoch 28/700] train_loss=0.6417 val_loss=0.6322 lr=9.96e-04 (6s)
Metric val/loss improved by 0.007 >= min_delta = 0.0. New best score: 0.632
  [Epoch 29] Batch 50/95 (53%)
[Epoch 29/700] train_loss=0.6345 val_loss=0.6359 lr=9.96e-04 (6s)
  [Epoch 30] Batch 50/95 (53%)
[Epoch 30/700] train_loss=0.6298 val_loss=0.6278 lr=9.95e-04 (6s)
Metric val/loss improved by 0.004 >= min_delta = 0.0. New best score: 0.628
  [Epoch 31] Batch 50/95 (53%)
[Epoch 31/700] train_loss=0.6238 val_loss=0.6568 lr=9.95e-04 (6s)
  [Epoch 32] Batch 50/95 (53%)
[Epoch 32/700] train_loss=0.6280 val_loss=0.6518 lr=9.95e-04 (6s)
  [Epoch 33] Batch 50/95 (53%)
[Epoch 33/700] train_loss=0.6234 val_loss=0.6343 lr=9.95e-04 (6s)
  [Epoch 34] Batch 50/95 (53%)
[Epoch 34/700] train_loss=0.6196 val_loss=0.6321 lr=9.94e-04 (6s)
  [Epoch 35] Batch 50/95 (53%)
[Epoch 35/700] train_loss=0.6223 val_loss=0.5939 lr=9.94e-04 (6s)
Metric val/loss improved by 0.034 >= min_delta = 0.0. New best score: 0.594
  [Epoch 36] Batch 50/95 (53%)
[Epoch 36/700] train_loss=0.6128 val_loss=0.6149 lr=9.93e-04 (6s)
  [Epoch 37] Batch 50/95 (53%)
[Epoch 37/700] train_loss=0.6159 val_loss=0.6257 lr=9.93e-04 (6s)
  [Epoch 38] Batch 50/95 (53%)
[Epoch 38/700] train_loss=0.6014 val_loss=0.6039 lr=9.93e-04 (6s)
  [Epoch 39] Batch 50/95 (53%)
[Epoch 39/700] train_loss=0.6001 val_loss=0.5845 lr=9.92e-04 (6s)
Metric val/loss improved by 0.009 >= min_delta = 0.0. New best score: 0.585
  [Epoch 40] Batch 50/95 (53%)
[Epoch 40/700] train_loss=0.5967 val_loss=0.6123 lr=9.92e-04 (6s)
  [Epoch 41] Batch 50/95 (53%)
[Epoch 41/700] train_loss=0.6022 val_loss=0.6079 lr=9.92e-04 (7s)
  [Epoch 42] Batch 50/95 (53%)
[Epoch 42/700] train_loss=0.6008 val_loss=0.6118 lr=9.91e-04 (6s)
  [Epoch 43] Batch 50/95 (53%)
[Epoch 43/700] train_loss=0.6065 val_loss=0.5908 lr=9.91e-04 (6s)
  [Epoch 44] Batch 50/95 (53%)
[Epoch 44/700] train_loss=0.5964 val_loss=0.6091 lr=9.90e-04 (6s)
  [Epoch 45] Batch 50/95 (53%)
[Epoch 45/700] train_loss=0.6002 val_loss=0.6070 lr=9.90e-04 (6s)
  [Epoch 46] Batch 50/95 (53%)
[Epoch 46/700] train_loss=0.5940 val_loss=0.5948 lr=9.89e-04 (6s)
  [Epoch 47] Batch 50/95 (53%)
[Epoch 47/700] train_loss=0.5948 val_loss=0.5958 lr=9.89e-04 (6s)
  [Epoch 48] Batch 50/95 (53%)
[Epoch 48/700] train_loss=0.5972 val_loss=0.5943 lr=9.88e-04 (6s)
  [Epoch 49] Batch 50/95 (53%)
[Epoch 49/700] train_loss=0.5868 val_loss=0.5944 lr=9.88e-04 (6s)
  [Epoch 50] Batch 50/95 (53%)
[Epoch 50/700] train_loss=0.5969 val_loss=0.5900 lr=9.87e-04 (6s)
  [Epoch 51] Batch 50/95 (53%)
[Epoch 51/700] train_loss=0.5893 val_loss=0.6043 lr=9.87e-04 (6s)
  [Epoch 52] Batch 50/95 (53%)
[Epoch 52/700] train_loss=0.5885 val_loss=0.5926 lr=9.86e-04 (6s)
  [Epoch 53] Batch 50/95 (53%)
[Epoch 53/700] train_loss=0.5878 val_loss=0.5908 lr=9.86e-04 (6s)
  [Epoch 54] Batch 50/95 (53%)
[Epoch 54/700] train_loss=0.5841 val_loss=0.5924 lr=9.85e-04 (6s)
  [Epoch 55] Batch 50/95 (53%)
[Epoch 55/700] train_loss=0.5896 val_loss=0.5642 lr=9.85e-04 (6s)
Metric val/loss improved by 0.020 >= min_delta = 0.0. New best score: 0.564
  [Epoch 56] Batch 50/95 (53%)
[Epoch 56/700] train_loss=0.5817 val_loss=0.6085 lr=9.84e-04 (6s)
  [Epoch 57] Batch 50/95 (53%)
[Epoch 57/700] train_loss=0.5835 val_loss=0.5806 lr=9.84e-04 (6s)
  [Epoch 58] Batch 50/95 (53%)
[Epoch 58/700] train_loss=0.5849 val_loss=0.5906 lr=9.83e-04 (6s)
  [Epoch 59] Batch 50/95 (53%)
[Epoch 59/700] train_loss=0.5868 val_loss=0.5743 lr=9.83e-04 (6s)
  [Epoch 60] Batch 50/95 (53%)
[Epoch 60/700] train_loss=0.5802 val_loss=0.5828 lr=9.82e-04 (6s)
  [Epoch 61] Batch 50/95 (53%)
[Epoch 61/700] train_loss=0.5775 val_loss=0.5896 lr=9.81e-04 (6s)
  [Epoch 62] Batch 50/95 (53%)
[Epoch 62/700] train_loss=0.5785 val_loss=0.5891 lr=9.81e-04 (6s)
  [Epoch 63] Batch 50/95 (53%)
[Epoch 63/700] train_loss=0.5797 val_loss=0.5877 lr=9.80e-04 (6s)
  [Epoch 64] Batch 50/95 (53%)
[Epoch 64/700] train_loss=0.5781 val_loss=0.5858 lr=9.80e-04 (6s)
  [Epoch 65] Batch 50/95 (53%)
[Epoch 65/700] train_loss=0.5733 val_loss=0.5830 lr=9.79e-04 (7s)
  [Epoch 66] Batch 50/95 (53%)
[Epoch 66/700] train_loss=0.5761 val_loss=0.5674 lr=9.78e-04 (7s)
  [Epoch 67] Batch 50/95 (53%)
[Epoch 67/700] train_loss=0.5692 val_loss=0.5903 lr=9.78e-04 (6s)
  [Epoch 68] Batch 50/95 (53%)
[Epoch 68/700] train_loss=0.5769 val_loss=0.5614 lr=9.77e-04 (6s)
Metric val/loss improved by 0.003 >= min_delta = 0.0. New best score: 0.561
  [Epoch 69] Batch 50/95 (53%)
[Epoch 69/700] train_loss=0.5687 val_loss=0.5897 lr=9.76e-04 (6s)
  [Epoch 70] Batch 50/95 (53%)
[Epoch 70/700] train_loss=0.5774 val_loss=0.5949 lr=9.76e-04 (7s)
  [Epoch 71] Batch 50/95 (53%)
[Epoch 71/700] train_loss=0.5699 val_loss=0.5819 lr=9.75e-04 (6s)
  [Epoch 72] Batch 50/95 (53%)
[Epoch 72/700] train_loss=0.5716 val_loss=0.5997 lr=9.74e-04 (6s)
  [Epoch 73] Batch 50/95 (53%)
[Epoch 73/700] train_loss=0.5679 val_loss=0.5668 lr=9.73e-04 (6s)
  [Epoch 74] Batch 50/95 (53%)
[Epoch 74/700] train_loss=0.5694 val_loss=0.5717 lr=9.73e-04 (6s)
  [Epoch 75] Batch 50/95 (53%)
[Epoch 75/700] train_loss=0.5675 val_loss=0.5540 lr=9.72e-04 (6s)
Metric val/loss improved by 0.007 >= min_delta = 0.0. New best score: 0.554
  [Epoch 76] Batch 50/95 (53%)
[Epoch 76/700] train_loss=0.5648 val_loss=0.5878 lr=9.71e-04 (6s)
  [Epoch 77] Batch 50/95 (53%)
[Epoch 77/700] train_loss=0.5631 val_loss=0.5960 lr=9.70e-04 (6s)
  [Epoch 78] Batch 50/95 (53%)
[Epoch 78/700] train_loss=0.5641 val_loss=0.5582 lr=9.70e-04 (6s)
  [Epoch 79] Batch 50/95 (53%)
[Epoch 79/700] train_loss=0.5677 val_loss=0.5644 lr=9.69e-04 (6s)
  [Epoch 80] Batch 50/95 (53%)
[Epoch 80/700] train_loss=0.5676 val_loss=0.5685 lr=9.68e-04 (6s)
  [Epoch 81] Batch 50/95 (53%)
[Epoch 81/700] train_loss=0.5613 val_loss=0.5705 lr=9.67e-04 (7s)
  [Epoch 82] Batch 50/95 (53%)
[Epoch 82/700] train_loss=0.5629 val_loss=0.5868 lr=9.67e-04 (6s)
  [Epoch 83] Batch 50/95 (53%)
[Epoch 83/700] train_loss=0.5610 val_loss=0.5564 lr=9.66e-04 (6s)
  [Epoch 84] Batch 50/95 (53%)
[Epoch 84/700] train_loss=0.5567 val_loss=0.5485 lr=9.65e-04 (6s)
Metric val/loss improved by 0.006 >= min_delta = 0.0. New best score: 0.549
  [Epoch 85] Batch 50/95 (53%)
[Epoch 85/700] train_loss=0.5656 val_loss=0.5674 lr=9.64e-04 (6s)
  [Epoch 86] Batch 50/95 (53%)
[Epoch 86/700] train_loss=0.5572 val_loss=0.5547 lr=9.63e-04 (6s)
  [Epoch 87] Batch 50/95 (53%)
[Epoch 87/700] train_loss=0.5556 val_loss=0.5554 lr=9.62e-04 (6s)
  [Epoch 88] Batch 50/95 (53%)
[Epoch 88/700] train_loss=0.5527 val_loss=0.5801 lr=9.62e-04 (6s)
  [Epoch 89] Batch 50/95 (53%)
[Epoch 89/700] train_loss=0.5579 val_loss=0.5704 lr=9.61e-04 (6s)
  [Epoch 90] Batch 50/95 (53%)
[Epoch 90/700] train_loss=0.5520 val_loss=0.5557 lr=9.60e-04 (6s)
  [Epoch 91] Batch 50/95 (53%)
[Epoch 91/700] train_loss=0.5473 val_loss=0.5653 lr=9.59e-04 (6s)
  [Epoch 92] Batch 50/95 (53%)
[Epoch 92/700] train_loss=0.5585 val_loss=0.5658 lr=9.58e-04 (7s)
  [Epoch 93] Batch 50/95 (53%)
[Epoch 93/700] train_loss=0.5519 val_loss=0.5676 lr=9.57e-04 (6s)
  [Epoch 94] Batch 50/95 (53%)
[Epoch 94/700] train_loss=0.5600 val_loss=0.5612 lr=9.56e-04 (6s)
  [Epoch 95] Batch 50/95 (53%)
[Epoch 95/700] train_loss=0.5520 val_loss=0.5715 lr=9.55e-04 (6s)
  [Epoch 96] Batch 50/95 (53%)
[Epoch 96/700] train_loss=0.5507 val_loss=0.5517 lr=9.54e-04 (6s)
  [Epoch 97] Batch 50/95 (53%)
[Epoch 97/700] train_loss=0.5553 val_loss=0.5515 lr=9.53e-04 (6s)
  [Epoch 98] Batch 50/95 (53%)
[Epoch 98/700] train_loss=0.5480 val_loss=0.5491 lr=9.52e-04 (6s)
  [Epoch 99] Batch 50/95 (53%)
[Epoch 99/700] train_loss=0.5458 val_loss=0.5473 lr=9.51e-04 (6s)
Metric val/loss improved by 0.001 >= min_delta = 0.0. New best score: 0.547
  [Epoch 100] Batch 50/95 (53%)
[Epoch 100/700] train_loss=0.5548 val_loss=0.5510 lr=9.50e-04 (6s)
  [Epoch 101] Batch 50/95 (53%)
[Epoch 101/700] train_loss=0.5491 val_loss=0.5643 lr=9.50e-04 (6s)
  [Epoch 102] Batch 50/95 (53%)
[Epoch 102/700] train_loss=0.5479 val_loss=0.5532 lr=9.49e-04 (6s)
  [Epoch 103] Batch 50/95 (53%)
[Epoch 103/700] train_loss=0.5494 val_loss=0.5749 lr=9.48e-04 (6s)
  [Epoch 104] Batch 50/95 (53%)
[Epoch 104/700] train_loss=0.5446 val_loss=0.5397 lr=9.47e-04 (6s)
Metric val/loss improved by 0.008 >= min_delta = 0.0. New best score: 0.540
  [Epoch 105] Batch 50/95 (53%)
[Epoch 105/700] train_loss=0.5476 val_loss=0.5531 lr=9.46e-04 (7s)
  [Epoch 106] Batch 50/95 (53%)
[Epoch 106/700] train_loss=0.5455 val_loss=0.5589 lr=9.44e-04 (6s)
  [Epoch 107] Batch 50/95 (53%)
[Epoch 107/700] train_loss=0.5394 val_loss=0.5407 lr=9.43e-04 (6s)
  [Epoch 108] Batch 50/95 (53%)
[Epoch 108/700] train_loss=0.5485 val_loss=0.5721 lr=9.42e-04 (7s)
  [Epoch 109] Batch 50/95 (53%)
[Epoch 109/700] train_loss=0.5391 val_loss=0.5454 lr=9.41e-04 (6s)
  [Epoch 110] Batch 50/95 (53%)
[Epoch 110/700] train_loss=0.5453 val_loss=0.5433 lr=9.40e-04 (6s)
  [Epoch 111] Batch 50/95 (53%)
[Epoch 111/700] train_loss=0.5495 val_loss=0.5378 lr=9.39e-04 (6s)
Metric val/loss improved by 0.002 >= min_delta = 0.0. New best score: 0.538
  [Epoch 112] Batch 50/95 (53%)
[Epoch 112/700] train_loss=0.5361 val_loss=0.5585 lr=9.38e-04 (6s)
  [Epoch 113] Batch 50/95 (53%)
[Epoch 113/700] train_loss=0.5427 val_loss=0.5378 lr=9.37e-04 (7s)
Metric val/loss improved by 0.000 >= min_delta = 0.0. New best score: 0.538
  [Epoch 114] Batch 50/95 (53%)
[Epoch 114/700] train_loss=0.5436 val_loss=0.5554 lr=9.36e-04 (7s)
  [Epoch 115] Batch 50/95 (53%)
[Epoch 115/700] train_loss=0.5418 val_loss=0.5425 lr=9.35e-04 (7s)
  [Epoch 116] Batch 50/95 (53%)
[Epoch 116/700] train_loss=0.5475 val_loss=0.5381 lr=9.34e-04 (6s)
  [Epoch 117] Batch 50/95 (53%)
[Epoch 117/700] train_loss=0.5421 val_loss=0.5563 lr=9.33e-04 (6s)
  [Epoch 118] Batch 50/95 (53%)
[Epoch 118/700] train_loss=0.5451 val_loss=0.5510 lr=9.32e-04 (7s)
  [Epoch 119] Batch 50/95 (53%)
[Epoch 119/700] train_loss=0.5421 val_loss=0.5468 lr=9.30e-04 (6s)
  [Epoch 120] Batch 50/95 (53%)
[Epoch 120/700] train_loss=0.5373 val_loss=0.5554 lr=9.29e-04 (6s)
  [Epoch 121] Batch 50/95 (53%)
[Epoch 121/700] train_loss=0.5376 val_loss=0.5373 lr=9.28e-04 (6s)
Metric val/loss improved by 0.000 >= min_delta = 0.0. New best score: 0.537
  [Epoch 122] Batch 50/95 (53%)
[Epoch 122/700] train_loss=0.5338 val_loss=0.5371 lr=9.27e-04 (7s)
Metric val/loss improved by 0.000 >= min_delta = 0.0. New best score: 0.537
  [Epoch 123] Batch 50/95 (53%)
[Epoch 123/700] train_loss=0.5429 val_loss=0.5433 lr=9.26e-04 (7s)
  [Epoch 124] Batch 50/95 (53%)
[Epoch 124/700] train_loss=0.5398 val_loss=0.5366 lr=9.25e-04 (6s)
Metric val/loss improved by 0.001 >= min_delta = 0.0. New best score: 0.537
  [Epoch 125] Batch 50/95 (53%)
[Epoch 125/700] train_loss=0.5400 val_loss=0.5667 lr=9.23e-04 (7s)
  [Epoch 126] Batch 50/95 (53%)
[Epoch 126/700] train_loss=0.5406 val_loss=0.5482 lr=9.22e-04 (7s)
  [Epoch 127] Batch 50/95 (53%)
[Epoch 127/700] train_loss=0.5346 val_loss=0.5585 lr=9.21e-04 (6s)
  [Epoch 128] Batch 50/95 (53%)
[Epoch 128/700] train_loss=0.5349 val_loss=0.5303 lr=9.20e-04 (6s)
Metric val/loss improved by 0.006 >= min_delta = 0.0. New best score: 0.530
  [Epoch 129] Batch 50/95 (53%)
[Epoch 129/700] train_loss=0.5329 val_loss=0.5404 lr=9.19e-04 (8s)
  [Epoch 130] Batch 50/95 (53%)
[Epoch 130/700] train_loss=0.5370 val_loss=0.5382 lr=9.17e-04 (6s)
  [Epoch 131] Batch 50/95 (53%)
[Epoch 131/700] train_loss=0.5449 val_loss=0.5447 lr=9.16e-04 (6s)
  [Epoch 132] Batch 50/95 (53%)
[Epoch 132/700] train_loss=0.5364 val_loss=0.5384 lr=9.15e-04 (6s)
  [Epoch 133] Batch 50/95 (53%)
[Epoch 133/700] train_loss=0.5352 val_loss=0.5253 lr=9.14e-04 (6s)
Metric val/loss improved by 0.005 >= min_delta = 0.0. New best score: 0.525
  [Epoch 134] Batch 50/95 (53%)
[Epoch 134/700] train_loss=0.5294 val_loss=0.5413 lr=9.12e-04 (6s)
  [Epoch 135] Batch 50/95 (53%)
[Epoch 135/700] train_loss=0.5347 val_loss=0.5529 lr=9.11e-04 (7s)
  [Epoch 136] Batch 50/95 (53%)
[Epoch 136/700] train_loss=0.5359 val_loss=0.5473 lr=9.10e-04 (6s)
  [Epoch 137] Batch 50/95 (53%)
[Epoch 137/700] train_loss=0.5318 val_loss=0.5406 lr=9.08e-04 (8s)
  [Epoch 138] Batch 50/95 (53%)
[Epoch 138/700] train_loss=0.5363 val_loss=0.5360 lr=9.07e-04 (6s)
  [Epoch 139] Batch 50/95 (53%)
[Epoch 139/700] train_loss=0.5321 val_loss=0.5298 lr=9.06e-04 (6s)
  [Epoch 140] Batch 50/95 (53%)
[Epoch 140/700] train_loss=0.5339 val_loss=0.5365 lr=9.05e-04 (6s)
  [Epoch 141] Batch 50/95 (53%)
[Epoch 141/700] train_loss=0.5299 val_loss=0.5425 lr=9.03e-04 (6s)
  [Epoch 142] Batch 50/95 (53%)
[Epoch 142/700] train_loss=0.5306 val_loss=0.5410 lr=9.02e-04 (6s)
  [Epoch 143] Batch 50/95 (53%)
[Epoch 143/700] train_loss=0.5283 val_loss=0.5328 lr=9.01e-04 (7s)
  [Epoch 144] Batch 50/95 (53%)
[Epoch 144/700] train_loss=0.5325 val_loss=0.5497 lr=8.99e-04 (6s)
  [Epoch 145] Batch 50/95 (53%)
[Epoch 145/700] train_loss=0.5257 val_loss=0.5302 lr=8.98e-04 (6s)
  [Epoch 146] Batch 50/95 (53%)
[Epoch 146/700] train_loss=0.5338 val_loss=0.5617 lr=8.96e-04 (6s)
  [Epoch 147] Batch 50/95 (53%)
[Epoch 147/700] train_loss=0.5269 val_loss=0.5257 lr=8.95e-04 (6s)
  [Epoch 148] Batch 50/95 (53%)
[Epoch 148/700] train_loss=0.5253 val_loss=0.5238 lr=8.94e-04 (6s)
Metric val/loss improved by 0.002 >= min_delta = 0.0. New best score: 0.524
  [Epoch 149] Batch 50/95 (53%)
[Epoch 149/700] train_loss=0.5272 val_loss=0.5463 lr=8.92e-04 (6s)
  [Epoch 150] Batch 50/95 (53%)
[Epoch 150/700] train_loss=0.5280 val_loss=0.5345 lr=8.91e-04 (6s)
  [Epoch 151] Batch 50/95 (53%)
[Epoch 151/700] train_loss=0.5384 val_loss=0.5407 lr=8.90e-04 (6s)
  [Epoch 152] Batch 50/95 (53%)
[Epoch 152/700] train_loss=0.5294 val_loss=0.5383 lr=8.88e-04 (6s)
  [Epoch 153] Batch 50/95 (53%)
[Epoch 153/700] train_loss=0.5263 val_loss=0.5294 lr=8.87e-04 (6s)
  [Epoch 154] Batch 50/95 (53%)
[Epoch 154/700] train_loss=0.5214 val_loss=0.5178 lr=8.85e-04 (6s)
Metric val/loss improved by 0.006 >= min_delta = 0.0. New best score: 0.518
  [Epoch 155] Batch 50/95 (53%)
[Epoch 155/700] train_loss=0.5282 val_loss=0.5342 lr=8.84e-04 (6s)
  [Epoch 156] Batch 50/95 (53%)
[Epoch 156/700] train_loss=0.5355 val_loss=0.5402 lr=8.82e-04 (6s)
  [Epoch 157] Batch 50/95 (53%)
[Epoch 157/700] train_loss=0.5297 val_loss=0.5492 lr=8.81e-04 (6s)
  [Epoch 158] Batch 50/95 (53%)
[Epoch 158/700] train_loss=0.5246 val_loss=0.5133 lr=8.79e-04 (6s)
Metric val/loss improved by 0.005 >= min_delta = 0.0. New best score: 0.513
  [Epoch 159] Batch 50/95 (53%)
[Epoch 159/700] train_loss=0.5242 val_loss=0.5356 lr=8.78e-04 (6s)
  [Epoch 160] Batch 50/95 (53%)
[Epoch 160/700] train_loss=0.5212 val_loss=0.5283 lr=8.77e-04 (6s)
  [Epoch 161] Batch 50/95 (53%)
[Epoch 161/700] train_loss=0.5211 val_loss=0.5327 lr=8.75e-04 (6s)
  [Epoch 162] Batch 50/95 (53%)
[Epoch 162/700] train_loss=0.5269 val_loss=0.5345 lr=8.74e-04 (6s)
  [Epoch 163] Batch 50/95 (53%)
[Epoch 163/700] train_loss=0.5232 val_loss=0.5380 lr=8.72e-04 (6s)
  [Epoch 164] Batch 50/95 (53%)
[Epoch 164/700] train_loss=0.5226 val_loss=0.5360 lr=8.71e-04 (6s)
  [Epoch 165] Batch 50/95 (53%)
[Epoch 165/700] train_loss=0.5220 val_loss=0.5378 lr=8.69e-04 (6s)
  [Epoch 166] Batch 50/95 (53%)
[Epoch 166/700] train_loss=0.5227 val_loss=0.5126 lr=8.68e-04 (6s)
Metric val/loss improved by 0.001 >= min_delta = 0.0. New best score: 0.513
  [Epoch 167] Batch 50/95 (53%)
[Epoch 167/700] train_loss=0.5309 val_loss=0.5337 lr=8.66e-04 (6s)
  [Epoch 168] Batch 50/95 (53%)
[Epoch 168/700] train_loss=0.5176 val_loss=0.5192 lr=8.64e-04 (7s)
  [Epoch 169] Batch 50/95 (53%)
[Epoch 169/700] train_loss=0.5256 val_loss=0.5282 lr=8.63e-04 (6s)
  [Epoch 170] Batch 50/95 (53%)
[Epoch 170/700] train_loss=0.5237 val_loss=0.5312 lr=8.61e-04 (6s)
  [Epoch 171] Batch 50/95 (53%)
[Epoch 171/700] train_loss=0.5287 val_loss=0.5405 lr=8.60e-04 (6s)
  [Epoch 172] Batch 50/95 (53%)
[Epoch 172/700] train_loss=0.5194 val_loss=0.5397 lr=8.58e-04 (6s)
  [Epoch 173] Batch 50/95 (53%)
[Epoch 173/700] train_loss=0.5254 val_loss=0.5315 lr=8.57e-04 (6s)
  [Epoch 174] Batch 50/95 (53%)
[Epoch 174/700] train_loss=0.5234 val_loss=0.5398 lr=8.55e-04 (6s)
  [Epoch 175] Batch 50/95 (53%)
[Epoch 175/700] train_loss=0.5190 val_loss=0.5347 lr=8.54e-04 (6s)
  [Epoch 176] Batch 50/95 (53%)
[Epoch 176/700] train_loss=0.5266 val_loss=0.5267 lr=8.52e-04 (6s)
  [Epoch 177] Batch 50/95 (53%)
[Epoch 177/700] train_loss=0.5234 val_loss=0.5288 lr=8.50e-04 (6s)
  [Epoch 178] Batch 50/95 (53%)
[Epoch 178/700] train_loss=0.5239 val_loss=0.5388 lr=8.49e-04 (6s)
  [Epoch 179] Batch 50/95 (53%)
[Epoch 179/700] train_loss=0.5174 val_loss=0.5389 lr=8.47e-04 (6s)
  [Epoch 180] Batch 50/95 (53%)
[Epoch 180/700] train_loss=0.5155 val_loss=0.5180 lr=8.46e-04 (6s)
  [Epoch 181] Batch 50/95 (53%)
[Epoch 181/700] train_loss=0.5142 val_loss=0.5367 lr=8.44e-04 (6s)
  [Epoch 182] Batch 50/95 (53%)
[Epoch 182/700] train_loss=0.5173 val_loss=0.5224 lr=8.42e-04 (6s)
  [Epoch 183] Batch 50/95 (53%)
[Epoch 183/700] train_loss=0.5215 val_loss=0.5182 lr=8.41e-04 (6s)
  [Epoch 184] Batch 50/95 (53%)
[Epoch 184/700] train_loss=0.5234 val_loss=0.5478 lr=8.39e-04 (6s)
  [Epoch 185] Batch 50/95 (53%)
[Epoch 185/700] train_loss=0.5220 val_loss=0.5110 lr=8.37e-04 (6s)
Metric val/loss improved by 0.002 >= min_delta = 0.0. New best score: 0.511
  [Epoch 186] Batch 50/95 (53%)
[Epoch 186/700] train_loss=0.5113 val_loss=0.5155 lr=8.36e-04 (6s)
  [Epoch 187] Batch 50/95 (53%)
[Epoch 187/700] train_loss=0.5175 val_loss=0.5366 lr=8.34e-04 (6s)
  [Epoch 188] Batch 50/95 (53%)
[Epoch 188/700] train_loss=0.5231 val_loss=0.5244 lr=8.32e-04 (6s)
  [Epoch 189] Batch 50/95 (53%)
[Epoch 189/700] train_loss=0.5133 val_loss=0.5338 lr=8.31e-04 (6s)
  [Epoch 190] Batch 50/95 (53%)
[Epoch 190/700] train_loss=0.5225 val_loss=0.5022 lr=8.29e-04 (6s)
Metric val/loss improved by 0.009 >= min_delta = 0.0. New best score: 0.502
  [Epoch 191] Batch 50/95 (53%)
[Epoch 191/700] train_loss=0.5103 val_loss=0.5234 lr=8.27e-04 (6s)
  [Epoch 192] Batch 50/95 (53%)
[Epoch 192/700] train_loss=0.5257 val_loss=0.4995 lr=8.26e-04 (6s)
Metric val/loss improved by 0.003 >= min_delta = 0.0. New best score: 0.499
  [Epoch 193] Batch 50/95 (53%)
[Epoch 193/700] train_loss=0.5196 val_loss=0.5340 lr=8.24e-04 (6s)
  [Epoch 194] Batch 50/95 (53%)
[Epoch 194/700] train_loss=0.5238 val_loss=0.5192 lr=8.22e-04 (6s)
  [Epoch 195] Batch 50/95 (53%)
[Epoch 195/700] train_loss=0.5163 val_loss=0.5403 lr=8.20e-04 (6s)
  [Epoch 196] Batch 50/95 (53%)
[Epoch 196/700] train_loss=0.5172 val_loss=0.5405 lr=8.19e-04 (6s)
  [Epoch 197] Batch 50/95 (53%)
[Epoch 197/700] train_loss=0.5115 val_loss=0.5317 lr=8.17e-04 (6s)
  [Epoch 198] Batch 50/95 (53%)
[Epoch 198/700] train_loss=0.5150 val_loss=0.5190 lr=8.15e-04 (6s)
  [Epoch 199] Batch 50/95 (53%)
[Epoch 199/700] train_loss=0.5148 val_loss=0.5210 lr=8.13e-04 (6s)
  [Epoch 200] Batch 50/95 (53%)
[Epoch 200/700] train_loss=0.5141 val_loss=0.5429 lr=8.12e-04 (7s)
  [Epoch 201] Batch 50/95 (53%)
[Epoch 201/700] train_loss=0.5139 val_loss=0.5248 lr=8.10e-04 (9s)
  [Epoch 202] Batch 50/95 (53%)
[Epoch 202/700] train_loss=0.5113 val_loss=0.5396 lr=8.08e-04 (7s)
  [Epoch 203] Batch 50/95 (53%)
[Epoch 203/700] train_loss=0.5107 val_loss=0.5210 lr=8.06e-04 (6s)
  [Epoch 204] Batch 50/95 (53%)
[Epoch 204/700] train_loss=0.5139 val_loss=0.5215 lr=8.05e-04 (7s)
  [Epoch 205] Batch 50/95 (53%)
[Epoch 205/700] train_loss=0.5138 val_loss=0.5382 lr=8.03e-04 (6s)
  [Epoch 206] Batch 50/95 (53%)
[Epoch 206/700] train_loss=0.5189 val_loss=0.5075 lr=8.01e-04 (6s)
  [Epoch 207] Batch 50/95 (53%)
[Epoch 207/700] train_loss=0.5151 val_loss=0.5210 lr=7.99e-04 (6s)
  [Epoch 208] Batch 50/95 (53%)
[Epoch 208/700] train_loss=0.5133 val_loss=0.5187 lr=7.98e-04 (6s)
  [Epoch 209] Batch 50/95 (53%)
[Epoch 209/700] train_loss=0.5149 val_loss=0.5198 lr=7.96e-04 (6s)
  [Epoch 210] Batch 50/95 (53%)
[Epoch 210/700] train_loss=0.5100 val_loss=0.5178 lr=7.94e-04 (6s)
  [Epoch 211] Batch 50/95 (53%)
[Epoch 211/700] train_loss=0.5164 val_loss=0.5398 lr=7.92e-04 (7s)
  [Epoch 212] Batch 50/95 (53%)
[Epoch 212/700] train_loss=0.5154 val_loss=0.5307 lr=7.90e-04 (6s)
  [Epoch 213] Batch 50/95 (53%)
[Epoch 213/700] train_loss=0.5097 val_loss=0.5274 lr=7.88e-04 (6s)
  [Epoch 214] Batch 50/95 (53%)
[Epoch 214/700] train_loss=0.5121 val_loss=0.5293 lr=7.87e-04 (6s)
  [Epoch 215] Batch 50/95 (53%)
[Epoch 215/700] train_loss=0.5087 val_loss=0.5304 lr=7.85e-04 (6s)
  [Epoch 216] Batch 50/95 (53%)
[Epoch 216/700] train_loss=0.5117 val_loss=0.5119 lr=7.83e-04 (7s)
  [Epoch 217] Batch 50/95 (53%)
[Epoch 217/700] train_loss=0.5139 val_loss=0.5273 lr=7.81e-04 (7s)
  [Epoch 218] Batch 50/95 (53%)
[Epoch 218/700] train_loss=0.5081 val_loss=0.5182 lr=7.79e-04 (8s)
  [Epoch 219] Batch 50/95 (53%)
[Epoch 219/700] train_loss=0.5109 val_loss=0.5217 lr=7.77e-04 (6s)
  [Epoch 220] Batch 50/95 (53%)
[Epoch 220/700] train_loss=0.5106 val_loss=0.5364 lr=7.75e-04 (6s)
  [Epoch 221] Batch 50/95 (53%)
[Epoch 221/700] train_loss=0.5131 val_loss=0.5236 lr=7.74e-04 (6s)
  [Epoch 222] Batch 50/95 (53%)
[Epoch 222/700] train_loss=0.5102 val_loss=0.5253 lr=7.72e-04 (6s)
  [Epoch 223] Batch 50/95 (53%)
[Epoch 223/700] train_loss=0.5084 val_loss=0.5211 lr=7.70e-04 (6s)
  [Epoch 224] Batch 50/95 (53%)
[Epoch 224/700] train_loss=0.5115 val_loss=0.5255 lr=7.68e-04 (6s)
  [Epoch 225] Batch 50/95 (53%)
[Epoch 225/700] train_loss=0.5144 val_loss=0.5467 lr=7.66e-04 (6s)
  [Epoch 226] Batch 50/95 (53%)
[Epoch 226/700] train_loss=0.5087 val_loss=0.5163 lr=7.64e-04 (6s)
  [Epoch 227] Batch 50/95 (53%)
[Epoch 227/700] train_loss=0.5100 val_loss=0.5406 lr=7.62e-04 (6s)
  [Epoch 228] Batch 50/95 (53%)
[Epoch 228/700] train_loss=0.5058 val_loss=0.5169 lr=7.60e-04 (6s)
  [Epoch 229] Batch 50/95 (53%)
[Epoch 229/700] train_loss=0.5110 val_loss=0.5218 lr=7.58e-04 (6s)
  [Epoch 230] Batch 50/95 (53%)
[Epoch 230/700] train_loss=0.5057 val_loss=0.5231 lr=7.56e-04 (6s)
  [Epoch 231] Batch 50/95 (53%)
[Epoch 231/700] train_loss=0.5122 val_loss=0.5245 lr=7.55e-04 (7s)
  [Epoch 232] Batch 50/95 (53%)
[Epoch 232/700] train_loss=0.5074 val_loss=0.5194 lr=7.53e-04 (6s)
  [Epoch 233] Batch 50/95 (53%)
[Epoch 233/700] train_loss=0.5001 val_loss=0.5158 lr=7.51e-04 (6s)
  [Epoch 234] Batch 50/95 (53%)
[Epoch 234/700] train_loss=0.5112 val_loss=0.5404 lr=7.49e-04 (6s)
  [Epoch 235] Batch 50/95 (53%)
[Epoch 235/700] train_loss=0.5035 val_loss=0.5232 lr=7.47e-04 (6s)
  [Epoch 236] Batch 50/95 (53%)
[Epoch 236/700] train_loss=0.5055 val_loss=0.5218 lr=7.45e-04 (7s)
  [Epoch 237] Batch 50/95 (53%)
[Epoch 237/700] train_loss=0.5089 val_loss=0.5217 lr=7.43e-04 (6s)
  [Epoch 238] Batch 50/95 (53%)
[Epoch 238/700] train_loss=0.5077 val_loss=0.5360 lr=7.41e-04 (6s)
  [Epoch 239] Batch 50/95 (53%)
[Epoch 239/700] train_loss=0.5041 val_loss=0.5140 lr=7.39e-04 (6s)
  [Epoch 240] Batch 50/95 (53%)
[Epoch 240/700] train_loss=0.5038 val_loss=0.5194 lr=7.37e-04 (9s)
  [Epoch 241] Batch 50/95 (53%)
[Epoch 241/700] train_loss=0.5063 val_loss=0.5173 lr=7.35e-04 (6s)
  [Epoch 242] Batch 50/95 (53%)
[Epoch 242/700] train_loss=0.5073 val_loss=0.5112 lr=7.33e-04 (6s)
Monitored metric val/loss did not improve in the last 50 records. Best score: 0.499. Signaling Trainer to stop.

[Training] Completed!

✓ Training completed!
  Final checkpoint: /public/home/xiongzhzh2023/PT4ConTSG/experiments/20260407_114008_synth-m_pt_factor_generator/checkpoints/finetune/finetune-epoch=191-val/loss=0.4995.ckpt
  Experiment: experiments/20260407_114008_synth-m_pt_factor_generator

Running automatic evaluation...
Loading weights:   0%|          | 0/197 [00:00<?, ?it/s]Loading weights: 100%|██████████| 197/197 [00:00<00:00, 4239.24it/s]
[1mCLIPTextModelWithProjection LOAD REPORT[0m from: ./checkpoints/longclip
Key                                                            | Status     |  | 
---------------------------------------------------------------+------------+--+-
vision_model.encoder.layers.{0...23}.self_attn.v_proj.bias     | UNEXPECTED |  | 
vision_model.encoder.layers.{0...23}.layer_norm1.bias          | UNEXPECTED |  | 
vision_model.encoder.layers.{0...23}.mlp.fc1.weight            | UNEXPECTED |  | 
vision_model.encoder.layers.{0...23}.layer_norm2.weight        | UNEXPECTED |  | 
vision_model.encoder.layers.{0...23}.mlp.fc1.bias              | UNEXPECTED |  | 
vision_model.encoder.layers.{0...23}.layer_norm2.bias          | UNEXPECTED |  | 
vision_model.encoder.layers.{0...23}.self_attn.q_proj.weight   | UNEXPECTED |  | 
vision_model.encoder.layers.{0...23}.mlp.fc2.bias              | UNEXPECTED |  | 
vision_model.encoder.layers.{0...23}.self_attn.out_proj.weight | UNEXPECTED |  | 
vision_model.encoder.layers.{0...23}.self_attn.q_proj.bias     | UNEXPECTED |  | 
vision_model.encoder.layers.{0...23}.layer_norm1.weight        | UNEXPECTED |  | 
vision_model.encoder.layers.{0...23}.self_attn.k_proj.weight   | UNEXPECTED |  | 
vision_model.encoder.layers.{0...23}.self_attn.k_proj.bias     | UNEXPECTED |  | 
vision_model.encoder.layers.{0...23}.self_attn.v_proj.weight   | UNEXPECTED |  | 
vision_model.encoder.layers.{0...23}.mlp.fc2.weight            | UNEXPECTED |  | 
vision_model.encoder.layers.{0...23}.self_attn.out_proj.bias   | UNEXPECTED |  | 
vision_model.embeddings.class_embedding                        | UNEXPECTED |  | 
vision_model.pre_layrnorm.bias                                 | UNEXPECTED |  | 
vision_model.post_layernorm.weight                             | UNEXPECTED |  | 
vision_model.embeddings.position_embedding.weight              | UNEXPECTED |  | 
vision_model.post_layernorm.bias                               | UNEXPECTED |  | 
visual_projection.weight                                       | UNEXPECTED |  | 
vision_model.pre_layrnorm.weight                               | UNEXPECTED |  | 
vision_model.embeddings.patch_embedding.weight                 | UNEXPECTED |  | 
logit_scale                                                    | UNEXPECTED |  | 

[3mNotes:
- UNEXPECTED[3m	:can be ignored when loading from different task/architecture; not ok if you expect identical arch.[0m
[Evaluating (generating)] Starting (0/145)...
[Evaluating (generating)] 1/145 (1%)
[Evaluating (generating)] 15/145 (10%)
[Evaluating (generating)] 29/145 (20%)
[Evaluating (generating)] 44/145 (30%)
[Evaluating (generating)] 58/145 (40%)
[Evaluating (generating)] 73/145 (50%)
[Evaluating (generating)] 88/145 (61%)
[Evaluating (generating)] 102/145 (70%)
[Evaluating (generating)] 116/145 (80%)
[Evaluating (generating)] 131/145 (90%)
[Evaluating (generating)] 145/145 (100%)
[Evaluating (generating)] Completed (145 items)
/public/home/xiongzhzh2023/PT4ConTSG/contsg/eval/metrics/specialized.py:328: RuntimeWarning: overflow encountered in exp
  probs = 1.0 / (1.0 + np.exp(-logits_np))
/public/home/xiongzhzh2023/PT4ConTSG/contsg/eval/metrics/specialized.py:328: RuntimeWarning: overflow encountered in exp
  probs = 1.0 / (1.0 + np.exp(-logits_np))
/public/home/xiongzhzh2023/PT4ConTSG/contsg/eval/metrics/specialized.py:328: RuntimeWarning: overflow encountered in exp
  probs = 1.0 / (1.0 + np.exp(-logits_np))
/public/home/xiongzhzh2023/PT4ConTSG/contsg/eval/metrics/specialized.py:328: RuntimeWarning: overflow encountered in exp
  probs = 1.0 / (1.0 + np.exp(-logits_np))
/public/home/xiongzhzh2023/PT4ConTSG/contsg/eval/metrics/specialized.py:328: RuntimeWarning: overflow encountered in exp
  probs = 1.0 / (1.0 + np.exp(-logits_np))
Evaluation results saved to: experiments/20260407_114008_synth-m_pt_factor_generator/results/eval_results.json
          Evaluation Results           
┏━━━━━━━━━━━━━━━━━━━━━━━━━┳━━━━━━━━━━━┓
┃ Metric                  ┃     Value ┃
┡━━━━━━━━━━━━━━━━━━━━━━━━━╇━━━━━━━━━━━┩
│ dtw                     │ 11.304107 │
│ wape                    │ 95.479416 │
│ ed                      │ 14.967992 │
│ crps                    │  0.543600 │
│ acd                     │  0.059360 │
│ sd                      │  0.017049 │
│ kd                      │  0.212241 │
│ mdd                     │  0.015235 │
│ fid                     │ 30.639940 │
│ jftsd                   │ 36.937958 │
│ cttp                    │ 17.641696 │
│ disc_auc                │  0.998810 │
│ prdc_f1.f1              │  0.222767 │
│ prdc_f1.precision       │  0.253294 │
│ prdc_f1.recall          │  0.198807 │
│ joint_prdc_f1.f1        │  0.218983 │
│ joint_prdc_f1.precision │  0.190241 │
│ joint_prdc_f1.recall    │  0.257956 │
└─────────────────────────┴───────────┘
