Loading config from: configs/generators/pt4contsg_synth-u.yaml
Model schema mode: relaxed (no model-specific schema for 'pt4contsg')
    Configuration Summary    
┌───────────────┬───────────┐
│ Dataset       │ synth-u   │
│ Model         │ pt4contsg │
│ Epochs        │ 700       │
│ Batch Size    │ 256       │
│ Learning Rate │ 0.001     │
│ Device        │ cuda:0    │
│ Seed          │ 42        │
└───────────────┴───────────┘

Experiment directory: experiments/20260323_213309_synth-u_pt4contsg

Model: pt4contsg
Creating data module: synth-u

Starting multi-stage training (1 stage(s))...
  Stage 1: finetune (700 epochs, lr=0.001)
┏━━━┳━━━━━━━━━━━━━━┳━━━━━━━━━━━━━━━━━━━━┳━━━━━━━━┳━━━━━━━┳━━━━━━━┓
┃   ┃ Name         ┃ Type               ┃ Params ┃ Mode  ┃ FLOPs ┃
┡━━━╇━━━━━━━━━━━━━━╇━━━━━━━━━━━━━━━━━━━━╇━━━━━━━━╇━━━━━━━╇━━━━━━━┩
│ 0 │ t_embed      │ _TimestepEmbedding │ 41.2 K │ train │     0 │
│ 1 │ cond_encoder │ _ConditionEncoder  │  139 K │ train │     0 │
│ 2 │ denoiser     │ _PtDenoiser        │  107 K │ train │     0 │
└───┴──────────────┴────────────────────┴────────┴───────┴───────┘
Trainable params: 288 K                                                                                    
Non-trainable params: 0                                                                                    
Total params: 288 K                                                                                        
Total estimated model params size (MB): 1                                                                  
Modules in train mode: 52                                                                                  
Modules in eval mode: 0                                                                                    
Total FLOPs: 0                                                                                             

[Training] Starting 700 epochs...
  [Epoch 1] Batch 50/93 (54%)
[Epoch 1/700] train_loss=0.5149 val_loss=0.3037 lr=1.00e-03 (5s)
  [Epoch 2] Batch 50/93 (54%)
[Epoch 2/700] train_loss=0.2687 val_loss=0.2542 lr=1.00e-03 (5s)
  [Epoch 3] Batch 50/93 (54%)
[Epoch 3/700] train_loss=0.2246 val_loss=0.2025 lr=1.00e-03 (5s)
  [Epoch 4] Batch 50/93 (54%)
[Epoch 4/700] train_loss=0.2123 val_loss=0.2013 lr=1.00e-03 (5s)
  [Epoch 5] Batch 50/93 (54%)
[Epoch 5/700] train_loss=0.2065 val_loss=0.1945 lr=1.00e-03 (5s)
  [Epoch 6] Batch 50/93 (54%)
[Epoch 6/700] train_loss=0.1984 val_loss=0.1936 lr=1.00e-03 (5s)
  [Epoch 7] Batch 50/93 (54%)
[Epoch 7/700] train_loss=0.1927 val_loss=0.1972 lr=1.00e-03 (5s)
  [Epoch 8] Batch 50/93 (54%)
[Epoch 8/700] train_loss=0.1916 val_loss=0.1978 lr=1.00e-03 (5s)
  [Epoch 9] Batch 50/93 (54%)
[Epoch 9/700] train_loss=0.1881 val_loss=0.1928 lr=1.00e-03 (5s)
  [Epoch 10] Batch 50/93 (54%)
[Epoch 10/700] train_loss=0.1869 val_loss=0.1852 lr=9.99e-04 (5s)
  [Epoch 11] Batch 50/93 (54%)
[Epoch 11/700] train_loss=0.1885 val_loss=0.1836 lr=9.99e-04 (5s)
  [Epoch 12] Batch 50/93 (54%)
[Epoch 12/700] train_loss=0.1880 val_loss=0.1769 lr=9.99e-04 (5s)
  [Epoch 13] Batch 50/93 (54%)
[Epoch 13/700] train_loss=0.1829 val_loss=0.1796 lr=9.99e-04 (5s)
  [Epoch 14] Batch 50/93 (54%)
[Epoch 14/700] train_loss=0.1835 val_loss=0.1749 lr=9.99e-04 (5s)
  [Epoch 15] Batch 50/93 (54%)
[Epoch 15/700] train_loss=0.1801 val_loss=0.1777 lr=9.99e-04 (5s)
  [Epoch 16] Batch 50/93 (54%)
[Epoch 16/700] train_loss=0.1780 val_loss=0.1857 lr=9.99e-04 (5s)
  [Epoch 17] Batch 50/93 (54%)
[Epoch 17/700] train_loss=0.1775 val_loss=0.1737 lr=9.99e-04 (5s)
  [Epoch 18] Batch 50/93 (54%)
[Epoch 18/700] train_loss=0.1787 val_loss=0.1815 lr=9.98e-04 (5s)
  [Epoch 19] Batch 50/93 (54%)
[Epoch 19/700] train_loss=0.1751 val_loss=0.1682 lr=9.98e-04 (5s)
  [Epoch 20] Batch 50/93 (54%)
[Epoch 20/700] train_loss=0.1709 val_loss=0.1788 lr=9.98e-04 (5s)
  [Epoch 21] Batch 50/93 (54%)
[Epoch 21/700] train_loss=0.1728 val_loss=0.1714 lr=9.98e-04 (5s)
  [Epoch 22] Batch 50/93 (54%)
[Epoch 22/700] train_loss=0.1731 val_loss=0.1726 lr=9.98e-04 (5s)
  [Epoch 23] Batch 50/93 (54%)
[Epoch 23/700] train_loss=0.1729 val_loss=0.1737 lr=9.97e-04 (5s)
  [Epoch 24] Batch 50/93 (54%)
[Epoch 24/700] train_loss=0.1699 val_loss=0.1748 lr=9.97e-04 (5s)
  [Epoch 25] Batch 50/93 (54%)
[Epoch 25/700] train_loss=0.1695 val_loss=0.1762 lr=9.97e-04 (5s)
  [Epoch 26] Batch 50/93 (54%)
[Epoch 26/700] train_loss=0.1702 val_loss=0.1745 lr=9.97e-04 (5s)
  [Epoch 27] Batch 50/93 (54%)
[Epoch 27/700] train_loss=0.1727 val_loss=0.1630 lr=9.96e-04 (5s)
  [Epoch 28] Batch 50/93 (54%)
[Epoch 28/700] train_loss=0.1690 val_loss=0.1640 lr=9.96e-04 (5s)
  [Epoch 29] Batch 50/93 (54%)
[Epoch 29/700] train_loss=0.1690 val_loss=0.1629 lr=9.96e-04 (5s)
  [Epoch 30] Batch 50/93 (54%)
[Epoch 30/700] train_loss=0.1678 val_loss=0.1658 lr=9.95e-04 (5s)
  [Epoch 31] Batch 50/93 (54%)
[Epoch 31/700] train_loss=0.1677 val_loss=0.1641 lr=9.95e-04 (5s)
  [Epoch 32] Batch 50/93 (54%)
[Epoch 32/700] train_loss=0.1664 val_loss=0.1558 lr=9.95e-04 (5s)
  [Epoch 33] Batch 50/93 (54%)
[Epoch 33/700] train_loss=0.1704 val_loss=0.1605 lr=9.95e-04 (5s)
  [Epoch 34] Batch 50/93 (54%)
[Epoch 34/700] train_loss=0.1650 val_loss=0.1673 lr=9.94e-04 (5s)
  [Epoch 35] Batch 50/93 (54%)
[Epoch 35/700] train_loss=0.1685 val_loss=0.1674 lr=9.94e-04 (5s)
  [Epoch 36] Batch 50/93 (54%)
[Epoch 36/700] train_loss=0.1694 val_loss=0.1649 lr=9.93e-04 (5s)
  [Epoch 37] Batch 50/93 (54%)
[Epoch 37/700] train_loss=0.1648 val_loss=0.1663 lr=9.93e-04 (5s)
  [Epoch 38] Batch 50/93 (54%)
[Epoch 38/700] train_loss=0.1641 val_loss=0.1694 lr=9.93e-04 (5s)
  [Epoch 39] Batch 50/93 (54%)
[Epoch 39/700] train_loss=0.1649 val_loss=0.1652 lr=9.92e-04 (5s)
  [Epoch 40] Batch 50/93 (54%)
[Epoch 40/700] train_loss=0.1664 val_loss=0.1590 lr=9.92e-04 (5s)
  [Epoch 41] Batch 50/93 (54%)
[Epoch 41/700] train_loss=0.1643 val_loss=0.1644 lr=9.92e-04 (5s)
  [Epoch 42] Batch 50/93 (54%)
[Epoch 42/700] train_loss=0.1616 val_loss=0.1637 lr=9.91e-04 (5s)
  [Epoch 43] Batch 50/93 (54%)
[Epoch 43/700] train_loss=0.1652 val_loss=0.1657 lr=9.91e-04 (5s)
  [Epoch 44] Batch 50/93 (54%)
[Epoch 44/700] train_loss=0.1630 val_loss=0.1711 lr=9.90e-04 (5s)
  [Epoch 45] Batch 50/93 (54%)
[Epoch 45/700] train_loss=0.1622 val_loss=0.1657 lr=9.90e-04 (5s)
  [Epoch 46] Batch 50/93 (54%)
[Epoch 46/700] train_loss=0.1607 val_loss=0.1618 lr=9.89e-04 (5s)
  [Epoch 47] Batch 50/93 (54%)
[Epoch 47/700] train_loss=0.1625 val_loss=0.1707 lr=9.89e-04 (5s)
  [Epoch 48] Batch 50/93 (54%)
[Epoch 48/700] train_loss=0.1612 val_loss=0.1565 lr=9.88e-04 (5s)
  [Epoch 49] Batch 50/93 (54%)
[Epoch 49/700] train_loss=0.1606 val_loss=0.1619 lr=9.88e-04 (5s)
  [Epoch 50] Batch 50/93 (54%)
[Epoch 50/700] train_loss=0.1607 val_loss=0.1612 lr=9.87e-04 (5s)
  [Epoch 51] Batch 50/93 (54%)
[Epoch 51/700] train_loss=0.1619 val_loss=0.1667 lr=9.87e-04 (5s)
  [Epoch 52] Batch 50/93 (54%)
[Epoch 52/700] train_loss=0.1616 val_loss=0.1651 lr=9.86e-04 (5s)
  [Epoch 53] Batch 50/93 (54%)
[Epoch 53/700] train_loss=0.1621 val_loss=0.1561 lr=9.86e-04 (5s)
  [Epoch 54] Batch 50/93 (54%)
[Epoch 54/700] train_loss=0.1615 val_loss=0.1625 lr=9.85e-04 (5s)
  [Epoch 55] Batch 50/93 (54%)
[Epoch 55/700] train_loss=0.1579 val_loss=0.1545 lr=9.85e-04 (5s)
  [Epoch 56] Batch 50/93 (54%)
[Epoch 56/700] train_loss=0.1614 val_loss=0.1526 lr=9.84e-04 (5s)
  [Epoch 57] Batch 50/93 (54%)
[Epoch 57/700] train_loss=0.1587 val_loss=0.1628 lr=9.84e-04 (5s)
  [Epoch 58] Batch 50/93 (54%)
[Epoch 58/700] train_loss=0.1615 val_loss=0.1580 lr=9.83e-04 (5s)
  [Epoch 59] Batch 50/93 (54%)
[Epoch 59/700] train_loss=0.1605 val_loss=0.1595 lr=9.83e-04 (5s)
  [Epoch 60] Batch 50/93 (54%)
[Epoch 60/700] train_loss=0.1590 val_loss=0.1575 lr=9.82e-04 (5s)
  [Epoch 61] Batch 50/93 (54%)
[Epoch 61/700] train_loss=0.1602 val_loss=0.1511 lr=9.81e-04 (5s)
  [Epoch 62] Batch 50/93 (54%)
[Epoch 62/700] train_loss=0.1595 val_loss=0.1570 lr=9.81e-04 (5s)
  [Epoch 63] Batch 50/93 (54%)
[Epoch 63/700] train_loss=0.1612 val_loss=0.1580 lr=9.80e-04 (5s)
  [Epoch 64] Batch 50/93 (54%)
[Epoch 64/700] train_loss=0.1604 val_loss=0.1561 lr=9.80e-04 (5s)
  [Epoch 65] Batch 50/93 (54%)
[Epoch 65/700] train_loss=0.1597 val_loss=0.1529 lr=9.79e-04 (5s)
  [Epoch 66] Batch 50/93 (54%)
[Epoch 66/700] train_loss=0.1575 val_loss=0.1529 lr=9.78e-04 (5s)
  [Epoch 67] Batch 50/93 (54%)
[Epoch 67/700] train_loss=0.1582 val_loss=0.1522 lr=9.78e-04 (5s)
  [Epoch 68] Batch 50/93 (54%)
[Epoch 68/700] train_loss=0.1573 val_loss=0.1547 lr=9.77e-04 (5s)
  [Epoch 69] Batch 50/93 (54%)
[Epoch 69/700] train_loss=0.1539 val_loss=0.1486 lr=9.76e-04 (5s)
  [Epoch 70] Batch 50/93 (54%)
[Epoch 70/700] train_loss=0.1586 val_loss=0.1587 lr=9.76e-04 (5s)
  [Epoch 71] Batch 50/93 (54%)
[Epoch 71/700] train_loss=0.1588 val_loss=0.1614 lr=9.75e-04 (5s)
  [Epoch 72] Batch 50/93 (54%)
[Epoch 72/700] train_loss=0.1577 val_loss=0.1520 lr=9.74e-04 (5s)
  [Epoch 73] Batch 50/93 (54%)
[Epoch 73/700] train_loss=0.1580 val_loss=0.1563 lr=9.73e-04 (5s)
  [Epoch 74] Batch 50/93 (54%)
[Epoch 74/700] train_loss=0.1571 val_loss=0.1526 lr=9.73e-04 (5s)
  [Epoch 75] Batch 50/93 (54%)
[Epoch 75/700] train_loss=0.1568 val_loss=0.1622 lr=9.72e-04 (5s)
  [Epoch 76] Batch 50/93 (54%)
[Epoch 76/700] train_loss=0.1541 val_loss=0.1541 lr=9.71e-04 (5s)
  [Epoch 77] Batch 50/93 (54%)
[Epoch 77/700] train_loss=0.1570 val_loss=0.1559 lr=9.70e-04 (5s)
  [Epoch 78] Batch 50/93 (54%)
[Epoch 78/700] train_loss=0.1546 val_loss=0.1549 lr=9.70e-04 (5s)
  [Epoch 79] Batch 50/93 (54%)
[Epoch 79/700] train_loss=0.1579 val_loss=0.1511 lr=9.69e-04 (5s)
  [Epoch 80] Batch 50/93 (54%)
[Epoch 80/700] train_loss=0.1575 val_loss=0.1557 lr=9.68e-04 (5s)
  [Epoch 81] Batch 50/93 (54%)
[Epoch 81/700] train_loss=0.1567 val_loss=0.1522 lr=9.67e-04 (5s)
  [Epoch 82] Batch 50/93 (54%)
[Epoch 82/700] train_loss=0.1573 val_loss=0.1531 lr=9.67e-04 (5s)
  [Epoch 83] Batch 50/93 (54%)
[Epoch 83/700] train_loss=0.1556 val_loss=0.1508 lr=9.66e-04 (5s)
  [Epoch 84] Batch 50/93 (54%)
[Epoch 84/700] train_loss=0.1550 val_loss=0.1542 lr=9.65e-04 (5s)
  [Epoch 85] Batch 50/93 (54%)
[Epoch 85/700] train_loss=0.1542 val_loss=0.1535 lr=9.64e-04 (5s)
  [Epoch 86] Batch 50/93 (54%)
[Epoch 86/700] train_loss=0.1569 val_loss=0.1567 lr=9.63e-04 (5s)
  [Epoch 87] Batch 50/93 (54%)
[Epoch 87/700] train_loss=0.1569 val_loss=0.1530 lr=9.62e-04 (4s)
  [Epoch 88] Batch 50/93 (54%)
[Epoch 88/700] train_loss=0.1545 val_loss=0.1518 lr=9.62e-04 (5s)
  [Epoch 89] Batch 50/93 (54%)
[Epoch 89/700] train_loss=0.1567 val_loss=0.1538 lr=9.61e-04 (5s)
  [Epoch 90] Batch 50/93 (54%)
[Epoch 90/700] train_loss=0.1529 val_loss=0.1602 lr=9.60e-04 (5s)
  [Epoch 91] Batch 50/93 (54%)
[Epoch 91/700] train_loss=0.1517 val_loss=0.1590 lr=9.59e-04 (5s)
  [Epoch 92] Batch 50/93 (54%)
[Epoch 92/700] train_loss=0.1559 val_loss=0.1532 lr=9.58e-04 (5s)
  [Epoch 93] Batch 50/93 (54%)
[Epoch 93/700] train_loss=0.1541 val_loss=0.1585 lr=9.57e-04 (5s)
  [Epoch 94] Batch 50/93 (54%)
[Epoch 94/700] train_loss=0.1558 val_loss=0.1476 lr=9.56e-04 (5s)
  [Epoch 95] Batch 50/93 (54%)
[Epoch 95/700] train_loss=0.1560 val_loss=0.1510 lr=9.55e-04 (5s)
  [Epoch 96] Batch 50/93 (54%)
[Epoch 96/700] train_loss=0.1542 val_loss=0.1569 lr=9.54e-04 (5s)
  [Epoch 97] Batch 50/93 (54%)
[Epoch 97/700] train_loss=0.1526 val_loss=0.1558 lr=9.53e-04 (5s)
  [Epoch 98] Batch 50/93 (54%)
[Epoch 98/700] train_loss=0.1523 val_loss=0.1523 lr=9.52e-04 (5s)
  [Epoch 99] Batch 50/93 (54%)
[Epoch 99/700] train_loss=0.1525 val_loss=0.1515 lr=9.51e-04 (5s)
  [Epoch 100] Batch 50/93 (54%)
[Epoch 100/700] train_loss=0.1559 val_loss=0.1451 lr=9.50e-04 (5s)
  [Epoch 101] Batch 50/93 (54%)
[Epoch 101/700] train_loss=0.1522 val_loss=0.1485 lr=9.50e-04 (5s)
  [Epoch 102] Batch 50/93 (54%)
[Epoch 102/700] train_loss=0.1496 val_loss=0.1478 lr=9.49e-04 (5s)
  [Epoch 103] Batch 50/93 (54%)
[Epoch 103/700] train_loss=0.1529 val_loss=0.1501 lr=9.48e-04 (5s)
  [Epoch 104] Batch 50/93 (54%)
[Epoch 104/700] train_loss=0.1522 val_loss=0.1562 lr=9.47e-04 (5s)
  [Epoch 105] Batch 50/93 (54%)
[Epoch 105/700] train_loss=0.1541 val_loss=0.1542 lr=9.46e-04 (5s)
  [Epoch 106] Batch 50/93 (54%)
[Epoch 106/700] train_loss=0.1521 val_loss=0.1493 lr=9.44e-04 (5s)
  [Epoch 107] Batch 50/93 (54%)
[Epoch 107/700] train_loss=0.1561 val_loss=0.1527 lr=9.43e-04 (5s)
  [Epoch 108] Batch 50/93 (54%)
[Epoch 108/700] train_loss=0.1545 val_loss=0.1486 lr=9.42e-04 (5s)
  [Epoch 109] Batch 50/93 (54%)
[Epoch 109/700] train_loss=0.1533 val_loss=0.1556 lr=9.41e-04 (5s)
  [Epoch 110] Batch 50/93 (54%)
[Epoch 110/700] train_loss=0.1543 val_loss=0.1527 lr=9.40e-04 (5s)
  [Epoch 111] Batch 50/93 (54%)
[Epoch 111/700] train_loss=0.1548 val_loss=0.1473 lr=9.39e-04 (5s)
  [Epoch 112] Batch 50/93 (54%)
[Epoch 112/700] train_loss=0.1527 val_loss=0.1453 lr=9.38e-04 (5s)
  [Epoch 113] Batch 50/93 (54%)
[Epoch 113/700] train_loss=0.1523 val_loss=0.1501 lr=9.37e-04 (5s)
  [Epoch 114] Batch 50/93 (54%)
[Epoch 114/700] train_loss=0.1529 val_loss=0.1506 lr=9.36e-04 (5s)
  [Epoch 115] Batch 50/93 (54%)
[Epoch 115/700] train_loss=0.1515 val_loss=0.1552 lr=9.35e-04 (5s)
  [Epoch 116] Batch 50/93 (54%)
[Epoch 116/700] train_loss=0.1529 val_loss=0.1477 lr=9.34e-04 (5s)
  [Epoch 117] Batch 50/93 (54%)
[Epoch 117/700] train_loss=0.1504 val_loss=0.1464 lr=9.33e-04 (5s)
  [Epoch 118] Batch 50/93 (54%)
[Epoch 118/700] train_loss=0.1494 val_loss=0.1488 lr=9.32e-04 (5s)
  [Epoch 119] Batch 50/93 (54%)
[Epoch 119/700] train_loss=0.1509 val_loss=0.1478 lr=9.30e-04 (5s)
  [Epoch 120] Batch 50/93 (54%)
[Epoch 120/700] train_loss=0.1529 val_loss=0.1470 lr=9.29e-04 (5s)
  [Epoch 121] Batch 50/93 (54%)
[Epoch 121/700] train_loss=0.1507 val_loss=0.1442 lr=9.28e-04 (5s)
  [Epoch 122] Batch 50/93 (54%)
[Epoch 122/700] train_loss=0.1510 val_loss=0.1530 lr=9.27e-04 (5s)
  [Epoch 123] Batch 50/93 (54%)
[Epoch 123/700] train_loss=0.1540 val_loss=0.1488 lr=9.26e-04 (5s)
  [Epoch 124] Batch 50/93 (54%)
[Epoch 124/700] train_loss=0.1505 val_loss=0.1504 lr=9.25e-04 (5s)
  [Epoch 125] Batch 50/93 (54%)
[Epoch 125/700] train_loss=0.1505 val_loss=0.1488 lr=9.23e-04 (5s)
  [Epoch 126] Batch 50/93 (54%)
[Epoch 126/700] train_loss=0.1497 val_loss=0.1486 lr=9.22e-04 (5s)
  [Epoch 127] Batch 50/93 (54%)
[Epoch 127/700] train_loss=0.1502 val_loss=0.1508 lr=9.21e-04 (5s)
  [Epoch 128] Batch 50/93 (54%)
[Epoch 128/700] train_loss=0.1499 val_loss=0.1496 lr=9.20e-04 (5s)
  [Epoch 129] Batch 50/93 (54%)
[Epoch 129/700] train_loss=0.1504 val_loss=0.1550 lr=9.19e-04 (5s)
  [Epoch 130] Batch 50/93 (54%)
[Epoch 130/700] train_loss=0.1537 val_loss=0.1502 lr=9.17e-04 (5s)
  [Epoch 131] Batch 50/93 (54%)
[Epoch 131/700] train_loss=0.1534 val_loss=0.1512 lr=9.16e-04 (5s)
  [Epoch 132] Batch 50/93 (54%)
[Epoch 132/700] train_loss=0.1508 val_loss=0.1600 lr=9.15e-04 (5s)
  [Epoch 133] Batch 50/93 (54%)
[Epoch 133/700] train_loss=0.1511 val_loss=0.1444 lr=9.14e-04 (5s)
  [Epoch 134] Batch 50/93 (54%)
[Epoch 134/700] train_loss=0.1508 val_loss=0.1475 lr=9.12e-04 (5s)
  [Epoch 135] Batch 50/93 (54%)
[Epoch 135/700] train_loss=0.1511 val_loss=0.1468 lr=9.11e-04 (5s)
  [Epoch 136] Batch 50/93 (54%)
[Epoch 136/700] train_loss=0.1533 val_loss=0.1467 lr=9.10e-04 (5s)
  [Epoch 137] Batch 50/93 (54%)
[Epoch 137/700] train_loss=0.1522 val_loss=0.1461 lr=9.08e-04 (5s)
  [Epoch 138] Batch 50/93 (54%)
[Epoch 138/700] train_loss=0.1511 val_loss=0.1530 lr=9.07e-04 (5s)
  [Epoch 139] Batch 50/93 (54%)
[Epoch 139/700] train_loss=0.1530 val_loss=0.1440 lr=9.06e-04 (5s)
  [Epoch 140] Batch 50/93 (54%)
[Epoch 140/700] train_loss=0.1491 val_loss=0.1524 lr=9.05e-04 (5s)
  [Epoch 141] Batch 50/93 (54%)
[Epoch 141/700] train_loss=0.1492 val_loss=0.1508 lr=9.03e-04 (5s)
  [Epoch 142] Batch 50/93 (54%)
[Epoch 142/700] train_loss=0.1521 val_loss=0.1534 lr=9.02e-04 (5s)
  [Epoch 143] Batch 50/93 (54%)
[Epoch 143/700] train_loss=0.1482 val_loss=0.1457 lr=9.01e-04 (5s)
  [Epoch 144] Batch 50/93 (54%)
[Epoch 144/700] train_loss=0.1510 val_loss=0.1472 lr=8.99e-04 (5s)
  [Epoch 145] Batch 50/93 (54%)
[Epoch 145/700] train_loss=0.1506 val_loss=0.1527 lr=8.98e-04 (5s)
  [Epoch 146] Batch 50/93 (54%)
[Epoch 146/700] train_loss=0.1452 val_loss=0.1489 lr=8.96e-04 (5s)
  [Epoch 147] Batch 50/93 (54%)
[Epoch 147/700] train_loss=0.1473 val_loss=0.1527 lr=8.95e-04 (5s)
  [Epoch 148] Batch 50/93 (54%)
[Epoch 148/700] train_loss=0.1483 val_loss=0.1515 lr=8.94e-04 (5s)
  [Epoch 149] Batch 50/93 (54%)
[Epoch 149/700] train_loss=0.1488 val_loss=0.1424 lr=8.92e-04 (5s)
  [Epoch 150] Batch 50/93 (54%)
[Epoch 150/700] train_loss=0.1497 val_loss=0.1455 lr=8.91e-04 (5s)
  [Epoch 151] Batch 50/93 (54%)
[Epoch 151/700] train_loss=0.1505 val_loss=0.1492 lr=8.90e-04 (5s)
  [Epoch 152] Batch 50/93 (54%)
[Epoch 152/700] train_loss=0.1498 val_loss=0.1484 lr=8.88e-04 (5s)
  [Epoch 153] Batch 50/93 (54%)
[Epoch 153/700] train_loss=0.1489 val_loss=0.1471 lr=8.87e-04 (5s)
  [Epoch 154] Batch 50/93 (54%)
[Epoch 154/700] train_loss=0.1502 val_loss=0.1445 lr=8.85e-04 (5s)
  [Epoch 155] Batch 50/93 (54%)
[Epoch 155/700] train_loss=0.1457 val_loss=0.1413 lr=8.84e-04 (5s)
  [Epoch 156] Batch 50/93 (54%)
[Epoch 156/700] train_loss=0.1488 val_loss=0.1488 lr=8.82e-04 (4s)
  [Epoch 157] Batch 50/93 (54%)
[Epoch 157/700] train_loss=0.1506 val_loss=0.1481 lr=8.81e-04 (4s)
  [Epoch 158] Batch 50/93 (54%)
[Epoch 158/700] train_loss=0.1448 val_loss=0.1433 lr=8.79e-04 (4s)
  [Epoch 159] Batch 50/93 (54%)
[Epoch 159/700] train_loss=0.1480 val_loss=0.1547 lr=8.78e-04 (5s)
  [Epoch 160] Batch 50/93 (54%)
[Epoch 160/700] train_loss=0.1501 val_loss=0.1395 lr=8.77e-04 (5s)
  [Epoch 161] Batch 50/93 (54%)
[Epoch 161/700] train_loss=0.1500 val_loss=0.1531 lr=8.75e-04 (5s)
  [Epoch 162] Batch 50/93 (54%)
[Epoch 162/700] train_loss=0.1495 val_loss=0.1520 lr=8.74e-04 (5s)
  [Epoch 163] Batch 50/93 (54%)
[Epoch 163/700] train_loss=0.1515 val_loss=0.1536 lr=8.72e-04 (5s)
  [Epoch 164] Batch 50/93 (54%)
[Epoch 164/700] train_loss=0.1488 val_loss=0.1368 lr=8.71e-04 (5s)
  [Epoch 165] Batch 50/93 (54%)
[Epoch 165/700] train_loss=0.1483 val_loss=0.1442 lr=8.69e-04 (5s)
  [Epoch 166] Batch 50/93 (54%)
[Epoch 166/700] train_loss=0.1462 val_loss=0.1438 lr=8.68e-04 (5s)
  [Epoch 167] Batch 50/93 (54%)
[Epoch 167/700] train_loss=0.1487 val_loss=0.1510 lr=8.66e-04 (5s)
  [Epoch 168] Batch 50/93 (54%)
[Epoch 168/700] train_loss=0.1466 val_loss=0.1530 lr=8.64e-04 (5s)
  [Epoch 169] Batch 50/93 (54%)
[Epoch 169/700] train_loss=0.1498 val_loss=0.1471 lr=8.63e-04 (5s)
  [Epoch 170] Batch 50/93 (54%)
[Epoch 170/700] train_loss=0.1479 val_loss=0.1449 lr=8.61e-04 (5s)
  [Epoch 171] Batch 50/93 (54%)
[Epoch 171/700] train_loss=0.1445 val_loss=0.1474 lr=8.60e-04 (5s)
  [Epoch 172] Batch 50/93 (54%)
[Epoch 172/700] train_loss=0.1484 val_loss=0.1480 lr=8.58e-04 (5s)
  [Epoch 173] Batch 50/93 (54%)
[Epoch 173/700] train_loss=0.1502 val_loss=0.1496 lr=8.57e-04 (5s)
  [Epoch 174] Batch 50/93 (54%)
[Epoch 174/700] train_loss=0.1471 val_loss=0.1441 lr=8.55e-04 (5s)
  [Epoch 175] Batch 50/93 (54%)
[Epoch 175/700] train_loss=0.1447 val_loss=0.1503 lr=8.54e-04 (5s)
  [Epoch 176] Batch 50/93 (54%)
[Epoch 176/700] train_loss=0.1490 val_loss=0.1499 lr=8.52e-04 (5s)
  [Epoch 177] Batch 50/93 (54%)
[Epoch 177/700] train_loss=0.1483 val_loss=0.1472 lr=8.50e-04 (5s)
  [Epoch 178] Batch 50/93 (54%)
[Epoch 178/700] train_loss=0.1498 val_loss=0.1474 lr=8.49e-04 (5s)
  [Epoch 179] Batch 50/93 (54%)
[Epoch 179/700] train_loss=0.1461 val_loss=0.1491 lr=8.47e-04 (5s)
  [Epoch 180] Batch 50/93 (54%)
[Epoch 180/700] train_loss=0.1491 val_loss=0.1471 lr=8.46e-04 (5s)
  [Epoch 181] Batch 50/93 (54%)
[Epoch 181/700] train_loss=0.1473 val_loss=0.1464 lr=8.44e-04 (5s)
  [Epoch 182] Batch 50/93 (54%)
[Epoch 182/700] train_loss=0.1504 val_loss=0.1533 lr=8.42e-04 (5s)
  [Epoch 183] Batch 50/93 (54%)
[Epoch 183/700] train_loss=0.1471 val_loss=0.1470 lr=8.41e-04 (5s)
  [Epoch 184] Batch 50/93 (54%)
[Epoch 184/700] train_loss=0.1461 val_loss=0.1493 lr=8.39e-04 (5s)
  [Epoch 185] Batch 50/93 (54%)
[Epoch 185/700] train_loss=0.1469 val_loss=0.1403 lr=8.37e-04 (5s)
  [Epoch 186] Batch 50/93 (54%)
[Epoch 186/700] train_loss=0.1519 val_loss=0.1480 lr=8.36e-04 (5s)
  [Epoch 187] Batch 50/93 (54%)
[Epoch 187/700] train_loss=0.1476 val_loss=0.1508 lr=8.34e-04 (5s)
  [Epoch 188] Batch 50/93 (54%)
[Epoch 188/700] train_loss=0.1448 val_loss=0.1424 lr=8.32e-04 (5s)
  [Epoch 189] Batch 50/93 (54%)
[Epoch 189/700] train_loss=0.1491 val_loss=0.1487 lr=8.31e-04 (5s)
  [Epoch 190] Batch 50/93 (54%)
[Epoch 190/700] train_loss=0.1474 val_loss=0.1414 lr=8.29e-04 (5s)
  [Epoch 191] Batch 50/93 (54%)
[Epoch 191/700] train_loss=0.1461 val_loss=0.1449 lr=8.27e-04 (5s)
  [Epoch 192] Batch 50/93 (54%)
[Epoch 192/700] train_loss=0.1466 val_loss=0.1439 lr=8.26e-04 (5s)
  [Epoch 193] Batch 50/93 (54%)
[Epoch 193/700] train_loss=0.1476 val_loss=0.1399 lr=8.24e-04 (5s)
  [Epoch 194] Batch 50/93 (54%)
[Epoch 194/700] train_loss=0.1489 val_loss=0.1483 lr=8.22e-04 (5s)
  [Epoch 195] Batch 50/93 (54%)
[Epoch 195/700] train_loss=0.1480 val_loss=0.1430 lr=8.20e-04 (5s)
  [Epoch 196] Batch 50/93 (54%)
[Epoch 196/700] train_loss=0.1452 val_loss=0.1410 lr=8.19e-04 (5s)
  [Epoch 197] Batch 50/93 (54%)
[Epoch 197/700] train_loss=0.1455 val_loss=0.1524 lr=8.17e-04 (5s)
  [Epoch 198] Batch 50/93 (54%)
[Epoch 198/700] train_loss=0.1452 val_loss=0.1443 lr=8.15e-04 (5s)
  [Epoch 199] Batch 50/93 (54%)
[Epoch 199/700] train_loss=0.1464 val_loss=0.1484 lr=8.13e-04 (5s)
  [Epoch 200] Batch 50/93 (54%)
[Epoch 200/700] train_loss=0.1475 val_loss=0.1501 lr=8.12e-04 (5s)
  [Epoch 201] Batch 50/93 (54%)
[Epoch 201/700] train_loss=0.1462 val_loss=0.1391 lr=8.10e-04 (5s)
  [Epoch 202] Batch 50/93 (54%)
[Epoch 202/700] train_loss=0.1437 val_loss=0.1479 lr=8.08e-04 (5s)
  [Epoch 203] Batch 50/93 (54%)
[Epoch 203/700] train_loss=0.1476 val_loss=0.1400 lr=8.06e-04 (5s)
  [Epoch 204] Batch 50/93 (54%)
[Epoch 204/700] train_loss=0.1474 val_loss=0.1425 lr=8.05e-04 (5s)
  [Epoch 205] Batch 50/93 (54%)
[Epoch 205/700] train_loss=0.1496 val_loss=0.1453 lr=8.03e-04 (5s)
  [Epoch 206] Batch 50/93 (54%)
[Epoch 206/700] train_loss=0.1461 val_loss=0.1412 lr=8.01e-04 (5s)
  [Epoch 207] Batch 50/93 (54%)
[Epoch 207/700] train_loss=0.1485 val_loss=0.1509 lr=7.99e-04 (5s)
  [Epoch 208] Batch 50/93 (54%)
[Epoch 208/700] train_loss=0.1441 val_loss=0.1442 lr=7.98e-04 (5s)
  [Epoch 209] Batch 50/93 (54%)
[Epoch 209/700] train_loss=0.1469 val_loss=0.1428 lr=7.96e-04 (5s)
  [Epoch 210] Batch 50/93 (54%)
[Epoch 210/700] train_loss=0.1443 val_loss=0.1424 lr=7.94e-04 (5s)
  [Epoch 211] Batch 50/93 (54%)
[Epoch 211/700] train_loss=0.1419 val_loss=0.1520 lr=7.92e-04 (5s)
  [Epoch 212] Batch 50/93 (54%)
[Epoch 212/700] train_loss=0.1461 val_loss=0.1415 lr=7.90e-04 (5s)
  [Epoch 213] Batch 50/93 (54%)
[Epoch 213/700] train_loss=0.1469 val_loss=0.1504 lr=7.88e-04 (5s)
  [Epoch 214] Batch 50/93 (54%)
[Epoch 214/700] train_loss=0.1474 val_loss=0.1518 lr=7.87e-04 (5s)

[Training] Completed!

✓ Training completed!
  Final checkpoint: 
/public/home/xiongzhzh2023/PT4ConTSG/experiments/20260323_213309_synth-u_pt4contsg/checkpoints/finetune/fin
etune-epoch=163-val/loss=0.1368.ckpt
  Experiment: experiments/20260323_213309_synth-u_pt4contsg

Running automatic evaluation...
CLIP initialization failed, running CLIP-independent metrics only
[Evaluating (generating)] Starting (0/32)...
[Evaluating (generating)] 1/32 (3%)
[Evaluating (generating)] 4/32 (12%)
[Evaluating (generating)] 7/32 (22%)
[Evaluating (generating)] 10/32 (31%)
[Evaluating (generating)] 13/32 (41%)
[Evaluating (generating)] 16/32 (50%)
[Evaluating (generating)] 20/32 (62%)
[Evaluating (generating)] 23/32 (72%)
[Evaluating (generating)] 26/32 (81%)
[Evaluating (generating)] 29/32 (91%)
[Evaluating (generating)] 32/32 (100%)
[Evaluating (generating)] Completed (32 items)
Evaluation results saved to: experiments/20260323_213309_synth-u_pt4contsg/results/eval_results.json
      Evaluation Results      
┏━━━━━━━━━━━━━━━┳━━━━━━━━━━━━┓
┃ Metric        ┃      Value ┃
┡━━━━━━━━━━━━━━━╇━━━━━━━━━━━━┩
│ dtw           │   6.085647 │
│ wape          │ 100.901291 │
│ ed            │  10.161421 │
│ crps          │   0.506362 │
│ acd           │   0.064115 │
│ sd            │        N/A │
│ kd            │        N/A │
│ mdd           │        N/A │
│ fid           │        N/A │
│ jftsd         │        N/A │
│ prdc_f1       │        N/A │
│ joint_prdc_f1 │        N/A │
│ cttp          │        N/A │
│ disc_auc      │   0.978970 │
└───────────────┴────────────┘

指标 (Metric),数值 (Value)
dtw,6.156004
wape,101.137222
ed,10.191246
crps,0.508770
acd,0.065814
sd,0.057228
kd,0.266634
mdd,0.019279
fid,33.703714
jftsd,36.963756
cttp,13.999754
disc_auc,0.979412
prdc_f1.f1,0.287590
prdc_f1.precision,0.400000
prdc_f1.recall,0.224500
joint_prdc_f1.f1,0.560226
joint_prdc_f1.precision,0.660750
joint_prdc_f1.recall,0.486250
