Loading config from: configs/generators/ptfg_airquality_beijing.yaml
Model schema mode: relaxed (no model-specific schema for 'pt_factor_generator')
         Configuration Summary         
┌───────────────┬─────────────────────┐
│ Dataset       │ airquality_beijing  │
│ Model         │ pt_factor_generator │
│ Epochs        │ 700                 │
│ Batch Size    │ 128                 │
│ Learning Rate │ 0.001               │
│ Device        │ cuda:0              │
│ Seed          │ 42                  │
└───────────────┴─────────────────────┘

Experiment directory: experiments/20260403_165759_airquality_beijing_pt_factor_generator

Model: pt_factor_generator
Creating data module: airquality_beijing

Starting multi-stage training (1 stage(s))...
  Stage 1: finetune (700 epochs, lr=0.001)
┏━━━┳━━━━━━━━━━━━━━┳━━━━━━━━━━━━━━━━━━━━━━━━┳━━━━━━━━┳━━━━━━━┳━━━━━━━┓
┃   ┃ Name         ┃ Type                   ┃ Params ┃ Mode  ┃ FLOPs ┃
┡━━━╇━━━━━━━━━━━━━━╇━━━━━━━━━━━━━━━━━━━━━━━━╇━━━━━━━━╇━━━━━━━╇━━━━━━━┩
│ 0 │ net          │ PTFactorNoisePredictor │  4.9 M │ train │     0 │
│   │ other params │ n/a                    │  1.0 K │ n/a   │   n/a │
└───┴──────────────┴────────────────────────┴────────┴───────┴───────┘
Trainable params: 4.9 M                                                                                                                                                                                       
Non-trainable params: 0                                                                                                                                                                                       
Total params: 4.9 M                                                                                                                                                                                           
Total estimated model params size (MB): 19                                                                                                                                                                    
Modules in train mode: 195                                                                                                                                                                                    
Modules in eval mode: 0                                                                                                                                                                                       
Total FLOPs: 0                                                                                                                                                                                                

[Training] Starting 700 epochs...
  [Epoch 1] Batch 50/109 (46%)
  [Epoch 1] Batch 100/109 (92%)
[Epoch 1/700] train_loss=1.1301 val_loss=0.7704 lr=1.00e-03 (8s)
  [Epoch 2] Batch 50/109 (46%)
Loading config from: configs/generators/ptfg_airquality_beijing.yaml
Model schema mode: relaxed (no model-specific schema for 'pt_factor_generator')
         Configuration Summary         
┌───────────────┬─────────────────────┐
│ Dataset       │ airquality_beijing  │
│ Model         │ pt_factor_generator │
│ Epochs        │ 700                 │
│ Batch Size    │ 128                 │
│ Learning Rate │ 0.001               │
│ Device        │ cuda:0              │
│ Seed          │ 42                  │
└───────────────┴─────────────────────┘

Experiment directory: experiments/20260403_165923_airquality_beijing_pt_factor_generator

Model: pt_factor_generator
Creating data module: airquality_beijing

Starting multi-stage training (1 stage(s))...
  Stage 1: finetune (700 epochs, lr=0.001)
┏━━━┳━━━━━━━━━━━━━━┳━━━━━━━━━━━━━━━━━━━━━━━━┳━━━━━━━━┳━━━━━━━┳━━━━━━━┓
┃   ┃ Name         ┃ Type                   ┃ Params ┃ Mode  ┃ FLOPs ┃
┡━━━╇━━━━━━━━━━━━━━╇━━━━━━━━━━━━━━━━━━━━━━━━╇━━━━━━━━╇━━━━━━━╇━━━━━━━┩
│ 0 │ net          │ PTFactorNoisePredictor │  4.9 M │ train │     0 │
│   │ other params │ n/a                    │  1.0 K │ n/a   │   n/a │
└───┴──────────────┴────────────────────────┴────────┴───────┴───────┘
Trainable params: 4.9 M                                                                                                                                                                                       
Non-trainable params: 0                                                                                                                                                                                       
Total params: 4.9 M                                                                                                                                                                                           
Total estimated model params size (MB): 19                                                                                                                                                                    
Modules in train mode: 195                                                                                                                                                                                    
Modules in eval mode: 0                                                                                                                                                                                       
Total FLOPs: 0                                                                                                                                                                                                

[Training] Starting 700 epochs...
  [Epoch 1] Batch 50/109 (46%)
  [Epoch 1] Batch 100/109 (92%)
[Epoch 1/700] train_loss=1.1301 val_loss=0.7704 lr=1.00e-03 (8s)
  [Epoch 2] Batch 50/109 (46%)
  [Epoch 2] Batch 100/109 (92%)
[Epoch 2/700] train_loss=0.7295 val_loss=0.7351 lr=1.00e-03 (8s)
  [Epoch 3] Batch 50/109 (46%)
  [Epoch 3] Batch 100/109 (92%)
[Epoch 3/700] train_loss=0.7063 val_loss=0.6917 lr=1.00e-03 (8s)
  [Epoch 4] Batch 50/109 (46%)
  [Epoch 4] Batch 100/109 (92%)
[Epoch 4/700] train_loss=0.6797 val_loss=0.6750 lr=1.00e-03 (8s)
  [Epoch 5] Batch 50/109 (46%)
  [Epoch 5] Batch 100/109 (92%)
[Epoch 5/700] train_loss=0.6685 val_loss=0.6699 lr=1.00e-03 (8s)
  [Epoch 6] Batch 50/109 (46%)
  [Epoch 6] Batch 100/109 (92%)
[Epoch 6/700] train_loss=0.6511 val_loss=0.6552 lr=1.00e-03 (8s)
  [Epoch 7] Batch 50/109 (46%)
  [Epoch 7] Batch 100/109 (92%)
[Epoch 7/700] train_loss=0.6428 val_loss=0.6547 lr=1.00e-03 (8s)
  [Epoch 8] Batch 50/109 (46%)
  [Epoch 8] Batch 100/109 (92%)
[Epoch 8/700] train_loss=0.6346 val_loss=0.6401 lr=1.00e-03 (8s)
  [Epoch 9] Batch 50/109 (46%)
  [Epoch 9] Batch 100/109 (92%)
[Epoch 9/700] train_loss=0.6351 val_loss=0.6298 lr=1.00e-03 (8s)
  [Epoch 10] Batch 50/109 (46%)
  [Epoch 10] Batch 100/109 (92%)
[Epoch 10/700] train_loss=0.6285 val_loss=0.6186 lr=9.99e-04 (8s)
  [Epoch 11] Batch 50/109 (46%)
  [Epoch 11] Batch 100/109 (92%)
[Epoch 11/700] train_loss=0.6302 val_loss=0.6193 lr=9.99e-04 (8s)
  [Epoch 12] Batch 50/109 (46%)
  [Epoch 12] Batch 100/109 (92%)
[Epoch 12/700] train_loss=0.6186 val_loss=0.6237 lr=9.99e-04 (8s)
  [Epoch 13] Batch 50/109 (46%)
  [Epoch 13] Batch 100/109 (92%)
[Epoch 13/700] train_loss=0.6120 val_loss=0.6036 lr=9.99e-04 (9s)
  [Epoch 14] Batch 50/109 (46%)
  [Epoch 14] Batch 100/109 (92%)
[Epoch 14/700] train_loss=0.6064 val_loss=0.5880 lr=9.99e-04 (8s)
  [Epoch 15] Batch 50/109 (46%)
  [Epoch 15] Batch 100/109 (92%)
[Epoch 15/700] train_loss=0.5979 val_loss=0.5985 lr=9.99e-04 (8s)
  [Epoch 16] Batch 50/109 (46%)
  [Epoch 16] Batch 100/109 (92%)
[Epoch 16/700] train_loss=0.6016 val_loss=0.5783 lr=9.99e-04 (8s)
  [Epoch 17] Batch 50/109 (46%)
  [Epoch 17] Batch 100/109 (92%)
[Epoch 17/700] train_loss=0.5872 val_loss=0.5928 lr=9.99e-04 (8s)
  [Epoch 18] Batch 50/109 (46%)
  [Epoch 18] Batch 100/109 (92%)
[Epoch 18/700] train_loss=0.5887 val_loss=0.5751 lr=9.98e-04 (9s)
  [Epoch 19] Batch 50/109 (46%)
  [Epoch 19] Batch 100/109 (92%)
[Epoch 19/700] train_loss=0.5809 val_loss=0.5797 lr=9.98e-04 (8s)
  [Epoch 20] Batch 50/109 (46%)
  [Epoch 20] Batch 100/109 (92%)
[Epoch 20/700] train_loss=0.5815 val_loss=0.5690 lr=9.98e-04 (9s)
  [Epoch 21] Batch 50/109 (46%)
  [Epoch 21] Batch 100/109 (92%)
[Epoch 21/700] train_loss=0.5763 val_loss=0.5625 lr=9.98e-04 (8s)
  [Epoch 22] Batch 50/109 (46%)
  [Epoch 22] Batch 100/109 (92%)
[Epoch 22/700] train_loss=0.5720 val_loss=0.5753 lr=9.98e-04 (8s)
  [Epoch 23] Batch 50/109 (46%)
  [Epoch 23] Batch 100/109 (92%)
[Epoch 23/700] train_loss=0.5690 val_loss=0.5700 lr=9.97e-04 (8s)
  [Epoch 24] Batch 50/109 (46%)
  [Epoch 24] Batch 100/109 (92%)
[Epoch 24/700] train_loss=0.5672 val_loss=0.5758 lr=9.97e-04 (8s)
  [Epoch 25] Batch 50/109 (46%)
  [Epoch 25] Batch 100/109 (92%)
[Epoch 25/700] train_loss=0.5647 val_loss=0.5570 lr=9.97e-04 (9s)
  [Epoch 26] Batch 50/109 (46%)
  [Epoch 26] Batch 100/109 (92%)
[Epoch 26/700] train_loss=0.5613 val_loss=0.5569 lr=9.97e-04 (9s)
  [Epoch 27] Batch 50/109 (46%)
  [Epoch 27] Batch 100/109 (92%)
[Epoch 27/700] train_loss=0.5587 val_loss=0.5568 lr=9.96e-04 (8s)
  [Epoch 28] Batch 50/109 (46%)
  [Epoch 28] Batch 100/109 (92%)
[Epoch 28/700] train_loss=0.5576 val_loss=0.5557 lr=9.96e-04 (8s)
  [Epoch 29] Batch 50/109 (46%)
  [Epoch 29] Batch 100/109 (92%)
[Epoch 29/700] train_loss=0.5531 val_loss=0.5494 lr=9.96e-04 (8s)
  [Epoch 30] Batch 50/109 (46%)
  [Epoch 30] Batch 100/109 (92%)
[Epoch 30/700] train_loss=0.5550 val_loss=0.5642 lr=9.95e-04 (9s)
  [Epoch 31] Batch 50/109 (46%)
  [Epoch 31] Batch 100/109 (92%)
[Epoch 31/700] train_loss=0.5553 val_loss=0.5529 lr=9.95e-04 (9s)
  [Epoch 32] Batch 50/109 (46%)
  [Epoch 32] Batch 100/109 (92%)
[Epoch 32/700] train_loss=0.5497 val_loss=0.5381 lr=9.95e-04 (9s)
  [Epoch 33] Batch 50/109 (46%)
  [Epoch 33] Batch 100/109 (92%)
[Epoch 33/700] train_loss=0.5486 val_loss=0.5574 lr=9.95e-04 (9s)
  [Epoch 34] Batch 50/109 (46%)
  [Epoch 34] Batch 100/109 (92%)
[Epoch 34/700] train_loss=0.5490 val_loss=0.5472 lr=9.94e-04 (9s)
  [Epoch 35] Batch 50/109 (46%)
  [Epoch 35] Batch 100/109 (92%)
[Epoch 35/700] train_loss=0.5438 val_loss=0.5501 lr=9.94e-04 (8s)
  [Epoch 36] Batch 50/109 (46%)
  [Epoch 36] Batch 100/109 (92%)
[Epoch 36/700] train_loss=0.5449 val_loss=0.5388 lr=9.93e-04 (9s)
  [Epoch 37] Batch 50/109 (46%)
  [Epoch 37] Batch 100/109 (92%)
[Epoch 37/700] train_loss=0.5445 val_loss=0.5428 lr=9.93e-04 (9s)
  [Epoch 38] Batch 50/109 (46%)
  [Epoch 38] Batch 100/109 (92%)
[Epoch 38/700] train_loss=0.5394 val_loss=0.5442 lr=9.93e-04 (8s)
  [Epoch 39] Batch 50/109 (46%)
  [Epoch 39] Batch 100/109 (92%)
[Epoch 39/700] train_loss=0.5397 val_loss=0.5470 lr=9.92e-04 (9s)
  [Epoch 40] Batch 50/109 (46%)
  [Epoch 40] Batch 100/109 (92%)
[Epoch 40/700] train_loss=0.5447 val_loss=0.5322 lr=9.92e-04 (8s)
  [Epoch 41] Batch 50/109 (46%)
  [Epoch 41] Batch 100/109 (92%)
[Epoch 41/700] train_loss=0.5403 val_loss=0.5325 lr=9.92e-04 (8s)
  [Epoch 42] Batch 50/109 (46%)
  [Epoch 42] Batch 100/109 (92%)
[Epoch 42/700] train_loss=0.5358 val_loss=0.5433 lr=9.91e-04 (9s)
  [Epoch 43] Batch 50/109 (46%)
  [Epoch 43] Batch 100/109 (92%)
[Epoch 43/700] train_loss=0.5359 val_loss=0.5461 lr=9.91e-04 (9s)
  [Epoch 44] Batch 50/109 (46%)
  [Epoch 44] Batch 100/109 (92%)
[Epoch 44/700] train_loss=0.5380 val_loss=0.5383 lr=9.90e-04 (8s)
  [Epoch 45] Batch 50/109 (46%)
  [Epoch 45] Batch 100/109 (92%)
[Epoch 45/700] train_loss=0.5396 val_loss=0.5424 lr=9.90e-04 (9s)
  [Epoch 46] Batch 50/109 (46%)
  [Epoch 46] Batch 100/109 (92%)
[Epoch 46/700] train_loss=0.5370 val_loss=0.5286 lr=9.89e-04 (9s)
  [Epoch 47] Batch 50/109 (46%)
  [Epoch 47] Batch 100/109 (92%)
[Epoch 47/700] train_loss=0.5298 val_loss=0.5320 lr=9.89e-04 (9s)
  [Epoch 48] Batch 50/109 (46%)
  [Epoch 48] Batch 100/109 (92%)
[Epoch 48/700] train_loss=0.5323 val_loss=0.5351 lr=9.88e-04 (8s)
  [Epoch 49] Batch 50/109 (46%)
  [Epoch 49] Batch 100/109 (92%)
[Epoch 49/700] train_loss=0.5349 val_loss=0.5320 lr=9.88e-04 (8s)
  [Epoch 50] Batch 50/109 (46%)
  [Epoch 50] Batch 100/109 (92%)
[Epoch 50/700] train_loss=0.5292 val_loss=0.5137 lr=9.87e-04 (9s)
  [Epoch 51] Batch 50/109 (46%)
  [Epoch 51] Batch 100/109 (92%)
[Epoch 51/700] train_loss=0.5309 val_loss=0.5363 lr=9.87e-04 (9s)
  [Epoch 52] Batch 50/109 (46%)
  [Epoch 52] Batch 100/109 (92%)
[Epoch 52/700] train_loss=0.5286 val_loss=0.5358 lr=9.86e-04 (8s)
  [Epoch 53] Batch 50/109 (46%)
  [Epoch 53] Batch 100/109 (92%)
[Epoch 53/700] train_loss=0.5310 val_loss=0.5275 lr=9.86e-04 (9s)
  [Epoch 54] Batch 50/109 (46%)
  [Epoch 54] Batch 100/109 (92%)
[Epoch 54/700] train_loss=0.5318 val_loss=0.5271 lr=9.85e-04 (8s)
  [Epoch 55] Batch 50/109 (46%)
  [Epoch 55] Batch 100/109 (92%)
[Epoch 55/700] train_loss=0.5263 val_loss=0.5211 lr=9.85e-04 (8s)
  [Epoch 56] Batch 50/109 (46%)
  [Epoch 56] Batch 100/109 (92%)
[Epoch 56/700] train_loss=0.5271 val_loss=0.5074 lr=9.84e-04 (9s)
  [Epoch 57] Batch 50/109 (46%)
  [Epoch 57] Batch 100/109 (92%)
[Epoch 57/700] train_loss=0.5297 val_loss=0.5183 lr=9.84e-04 (9s)
  [Epoch 58] Batch 50/109 (46%)
  [Epoch 58] Batch 100/109 (92%)
[Epoch 58/700] train_loss=0.5230 val_loss=0.5225 lr=9.83e-04 (8s)
  [Epoch 59] Batch 50/109 (46%)
  [Epoch 59] Batch 100/109 (92%)
[Epoch 59/700] train_loss=0.5287 val_loss=0.5251 lr=9.83e-04 (9s)
  [Epoch 60] Batch 50/109 (46%)
  [Epoch 60] Batch 100/109 (92%)
[Epoch 60/700] train_loss=0.5248 val_loss=0.5286 lr=9.82e-04 (9s)
  [Epoch 61] Batch 50/109 (46%)
  [Epoch 61] Batch 100/109 (92%)
[Epoch 61/700] train_loss=0.5205 val_loss=0.5276 lr=9.81e-04 (9s)
  [Epoch 62] Batch 50/109 (46%)
  [Epoch 62] Batch 100/109 (92%)
[Epoch 62/700] train_loss=0.5269 val_loss=0.5291 lr=9.81e-04 (9s)
  [Epoch 63] Batch 50/109 (46%)
  [Epoch 63] Batch 100/109 (92%)
[Epoch 63/700] train_loss=0.5260 val_loss=0.5224 lr=9.80e-04 (8s)
  [Epoch 64] Batch 50/109 (46%)
  [Epoch 64] Batch 100/109 (92%)
[Epoch 64/700] train_loss=0.5241 val_loss=0.5241 lr=9.80e-04 (9s)
  [Epoch 65] Batch 50/109 (46%)
  [Epoch 65] Batch 100/109 (92%)
[Epoch 65/700] train_loss=0.5231 val_loss=0.5295 lr=9.79e-04 (9s)
  [Epoch 66] Batch 50/109 (46%)
  [Epoch 66] Batch 100/109 (92%)
[Epoch 66/700] train_loss=0.5201 val_loss=0.5218 lr=9.78e-04 (8s)
  [Epoch 67] Batch 50/109 (46%)
  [Epoch 67] Batch 100/109 (92%)
[Epoch 67/700] train_loss=0.5235 val_loss=0.5221 lr=9.78e-04 (9s)
  [Epoch 68] Batch 50/109 (46%)
  [Epoch 68] Batch 100/109 (92%)
[Epoch 68/700] train_loss=0.5206 val_loss=0.5290 lr=9.77e-04 (8s)
  [Epoch 69] Batch 50/109 (46%)
  [Epoch 69] Batch 100/109 (92%)
[Epoch 69/700] train_loss=0.5254 val_loss=0.5182 lr=9.76e-04 (9s)
  [Epoch 70] Batch 50/109 (46%)
  [Epoch 70] Batch 100/109 (92%)
[Epoch 70/700] train_loss=0.5216 val_loss=0.5174 lr=9.76e-04 (9s)
  [Epoch 71] Batch 50/109 (46%)
  [Epoch 71] Batch 100/109 (92%)
[Epoch 71/700] train_loss=0.5153 val_loss=0.5315 lr=9.75e-04 (9s)
  [Epoch 72] Batch 50/109 (46%)
  [Epoch 72] Batch 100/109 (92%)
[Epoch 72/700] train_loss=0.5188 val_loss=0.5175 lr=9.74e-04 (8s)
  [Epoch 73] Batch 50/109 (46%)
  [Epoch 73] Batch 100/109 (92%)
[Epoch 73/700] train_loss=0.5204 val_loss=0.5241 lr=9.73e-04 (9s)
  [Epoch 74] Batch 50/109 (46%)
  [Epoch 74] Batch 100/109 (92%)
[Epoch 74/700] train_loss=0.5138 val_loss=0.5150 lr=9.73e-04 (8s)
  [Epoch 75] Batch 50/109 (46%)
  [Epoch 75] Batch 100/109 (92%)
[Epoch 75/700] train_loss=0.5186 val_loss=0.5219 lr=9.72e-04 (8s)
  [Epoch 76] Batch 50/109 (46%)
  [Epoch 76] Batch 100/109 (92%)
[Epoch 76/700] train_loss=0.5208 val_loss=0.5277 lr=9.71e-04 (9s)
  [Epoch 77] Batch 50/109 (46%)
  [Epoch 77] Batch 100/109 (92%)
[Epoch 77/700] train_loss=0.5143 val_loss=0.5253 lr=9.70e-04 (8s)
  [Epoch 78] Batch 50/109 (46%)
  [Epoch 78] Batch 100/109 (92%)
[Epoch 78/700] train_loss=0.5127 val_loss=0.5317 lr=9.70e-04 (9s)
  [Epoch 79] Batch 50/109 (46%)
  [Epoch 79] Batch 100/109 (92%)
[Epoch 79/700] train_loss=0.5124 val_loss=0.5265 lr=9.69e-04 (9s)
  [Epoch 80] Batch 50/109 (46%)
  [Epoch 80] Batch 100/109 (92%)
[Epoch 80/700] train_loss=0.5161 val_loss=0.5150 lr=9.68e-04 (9s)
  [Epoch 81] Batch 50/109 (46%)
  [Epoch 81] Batch 100/109 (92%)
[Epoch 81/700] train_loss=0.5159 val_loss=0.5035 lr=9.67e-04 (9s)
  [Epoch 82] Batch 50/109 (46%)
  [Epoch 82] Batch 100/109 (92%)
[Epoch 82/700] train_loss=0.5138 val_loss=0.5046 lr=9.67e-04 (9s)
  [Epoch 83] Batch 50/109 (46%)
  [Epoch 83] Batch 100/109 (92%)
[Epoch 83/700] train_loss=0.5121 val_loss=0.5028 lr=9.66e-04 (8s)
  [Epoch 84] Batch 50/109 (46%)
  [Epoch 84] Batch 100/109 (92%)
[Epoch 84/700] train_loss=0.5139 val_loss=0.5219 lr=9.65e-04 (9s)
  [Epoch 85] Batch 50/109 (46%)
  [Epoch 85] Batch 100/109 (92%)
[Epoch 85/700] train_loss=0.5144 val_loss=0.5190 lr=9.64e-04 (9s)
  [Epoch 86] Batch 50/109 (46%)
  [Epoch 86] Batch 100/109 (92%)
[Epoch 86/700] train_loss=0.5108 val_loss=0.5236 lr=9.63e-04 (8s)
  [Epoch 87] Batch 50/109 (46%)
  [Epoch 87] Batch 100/109 (92%)
[Epoch 87/700] train_loss=0.5085 val_loss=0.5147 lr=9.62e-04 (8s)
  [Epoch 88] Batch 50/109 (46%)
  [Epoch 88] Batch 100/109 (92%)
[Epoch 88/700] train_loss=0.5139 val_loss=0.5134 lr=9.62e-04 (9s)
  [Epoch 89] Batch 50/109 (46%)
  [Epoch 89] Batch 100/109 (92%)
[Epoch 89/700] train_loss=0.5077 val_loss=0.5071 lr=9.61e-04 (9s)
  [Epoch 90] Batch 50/109 (46%)
  [Epoch 90] Batch 100/109 (92%)
[Epoch 90/700] train_loss=0.5109 val_loss=0.5215 lr=9.60e-04 (8s)
  [Epoch 91] Batch 50/109 (46%)
  [Epoch 91] Batch 100/109 (92%)
[Epoch 91/700] train_loss=0.5072 val_loss=0.5111 lr=9.59e-04 (9s)
  [Epoch 92] Batch 50/109 (46%)
  [Epoch 92] Batch 100/109 (92%)
[Epoch 92/700] train_loss=0.5074 val_loss=0.5196 lr=9.58e-04 (9s)
  [Epoch 93] Batch 50/109 (46%)
  [Epoch 93] Batch 100/109 (92%)
[Epoch 93/700] train_loss=0.5109 val_loss=0.5226 lr=9.57e-04 (9s)
  [Epoch 94] Batch 50/109 (46%)
  [Epoch 94] Batch 100/109 (92%)
[Epoch 94/700] train_loss=0.5106 val_loss=0.5089 lr=9.56e-04 (8s)
  [Epoch 95] Batch 50/109 (46%)
  [Epoch 95] Batch 100/109 (92%)
[Epoch 95/700] train_loss=0.5061 val_loss=0.5160 lr=9.55e-04 (9s)
  [Epoch 96] Batch 50/109 (46%)
  [Epoch 96] Batch 100/109 (92%)
[Epoch 96/700] train_loss=0.5106 val_loss=0.5102 lr=9.54e-04 (8s)
  [Epoch 97] Batch 50/109 (46%)
  [Epoch 97] Batch 100/109 (92%)
[Epoch 97/700] train_loss=0.5126 val_loss=0.5189 lr=9.53e-04 (9s)
  [Epoch 98] Batch 50/109 (46%)
  [Epoch 98] Batch 100/109 (92%)
[Epoch 98/700] train_loss=0.5044 val_loss=0.5063 lr=9.52e-04 (9s)
  [Epoch 99] Batch 50/109 (46%)
  [Epoch 99] Batch 100/109 (92%)
[Epoch 99/700] train_loss=0.5090 val_loss=0.5198 lr=9.51e-04 (8s)
  [Epoch 100] Batch 50/109 (46%)
  [Epoch 100] Batch 100/109 (92%)
[Epoch 100/700] train_loss=0.5085 val_loss=0.5155 lr=9.50e-04 (8s)
  [Epoch 101] Batch 50/109 (46%)
  [Epoch 101] Batch 100/109 (92%)
[Epoch 101/700] train_loss=0.5087 val_loss=0.5121 lr=9.50e-04 (9s)
  [Epoch 102] Batch 50/109 (46%)
  [Epoch 102] Batch 100/109 (92%)
[Epoch 102/700] train_loss=0.5058 val_loss=0.5146 lr=9.49e-04 (8s)
  [Epoch 103] Batch 50/109 (46%)
  [Epoch 103] Batch 100/109 (92%)
[Epoch 103/700] train_loss=0.5053 val_loss=0.5246 lr=9.48e-04 (9s)
  [Epoch 104] Batch 50/109 (46%)
  [Epoch 104] Batch 100/109 (92%)
[Epoch 104/700] train_loss=0.5099 val_loss=0.4979 lr=9.47e-04 (9s)
  [Epoch 105] Batch 50/109 (46%)
  [Epoch 105] Batch 100/109 (92%)
[Epoch 105/700] train_loss=0.5081 val_loss=0.5006 lr=9.46e-04 (8s)
  [Epoch 106] Batch 50/109 (46%)
  [Epoch 106] Batch 100/109 (92%)
[Epoch 106/700] train_loss=0.5043 val_loss=0.5017 lr=9.44e-04 (9s)
  [Epoch 107] Batch 50/109 (46%)
  [Epoch 107] Batch 100/109 (92%)
[Epoch 107/700] train_loss=0.5066 val_loss=0.5086 lr=9.43e-04 (8s)
  [Epoch 108] Batch 50/109 (46%)
  [Epoch 108] Batch 100/109 (92%)
[Epoch 108/700] train_loss=0.5077 val_loss=0.5120 lr=9.42e-04 (9s)
  [Epoch 109] Batch 50/109 (46%)
  [Epoch 109] Batch 100/109 (92%)
[Epoch 109/700] train_loss=0.4994 val_loss=0.5112 lr=9.41e-04 (9s)
  [Epoch 110] Batch 50/109 (46%)
  [Epoch 110] Batch 100/109 (92%)
[Epoch 110/700] train_loss=0.5069 val_loss=0.5079 lr=9.40e-04 (8s)
  [Epoch 111] Batch 50/109 (46%)
  [Epoch 111] Batch 100/109 (92%)
[Epoch 111/700] train_loss=0.5084 val_loss=0.5033 lr=9.39e-04 (8s)
  [Epoch 112] Batch 50/109 (46%)
  [Epoch 112] Batch 100/109 (92%)
[Epoch 112/700] train_loss=0.5044 val_loss=0.5158 lr=9.38e-04 (8s)
  [Epoch 113] Batch 50/109 (46%)
  [Epoch 113] Batch 100/109 (92%)
[Epoch 113/700] train_loss=0.5035 val_loss=0.5053 lr=9.37e-04 (9s)
  [Epoch 114] Batch 50/109 (46%)
  [Epoch 114] Batch 100/109 (92%)
[Epoch 114/700] train_loss=0.5013 val_loss=0.4936 lr=9.36e-04 (9s)
  [Epoch 115] Batch 50/109 (46%)
  [Epoch 115] Batch 100/109 (92%)
[Epoch 115/700] train_loss=0.5021 val_loss=0.5155 lr=9.35e-04 (9s)
  [Epoch 116] Batch 50/109 (46%)
  [Epoch 116] Batch 100/109 (92%)
[Epoch 116/700] train_loss=0.5012 val_loss=0.5118 lr=9.34e-04 (9s)
  [Epoch 117] Batch 50/109 (46%)
  [Epoch 117] Batch 100/109 (92%)
[Epoch 117/700] train_loss=0.5030 val_loss=0.5047 lr=9.33e-04 (9s)
  [Epoch 118] Batch 50/109 (46%)
  [Epoch 118] Batch 100/109 (92%)
[Epoch 118/700] train_loss=0.5028 val_loss=0.5109 lr=9.32e-04 (9s)
  [Epoch 119] Batch 50/109 (46%)
  [Epoch 119] Batch 100/109 (92%)
[Epoch 119/700] train_loss=0.5009 val_loss=0.5050 lr=9.30e-04 (9s)
  [Epoch 120] Batch 50/109 (46%)
  [Epoch 120] Batch 100/109 (92%)
[Epoch 120/700] train_loss=0.4994 val_loss=0.5188 lr=9.29e-04 (9s)
  [Epoch 121] Batch 50/109 (46%)
  [Epoch 121] Batch 100/109 (92%)
[Epoch 121/700] train_loss=0.5007 val_loss=0.5009 lr=9.28e-04 (9s)
  [Epoch 122] Batch 50/109 (46%)
  [Epoch 122] Batch 100/109 (92%)
[Epoch 122/700] train_loss=0.5042 val_loss=0.5019 lr=9.27e-04 (8s)
  [Epoch 123] Batch 50/109 (46%)
  [Epoch 123] Batch 100/109 (92%)
[Epoch 123/700] train_loss=0.5022 val_loss=0.4967 lr=9.26e-04 (9s)
  [Epoch 124] Batch 50/109 (46%)
  [Epoch 124] Batch 100/109 (92%)
[Epoch 124/700] train_loss=0.5040 val_loss=0.5005 lr=9.25e-04 (8s)
  [Epoch 125] Batch 50/109 (46%)
  [Epoch 125] Batch 100/109 (92%)
[Epoch 125/700] train_loss=0.4956 val_loss=0.5143 lr=9.23e-04 (8s)
  [Epoch 126] Batch 50/109 (46%)
  [Epoch 126] Batch 100/109 (92%)
[Epoch 126/700] train_loss=0.4984 val_loss=0.5032 lr=9.22e-04 (9s)
  [Epoch 127] Batch 50/109 (46%)
  [Epoch 127] Batch 100/109 (92%)
[Epoch 127/700] train_loss=0.5008 val_loss=0.4934 lr=9.21e-04 (9s)
  [Epoch 128] Batch 50/109 (46%)
  [Epoch 128] Batch 100/109 (92%)
[Epoch 128/700] train_loss=0.4974 val_loss=0.5051 lr=9.20e-04 (9s)
  [Epoch 129] Batch 50/109 (46%)
  [Epoch 129] Batch 100/109 (92%)
[Epoch 129/700] train_loss=0.4987 val_loss=0.5006 lr=9.19e-04 (8s)
  [Epoch 130] Batch 50/109 (46%)
  [Epoch 130] Batch 100/109 (92%)
[Epoch 130/700] train_loss=0.4976 val_loss=0.5085 lr=9.17e-04 (8s)
  [Epoch 131] Batch 50/109 (46%)
  [Epoch 131] Batch 100/109 (92%)
[Epoch 131/700] train_loss=0.4992 val_loss=0.4991 lr=9.16e-04 (9s)
  [Epoch 132] Batch 50/109 (46%)
  [Epoch 132] Batch 100/109 (92%)
[Epoch 132/700] train_loss=0.4992 val_loss=0.5040 lr=9.15e-04 (8s)
  [Epoch 133] Batch 50/109 (46%)
  [Epoch 133] Batch 100/109 (92%)
[Epoch 133/700] train_loss=0.4956 val_loss=0.5033 lr=9.14e-04 (8s)
  [Epoch 134] Batch 50/109 (46%)
  [Epoch 134] Batch 100/109 (92%)
[Epoch 134/700] train_loss=0.4984 val_loss=0.4953 lr=9.12e-04 (9s)
  [Epoch 135] Batch 50/109 (46%)
  [Epoch 135] Batch 100/109 (92%)
[Epoch 135/700] train_loss=0.4961 val_loss=0.5031 lr=9.11e-04 (8s)
  [Epoch 136] Batch 50/109 (46%)
  [Epoch 136] Batch 100/109 (92%)
[Epoch 136/700] train_loss=0.4978 val_loss=0.5080 lr=9.10e-04 (9s)
  [Epoch 137] Batch 50/109 (46%)
  [Epoch 137] Batch 100/109 (92%)
[Epoch 137/700] train_loss=0.4939 val_loss=0.5029 lr=9.08e-04 (9s)
  [Epoch 138] Batch 50/109 (46%)
  [Epoch 138] Batch 100/109 (92%)
[Epoch 138/700] train_loss=0.4983 val_loss=0.5010 lr=9.07e-04 (9s)
  [Epoch 139] Batch 50/109 (46%)
  [Epoch 139] Batch 100/109 (92%)
[Epoch 139/700] train_loss=0.4994 val_loss=0.5022 lr=9.06e-04 (8s)
  [Epoch 140] Batch 50/109 (46%)
  [Epoch 140] Batch 100/109 (92%)
[Epoch 140/700] train_loss=0.4941 val_loss=0.5047 lr=9.05e-04 (9s)
  [Epoch 141] Batch 50/109 (46%)
  [Epoch 141] Batch 100/109 (92%)
[Epoch 141/700] train_loss=0.4950 val_loss=0.4998 lr=9.03e-04 (8s)
  [Epoch 142] Batch 50/109 (46%)
  [Epoch 142] Batch 100/109 (92%)
[Epoch 142/700] train_loss=0.4933 val_loss=0.5060 lr=9.02e-04 (8s)
  [Epoch 143] Batch 50/109 (46%)
  [Epoch 143] Batch 100/109 (92%)
[Epoch 143/700] train_loss=0.4941 val_loss=0.5068 lr=9.01e-04 (9s)
  [Epoch 144] Batch 50/109 (46%)
  [Epoch 144] Batch 100/109 (92%)
[Epoch 144/700] train_loss=0.4945 val_loss=0.5006 lr=8.99e-04 (9s)
  [Epoch 145] Batch 50/109 (46%)
  [Epoch 145] Batch 100/109 (92%)
[Epoch 145/700] train_loss=0.4934 val_loss=0.4966 lr=8.98e-04 (9s)
  [Epoch 146] Batch 50/109 (46%)
  [Epoch 146] Batch 100/109 (92%)
[Epoch 146/700] train_loss=0.4965 val_loss=0.5033 lr=8.96e-04 (8s)
  [Epoch 147] Batch 50/109 (46%)
  [Epoch 147] Batch 100/109 (92%)
[Epoch 147/700] train_loss=0.4953 val_loss=0.5038 lr=8.95e-04 (9s)
  [Epoch 148] Batch 50/109 (46%)
  [Epoch 148] Batch 100/109 (92%)
[Epoch 148/700] train_loss=0.4921 val_loss=0.4989 lr=8.94e-04 (8s)
  [Epoch 149] Batch 50/109 (46%)
  [Epoch 149] Batch 100/109 (92%)
[Epoch 149/700] train_loss=0.4935 val_loss=0.5033 lr=8.92e-04 (9s)
  [Epoch 150] Batch 50/109 (46%)
  [Epoch 150] Batch 100/109 (92%)
[Epoch 150/700] train_loss=0.4872 val_loss=0.4987 lr=8.91e-04 (9s)
  [Epoch 151] Batch 50/109 (46%)
  [Epoch 151] Batch 100/109 (92%)
[Epoch 151/700] train_loss=0.4907 val_loss=0.5037 lr=8.90e-04 (9s)
  [Epoch 152] Batch 50/109 (46%)
  [Epoch 152] Batch 100/109 (92%)
[Epoch 152/700] train_loss=0.4967 val_loss=0.4945 lr=8.88e-04 (9s)
  [Epoch 153] Batch 50/109 (46%)
  [Epoch 153] Batch 100/109 (92%)
[Epoch 153/700] train_loss=0.4908 val_loss=0.5005 lr=8.87e-04 (9s)
  [Epoch 154] Batch 50/109 (46%)
  [Epoch 154] Batch 100/109 (92%)
[Epoch 154/700] train_loss=0.4945 val_loss=0.4968 lr=8.85e-04 (9s)
  [Epoch 155] Batch 50/109 (46%)
  [Epoch 155] Batch 100/109 (92%)
[Epoch 155/700] train_loss=0.4919 val_loss=0.4977 lr=8.84e-04 (9s)
  [Epoch 156] Batch 50/109 (46%)
  [Epoch 156] Batch 100/109 (92%)
[Epoch 156/700] train_loss=0.4892 val_loss=0.4945 lr=8.82e-04 (9s)
  [Epoch 157] Batch 50/109 (46%)
  [Epoch 157] Batch 100/109 (92%)
[Epoch 157/700] train_loss=0.4903 val_loss=0.4963 lr=8.81e-04 (9s)
  [Epoch 158] Batch 50/109 (46%)
  [Epoch 158] Batch 100/109 (92%)
[Epoch 158/700] train_loss=0.4927 val_loss=0.5010 lr=8.79e-04 (9s)
  [Epoch 159] Batch 50/109 (46%)
  [Epoch 159] Batch 100/109 (92%)
[Epoch 159/700] train_loss=0.4868 val_loss=0.4958 lr=8.78e-04 (9s)
  [Epoch 160] Batch 50/109 (46%)
  [Epoch 160] Batch 100/109 (92%)
[Epoch 160/700] train_loss=0.4913 val_loss=0.4985 lr=8.77e-04 (9s)
  [Epoch 161] Batch 50/109 (46%)
  [Epoch 161] Batch 100/109 (92%)
[Epoch 161/700] train_loss=0.4893 val_loss=0.4973 lr=8.75e-04 (9s)
  [Epoch 162] Batch 50/109 (46%)
  [Epoch 162] Batch 100/109 (92%)
[Epoch 162/700] train_loss=0.4882 val_loss=0.4968 lr=8.74e-04 (8s)
  [Epoch 163] Batch 50/109 (46%)
  [Epoch 163] Batch 100/109 (92%)
[Epoch 163/700] train_loss=0.4887 val_loss=0.4937 lr=8.72e-04 (9s)
  [Epoch 164] Batch 50/109 (46%)
  [Epoch 164] Batch 100/109 (92%)
[Epoch 164/700] train_loss=0.4899 val_loss=0.5044 lr=8.71e-04 (8s)
  [Epoch 165] Batch 50/109 (46%)
  [Epoch 165] Batch 100/109 (92%)
[Epoch 165/700] train_loss=0.4884 val_loss=0.4953 lr=8.69e-04 (9s)
  [Epoch 166] Batch 50/109 (46%)
  [Epoch 166] Batch 100/109 (92%)
[Epoch 166/700] train_loss=0.4859 val_loss=0.5025 lr=8.68e-04 (8s)
  [Epoch 167] Batch 50/109 (46%)
  [Epoch 167] Batch 100/109 (92%)
[Epoch 167/700] train_loss=0.4888 val_loss=0.4936 lr=8.66e-04 (8s)
  [Epoch 168] Batch 50/109 (46%)
  [Epoch 168] Batch 100/109 (92%)
[Epoch 168/700] train_loss=0.4909 val_loss=0.5111 lr=8.64e-04 (8s)
  [Epoch 169] Batch 50/109 (46%)
  [Epoch 169] Batch 100/109 (92%)
[Epoch 169/700] train_loss=0.4878 val_loss=0.4938 lr=8.63e-04 (9s)
  [Epoch 170] Batch 50/109 (46%)
  [Epoch 170] Batch 100/109 (92%)
[Epoch 170/700] train_loss=0.4839 val_loss=0.5044 lr=8.61e-04 (9s)
  [Epoch 171] Batch 50/109 (46%)
  [Epoch 171] Batch 100/109 (92%)
[Epoch 171/700] train_loss=0.4907 val_loss=0.5040 lr=8.60e-04 (8s)
  [Epoch 172] Batch 50/109 (46%)
  [Epoch 172] Batch 100/109 (92%)
[Epoch 172/700] train_loss=0.4845 val_loss=0.4974 lr=8.58e-04 (9s)
  [Epoch 173] Batch 50/109 (46%)
  [Epoch 173] Batch 100/109 (92%)
[Epoch 173/700] train_loss=0.4834 val_loss=0.4951 lr=8.57e-04 (8s)
  [Epoch 174] Batch 50/109 (46%)
  [Epoch 174] Batch 100/109 (92%)
[Epoch 174/700] train_loss=0.4858 val_loss=0.4938 lr=8.55e-04 (9s)
  [Epoch 175] Batch 50/109 (46%)
  [Epoch 175] Batch 100/109 (92%)
[Epoch 175/700] train_loss=0.4862 val_loss=0.4967 lr=8.54e-04 (8s)
  [Epoch 176] Batch 50/109 (46%)
  [Epoch 176] Batch 100/109 (92%)
[Epoch 176/700] train_loss=0.4839 val_loss=0.4966 lr=8.52e-04 (9s)
  [Epoch 177] Batch 50/109 (46%)
  [Epoch 177] Batch 100/109 (92%)
[Epoch 177/700] train_loss=0.4823 val_loss=0.5002 lr=8.50e-04 (8s)

[Training] Completed!

✓ Training completed!
  Final checkpoint: /public/home/xiongzhzh2023/PT4ConTSG/experiments/20260403_165923_airquality_beijing_pt_factor_generator/checkpoints/finetune/finetune-epoch=126-val/loss=0.4934.ckpt
  Experiment: experiments/20260403_165923_airquality_beijing_pt_factor_generator

Running automatic evaluation...
[Evaluating (generating)] Starting (0/14)...
[Evaluating (generating)] 1/14 (7%)
[Evaluating (generating)] 2/14 (14%)
[Evaluating (generating)] 3/14 (21%)
[Evaluating (generating)] 5/14 (36%)
[Evaluating (generating)] 6/14 (43%)
[Evaluating (generating)] 7/14 (50%)
[Evaluating (generating)] 9/14 (64%)
[Evaluating (generating)] 10/14 (71%)
[Evaluating (generating)] 12/14 (86%)
[Evaluating (generating)] 13/14 (93%)
[Evaluating (generating)] 14/14 (100%)
[Evaluating (generating)] Completed (14 items)
Evaluation results saved to: experiments/20260403_165923_airquality_beijing_pt_factor_generator/results/eval_results.json
           Evaluation Results           
┏━━━━━━━━━━━━━━━━━━━━━━━━━┳━━━━━━━━━━━━┓
┃ Metric                  ┃      Value ┃
┡━━━━━━━━━━━━━━━━━━━━━━━━━╇━━━━━━━━━━━━┩
│ dtw                     │   6.263738 │
│ wape                    │  74.705429 │
│ ed                      │   6.894540 │
│ crps                    │   0.287776 │
│ acd                     │   0.039420 │
│ sd                      │   0.239582 │
│ kd                      │   0.569990 │
│ mdd                     │   0.018532 │
│ fid                     │ 291.938386 │
│ jftsd                   │ 415.286285 │
│ cttp                    │   5.865271 │
│ disc_auc                │   0.999056 │
│ prdc_f1.f1              │   0.333599 │
│ prdc_f1.precision       │   0.924173 │
│ prdc_f1.recall          │   0.203535 │
│ joint_prdc_f1.f1        │   0.795544 │
│ joint_prdc_f1.precision │   0.938426 │
│ joint_prdc_f1.recall    │   0.690422 │
└─────────────────────────┴────────────┘

┏━━━━━━━━━━━━━━━━━━━━━━━━━┳━━━━━━━━━━━━┓
┃ Metric                  ┃      Value ┃
┡━━━━━━━━━━━━━━━━━━━━━━━━━╇━━━━━━━━━━━━┩
│ dtw                     │   6.258183 │
│ wape                    │  74.612167 │
│ ed                      │   6.878884 │
│ crps                    │   0.287247 │
│ acd                     │   0.039134 │
│ sd                      │   0.244689 │
│ kd                      │   0.590019 │
│ mdd                     │   0.018707 │
│ fid                     │ 294.721552 │
│ jftsd                   │ 418.076155 │
│ cttp                    │   6.543483 │
│ disc_auc                │   0.999116 │
│ prdc_f1.f1              │   0.342614 │
│ prdc_f1.precision       │   0.911631 │
│ prdc_f1.recall          │   0.210946 │
│ joint_prdc_f1.f1        │   0.830362 │
│ joint_prdc_f1.precision │   0.957241 │
│ joint_prdc_f1.recall    │   0.733181 │
└─────────────────────────┴────────────┘
