Loading config from: configs/generators/ptfg_weather_morphology.yaml
Model schema mode: relaxed (no model-specific schema for 'pt_factor_generator')
         Configuration Summary         
┌───────────────┬─────────────────────┐
│ Dataset       │ weather_morphology  │
│ Model         │ pt_factor_generator │
│ Epochs        │ 700                 │
│ Batch Size    │ 128                 │
│ Learning Rate │ 0.001               │
│ Device        │ cuda:0              │
│ Seed          │ 42                  │
└───────────────┴─────────────────────┘

Experiment directory: experiments/20260403_171344_weather_morphology_pt_factor_generator

Model: pt_factor_generator
Creating data module: weather_morphology

Starting multi-stage training (1 stage(s))...
  Stage 1: finetune (700 epochs, lr=0.001)
┏━━━┳━━━━━━━━━━━━━━┳━━━━━━━━━━━━━━━━━━━━━━━━┳━━━━━━━━┳━━━━━━━┳━━━━━━━┓
┃   ┃ Name         ┃ Type                   ┃ Params ┃ Mode  ┃ FLOPs ┃
┡━━━╇━━━━━━━━━━━━━━╇━━━━━━━━━━━━━━━━━━━━━━━━╇━━━━━━━━╇━━━━━━━╇━━━━━━━┩
│ 0 │ net          │ PTFactorNoisePredictor │  5.0 M │ train │     0 │
│   │ other params │ n/a                    │  1.0 K │ n/a   │   n/a │
└───┴──────────────┴────────────────────────┴────────┴───────┴───────┘
Trainable params: 5.0 M                                                                                                                                                                                       
Non-trainable params: 0                                                                                                                                                                                       
Total params: 5.0 M                                                                                                                                                                                           
Total estimated model params size (MB): 19                                                                                                                                                                    
Modules in train mode: 195                                                                                                                                                                                    
Modules in eval mode: 0                                                                                                                                                                                       
Total FLOPs: 0                                                                                                                                                                                                

[Training] Starting 700 epochs...
  [Epoch 1] Batch 50/81 (62%)
[Epoch 1/700] train_loss=1.5778 val_loss=1.3400 lr=1.00e-03 (6s)
  [Epoch 2] Batch 50/81 (62%)
[Epoch 2/700] train_loss=0.9679 val_loss=0.9911 lr=1.00e-03 (6s)
  [Epoch 3] Batch 50/81 (62%)
[Epoch 3/700] train_loss=0.8219 val_loss=0.9295 lr=1.00e-03 (6s)
  [Epoch 4] Batch 50/81 (62%)
[Epoch 4/700] train_loss=0.7345 val_loss=0.7250 lr=1.00e-03 (6s)
  [Epoch 5] Batch 50/81 (62%)
[Epoch 5/700] train_loss=0.7017 val_loss=0.7840 lr=1.00e-03 (6s)
  [Epoch 6] Batch 50/81 (62%)
[Epoch 6/700] train_loss=0.7254 val_loss=0.7787 lr=1.00e-03 (6s)
  [Epoch 7] Batch 50/81 (62%)
[Epoch 7/700] train_loss=0.6826 val_loss=0.6718 lr=1.00e-03 (6s)
  [Epoch 8] Batch 50/81 (62%)
[Epoch 8/700] train_loss=0.6278 val_loss=0.6294 lr=1.00e-03 (6s)
  [Epoch 9] Batch 50/81 (62%)
[Epoch 9/700] train_loss=0.6318 val_loss=0.7710 lr=1.00e-03 (6s)
  [Epoch 10] Batch 50/81 (62%)
[Epoch 10/700] train_loss=0.6120 val_loss=0.6420 lr=9.99e-04 (6s)
  [Epoch 11] Batch 50/81 (62%)
[Epoch 11/700] train_loss=0.6019 val_loss=0.5975 lr=9.99e-04 (6s)
  [Epoch 12] Batch 50/81 (62%)
[Epoch 12/700] train_loss=0.6784 val_loss=0.5830 lr=9.99e-04 (6s)
  [Epoch 13] Batch 50/81 (62%)
[Epoch 13/700] train_loss=0.6066 val_loss=0.6852 lr=9.99e-04 (6s)
  [Epoch 14] Batch 50/81 (62%)
[Epoch 14/700] train_loss=0.5905 val_loss=0.7121 lr=9.99e-04 (6s)
  [Epoch 15] Batch 50/81 (62%)
[Epoch 15/700] train_loss=0.6400 val_loss=0.6533 lr=9.99e-04 (6s)
  [Epoch 16] Batch 50/81 (62%)
[Epoch 16/700] train_loss=0.6644 val_loss=0.6152 lr=9.99e-04 (6s)
  [Epoch 17] Batch 50/81 (62%)
[Epoch 17/700] train_loss=0.6405 val_loss=0.5939 lr=9.99e-04 (6s)
  [Epoch 18] Batch 50/81 (62%)
[Epoch 18/700] train_loss=0.5824 val_loss=0.5900 lr=9.98e-04 (6s)
  [Epoch 19] Batch 50/81 (62%)
[Epoch 19/700] train_loss=0.6195 val_loss=0.7372 lr=9.98e-04 (6s)
  [Epoch 20] Batch 50/81 (62%)
[Epoch 20/700] train_loss=0.5757 val_loss=0.6125 lr=9.98e-04 (6s)
  [Epoch 21] Batch 50/81 (62%)
[Epoch 21/700] train_loss=0.5639 val_loss=0.7275 lr=9.98e-04 (6s)
  [Epoch 22] Batch 50/81 (62%)
[Epoch 22/700] train_loss=0.5576 val_loss=0.5741 lr=9.98e-04 (6s)
  [Epoch 23] Batch 50/81 (62%)
[Epoch 23/700] train_loss=0.5642 val_loss=0.6119 lr=9.97e-04 (6s)
  [Epoch 24] Batch 50/81 (62%)
[Epoch 24/700] train_loss=0.5707 val_loss=0.6308 lr=9.97e-04 (6s)
  [Epoch 25] Batch 50/81 (62%)
[Epoch 25/700] train_loss=0.5624 val_loss=0.6532 lr=9.97e-04 (6s)
  [Epoch 26] Batch 50/81 (62%)
[Epoch 26/700] train_loss=0.5632 val_loss=0.5863 lr=9.97e-04 (6s)
  [Epoch 27] Batch 50/81 (62%)
[Epoch 27/700] train_loss=0.5346 val_loss=0.6183 lr=9.96e-04 (6s)
  [Epoch 28] Batch 50/81 (62%)
[Epoch 28/700] train_loss=0.5741 val_loss=0.5382 lr=9.96e-04 (6s)
  [Epoch 29] Batch 50/81 (62%)
[Epoch 29/700] train_loss=0.5408 val_loss=0.6002 lr=9.96e-04 (6s)
  [Epoch 30] Batch 50/81 (62%)
[Epoch 30/700] train_loss=0.6046 val_loss=0.5320 lr=9.95e-04 (6s)
  [Epoch 31] Batch 50/81 (62%)
[Epoch 31/700] train_loss=0.5303 val_loss=0.5158 lr=9.95e-04 (6s)
  [Epoch 32] Batch 50/81 (62%)
[Epoch 32/700] train_loss=0.5910 val_loss=0.5264 lr=9.95e-04 (6s)
  [Epoch 33] Batch 50/81 (62%)
[Epoch 33/700] train_loss=0.5412 val_loss=0.6586 lr=9.95e-04 (6s)
  [Epoch 34] Batch 50/81 (62%)
[Epoch 34/700] train_loss=0.5918 val_loss=0.5770 lr=9.94e-04 (6s)
  [Epoch 35] Batch 50/81 (62%)
[Epoch 35/700] train_loss=0.5202 val_loss=0.5105 lr=9.94e-04 (6s)
  [Epoch 36] Batch 50/81 (62%)
[Epoch 36/700] train_loss=0.5959 val_loss=0.6821 lr=9.93e-04 (6s)
  [Epoch 37] Batch 50/81 (62%)
[Epoch 37/700] train_loss=0.5123 val_loss=0.6118 lr=9.93e-04 (6s)
  [Epoch 38] Batch 50/81 (62%)
[Epoch 38/700] train_loss=0.5062 val_loss=0.5104 lr=9.93e-04 (6s)
  [Epoch 39] Batch 50/81 (62%)
[Epoch 39/700] train_loss=0.5825 val_loss=0.6770 lr=9.92e-04 (6s)
  [Epoch 40] Batch 50/81 (62%)
[Epoch 40/700] train_loss=0.5118 val_loss=0.5084 lr=9.92e-04 (6s)
  [Epoch 41] Batch 50/81 (62%)
[Epoch 41/700] train_loss=0.5834 val_loss=0.5516 lr=9.92e-04 (6s)
  [Epoch 42] Batch 50/81 (62%)
[Epoch 42/700] train_loss=0.4872 val_loss=0.5027 lr=9.91e-04 (6s)
  [Epoch 43] Batch 50/81 (62%)
[Epoch 43/700] train_loss=0.5130 val_loss=0.5776 lr=9.91e-04 (6s)
  [Epoch 44] Batch 50/81 (62%)
[Epoch 44/700] train_loss=0.5027 val_loss=0.5130 lr=9.90e-04 (6s)
  [Epoch 45] Batch 50/81 (62%)
[Epoch 45/700] train_loss=0.4979 val_loss=0.5163 lr=9.90e-04 (6s)
  [Epoch 46] Batch 50/81 (62%)
[Epoch 46/700] train_loss=0.4906 val_loss=0.6244 lr=9.89e-04 (6s)
  [Epoch 47] Batch 50/81 (62%)
[Epoch 47/700] train_loss=0.5354 val_loss=0.5546 lr=9.89e-04 (6s)
  [Epoch 48] Batch 50/81 (62%)
[Epoch 48/700] train_loss=0.5158 val_loss=0.4947 lr=9.88e-04 (6s)
  [Epoch 49] Batch 50/81 (62%)
[Epoch 49/700] train_loss=0.5152 val_loss=0.4617 lr=9.88e-04 (6s)
  [Epoch 50] Batch 50/81 (62%)
[Epoch 50/700] train_loss=0.5305 val_loss=0.5031 lr=9.87e-04 (6s)
  [Epoch 51] Batch 50/81 (62%)
[Epoch 51/700] train_loss=0.4929 val_loss=0.5222 lr=9.87e-04 (6s)
  [Epoch 52] Batch 50/81 (62%)
[Epoch 52/700] train_loss=0.5039 val_loss=0.5839 lr=9.86e-04 (6s)
  [Epoch 53] Batch 50/81 (62%)
[Epoch 53/700] train_loss=0.4940 val_loss=0.4813 lr=9.86e-04 (6s)
  [Epoch 54] Batch 50/81 (62%)
[Epoch 54/700] train_loss=0.4827 val_loss=0.5205 lr=9.85e-04 (6s)
  [Epoch 55] Batch 50/81 (62%)
[Epoch 55/700] train_loss=0.4816 val_loss=0.5145 lr=9.85e-04 (6s)
  [Epoch 56] Batch 50/81 (62%)
[Epoch 56/700] train_loss=0.4564 val_loss=0.5403 lr=9.84e-04 (6s)
  [Epoch 57] Batch 50/81 (62%)
[Epoch 57/700] train_loss=0.4744 val_loss=0.4969 lr=9.84e-04 (6s)
  [Epoch 58] Batch 50/81 (62%)
[Epoch 58/700] train_loss=0.5674 val_loss=0.4712 lr=9.83e-04 (6s)
  [Epoch 59] Batch 50/81 (62%)
[Epoch 59/700] train_loss=0.5488 val_loss=0.4892 lr=9.83e-04 (6s)
  [Epoch 60] Batch 50/81 (62%)
[Epoch 60/700] train_loss=0.5209 val_loss=0.5629 lr=9.82e-04 (6s)
  [Epoch 61] Batch 50/81 (62%)
[Epoch 61/700] train_loss=0.4886 val_loss=0.4734 lr=9.81e-04 (6s)
  [Epoch 62] Batch 50/81 (62%)
[Epoch 62/700] train_loss=0.4607 val_loss=0.6204 lr=9.81e-04 (6s)
  [Epoch 63] Batch 50/81 (62%)
[Epoch 63/700] train_loss=0.5086 val_loss=0.4985 lr=9.80e-04 (6s)
  [Epoch 64] Batch 50/81 (62%)
[Epoch 64/700] train_loss=0.5233 val_loss=0.5565 lr=9.80e-04 (6s)
  [Epoch 65] Batch 50/81 (62%)
[Epoch 65/700] train_loss=0.4857 val_loss=0.4965 lr=9.79e-04 (6s)
  [Epoch 66] Batch 50/81 (62%)
[Epoch 66/700] train_loss=0.4572 val_loss=0.5352 lr=9.78e-04 (6s)
  [Epoch 67] Batch 50/81 (62%)
[Epoch 67/700] train_loss=0.4609 val_loss=0.4953 lr=9.78e-04 (6s)
  [Epoch 68] Batch 50/81 (62%)
[Epoch 68/700] train_loss=0.4613 val_loss=0.4689 lr=9.77e-04 (6s)
  [Epoch 69] Batch 50/81 (62%)
[Epoch 69/700] train_loss=0.4537 val_loss=0.5268 lr=9.76e-04 (6s)
  [Epoch 70] Batch 50/81 (62%)
[Epoch 70/700] train_loss=0.5400 val_loss=0.5129 lr=9.76e-04 (6s)
  [Epoch 71] Batch 50/81 (62%)
[Epoch 71/700] train_loss=0.4566 val_loss=0.4768 lr=9.75e-04 (6s)
  [Epoch 72] Batch 50/81 (62%)
[Epoch 72/700] train_loss=0.4825 val_loss=0.5086 lr=9.74e-04 (6s)
  [Epoch 73] Batch 50/81 (62%)
[Epoch 73/700] train_loss=0.4504 val_loss=0.5034 lr=9.73e-04 (6s)
  [Epoch 74] Batch 50/81 (62%)
[Epoch 74/700] train_loss=0.4529 val_loss=0.4678 lr=9.73e-04 (6s)
  [Epoch 75] Batch 50/81 (62%)
[Epoch 75/700] train_loss=0.4550 val_loss=0.4690 lr=9.72e-04 (6s)
  [Epoch 76] Batch 50/81 (62%)
[Epoch 76/700] train_loss=0.4530 val_loss=0.6022 lr=9.71e-04 (6s)
  [Epoch 77] Batch 50/81 (62%)
[Epoch 77/700] train_loss=0.4574 val_loss=0.4558 lr=9.70e-04 (6s)
  [Epoch 78] Batch 50/81 (62%)
[Epoch 78/700] train_loss=0.4567 val_loss=0.6407 lr=9.70e-04 (6s)
  [Epoch 79] Batch 50/81 (62%)
[Epoch 79/700] train_loss=0.4615 val_loss=0.4670 lr=9.69e-04 (6s)
  [Epoch 80] Batch 50/81 (62%)
[Epoch 80/700] train_loss=0.4488 val_loss=0.6002 lr=9.68e-04 (6s)
  [Epoch 81] Batch 50/81 (62%)
[Epoch 81/700] train_loss=0.4836 val_loss=0.4579 lr=9.67e-04 (6s)
  [Epoch 82] Batch 50/81 (62%)
[Epoch 82/700] train_loss=0.4956 val_loss=0.5527 lr=9.67e-04 (6s)
  [Epoch 83] Batch 50/81 (62%)
[Epoch 83/700] train_loss=0.4802 val_loss=0.4833 lr=9.66e-04 (6s)
  [Epoch 84] Batch 50/81 (62%)
[Epoch 84/700] train_loss=0.4486 val_loss=0.4783 lr=9.65e-04 (6s)
  [Epoch 85] Batch 50/81 (62%)
[Epoch 85/700] train_loss=0.4457 val_loss=0.5339 lr=9.64e-04 (6s)
  [Epoch 86] Batch 50/81 (62%)
[Epoch 86/700] train_loss=0.4592 val_loss=0.4954 lr=9.63e-04 (6s)
  [Epoch 87] Batch 50/81 (62%)
[Epoch 87/700] train_loss=0.4513 val_loss=0.5464 lr=9.62e-04 (6s)
  [Epoch 88] Batch 50/81 (62%)
[Epoch 88/700] train_loss=0.4444 val_loss=0.5221 lr=9.62e-04 (6s)
  [Epoch 89] Batch 50/81 (62%)
[Epoch 89/700] train_loss=0.4511 val_loss=0.4381 lr=9.61e-04 (6s)
  [Epoch 90] Batch 50/81 (62%)
[Epoch 90/700] train_loss=0.4448 val_loss=0.4729 lr=9.60e-04 (6s)
  [Epoch 91] Batch 50/81 (62%)
[Epoch 91/700] train_loss=0.4548 val_loss=0.5631 lr=9.59e-04 (6s)
  [Epoch 92] Batch 50/81 (62%)
[Epoch 92/700] train_loss=0.4414 val_loss=0.5028 lr=9.58e-04 (6s)
  [Epoch 93] Batch 50/81 (62%)
[Epoch 93/700] train_loss=0.4475 val_loss=0.5591 lr=9.57e-04 (6s)
  [Epoch 94] Batch 50/81 (62%)
[Epoch 94/700] train_loss=0.4762 val_loss=0.4981 lr=9.56e-04 (6s)
  [Epoch 95] Batch 50/81 (62%)
[Epoch 95/700] train_loss=0.4385 val_loss=0.4714 lr=9.55e-04 (6s)
  [Epoch 96] Batch 50/81 (62%)
[Epoch 96/700] train_loss=0.4461 val_loss=0.5277 lr=9.54e-04 (6s)
  [Epoch 97] Batch 50/81 (62%)
[Epoch 97/700] train_loss=0.4378 val_loss=0.4718 lr=9.53e-04 (6s)
  [Epoch 98] Batch 50/81 (62%)
[Epoch 98/700] train_loss=0.4700 val_loss=0.5730 lr=9.52e-04 (6s)
  [Epoch 99] Batch 50/81 (62%)
[Epoch 99/700] train_loss=0.4619 val_loss=0.5269 lr=9.51e-04 (6s)
  [Epoch 100] Batch 50/81 (62%)
[Epoch 100/700] train_loss=0.4558 val_loss=0.5594 lr=9.50e-04 (6s)
  [Epoch 101] Batch 50/81 (62%)
[Epoch 101/700] train_loss=0.4454 val_loss=0.4851 lr=9.50e-04 (6s)
  [Epoch 102] Batch 50/81 (62%)
[Epoch 102/700] train_loss=0.4444 val_loss=0.6315 lr=9.49e-04 (6s)
  [Epoch 103] Batch 50/81 (62%)
[Epoch 103/700] train_loss=0.4462 val_loss=0.4902 lr=9.48e-04 (6s)
  [Epoch 104] Batch 50/81 (62%)
[Epoch 104/700] train_loss=0.4472 val_loss=0.4509 lr=9.47e-04 (6s)
  [Epoch 105] Batch 50/81 (62%)
[Epoch 105/700] train_loss=0.4234 val_loss=0.4783 lr=9.46e-04 (6s)
  [Epoch 106] Batch 50/81 (62%)
[Epoch 106/700] train_loss=0.4334 val_loss=0.4389 lr=9.44e-04 (6s)
  [Epoch 107] Batch 50/81 (62%)
[Epoch 107/700] train_loss=0.4544 val_loss=0.4650 lr=9.43e-04 (6s)
  [Epoch 108] Batch 50/81 (62%)
[Epoch 108/700] train_loss=0.4368 val_loss=0.4605 lr=9.42e-04 (6s)
  [Epoch 109] Batch 50/81 (62%)
[Epoch 109/700] train_loss=0.5167 val_loss=0.4808 lr=9.41e-04 (6s)
  [Epoch 110] Batch 50/81 (62%)
[Epoch 110/700] train_loss=0.4467 val_loss=0.4568 lr=9.40e-04 (6s)
  [Epoch 111] Batch 50/81 (62%)
[Epoch 111/700] train_loss=0.4567 val_loss=0.4537 lr=9.39e-04 (6s)
  [Epoch 112] Batch 50/81 (62%)
[Epoch 112/700] train_loss=0.4328 val_loss=0.5254 lr=9.38e-04 (6s)
  [Epoch 113] Batch 50/81 (62%)
[Epoch 113/700] train_loss=0.4488 val_loss=0.5133 lr=9.37e-04 (6s)
  [Epoch 114] Batch 50/81 (62%)
[Epoch 114/700] train_loss=0.4344 val_loss=0.4647 lr=9.36e-04 (6s)
  [Epoch 115] Batch 50/81 (62%)
[Epoch 115/700] train_loss=0.4309 val_loss=0.4555 lr=9.35e-04 (6s)
  [Epoch 116] Batch 50/81 (62%)
[Epoch 116/700] train_loss=0.4284 val_loss=0.5119 lr=9.34e-04 (6s)
  [Epoch 117] Batch 50/81 (62%)
[Epoch 117/700] train_loss=0.4288 val_loss=0.4649 lr=9.33e-04 (6s)
  [Epoch 118] Batch 50/81 (62%)
[Epoch 118/700] train_loss=0.4339 val_loss=0.4865 lr=9.32e-04 (6s)
  [Epoch 119] Batch 50/81 (62%)
[Epoch 119/700] train_loss=0.4523 val_loss=0.4652 lr=9.30e-04 (6s)
  [Epoch 120] Batch 50/81 (62%)
[Epoch 120/700] train_loss=0.4380 val_loss=0.4852 lr=9.29e-04 (6s)
  [Epoch 121] Batch 50/81 (62%)
[Epoch 121/700] train_loss=0.4403 val_loss=0.4666 lr=9.28e-04 (6s)
  [Epoch 122] Batch 50/81 (62%)
[Epoch 122/700] train_loss=0.4181 val_loss=0.4714 lr=9.27e-04 (6s)
  [Epoch 123] Batch 50/81 (62%)
[Epoch 123/700] train_loss=0.4383 val_loss=0.4391 lr=9.26e-04 (6s)
  [Epoch 124] Batch 50/81 (62%)
[Epoch 124/700] train_loss=0.4307 val_loss=0.4567 lr=9.25e-04 (6s)
  [Epoch 125] Batch 50/81 (62%)
[Epoch 125/700] train_loss=0.4710 val_loss=0.4447 lr=9.23e-04 (6s)
  [Epoch 126] Batch 50/81 (62%)
[Epoch 126/700] train_loss=0.4352 val_loss=0.4408 lr=9.22e-04 (6s)
  [Epoch 127] Batch 50/81 (62%)
[Epoch 127/700] train_loss=0.4212 val_loss=0.4555 lr=9.21e-04 (6s)
  [Epoch 128] Batch 50/81 (62%)
[Epoch 128/700] train_loss=0.4612 val_loss=0.4420 lr=9.20e-04 (6s)
  [Epoch 129] Batch 50/81 (62%)
[Epoch 129/700] train_loss=0.4445 val_loss=0.5804 lr=9.19e-04 (6s)
  [Epoch 130] Batch 50/81 (62%)
[Epoch 130/700] train_loss=0.4291 val_loss=0.6296 lr=9.17e-04 (6s)
  [Epoch 131] Batch 50/81 (62%)
[Epoch 131/700] train_loss=0.5197 val_loss=0.5973 lr=9.16e-04 (6s)
  [Epoch 132] Batch 50/81 (62%)
[Epoch 132/700] train_loss=0.4536 val_loss=0.4616 lr=9.15e-04 (6s)
  [Epoch 133] Batch 50/81 (62%)
[Epoch 133/700] train_loss=0.4829 val_loss=0.4366 lr=9.14e-04 (6s)
  [Epoch 134] Batch 50/81 (62%)
[Epoch 134/700] train_loss=0.4553 val_loss=0.4348 lr=9.12e-04 (6s)
  [Epoch 135] Batch 50/81 (62%)
[Epoch 135/700] train_loss=0.4421 val_loss=0.5177 lr=9.11e-04 (6s)
  [Epoch 136] Batch 50/81 (62%)
[Epoch 136/700] train_loss=0.4539 val_loss=0.5098 lr=9.10e-04 (6s)
  [Epoch 137] Batch 50/81 (62%)
[Epoch 137/700] train_loss=0.4153 val_loss=0.6024 lr=9.08e-04 (6s)
  [Epoch 138] Batch 50/81 (62%)
[Epoch 138/700] train_loss=0.4288 val_loss=0.4564 lr=9.07e-04 (6s)
  [Epoch 139] Batch 50/81 (62%)
[Epoch 139/700] train_loss=0.4339 val_loss=0.4726 lr=9.06e-04 (6s)
  [Epoch 140] Batch 50/81 (62%)
[Epoch 140/700] train_loss=0.4279 val_loss=0.4527 lr=9.05e-04 (6s)
  [Epoch 141] Batch 50/81 (62%)
[Epoch 141/700] train_loss=0.4407 val_loss=0.4189 lr=9.03e-04 (6s)
  [Epoch 142] Batch 50/81 (62%)
[Epoch 142/700] train_loss=0.5185 val_loss=0.4952 lr=9.02e-04 (6s)
  [Epoch 143] Batch 50/81 (62%)
[Epoch 143/700] train_loss=0.4193 val_loss=0.4778 lr=9.01e-04 (6s)
  [Epoch 144] Batch 50/81 (62%)
[Epoch 144/700] train_loss=0.4199 val_loss=0.4991 lr=8.99e-04 (6s)
  [Epoch 145] Batch 50/81 (62%)
[Epoch 145/700] train_loss=0.4340 val_loss=0.4647 lr=8.98e-04 (6s)
  [Epoch 146] Batch 50/81 (62%)
[Epoch 146/700] train_loss=0.4338 val_loss=0.4401 lr=8.96e-04 (6s)
  [Epoch 147] Batch 50/81 (62%)
[Epoch 147/700] train_loss=0.4110 val_loss=0.4452 lr=8.95e-04 (6s)
  [Epoch 148] Batch 50/81 (62%)
[Epoch 148/700] train_loss=0.4251 val_loss=0.5058 lr=8.94e-04 (6s)
  [Epoch 149] Batch 50/81 (62%)
[Epoch 149/700] train_loss=0.4847 val_loss=0.6094 lr=8.92e-04 (6s)
  [Epoch 150] Batch 50/81 (62%)
[Epoch 150/700] train_loss=0.4175 val_loss=0.5011 lr=8.91e-04 (6s)
  [Epoch 151] Batch 50/81 (62%)
[Epoch 151/700] train_loss=0.4178 val_loss=0.4345 lr=8.90e-04 (6s)
  [Epoch 152] Batch 50/81 (62%)
[Epoch 152/700] train_loss=0.4175 val_loss=0.4487 lr=8.88e-04 (6s)
  [Epoch 153] Batch 50/81 (62%)
[Epoch 153/700] train_loss=0.4239 val_loss=0.4857 lr=8.87e-04 (6s)
  [Epoch 154] Batch 50/81 (62%)
[Epoch 154/700] train_loss=0.4294 val_loss=0.5333 lr=8.85e-04 (6s)
  [Epoch 155] Batch 50/81 (62%)
[Epoch 155/700] train_loss=0.4423 val_loss=0.4235 lr=8.84e-04 (6s)
  [Epoch 156] Batch 50/81 (62%)
[Epoch 156/700] train_loss=0.4340 val_loss=0.5019 lr=8.82e-04 (6s)
  [Epoch 157] Batch 50/81 (62%)
[Epoch 157/700] train_loss=0.4264 val_loss=0.5482 lr=8.81e-04 (6s)
  [Epoch 158] Batch 50/81 (62%)
[Epoch 158/700] train_loss=0.4276 val_loss=0.4339 lr=8.79e-04 (6s)
  [Epoch 159] Batch 50/81 (62%)
[Epoch 159/700] train_loss=0.4103 val_loss=0.5304 lr=8.78e-04 (6s)
  [Epoch 160] Batch 50/81 (62%)
[Epoch 160/700] train_loss=0.4335 val_loss=0.4251 lr=8.77e-04 (6s)
  [Epoch 161] Batch 50/81 (62%)
[Epoch 161/700] train_loss=0.4255 val_loss=0.4390 lr=8.75e-04 (6s)
  [Epoch 162] Batch 50/81 (62%)
[Epoch 162/700] train_loss=0.4068 val_loss=0.4529 lr=8.74e-04 (6s)
  [Epoch 163] Batch 50/81 (62%)
[Epoch 163/700] train_loss=0.4148 val_loss=0.4180 lr=8.72e-04 (6s)
  [Epoch 164] Batch 50/81 (62%)
[Epoch 164/700] train_loss=0.4073 val_loss=0.4226 lr=8.71e-04 (6s)
  [Epoch 165] Batch 50/81 (62%)
[Epoch 165/700] train_loss=0.4082 val_loss=0.4393 lr=8.69e-04 (6s)
  [Epoch 166] Batch 50/81 (62%)
[Epoch 166/700] train_loss=0.5021 val_loss=0.5101 lr=8.68e-04 (6s)
  [Epoch 167] Batch 50/81 (62%)
[Epoch 167/700] train_loss=0.4203 val_loss=0.4502 lr=8.66e-04 (6s)
  [Epoch 168] Batch 50/81 (62%)
[Epoch 168/700] train_loss=0.4227 val_loss=0.5441 lr=8.64e-04 (6s)
  [Epoch 169] Batch 50/81 (62%)
[Epoch 169/700] train_loss=0.4252 val_loss=0.4842 lr=8.63e-04 (6s)
  [Epoch 170] Batch 50/81 (62%)
[Epoch 170/700] train_loss=0.4380 val_loss=0.4570 lr=8.61e-04 (6s)
  [Epoch 171] Batch 50/81 (62%)
[Epoch 171/700] train_loss=0.4101 val_loss=0.5788 lr=8.60e-04 (6s)
  [Epoch 172] Batch 50/81 (62%)
[Epoch 172/700] train_loss=0.4194 val_loss=0.4823 lr=8.58e-04 (6s)
  [Epoch 173] Batch 50/81 (62%)
[Epoch 173/700] train_loss=0.4123 val_loss=0.4221 lr=8.57e-04 (6s)
  [Epoch 174] Batch 50/81 (62%)
[Epoch 174/700] train_loss=0.4109 val_loss=0.4308 lr=8.55e-04 (6s)
  [Epoch 175] Batch 50/81 (62%)
[Epoch 175/700] train_loss=0.4249 val_loss=0.4830 lr=8.54e-04 (6s)
  [Epoch 176] Batch 50/81 (62%)
[Epoch 176/700] train_loss=0.4163 val_loss=0.4748 lr=8.52e-04 (6s)
  [Epoch 177] Batch 50/81 (62%)
[Epoch 177/700] train_loss=0.4100 val_loss=0.4326 lr=8.50e-04 (6s)
  [Epoch 178] Batch 50/81 (62%)
[Epoch 178/700] train_loss=0.4045 val_loss=0.4781 lr=8.49e-04 (6s)
  [Epoch 179] Batch 50/81 (62%)
[Epoch 179/700] train_loss=0.4699 val_loss=0.4501 lr=8.47e-04 (6s)
  [Epoch 180] Batch 50/81 (62%)
[Epoch 180/700] train_loss=0.4159 val_loss=0.6065 lr=8.46e-04 (6s)
  [Epoch 181] Batch 50/81 (62%)
[Epoch 181/700] train_loss=0.4156 val_loss=0.4366 lr=8.44e-04 (6s)
  [Epoch 182] Batch 50/81 (62%)
[Epoch 182/700] train_loss=0.4942 val_loss=0.5133 lr=8.42e-04 (6s)
  [Epoch 183] Batch 50/81 (62%)
[Epoch 183/700] train_loss=0.4992 val_loss=0.3907 lr=8.41e-04 (6s)
  [Epoch 184] Batch 50/81 (62%)
[Epoch 184/700] train_loss=0.4091 val_loss=0.4300 lr=8.39e-04 (6s)
  [Epoch 185] Batch 50/81 (62%)
[Epoch 185/700] train_loss=0.4079 val_loss=0.4151 lr=8.37e-04 (6s)
  [Epoch 186] Batch 50/81 (62%)
[Epoch 186/700] train_loss=0.4474 val_loss=0.5681 lr=8.36e-04 (6s)
  [Epoch 187] Batch 50/81 (62%)
[Epoch 187/700] train_loss=0.4075 val_loss=0.4652 lr=8.34e-04 (6s)
  [Epoch 188] Batch 50/81 (62%)
[Epoch 188/700] train_loss=0.4619 val_loss=0.4413 lr=8.32e-04 (6s)
  [Epoch 189] Batch 50/81 (62%)
[Epoch 189/700] train_loss=0.4123 val_loss=0.4978 lr=8.31e-04 (6s)
  [Epoch 190] Batch 50/81 (62%)
[Epoch 190/700] train_loss=0.4122 val_loss=0.4599 lr=8.29e-04 (6s)
  [Epoch 191] Batch 50/81 (62%)
[Epoch 191/700] train_loss=0.4744 val_loss=0.4763 lr=8.27e-04 (6s)
  [Epoch 192] Batch 50/81 (62%)
[Epoch 192/700] train_loss=0.4134 val_loss=0.4767 lr=8.26e-04 (6s)
  [Epoch 193] Batch 50/81 (62%)
[Epoch 193/700] train_loss=0.4033 val_loss=0.4164 lr=8.24e-04 (6s)
  [Epoch 194] Batch 50/81 (62%)
[Epoch 194/700] train_loss=0.4127 val_loss=0.4195 lr=8.22e-04 (6s)
  [Epoch 195] Batch 50/81 (62%)
[Epoch 195/700] train_loss=0.4159 val_loss=0.4479 lr=8.20e-04 (6s)
  [Epoch 196] Batch 50/81 (62%)
[Epoch 196/700] train_loss=0.4218 val_loss=0.4351 lr=8.19e-04 (6s)
  [Epoch 197] Batch 50/81 (62%)
[Epoch 197/700] train_loss=0.4047 val_loss=0.4639 lr=8.17e-04 (6s)
  [Epoch 198] Batch 50/81 (62%)
[Epoch 198/700] train_loss=0.4163 val_loss=0.5882 lr=8.15e-04 (6s)
  [Epoch 199] Batch 50/81 (62%)
[Epoch 199/700] train_loss=0.4121 val_loss=0.4939 lr=8.13e-04 (6s)
  [Epoch 200] Batch 50/81 (62%)
[Epoch 200/700] train_loss=0.4332 val_loss=0.4210 lr=8.12e-04 (6s)
  [Epoch 201] Batch 50/81 (62%)
[Epoch 201/700] train_loss=0.4021 val_loss=0.4952 lr=8.10e-04 (6s)
  [Epoch 202] Batch 50/81 (62%)
[Epoch 202/700] train_loss=0.3949 val_loss=0.5020 lr=8.08e-04 (6s)
  [Epoch 203] Batch 50/81 (62%)
[Epoch 203/700] train_loss=0.4148 val_loss=0.4225 lr=8.06e-04 (6s)
  [Epoch 204] Batch 50/81 (62%)
[Epoch 204/700] train_loss=0.4927 val_loss=0.4333 lr=8.05e-04 (6s)
  [Epoch 205] Batch 50/81 (62%)
[Epoch 205/700] train_loss=0.3992 val_loss=0.4393 lr=8.03e-04 (6s)
  [Epoch 206] Batch 50/81 (62%)
[Epoch 206/700] train_loss=0.3979 val_loss=0.4310 lr=8.01e-04 (6s)
  [Epoch 207] Batch 50/81 (62%)
[Epoch 207/700] train_loss=0.4005 val_loss=0.4736 lr=7.99e-04 (6s)
  [Epoch 208] Batch 50/81 (62%)
[Epoch 208/700] train_loss=0.4079 val_loss=0.4302 lr=7.98e-04 (6s)
  [Epoch 209] Batch 50/81 (62%)
[Epoch 209/700] train_loss=0.3982 val_loss=0.4062 lr=7.96e-04 (6s)
  [Epoch 210] Batch 50/81 (62%)
[Epoch 210/700] train_loss=0.3947 val_loss=0.4856 lr=7.94e-04 (6s)
  [Epoch 211] Batch 50/81 (62%)
[Epoch 211/700] train_loss=0.4176 val_loss=0.4151 lr=7.92e-04 (6s)
  [Epoch 212] Batch 50/81 (62%)
[Epoch 212/700] train_loss=0.4287 val_loss=0.4809 lr=7.90e-04 (6s)
  [Epoch 213] Batch 50/81 (62%)
[Epoch 213/700] train_loss=0.4087 val_loss=0.4280 lr=7.88e-04 (6s)
  [Epoch 214] Batch 50/81 (62%)
[Epoch 214/700] train_loss=0.4009 val_loss=0.4528 lr=7.87e-04 (6s)
  [Epoch 215] Batch 50/81 (62%)
[Epoch 215/700] train_loss=0.4078 val_loss=0.4239 lr=7.85e-04 (6s)
  [Epoch 216] Batch 50/81 (62%)
[Epoch 216/700] train_loss=0.4020 val_loss=0.4037 lr=7.83e-04 (6s)
  [Epoch 217] Batch 50/81 (62%)
[Epoch 217/700] train_loss=0.4143 val_loss=0.4720 lr=7.81e-04 (6s)
  [Epoch 218] Batch 50/81 (62%)
[Epoch 218/700] train_loss=0.4125 val_loss=0.4398 lr=7.79e-04 (6s)
  [Epoch 219] Batch 50/81 (62%)
[Epoch 219/700] train_loss=0.4107 val_loss=0.4607 lr=7.77e-04 (6s)
  [Epoch 220] Batch 50/81 (62%)
[Epoch 220/700] train_loss=0.4042 val_loss=0.4979 lr=7.75e-04 (6s)
  [Epoch 221] Batch 50/81 (62%)
[Epoch 221/700] train_loss=0.3997 val_loss=0.4240 lr=7.74e-04 (6s)
  [Epoch 222] Batch 50/81 (62%)
[Epoch 222/700] train_loss=0.4090 val_loss=0.4132 lr=7.72e-04 (6s)
  [Epoch 223] Batch 50/81 (62%)
[Epoch 223/700] train_loss=0.4055 val_loss=0.6093 lr=7.70e-04 (6s)
  [Epoch 224] Batch 50/81 (62%)
[Epoch 224/700] train_loss=0.4248 val_loss=0.4023 lr=7.68e-04 (6s)
  [Epoch 225] Batch 50/81 (62%)
[Epoch 225/700] train_loss=0.3964 val_loss=0.4793 lr=7.66e-04 (6s)
  [Epoch 226] Batch 50/81 (62%)
[Epoch 226/700] train_loss=0.3911 val_loss=0.4377 lr=7.64e-04 (6s)
  [Epoch 227] Batch 50/81 (62%)
[Epoch 227/700] train_loss=0.3965 val_loss=0.4197 lr=7.62e-04 (6s)
  [Epoch 228] Batch 50/81 (62%)
[Epoch 228/700] train_loss=0.4215 val_loss=0.5593 lr=7.60e-04 (6s)
  [Epoch 229] Batch 50/81 (62%)
[Epoch 229/700] train_loss=0.3924 val_loss=0.4462 lr=7.58e-04 (6s)
  [Epoch 230] Batch 50/81 (62%)
[Epoch 230/700] train_loss=0.4085 val_loss=0.4647 lr=7.56e-04 (6s)
  [Epoch 231] Batch 50/81 (62%)
[Epoch 231/700] train_loss=0.4021 val_loss=0.4529 lr=7.55e-04 (6s)
  [Epoch 232] Batch 50/81 (62%)
[Epoch 232/700] train_loss=0.4059 val_loss=0.4765 lr=7.53e-04 (6s)
  [Epoch 233] Batch 50/81 (62%)
[Epoch 233/700] train_loss=0.3989 val_loss=0.4137 lr=7.51e-04 (6s)

[Training] Completed!

✓ Training completed!
  Final checkpoint: /public/home/xiongzhzh2023/PT4ConTSG/experiments/20260403_171344_weather_morphology_pt_factor_generator/checkpoints/finetune/finetune-epoch=182-val/loss=0.3907.ckpt
  Experiment: experiments/20260403_171344_weather_morphology_pt_factor_generator

Running automatic evaluation...
CLIP initialization failed, running CLIP-independent metrics only
[Evaluating (generating)] Starting (0/11)...
[Evaluating (generating)] 1/11 (9%)
[Evaluating (generating)] 2/11 (18%)
[Evaluating (generating)] 3/11 (27%)
[Evaluating (generating)] 4/11 (36%)
[Evaluating (generating)] 5/11 (45%)
[Evaluating (generating)] 6/11 (55%)
[Evaluating (generating)] 7/11 (64%)
[Evaluating (generating)] 8/11 (73%)
[Evaluating (generating)] 9/11 (82%)
[Evaluating (generating)] 10/11 (91%)
[Evaluating (generating)] 11/11 (100%)
[Evaluating (generating)] Completed (11 items)
Evaluation results saved to: experiments/20260403_171344_weather_morphology_pt_factor_generator/results/eval_results.json
     Evaluation Results      
┏━━━━━━━━━━━━━━━┳━━━━━━━━━━━┓
┃ Metric        ┃     Value ┃
┡━━━━━━━━━━━━━━━╇━━━━━━━━━━━┩
│ dtw           │ 14.282830 │
│ wape          │ 71.176270 │
│ ed            │ 14.646363 │
│ crps          │  0.311181 │
│ acd           │  0.060823 │
│ sd            │       N/A │
│ kd            │       N/A │
│ mdd           │       N/A │
│ fid           │       N/A │
│ jftsd         │       N/A │
│ prdc_f1       │       N/A │
│ joint_prdc_f1 │       N/A │
│ cttp          │       N/A │
│ disc_auc      │  0.985808 │
└───────────────┴───────────┘

┏━━━━━━━━━━━━━━━┳━━━━━━━━━━━━━┓
┃ Metric        ┃       Value ┃
┡━━━━━━━━━━━━━━━╇━━━━━━━━━━━━━┩
│ dtw           │   14.288659 │
│ wape          │   70.953789 │
│ ed            │   14.631897 │
│ crps          │    0.309367 │
│ acd           │    0.060387 │
│ sd            │   16.808147 │
│ kd            │ 2220.484329 │
│ mdd           │    0.012174 │
│ fid           │         N/A │
│ jftsd         │         N/A │
│ prdc_f1       │         N/A │
│ joint_prdc_f1 │         N/A │
│ cttp          │         N/A │
│ disc_auc      │    0.987598 │
└───────────────┴─────────────┘┏━━━━━━━━━━━━━━━┳━━━━━━━━━━━━━┓
┃ Metric        ┃       Value ┃
┡━━━━━━━━━━━━━━━╇━━━━━━━━━━━━━┩
│ dtw           │   14.288659 │
│ wape          │   70.953789 │
│ ed            │   14.631897 │
│ crps          │    0.309367 │
│ acd           │    0.060387 │
│ sd            │   16.808147 │
│ kd            │ 2220.484329 │
│ mdd           │    0.012174 │
│ fid           │         N/A │
│ jftsd         │         N/A │
│ prdc_f1       │         N/A │
│ joint_prdc_f1 │         N/A │
│ cttp          │         N/A │
│ disc_auc      │    0.987598 │
└───────────────┴─────────────┘