Loading config from: configs/generators/ptfg_telecomts.yaml
Model schema mode: relaxed (no model-specific schema for 'pt_factor_generator')
         Configuration Summary         
┌───────────────┬─────────────────────┐
│ Dataset       │ telecomts_segment   │
│ Model         │ pt_factor_generator │
│ Epochs        │ 700                 │
│ Batch Size    │ 128                 │
│ Learning Rate │ 0.001               │
│ Device        │ cuda:0              │
│ Seed          │ 42                  │
└───────────────┴─────────────────────┘

Experiment directory: experiments/20260403_170813_telecomts_segment_pt_factor_generator

Model: pt_factor_generator
Creating data module: telecomts_segment

Starting multi-stage training (1 stage(s))...
  Stage 1: finetune (700 epochs, lr=0.001)
┏━━━┳━━━━━━━━━━━━━━┳━━━━━━━━━━━━━━━━━━━━━━━━┳━━━━━━━━┳━━━━━━━┳━━━━━━━┓
┃   ┃ Name         ┃ Type                   ┃ Params ┃ Mode  ┃ FLOPs ┃
┡━━━╇━━━━━━━━━━━━━━╇━━━━━━━━━━━━━━━━━━━━━━━━╇━━━━━━━━╇━━━━━━━╇━━━━━━━┩
│ 0 │ net          │ PTFactorNoisePredictor │  5.2 M │ train │     0 │
│   │ other params │ n/a                    │  1.0 K │ n/a   │   n/a │
└───┴──────────────┴────────────────────────┴────────┴───────┴───────┘
Trainable params: 5.2 M                                                                                                                                                                                       
Non-trainable params: 0                                                                                                                                                                                       
Total params: 5.2 M                                                                                                                                                                                           
Total estimated model params size (MB): 20                                                                                                                                                                    
Modules in train mode: 195                                                                                                                                                                                    
Modules in eval mode: 0                                                                                                                                                                                       
Total FLOPs: 0                                                                                                                                                                                                

[Training] Starting 700 epochs...
  [Epoch 1] Batch 50/200 (25%)
  [Epoch 1] Batch 100/200 (50%)
  [Epoch 1] Batch 150/200 (75%)
  [Epoch 1] Batch 200/200 (100%)
[Epoch 1/700] train_loss=1.3688 val_loss=1.1827 lr=1.00e-03 (13s)
  [Epoch 2] Batch 50/200 (25%)
  [Epoch 2] Batch 100/200 (50%)
  [Epoch 2] Batch 150/200 (75%)
  [Epoch 2] Batch 200/200 (100%)
[Epoch 2/700] train_loss=1.0545 val_loss=1.0270 lr=1.00e-03 (13s)
  [Epoch 3] Batch 50/200 (25%)
  [Epoch 3] Batch 100/200 (50%)
  [Epoch 3] Batch 150/200 (75%)
  [Epoch 3] Batch 200/200 (100%)
[Epoch 3/700] train_loss=0.9498 val_loss=0.9212 lr=1.00e-03 (13s)
  [Epoch 4] Batch 50/200 (25%)
  [Epoch 4] Batch 100/200 (50%)
  [Epoch 4] Batch 150/200 (75%)
  [Epoch 4] Batch 200/200 (100%)
[Epoch 4/700] train_loss=0.8898 val_loss=0.8596 lr=1.00e-03 (14s)
  [Epoch 5] Batch 50/200 (25%)
  [Epoch 5] Batch 100/200 (50%)
  [Epoch 5] Batch 150/200 (75%)
  [Epoch 5] Batch 200/200 (100%)
[Epoch 5/700] train_loss=0.8539 val_loss=0.8553 lr=1.00e-03 (13s)
  [Epoch 6] Batch 50/200 (25%)
  [Epoch 6] Batch 100/200 (50%)
  [Epoch 6] Batch 150/200 (75%)
  [Epoch 6] Batch 200/200 (100%)
[Epoch 6/700] train_loss=0.8390 val_loss=0.8403 lr=1.00e-03 (13s)
  [Epoch 7] Batch 50/200 (25%)
  [Epoch 7] Batch 100/200 (50%)
  [Epoch 7] Batch 150/200 (75%)
  [Epoch 7] Batch 200/200 (100%)
[Epoch 7/700] train_loss=0.8197 val_loss=0.8125 lr=1.00e-03 (13s)
  [Epoch 8] Batch 50/200 (25%)
  [Epoch 8] Batch 100/200 (50%)
  [Epoch 8] Batch 150/200 (75%)
  [Epoch 8] Batch 200/200 (100%)
[Epoch 8/700] train_loss=0.7995 val_loss=0.7703 lr=1.00e-03 (13s)
  [Epoch 9] Batch 50/200 (25%)
  [Epoch 9] Batch 100/200 (50%)
  [Epoch 9] Batch 150/200 (75%)
  [Epoch 9] Batch 200/200 (100%)
[Epoch 9/700] train_loss=0.7854 val_loss=0.7827 lr=1.00e-03 (13s)
  [Epoch 10] Batch 50/200 (25%)
  [Epoch 10] Batch 100/200 (50%)
  [Epoch 10] Batch 150/200 (75%)
  [Epoch 10] Batch 200/200 (100%)
[Epoch 10/700] train_loss=0.7851 val_loss=0.7914 lr=9.99e-04 (13s)
  [Epoch 11] Batch 50/200 (25%)
  [Epoch 11] Batch 100/200 (50%)
  [Epoch 11] Batch 150/200 (75%)
  [Epoch 11] Batch 200/200 (100%)
[Epoch 11/700] train_loss=0.7781 val_loss=0.7979 lr=9.99e-04 (13s)
  [Epoch 12] Batch 50/200 (25%)
  [Epoch 12] Batch 100/200 (50%)
  [Epoch 12] Batch 150/200 (75%)
  [Epoch 12] Batch 200/200 (100%)
[Epoch 12/700] train_loss=0.7681 val_loss=0.7606 lr=9.99e-04 (13s)
  [Epoch 13] Batch 50/200 (25%)
  [Epoch 13] Batch 100/200 (50%)
  [Epoch 13] Batch 150/200 (75%)
  [Epoch 13] Batch 200/200 (100%)
[Epoch 13/700] train_loss=0.7530 val_loss=0.7887 lr=9.99e-04 (13s)
  [Epoch 14] Batch 50/200 (25%)
  [Epoch 14] Batch 100/200 (50%)
  [Epoch 14] Batch 150/200 (75%)
  [Epoch 14] Batch 200/200 (100%)
[Epoch 14/700] train_loss=0.7523 val_loss=0.7609 lr=9.99e-04 (13s)
  [Epoch 15] Batch 50/200 (25%)
  [Epoch 15] Batch 100/200 (50%)
  [Epoch 15] Batch 150/200 (75%)
  [Epoch 15] Batch 200/200 (100%)
[Epoch 15/700] train_loss=0.7527 val_loss=0.7429 lr=9.99e-04 (14s)
  [Epoch 16] Batch 50/200 (25%)
  [Epoch 16] Batch 100/200 (50%)
  [Epoch 16] Batch 150/200 (75%)
  [Epoch 16] Batch 200/200 (100%)
[Epoch 16/700] train_loss=0.7412 val_loss=0.7325 lr=9.99e-04 (14s)
  [Epoch 17] Batch 50/200 (25%)
  [Epoch 17] Batch 100/200 (50%)
  [Epoch 17] Batch 150/200 (75%)
  [Epoch 17] Batch 200/200 (100%)
[Epoch 17/700] train_loss=0.7299 val_loss=0.7329 lr=9.99e-04 (15s)
  [Epoch 18] Batch 50/200 (25%)
  [Epoch 18] Batch 100/200 (50%)
  [Epoch 18] Batch 150/200 (75%)
  [Epoch 18] Batch 200/200 (100%)
[Epoch 18/700] train_loss=0.7372 val_loss=0.7290 lr=9.98e-04 (14s)
  [Epoch 19] Batch 50/200 (25%)
  [Epoch 19] Batch 100/200 (50%)
  [Epoch 19] Batch 150/200 (75%)
  [Epoch 19] Batch 200/200 (100%)
[Epoch 19/700] train_loss=0.7304 val_loss=0.7378 lr=9.98e-04 (15s)
  [Epoch 20] Batch 50/200 (25%)
  [Epoch 20] Batch 100/200 (50%)
  [Epoch 20] Batch 150/200 (75%)
  [Epoch 20] Batch 200/200 (100%)
[Epoch 20/700] train_loss=0.7173 val_loss=0.7122 lr=9.98e-04 (14s)
  [Epoch 21] Batch 50/200 (25%)
  [Epoch 21] Batch 100/200 (50%)
  [Epoch 21] Batch 150/200 (75%)
  [Epoch 21] Batch 200/200 (100%)
[Epoch 21/700] train_loss=0.7194 val_loss=0.7252 lr=9.98e-04 (14s)
  [Epoch 22] Batch 50/200 (25%)
  [Epoch 22] Batch 100/200 (50%)
  [Epoch 22] Batch 150/200 (75%)
  [Epoch 22] Batch 200/200 (100%)
[Epoch 22/700] train_loss=0.7141 val_loss=0.7198 lr=9.98e-04 (13s)
  [Epoch 23] Batch 50/200 (25%)
  [Epoch 23] Batch 100/200 (50%)
  [Epoch 23] Batch 150/200 (75%)
  [Epoch 23] Batch 200/200 (100%)
[Epoch 23/700] train_loss=0.7155 val_loss=0.7134 lr=9.97e-04 (13s)
  [Epoch 24] Batch 50/200 (25%)
  [Epoch 24] Batch 100/200 (50%)
  [Epoch 24] Batch 150/200 (75%)
  [Epoch 24] Batch 200/200 (100%)
[Epoch 24/700] train_loss=0.7105 val_loss=0.7347 lr=9.97e-04 (14s)
  [Epoch 25] Batch 50/200 (25%)
  [Epoch 25] Batch 100/200 (50%)
  [Epoch 25] Batch 150/200 (75%)
  [Epoch 25] Batch 200/200 (100%)
[Epoch 25/700] train_loss=0.7068 val_loss=0.7178 lr=9.97e-04 (14s)
  [Epoch 26] Batch 50/200 (25%)
  [Epoch 26] Batch 100/200 (50%)
  [Epoch 26] Batch 150/200 (75%)
  [Epoch 26] Batch 200/200 (100%)
[Epoch 26/700] train_loss=0.7039 val_loss=0.7227 lr=9.97e-04 (13s)
  [Epoch 27] Batch 50/200 (25%)
  [Epoch 27] Batch 100/200 (50%)
  [Epoch 27] Batch 150/200 (75%)
  [Epoch 27] Batch 200/200 (100%)
[Epoch 27/700] train_loss=0.7057 val_loss=0.7238 lr=9.96e-04 (13s)
  [Epoch 28] Batch 50/200 (25%)
  [Epoch 28] Batch 100/200 (50%)
  [Epoch 28] Batch 150/200 (75%)
  [Epoch 28] Batch 200/200 (100%)
[Epoch 28/700] train_loss=0.7087 val_loss=0.7098 lr=9.96e-04 (14s)
  [Epoch 29] Batch 50/200 (25%)
  [Epoch 29] Batch 100/200 (50%)
  [Epoch 29] Batch 150/200 (75%)
  [Epoch 29] Batch 200/200 (100%)
[Epoch 29/700] train_loss=0.7017 val_loss=0.7267 lr=9.96e-04 (14s)
  [Epoch 30] Batch 50/200 (25%)
  [Epoch 30] Batch 100/200 (50%)
  [Epoch 30] Batch 150/200 (75%)
  [Epoch 30] Batch 200/200 (100%)
[Epoch 30/700] train_loss=0.7061 val_loss=0.7239 lr=9.95e-04 (13s)
  [Epoch 31] Batch 50/200 (25%)
  [Epoch 31] Batch 100/200 (50%)
  [Epoch 31] Batch 150/200 (75%)
  [Epoch 31] Batch 200/200 (100%)
[Epoch 31/700] train_loss=0.7043 val_loss=0.7074 lr=9.95e-04 (14s)
  [Epoch 32] Batch 50/200 (25%)
  [Epoch 32] Batch 100/200 (50%)
  [Epoch 32] Batch 150/200 (75%)
  [Epoch 32] Batch 200/200 (100%)
[Epoch 32/700] train_loss=0.7035 val_loss=0.6872 lr=9.95e-04 (14s)
  [Epoch 33] Batch 50/200 (25%)
  [Epoch 33] Batch 100/200 (50%)
  [Epoch 33] Batch 150/200 (75%)
  [Epoch 33] Batch 200/200 (100%)
[Epoch 33/700] train_loss=0.6983 val_loss=0.7008 lr=9.95e-04 (13s)
  [Epoch 34] Batch 50/200 (25%)
  [Epoch 34] Batch 100/200 (50%)
  [Epoch 34] Batch 150/200 (75%)
  [Epoch 34] Batch 200/200 (100%)
[Epoch 34/700] train_loss=0.6945 val_loss=0.6857 lr=9.94e-04 (14s)
  [Epoch 35] Batch 50/200 (25%)
  [Epoch 35] Batch 100/200 (50%)
  [Epoch 35] Batch 150/200 (75%)
  [Epoch 35] Batch 200/200 (100%)
[Epoch 35/700] train_loss=0.6958 val_loss=0.6951 lr=9.94e-04 (14s)
  [Epoch 36] Batch 50/200 (25%)
  [Epoch 36] Batch 100/200 (50%)
  [Epoch 36] Batch 150/200 (75%)
  [Epoch 36] Batch 200/200 (100%)
[Epoch 36/700] train_loss=0.6939 val_loss=0.7069 lr=9.93e-04 (13s)
  [Epoch 37] Batch 50/200 (25%)
  [Epoch 37] Batch 100/200 (50%)
  [Epoch 37] Batch 150/200 (75%)
  [Epoch 37] Batch 200/200 (100%)
[Epoch 37/700] train_loss=0.6903 val_loss=0.7000 lr=9.93e-04 (13s)
  [Epoch 38] Batch 50/200 (25%)
  [Epoch 38] Batch 100/200 (50%)
  [Epoch 38] Batch 150/200 (75%)
  [Epoch 38] Batch 200/200 (100%)
[Epoch 38/700] train_loss=0.6866 val_loss=0.6928 lr=9.93e-04 (13s)
  [Epoch 39] Batch 50/200 (25%)
  [Epoch 39] Batch 100/200 (50%)
  [Epoch 39] Batch 150/200 (75%)
  [Epoch 39] Batch 200/200 (100%)
[Epoch 39/700] train_loss=0.6844 val_loss=0.6944 lr=9.92e-04 (14s)
  [Epoch 40] Batch 50/200 (25%)
  [Epoch 40] Batch 100/200 (50%)
  [Epoch 40] Batch 150/200 (75%)
  [Epoch 40] Batch 200/200 (100%)
[Epoch 40/700] train_loss=0.6862 val_loss=0.7014 lr=9.92e-04 (13s)
  [Epoch 41] Batch 50/200 (25%)
  [Epoch 41] Batch 100/200 (50%)
  [Epoch 41] Batch 150/200 (75%)
  [Epoch 41] Batch 200/200 (100%)
[Epoch 41/700] train_loss=0.6888 val_loss=0.7100 lr=9.92e-04 (13s)
  [Epoch 42] Batch 50/200 (25%)
  [Epoch 42] Batch 100/200 (50%)
  [Epoch 42] Batch 150/200 (75%)
  [Epoch 42] Batch 200/200 (100%)
[Epoch 42/700] train_loss=0.6770 val_loss=0.7097 lr=9.91e-04 (13s)
  [Epoch 43] Batch 50/200 (25%)
  [Epoch 43] Batch 100/200 (50%)
  [Epoch 43] Batch 150/200 (75%)
  [Epoch 43] Batch 200/200 (100%)
[Epoch 43/700] train_loss=0.6844 val_loss=0.6826 lr=9.91e-04 (14s)
  [Epoch 44] Batch 50/200 (25%)
  [Epoch 44] Batch 100/200 (50%)
  [Epoch 44] Batch 150/200 (75%)
  [Epoch 44] Batch 200/200 (100%)
[Epoch 44/700] train_loss=0.6828 val_loss=0.6824 lr=9.90e-04 (13s)
  [Epoch 45] Batch 50/200 (25%)
  [Epoch 45] Batch 100/200 (50%)
  [Epoch 45] Batch 150/200 (75%)
  [Epoch 45] Batch 200/200 (100%)
[Epoch 45/700] train_loss=0.6815 val_loss=0.6905 lr=9.90e-04 (14s)
  [Epoch 46] Batch 50/200 (25%)
  [Epoch 46] Batch 100/200 (50%)
  [Epoch 46] Batch 150/200 (75%)
  [Epoch 46] Batch 200/200 (100%)
[Epoch 46/700] train_loss=0.6867 val_loss=0.6865 lr=9.89e-04 (13s)
  [Epoch 47] Batch 50/200 (25%)
  [Epoch 47] Batch 100/200 (50%)
  [Epoch 47] Batch 150/200 (75%)
  [Epoch 47] Batch 200/200 (100%)
[Epoch 47/700] train_loss=0.6816 val_loss=0.7023 lr=9.89e-04 (14s)
  [Epoch 48] Batch 50/200 (25%)
  [Epoch 48] Batch 100/200 (50%)
  [Epoch 48] Batch 150/200 (75%)
  [Epoch 48] Batch 200/200 (100%)
[Epoch 48/700] train_loss=0.6794 val_loss=0.6945 lr=9.88e-04 (14s)
  [Epoch 49] Batch 50/200 (25%)
  [Epoch 49] Batch 100/200 (50%)
  [Epoch 49] Batch 150/200 (75%)
  [Epoch 49] Batch 200/200 (100%)
[Epoch 49/700] train_loss=0.6784 val_loss=0.6848 lr=9.88e-04 (13s)
  [Epoch 50] Batch 50/200 (25%)
  [Epoch 50] Batch 100/200 (50%)
  [Epoch 50] Batch 150/200 (75%)
  [Epoch 50] Batch 200/200 (100%)
[Epoch 50/700] train_loss=0.6752 val_loss=0.6843 lr=9.87e-04 (13s)
  [Epoch 51] Batch 50/200 (25%)
  [Epoch 51] Batch 100/200 (50%)
  [Epoch 51] Batch 150/200 (75%)
  [Epoch 51] Batch 200/200 (100%)
[Epoch 51/700] train_loss=0.6827 val_loss=0.6773 lr=9.87e-04 (13s)
  [Epoch 52] Batch 50/200 (25%)
  [Epoch 52] Batch 100/200 (50%)
  [Epoch 52] Batch 150/200 (75%)
  [Epoch 52] Batch 200/200 (100%)
[Epoch 52/700] train_loss=0.6784 val_loss=0.6909 lr=9.86e-04 (14s)
  [Epoch 53] Batch 50/200 (25%)
  [Epoch 53] Batch 100/200 (50%)
  [Epoch 53] Batch 150/200 (75%)
  [Epoch 53] Batch 200/200 (100%)
[Epoch 53/700] train_loss=0.6769 val_loss=0.6929 lr=9.86e-04 (14s)
  [Epoch 54] Batch 50/200 (25%)
  [Epoch 54] Batch 100/200 (50%)
  [Epoch 54] Batch 150/200 (75%)
  [Epoch 54] Batch 200/200 (100%)
[Epoch 54/700] train_loss=0.6790 val_loss=0.7002 lr=9.85e-04 (13s)
  [Epoch 55] Batch 50/200 (25%)
  [Epoch 55] Batch 100/200 (50%)
  [Epoch 55] Batch 150/200 (75%)
  [Epoch 55] Batch 200/200 (100%)
[Epoch 55/700] train_loss=0.6744 val_loss=0.6930 lr=9.85e-04 (13s)
  [Epoch 56] Batch 50/200 (25%)
  [Epoch 56] Batch 100/200 (50%)
  [Epoch 56] Batch 150/200 (75%)
  [Epoch 56] Batch 200/200 (100%)
[Epoch 56/700] train_loss=0.6698 val_loss=0.6819 lr=9.84e-04 (14s)
  [Epoch 57] Batch 50/200 (25%)
  [Epoch 57] Batch 100/200 (50%)
  [Epoch 57] Batch 150/200 (75%)
  [Epoch 57] Batch 200/200 (100%)
[Epoch 57/700] train_loss=0.6715 val_loss=0.6789 lr=9.84e-04 (14s)
  [Epoch 58] Batch 50/200 (25%)
  [Epoch 58] Batch 100/200 (50%)
  [Epoch 58] Batch 150/200 (75%)
  [Epoch 58] Batch 200/200 (100%)
[Epoch 58/700] train_loss=0.6684 val_loss=0.6822 lr=9.83e-04 (14s)
  [Epoch 59] Batch 50/200 (25%)
  [Epoch 59] Batch 100/200 (50%)
  [Epoch 59] Batch 150/200 (75%)
  [Epoch 59] Batch 200/200 (100%)
[Epoch 59/700] train_loss=0.6722 val_loss=0.6774 lr=9.83e-04 (13s)
  [Epoch 60] Batch 50/200 (25%)
  [Epoch 60] Batch 100/200 (50%)
  [Epoch 60] Batch 150/200 (75%)
  [Epoch 60] Batch 200/200 (100%)
[Epoch 60/700] train_loss=0.6769 val_loss=0.6857 lr=9.82e-04 (13s)
  [Epoch 61] Batch 50/200 (25%)
  [Epoch 61] Batch 100/200 (50%)
  [Epoch 61] Batch 150/200 (75%)
  [Epoch 61] Batch 200/200 (100%)
[Epoch 61/700] train_loss=0.6733 val_loss=0.6912 lr=9.81e-04 (14s)
  [Epoch 62] Batch 50/200 (25%)
  [Epoch 62] Batch 100/200 (50%)
  [Epoch 62] Batch 150/200 (75%)
  [Epoch 62] Batch 200/200 (100%)
[Epoch 62/700] train_loss=0.6655 val_loss=0.6745 lr=9.81e-04 (13s)
  [Epoch 63] Batch 50/200 (25%)
  [Epoch 63] Batch 100/200 (50%)
  [Epoch 63] Batch 150/200 (75%)
  [Epoch 63] Batch 200/200 (100%)
[Epoch 63/700] train_loss=0.6670 val_loss=0.6896 lr=9.80e-04 (13s)
  [Epoch 64] Batch 50/200 (25%)
  [Epoch 64] Batch 100/200 (50%)
  [Epoch 64] Batch 150/200 (75%)
  [Epoch 64] Batch 200/200 (100%)
[Epoch 64/700] train_loss=0.6696 val_loss=0.6774 lr=9.80e-04 (13s)
  [Epoch 65] Batch 50/200 (25%)
  [Epoch 65] Batch 100/200 (50%)
  [Epoch 65] Batch 150/200 (75%)
  [Epoch 65] Batch 200/200 (100%)
[Epoch 65/700] train_loss=0.6719 val_loss=0.6947 lr=9.79e-04 (14s)
  [Epoch 66] Batch 50/200 (25%)
  [Epoch 66] Batch 100/200 (50%)
  [Epoch 66] Batch 150/200 (75%)
  [Epoch 66] Batch 200/200 (100%)
[Epoch 66/700] train_loss=0.6645 val_loss=0.6560 lr=9.78e-04 (14s)
  [Epoch 67] Batch 50/200 (25%)
  [Epoch 67] Batch 100/200 (50%)
  [Epoch 67] Batch 150/200 (75%)
  [Epoch 67] Batch 200/200 (100%)
[Epoch 67/700] train_loss=0.6624 val_loss=0.6883 lr=9.78e-04 (14s)
  [Epoch 68] Batch 50/200 (25%)
  [Epoch 68] Batch 100/200 (50%)
  [Epoch 68] Batch 150/200 (75%)
  [Epoch 68] Batch 200/200 (100%)
[Epoch 68/700] train_loss=0.6658 val_loss=0.6880 lr=9.77e-04 (13s)
  [Epoch 69] Batch 50/200 (25%)
  [Epoch 69] Batch 100/200 (50%)
  [Epoch 69] Batch 150/200 (75%)
  [Epoch 69] Batch 200/200 (100%)
[Epoch 69/700] train_loss=0.6656 val_loss=0.6661 lr=9.76e-04 (13s)
  [Epoch 70] Batch 50/200 (25%)
  [Epoch 70] Batch 100/200 (50%)
  [Epoch 70] Batch 150/200 (75%)
  [Epoch 70] Batch 200/200 (100%)
[Epoch 70/700] train_loss=0.6653 val_loss=0.6777 lr=9.76e-04 (13s)
  [Epoch 71] Batch 50/200 (25%)
  [Epoch 71] Batch 100/200 (50%)
  [Epoch 71] Batch 150/200 (75%)
  [Epoch 71] Batch 200/200 (100%)
[Epoch 71/700] train_loss=0.6675 val_loss=0.6632 lr=9.75e-04 (13s)
  [Epoch 72] Batch 50/200 (25%)
  [Epoch 72] Batch 100/200 (50%)
  [Epoch 72] Batch 150/200 (75%)
  [Epoch 72] Batch 200/200 (100%)
[Epoch 72/700] train_loss=0.6633 val_loss=0.6815 lr=9.74e-04 (14s)
  [Epoch 73] Batch 50/200 (25%)
  [Epoch 73] Batch 100/200 (50%)
  [Epoch 73] Batch 150/200 (75%)
  [Epoch 73] Batch 200/200 (100%)
[Epoch 73/700] train_loss=0.6598 val_loss=0.6783 lr=9.73e-04 (13s)
  [Epoch 74] Batch 50/200 (25%)
  [Epoch 74] Batch 100/200 (50%)
  [Epoch 74] Batch 150/200 (75%)
  [Epoch 74] Batch 200/200 (100%)
[Epoch 74/700] train_loss=0.6624 val_loss=0.6744 lr=9.73e-04 (13s)
  [Epoch 75] Batch 50/200 (25%)
  [Epoch 75] Batch 100/200 (50%)
  [Epoch 75] Batch 150/200 (75%)
  [Epoch 75] Batch 200/200 (100%)
[Epoch 75/700] train_loss=0.6587 val_loss=0.6725 lr=9.72e-04 (13s)
  [Epoch 76] Batch 50/200 (25%)
  [Epoch 76] Batch 100/200 (50%)
  [Epoch 76] Batch 150/200 (75%)
  [Epoch 76] Batch 200/200 (100%)
[Epoch 76/700] train_loss=0.6652 val_loss=0.6717 lr=9.71e-04 (13s)
  [Epoch 77] Batch 50/200 (25%)
  [Epoch 77] Batch 100/200 (50%)
  [Epoch 77] Batch 150/200 (75%)
  [Epoch 77] Batch 200/200 (100%)
[Epoch 77/700] train_loss=0.6578 val_loss=0.6651 lr=9.70e-04 (13s)
  [Epoch 78] Batch 50/200 (25%)
  [Epoch 78] Batch 100/200 (50%)
  [Epoch 78] Batch 150/200 (75%)
  [Epoch 78] Batch 200/200 (100%)
[Epoch 78/700] train_loss=0.6537 val_loss=0.6572 lr=9.70e-04 (13s)
  [Epoch 79] Batch 50/200 (25%)
  [Epoch 79] Batch 100/200 (50%)
  [Epoch 79] Batch 150/200 (75%)
  [Epoch 79] Batch 200/200 (100%)
[Epoch 79/700] train_loss=0.6566 val_loss=0.6771 lr=9.69e-04 (13s)
  [Epoch 80] Batch 50/200 (25%)
  [Epoch 80] Batch 100/200 (50%)
  [Epoch 80] Batch 150/200 (75%)
  [Epoch 80] Batch 200/200 (100%)
[Epoch 80/700] train_loss=0.6568 val_loss=0.6692 lr=9.68e-04 (13s)
  [Epoch 81] Batch 50/200 (25%)
  [Epoch 81] Batch 100/200 (50%)
  [Epoch 81] Batch 150/200 (75%)
  [Epoch 81] Batch 200/200 (100%)
[Epoch 81/700] train_loss=0.6561 val_loss=0.6663 lr=9.67e-04 (14s)
  [Epoch 82] Batch 50/200 (25%)
  [Epoch 82] Batch 100/200 (50%)
  [Epoch 82] Batch 150/200 (75%)
  [Epoch 82] Batch 200/200 (100%)
[Epoch 82/700] train_loss=0.6618 val_loss=0.6567 lr=9.67e-04 (13s)
  [Epoch 83] Batch 50/200 (25%)
  [Epoch 83] Batch 100/200 (50%)
  [Epoch 83] Batch 150/200 (75%)
  [Epoch 83] Batch 200/200 (100%)
[Epoch 83/700] train_loss=0.6556 val_loss=0.6795 lr=9.66e-04 (14s)
  [Epoch 84] Batch 50/200 (25%)
  [Epoch 84] Batch 100/200 (50%)
  [Epoch 84] Batch 150/200 (75%)
  [Epoch 84] Batch 200/200 (100%)
[Epoch 84/700] train_loss=0.6527 val_loss=0.6745 lr=9.65e-04 (14s)
  [Epoch 85] Batch 50/200 (25%)
  [Epoch 85] Batch 100/200 (50%)
  [Epoch 85] Batch 150/200 (75%)
  [Epoch 85] Batch 200/200 (100%)
[Epoch 85/700] train_loss=0.6644 val_loss=0.6627 lr=9.64e-04 (14s)
  [Epoch 86] Batch 50/200 (25%)
  [Epoch 86] Batch 100/200 (50%)
  [Epoch 86] Batch 150/200 (75%)
  [Epoch 86] Batch 200/200 (100%)
[Epoch 86/700] train_loss=0.6603 val_loss=0.6720 lr=9.63e-04 (13s)
  [Epoch 87] Batch 50/200 (25%)
  [Epoch 87] Batch 100/200 (50%)
  [Epoch 87] Batch 150/200 (75%)
  [Epoch 87] Batch 200/200 (100%)
[Epoch 87/700] train_loss=0.6578 val_loss=0.6778 lr=9.62e-04 (14s)
  [Epoch 88] Batch 50/200 (25%)
  [Epoch 88] Batch 100/200 (50%)
  [Epoch 88] Batch 150/200 (75%)
  [Epoch 88] Batch 200/200 (100%)
[Epoch 88/700] train_loss=0.6519 val_loss=0.6522 lr=9.62e-04 (14s)
  [Epoch 89] Batch 50/200 (25%)
  [Epoch 89] Batch 100/200 (50%)
  [Epoch 89] Batch 150/200 (75%)
  [Epoch 89] Batch 200/200 (100%)
[Epoch 89/700] train_loss=0.6556 val_loss=0.6755 lr=9.61e-04 (13s)
  [Epoch 90] Batch 50/200 (25%)
  [Epoch 90] Batch 100/200 (50%)
  [Epoch 90] Batch 150/200 (75%)
  [Epoch 90] Batch 200/200 (100%)
[Epoch 90/700] train_loss=0.6493 val_loss=0.6664 lr=9.60e-04 (13s)
  [Epoch 91] Batch 50/200 (25%)
  [Epoch 91] Batch 100/200 (50%)
  [Epoch 91] Batch 150/200 (75%)
  [Epoch 91] Batch 200/200 (100%)
[Epoch 91/700] train_loss=0.6521 val_loss=0.6574 lr=9.59e-04 (14s)
  [Epoch 92] Batch 50/200 (25%)
  [Epoch 92] Batch 100/200 (50%)
  [Epoch 92] Batch 150/200 (75%)
  [Epoch 92] Batch 200/200 (100%)
[Epoch 92/700] train_loss=0.6525 val_loss=0.6619 lr=9.58e-04 (13s)
  [Epoch 93] Batch 50/200 (25%)
  [Epoch 93] Batch 100/200 (50%)
  [Epoch 93] Batch 150/200 (75%)
  [Epoch 93] Batch 200/200 (100%)
[Epoch 93/700] train_loss=0.6585 val_loss=0.6513 lr=9.57e-04 (13s)
  [Epoch 94] Batch 50/200 (25%)
  [Epoch 94] Batch 100/200 (50%)
  [Epoch 94] Batch 150/200 (75%)
  [Epoch 94] Batch 200/200 (100%)
[Epoch 94/700] train_loss=0.6524 val_loss=0.6664 lr=9.56e-04 (13s)
  [Epoch 95] Batch 50/200 (25%)
  [Epoch 95] Batch 100/200 (50%)
  [Epoch 95] Batch 150/200 (75%)
  [Epoch 95] Batch 200/200 (100%)
[Epoch 95/700] train_loss=0.6481 val_loss=0.6671 lr=9.55e-04 (13s)
  [Epoch 96] Batch 50/200 (25%)
  [Epoch 96] Batch 100/200 (50%)
  [Epoch 96] Batch 150/200 (75%)
  [Epoch 96] Batch 200/200 (100%)
[Epoch 96/700] train_loss=0.6515 val_loss=0.6677 lr=9.54e-04 (13s)
  [Epoch 97] Batch 50/200 (25%)
  [Epoch 97] Batch 100/200 (50%)
  [Epoch 97] Batch 150/200 (75%)
  [Epoch 97] Batch 200/200 (100%)
[Epoch 97/700] train_loss=0.6466 val_loss=0.6623 lr=9.53e-04 (13s)
  [Epoch 98] Batch 50/200 (25%)
  [Epoch 98] Batch 100/200 (50%)
  [Epoch 98] Batch 150/200 (75%)
  [Epoch 98] Batch 200/200 (100%)
[Epoch 98/700] train_loss=0.6521 val_loss=0.6549 lr=9.52e-04 (13s)
  [Epoch 99] Batch 50/200 (25%)
  [Epoch 99] Batch 100/200 (50%)
  [Epoch 99] Batch 150/200 (75%)
  [Epoch 99] Batch 200/200 (100%)
[Epoch 99/700] train_loss=0.6534 val_loss=0.6561 lr=9.51e-04 (14s)
  [Epoch 100] Batch 50/200 (25%)
  [Epoch 100] Batch 100/200 (50%)
  [Epoch 100] Batch 150/200 (75%)
  [Epoch 100] Batch 200/200 (100%)
[Epoch 100/700] train_loss=0.6519 val_loss=0.6713 lr=9.50e-04 (13s)
  [Epoch 101] Batch 50/200 (25%)
  [Epoch 101] Batch 100/200 (50%)
  [Epoch 101] Batch 150/200 (75%)
  [Epoch 101] Batch 200/200 (100%)
[Epoch 101/700] train_loss=0.6482 val_loss=0.6729 lr=9.50e-04 (13s)
  [Epoch 102] Batch 50/200 (25%)
  [Epoch 102] Batch 100/200 (50%)
  [Epoch 102] Batch 150/200 (75%)
  [Epoch 102] Batch 200/200 (100%)
[Epoch 102/700] train_loss=0.6529 val_loss=0.6611 lr=9.49e-04 (13s)
  [Epoch 103] Batch 50/200 (25%)
  [Epoch 103] Batch 100/200 (50%)
  [Epoch 103] Batch 150/200 (75%)
  [Epoch 103] Batch 200/200 (100%)
[Epoch 103/700] train_loss=0.6486 val_loss=0.6641 lr=9.48e-04 (14s)
  [Epoch 104] Batch 50/200 (25%)
  [Epoch 104] Batch 100/200 (50%)
  [Epoch 104] Batch 150/200 (75%)
  [Epoch 104] Batch 200/200 (100%)
[Epoch 104/700] train_loss=0.6530 val_loss=0.6738 lr=9.47e-04 (13s)
  [Epoch 105] Batch 50/200 (25%)
  [Epoch 105] Batch 100/200 (50%)
  [Epoch 105] Batch 150/200 (75%)
  [Epoch 105] Batch 200/200 (100%)
[Epoch 105/700] train_loss=0.6508 val_loss=0.6520 lr=9.46e-04 (13s)
  [Epoch 106] Batch 50/200 (25%)
  [Epoch 106] Batch 100/200 (50%)
  [Epoch 106] Batch 150/200 (75%)
  [Epoch 106] Batch 200/200 (100%)
[Epoch 106/700] train_loss=0.6493 val_loss=0.6628 lr=9.44e-04 (13s)
  [Epoch 107] Batch 50/200 (25%)
  [Epoch 107] Batch 100/200 (50%)
  [Epoch 107] Batch 150/200 (75%)
  [Epoch 107] Batch 200/200 (100%)
[Epoch 107/700] train_loss=0.6539 val_loss=0.6509 lr=9.43e-04 (14s)
  [Epoch 108] Batch 50/200 (25%)
  [Epoch 108] Batch 100/200 (50%)
  [Epoch 108] Batch 150/200 (75%)
  [Epoch 108] Batch 200/200 (100%)
[Epoch 108/700] train_loss=0.6478 val_loss=0.6537 lr=9.42e-04 (13s)
  [Epoch 109] Batch 50/200 (25%)
  [Epoch 109] Batch 100/200 (50%)
  [Epoch 109] Batch 150/200 (75%)
  [Epoch 109] Batch 200/200 (100%)
[Epoch 109/700] train_loss=0.6433 val_loss=0.6652 lr=9.41e-04 (13s)
  [Epoch 110] Batch 50/200 (25%)
  [Epoch 110] Batch 100/200 (50%)
  [Epoch 110] Batch 150/200 (75%)
  [Epoch 110] Batch 200/200 (100%)
[Epoch 110/700] train_loss=0.6517 val_loss=0.6559 lr=9.40e-04 (14s)
  [Epoch 111] Batch 50/200 (25%)
  [Epoch 111] Batch 100/200 (50%)
  [Epoch 111] Batch 150/200 (75%)
  [Epoch 111] Batch 200/200 (100%)
[Epoch 111/700] train_loss=0.6438 val_loss=0.6644 lr=9.39e-04 (14s)
  [Epoch 112] Batch 50/200 (25%)
  [Epoch 112] Batch 100/200 (50%)
  [Epoch 112] Batch 150/200 (75%)
  [Epoch 112] Batch 200/200 (100%)
[Epoch 112/700] train_loss=0.6480 val_loss=0.6623 lr=9.38e-04 (14s)
  [Epoch 113] Batch 50/200 (25%)
  [Epoch 113] Batch 100/200 (50%)
  [Epoch 113] Batch 150/200 (75%)
  [Epoch 113] Batch 200/200 (100%)
[Epoch 113/700] train_loss=0.6444 val_loss=0.6603 lr=9.37e-04 (13s)
  [Epoch 114] Batch 50/200 (25%)
  [Epoch 114] Batch 100/200 (50%)
  [Epoch 114] Batch 150/200 (75%)
  [Epoch 114] Batch 200/200 (100%)
[Epoch 114/700] train_loss=0.6445 val_loss=0.6759 lr=9.36e-04 (13s)
  [Epoch 115] Batch 50/200 (25%)
  [Epoch 115] Batch 100/200 (50%)
  [Epoch 115] Batch 150/200 (75%)
  [Epoch 115] Batch 200/200 (100%)
[Epoch 115/700] train_loss=0.6475 val_loss=0.6554 lr=9.35e-04 (13s)
  [Epoch 116] Batch 50/200 (25%)
  [Epoch 116] Batch 100/200 (50%)
  [Epoch 116] Batch 150/200 (75%)
  [Epoch 116] Batch 200/200 (100%)
[Epoch 116/700] train_loss=0.6470 val_loss=0.6681 lr=9.34e-04 (13s)
  [Epoch 117] Batch 50/200 (25%)
  [Epoch 117] Batch 100/200 (50%)
  [Epoch 117] Batch 150/200 (75%)
  [Epoch 117] Batch 200/200 (100%)
[Epoch 117/700] train_loss=0.6473 val_loss=0.6592 lr=9.33e-04 (13s)
  [Epoch 118] Batch 50/200 (25%)
  [Epoch 118] Batch 100/200 (50%)
  [Epoch 118] Batch 150/200 (75%)
  [Epoch 118] Batch 200/200 (100%)
[Epoch 118/700] train_loss=0.6418 val_loss=0.6536 lr=9.32e-04 (13s)
  [Epoch 119] Batch 50/200 (25%)
  [Epoch 119] Batch 100/200 (50%)
  [Epoch 119] Batch 150/200 (75%)
  [Epoch 119] Batch 200/200 (100%)
[Epoch 119/700] train_loss=0.6387 val_loss=0.6664 lr=9.30e-04 (13s)
  [Epoch 120] Batch 50/200 (25%)
  [Epoch 120] Batch 100/200 (50%)
  [Epoch 120] Batch 150/200 (75%)
  [Epoch 120] Batch 200/200 (100%)
[Epoch 120/700] train_loss=0.6458 val_loss=0.6522 lr=9.29e-04 (14s)
  [Epoch 121] Batch 50/200 (25%)
  [Epoch 121] Batch 100/200 (50%)
  [Epoch 121] Batch 150/200 (75%)
  [Epoch 121] Batch 200/200 (100%)
[Epoch 121/700] train_loss=0.6384 val_loss=0.6915 lr=9.28e-04 (13s)
  [Epoch 122] Batch 50/200 (25%)
  [Epoch 122] Batch 100/200 (50%)
  [Epoch 122] Batch 150/200 (75%)
  [Epoch 122] Batch 200/200 (100%)
[Epoch 122/700] train_loss=0.6427 val_loss=0.6554 lr=9.27e-04 (13s)
  [Epoch 123] Batch 50/200 (25%)
  [Epoch 123] Batch 100/200 (50%)
  [Epoch 123] Batch 150/200 (75%)
  [Epoch 123] Batch 200/200 (100%)
[Epoch 123/700] train_loss=0.6486 val_loss=0.6598 lr=9.26e-04 (14s)
  [Epoch 124] Batch 50/200 (25%)
  [Epoch 124] Batch 100/200 (50%)
  [Epoch 124] Batch 150/200 (75%)
  [Epoch 124] Batch 200/200 (100%)
[Epoch 124/700] train_loss=0.6409 val_loss=0.6623 lr=9.25e-04 (13s)
  [Epoch 125] Batch 50/200 (25%)
  [Epoch 125] Batch 100/200 (50%)
  [Epoch 125] Batch 150/200 (75%)
  [Epoch 125] Batch 200/200 (100%)
[Epoch 125/700] train_loss=0.6416 val_loss=0.6547 lr=9.23e-04 (13s)
  [Epoch 126] Batch 50/200 (25%)
  [Epoch 126] Batch 100/200 (50%)
  [Epoch 126] Batch 150/200 (75%)
  [Epoch 126] Batch 200/200 (100%)
[Epoch 126/700] train_loss=0.6415 val_loss=0.6397 lr=9.22e-04 (14s)
  [Epoch 127] Batch 50/200 (25%)
  [Epoch 127] Batch 100/200 (50%)
  [Epoch 127] Batch 150/200 (75%)
  [Epoch 127] Batch 200/200 (100%)
[Epoch 127/700] train_loss=0.6413 val_loss=0.6543 lr=9.21e-04 (14s)
  [Epoch 128] Batch 50/200 (25%)
  [Epoch 128] Batch 100/200 (50%)
  [Epoch 128] Batch 150/200 (75%)
  [Epoch 128] Batch 200/200 (100%)
[Epoch 128/700] train_loss=0.6414 val_loss=0.6676 lr=9.20e-04 (13s)
  [Epoch 129] Batch 50/200 (25%)
  [Epoch 129] Batch 100/200 (50%)
  [Epoch 129] Batch 150/200 (75%)
  [Epoch 129] Batch 200/200 (100%)
[Epoch 129/700] train_loss=0.6446 val_loss=0.6593 lr=9.19e-04 (14s)
  [Epoch 130] Batch 50/200 (25%)
  [Epoch 130] Batch 100/200 (50%)
  [Epoch 130] Batch 150/200 (75%)
  [Epoch 130] Batch 200/200 (100%)
[Epoch 130/700] train_loss=0.6387 val_loss=0.6478 lr=9.17e-04 (13s)
  [Epoch 131] Batch 50/200 (25%)
  [Epoch 131] Batch 100/200 (50%)
  [Epoch 131] Batch 150/200 (75%)
  [Epoch 131] Batch 200/200 (100%)
[Epoch 131/700] train_loss=0.6424 val_loss=0.6631 lr=9.16e-04 (13s)
  [Epoch 132] Batch 50/200 (25%)
  [Epoch 132] Batch 100/200 (50%)
  [Epoch 132] Batch 150/200 (75%)
  [Epoch 132] Batch 200/200 (100%)
[Epoch 132/700] train_loss=0.6446 val_loss=0.6478 lr=9.15e-04 (14s)
  [Epoch 133] Batch 50/200 (25%)
  [Epoch 133] Batch 100/200 (50%)
  [Epoch 133] Batch 150/200 (75%)
  [Epoch 133] Batch 200/200 (100%)
[Epoch 133/700] train_loss=0.6351 val_loss=0.6606 lr=9.14e-04 (14s)
  [Epoch 134] Batch 50/200 (25%)
  [Epoch 134] Batch 100/200 (50%)
  [Epoch 134] Batch 150/200 (75%)
  [Epoch 134] Batch 200/200 (100%)
[Epoch 134/700] train_loss=0.6431 val_loss=0.6577 lr=9.12e-04 (13s)
  [Epoch 135] Batch 50/200 (25%)
  [Epoch 135] Batch 100/200 (50%)
  [Epoch 135] Batch 150/200 (75%)
  [Epoch 135] Batch 200/200 (100%)
[Epoch 135/700] train_loss=0.6399 val_loss=0.6451 lr=9.11e-04 (14s)
  [Epoch 136] Batch 50/200 (25%)
  [Epoch 136] Batch 100/200 (50%)
  [Epoch 136] Batch 150/200 (75%)
  [Epoch 136] Batch 200/200 (100%)
[Epoch 136/700] train_loss=0.6408 val_loss=0.6672 lr=9.10e-04 (14s)
  [Epoch 137] Batch 50/200 (25%)
  [Epoch 137] Batch 100/200 (50%)
  [Epoch 137] Batch 150/200 (75%)
  [Epoch 137] Batch 200/200 (100%)
[Epoch 137/700] train_loss=0.6368 val_loss=0.6554 lr=9.08e-04 (13s)
  [Epoch 138] Batch 50/200 (25%)
  [Epoch 138] Batch 100/200 (50%)
  [Epoch 138] Batch 150/200 (75%)
  [Epoch 138] Batch 200/200 (100%)
[Epoch 138/700] train_loss=0.6398 val_loss=0.6530 lr=9.07e-04 (13s)
  [Epoch 139] Batch 50/200 (25%)
  [Epoch 139] Batch 100/200 (50%)
  [Epoch 139] Batch 150/200 (75%)
  [Epoch 139] Batch 200/200 (100%)
[Epoch 139/700] train_loss=0.6373 val_loss=0.6469 lr=9.06e-04 (13s)
  [Epoch 140] Batch 50/200 (25%)
  [Epoch 140] Batch 100/200 (50%)
  [Epoch 140] Batch 150/200 (75%)
  [Epoch 140] Batch 200/200 (100%)
[Epoch 140/700] train_loss=0.6350 val_loss=0.6441 lr=9.05e-04 (14s)
  [Epoch 141] Batch 50/200 (25%)
  [Epoch 141] Batch 100/200 (50%)
  [Epoch 141] Batch 150/200 (75%)
  [Epoch 141] Batch 200/200 (100%)
[Epoch 141/700] train_loss=0.6369 val_loss=0.6480 lr=9.03e-04 (13s)
  [Epoch 142] Batch 50/200 (25%)
  [Epoch 142] Batch 100/200 (50%)
  [Epoch 142] Batch 150/200 (75%)
  [Epoch 142] Batch 200/200 (100%)
[Epoch 142/700] train_loss=0.6358 val_loss=0.6512 lr=9.02e-04 (13s)
  [Epoch 143] Batch 50/200 (25%)
  [Epoch 143] Batch 100/200 (50%)
  [Epoch 143] Batch 150/200 (75%)
  [Epoch 143] Batch 200/200 (100%)
[Epoch 143/700] train_loss=0.6366 val_loss=0.6914 lr=9.01e-04 (13s)
  [Epoch 144] Batch 50/200 (25%)
  [Epoch 144] Batch 100/200 (50%)
  [Epoch 144] Batch 150/200 (75%)
  [Epoch 144] Batch 200/200 (100%)
[Epoch 144/700] train_loss=0.6433 val_loss=0.6611 lr=8.99e-04 (13s)
  [Epoch 145] Batch 50/200 (25%)
  [Epoch 145] Batch 100/200 (50%)
  [Epoch 145] Batch 150/200 (75%)
  [Epoch 145] Batch 200/200 (100%)
[Epoch 145/700] train_loss=0.6352 val_loss=0.6407 lr=8.98e-04 (14s)
  [Epoch 146] Batch 50/200 (25%)
  [Epoch 146] Batch 100/200 (50%)
  [Epoch 146] Batch 150/200 (75%)
  [Epoch 146] Batch 200/200 (100%)
[Epoch 146/700] train_loss=0.6343 val_loss=0.6469 lr=8.96e-04 (14s)
  [Epoch 147] Batch 50/200 (25%)
  [Epoch 147] Batch 100/200 (50%)
  [Epoch 147] Batch 150/200 (75%)
  [Epoch 147] Batch 200/200 (100%)
[Epoch 147/700] train_loss=0.6393 val_loss=0.6312 lr=8.95e-04 (14s)
  [Epoch 148] Batch 50/200 (25%)
  [Epoch 148] Batch 100/200 (50%)
  [Epoch 148] Batch 150/200 (75%)
  [Epoch 148] Batch 200/200 (100%)
[Epoch 148/700] train_loss=0.6374 val_loss=0.6420 lr=8.94e-04 (13s)
  [Epoch 149] Batch 50/200 (25%)
  [Epoch 149] Batch 100/200 (50%)
  [Epoch 149] Batch 150/200 (75%)
  [Epoch 149] Batch 200/200 (100%)
[Epoch 149/700] train_loss=0.6407 val_loss=0.6449 lr=8.92e-04 (13s)
  [Epoch 150] Batch 50/200 (25%)
  [Epoch 150] Batch 100/200 (50%)
  [Epoch 150] Batch 150/200 (75%)
  [Epoch 150] Batch 200/200 (100%)
[Epoch 150/700] train_loss=0.6405 val_loss=0.6599 lr=8.91e-04 (13s)
  [Epoch 151] Batch 50/200 (25%)
  [Epoch 151] Batch 100/200 (50%)
  [Epoch 151] Batch 150/200 (75%)
  [Epoch 151] Batch 200/200 (100%)
[Epoch 151/700] train_loss=0.6385 val_loss=0.6414 lr=8.90e-04 (13s)
  [Epoch 152] Batch 50/200 (25%)
  [Epoch 152] Batch 100/200 (50%)
  [Epoch 152] Batch 150/200 (75%)
  [Epoch 152] Batch 200/200 (100%)
[Epoch 152/700] train_loss=0.6358 val_loss=0.6570 lr=8.88e-04 (13s)
  [Epoch 153] Batch 50/200 (25%)
  [Epoch 153] Batch 100/200 (50%)
  [Epoch 153] Batch 150/200 (75%)
  [Epoch 153] Batch 200/200 (100%)
[Epoch 153/700] train_loss=0.6334 val_loss=0.6531 lr=8.87e-04 (13s)
  [Epoch 154] Batch 50/200 (25%)
  [Epoch 154] Batch 100/200 (50%)
  [Epoch 154] Batch 150/200 (75%)
  [Epoch 154] Batch 200/200 (100%)
[Epoch 154/700] train_loss=0.6354 val_loss=0.6522 lr=8.85e-04 (13s)
  [Epoch 155] Batch 50/200 (25%)
  [Epoch 155] Batch 100/200 (50%)
  [Epoch 155] Batch 150/200 (75%)
  [Epoch 155] Batch 200/200 (100%)
[Epoch 155/700] train_loss=0.6397 val_loss=0.6505 lr=8.84e-04 (14s)
  [Epoch 156] Batch 50/200 (25%)
  [Epoch 156] Batch 100/200 (50%)
  [Epoch 156] Batch 150/200 (75%)
  [Epoch 156] Batch 200/200 (100%)
[Epoch 156/700] train_loss=0.6410 val_loss=0.6539 lr=8.82e-04 (13s)
  [Epoch 157] Batch 50/200 (25%)
  [Epoch 157] Batch 100/200 (50%)
  [Epoch 157] Batch 150/200 (75%)
  [Epoch 157] Batch 200/200 (100%)
[Epoch 157/700] train_loss=0.6420 val_loss=0.6667 lr=8.81e-04 (13s)
  [Epoch 158] Batch 50/200 (25%)
  [Epoch 158] Batch 100/200 (50%)
  [Epoch 158] Batch 150/200 (75%)
  [Epoch 158] Batch 200/200 (100%)
[Epoch 158/700] train_loss=0.6325 val_loss=0.6326 lr=8.79e-04 (13s)
  [Epoch 159] Batch 50/200 (25%)
  [Epoch 159] Batch 100/200 (50%)
  [Epoch 159] Batch 150/200 (75%)
  [Epoch 159] Batch 200/200 (100%)
[Epoch 159/700] train_loss=0.6256 val_loss=0.6554 lr=8.78e-04 (13s)
  [Epoch 160] Batch 50/200 (25%)
  [Epoch 160] Batch 100/200 (50%)
  [Epoch 160] Batch 150/200 (75%)
  [Epoch 160] Batch 200/200 (100%)
[Epoch 160/700] train_loss=0.6317 val_loss=0.6575 lr=8.77e-04 (13s)
  [Epoch 161] Batch 50/200 (25%)
  [Epoch 161] Batch 100/200 (50%)
  [Epoch 161] Batch 150/200 (75%)
  [Epoch 161] Batch 200/200 (100%)
[Epoch 161/700] train_loss=0.6345 val_loss=0.6458 lr=8.75e-04 (13s)
  [Epoch 162] Batch 50/200 (25%)
  [Epoch 162] Batch 100/200 (50%)
  [Epoch 162] Batch 150/200 (75%)
  [Epoch 162] Batch 200/200 (100%)
[Epoch 162/700] train_loss=0.6339 val_loss=0.6699 lr=8.74e-04 (13s)
  [Epoch 163] Batch 50/200 (25%)
  [Epoch 163] Batch 100/200 (50%)
  [Epoch 163] Batch 150/200 (75%)
  [Epoch 163] Batch 200/200 (100%)
[Epoch 163/700] train_loss=0.6296 val_loss=0.6416 lr=8.72e-04 (13s)
  [Epoch 164] Batch 50/200 (25%)
  [Epoch 164] Batch 100/200 (50%)
  [Epoch 164] Batch 150/200 (75%)
  [Epoch 164] Batch 200/200 (100%)
[Epoch 164/700] train_loss=0.6332 val_loss=0.6365 lr=8.71e-04 (13s)
  [Epoch 165] Batch 50/200 (25%)
  [Epoch 165] Batch 100/200 (50%)
  [Epoch 165] Batch 150/200 (75%)
  [Epoch 165] Batch 200/200 (100%)
[Epoch 165/700] train_loss=0.6343 val_loss=0.6418 lr=8.69e-04 (13s)
  [Epoch 166] Batch 50/200 (25%)
  [Epoch 166] Batch 100/200 (50%)
  [Epoch 166] Batch 150/200 (75%)
  [Epoch 166] Batch 200/200 (100%)
[Epoch 166/700] train_loss=0.6310 val_loss=0.6497 lr=8.68e-04 (13s)
  [Epoch 167] Batch 50/200 (25%)
  [Epoch 167] Batch 100/200 (50%)
  [Epoch 167] Batch 150/200 (75%)
  [Epoch 167] Batch 200/200 (100%)
[Epoch 167/700] train_loss=0.6280 val_loss=0.6514 lr=8.66e-04 (13s)
  [Epoch 168] Batch 50/200 (25%)
  [Epoch 168] Batch 100/200 (50%)
  [Epoch 168] Batch 150/200 (75%)
  [Epoch 168] Batch 200/200 (100%)
[Epoch 168/700] train_loss=0.6358 val_loss=0.6444 lr=8.64e-04 (13s)
  [Epoch 169] Batch 50/200 (25%)
  [Epoch 169] Batch 100/200 (50%)
  [Epoch 169] Batch 150/200 (75%)
  [Epoch 169] Batch 200/200 (100%)
[Epoch 169/700] train_loss=0.6318 val_loss=0.6613 lr=8.63e-04 (13s)
  [Epoch 170] Batch 50/200 (25%)
  [Epoch 170] Batch 100/200 (50%)
  [Epoch 170] Batch 150/200 (75%)
  [Epoch 170] Batch 200/200 (100%)
[Epoch 170/700] train_loss=0.6319 val_loss=0.6650 lr=8.61e-04 (13s)
  [Epoch 171] Batch 50/200 (25%)
  [Epoch 171] Batch 100/200 (50%)
  [Epoch 171] Batch 150/200 (75%)
  [Epoch 171] Batch 200/200 (100%)
[Epoch 171/700] train_loss=0.6306 val_loss=0.6444 lr=8.60e-04 (13s)
  [Epoch 172] Batch 50/200 (25%)
  [Epoch 172] Batch 100/200 (50%)
  [Epoch 172] Batch 150/200 (75%)
  [Epoch 172] Batch 200/200 (100%)
[Epoch 172/700] train_loss=0.6278 val_loss=0.6467 lr=8.58e-04 (13s)
  [Epoch 173] Batch 50/200 (25%)
  [Epoch 173] Batch 100/200 (50%)
  [Epoch 173] Batch 150/200 (75%)
  [Epoch 173] Batch 200/200 (100%)
[Epoch 173/700] train_loss=0.6385 val_loss=0.6506 lr=8.57e-04 (13s)
  [Epoch 174] Batch 50/200 (25%)
  [Epoch 174] Batch 100/200 (50%)
  [Epoch 174] Batch 150/200 (75%)
  [Epoch 174] Batch 200/200 (100%)
[Epoch 174/700] train_loss=0.6310 val_loss=0.6486 lr=8.55e-04 (13s)
  [Epoch 175] Batch 50/200 (25%)
  [Epoch 175] Batch 100/200 (50%)
  [Epoch 175] Batch 150/200 (75%)
  [Epoch 175] Batch 200/200 (100%)
[Epoch 175/700] train_loss=0.6337 val_loss=0.6594 lr=8.54e-04 (13s)
  [Epoch 176] Batch 50/200 (25%)
  [Epoch 176] Batch 100/200 (50%)
  [Epoch 176] Batch 150/200 (75%)
  [Epoch 176] Batch 200/200 (100%)
[Epoch 176/700] train_loss=0.6292 val_loss=0.6571 lr=8.52e-04 (13s)
  [Epoch 177] Batch 50/200 (25%)
  [Epoch 177] Batch 100/200 (50%)
  [Epoch 177] Batch 150/200 (75%)
  [Epoch 177] Batch 200/200 (100%)
[Epoch 177/700] train_loss=0.6339 val_loss=0.6495 lr=8.50e-04 (13s)
  [Epoch 178] Batch 50/200 (25%)
  [Epoch 178] Batch 100/200 (50%)
  [Epoch 178] Batch 150/200 (75%)
  [Epoch 178] Batch 200/200 (100%)
[Epoch 178/700] train_loss=0.6320 val_loss=0.6556 lr=8.49e-04 (13s)
  [Epoch 179] Batch 50/200 (25%)
  [Epoch 179] Batch 100/200 (50%)
  [Epoch 179] Batch 150/200 (75%)
  [Epoch 179] Batch 200/200 (100%)
[Epoch 179/700] train_loss=0.6312 val_loss=0.6416 lr=8.47e-04 (14s)
  [Epoch 180] Batch 50/200 (25%)
  [Epoch 180] Batch 100/200 (50%)
  [Epoch 180] Batch 150/200 (75%)
  [Epoch 180] Batch 200/200 (100%)
[Epoch 180/700] train_loss=0.6319 val_loss=0.6521 lr=8.46e-04 (13s)
  [Epoch 181] Batch 50/200 (25%)
  [Epoch 181] Batch 100/200 (50%)
  [Epoch 181] Batch 150/200 (75%)
  [Epoch 181] Batch 200/200 (100%)
[Epoch 181/700] train_loss=0.6304 val_loss=0.6672 lr=8.44e-04 (13s)
  [Epoch 182] Batch 50/200 (25%)
  [Epoch 182] Batch 100/200 (50%)
  [Epoch 182] Batch 150/200 (75%)
  [Epoch 182] Batch 200/200 (100%)
[Epoch 182/700] train_loss=0.6274 val_loss=0.6436 lr=8.42e-04 (13s)
  [Epoch 183] Batch 50/200 (25%)
  [Epoch 183] Batch 100/200 (50%)
  [Epoch 183] Batch 150/200 (75%)
  [Epoch 183] Batch 200/200 (100%)
[Epoch 183/700] train_loss=0.6270 val_loss=0.6373 lr=8.41e-04 (13s)
  [Epoch 184] Batch 50/200 (25%)
  [Epoch 184] Batch 100/200 (50%)
  [Epoch 184] Batch 150/200 (75%)
  [Epoch 184] Batch 200/200 (100%)
[Epoch 184/700] train_loss=0.6294 val_loss=0.6373 lr=8.39e-04 (13s)
  [Epoch 185] Batch 50/200 (25%)
  [Epoch 185] Batch 100/200 (50%)
  [Epoch 185] Batch 150/200 (75%)
  [Epoch 185] Batch 200/200 (100%)
[Epoch 185/700] train_loss=0.6297 val_loss=0.6453 lr=8.37e-04 (13s)
  [Epoch 186] Batch 50/200 (25%)
  [Epoch 186] Batch 100/200 (50%)
  [Epoch 186] Batch 150/200 (75%)
  [Epoch 186] Batch 200/200 (100%)
[Epoch 186/700] train_loss=0.6266 val_loss=0.6460 lr=8.36e-04 (14s)
  [Epoch 187] Batch 50/200 (25%)
  [Epoch 187] Batch 100/200 (50%)
  [Epoch 187] Batch 150/200 (75%)
  [Epoch 187] Batch 200/200 (100%)
[Epoch 187/700] train_loss=0.6217 val_loss=0.6411 lr=8.34e-04 (13s)
  [Epoch 188] Batch 50/200 (25%)
  [Epoch 188] Batch 100/200 (50%)
  [Epoch 188] Batch 150/200 (75%)
  [Epoch 188] Batch 200/200 (100%)
[Epoch 188/700] train_loss=0.6259 val_loss=0.6571 lr=8.32e-04 (13s)
  [Epoch 189] Batch 50/200 (25%)
  [Epoch 189] Batch 100/200 (50%)
  [Epoch 189] Batch 150/200 (75%)
  [Epoch 189] Batch 200/200 (100%)
[Epoch 189/700] train_loss=0.6305 val_loss=0.6463 lr=8.31e-04 (13s)
  [Epoch 190] Batch 50/200 (25%)
  [Epoch 190] Batch 100/200 (50%)
  [Epoch 190] Batch 150/200 (75%)
  [Epoch 190] Batch 200/200 (100%)
[Epoch 190/700] train_loss=0.6263 val_loss=0.6414 lr=8.29e-04 (13s)
  [Epoch 191] Batch 50/200 (25%)
  [Epoch 191] Batch 100/200 (50%)
  [Epoch 191] Batch 150/200 (75%)
  [Epoch 191] Batch 200/200 (100%)
[Epoch 191/700] train_loss=0.6304 val_loss=0.6428 lr=8.27e-04 (13s)
  [Epoch 192] Batch 50/200 (25%)
  [Epoch 192] Batch 100/200 (50%)
  [Epoch 192] Batch 150/200 (75%)
  [Epoch 192] Batch 200/200 (100%)
[Epoch 192/700] train_loss=0.6306 val_loss=0.6707 lr=8.26e-04 (13s)
  [Epoch 193] Batch 50/200 (25%)
  [Epoch 193] Batch 100/200 (50%)
  [Epoch 193] Batch 150/200 (75%)
  [Epoch 193] Batch 200/200 (100%)
[Epoch 193/700] train_loss=0.6272 val_loss=0.6500 lr=8.24e-04 (13s)
  [Epoch 194] Batch 50/200 (25%)
  [Epoch 194] Batch 100/200 (50%)
  [Epoch 194] Batch 150/200 (75%)
  [Epoch 194] Batch 200/200 (100%)
[Epoch 194/700] train_loss=0.6215 val_loss=0.6320 lr=8.22e-04 (13s)
  [Epoch 195] Batch 50/200 (25%)
  [Epoch 195] Batch 100/200 (50%)
  [Epoch 195] Batch 150/200 (75%)
  [Epoch 195] Batch 200/200 (100%)
[Epoch 195/700] train_loss=0.6283 val_loss=0.6457 lr=8.20e-04 (13s)
  [Epoch 196] Batch 50/200 (25%)
  [Epoch 196] Batch 100/200 (50%)
  [Epoch 196] Batch 150/200 (75%)
  [Epoch 196] Batch 200/200 (100%)
[Epoch 196/700] train_loss=0.6269 val_loss=0.6468 lr=8.19e-04 (13s)
  [Epoch 197] Batch 50/200 (25%)
  [Epoch 197] Batch 100/200 (50%)
  [Epoch 197] Batch 150/200 (75%)
  [Epoch 197] Batch 200/200 (100%)
[Epoch 197/700] train_loss=0.6260 val_loss=0.6461 lr=8.17e-04 (13s)

[Training] Completed!

✓ Training completed!
  Final checkpoint: /public/home/xiongzhzh2023/PT4ConTSG/experiments/20260403_170813_telecomts_segment_pt_factor_generator/checkpoints/finetune/finetune-epoch=146-val/loss=0.6312.ckpt
  Experiment: experiments/20260403_170813_telecomts_segment_pt_factor_generator

Running automatic evaluation...
[Extracting data] Starting (0/200)...
[Extracting data] 1/200 (0%)
[Extracting data] 20/200 (10%)
[Extracting data] 40/200 (20%)
[Extracting data] 61/200 (30%)
[Extracting data] 80/200 (40%)
[Extracting data] 100/200 (50%)
[Extracting data] 121/200 (60%)
[Extracting data] 141/200 (70%)
[Extracting data] 160/200 (80%)
[Extracting data] 180/200 (90%)
[Extracting data] 200/200 (100%)
[Extracting data] Completed (200 items)
[Evaluating (generating)] Starting (0/25)...
[Evaluating (generating)] 1/25 (4%)
[Evaluating (generating)] 3/25 (12%)
[Evaluating (generating)] 5/25 (20%)
[Evaluating (generating)] 8/25 (32%)
[Evaluating (generating)] 10/25 (40%)
[Evaluating (generating)] 13/25 (52%)
[Evaluating (generating)] 16/25 (64%)
[Evaluating (generating)] 18/25 (72%)
[Evaluating (generating)] 20/25 (80%)
[Evaluating (generating)] 23/25 (92%)
[Evaluating (generating)] 25/25 (100%)
[Evaluating (generating)] Completed (25 items)
Evaluation results saved to: experiments/20260403_170813_telecomts_segment_pt_factor_generator/results/eval_results.json
          Evaluation Results           
┏━━━━━━━━━━━━━━━━━━━━━━━━━┳━━━━━━━━━━━┓
┃ Metric                  ┃     Value ┃
┡━━━━━━━━━━━━━━━━━━━━━━━━━╇━━━━━━━━━━━┩
│ dtw                     │  8.676341 │
│ wape                    │ 54.535992 │
│ ed                      │ 10.371738 │
│ crps                    │  0.287345 │
│ acd                     │  0.088941 │
│ sd                      │  1.664400 │
│ kd                      │  6.577038 │
│ mdd                     │  0.010837 │
│ fid                     │  0.032571 │
│ jftsd                   │  0.041551 │
│ cttp                    │ -0.011388 │
│ disc_auc                │  0.990054 │
│ prdc_f1.f1              │  0.067419 │
│ prdc_f1.precision       │  0.914375 │
│ prdc_f1.recall          │  0.035000 │
│ joint_prdc_f1.f1        │  0.785873 │
│ joint_prdc_f1.precision │  0.907813 │
│ joint_prdc_f1.recall    │  0.692813 │
└─────────────────────────┴───────────┘
