Loading config from: configs/generators/ptfg_weather_concept.yaml
Model schema mode: relaxed (no model-specific schema for 'pt_factor_generator')
         Configuration Summary         
┌───────────────┬─────────────────────┐
│ Dataset       │ weather_concept     │
│ Model         │ pt_factor_generator │
│ Epochs        │ 700                 │
│ Batch Size    │ 128                 │
│ Learning Rate │ 0.001               │
│ Device        │ cuda:0              │
│ Seed          │ 42                  │
└───────────────┴─────────────────────┘

Experiment directory: experiments/20260403_171215_weather_concept_pt_factor_generator

Model: pt_factor_generator
Creating data module: weather_concept

Starting multi-stage training (1 stage(s))...
  Stage 1: finetune (700 epochs, lr=0.001)
┏━━━┳━━━━━━━━━━━━━━┳━━━━━━━━━━━━━━━━━━━━━━━━┳━━━━━━━━┳━━━━━━━┳━━━━━━━┓
┃   ┃ Name         ┃ Type                   ┃ Params ┃ Mode  ┃ FLOPs ┃
┡━━━╇━━━━━━━━━━━━━━╇━━━━━━━━━━━━━━━━━━━━━━━━╇━━━━━━━━╇━━━━━━━╇━━━━━━━┩
│ 0 │ net          │ PTFactorNoisePredictor │  5.0 M │ train │     0 │
│   │ other params │ n/a                    │  1.0 K │ n/a   │   n/a │
└───┴──────────────┴────────────────────────┴────────┴───────┴───────┘
Trainable params: 5.0 M                                                                                                                                                                                       
Non-trainable params: 0                                                                                                                                                                                       
Total params: 5.0 M                                                                                                                                                                                           
Total estimated model params size (MB): 19                                                                                                                                                                    
Modules in train mode: 195                                                                                                                                                                                    
Modules in eval mode: 0                                                                                                                                                                                       
Total FLOPs: 0                                                                                                                                                                                                

[Training] Starting 700 epochs...
  [Epoch 1] Batch 50/81 (62%)
[Epoch 1/700] train_loss=1.6198 val_loss=1.1755 lr=1.00e-03 (6s)
  [Epoch 2] Batch 50/81 (62%)
[Epoch 2/700] train_loss=1.0399 val_loss=1.1243 lr=1.00e-03 (6s)
  [Epoch 3] Batch 50/81 (62%)
[Epoch 3/700] train_loss=0.8516 val_loss=0.9061 lr=1.00e-03 (6s)
  [Epoch 4] Batch 50/81 (62%)
[Epoch 4/700] train_loss=0.7187 val_loss=0.6769 lr=1.00e-03 (6s)
  [Epoch 5] Batch 50/81 (62%)
[Epoch 5/700] train_loss=0.6866 val_loss=0.7919 lr=1.00e-03 (6s)
  [Epoch 6] Batch 50/81 (62%)
[Epoch 6/700] train_loss=0.7093 val_loss=0.7932 lr=1.00e-03 (6s)
  [Epoch 7] Batch 50/81 (62%)
[Epoch 7/700] train_loss=0.6652 val_loss=0.6964 lr=1.00e-03 (6s)
  [Epoch 8] Batch 50/81 (62%)
[Epoch 8/700] train_loss=0.6143 val_loss=0.6095 lr=1.00e-03 (6s)
  [Epoch 9] Batch 50/81 (62%)
[Epoch 9/700] train_loss=0.6140 val_loss=0.7582 lr=1.00e-03 (6s)
  [Epoch 10] Batch 50/81 (62%)
[Epoch 10/700] train_loss=0.5926 val_loss=0.6064 lr=9.99e-04 (6s)
  [Epoch 11] Batch 50/81 (62%)
[Epoch 11/700] train_loss=0.5766 val_loss=0.5803 lr=9.99e-04 (6s)
  [Epoch 12] Batch 50/81 (62%)
[Epoch 12/700] train_loss=0.6443 val_loss=0.5600 lr=9.99e-04 (6s)
  [Epoch 13] Batch 50/81 (62%)
[Epoch 13/700] train_loss=0.5664 val_loss=0.6270 lr=9.99e-04 (6s)
  [Epoch 14] Batch 50/81 (62%)
[Epoch 14/700] train_loss=0.5386 val_loss=0.6428 lr=9.99e-04 (6s)
  [Epoch 15] Batch 50/81 (62%)
[Epoch 15/700] train_loss=0.5810 val_loss=0.5509 lr=9.99e-04 (6s)
  [Epoch 16] Batch 50/81 (62%)
[Epoch 16/700] train_loss=0.5994 val_loss=0.5436 lr=9.99e-04 (6s)
  [Epoch 17] Batch 50/81 (62%)
[Epoch 17/700] train_loss=0.5698 val_loss=0.5070 lr=9.99e-04 (6s)
  [Epoch 18] Batch 50/81 (62%)
[Epoch 18/700] train_loss=0.5164 val_loss=0.5353 lr=9.98e-04 (6s)
  [Epoch 19] Batch 50/81 (62%)
[Epoch 19/700] train_loss=0.5467 val_loss=0.6443 lr=9.98e-04 (6s)
  [Epoch 20] Batch 50/81 (62%)
[Epoch 20/700] train_loss=0.4957 val_loss=0.5440 lr=9.98e-04 (6s)
  [Epoch 21] Batch 50/81 (62%)
[Epoch 21/700] train_loss=0.4774 val_loss=0.6341 lr=9.98e-04 (6s)
  [Epoch 22] Batch 50/81 (62%)
[Epoch 22/700] train_loss=0.4796 val_loss=0.4972 lr=9.98e-04 (6s)
  [Epoch 23] Batch 50/81 (62%)
[Epoch 23/700] train_loss=0.4980 val_loss=0.4873 lr=9.97e-04 (6s)
  [Epoch 24] Batch 50/81 (62%)
[Epoch 24/700] train_loss=0.4766 val_loss=0.5382 lr=9.97e-04 (6s)
  [Epoch 25] Batch 50/81 (62%)
[Epoch 25/700] train_loss=0.4735 val_loss=0.5872 lr=9.97e-04 (6s)
  [Epoch 26] Batch 50/81 (62%)
[Epoch 26/700] train_loss=0.4684 val_loss=0.5167 lr=9.97e-04 (6s)
  [Epoch 27] Batch 50/81 (62%)
[Epoch 27/700] train_loss=0.4452 val_loss=0.5420 lr=9.96e-04 (6s)
  [Epoch 28] Batch 50/81 (62%)
[Epoch 28/700] train_loss=0.4874 val_loss=0.4505 lr=9.96e-04 (6s)
  [Epoch 29] Batch 50/81 (62%)
[Epoch 29/700] train_loss=0.4427 val_loss=0.5269 lr=9.96e-04 (6s)
  [Epoch 30] Batch 50/81 (62%)
[Epoch 30/700] train_loss=0.5219 val_loss=0.4467 lr=9.95e-04 (6s)
  [Epoch 31] Batch 50/81 (62%)
[Epoch 31/700] train_loss=0.4426 val_loss=0.4395 lr=9.95e-04 (6s)
  [Epoch 32] Batch 50/81 (62%)
[Epoch 32/700] train_loss=0.5059 val_loss=0.4398 lr=9.95e-04 (6s)
  [Epoch 33] Batch 50/81 (62%)
[Epoch 33/700] train_loss=0.4542 val_loss=0.6080 lr=9.95e-04 (6s)
  [Epoch 34] Batch 50/81 (62%)
[Epoch 34/700] train_loss=0.5079 val_loss=0.4997 lr=9.94e-04 (6s)
  [Epoch 35] Batch 50/81 (62%)
[Epoch 35/700] train_loss=0.4370 val_loss=0.4422 lr=9.94e-04 (6s)
  [Epoch 36] Batch 50/81 (62%)
[Epoch 36/700] train_loss=0.5067 val_loss=0.5955 lr=9.93e-04 (6s)
  [Epoch 37] Batch 50/81 (62%)
[Epoch 37/700] train_loss=0.4257 val_loss=0.5516 lr=9.93e-04 (6s)
  [Epoch 38] Batch 50/81 (62%)
[Epoch 38/700] train_loss=0.4188 val_loss=0.4326 lr=9.93e-04 (6s)
  [Epoch 39] Batch 50/81 (62%)
[Epoch 39/700] train_loss=0.4936 val_loss=0.5940 lr=9.92e-04 (6s)
  [Epoch 40] Batch 50/81 (62%)
[Epoch 40/700] train_loss=0.4196 val_loss=0.4242 lr=9.92e-04 (6s)
  [Epoch 41] Batch 50/81 (62%)
[Epoch 41/700] train_loss=0.4980 val_loss=0.4657 lr=9.92e-04 (6s)
  [Epoch 42] Batch 50/81 (62%)
[Epoch 42/700] train_loss=0.4064 val_loss=0.4351 lr=9.91e-04 (6s)
  [Epoch 43] Batch 50/81 (62%)
[Epoch 43/700] train_loss=0.4283 val_loss=0.5005 lr=9.91e-04 (6s)
  [Epoch 44] Batch 50/81 (62%)
[Epoch 44/700] train_loss=0.4146 val_loss=0.4213 lr=9.90e-04 (6s)
  [Epoch 45] Batch 50/81 (62%)
[Epoch 45/700] train_loss=0.4082 val_loss=0.4362 lr=9.90e-04 (6s)
  [Epoch 46] Batch 50/81 (62%)
[Epoch 46/700] train_loss=0.4001 val_loss=0.5422 lr=9.89e-04 (6s)
  [Epoch 47] Batch 50/81 (62%)
[Epoch 47/700] train_loss=0.4468 val_loss=0.4703 lr=9.89e-04 (6s)
  [Epoch 48] Batch 50/81 (62%)
[Epoch 48/700] train_loss=0.4241 val_loss=0.4263 lr=9.88e-04 (6s)
  [Epoch 49] Batch 50/81 (62%)
[Epoch 49/700] train_loss=0.4362 val_loss=0.3966 lr=9.88e-04 (6s)
  [Epoch 50] Batch 50/81 (62%)
[Epoch 50/700] train_loss=0.4481 val_loss=0.4260 lr=9.87e-04 (6s)
  [Epoch 51] Batch 50/81 (62%)
[Epoch 51/700] train_loss=0.4074 val_loss=0.4328 lr=9.87e-04 (6s)
  [Epoch 52] Batch 50/81 (62%)
[Epoch 52/700] train_loss=0.4148 val_loss=0.5047 lr=9.86e-04 (6s)
  [Epoch 53] Batch 50/81 (62%)
[Epoch 53/700] train_loss=0.3998 val_loss=0.4045 lr=9.86e-04 (6s)
  [Epoch 54] Batch 50/81 (62%)
[Epoch 54/700] train_loss=0.3969 val_loss=0.4437 lr=9.85e-04 (6s)
  [Epoch 55] Batch 50/81 (62%)
[Epoch 55/700] train_loss=0.3996 val_loss=0.4447 lr=9.85e-04 (6s)
  [Epoch 56] Batch 50/81 (62%)
[Epoch 56/700] train_loss=0.3666 val_loss=0.4787 lr=9.84e-04 (6s)
  [Epoch 57] Batch 50/81 (62%)
[Epoch 57/700] train_loss=0.3821 val_loss=0.4259 lr=9.84e-04 (6s)
  [Epoch 58] Batch 50/81 (62%)
[Epoch 58/700] train_loss=0.4710 val_loss=0.4058 lr=9.83e-04 (6s)
  [Epoch 59] Batch 50/81 (62%)
[Epoch 59/700] train_loss=0.4668 val_loss=0.4062 lr=9.83e-04 (6s)
  [Epoch 60] Batch 50/81 (62%)
[Epoch 60/700] train_loss=0.4406 val_loss=0.4811 lr=9.82e-04 (6s)
  [Epoch 61] Batch 50/81 (62%)
[Epoch 61/700] train_loss=0.4041 val_loss=0.3996 lr=9.81e-04 (6s)
  [Epoch 62] Batch 50/81 (62%)
[Epoch 62/700] train_loss=0.3733 val_loss=0.5697 lr=9.81e-04 (6s)
  [Epoch 63] Batch 50/81 (62%)
[Epoch 63/700] train_loss=0.4255 val_loss=0.4209 lr=9.80e-04 (6s)
  [Epoch 64] Batch 50/81 (62%)
[Epoch 64/700] train_loss=0.4371 val_loss=0.4714 lr=9.80e-04 (6s)
  [Epoch 65] Batch 50/81 (62%)
[Epoch 65/700] train_loss=0.3941 val_loss=0.4115 lr=9.79e-04 (6s)
  [Epoch 66] Batch 50/81 (62%)
[Epoch 66/700] train_loss=0.3705 val_loss=0.4613 lr=9.78e-04 (6s)
  [Epoch 67] Batch 50/81 (62%)
[Epoch 67/700] train_loss=0.3758 val_loss=0.4143 lr=9.78e-04 (6s)
  [Epoch 68] Batch 50/81 (62%)
[Epoch 68/700] train_loss=0.3712 val_loss=0.3985 lr=9.77e-04 (6s)
  [Epoch 69] Batch 50/81 (62%)
[Epoch 69/700] train_loss=0.3701 val_loss=0.4544 lr=9.76e-04 (6s)
  [Epoch 70] Batch 50/81 (62%)
[Epoch 70/700] train_loss=0.4494 val_loss=0.4254 lr=9.76e-04 (6s)
  [Epoch 71] Batch 50/81 (62%)
[Epoch 71/700] train_loss=0.3666 val_loss=0.3960 lr=9.75e-04 (6s)
  [Epoch 72] Batch 50/81 (62%)
[Epoch 72/700] train_loss=0.3942 val_loss=0.4205 lr=9.74e-04 (6s)
  [Epoch 73] Batch 50/81 (62%)
[Epoch 73/700] train_loss=0.3683 val_loss=0.4230 lr=9.73e-04 (6s)
  [Epoch 74] Batch 50/81 (62%)
[Epoch 74/700] train_loss=0.3652 val_loss=0.3936 lr=9.73e-04 (6s)
  [Epoch 75] Batch 50/81 (62%)
[Epoch 75/700] train_loss=0.3634 val_loss=0.3827 lr=9.72e-04 (6s)
  [Epoch 76] Batch 50/81 (62%)
[Epoch 76/700] train_loss=0.3644 val_loss=0.5241 lr=9.71e-04 (6s)
  [Epoch 77] Batch 50/81 (62%)
[Epoch 77/700] train_loss=0.3583 val_loss=0.3821 lr=9.70e-04 (6s)
  [Epoch 78] Batch 50/81 (62%)
[Epoch 78/700] train_loss=0.3786 val_loss=0.5463 lr=9.70e-04 (6s)
  [Epoch 79] Batch 50/81 (62%)
[Epoch 79/700] train_loss=0.3794 val_loss=0.3927 lr=9.69e-04 (6s)
  [Epoch 80] Batch 50/81 (62%)
[Epoch 80/700] train_loss=0.3719 val_loss=0.5177 lr=9.68e-04 (6s)
  [Epoch 81] Batch 50/81 (62%)
[Epoch 81/700] train_loss=0.4039 val_loss=0.3801 lr=9.67e-04 (6s)
  [Epoch 82] Batch 50/81 (62%)
[Epoch 82/700] train_loss=0.3696 val_loss=0.4615 lr=9.67e-04 (6s)
  [Epoch 83] Batch 50/81 (62%)
[Epoch 83/700] train_loss=0.3925 val_loss=0.3977 lr=9.66e-04 (6s)
  [Epoch 84] Batch 50/81 (62%)
[Epoch 84/700] train_loss=0.3591 val_loss=0.3938 lr=9.65e-04 (6s)
  [Epoch 85] Batch 50/81 (62%)
[Epoch 85/700] train_loss=0.3462 val_loss=0.4354 lr=9.64e-04 (6s)
  [Epoch 86] Batch 50/81 (62%)
[Epoch 86/700] train_loss=0.3590 val_loss=0.4122 lr=9.63e-04 (6s)
  [Epoch 87] Batch 50/81 (62%)
[Epoch 87/700] train_loss=0.3543 val_loss=0.4513 lr=9.62e-04 (6s)
  [Epoch 88] Batch 50/81 (62%)
[Epoch 88/700] train_loss=0.3507 val_loss=0.4349 lr=9.62e-04 (6s)
  [Epoch 89] Batch 50/81 (62%)
[Epoch 89/700] train_loss=0.3597 val_loss=0.3708 lr=9.61e-04 (6s)
  [Epoch 90] Batch 50/81 (62%)
[Epoch 90/700] train_loss=0.3538 val_loss=0.3982 lr=9.60e-04 (6s)
  [Epoch 91] Batch 50/81 (62%)
[Epoch 91/700] train_loss=0.3716 val_loss=0.5006 lr=9.59e-04 (6s)
  [Epoch 92] Batch 50/81 (62%)
[Epoch 92/700] train_loss=0.3497 val_loss=0.4218 lr=9.58e-04 (6s)
  [Epoch 93] Batch 50/81 (62%)
[Epoch 93/700] train_loss=0.3543 val_loss=0.5233 lr=9.57e-04 (6s)
  [Epoch 94] Batch 50/81 (62%)
[Epoch 94/700] train_loss=0.3999 val_loss=0.4167 lr=9.56e-04 (6s)
  [Epoch 95] Batch 50/81 (62%)
[Epoch 95/700] train_loss=0.3479 val_loss=0.3764 lr=9.55e-04 (6s)
  [Epoch 96] Batch 50/81 (62%)
[Epoch 96/700] train_loss=0.3558 val_loss=0.4485 lr=9.54e-04 (6s)
  [Epoch 97] Batch 50/81 (62%)
[Epoch 97/700] train_loss=0.3470 val_loss=0.3765 lr=9.53e-04 (6s)
  [Epoch 98] Batch 50/81 (62%)
[Epoch 98/700] train_loss=0.3757 val_loss=0.4932 lr=9.52e-04 (6s)
  [Epoch 99] Batch 50/81 (62%)
[Epoch 99/700] train_loss=0.3803 val_loss=0.4477 lr=9.51e-04 (6s)
  [Epoch 100] Batch 50/81 (62%)
[Epoch 100/700] train_loss=0.3586 val_loss=0.4796 lr=9.50e-04 (6s)
  [Epoch 101] Batch 50/81 (62%)
[Epoch 101/700] train_loss=0.3503 val_loss=0.4116 lr=9.50e-04 (6s)
  [Epoch 102] Batch 50/81 (62%)
[Epoch 102/700] train_loss=0.3553 val_loss=0.5545 lr=9.49e-04 (6s)
  [Epoch 103] Batch 50/81 (62%)
[Epoch 103/700] train_loss=0.3534 val_loss=0.4160 lr=9.48e-04 (6s)
  [Epoch 104] Batch 50/81 (62%)
[Epoch 104/700] train_loss=0.3439 val_loss=0.3807 lr=9.47e-04 (6s)
  [Epoch 105] Batch 50/81 (62%)
[Epoch 105/700] train_loss=0.3334 val_loss=0.4000 lr=9.46e-04 (6s)
  [Epoch 106] Batch 50/81 (62%)
[Epoch 106/700] train_loss=0.3537 val_loss=0.3703 lr=9.44e-04 (6s)
  [Epoch 107] Batch 50/81 (62%)
[Epoch 107/700] train_loss=0.3583 val_loss=0.3797 lr=9.43e-04 (6s)
  [Epoch 108] Batch 50/81 (62%)
[Epoch 108/700] train_loss=0.3466 val_loss=0.3942 lr=9.42e-04 (6s)
  [Epoch 109] Batch 50/81 (62%)
[Epoch 109/700] train_loss=0.4362 val_loss=0.3947 lr=9.41e-04 (6s)
  [Epoch 110] Batch 50/81 (62%)
[Epoch 110/700] train_loss=0.3543 val_loss=0.3664 lr=9.40e-04 (6s)
  [Epoch 111] Batch 50/81 (62%)
[Epoch 111/700] train_loss=0.3709 val_loss=0.3778 lr=9.39e-04 (6s)
  [Epoch 112] Batch 50/81 (62%)
[Epoch 112/700] train_loss=0.3440 val_loss=0.4454 lr=9.38e-04 (6s)
  [Epoch 113] Batch 50/81 (62%)
[Epoch 113/700] train_loss=0.3563 val_loss=0.4881 lr=9.37e-04 (6s)
  [Epoch 114] Batch 50/81 (62%)
[Epoch 114/700] train_loss=0.3394 val_loss=0.3725 lr=9.36e-04 (6s)
  [Epoch 115] Batch 50/81 (62%)
[Epoch 115/700] train_loss=0.3402 val_loss=0.3654 lr=9.35e-04 (6s)
  [Epoch 116] Batch 50/81 (62%)
[Epoch 116/700] train_loss=0.3326 val_loss=0.4665 lr=9.34e-04 (6s)
  [Epoch 117] Batch 50/81 (62%)
[Epoch 117/700] train_loss=0.3404 val_loss=0.4020 lr=9.33e-04 (6s)
  [Epoch 118] Batch 50/81 (62%)
[Epoch 118/700] train_loss=0.3438 val_loss=0.4037 lr=9.32e-04 (6s)
  [Epoch 119] Batch 50/81 (62%)
[Epoch 119/700] train_loss=0.3576 val_loss=0.3742 lr=9.30e-04 (6s)
  [Epoch 120] Batch 50/81 (62%)
[Epoch 120/700] train_loss=0.3477 val_loss=0.4128 lr=9.29e-04 (6s)
  [Epoch 121] Batch 50/81 (62%)
[Epoch 121/700] train_loss=0.3382 val_loss=0.3779 lr=9.28e-04 (6s)
  [Epoch 122] Batch 50/81 (62%)
[Epoch 122/700] train_loss=0.3327 val_loss=0.3937 lr=9.27e-04 (6s)
  [Epoch 123] Batch 50/81 (62%)
[Epoch 123/700] train_loss=0.3460 val_loss=0.3732 lr=9.26e-04 (6s)
  [Epoch 124] Batch 50/81 (62%)
[Epoch 124/700] train_loss=0.3299 val_loss=0.3501 lr=9.25e-04 (6s)
  [Epoch 125] Batch 50/81 (62%)
[Epoch 125/700] train_loss=0.3809 val_loss=0.3588 lr=9.23e-04 (6s)
  [Epoch 126] Batch 50/81 (62%)
[Epoch 126/700] train_loss=0.3431 val_loss=0.3676 lr=9.22e-04 (6s)
  [Epoch 127] Batch 50/81 (62%)
[Epoch 127/700] train_loss=0.3315 val_loss=0.3666 lr=9.21e-04 (6s)
  [Epoch 128] Batch 50/81 (62%)
[Epoch 128/700] train_loss=0.3582 val_loss=0.3542 lr=9.20e-04 (6s)
  [Epoch 129] Batch 50/81 (62%)
[Epoch 129/700] train_loss=0.3481 val_loss=0.5179 lr=9.19e-04 (6s)
  [Epoch 130] Batch 50/81 (62%)
[Epoch 130/700] train_loss=0.3329 val_loss=0.5291 lr=9.17e-04 (6s)
  [Epoch 131] Batch 50/81 (62%)
[Epoch 131/700] train_loss=0.4226 val_loss=0.5256 lr=9.16e-04 (6s)
  [Epoch 132] Batch 50/81 (62%)
[Epoch 132/700] train_loss=0.3553 val_loss=0.3646 lr=9.15e-04 (6s)
  [Epoch 133] Batch 50/81 (62%)
[Epoch 133/700] train_loss=0.3866 val_loss=0.3528 lr=9.14e-04 (6s)
  [Epoch 134] Batch 50/81 (62%)
[Epoch 134/700] train_loss=0.3667 val_loss=0.3550 lr=9.12e-04 (6s)
  [Epoch 135] Batch 50/81 (62%)
[Epoch 135/700] train_loss=0.3495 val_loss=0.4296 lr=9.11e-04 (6s)
  [Epoch 136] Batch 50/81 (62%)
[Epoch 136/700] train_loss=0.3692 val_loss=0.4228 lr=9.10e-04 (6s)
  [Epoch 137] Batch 50/81 (62%)
[Epoch 137/700] train_loss=0.3221 val_loss=0.5212 lr=9.08e-04 (6s)
  [Epoch 138] Batch 50/81 (62%)
[Epoch 138/700] train_loss=0.3348 val_loss=0.3841 lr=9.07e-04 (6s)
  [Epoch 139] Batch 50/81 (62%)
[Epoch 139/700] train_loss=0.3381 val_loss=0.3994 lr=9.06e-04 (6s)
  [Epoch 140] Batch 50/81 (62%)
[Epoch 140/700] train_loss=0.3442 val_loss=0.3765 lr=9.05e-04 (6s)
  [Epoch 141] Batch 50/81 (62%)
[Epoch 141/700] train_loss=0.3476 val_loss=0.3698 lr=9.03e-04 (6s)
  [Epoch 142] Batch 50/81 (62%)
[Epoch 142/700] train_loss=0.4233 val_loss=0.4184 lr=9.02e-04 (6s)
  [Epoch 143] Batch 50/81 (62%)
[Epoch 143/700] train_loss=0.3317 val_loss=0.4170 lr=9.01e-04 (6s)
  [Epoch 144] Batch 50/81 (62%)
[Epoch 144/700] train_loss=0.3306 val_loss=0.4147 lr=8.99e-04 (6s)
  [Epoch 145] Batch 50/81 (62%)
[Epoch 145/700] train_loss=0.3343 val_loss=0.3934 lr=8.98e-04 (6s)
  [Epoch 146] Batch 50/81 (62%)
[Epoch 146/700] train_loss=0.3429 val_loss=0.3610 lr=8.96e-04 (6s)
  [Epoch 147] Batch 50/81 (62%)
[Epoch 147/700] train_loss=0.3195 val_loss=0.3530 lr=8.95e-04 (6s)
  [Epoch 148] Batch 50/81 (62%)
[Epoch 148/700] train_loss=0.3304 val_loss=0.4290 lr=8.94e-04 (6s)
  [Epoch 149] Batch 50/81 (62%)
[Epoch 149/700] train_loss=0.3922 val_loss=0.5337 lr=8.92e-04 (6s)
  [Epoch 150] Batch 50/81 (62%)
[Epoch 150/700] train_loss=0.3191 val_loss=0.4157 lr=8.91e-04 (6s)
  [Epoch 151] Batch 50/81 (62%)
[Epoch 151/700] train_loss=0.3282 val_loss=0.3622 lr=8.90e-04 (6s)
  [Epoch 152] Batch 50/81 (62%)
[Epoch 152/700] train_loss=0.3201 val_loss=0.3713 lr=8.88e-04 (6s)
  [Epoch 153] Batch 50/81 (62%)
[Epoch 153/700] train_loss=0.3273 val_loss=0.4121 lr=8.87e-04 (6s)
  [Epoch 154] Batch 50/81 (62%)
[Epoch 154/700] train_loss=0.3475 val_loss=0.4556 lr=8.85e-04 (6s)
  [Epoch 155] Batch 50/81 (62%)
[Epoch 155/700] train_loss=0.3422 val_loss=0.3594 lr=8.84e-04 (6s)
  [Epoch 156] Batch 50/81 (62%)
[Epoch 156/700] train_loss=0.3492 val_loss=0.4328 lr=8.82e-04 (6s)
  [Epoch 157] Batch 50/81 (62%)
[Epoch 157/700] train_loss=0.3323 val_loss=0.4321 lr=8.81e-04 (6s)
  [Epoch 158] Batch 50/81 (62%)
[Epoch 158/700] train_loss=0.3266 val_loss=0.3524 lr=8.79e-04 (6s)
  [Epoch 159] Batch 50/81 (62%)
[Epoch 159/700] train_loss=0.3253 val_loss=0.4353 lr=8.78e-04 (6s)
  [Epoch 160] Batch 50/81 (62%)
[Epoch 160/700] train_loss=0.3303 val_loss=0.3567 lr=8.77e-04 (6s)
  [Epoch 161] Batch 50/81 (62%)
[Epoch 161/700] train_loss=0.3257 val_loss=0.3522 lr=8.75e-04 (6s)
  [Epoch 162] Batch 50/81 (62%)
[Epoch 162/700] train_loss=0.3145 val_loss=0.3622 lr=8.74e-04 (6s)
  [Epoch 163] Batch 50/81 (62%)
[Epoch 163/700] train_loss=0.3213 val_loss=0.3401 lr=8.72e-04 (6s)
  [Epoch 164] Batch 50/81 (62%)
[Epoch 164/700] train_loss=0.3145 val_loss=0.3497 lr=8.71e-04 (6s)
  [Epoch 165] Batch 50/81 (62%)
[Epoch 165/700] train_loss=0.3292 val_loss=0.3744 lr=8.69e-04 (6s)
  [Epoch 166] Batch 50/81 (62%)
[Epoch 166/700] train_loss=0.4256 val_loss=0.4652 lr=8.68e-04 (6s)
  [Epoch 167] Batch 50/81 (62%)
[Epoch 167/700] train_loss=0.3542 val_loss=0.3782 lr=8.66e-04 (6s)
  [Epoch 168] Batch 50/81 (62%)
[Epoch 168/700] train_loss=0.3306 val_loss=0.4403 lr=8.64e-04 (6s)
  [Epoch 169] Batch 50/81 (62%)
[Epoch 169/700] train_loss=0.3257 val_loss=0.4054 lr=8.63e-04 (6s)
  [Epoch 170] Batch 50/81 (62%)
[Epoch 170/700] train_loss=0.3533 val_loss=0.3805 lr=8.61e-04 (6s)
  [Epoch 171] Batch 50/81 (62%)
[Epoch 171/700] train_loss=0.3742 val_loss=0.5076 lr=8.60e-04 (6s)
  [Epoch 172] Batch 50/81 (62%)
[Epoch 172/700] train_loss=0.3330 val_loss=0.4109 lr=8.58e-04 (6s)
  [Epoch 173] Batch 50/81 (62%)
[Epoch 173/700] train_loss=0.3313 val_loss=0.3515 lr=8.57e-04 (6s)
  [Epoch 174] Batch 50/81 (62%)
[Epoch 174/700] train_loss=0.3209 val_loss=0.3560 lr=8.55e-04 (6s)
  [Epoch 175] Batch 50/81 (62%)
[Epoch 175/700] train_loss=0.3274 val_loss=0.3972 lr=8.54e-04 (6s)
  [Epoch 176] Batch 50/81 (62%)
[Epoch 176/700] train_loss=0.3223 val_loss=0.3739 lr=8.52e-04 (6s)
  [Epoch 177] Batch 50/81 (62%)
[Epoch 177/700] train_loss=0.3246 val_loss=0.3459 lr=8.50e-04 (6s)
  [Epoch 178] Batch 50/81 (62%)
[Epoch 178/700] train_loss=0.3120 val_loss=0.3959 lr=8.49e-04 (6s)
  [Epoch 179] Batch 50/81 (62%)
[Epoch 179/700] train_loss=0.3534 val_loss=0.3777 lr=8.47e-04 (6s)
  [Epoch 180] Batch 50/81 (62%)
[Epoch 180/700] train_loss=0.3172 val_loss=0.5015 lr=8.46e-04 (6s)
  [Epoch 181] Batch 50/81 (62%)
[Epoch 181/700] train_loss=0.3155 val_loss=0.3555 lr=8.44e-04 (6s)
  [Epoch 182] Batch 50/81 (62%)
[Epoch 182/700] train_loss=0.3984 val_loss=0.4317 lr=8.42e-04 (6s)
  [Epoch 183] Batch 50/81 (62%)
[Epoch 183/700] train_loss=0.4037 val_loss=0.3311 lr=8.41e-04 (6s)
  [Epoch 184] Batch 50/81 (62%)
[Epoch 184/700] train_loss=0.3121 val_loss=0.3427 lr=8.39e-04 (6s)
  [Epoch 185] Batch 50/81 (62%)
[Epoch 185/700] train_loss=0.3145 val_loss=0.3525 lr=8.37e-04 (6s)
  [Epoch 186] Batch 50/81 (62%)
[Epoch 186/700] train_loss=0.3377 val_loss=0.5174 lr=8.36e-04 (6s)
  [Epoch 187] Batch 50/81 (62%)
[Epoch 187/700] train_loss=0.3138 val_loss=0.4011 lr=8.34e-04 (6s)
  [Epoch 188] Batch 50/81 (62%)
[Epoch 188/700] train_loss=0.3850 val_loss=0.3559 lr=8.32e-04 (6s)
  [Epoch 189] Batch 50/81 (62%)
[Epoch 189/700] train_loss=0.3172 val_loss=0.4244 lr=8.31e-04 (6s)
  [Epoch 190] Batch 50/81 (62%)
[Epoch 190/700] train_loss=0.3034 val_loss=0.3709 lr=8.29e-04 (6s)
  [Epoch 191] Batch 50/81 (62%)
[Epoch 191/700] train_loss=0.3448 val_loss=0.3925 lr=8.27e-04 (6s)
  [Epoch 192] Batch 50/81 (62%)
[Epoch 192/700] train_loss=0.3147 val_loss=0.4045 lr=8.26e-04 (6s)
  [Epoch 193] Batch 50/81 (62%)
[Epoch 193/700] train_loss=0.3130 val_loss=0.3304 lr=8.24e-04 (6s)
  [Epoch 194] Batch 50/81 (62%)
[Epoch 194/700] train_loss=0.3159 val_loss=0.3488 lr=8.22e-04 (6s)
  [Epoch 195] Batch 50/81 (62%)
[Epoch 195/700] train_loss=0.3227 val_loss=0.3690 lr=8.20e-04 (6s)
  [Epoch 196] Batch 50/81 (62%)
[Epoch 196/700] train_loss=0.3225 val_loss=0.3574 lr=8.19e-04 (6s)
  [Epoch 197] Batch 50/81 (62%)
[Epoch 197/700] train_loss=0.3136 val_loss=0.3893 lr=8.17e-04 (6s)
  [Epoch 198] Batch 50/81 (62%)
[Epoch 198/700] train_loss=0.3225 val_loss=0.4966 lr=8.15e-04 (6s)
  [Epoch 199] Batch 50/81 (62%)
[Epoch 199/700] train_loss=0.3161 val_loss=0.4318 lr=8.13e-04 (6s)
  [Epoch 200] Batch 50/81 (62%)
[Epoch 200/700] train_loss=0.3261 val_loss=0.3476 lr=8.12e-04 (6s)
  [Epoch 201] Batch 50/81 (62%)
[Epoch 201/700] train_loss=0.3071 val_loss=0.4380 lr=8.10e-04 (6s)
  [Epoch 202] Batch 50/81 (62%)
[Epoch 202/700] train_loss=0.3001 val_loss=0.4309 lr=8.08e-04 (6s)
  [Epoch 203] Batch 50/81 (62%)
[Epoch 203/700] train_loss=0.3221 val_loss=0.3580 lr=8.06e-04 (6s)
  [Epoch 204] Batch 50/81 (62%)
[Epoch 204/700] train_loss=0.3975 val_loss=0.3557 lr=8.05e-04 (6s)
  [Epoch 205] Batch 50/81 (62%)
[Epoch 205/700] train_loss=0.3042 val_loss=0.3619 lr=8.03e-04 (6s)
  [Epoch 206] Batch 50/81 (62%)
[Epoch 206/700] train_loss=0.3002 val_loss=0.3607 lr=8.01e-04 (6s)
  [Epoch 207] Batch 50/81 (62%)
[Epoch 207/700] train_loss=0.3088 val_loss=0.3949 lr=7.99e-04 (6s)
  [Epoch 208] Batch 50/81 (62%)
[Epoch 208/700] train_loss=0.3147 val_loss=0.3574 lr=7.98e-04 (6s)
  [Epoch 209] Batch 50/81 (62%)
[Epoch 209/700] train_loss=0.3144 val_loss=0.3498 lr=7.96e-04 (6s)
  [Epoch 210] Batch 50/81 (62%)
[Epoch 210/700] train_loss=0.3037 val_loss=0.4153 lr=7.94e-04 (6s)
  [Epoch 211] Batch 50/81 (62%)
[Epoch 211/700] train_loss=0.3211 val_loss=0.3517 lr=7.92e-04 (6s)
  [Epoch 212] Batch 50/81 (62%)
[Epoch 212/700] train_loss=0.3260 val_loss=0.4052 lr=7.90e-04 (6s)
  [Epoch 213] Batch 50/81 (62%)
[Epoch 213/700] train_loss=0.3151 val_loss=0.3646 lr=7.88e-04 (6s)
  [Epoch 214] Batch 50/81 (62%)
[Epoch 214/700] train_loss=0.3170 val_loss=0.3762 lr=7.87e-04 (6s)
  [Epoch 215] Batch 50/81 (62%)
[Epoch 215/700] train_loss=0.3111 val_loss=0.3556 lr=7.85e-04 (6s)
  [Epoch 216] Batch 50/81 (62%)
[Epoch 216/700] train_loss=0.3006 val_loss=0.3412 lr=7.83e-04 (6s)
  [Epoch 217] Batch 50/81 (62%)
[Epoch 217/700] train_loss=0.3281 val_loss=0.3972 lr=7.81e-04 (6s)
  [Epoch 218] Batch 50/81 (62%)
[Epoch 218/700] train_loss=0.3157 val_loss=0.3761 lr=7.79e-04 (6s)
  [Epoch 219] Batch 50/81 (62%)
[Epoch 219/700] train_loss=0.3100 val_loss=0.3950 lr=7.77e-04 (6s)
  [Epoch 220] Batch 50/81 (62%)
[Epoch 220/700] train_loss=0.3110 val_loss=0.4316 lr=7.75e-04 (6s)
  [Epoch 221] Batch 50/81 (62%)
[Epoch 221/700] train_loss=0.3035 val_loss=0.3609 lr=7.74e-04 (6s)
  [Epoch 222] Batch 50/81 (62%)
[Epoch 222/700] train_loss=0.3075 val_loss=0.3555 lr=7.72e-04 (6s)
  [Epoch 223] Batch 50/81 (62%)
[Epoch 223/700] train_loss=0.3065 val_loss=0.5281 lr=7.70e-04 (6s)
  [Epoch 224] Batch 50/81 (62%)
[Epoch 224/700] train_loss=0.3116 val_loss=0.3407 lr=7.68e-04 (6s)
  [Epoch 225] Batch 50/81 (62%)
[Epoch 225/700] train_loss=0.3038 val_loss=0.4169 lr=7.66e-04 (6s)
  [Epoch 226] Batch 50/81 (62%)
[Epoch 226/700] train_loss=0.3000 val_loss=0.3877 lr=7.64e-04 (6s)
  [Epoch 227] Batch 50/81 (62%)
[Epoch 227/700] train_loss=0.3056 val_loss=0.3509 lr=7.62e-04 (6s)
  [Epoch 228] Batch 50/81 (62%)
[Epoch 228/700] train_loss=0.3263 val_loss=0.4983 lr=7.60e-04 (6s)
  [Epoch 229] Batch 50/81 (62%)
[Epoch 229/700] train_loss=0.3010 val_loss=0.3826 lr=7.58e-04 (6s)
  [Epoch 230] Batch 50/81 (62%)
[Epoch 230/700] train_loss=0.3079 val_loss=0.4010 lr=7.56e-04 (6s)
  [Epoch 231] Batch 50/81 (62%)
[Epoch 231/700] train_loss=0.3056 val_loss=0.3959 lr=7.55e-04 (6s)
  [Epoch 232] Batch 50/81 (62%)
[Epoch 232/700] train_loss=0.3099 val_loss=0.3914 lr=7.53e-04 (6s)
  [Epoch 233] Batch 50/81 (62%)
[Epoch 233/700] train_loss=0.3019 val_loss=0.3414 lr=7.51e-04 (6s)
  [Epoch 234] Batch 50/81 (62%)
[Epoch 234/700] train_loss=0.3073 val_loss=0.3477 lr=7.49e-04 (6s)
  [Epoch 235] Batch 50/81 (62%)
[Epoch 235/700] train_loss=0.3247 val_loss=0.4249 lr=7.47e-04 (6s)
  [Epoch 236] Batch 50/81 (62%)
[Epoch 236/700] train_loss=0.3009 val_loss=0.3650 lr=7.45e-04 (6s)
  [Epoch 237] Batch 50/81 (62%)
[Epoch 237/700] train_loss=0.3130 val_loss=0.3480 lr=7.43e-04 (6s)
  [Epoch 238] Batch 50/81 (62%)
[Epoch 238/700] train_loss=0.3007 val_loss=0.4291 lr=7.41e-04 (6s)
  [Epoch 239] Batch 50/81 (62%)
[Epoch 239/700] train_loss=0.3142 val_loss=0.3714 lr=7.39e-04 (6s)
  [Epoch 240] Batch 50/81 (62%)
[Epoch 240/700] train_loss=0.3020 val_loss=0.3934 lr=7.37e-04 (6s)
  [Epoch 241] Batch 50/81 (62%)
[Epoch 241/700] train_loss=0.2926 val_loss=0.3302 lr=7.35e-04 (6s)
  [Epoch 242] Batch 50/81 (62%)
[Epoch 242/700] train_loss=0.2979 val_loss=0.3577 lr=7.33e-04 (6s)
  [Epoch 243] Batch 50/81 (62%)
[Epoch 243/700] train_loss=0.3015 val_loss=0.4136 lr=7.31e-04 (6s)
  [Epoch 244] Batch 50/81 (62%)
[Epoch 244/700] train_loss=0.3243 val_loss=0.4265 lr=7.29e-04 (6s)
  [Epoch 245] Batch 50/81 (62%)
[Epoch 245/700] train_loss=0.3065 val_loss=0.4159 lr=7.27e-04 (6s)
  [Epoch 246] Batch 50/81 (62%)
[Epoch 246/700] train_loss=0.2949 val_loss=0.5167 lr=7.25e-04 (6s)
  [Epoch 247] Batch 50/81 (62%)
[Epoch 247/700] train_loss=0.2986 val_loss=0.3531 lr=7.23e-04 (6s)
  [Epoch 248] Batch 50/81 (62%)
[Epoch 248/700] train_loss=0.3001 val_loss=0.4003 lr=7.21e-04 (6s)
  [Epoch 249] Batch 50/81 (62%)
[Epoch 249/700] train_loss=0.3008 val_loss=0.4016 lr=7.19e-04 (6s)
  [Epoch 250] Batch 50/81 (62%)
[Epoch 250/700] train_loss=0.3026 val_loss=0.4910 lr=7.17e-04 (6s)
  [Epoch 251] Batch 50/81 (62%)
[Epoch 251/700] train_loss=0.3848 val_loss=0.4610 lr=7.15e-04 (6s)
  [Epoch 252] Batch 50/81 (62%)
[Epoch 252/700] train_loss=0.2975 val_loss=0.4290 lr=7.13e-04 (6s)
  [Epoch 253] Batch 50/81 (62%)
[Epoch 253/700] train_loss=0.2974 val_loss=0.3579 lr=7.11e-04 (6s)
  [Epoch 254] Batch 50/81 (62%)
[Epoch 254/700] train_loss=0.2957 val_loss=0.3838 lr=7.09e-04 (6s)
  [Epoch 255] Batch 50/81 (62%)
[Epoch 255/700] train_loss=0.3869 val_loss=0.4115 lr=7.07e-04 (6s)
  [Epoch 256] Batch 50/81 (62%)
[Epoch 256/700] train_loss=0.3559 val_loss=0.4144 lr=7.05e-04 (6s)
  [Epoch 257] Batch 50/81 (62%)
[Epoch 257/700] train_loss=0.2976 val_loss=0.3668 lr=7.03e-04 (6s)
  [Epoch 258] Batch 50/81 (62%)
[Epoch 258/700] train_loss=0.2963 val_loss=0.4037 lr=7.01e-04 (6s)
  [Epoch 259] Batch 50/81 (62%)
[Epoch 259/700] train_loss=0.2946 val_loss=0.3371 lr=6.99e-04 (6s)
  [Epoch 260] Batch 50/81 (62%)
[Epoch 260/700] train_loss=0.2980 val_loss=0.3631 lr=6.97e-04 (6s)
  [Epoch 261] Batch 50/81 (62%)
[Epoch 261/700] train_loss=0.3111 val_loss=0.4524 lr=6.94e-04 (6s)
  [Epoch 262] Batch 50/81 (62%)
[Epoch 262/700] train_loss=0.2958 val_loss=0.4065 lr=6.92e-04 (6s)
  [Epoch 263] Batch 50/81 (62%)
[Epoch 263/700] train_loss=0.3058 val_loss=0.4226 lr=6.90e-04 (6s)
  [Epoch 264] Batch 50/81 (62%)
[Epoch 264/700] train_loss=0.3005 val_loss=0.3515 lr=6.88e-04 (6s)
  [Epoch 265] Batch 50/81 (62%)
[Epoch 265/700] train_loss=0.3466 val_loss=0.4126 lr=6.86e-04 (6s)
  [Epoch 266] Batch 50/81 (62%)
[Epoch 266/700] train_loss=0.2953 val_loss=0.3992 lr=6.84e-04 (6s)
  [Epoch 267] Batch 50/81 (62%)
[Epoch 267/700] train_loss=0.2957 val_loss=0.4111 lr=6.82e-04 (6s)
  [Epoch 268] Batch 50/81 (62%)
[Epoch 268/700] train_loss=0.2985 val_loss=0.4917 lr=6.80e-04 (6s)
  [Epoch 269] Batch 50/81 (62%)
[Epoch 269/700] train_loss=0.2947 val_loss=0.4330 lr=6.78e-04 (6s)
  [Epoch 270] Batch 50/81 (62%)
[Epoch 270/700] train_loss=0.3054 val_loss=0.3472 lr=6.76e-04 (6s)
  [Epoch 271] Batch 50/81 (62%)
[Epoch 271/700] train_loss=0.2907 val_loss=0.3661 lr=6.74e-04 (6s)
  [Epoch 272] Batch 50/81 (62%)
[Epoch 272/700] train_loss=0.2819 val_loss=0.4327 lr=6.71e-04 (6s)
  [Epoch 273] Batch 50/81 (62%)
[Epoch 273/700] train_loss=0.3770 val_loss=0.3909 lr=6.69e-04 (6s)
  [Epoch 274] Batch 50/81 (62%)
[Epoch 274/700] train_loss=0.2891 val_loss=0.3944 lr=6.67e-04 (6s)
  [Epoch 275] Batch 50/81 (62%)
[Epoch 275/700] train_loss=0.3151 val_loss=0.3819 lr=6.65e-04 (6s)
  [Epoch 276] Batch 50/81 (62%)
[Epoch 276/700] train_loss=0.2940 val_loss=0.4204 lr=6.63e-04 (6s)
  [Epoch 277] Batch 50/81 (62%)
[Epoch 277/700] train_loss=0.2941 val_loss=0.3422 lr=6.61e-04 (6s)
  [Epoch 278] Batch 50/81 (62%)
[Epoch 278/700] train_loss=0.2957 val_loss=0.3546 lr=6.59e-04 (6s)
  [Epoch 279] Batch 50/81 (62%)
[Epoch 279/700] train_loss=0.2888 val_loss=0.5015 lr=6.57e-04 (6s)
  [Epoch 280] Batch 50/81 (62%)
[Epoch 280/700] train_loss=0.2928 val_loss=0.4350 lr=6.55e-04 (6s)
  [Epoch 281] Batch 50/81 (62%)
[Epoch 281/700] train_loss=0.2901 val_loss=0.3346 lr=6.52e-04 (6s)
  [Epoch 282] Batch 50/81 (62%)
[Epoch 282/700] train_loss=0.2994 val_loss=0.3311 lr=6.50e-04 (6s)
  [Epoch 283] Batch 50/81 (62%)
[Epoch 283/700] train_loss=0.2851 val_loss=0.4002 lr=6.48e-04 (6s)
  [Epoch 284] Batch 50/81 (62%)
[Epoch 284/700] train_loss=0.2811 val_loss=0.3421 lr=6.46e-04 (6s)
  [Epoch 285] Batch 50/81 (62%)
[Epoch 285/700] train_loss=0.2961 val_loss=0.3380 lr=6.44e-04 (6s)
  [Epoch 286] Batch 50/81 (62%)
[Epoch 286/700] train_loss=0.2858 val_loss=0.3568 lr=6.42e-04 (6s)
  [Epoch 287] Batch 50/81 (62%)
[Epoch 287/700] train_loss=0.2902 val_loss=0.4114 lr=6.39e-04 (6s)
  [Epoch 288] Batch 50/81 (62%)
[Epoch 288/700] train_loss=0.2861 val_loss=0.3655 lr=6.37e-04 (6s)
  [Epoch 289] Batch 50/81 (62%)
[Epoch 289/700] train_loss=0.3027 val_loss=0.3563 lr=6.35e-04 (6s)
  [Epoch 290] Batch 50/81 (62%)
[Epoch 290/700] train_loss=0.2912 val_loss=0.3658 lr=6.33e-04 (6s)
  [Epoch 291] Batch 50/81 (62%)
[Epoch 291/700] train_loss=0.2914 val_loss=0.3913 lr=6.31e-04 (6s)

[Training] Completed!

✓ Training completed!
  Final checkpoint: /public/home/xiongzhzh2023/PT4ConTSG/experiments/20260403_171215_weather_concept_pt_factor_generator/checkpoints/finetune/finetune-epoch=240-val/loss=0.3302.ckpt
  Experiment: experiments/20260403_171215_weather_concept_pt_factor_generator

Running automatic evaluation...
CLIP initialization failed, running CLIP-independent metrics only
[Evaluating (generating)] Starting (0/11)...
[Evaluating (generating)] 1/11 (9%)
[Evaluating (generating)] 2/11 (18%)
[Evaluating (generating)] 3/11 (27%)
[Evaluating (generating)] 4/11 (36%)
[Evaluating (generating)] 5/11 (45%)
[Evaluating (generating)] 6/11 (55%)
[Evaluating (generating)] 7/11 (64%)
[Evaluating (generating)] 8/11 (73%)
[Evaluating (generating)] 9/11 (82%)
[Evaluating (generating)] 10/11 (91%)
[Evaluating (generating)] 11/11 (100%)
[Evaluating (generating)] Completed (11 items)
Evaluation results saved to: experiments/20260403_171215_weather_concept_pt_factor_generator/results/eval_results.json
     Evaluation Results      
┏━━━━━━━━━━━━━━━┳━━━━━━━━━━━┓
┃ Metric        ┃     Value ┃
┡━━━━━━━━━━━━━━━╇━━━━━━━━━━━┩
│ dtw           │ 10.269833 │
│ wape          │ 46.135269 │
│ ed            │ 10.987959 │
│ crps          │  0.210089 │
│ acd           │  0.071547 │
│ sd            │       N/A │
│ kd            │       N/A │
│ mdd           │       N/A │
│ fid           │       N/A │
│ jftsd         │       N/A │
│ prdc_f1       │       N/A │
│ joint_prdc_f1 │       N/A │
│ cttp          │       N/A │
│ disc_auc      │  0.907553 │
└───────────────┴───────────┘
