Loading config from: configs/generators/ptfg_synth-m.yaml
Model schema mode: relaxed (no model-specific schema for 'pt_factor_generator')
         Configuration Summary         
┌───────────────┬─────────────────────┐
│ Dataset       │ synth-m             │
│ Model         │ pt_factor_generator │
│ Epochs        │ 700                 │
│ Batch Size    │ 128                 │
│ Learning Rate │ 0.0005              │
│ Device        │ cuda:0              │
│ Seed          │ 42                  │
└───────────────┴─────────────────────┘

Experiment directory: experiments/20260324_142451_synth-m_pt_factor_generator

Model: pt_factor_generator
Creating data module: synth-m

Starting multi-stage training (1 stage(s))...
  Stage 1: finetune (700 epochs, lr=0.0005)
┏━━━┳━━━━━━━━━━━━━━━┳━━━━━━━━━━━━━━━━━━━━━━━━┳━━━━━━━━┳━━━━━━━┳━━━━━━━┓
┃   ┃ Name          ┃ Type                   ┃ Params ┃ Mode  ┃ FLOPs ┃
┡━━━╇━━━━━━━━━━━━━━━╇━━━━━━━━━━━━━━━━━━━━━━━━╇━━━━━━━━╇━━━━━━━╇━━━━━━━┩
│ 0 │ net           │ PTFactorNoisePredictor │  3.0 M │ train │     0 │
│ 1 │ _attr_encoder │ AttrEncoder            │  8.6 K │ train │     0 │
│   │ other params  │ n/a                    │     64 │ n/a   │   n/a │
└───┴───────────────┴────────────────────────┴────────┴───────┴───────┘
Trainable params: 3.0 M                                                                                                                                                                       
Non-trainable params: 0                                                                                                                                                                       
Total params: 3.0 M                                                                                                                                                                           
Total estimated model params size (MB): 11                                                                                                                                                    
Modules in train mode: 172                                                                                                                                                                    
Modules in eval mode: 0                                                                                                                                                                       
Total FLOPs: 0                                                                                                                                                                                

[Training] Starting 700 epochs...
  [Epoch 1] Batch 50/187 (27%)
  [Epoch 1] Batch 100/187 (53%)
  [Epoch 1] Batch 150/187 (80%)
[Epoch 1/700] train_loss=0.3746 val_loss=0.2297 lr=5.00e-04 (9s)
  [Epoch 2] Batch 50/187 (27%)
  [Epoch 2] Batch 100/187 (53%)
  [Epoch 2] Batch 150/187 (80%)
[Epoch 2/700] train_loss=0.2242 val_loss=0.2276 lr=5.00e-04 (9s)
  [Epoch 3] Batch 50/187 (27%)
  [Epoch 3] Batch 100/187 (53%)
  [Epoch 3] Batch 150/187 (80%)
[Epoch 3/700] train_loss=0.2181 val_loss=0.2158 lr=5.00e-04 (8s)
  [Epoch 4] Batch 50/187 (27%)
  [Epoch 4] Batch 100/187 (53%)
  [Epoch 4] Batch 150/187 (80%)
[Epoch 4/700] train_loss=0.2153 val_loss=0.2152 lr=5.00e-04 (9s)
  [Epoch 5] Batch 50/187 (27%)
  [Epoch 5] Batch 100/187 (53%)
  [Epoch 5] Batch 150/187 (80%)
[Epoch 5/700] train_loss=0.2099 val_loss=0.2135 lr=5.00e-04 (9s)
  [Epoch 6] Batch 50/187 (27%)
  [Epoch 6] Batch 100/187 (53%)
  [Epoch 6] Batch 150/187 (80%)
[Epoch 6/700] train_loss=0.2130 val_loss=0.2089 lr=5.00e-04 (8s)
  [Epoch 7] Batch 50/187 (27%)
  [Epoch 7] Batch 100/187 (53%)
  [Epoch 7] Batch 150/187 (80%)
[Epoch 7/700] train_loss=0.2115 val_loss=0.2144 lr=5.00e-04 (9s)
  [Epoch 8] Batch 50/187 (27%)
  [Epoch 8] Batch 100/187 (53%)
  [Epoch 8] Batch 150/187 (80%)
[Epoch 8/700] train_loss=0.2114 val_loss=0.2020 lr=5.00e-04 (8s)
  [Epoch 9] Batch 50/187 (27%)
  [Epoch 9] Batch 100/187 (53%)
  [Epoch 9] Batch 150/187 (80%)
[Epoch 9/700] train_loss=0.2073 val_loss=0.2086 lr=5.00e-04 (8s)
  [Epoch 10] Batch 50/187 (27%)
  [Epoch 10] Batch 100/187 (53%)
  [Epoch 10] Batch 150/187 (80%)
[Epoch 10/700] train_loss=0.2088 val_loss=0.2062 lr=5.00e-04 (8s)
  [Epoch 11] Batch 50/187 (27%)
  [Epoch 11] Batch 100/187 (53%)
  [Epoch 11] Batch 150/187 (80%)
[Epoch 11/700] train_loss=0.2066 val_loss=0.2047 lr=5.00e-04 (8s)
  [Epoch 12] Batch 50/187 (27%)
  [Epoch 12] Batch 100/187 (53%)
  [Epoch 12] Batch 150/187 (80%)
[Epoch 12/700] train_loss=0.2056 val_loss=0.2013 lr=5.00e-04 (8s)
  [Epoch 13] Batch 50/187 (27%)
  [Epoch 13] Batch 100/187 (53%)
  [Epoch 13] Batch 150/187 (80%)
[Epoch 13/700] train_loss=0.2049 val_loss=0.2057 lr=5.00e-04 (9s)
  [Epoch 14] Batch 50/187 (27%)
  [Epoch 14] Batch 100/187 (53%)
  [Epoch 14] Batch 150/187 (80%)
[Epoch 14/700] train_loss=0.2040 val_loss=0.1971 lr=5.00e-04 (9s)
  [Epoch 15] Batch 50/187 (27%)
  [Epoch 15] Batch 100/187 (53%)
  [Epoch 15] Batch 150/187 (80%)
[Epoch 15/700] train_loss=0.2008 val_loss=0.1989 lr=4.99e-04 (9s)
  [Epoch 16] Batch 50/187 (27%)
  [Epoch 16] Batch 100/187 (53%)
  [Epoch 16] Batch 150/187 (80%)
[Epoch 16/700] train_loss=0.2000 val_loss=0.2023 lr=4.99e-04 (9s)
  [Epoch 17] Batch 50/187 (27%)
  [Epoch 17] Batch 100/187 (53%)
  [Epoch 17] Batch 150/187 (80%)
[Epoch 17/700] train_loss=0.2053 val_loss=0.2040 lr=4.99e-04 (9s)
  [Epoch 18] Batch 50/187 (27%)
  [Epoch 18] Batch 100/187 (53%)
  [Epoch 18] Batch 150/187 (80%)
[Epoch 18/700] train_loss=0.2022 val_loss=0.1955 lr=4.99e-04 (9s)
  [Epoch 19] Batch 50/187 (27%)
  [Epoch 19] Batch 100/187 (53%)
  [Epoch 19] Batch 150/187 (80%)
[Epoch 19/700] train_loss=0.2012 val_loss=0.2067 lr=4.99e-04 (9s)
  [Epoch 20] Batch 50/187 (27%)
  [Epoch 20] Batch 100/187 (53%)
  [Epoch 20] Batch 150/187 (80%)
[Epoch 20/700] train_loss=0.2002 val_loss=0.2008 lr=4.99e-04 (9s)
  [Epoch 21] Batch 50/187 (27%)
  [Epoch 21] Batch 100/187 (53%)
  [Epoch 21] Batch 150/187 (80%)
[Epoch 21/700] train_loss=0.1971 val_loss=0.2062 lr=4.99e-04 (10s)
  [Epoch 22] Batch 50/187 (27%)
  [Epoch 22] Batch 100/187 (53%)
  [Epoch 22] Batch 150/187 (80%)
[Epoch 22/700] train_loss=0.1999 val_loss=0.1965 lr=4.99e-04 (9s)
  [Epoch 23] Batch 50/187 (27%)
  [Epoch 23] Batch 100/187 (53%)
  [Epoch 23] Batch 150/187 (80%)
[Epoch 23/700] train_loss=0.1990 val_loss=0.2100 lr=4.99e-04 (9s)
  [Epoch 24] Batch 50/187 (27%)
  [Epoch 24] Batch 100/187 (53%)
  [Epoch 24] Batch 150/187 (80%)
[Epoch 24/700] train_loss=0.1983 val_loss=0.1990 lr=4.99e-04 (9s)
  [Epoch 25] Batch 50/187 (27%)
  [Epoch 25] Batch 100/187 (53%)
  [Epoch 25] Batch 150/187 (80%)
[Epoch 25/700] train_loss=0.1980 val_loss=0.1976 lr=4.98e-04 (10s)
  [Epoch 26] Batch 50/187 (27%)
  [Epoch 26] Batch 100/187 (53%)
  [Epoch 26] Batch 150/187 (80%)
[Epoch 26/700] train_loss=0.1970 val_loss=0.1873 lr=4.98e-04 (9s)
  [Epoch 27] Batch 50/187 (27%)
  [Epoch 27] Batch 100/187 (53%)
  [Epoch 27] Batch 150/187 (80%)
[Epoch 27/700] train_loss=0.1976 val_loss=0.1940 lr=4.98e-04 (9s)
  [Epoch 28] Batch 50/187 (27%)
  [Epoch 28] Batch 100/187 (53%)
  [Epoch 28] Batch 150/187 (80%)
[Epoch 28/700] train_loss=0.2000 val_loss=0.1993 lr=4.98e-04 (9s)
  [Epoch 29] Batch 50/187 (27%)
  [Epoch 29] Batch 100/187 (53%)
  [Epoch 29] Batch 150/187 (80%)
[Epoch 29/700] train_loss=0.1945 val_loss=0.1966 lr=4.98e-04 (10s)
  [Epoch 30] Batch 50/187 (27%)
  [Epoch 30] Batch 100/187 (53%)
  [Epoch 30] Batch 150/187 (80%)
[Epoch 30/700] train_loss=0.1956 val_loss=0.1879 lr=4.98e-04 (9s)
  [Epoch 31] Batch 50/187 (27%)
  [Epoch 31] Batch 100/187 (53%)
  [Epoch 31] Batch 150/187 (80%)
[Epoch 31/700] train_loss=0.1960 val_loss=0.1887 lr=4.98e-04 (9s)
  [Epoch 32] Batch 50/187 (27%)
  [Epoch 32] Batch 100/187 (53%)
  [Epoch 32] Batch 150/187 (80%)
[Epoch 32/700] train_loss=0.1969 val_loss=0.1945 lr=4.97e-04 (9s)
  [Epoch 33] Batch 50/187 (27%)
  [Epoch 33] Batch 100/187 (53%)
  [Epoch 33] Batch 150/187 (80%)
[Epoch 33/700] train_loss=0.1923 val_loss=0.1929 lr=4.97e-04 (9s)
  [Epoch 34] Batch 50/187 (27%)
  [Epoch 34] Batch 100/187 (53%)
  [Epoch 34] Batch 150/187 (80%)
[Epoch 34/700] train_loss=0.1922 val_loss=0.1883 lr=4.97e-04 (9s)
  [Epoch 35] Batch 50/187 (27%)
  [Epoch 35] Batch 100/187 (53%)
  [Epoch 35] Batch 150/187 (80%)
[Epoch 35/700] train_loss=0.1936 val_loss=0.1911 lr=4.97e-04 (9s)
  [Epoch 36] Batch 50/187 (27%)
  [Epoch 36] Batch 100/187 (53%)
  [Epoch 36] Batch 150/187 (80%)
[Epoch 36/700] train_loss=0.1920 val_loss=0.1936 lr=4.97e-04 (9s)
  [Epoch 37] Batch 50/187 (27%)
  [Epoch 37] Batch 100/187 (53%)
  [Epoch 37] Batch 150/187 (80%)
[Epoch 37/700] train_loss=0.1947 val_loss=0.1930 lr=4.97e-04 (10s)
  [Epoch 38] Batch 50/187 (27%)
  [Epoch 38] Batch 100/187 (53%)
  [Epoch 38] Batch 150/187 (80%)
[Epoch 38/700] train_loss=0.1942 val_loss=0.1918 lr=4.96e-04 (9s)
  [Epoch 39] Batch 50/187 (27%)
  [Epoch 39] Batch 100/187 (53%)
  [Epoch 39] Batch 150/187 (80%)
[Epoch 39/700] train_loss=0.1892 val_loss=0.1909 lr=4.96e-04 (9s)
  [Epoch 40] Batch 50/187 (27%)
  [Epoch 40] Batch 100/187 (53%)
  [Epoch 40] Batch 150/187 (80%)
[Epoch 40/700] train_loss=0.1934 val_loss=0.1943 lr=4.96e-04 (9s)
  [Epoch 41] Batch 50/187 (27%)
  [Epoch 41] Batch 100/187 (53%)
  [Epoch 41] Batch 150/187 (80%)
[Epoch 41/700] train_loss=0.1954 val_loss=0.1857 lr=4.96e-04 (9s)
  [Epoch 42] Batch 50/187 (27%)
  [Epoch 42] Batch 100/187 (53%)
  [Epoch 42] Batch 150/187 (80%)
[Epoch 42/700] train_loss=0.1929 val_loss=0.1914 lr=4.96e-04 (9s)
  [Epoch 43] Batch 50/187 (27%)
  [Epoch 43] Batch 100/187 (53%)
  [Epoch 43] Batch 150/187 (80%)
[Epoch 43/700] train_loss=0.1911 val_loss=0.1899 lr=4.95e-04 (9s)
  [Epoch 44] Batch 50/187 (27%)
  [Epoch 44] Batch 100/187 (53%)
  [Epoch 44] Batch 150/187 (80%)
[Epoch 44/700] train_loss=0.1934 val_loss=0.1945 lr=4.95e-04 (9s)
  [Epoch 45] Batch 50/187 (27%)
  [Epoch 45] Batch 100/187 (53%)
  [Epoch 45] Batch 150/187 (80%)
[Epoch 45/700] train_loss=0.1898 val_loss=0.1944 lr=4.95e-04 (9s)
  [Epoch 46] Batch 50/187 (27%)
  [Epoch 46] Batch 100/187 (53%)
  [Epoch 46] Batch 150/187 (80%)
[Epoch 46/700] train_loss=0.1919 val_loss=0.1926 lr=4.95e-04 (9s)
  [Epoch 47] Batch 50/187 (27%)
  [Epoch 47] Batch 100/187 (53%)
  [Epoch 47] Batch 150/187 (80%)
[Epoch 47/700] train_loss=0.1947 val_loss=0.1917 lr=4.94e-04 (9s)
  [Epoch 48] Batch 50/187 (27%)
  [Epoch 48] Batch 100/187 (53%)
  [Epoch 48] Batch 150/187 (80%)
[Epoch 48/700] train_loss=0.1917 val_loss=0.1941 lr=4.94e-04 (9s)
  [Epoch 49] Batch 50/187 (27%)
  [Epoch 49] Batch 100/187 (53%)
  [Epoch 49] Batch 150/187 (80%)
[Epoch 49/700] train_loss=0.1919 val_loss=0.1938 lr=4.94e-04 (9s)
  [Epoch 50] Batch 50/187 (27%)
  [Epoch 50] Batch 100/187 (53%)
  [Epoch 50] Batch 150/187 (80%)
[Epoch 50/700] train_loss=0.1920 val_loss=0.1919 lr=4.94e-04 (9s)
  [Epoch 51] Batch 50/187 (27%)
  [Epoch 51] Batch 100/187 (53%)
  [Epoch 51] Batch 150/187 (80%)
[Epoch 51/700] train_loss=0.1912 val_loss=0.1916 lr=4.93e-04 (9s)
  [Epoch 52] Batch 50/187 (27%)
  [Epoch 52] Batch 100/187 (53%)
  [Epoch 52] Batch 150/187 (80%)
[Epoch 52/700] train_loss=0.1932 val_loss=0.1877 lr=4.93e-04 (9s)
  [Epoch 53] Batch 50/187 (27%)
  [Epoch 53] Batch 100/187 (53%)
  [Epoch 53] Batch 150/187 (80%)
[Epoch 53/700] train_loss=0.1930 val_loss=0.1851 lr=4.93e-04 (9s)
  [Epoch 54] Batch 50/187 (27%)
  [Epoch 54] Batch 100/187 (53%)
  [Epoch 54] Batch 150/187 (80%)
[Epoch 54/700] train_loss=0.1920 val_loss=0.1849 lr=4.93e-04 (9s)
  [Epoch 55] Batch 50/187 (27%)
  [Epoch 55] Batch 100/187 (53%)
  [Epoch 55] Batch 150/187 (80%)
[Epoch 55/700] train_loss=0.1890 val_loss=0.1887 lr=4.92e-04 (9s)
  [Epoch 56] Batch 50/187 (27%)
  [Epoch 56] Batch 100/187 (53%)
  [Epoch 56] Batch 150/187 (80%)
[Epoch 56/700] train_loss=0.1924 val_loss=0.1885 lr=4.92e-04 (9s)
  [Epoch 57] Batch 50/187 (27%)
  [Epoch 57] Batch 100/187 (53%)
  [Epoch 57] Batch 150/187 (80%)
[Epoch 57/700] train_loss=0.1916 val_loss=0.1897 lr=4.92e-04 (9s)
  [Epoch 58] Batch 50/187 (27%)
  [Epoch 58] Batch 100/187 (53%)
  [Epoch 58] Batch 150/187 (80%)
[Epoch 58/700] train_loss=0.1907 val_loss=0.1847 lr=4.92e-04 (9s)
  [Epoch 59] Batch 50/187 (27%)
  [Epoch 59] Batch 100/187 (53%)
  [Epoch 59] Batch 150/187 (80%)
[Epoch 59/700] train_loss=0.1918 val_loss=0.1903 lr=4.91e-04 (9s)
  [Epoch 60] Batch 50/187 (27%)
  [Epoch 60] Batch 100/187 (53%)
  [Epoch 60] Batch 150/187 (80%)
[Epoch 60/700] train_loss=0.1905 val_loss=0.1858 lr=4.91e-04 (9s)
  [Epoch 61] Batch 50/187 (27%)
  [Epoch 61] Batch 100/187 (53%)
  [Epoch 61] Batch 150/187 (80%)
[Epoch 61/700] train_loss=0.1878 val_loss=0.1920 lr=4.91e-04 (9s)
  [Epoch 62] Batch 50/187 (27%)
  [Epoch 62] Batch 100/187 (53%)
  [Epoch 62] Batch 150/187 (80%)
[Epoch 62/700] train_loss=0.1879 val_loss=0.1896 lr=4.90e-04 (9s)
  [Epoch 63] Batch 50/187 (27%)
  [Epoch 63] Batch 100/187 (53%)
  [Epoch 63] Batch 150/187 (80%)
[Epoch 63/700] train_loss=0.1894 val_loss=0.1858 lr=4.90e-04 (9s)
  [Epoch 64] Batch 50/187 (27%)
  [Epoch 64] Batch 100/187 (53%)
  [Epoch 64] Batch 150/187 (80%)
[Epoch 64/700] train_loss=0.1898 val_loss=0.1863 lr=4.90e-04 (9s)
  [Epoch 65] Batch 50/187 (27%)
  [Epoch 65] Batch 100/187 (53%)
  [Epoch 65] Batch 150/187 (80%)
[Epoch 65/700] train_loss=0.1893 val_loss=0.1859 lr=4.89e-04 (10s)
  [Epoch 66] Batch 50/187 (27%)
  [Epoch 66] Batch 100/187 (53%)
  [Epoch 66] Batch 150/187 (80%)
[Epoch 66/700] train_loss=0.1902 val_loss=0.1912 lr=4.89e-04 (10s)
  [Epoch 67] Batch 50/187 (27%)
  [Epoch 67] Batch 100/187 (53%)
  [Epoch 67] Batch 150/187 (80%)
[Epoch 67/700] train_loss=0.1919 val_loss=0.1964 lr=4.89e-04 (9s)
  [Epoch 68] Batch 50/187 (27%)
  [Epoch 68] Batch 100/187 (53%)
  [Epoch 68] Batch 150/187 (80%)
[Epoch 68/700] train_loss=0.1899 val_loss=0.1918 lr=4.88e-04 (9s)
  [Epoch 69] Batch 50/187 (27%)
  [Epoch 69] Batch 100/187 (53%)
  [Epoch 69] Batch 150/187 (80%)
[Epoch 69/700] train_loss=0.1897 val_loss=0.1916 lr=4.88e-04 (9s)
  [Epoch 70] Batch 50/187 (27%)
  [Epoch 70] Batch 100/187 (53%)
  [Epoch 70] Batch 150/187 (80%)
[Epoch 70/700] train_loss=0.1928 val_loss=0.1885 lr=4.88e-04 (9s)
  [Epoch 71] Batch 50/187 (27%)
  [Epoch 71] Batch 100/187 (53%)
  [Epoch 71] Batch 150/187 (80%)
[Epoch 71/700] train_loss=0.1886 val_loss=0.1842 lr=4.87e-04 (10s)
  [Epoch 72] Batch 50/187 (27%)
  [Epoch 72] Batch 100/187 (53%)
  [Epoch 72] Batch 150/187 (80%)
[Epoch 72/700] train_loss=0.1901 val_loss=0.1886 lr=4.87e-04 (9s)
  [Epoch 73] Batch 50/187 (27%)
  [Epoch 73] Batch 100/187 (53%)
  [Epoch 73] Batch 150/187 (80%)
[Epoch 73/700] train_loss=0.1892 val_loss=0.1892 lr=4.87e-04 (10s)
  [Epoch 74] Batch 50/187 (27%)
  [Epoch 74] Batch 100/187 (53%)
  [Epoch 74] Batch 150/187 (80%)
[Epoch 74/700] train_loss=0.1886 val_loss=0.1824 lr=4.86e-04 (9s)
  [Epoch 75] Batch 50/187 (27%)
  [Epoch 75] Batch 100/187 (53%)
  [Epoch 75] Batch 150/187 (80%)
[Epoch 75/700] train_loss=0.1875 val_loss=0.1857 lr=4.86e-04 (10s)
  [Epoch 76] Batch 50/187 (27%)
  [Epoch 76] Batch 100/187 (53%)
  [Epoch 76] Batch 150/187 (80%)
[Epoch 76/700] train_loss=0.1923 val_loss=0.1847 lr=4.86e-04 (9s)
  [Epoch 77] Batch 50/187 (27%)
  [Epoch 77] Batch 100/187 (53%)
  [Epoch 77] Batch 150/187 (80%)
[Epoch 77/700] train_loss=0.1913 val_loss=0.1835 lr=4.85e-04 (9s)
  [Epoch 78] Batch 50/187 (27%)
  [Epoch 78] Batch 100/187 (53%)
  [Epoch 78] Batch 150/187 (80%)
[Epoch 78/700] train_loss=0.1859 val_loss=0.1915 lr=4.85e-04 (9s)
  [Epoch 79] Batch 50/187 (27%)
  [Epoch 79] Batch 100/187 (53%)
  [Epoch 79] Batch 150/187 (80%)
[Epoch 79/700] train_loss=0.1891 val_loss=0.1841 lr=4.84e-04 (9s)
  [Epoch 80] Batch 50/187 (27%)
  [Epoch 80] Batch 100/187 (53%)
  [Epoch 80] Batch 150/187 (80%)
[Epoch 80/700] train_loss=0.1903 val_loss=0.1886 lr=4.84e-04 (9s)
  [Epoch 81] Batch 50/187 (27%)
  [Epoch 81] Batch 100/187 (53%)
  [Epoch 81] Batch 150/187 (80%)
[Epoch 81/700] train_loss=0.1898 val_loss=0.1893 lr=4.84e-04 (9s)
  [Epoch 82] Batch 50/187 (27%)
  [Epoch 82] Batch 100/187 (53%)
  [Epoch 82] Batch 150/187 (80%)
[Epoch 82/700] train_loss=0.1861 val_loss=0.1878 lr=4.83e-04 (9s)
  [Epoch 83] Batch 50/187 (27%)
  [Epoch 83] Batch 100/187 (53%)
  [Epoch 83] Batch 150/187 (80%)
[Epoch 83/700] train_loss=0.1871 val_loss=0.1877 lr=4.83e-04 (9s)
  [Epoch 84] Batch 50/187 (27%)
  [Epoch 84] Batch 100/187 (53%)
  [Epoch 84] Batch 150/187 (80%)
[Epoch 84/700] train_loss=0.1879 val_loss=0.1843 lr=4.82e-04 (9s)
  [Epoch 85] Batch 50/187 (27%)
  [Epoch 85] Batch 100/187 (53%)
  [Epoch 85] Batch 150/187 (80%)
[Epoch 85/700] train_loss=0.1883 val_loss=0.1862 lr=4.82e-04 (9s)
  [Epoch 86] Batch 50/187 (27%)
  [Epoch 86] Batch 100/187 (53%)
  [Epoch 86] Batch 150/187 (80%)
[Epoch 86/700] train_loss=0.1916 val_loss=0.1861 lr=4.82e-04 (9s)
  [Epoch 87] Batch 50/187 (27%)
  [Epoch 87] Batch 100/187 (53%)
  [Epoch 87] Batch 150/187 (80%)
[Epoch 87/700] train_loss=0.1866 val_loss=0.1893 lr=4.81e-04 (9s)
  [Epoch 88] Batch 50/187 (27%)
  [Epoch 88] Batch 100/187 (53%)
  [Epoch 88] Batch 150/187 (80%)
[Epoch 88/700] train_loss=0.1867 val_loss=0.1926 lr=4.81e-04 (9s)
  [Epoch 89] Batch 50/187 (27%)
  [Epoch 89] Batch 100/187 (53%)
  [Epoch 89] Batch 150/187 (80%)
[Epoch 89/700] train_loss=0.1879 val_loss=0.1860 lr=4.80e-04 (9s)
  [Epoch 90] Batch 50/187 (27%)
  [Epoch 90] Batch 100/187 (53%)
  [Epoch 90] Batch 150/187 (80%)
[Epoch 90/700] train_loss=0.1913 val_loss=0.1869 lr=4.80e-04 (9s)
  [Epoch 91] Batch 50/187 (27%)
  [Epoch 91] Batch 100/187 (53%)
  [Epoch 91] Batch 150/187 (80%)
[Epoch 91/700] train_loss=0.1919 val_loss=0.1799 lr=4.79e-04 (9s)
  [Epoch 92] Batch 50/187 (27%)
  [Epoch 92] Batch 100/187 (53%)
  [Epoch 92] Batch 150/187 (80%)
[Epoch 92/700] train_loss=0.1882 val_loss=0.1959 lr=4.79e-04 (9s)
  [Epoch 93] Batch 50/187 (27%)
  [Epoch 93] Batch 100/187 (53%)
  [Epoch 93] Batch 150/187 (80%)
[Epoch 93/700] train_loss=0.1882 val_loss=0.1942 lr=4.79e-04 (9s)
  [Epoch 94] Batch 50/187 (27%)
  [Epoch 94] Batch 100/187 (53%)
  [Epoch 94] Batch 150/187 (80%)
[Epoch 94/700] train_loss=0.1895 val_loss=0.1955 lr=4.78e-04 (9s)
  [Epoch 95] Batch 50/187 (27%)
  [Epoch 95] Batch 100/187 (53%)
  [Epoch 95] Batch 150/187 (80%)
[Epoch 95/700] train_loss=0.1852 val_loss=0.1869 lr=4.78e-04 (10s)
  [Epoch 96] Batch 50/187 (27%)
  [Epoch 96] Batch 100/187 (53%)
  [Epoch 96] Batch 150/187 (80%)
[Epoch 96/700] train_loss=0.1908 val_loss=0.1898 lr=4.77e-04 (9s)
  [Epoch 97] Batch 50/187 (27%)
  [Epoch 97] Batch 100/187 (53%)
  [Epoch 97] Batch 150/187 (80%)
[Epoch 97/700] train_loss=0.1871 val_loss=0.1845 lr=4.77e-04 (10s)
  [Epoch 98] Batch 50/187 (27%)
  [Epoch 98] Batch 100/187 (53%)
  [Epoch 98] Batch 150/187 (80%)
[Epoch 98/700] train_loss=0.1904 val_loss=0.1844 lr=4.76e-04 (9s)
  [Epoch 99] Batch 50/187 (27%)
  [Epoch 99] Batch 100/187 (53%)
  [Epoch 99] Batch 150/187 (80%)
[Epoch 99/700] train_loss=0.1871 val_loss=0.1855 lr=4.76e-04 (9s)
  [Epoch 100] Batch 50/187 (27%)
  [Epoch 100] Batch 100/187 (53%)
  [Epoch 100] Batch 150/187 (80%)
[Epoch 100/700] train_loss=0.1867 val_loss=0.1870 lr=4.75e-04 (10s)
  [Epoch 101] Batch 50/187 (27%)
  [Epoch 101] Batch 100/187 (53%)
  [Epoch 101] Batch 150/187 (80%)
[Epoch 101/700] train_loss=0.1903 val_loss=0.1827 lr=4.75e-04 (9s)
  [Epoch 102] Batch 50/187 (27%)
  [Epoch 102] Batch 100/187 (53%)
  [Epoch 102] Batch 150/187 (80%)
[Epoch 102/700] train_loss=0.1885 val_loss=0.1877 lr=4.74e-04 (9s)
  [Epoch 103] Batch 50/187 (27%)
  [Epoch 103] Batch 100/187 (53%)
  [Epoch 103] Batch 150/187 (80%)
[Epoch 103/700] train_loss=0.1889 val_loss=0.1829 lr=4.74e-04 (10s)
  [Epoch 104] Batch 50/187 (27%)
  [Epoch 104] Batch 100/187 (53%)
  [Epoch 104] Batch 150/187 (80%)
[Epoch 104/700] train_loss=0.1858 val_loss=0.1842 lr=4.73e-04 (9s)
  [Epoch 105] Batch 50/187 (27%)
  [Epoch 105] Batch 100/187 (53%)
  [Epoch 105] Batch 150/187 (80%)
[Epoch 105/700] train_loss=0.1907 val_loss=0.1932 lr=4.73e-04 (9s)
  [Epoch 106] Batch 50/187 (27%)
  [Epoch 106] Batch 100/187 (53%)
  [Epoch 106] Batch 150/187 (80%)
[Epoch 106/700] train_loss=0.1919 val_loss=0.1900 lr=4.72e-04 (9s)
  [Epoch 107] Batch 50/187 (27%)
  [Epoch 107] Batch 100/187 (53%)
  [Epoch 107] Batch 150/187 (80%)
[Epoch 107/700] train_loss=0.1896 val_loss=0.1874 lr=4.72e-04 (9s)
  [Epoch 108] Batch 50/187 (27%)
  [Epoch 108] Batch 100/187 (53%)
  [Epoch 108] Batch 150/187 (80%)
[Epoch 108/700] train_loss=0.1892 val_loss=0.1862 lr=4.71e-04 (9s)
  [Epoch 109] Batch 50/187 (27%)
  [Epoch 109] Batch 100/187 (53%)
  [Epoch 109] Batch 150/187 (80%)
[Epoch 109/700] train_loss=0.1879 val_loss=0.1880 lr=4.71e-04 (9s)
  [Epoch 110] Batch 50/187 (27%)
  [Epoch 110] Batch 100/187 (53%)
  [Epoch 110] Batch 150/187 (80%)
[Epoch 110/700] train_loss=0.1870 val_loss=0.1870 lr=4.70e-04 (9s)
  [Epoch 111] Batch 50/187 (27%)
  [Epoch 111] Batch 100/187 (53%)
  [Epoch 111] Batch 150/187 (80%)
[Epoch 111/700] train_loss=0.1872 val_loss=0.1898 lr=4.70e-04 (9s)
  [Epoch 112] Batch 50/187 (27%)
  [Epoch 112] Batch 100/187 (53%)
  [Epoch 112] Batch 150/187 (80%)
[Epoch 112/700] train_loss=0.1891 val_loss=0.1890 lr=4.69e-04 (9s)
  [Epoch 113] Batch 50/187 (27%)
  [Epoch 113] Batch 100/187 (53%)
  [Epoch 113] Batch 150/187 (80%)
[Epoch 113/700] train_loss=0.1889 val_loss=0.1825 lr=4.69e-04 (9s)
  [Epoch 114] Batch 50/187 (27%)
  [Epoch 114] Batch 100/187 (53%)
  [Epoch 114] Batch 150/187 (80%)
[Epoch 114/700] train_loss=0.1876 val_loss=0.1913 lr=4.68e-04 (9s)
  [Epoch 115] Batch 50/187 (27%)
  [Epoch 115] Batch 100/187 (53%)
  [Epoch 115] Batch 150/187 (80%)
[Epoch 115/700] train_loss=0.1889 val_loss=0.1968 lr=4.67e-04 (9s)
  [Epoch 116] Batch 50/187 (27%)
  [Epoch 116] Batch 100/187 (53%)
  [Epoch 116] Batch 150/187 (80%)
[Epoch 116/700] train_loss=0.1871 val_loss=0.1842 lr=4.67e-04 (9s)
  [Epoch 117] Batch 50/187 (27%)
  [Epoch 117] Batch 100/187 (53%)
  [Epoch 117] Batch 150/187 (80%)
[Epoch 117/700] train_loss=0.1868 val_loss=0.1848 lr=4.66e-04 (9s)
  [Epoch 118] Batch 50/187 (27%)
  [Epoch 118] Batch 100/187 (53%)
  [Epoch 118] Batch 150/187 (80%)
[Epoch 118/700] train_loss=0.1883 val_loss=0.1798 lr=4.66e-04 (9s)
  [Epoch 119] Batch 50/187 (27%)
  [Epoch 119] Batch 100/187 (53%)
  [Epoch 119] Batch 150/187 (80%)
[Epoch 119/700] train_loss=0.1876 val_loss=0.1838 lr=4.65e-04 (9s)
  [Epoch 120] Batch 50/187 (27%)
  [Epoch 120] Batch 100/187 (53%)
  [Epoch 120] Batch 150/187 (80%)
[Epoch 120/700] train_loss=0.1839 val_loss=0.1911 lr=4.65e-04 (9s)
  [Epoch 121] Batch 50/187 (27%)
  [Epoch 121] Batch 100/187 (53%)
  [Epoch 121] Batch 150/187 (80%)
[Epoch 121/700] train_loss=0.1879 val_loss=0.1868 lr=4.64e-04 (9s)
  [Epoch 122] Batch 50/187 (27%)
  [Epoch 122] Batch 100/187 (53%)
  [Epoch 122] Batch 150/187 (80%)
[Epoch 122/700] train_loss=0.1868 val_loss=0.1848 lr=4.63e-04 (9s)
  [Epoch 123] Batch 50/187 (27%)
  [Epoch 123] Batch 100/187 (53%)
  [Epoch 123] Batch 150/187 (80%)
[Epoch 123/700] train_loss=0.1829 val_loss=0.1878 lr=4.63e-04 (9s)
  [Epoch 124] Batch 50/187 (27%)
  [Epoch 124] Batch 100/187 (53%)
  [Epoch 124] Batch 150/187 (80%)
[Epoch 124/700] train_loss=0.1871 val_loss=0.1902 lr=4.62e-04 (9s)
  [Epoch 125] Batch 50/187 (27%)
  [Epoch 125] Batch 100/187 (53%)
  [Epoch 125] Batch 150/187 (80%)
[Epoch 125/700] train_loss=0.1874 val_loss=0.1892 lr=4.62e-04 (9s)
  [Epoch 126] Batch 50/187 (27%)
  [Epoch 126] Batch 100/187 (53%)
  [Epoch 126] Batch 150/187 (80%)
[Epoch 126/700] train_loss=0.1898 val_loss=0.1861 lr=4.61e-04 (9s)
  [Epoch 127] Batch 50/187 (27%)
  [Epoch 127] Batch 100/187 (53%)
  [Epoch 127] Batch 150/187 (80%)
[Epoch 127/700] train_loss=0.1880 val_loss=0.1820 lr=4.60e-04 (9s)
  [Epoch 128] Batch 50/187 (27%)
  [Epoch 128] Batch 100/187 (53%)
  [Epoch 128] Batch 150/187 (80%)
[Epoch 128/700] train_loss=0.1845 val_loss=0.1827 lr=4.60e-04 (8s)
  [Epoch 129] Batch 50/187 (27%)
  [Epoch 129] Batch 100/187 (53%)
  [Epoch 129] Batch 150/187 (80%)
[Epoch 129/700] train_loss=0.1861 val_loss=0.1822 lr=4.59e-04 (9s)
  [Epoch 130] Batch 50/187 (27%)
  [Epoch 130] Batch 100/187 (53%)
  [Epoch 130] Batch 150/187 (80%)
[Epoch 130/700] train_loss=0.1872 val_loss=0.1856 lr=4.59e-04 (9s)
  [Epoch 131] Batch 50/187 (27%)
  [Epoch 131] Batch 100/187 (53%)
  [Epoch 131] Batch 150/187 (80%)
[Epoch 131/700] train_loss=0.1887 val_loss=0.1820 lr=4.58e-04 (9s)
  [Epoch 132] Batch 50/187 (27%)
  [Epoch 132] Batch 100/187 (53%)
  [Epoch 132] Batch 150/187 (80%)
[Epoch 132/700] train_loss=0.1878 val_loss=0.1853 lr=4.57e-04 (9s)
  [Epoch 133] Batch 50/187 (27%)
  [Epoch 133] Batch 100/187 (53%)
  [Epoch 133] Batch 150/187 (80%)
[Epoch 133/700] train_loss=0.1865 val_loss=0.1867 lr=4.57e-04 (9s)
  [Epoch 134] Batch 50/187 (27%)
  [Epoch 134] Batch 100/187 (53%)
  [Epoch 134] Batch 150/187 (80%)
[Epoch 134/700] train_loss=0.1896 val_loss=0.1861 lr=4.56e-04 (9s)
  [Epoch 135] Batch 50/187 (27%)
  [Epoch 135] Batch 100/187 (53%)
  [Epoch 135] Batch 150/187 (80%)
[Epoch 135/700] train_loss=0.1853 val_loss=0.1826 lr=4.56e-04 (9s)
  [Epoch 136] Batch 50/187 (27%)
  [Epoch 136] Batch 100/187 (53%)
  [Epoch 136] Batch 150/187 (80%)
[Epoch 136/700] train_loss=0.1864 val_loss=0.1856 lr=4.55e-04 (9s)
  [Epoch 137] Batch 50/187 (27%)
  [Epoch 137] Batch 100/187 (53%)
  [Epoch 137] Batch 150/187 (80%)
[Epoch 137/700] train_loss=0.1833 val_loss=0.1864 lr=4.54e-04 (9s)
  [Epoch 138] Batch 50/187 (27%)
  [Epoch 138] Batch 100/187 (53%)
  [Epoch 138] Batch 150/187 (80%)
[Epoch 138/700] train_loss=0.1862 val_loss=0.1791 lr=4.54e-04 (9s)
  [Epoch 139] Batch 50/187 (27%)
  [Epoch 139] Batch 100/187 (53%)
  [Epoch 139] Batch 150/187 (80%)
[Epoch 139/700] train_loss=0.1863 val_loss=0.1819 lr=4.53e-04 (9s)
  [Epoch 140] Batch 50/187 (27%)
  [Epoch 140] Batch 100/187 (53%)
  [Epoch 140] Batch 150/187 (80%)
[Epoch 140/700] train_loss=0.1841 val_loss=0.1801 lr=4.52e-04 (9s)
  [Epoch 141] Batch 50/187 (27%)
  [Epoch 141] Batch 100/187 (53%)
  [Epoch 141] Batch 150/187 (80%)
[Epoch 141/700] train_loss=0.1855 val_loss=0.1824 lr=4.52e-04 (9s)
  [Epoch 142] Batch 50/187 (27%)
  [Epoch 142] Batch 100/187 (53%)
  [Epoch 142] Batch 150/187 (80%)
[Epoch 142/700] train_loss=0.1895 val_loss=0.1848 lr=4.51e-04 (9s)
  [Epoch 143] Batch 50/187 (27%)
  [Epoch 143] Batch 100/187 (53%)
  [Epoch 143] Batch 150/187 (80%)
[Epoch 143/700] train_loss=0.1863 val_loss=0.1812 lr=4.50e-04 (9s)
  [Epoch 144] Batch 50/187 (27%)
  [Epoch 144] Batch 100/187 (53%)
  [Epoch 144] Batch 150/187 (80%)
[Epoch 144/700] train_loss=0.1856 val_loss=0.1961 lr=4.50e-04 (9s)
  [Epoch 145] Batch 50/187 (27%)
  [Epoch 145] Batch 100/187 (53%)
  [Epoch 145] Batch 150/187 (80%)
[Epoch 145/700] train_loss=0.1858 val_loss=0.1850 lr=4.49e-04 (9s)
  [Epoch 146] Batch 50/187 (27%)
  [Epoch 146] Batch 100/187 (53%)
  [Epoch 146] Batch 150/187 (80%)
[Epoch 146/700] train_loss=0.1871 val_loss=0.1787 lr=4.48e-04 (9s)
  [Epoch 147] Batch 50/187 (27%)
  [Epoch 147] Batch 100/187 (53%)
  [Epoch 147] Batch 150/187 (80%)
[Epoch 147/700] train_loss=0.1866 val_loss=0.1874 lr=4.48e-04 (9s)
  [Epoch 148] Batch 50/187 (27%)
  [Epoch 148] Batch 100/187 (53%)
  [Epoch 148] Batch 150/187 (80%)
[Epoch 148/700] train_loss=0.1877 val_loss=0.1879 lr=4.47e-04 (9s)
  [Epoch 149] Batch 50/187 (27%)
  [Epoch 149] Batch 100/187 (53%)
  [Epoch 149] Batch 150/187 (80%)
[Epoch 149/700] train_loss=0.1861 val_loss=0.1807 lr=4.46e-04 (10s)
  [Epoch 150] Batch 50/187 (27%)
  [Epoch 150] Batch 100/187 (53%)
  [Epoch 150] Batch 150/187 (80%)
[Epoch 150/700] train_loss=0.1867 val_loss=0.1816 lr=4.45e-04 (10s)
  [Epoch 151] Batch 50/187 (27%)
  [Epoch 151] Batch 100/187 (53%)
  [Epoch 151] Batch 150/187 (80%)
[Epoch 151/700] train_loss=0.1826 val_loss=0.1855 lr=4.45e-04 (10s)
  [Epoch 152] Batch 50/187 (27%)
  [Epoch 152] Batch 100/187 (53%)
  [Epoch 152] Batch 150/187 (80%)
[Epoch 152/700] train_loss=0.1858 val_loss=0.1863 lr=4.44e-04 (9s)
  [Epoch 153] Batch 50/187 (27%)
  [Epoch 153] Batch 100/187 (53%)
  [Epoch 153] Batch 150/187 (80%)
[Epoch 153/700] train_loss=0.1846 val_loss=0.1891 lr=4.43e-04 (9s)
  [Epoch 154] Batch 50/187 (27%)
  [Epoch 154] Batch 100/187 (53%)
  [Epoch 154] Batch 150/187 (80%)
[Epoch 154/700] train_loss=0.1851 val_loss=0.1898 lr=4.43e-04 (9s)
  [Epoch 155] Batch 50/187 (27%)
  [Epoch 155] Batch 100/187 (53%)
  [Epoch 155] Batch 150/187 (80%)
[Epoch 155/700] train_loss=0.1857 val_loss=0.1893 lr=4.42e-04 (9s)
  [Epoch 156] Batch 50/187 (27%)
  [Epoch 156] Batch 100/187 (53%)
  [Epoch 156] Batch 150/187 (80%)
[Epoch 156/700] train_loss=0.1874 val_loss=0.1898 lr=4.41e-04 (9s)
  [Epoch 157] Batch 50/187 (27%)
  [Epoch 157] Batch 100/187 (53%)
  [Epoch 157] Batch 150/187 (80%)
[Epoch 157/700] train_loss=0.1854 val_loss=0.1848 lr=4.40e-04 (9s)
  [Epoch 158] Batch 50/187 (27%)
  [Epoch 158] Batch 100/187 (53%)
  [Epoch 158] Batch 150/187 (80%)
[Epoch 158/700] train_loss=0.1867 val_loss=0.1807 lr=4.40e-04 (9s)
  [Epoch 159] Batch 50/187 (27%)
  [Epoch 159] Batch 100/187 (53%)
  [Epoch 159] Batch 150/187 (80%)
[Epoch 159/700] train_loss=0.1850 val_loss=0.1836 lr=4.39e-04 (9s)
  [Epoch 160] Batch 50/187 (27%)
  [Epoch 160] Batch 100/187 (53%)
  [Epoch 160] Batch 150/187 (80%)
[Epoch 160/700] train_loss=0.1887 val_loss=0.1765 lr=4.38e-04 (9s)
  [Epoch 161] Batch 50/187 (27%)
  [Epoch 161] Batch 100/187 (53%)
  [Epoch 161] Batch 150/187 (80%)
[Epoch 161/700] train_loss=0.1877 val_loss=0.1873 lr=4.38e-04 (9s)
  [Epoch 162] Batch 50/187 (27%)
  [Epoch 162] Batch 100/187 (53%)
  [Epoch 162] Batch 150/187 (80%)
[Epoch 162/700] train_loss=0.1858 val_loss=0.1816 lr=4.37e-04 (9s)
  [Epoch 163] Batch 50/187 (27%)
  [Epoch 163] Batch 100/187 (53%)
  [Epoch 163] Batch 150/187 (80%)
[Epoch 163/700] train_loss=0.1855 val_loss=0.1861 lr=4.36e-04 (9s)
  [Epoch 164] Batch 50/187 (27%)
  [Epoch 164] Batch 100/187 (53%)
  [Epoch 164] Batch 150/187 (80%)
[Epoch 164/700] train_loss=0.1850 val_loss=0.1850 lr=4.35e-04 (9s)
  [Epoch 165] Batch 50/187 (27%)
  [Epoch 165] Batch 100/187 (53%)
  [Epoch 165] Batch 150/187 (80%)
[Epoch 165/700] train_loss=0.1859 val_loss=0.1817 lr=4.35e-04 (9s)
  [Epoch 166] Batch 50/187 (27%)
  [Epoch 166] Batch 100/187 (53%)
  [Epoch 166] Batch 150/187 (80%)
[Epoch 166/700] train_loss=0.1860 val_loss=0.1824 lr=4.34e-04 (9s)
  [Epoch 167] Batch 50/187 (27%)
  [Epoch 167] Batch 100/187 (53%)
  [Epoch 167] Batch 150/187 (80%)
[Epoch 167/700] train_loss=0.1863 val_loss=0.1806 lr=4.33e-04 (9s)
  [Epoch 168] Batch 50/187 (27%)
  [Epoch 168] Batch 100/187 (53%)
  [Epoch 168] Batch 150/187 (80%)
[Epoch 168/700] train_loss=0.1862 val_loss=0.1924 lr=4.32e-04 (9s)
  [Epoch 169] Batch 50/187 (27%)
  [Epoch 169] Batch 100/187 (53%)
  [Epoch 169] Batch 150/187 (80%)
[Epoch 169/700] train_loss=0.1852 val_loss=0.1829 lr=4.31e-04 (9s)
  [Epoch 170] Batch 50/187 (27%)
  [Epoch 170] Batch 100/187 (53%)
  [Epoch 170] Batch 150/187 (80%)
[Epoch 170/700] train_loss=0.1856 val_loss=0.1866 lr=4.31e-04 (9s)
  [Epoch 171] Batch 50/187 (27%)
  [Epoch 171] Batch 100/187 (53%)
  [Epoch 171] Batch 150/187 (80%)
[Epoch 171/700] train_loss=0.1870 val_loss=0.1954 lr=4.30e-04 (9s)
  [Epoch 172] Batch 50/187 (27%)
  [Epoch 172] Batch 100/187 (53%)
  [Epoch 172] Batch 150/187 (80%)
[Epoch 172/700] train_loss=0.1865 val_loss=0.1863 lr=4.29e-04 (8s)
  [Epoch 173] Batch 50/187 (27%)
  [Epoch 173] Batch 100/187 (53%)
  [Epoch 173] Batch 150/187 (80%)
[Epoch 173/700] train_loss=0.1846 val_loss=0.1836 lr=4.28e-04 (9s)
  [Epoch 174] Batch 50/187 (27%)
  [Epoch 174] Batch 100/187 (53%)
  [Epoch 174] Batch 150/187 (80%)
[Epoch 174/700] train_loss=0.1851 val_loss=0.1790 lr=4.28e-04 (8s)
  [Epoch 175] Batch 50/187 (27%)
  [Epoch 175] Batch 100/187 (53%)
  [Epoch 175] Batch 150/187 (80%)
[Epoch 175/700] train_loss=0.1828 val_loss=0.1861 lr=4.27e-04 (9s)
  [Epoch 176] Batch 50/187 (27%)
  [Epoch 176] Batch 100/187 (53%)
  [Epoch 176] Batch 150/187 (80%)
[Epoch 176/700] train_loss=0.1860 val_loss=0.1853 lr=4.26e-04 (8s)
  [Epoch 177] Batch 50/187 (27%)
  [Epoch 177] Batch 100/187 (53%)
  [Epoch 177] Batch 150/187 (80%)
[Epoch 177/700] train_loss=0.1838 val_loss=0.1881 lr=4.25e-04 (8s)
  [Epoch 178] Batch 50/187 (27%)
  [Epoch 178] Batch 100/187 (53%)
  [Epoch 178] Batch 150/187 (80%)
[Epoch 178/700] train_loss=0.1841 val_loss=0.1870 lr=4.24e-04 (8s)
  [Epoch 179] Batch 50/187 (27%)
  [Epoch 179] Batch 100/187 (53%)
  [Epoch 179] Batch 150/187 (80%)
[Epoch 179/700] train_loss=0.1863 val_loss=0.1791 lr=4.24e-04 (9s)
  [Epoch 180] Batch 50/187 (27%)
  [Epoch 180] Batch 100/187 (53%)
  [Epoch 180] Batch 150/187 (80%)
[Epoch 180/700] train_loss=0.1863 val_loss=0.1871 lr=4.23e-04 (9s)
  [Epoch 181] Batch 50/187 (27%)
  [Epoch 181] Batch 100/187 (53%)
  [Epoch 181] Batch 150/187 (80%)
[Epoch 181/700] train_loss=0.1833 val_loss=0.1833 lr=4.22e-04 (9s)
  [Epoch 182] Batch 50/187 (27%)
  [Epoch 182] Batch 100/187 (53%)
  [Epoch 182] Batch 150/187 (80%)
[Epoch 182/700] train_loss=0.1833 val_loss=0.1766 lr=4.21e-04 (9s)
  [Epoch 183] Batch 50/187 (27%)
  [Epoch 183] Batch 100/187 (53%)
  [Epoch 183] Batch 150/187 (80%)
[Epoch 183/700] train_loss=0.1870 val_loss=0.1917 lr=4.20e-04 (9s)
  [Epoch 184] Batch 50/187 (27%)
  [Epoch 184] Batch 100/187 (53%)
  [Epoch 184] Batch 150/187 (80%)
[Epoch 184/700] train_loss=0.1875 val_loss=0.1778 lr=4.19e-04 (9s)
  [Epoch 185] Batch 50/187 (27%)
  [Epoch 185] Batch 100/187 (53%)
  [Epoch 185] Batch 150/187 (80%)
[Epoch 185/700] train_loss=0.1880 val_loss=0.1881 lr=4.19e-04 (9s)
  [Epoch 186] Batch 50/187 (27%)
  [Epoch 186] Batch 100/187 (53%)
  [Epoch 186] Batch 150/187 (80%)
[Epoch 186/700] train_loss=0.1846 val_loss=0.1907 lr=4.18e-04 (9s)
  [Epoch 187] Batch 50/187 (27%)
  [Epoch 187] Batch 100/187 (53%)
  [Epoch 187] Batch 150/187 (80%)
[Epoch 187/700] train_loss=0.1865 val_loss=0.1814 lr=4.17e-04 (8s)
  [Epoch 188] Batch 50/187 (27%)
  [Epoch 188] Batch 100/187 (53%)
  [Epoch 188] Batch 150/187 (80%)
[Epoch 188/700] train_loss=0.1855 val_loss=0.1802 lr=4.16e-04 (8s)
  [Epoch 189] Batch 50/187 (27%)
  [Epoch 189] Batch 100/187 (53%)
  [Epoch 189] Batch 150/187 (80%)
[Epoch 189/700] train_loss=0.1869 val_loss=0.1854 lr=4.15e-04 (8s)
  [Epoch 190] Batch 50/187 (27%)
  [Epoch 190] Batch 100/187 (53%)
  [Epoch 190] Batch 150/187 (80%)
[Epoch 190/700] train_loss=0.1859 val_loss=0.1811 lr=4.14e-04 (8s)
  [Epoch 191] Batch 50/187 (27%)
  [Epoch 191] Batch 100/187 (53%)
  [Epoch 191] Batch 150/187 (80%)
[Epoch 191/700] train_loss=0.1872 val_loss=0.1848 lr=4.14e-04 (8s)
  [Epoch 192] Batch 50/187 (27%)
  [Epoch 192] Batch 100/187 (53%)
  [Epoch 192] Batch 150/187 (80%)
[Epoch 192/700] train_loss=0.1847 val_loss=0.1813 lr=4.13e-04 (9s)
  [Epoch 193] Batch 50/187 (27%)
  [Epoch 193] Batch 100/187 (53%)
  [Epoch 193] Batch 150/187 (80%)
[Epoch 193/700] train_loss=0.1877 val_loss=0.1800 lr=4.12e-04 (8s)
  [Epoch 194] Batch 50/187 (27%)
  [Epoch 194] Batch 100/187 (53%)
  [Epoch 194] Batch 150/187 (80%)
[Epoch 194/700] train_loss=0.1868 val_loss=0.1813 lr=4.11e-04 (8s)
  [Epoch 195] Batch 50/187 (27%)
  [Epoch 195] Batch 100/187 (53%)
  [Epoch 195] Batch 150/187 (80%)
[Epoch 195/700] train_loss=0.1843 val_loss=0.1910 lr=4.10e-04 (10s)
  [Epoch 196] Batch 50/187 (27%)
  [Epoch 196] Batch 100/187 (53%)
  [Epoch 196] Batch 150/187 (80%)
[Epoch 196/700] train_loss=0.1847 val_loss=0.1852 lr=4.09e-04 (9s)
  [Epoch 197] Batch 50/187 (27%)
  [Epoch 197] Batch 100/187 (53%)
  [Epoch 197] Batch 150/187 (80%)
[Epoch 197/700] train_loss=0.1858 val_loss=0.1853 lr=4.08e-04 (9s)
  [Epoch 198] Batch 50/187 (27%)
  [Epoch 198] Batch 100/187 (53%)
  [Epoch 198] Batch 150/187 (80%)
[Epoch 198/700] train_loss=0.1858 val_loss=0.1800 lr=4.08e-04 (9s)
  [Epoch 199] Batch 50/187 (27%)
  [Epoch 199] Batch 100/187 (53%)
  [Epoch 199] Batch 150/187 (80%)
[Epoch 199/700] train_loss=0.1839 val_loss=0.1857 lr=4.07e-04 (10s)
  [Epoch 200] Batch 50/187 (27%)
  [Epoch 200] Batch 100/187 (53%)
  [Epoch 200] Batch 150/187 (80%)
[Epoch 200/700] train_loss=0.1822 val_loss=0.1837 lr=4.06e-04 (9s)
  [Epoch 201] Batch 50/187 (27%)
  [Epoch 201] Batch 100/187 (53%)
  [Epoch 201] Batch 150/187 (80%)
[Epoch 201/700] train_loss=0.1848 val_loss=0.1818 lr=4.05e-04 (10s)
  [Epoch 202] Batch 50/187 (27%)
  [Epoch 202] Batch 100/187 (53%)
  [Epoch 202] Batch 150/187 (80%)
[Epoch 202/700] train_loss=0.1837 val_loss=0.1825 lr=4.04e-04 (10s)
  [Epoch 203] Batch 50/187 (27%)
  [Epoch 203] Batch 100/187 (53%)
  [Epoch 203] Batch 150/187 (80%)
[Epoch 203/700] train_loss=0.1861 val_loss=0.1798 lr=4.03e-04 (10s)
  [Epoch 204] Batch 50/187 (27%)
  [Epoch 204] Batch 100/187 (53%)
  [Epoch 204] Batch 150/187 (80%)
[Epoch 204/700] train_loss=0.1844 val_loss=0.1762 lr=4.02e-04 (9s)
  [Epoch 205] Batch 50/187 (27%)
  [Epoch 205] Batch 100/187 (53%)
  [Epoch 205] Batch 150/187 (80%)
[Epoch 205/700] train_loss=0.1848 val_loss=0.1856 lr=4.01e-04 (9s)
  [Epoch 206] Batch 50/187 (27%)
  [Epoch 206] Batch 100/187 (53%)
  [Epoch 206] Batch 150/187 (80%)
[Epoch 206/700] train_loss=0.1827 val_loss=0.1876 lr=4.01e-04 (9s)
  [Epoch 207] Batch 50/187 (27%)
  [Epoch 207] Batch 100/187 (53%)
  [Epoch 207] Batch 150/187 (80%)
[Epoch 207/700] train_loss=0.1843 val_loss=0.1838 lr=4.00e-04 (9s)
  [Epoch 208] Batch 50/187 (27%)
  [Epoch 208] Batch 100/187 (53%)
  [Epoch 208] Batch 150/187 (80%)
[Epoch 208/700] train_loss=0.1843 val_loss=0.1858 lr=3.99e-04 (9s)
  [Epoch 209] Batch 50/187 (27%)
  [Epoch 209] Batch 100/187 (53%)
  [Epoch 209] Batch 150/187 (80%)
[Epoch 209/700] train_loss=0.1829 val_loss=0.1774 lr=3.98e-04 (9s)
  [Epoch 210] Batch 50/187 (27%)
  [Epoch 210] Batch 100/187 (53%)
  [Epoch 210] Batch 150/187 (80%)
[Epoch 210/700] train_loss=0.1863 val_loss=0.1806 lr=3.97e-04 (9s)
  [Epoch 211] Batch 50/187 (27%)
  [Epoch 211] Batch 100/187 (53%)
  [Epoch 211] Batch 150/187 (80%)
[Epoch 211/700] train_loss=0.1872 val_loss=0.1811 lr=3.96e-04 (9s)
  [Epoch 212] Batch 50/187 (27%)
  [Epoch 212] Batch 100/187 (53%)
  [Epoch 212] Batch 150/187 (80%)
[Epoch 212/700] train_loss=0.1850 val_loss=0.1894 lr=3.95e-04 (9s)
  [Epoch 213] Batch 50/187 (27%)
  [Epoch 213] Batch 100/187 (53%)
  [Epoch 213] Batch 150/187 (80%)
[Epoch 213/700] train_loss=0.1856 val_loss=0.1842 lr=3.94e-04 (9s)
  [Epoch 214] Batch 50/187 (27%)
  [Epoch 214] Batch 100/187 (53%)
  [Epoch 214] Batch 150/187 (80%)
[Epoch 214/700] train_loss=0.1851 val_loss=0.1888 lr=3.93e-04 (9s)
  [Epoch 215] Batch 50/187 (27%)
  [Epoch 215] Batch 100/187 (53%)
  [Epoch 215] Batch 150/187 (80%)
[Epoch 215/700] train_loss=0.1858 val_loss=0.1897 lr=3.92e-04 (9s)
  [Epoch 216] Batch 50/187 (27%)
  [Epoch 216] Batch 100/187 (53%)
  [Epoch 216] Batch 150/187 (80%)
[Epoch 216/700] train_loss=0.1843 val_loss=0.1815 lr=3.91e-04 (10s)
  [Epoch 217] Batch 50/187 (27%)
  [Epoch 217] Batch 100/187 (53%)
  [Epoch 217] Batch 150/187 (80%)
[Epoch 217/700] train_loss=0.1857 val_loss=0.1901 lr=3.91e-04 (9s)
  [Epoch 218] Batch 50/187 (27%)
  [Epoch 218] Batch 100/187 (53%)
  [Epoch 218] Batch 150/187 (80%)
[Epoch 218/700] train_loss=0.1857 val_loss=0.1820 lr=3.90e-04 (9s)
  [Epoch 219] Batch 50/187 (27%)
  [Epoch 219] Batch 100/187 (53%)
  [Epoch 219] Batch 150/187 (80%)
[Epoch 219/700] train_loss=0.1828 val_loss=0.1840 lr=3.89e-04 (10s)
  [Epoch 220] Batch 50/187 (27%)
  [Epoch 220] Batch 100/187 (53%)
  [Epoch 220] Batch 150/187 (80%)
[Epoch 220/700] train_loss=0.1874 val_loss=0.1771 lr=3.88e-04 (9s)
  [Epoch 221] Batch 50/187 (27%)
  [Epoch 221] Batch 100/187 (53%)
  [Epoch 221] Batch 150/187 (80%)
[Epoch 221/700] train_loss=0.1840 val_loss=0.1833 lr=3.87e-04 (10s)
  [Epoch 222] Batch 50/187 (27%)
  [Epoch 222] Batch 100/187 (53%)
  [Epoch 222] Batch 150/187 (80%)
[Epoch 222/700] train_loss=0.1847 val_loss=0.1825 lr=3.86e-04 (9s)
  [Epoch 223] Batch 50/187 (27%)
  [Epoch 223] Batch 100/187 (53%)
  [Epoch 223] Batch 150/187 (80%)
[Epoch 223/700] train_loss=0.1827 val_loss=0.1824 lr=3.85e-04 (9s)
  [Epoch 224] Batch 50/187 (27%)
  [Epoch 224] Batch 100/187 (53%)
  [Epoch 224] Batch 150/187 (80%)
[Epoch 224/700] train_loss=0.1829 val_loss=0.1917 lr=3.84e-04 (9s)
  [Epoch 225] Batch 50/187 (27%)
  [Epoch 225] Batch 100/187 (53%)
  [Epoch 225] Batch 150/187 (80%)
[Epoch 225/700] train_loss=0.1826 val_loss=0.1862 lr=3.83e-04 (9s)
  [Epoch 226] Batch 50/187 (27%)
  [Epoch 226] Batch 100/187 (53%)
  [Epoch 226] Batch 150/187 (80%)
[Epoch 226/700] train_loss=0.1836 val_loss=0.1852 lr=3.82e-04 (9s)
  [Epoch 227] Batch 50/187 (27%)
  [Epoch 227] Batch 100/187 (53%)
  [Epoch 227] Batch 150/187 (80%)
[Epoch 227/700] train_loss=0.1808 val_loss=0.1820 lr=3.81e-04 (9s)
  [Epoch 228] Batch 50/187 (27%)
  [Epoch 228] Batch 100/187 (53%)
  [Epoch 228] Batch 150/187 (80%)
[Epoch 228/700] train_loss=0.1849 val_loss=0.1831 lr=3.80e-04 (9s)
  [Epoch 229] Batch 50/187 (27%)
  [Epoch 229] Batch 100/187 (53%)
  [Epoch 229] Batch 150/187 (80%)
[Epoch 229/700] train_loss=0.1842 val_loss=0.1814 lr=3.79e-04 (9s)
  [Epoch 230] Batch 50/187 (27%)
  [Epoch 230] Batch 100/187 (53%)
  [Epoch 230] Batch 150/187 (80%)
[Epoch 230/700] train_loss=0.1860 val_loss=0.1800 lr=3.78e-04 (9s)
  [Epoch 231] Batch 50/187 (27%)
  [Epoch 231] Batch 100/187 (53%)
  [Epoch 231] Batch 150/187 (80%)
[Epoch 231/700] train_loss=0.1823 val_loss=0.1851 lr=3.77e-04 (9s)
  [Epoch 232] Batch 50/187 (27%)
  [Epoch 232] Batch 100/187 (53%)
  [Epoch 232] Batch 150/187 (80%)
[Epoch 232/700] train_loss=0.1823 val_loss=0.1859 lr=3.76e-04 (9s)
  [Epoch 233] Batch 50/187 (27%)
  [Epoch 233] Batch 100/187 (53%)
  [Epoch 233] Batch 150/187 (80%)
[Epoch 233/700] train_loss=0.1824 val_loss=0.1794 lr=3.75e-04 (9s)
  [Epoch 234] Batch 50/187 (27%)
  [Epoch 234] Batch 100/187 (53%)
  [Epoch 234] Batch 150/187 (80%)
[Epoch 234/700] train_loss=0.1851 val_loss=0.1835 lr=3.74e-04 (9s)
  [Epoch 235] Batch 50/187 (27%)
  [Epoch 235] Batch 100/187 (53%)
  [Epoch 235] Batch 150/187 (80%)
[Epoch 235/700] train_loss=0.1829 val_loss=0.1876 lr=3.73e-04 (9s)
  [Epoch 236] Batch 50/187 (27%)
  [Epoch 236] Batch 100/187 (53%)
  [Epoch 236] Batch 150/187 (80%)
[Epoch 236/700] train_loss=0.1833 val_loss=0.1876 lr=3.72e-04 (9s)
  [Epoch 237] Batch 50/187 (27%)
  [Epoch 237] Batch 100/187 (53%)
  [Epoch 237] Batch 150/187 (80%)
[Epoch 237/700] train_loss=0.1854 val_loss=0.1810 lr=3.71e-04 (9s)
  [Epoch 238] Batch 50/187 (27%)
  [Epoch 238] Batch 100/187 (53%)
  [Epoch 238] Batch 150/187 (80%)
[Epoch 238/700] train_loss=0.1839 val_loss=0.1841 lr=3.70e-04 (9s)
  [Epoch 239] Batch 50/187 (27%)
  [Epoch 239] Batch 100/187 (53%)
  [Epoch 239] Batch 150/187 (80%)
[Epoch 239/700] train_loss=0.1850 val_loss=0.1855 lr=3.69e-04 (9s)
  [Epoch 240] Batch 50/187 (27%)
  [Epoch 240] Batch 100/187 (53%)
  [Epoch 240] Batch 150/187 (80%)
[Epoch 240/700] train_loss=0.1847 val_loss=0.1801 lr=3.68e-04 (9s)
  [Epoch 241] Batch 50/187 (27%)
  [Epoch 241] Batch 100/187 (53%)
  [Epoch 241] Batch 150/187 (80%)
[Epoch 241/700] train_loss=0.1853 val_loss=0.1851 lr=3.67e-04 (9s)
  [Epoch 242] Batch 50/187 (27%)
  [Epoch 242] Batch 100/187 (53%)
  [Epoch 242] Batch 150/187 (80%)
[Epoch 242/700] train_loss=0.1829 val_loss=0.1903 lr=3.66e-04 (10s)
  [Epoch 243] Batch 50/187 (27%)
  [Epoch 243] Batch 100/187 (53%)
  [Epoch 243] Batch 150/187 (80%)
[Epoch 243/700] train_loss=0.1837 val_loss=0.1781 lr=3.65e-04 (9s)
  [Epoch 244] Batch 50/187 (27%)
  [Epoch 244] Batch 100/187 (53%)
  [Epoch 244] Batch 150/187 (80%)
[Epoch 244/700] train_loss=0.1867 val_loss=0.1805 lr=3.64e-04 (9s)
  [Epoch 245] Batch 50/187 (27%)
  [Epoch 245] Batch 100/187 (53%)
  [Epoch 245] Batch 150/187 (80%)
[Epoch 245/700] train_loss=0.1808 val_loss=0.1814 lr=3.63e-04 (9s)
  [Epoch 246] Batch 50/187 (27%)
  [Epoch 246] Batch 100/187 (53%)
  [Epoch 246] Batch 150/187 (80%)
[Epoch 246/700] train_loss=0.1868 val_loss=0.1809 lr=3.62e-04 (10s)
  [Epoch 247] Batch 50/187 (27%)
  [Epoch 247] Batch 100/187 (53%)
  [Epoch 247] Batch 150/187 (80%)
[Epoch 247/700] train_loss=0.1819 val_loss=0.1896 lr=3.61e-04 (9s)
  [Epoch 248] Batch 50/187 (27%)
  [Epoch 248] Batch 100/187 (53%)
  [Epoch 248] Batch 150/187 (80%)
[Epoch 248/700] train_loss=0.1828 val_loss=0.1840 lr=3.60e-04 (10s)
  [Epoch 249] Batch 50/187 (27%)
  [Epoch 249] Batch 100/187 (53%)
  [Epoch 249] Batch 150/187 (80%)
[Epoch 249/700] train_loss=0.1876 val_loss=0.1824 lr=3.59e-04 (10s)
  [Epoch 250] Batch 50/187 (27%)
  [Epoch 250] Batch 100/187 (53%)
  [Epoch 250] Batch 150/187 (80%)
[Epoch 250/700] train_loss=0.1818 val_loss=0.1773 lr=3.58e-04 (9s)
  [Epoch 251] Batch 50/187 (27%)
  [Epoch 251] Batch 100/187 (53%)
  [Epoch 251] Batch 150/187 (80%)
[Epoch 251/700] train_loss=0.1845 val_loss=0.1842 lr=3.57e-04 (9s)
  [Epoch 252] Batch 50/187 (27%)
  [Epoch 252] Batch 100/187 (53%)
  [Epoch 252] Batch 150/187 (80%)
[Epoch 252/700] train_loss=0.1813 val_loss=0.1861 lr=3.56e-04 (9s)
  [Epoch 253] Batch 50/187 (27%)
  [Epoch 253] Batch 100/187 (53%)
  [Epoch 253] Batch 150/187 (80%)
[Epoch 253/700] train_loss=0.1823 val_loss=0.1786 lr=3.55e-04 (9s)
  [Epoch 254] Batch 50/187 (27%)
  [Epoch 254] Batch 100/187 (53%)
  [Epoch 254] Batch 150/187 (80%)
[Epoch 254/700] train_loss=0.1831 val_loss=0.1760 lr=3.54e-04 (9s)
  [Epoch 255] Batch 50/187 (27%)
  [Epoch 255] Batch 100/187 (53%)
  [Epoch 255] Batch 150/187 (80%)
[Epoch 255/700] train_loss=0.1839 val_loss=0.1892 lr=3.53e-04 (9s)
  [Epoch 256] Batch 50/187 (27%)
  [Epoch 256] Batch 100/187 (53%)
  [Epoch 256] Batch 150/187 (80%)
[Epoch 256/700] train_loss=0.1838 val_loss=0.1832 lr=3.52e-04 (9s)
  [Epoch 257] Batch 50/187 (27%)
  [Epoch 257] Batch 100/187 (53%)
  [Epoch 257] Batch 150/187 (80%)
[Epoch 257/700] train_loss=0.1859 val_loss=0.1814 lr=3.51e-04 (9s)
  [Epoch 258] Batch 50/187 (27%)
  [Epoch 258] Batch 100/187 (53%)
  [Epoch 258] Batch 150/187 (80%)
[Epoch 258/700] train_loss=0.1813 val_loss=0.1885 lr=3.50e-04 (10s)
  [Epoch 259] Batch 50/187 (27%)
  [Epoch 259] Batch 100/187 (53%)
  [Epoch 259] Batch 150/187 (80%)
[Epoch 259/700] train_loss=0.1847 val_loss=0.1833 lr=3.49e-04 (9s)
  [Epoch 260] Batch 50/187 (27%)
  [Epoch 260] Batch 100/187 (53%)
  [Epoch 260] Batch 150/187 (80%)
[Epoch 260/700] train_loss=0.1833 val_loss=0.1803 lr=3.48e-04 (9s)
  [Epoch 261] Batch 50/187 (27%)
  [Epoch 261] Batch 100/187 (53%)
  [Epoch 261] Batch 150/187 (80%)
[Epoch 261/700] train_loss=0.1845 val_loss=0.1828 lr=3.47e-04 (9s)
  [Epoch 262] Batch 50/187 (27%)
  [Epoch 262] Batch 100/187 (53%)
  [Epoch 262] Batch 150/187 (80%)
[Epoch 262/700] train_loss=0.1847 val_loss=0.1808 lr=3.46e-04 (9s)
  [Epoch 263] Batch 50/187 (27%)
  [Epoch 263] Batch 100/187 (53%)
  [Epoch 263] Batch 150/187 (80%)
[Epoch 263/700] train_loss=0.1843 val_loss=0.1814 lr=3.45e-04 (9s)
  [Epoch 264] Batch 50/187 (27%)
  [Epoch 264] Batch 100/187 (53%)
  [Epoch 264] Batch 150/187 (80%)
[Epoch 264/700] train_loss=0.1831 val_loss=0.1812 lr=3.44e-04 (9s)
  [Epoch 265] Batch 50/187 (27%)
  [Epoch 265] Batch 100/187 (53%)
  [Epoch 265] Batch 150/187 (80%)
[Epoch 265/700] train_loss=0.1828 val_loss=0.1787 lr=3.43e-04 (9s)
  [Epoch 266] Batch 50/187 (27%)
  [Epoch 266] Batch 100/187 (53%)
  [Epoch 266] Batch 150/187 (80%)
[Epoch 266/700] train_loss=0.1837 val_loss=0.1867 lr=3.42e-04 (9s)
  [Epoch 267] Batch 50/187 (27%)
  [Epoch 267] Batch 100/187 (53%)
  [Epoch 267] Batch 150/187 (80%)
[Epoch 267/700] train_loss=0.1824 val_loss=0.1794 lr=3.41e-04 (9s)
  [Epoch 268] Batch 50/187 (27%)
  [Epoch 268] Batch 100/187 (53%)
  [Epoch 268] Batch 150/187 (80%)
[Epoch 268/700] train_loss=0.1818 val_loss=0.1823 lr=3.40e-04 (10s)
  [Epoch 269] Batch 50/187 (27%)
  [Epoch 269] Batch 100/187 (53%)
  [Epoch 269] Batch 150/187 (80%)
[Epoch 269/700] train_loss=0.1824 val_loss=0.1871 lr=3.39e-04 (9s)
  [Epoch 270] Batch 50/187 (27%)
  [Epoch 270] Batch 100/187 (53%)
  [Epoch 270] Batch 150/187 (80%)
[Epoch 270/700] train_loss=0.1840 val_loss=0.1829 lr=3.38e-04 (9s)
  [Epoch 271] Batch 50/187 (27%)
  [Epoch 271] Batch 100/187 (53%)
  [Epoch 271] Batch 150/187 (80%)
[Epoch 271/700] train_loss=0.1825 val_loss=0.1849 lr=3.37e-04 (9s)
  [Epoch 272] Batch 50/187 (27%)
  [Epoch 272] Batch 100/187 (53%)
  [Epoch 272] Batch 150/187 (80%)
[Epoch 272/700] train_loss=0.1828 val_loss=0.1773 lr=3.36e-04 (9s)
  [Epoch 273] Batch 50/187 (27%)
  [Epoch 273] Batch 100/187 (53%)
  [Epoch 273] Batch 150/187 (80%)
[Epoch 273/700] train_loss=0.1841 val_loss=0.1898 lr=3.35e-04 (9s)
  [Epoch 274] Batch 50/187 (27%)
  [Epoch 274] Batch 100/187 (53%)
  [Epoch 274] Batch 150/187 (80%)
[Epoch 274/700] train_loss=0.1837 val_loss=0.1801 lr=3.34e-04 (9s)
  [Epoch 275] Batch 50/187 (27%)
  [Epoch 275] Batch 100/187 (53%)
  [Epoch 275] Batch 150/187 (80%)
[Epoch 275/700] train_loss=0.1821 val_loss=0.1788 lr=3.33e-04 (9s)
  [Epoch 276] Batch 50/187 (27%)
  [Epoch 276] Batch 100/187 (53%)
  [Epoch 276] Batch 150/187 (80%)
[Epoch 276/700] train_loss=0.1818 val_loss=0.1836 lr=3.32e-04 (9s)
  [Epoch 277] Batch 50/187 (27%)
  [Epoch 277] Batch 100/187 (53%)
  [Epoch 277] Batch 150/187 (80%)
[Epoch 277/700] train_loss=0.1794 val_loss=0.1787 lr=3.30e-04 (9s)
  [Epoch 278] Batch 50/187 (27%)
  [Epoch 278] Batch 100/187 (53%)
  [Epoch 278] Batch 150/187 (80%)
[Epoch 278/700] train_loss=0.1811 val_loss=0.1780 lr=3.29e-04 (9s)
  [Epoch 279] Batch 50/187 (27%)
  [Epoch 279] Batch 100/187 (53%)
  [Epoch 279] Batch 150/187 (80%)
[Epoch 279/700] train_loss=0.1844 val_loss=0.1789 lr=3.28e-04 (9s)
  [Epoch 280] Batch 50/187 (27%)
  [Epoch 280] Batch 100/187 (53%)
  [Epoch 280] Batch 150/187 (80%)
[Epoch 280/700] train_loss=0.1838 val_loss=0.1847 lr=3.27e-04 (9s)
  [Epoch 281] Batch 50/187 (27%)
  [Epoch 281] Batch 100/187 (53%)
  [Epoch 281] Batch 150/187 (80%)
[Epoch 281/700] train_loss=0.1840 val_loss=0.1783 lr=3.26e-04 (9s)
  [Epoch 282] Batch 50/187 (27%)
  [Epoch 282] Batch 100/187 (53%)
  [Epoch 282] Batch 150/187 (80%)
[Epoch 282/700] train_loss=0.1824 val_loss=0.1790 lr=3.25e-04 (9s)
  [Epoch 283] Batch 50/187 (27%)
  [Epoch 283] Batch 100/187 (53%)
  [Epoch 283] Batch 150/187 (80%)
[Epoch 283/700] train_loss=0.1827 val_loss=0.1884 lr=3.24e-04 (9s)
  [Epoch 284] Batch 50/187 (27%)
  [Epoch 284] Batch 100/187 (53%)
  [Epoch 284] Batch 150/187 (80%)
[Epoch 284/700] train_loss=0.1849 val_loss=0.1783 lr=3.23e-04 (10s)
  [Epoch 285] Batch 50/187 (27%)
  [Epoch 285] Batch 100/187 (53%)
  [Epoch 285] Batch 150/187 (80%)
[Epoch 285/700] train_loss=0.1832 val_loss=0.1847 lr=3.22e-04 (9s)
  [Epoch 286] Batch 50/187 (27%)
  [Epoch 286] Batch 100/187 (53%)
  [Epoch 286] Batch 150/187 (80%)
[Epoch 286/700] train_loss=0.1835 val_loss=0.1820 lr=3.21e-04 (10s)
  [Epoch 287] Batch 50/187 (27%)
  [Epoch 287] Batch 100/187 (53%)
  [Epoch 287] Batch 150/187 (80%)
[Epoch 287/700] train_loss=0.1790 val_loss=0.1792 lr=3.20e-04 (9s)
  [Epoch 288] Batch 50/187 (27%)
  [Epoch 288] Batch 100/187 (53%)
  [Epoch 288] Batch 150/187 (80%)
[Epoch 288/700] train_loss=0.1868 val_loss=0.1787 lr=3.19e-04 (10s)
  [Epoch 289] Batch 50/187 (27%)
  [Epoch 289] Batch 100/187 (53%)
  [Epoch 289] Batch 150/187 (80%)
[Epoch 289/700] train_loss=0.1840 val_loss=0.1775 lr=3.18e-04 (9s)
  [Epoch 290] Batch 50/187 (27%)
  [Epoch 290] Batch 100/187 (53%)
  [Epoch 290] Batch 150/187 (80%)
[Epoch 290/700] train_loss=0.1840 val_loss=0.1823 lr=3.17e-04 (9s)
  [Epoch 291] Batch 50/187 (27%)
  [Epoch 291] Batch 100/187 (53%)
  [Epoch 291] Batch 150/187 (80%)
[Epoch 291/700] train_loss=0.1806 val_loss=0.1819 lr=3.15e-04 (9s)
  [Epoch 292] Batch 50/187 (27%)
  [Epoch 292] Batch 100/187 (53%)
  [Epoch 292] Batch 150/187 (80%)
[Epoch 292/700] train_loss=0.1842 val_loss=0.1893 lr=3.14e-04 (9s)
  [Epoch 293] Batch 50/187 (27%)
  [Epoch 293] Batch 100/187 (53%)
  [Epoch 293] Batch 150/187 (80%)
[Epoch 293/700] train_loss=0.1828 val_loss=0.1897 lr=3.13e-04 (9s)
  [Epoch 294] Batch 50/187 (27%)
  [Epoch 294] Batch 100/187 (53%)
  [Epoch 294] Batch 150/187 (80%)
[Epoch 294/700] train_loss=0.1850 val_loss=0.1813 lr=3.12e-04 (10s)
  [Epoch 295] Batch 50/187 (27%)
  [Epoch 295] Batch 100/187 (53%)
  [Epoch 295] Batch 150/187 (80%)
[Epoch 295/700] train_loss=0.1810 val_loss=0.1851 lr=3.11e-04 (10s)
  [Epoch 296] Batch 50/187 (27%)
  [Epoch 296] Batch 100/187 (53%)
  [Epoch 296] Batch 150/187 (80%)
[Epoch 296/700] train_loss=0.1832 val_loss=0.1784 lr=3.10e-04 (9s)
  [Epoch 297] Batch 50/187 (27%)
  [Epoch 297] Batch 100/187 (53%)
  [Epoch 297] Batch 150/187 (80%)
[Epoch 297/700] train_loss=0.1813 val_loss=0.1867 lr=3.09e-04 (9s)
  [Epoch 298] Batch 50/187 (27%)
  [Epoch 298] Batch 100/187 (53%)
  [Epoch 298] Batch 150/187 (80%)
[Epoch 298/700] train_loss=0.1839 val_loss=0.1851 lr=3.08e-04 (9s)
  [Epoch 299] Batch 50/187 (27%)
  [Epoch 299] Batch 100/187 (53%)
  [Epoch 299] Batch 150/187 (80%)
[Epoch 299/700] train_loss=0.1834 val_loss=0.1763 lr=3.07e-04 (9s)
  [Epoch 300] Batch 50/187 (27%)
  [Epoch 300] Batch 100/187 (53%)
  [Epoch 300] Batch 150/187 (80%)
[Epoch 300/700] train_loss=0.1835 val_loss=0.1909 lr=3.06e-04 (9s)
  [Epoch 301] Batch 50/187 (27%)
  [Epoch 301] Batch 100/187 (53%)
  [Epoch 301] Batch 150/187 (80%)
[Epoch 301/700] train_loss=0.1852 val_loss=0.1825 lr=3.05e-04 (9s)
  [Epoch 302] Batch 50/187 (27%)
  [Epoch 302] Batch 100/187 (53%)
  [Epoch 302] Batch 150/187 (80%)
[Epoch 302/700] train_loss=0.1834 val_loss=0.1825 lr=3.03e-04 (10s)
  [Epoch 303] Batch 50/187 (27%)
  [Epoch 303] Batch 100/187 (53%)
  [Epoch 303] Batch 150/187 (80%)
[Epoch 303/700] train_loss=0.1832 val_loss=0.1799 lr=3.02e-04 (10s)
  [Epoch 304] Batch 50/187 (27%)
  [Epoch 304] Batch 100/187 (53%)
  [Epoch 304] Batch 150/187 (80%)
[Epoch 304/700] train_loss=0.1833 val_loss=0.1739 lr=3.01e-04 (10s)
  [Epoch 305] Batch 50/187 (27%)
  [Epoch 305] Batch 100/187 (53%)
  [Epoch 305] Batch 150/187 (80%)
[Epoch 305/700] train_loss=0.1803 val_loss=0.1805 lr=3.00e-04 (9s)
  [Epoch 306] Batch 50/187 (27%)
  [Epoch 306] Batch 100/187 (53%)
  [Epoch 306] Batch 150/187 (80%)
[Epoch 306/700] train_loss=0.1823 val_loss=0.1739 lr=2.99e-04 (9s)
  [Epoch 307] Batch 50/187 (27%)
  [Epoch 307] Batch 100/187 (53%)
  [Epoch 307] Batch 150/187 (80%)
[Epoch 307/700] train_loss=0.1817 val_loss=0.1743 lr=2.98e-04 (9s)
  [Epoch 308] Batch 50/187 (27%)
  [Epoch 308] Batch 100/187 (53%)
  [Epoch 308] Batch 150/187 (80%)
[Epoch 308/700] train_loss=0.1832 val_loss=0.1803 lr=2.97e-04 (9s)
  [Epoch 309] Batch 50/187 (27%)
  [Epoch 309] Batch 100/187 (53%)
  [Epoch 309] Batch 150/187 (80%)
[Epoch 309/700] train_loss=0.1819 val_loss=0.1747 lr=2.96e-04 (9s)
  [Epoch 310] Batch 50/187 (27%)
  [Epoch 310] Batch 100/187 (53%)
  [Epoch 310] Batch 150/187 (80%)
[Epoch 310/700] train_loss=0.1813 val_loss=0.1827 lr=2.95e-04 (9s)
  [Epoch 311] Batch 50/187 (27%)
  [Epoch 311] Batch 100/187 (53%)
  [Epoch 311] Batch 150/187 (80%)
[Epoch 311/700] train_loss=0.1822 val_loss=0.1851 lr=2.94e-04 (9s)
  [Epoch 312] Batch 50/187 (27%)
  [Epoch 312] Batch 100/187 (53%)
  [Epoch 312] Batch 150/187 (80%)
[Epoch 312/700] train_loss=0.1787 val_loss=0.1855 lr=2.92e-04 (9s)
  [Epoch 313] Batch 50/187 (27%)
  [Epoch 313] Batch 100/187 (53%)
  [Epoch 313] Batch 150/187 (80%)
[Epoch 313/700] train_loss=0.1822 val_loss=0.1809 lr=2.91e-04 (9s)
  [Epoch 314] Batch 50/187 (27%)
  [Epoch 314] Batch 100/187 (53%)
  [Epoch 314] Batch 150/187 (80%)
[Epoch 314/700] train_loss=0.1857 val_loss=0.1806 lr=2.90e-04 (10s)
  [Epoch 315] Batch 50/187 (27%)
  [Epoch 315] Batch 100/187 (53%)
  [Epoch 315] Batch 150/187 (80%)
[Epoch 315/700] train_loss=0.1826 val_loss=0.1849 lr=2.89e-04 (9s)
  [Epoch 316] Batch 50/187 (27%)
  [Epoch 316] Batch 100/187 (53%)
  [Epoch 316] Batch 150/187 (80%)
[Epoch 316/700] train_loss=0.1832 val_loss=0.1860 lr=2.88e-04 (9s)
  [Epoch 317] Batch 50/187 (27%)
  [Epoch 317] Batch 100/187 (53%)
  [Epoch 317] Batch 150/187 (80%)
[Epoch 317/700] train_loss=0.1814 val_loss=0.1840 lr=2.87e-04 (9s)
  [Epoch 318] Batch 50/187 (27%)
  [Epoch 318] Batch 100/187 (53%)
  [Epoch 318] Batch 150/187 (80%)
[Epoch 318/700] train_loss=0.1795 val_loss=0.1807 lr=2.86e-04 (10s)
  [Epoch 319] Batch 50/187 (27%)
  [Epoch 319] Batch 100/187 (53%)
  [Epoch 319] Batch 150/187 (80%)
[Epoch 319/700] train_loss=0.1839 val_loss=0.1792 lr=2.85e-04 (9s)
  [Epoch 320] Batch 50/187 (27%)
  [Epoch 320] Batch 100/187 (53%)
  [Epoch 320] Batch 150/187 (80%)
[Epoch 320/700] train_loss=0.1831 val_loss=0.1849 lr=2.84e-04 (9s)
  [Epoch 321] Batch 50/187 (27%)
  [Epoch 321] Batch 100/187 (53%)
  [Epoch 321] Batch 150/187 (80%)
[Epoch 321/700] train_loss=0.1828 val_loss=0.1810 lr=2.82e-04 (9s)
  [Epoch 322] Batch 50/187 (27%)
  [Epoch 322] Batch 100/187 (53%)
  [Epoch 322] Batch 150/187 (80%)
[Epoch 322/700] train_loss=0.1808 val_loss=0.1750 lr=2.81e-04 (9s)
  [Epoch 323] Batch 50/187 (27%)
  [Epoch 323] Batch 100/187 (53%)
  [Epoch 323] Batch 150/187 (80%)
[Epoch 323/700] train_loss=0.1826 val_loss=0.1849 lr=2.80e-04 (9s)
  [Epoch 324] Batch 50/187 (27%)
  [Epoch 324] Batch 100/187 (53%)
  [Epoch 324] Batch 150/187 (80%)
[Epoch 324/700] train_loss=0.1837 val_loss=0.1919 lr=2.79e-04 (9s)
  [Epoch 325] Batch 50/187 (27%)
  [Epoch 325] Batch 100/187 (53%)
  [Epoch 325] Batch 150/187 (80%)
[Epoch 325/700] train_loss=0.1788 val_loss=0.1865 lr=2.78e-04 (9s)
  [Epoch 326] Batch 50/187 (27%)
  [Epoch 326] Batch 100/187 (53%)
  [Epoch 326] Batch 150/187 (80%)
[Epoch 326/700] train_loss=0.1843 val_loss=0.1758 lr=2.77e-04 (9s)
  [Epoch 327] Batch 50/187 (27%)
  [Epoch 327] Batch 100/187 (53%)
  [Epoch 327] Batch 150/187 (80%)
[Epoch 327/700] train_loss=0.1840 val_loss=0.1752 lr=2.76e-04 (9s)
  [Epoch 328] Batch 50/187 (27%)
  [Epoch 328] Batch 100/187 (53%)
  [Epoch 328] Batch 150/187 (80%)
[Epoch 328/700] train_loss=0.1828 val_loss=0.1854 lr=2.75e-04 (10s)
  [Epoch 329] Batch 50/187 (27%)
  [Epoch 329] Batch 100/187 (53%)
  [Epoch 329] Batch 150/187 (80%)
[Epoch 329/700] train_loss=0.1830 val_loss=0.1802 lr=2.74e-04 (9s)
  [Epoch 330] Batch 50/187 (27%)
  [Epoch 330] Batch 100/187 (53%)
  [Epoch 330] Batch 150/187 (80%)
[Epoch 330/700] train_loss=0.1823 val_loss=0.1856 lr=2.72e-04 (9s)
  [Epoch 331] Batch 50/187 (27%)
  [Epoch 331] Batch 100/187 (53%)
  [Epoch 331] Batch 150/187 (80%)
[Epoch 331/700] train_loss=0.1832 val_loss=0.1829 lr=2.71e-04 (9s)
  [Epoch 332] Batch 50/187 (27%)
  [Epoch 332] Batch 100/187 (53%)
  [Epoch 332] Batch 150/187 (80%)
[Epoch 332/700] train_loss=0.1810 val_loss=0.1793 lr=2.70e-04 (9s)
  [Epoch 333] Batch 50/187 (27%)
  [Epoch 333] Batch 100/187 (53%)
  [Epoch 333] Batch 150/187 (80%)
[Epoch 333/700] train_loss=0.1831 val_loss=0.1821 lr=2.69e-04 (9s)
  [Epoch 334] Batch 50/187 (27%)
  [Epoch 334] Batch 100/187 (53%)
  [Epoch 334] Batch 150/187 (80%)
[Epoch 334/700] train_loss=0.1826 val_loss=0.1816 lr=2.68e-04 (9s)
  [Epoch 335] Batch 50/187 (27%)
  [Epoch 335] Batch 100/187 (53%)
  [Epoch 335] Batch 150/187 (80%)
[Epoch 335/700] train_loss=0.1799 val_loss=0.1791 lr=2.67e-04 (9s)
  [Epoch 336] Batch 50/187 (27%)
  [Epoch 336] Batch 100/187 (53%)
  [Epoch 336] Batch 150/187 (80%)
[Epoch 336/700] train_loss=0.1859 val_loss=0.1864 lr=2.66e-04 (9s)
  [Epoch 337] Batch 50/187 (27%)
  [Epoch 337] Batch 100/187 (53%)
  [Epoch 337] Batch 150/187 (80%)
[Epoch 337/700] train_loss=0.1832 val_loss=0.1797 lr=2.65e-04 (9s)
  [Epoch 338] Batch 50/187 (27%)
  [Epoch 338] Batch 100/187 (53%)
  [Epoch 338] Batch 150/187 (80%)
[Epoch 338/700] train_loss=0.1818 val_loss=0.1781 lr=2.63e-04 (9s)
  [Epoch 339] Batch 50/187 (27%)
  [Epoch 339] Batch 100/187 (53%)
  [Epoch 339] Batch 150/187 (80%)
[Epoch 339/700] train_loss=0.1829 val_loss=0.1871 lr=2.62e-04 (9s)
  [Epoch 340] Batch 50/187 (27%)
  [Epoch 340] Batch 100/187 (53%)
  [Epoch 340] Batch 150/187 (80%)
[Epoch 340/700] train_loss=0.1851 val_loss=0.1778 lr=2.61e-04 (9s)
  [Epoch 341] Batch 50/187 (27%)
  [Epoch 341] Batch 100/187 (53%)
  [Epoch 341] Batch 150/187 (80%)
[Epoch 341/700] train_loss=0.1806 val_loss=0.1777 lr=2.60e-04 (10s)
  [Epoch 342] Batch 50/187 (27%)
  [Epoch 342] Batch 100/187 (53%)
  [Epoch 342] Batch 150/187 (80%)
[Epoch 342/700] train_loss=0.1808 val_loss=0.1822 lr=2.59e-04 (9s)
  [Epoch 343] Batch 50/187 (27%)
  [Epoch 343] Batch 100/187 (53%)
  [Epoch 343] Batch 150/187 (80%)
[Epoch 343/700] train_loss=0.1799 val_loss=0.1773 lr=2.58e-04 (9s)
  [Epoch 344] Batch 50/187 (27%)
  [Epoch 344] Batch 100/187 (53%)
  [Epoch 344] Batch 150/187 (80%)
[Epoch 344/700] train_loss=0.1827 val_loss=0.1753 lr=2.57e-04 (9s)
  [Epoch 345] Batch 50/187 (27%)
  [Epoch 345] Batch 100/187 (53%)
  [Epoch 345] Batch 150/187 (80%)
[Epoch 345/700] train_loss=0.1815 val_loss=0.1806 lr=2.56e-04 (9s)
  [Epoch 346] Batch 50/187 (27%)
  [Epoch 346] Batch 100/187 (53%)
  [Epoch 346] Batch 150/187 (80%)
[Epoch 346/700] train_loss=0.1815 val_loss=0.1810 lr=2.54e-04 (9s)
  [Epoch 347] Batch 50/187 (27%)
  [Epoch 347] Batch 100/187 (53%)
  [Epoch 347] Batch 150/187 (80%)
[Epoch 347/700] train_loss=0.1822 val_loss=0.1812 lr=2.53e-04 (9s)
  [Epoch 348] Batch 50/187 (27%)
  [Epoch 348] Batch 100/187 (53%)
  [Epoch 348] Batch 150/187 (80%)
[Epoch 348/700] train_loss=0.1794 val_loss=0.1839 lr=2.52e-04 (9s)
  [Epoch 349] Batch 50/187 (27%)
  [Epoch 349] Batch 100/187 (53%)
  [Epoch 349] Batch 150/187 (80%)
[Epoch 349/700] train_loss=0.1820 val_loss=0.1832 lr=2.51e-04 (9s)
  [Epoch 350] Batch 50/187 (27%)
  [Epoch 350] Batch 100/187 (53%)
  [Epoch 350] Batch 150/187 (80%)
[Epoch 350/700] train_loss=0.1811 val_loss=0.1766 lr=2.50e-04 (9s)
  [Epoch 351] Batch 50/187 (27%)
  [Epoch 351] Batch 100/187 (53%)
  [Epoch 351] Batch 150/187 (80%)
[Epoch 351/700] train_loss=0.1805 val_loss=0.1809 lr=2.49e-04 (9s)
  [Epoch 352] Batch 50/187 (27%)
  [Epoch 352] Batch 100/187 (53%)
  [Epoch 352] Batch 150/187 (80%)
[Epoch 352/700] train_loss=0.1828 val_loss=0.1879 lr=2.48e-04 (9s)
  [Epoch 353] Batch 50/187 (27%)
  [Epoch 353] Batch 100/187 (53%)
  [Epoch 353] Batch 150/187 (80%)
[Epoch 353/700] train_loss=0.1801 val_loss=0.1806 lr=2.47e-04 (9s)
  [Epoch 354] Batch 50/187 (27%)
  [Epoch 354] Batch 100/187 (53%)
  [Epoch 354] Batch 150/187 (80%)
[Epoch 354/700] train_loss=0.1822 val_loss=0.1812 lr=2.46e-04 (9s)
  [Epoch 355] Batch 50/187 (27%)
  [Epoch 355] Batch 100/187 (53%)
  [Epoch 355] Batch 150/187 (80%)
[Epoch 355/700] train_loss=0.1818 val_loss=0.1828 lr=2.44e-04 (10s)
  [Epoch 356] Batch 50/187 (27%)
  [Epoch 356] Batch 100/187 (53%)
  [Epoch 356] Batch 150/187 (80%)
[Epoch 356/700] train_loss=0.1819 val_loss=0.1777 lr=2.43e-04 (9s)
  [Epoch 357] Batch 50/187 (27%)
  [Epoch 357] Batch 100/187 (53%)
  [Epoch 357] Batch 150/187 (80%)
[Epoch 357/700] train_loss=0.1806 val_loss=0.1810 lr=2.42e-04 (9s)
  [Epoch 358] Batch 50/187 (27%)
  [Epoch 358] Batch 100/187 (53%)
  [Epoch 358] Batch 150/187 (80%)
[Epoch 358/700] train_loss=0.1817 val_loss=0.1757 lr=2.41e-04 (9s)
  [Epoch 359] Batch 50/187 (27%)
  [Epoch 359] Batch 100/187 (53%)
  [Epoch 359] Batch 150/187 (80%)
[Epoch 359/700] train_loss=0.1800 val_loss=0.1808 lr=2.40e-04 (9s)
  [Epoch 360] Batch 50/187 (27%)
  [Epoch 360] Batch 100/187 (53%)
  [Epoch 360] Batch 150/187 (80%)
[Epoch 360/700] train_loss=0.1837 val_loss=0.1818 lr=2.39e-04 (9s)
  [Epoch 361] Batch 50/187 (27%)
  [Epoch 361] Batch 100/187 (53%)
  [Epoch 361] Batch 150/187 (80%)
[Epoch 361/700] train_loss=0.1814 val_loss=0.1865 lr=2.38e-04 (10s)
  [Epoch 362] Batch 50/187 (27%)
  [Epoch 362] Batch 100/187 (53%)
  [Epoch 362] Batch 150/187 (80%)
[Epoch 362/700] train_loss=0.1826 val_loss=0.1802 lr=2.37e-04 (9s)
  [Epoch 363] Batch 50/187 (27%)
  [Epoch 363] Batch 100/187 (53%)
  [Epoch 363] Batch 150/187 (80%)
[Epoch 363/700] train_loss=0.1829 val_loss=0.1795 lr=2.35e-04 (10s)
  [Epoch 364] Batch 50/187 (27%)
  [Epoch 364] Batch 100/187 (53%)
  [Epoch 364] Batch 150/187 (80%)
[Epoch 364/700] train_loss=0.1792 val_loss=0.1841 lr=2.34e-04 (9s)
  [Epoch 365] Batch 50/187 (27%)
  [Epoch 365] Batch 100/187 (53%)
  [Epoch 365] Batch 150/187 (80%)
[Epoch 365/700] train_loss=0.1833 val_loss=0.1820 lr=2.33e-04 (9s)
  [Epoch 366] Batch 50/187 (27%)
  [Epoch 366] Batch 100/187 (53%)
  [Epoch 366] Batch 150/187 (80%)
[Epoch 366/700] train_loss=0.1817 val_loss=0.1758 lr=2.32e-04 (10s)

[Training] Completed!

✓ Training completed!
  Final checkpoint: /public/home/xiongzhzh2023/PT4ConTSG/experiments/20260324_142451_synth-m_pt_factor_generator/checkpoints/finetune/finetune-epoch=305-val/loss=0.1739.ckpt
  Experiment: experiments/20260324_142451_synth-m_pt_factor_generator

Running automatic evaluation...
[Evaluating (generating)] Starting (0/32)...
[Evaluating (generating)] 1/32 (3%)
[Evaluating (generating)] 4/32 (12%)
[Evaluating (generating)] 7/32 (22%)
[Evaluating (generating)] 10/32 (31%)
[Evaluating (generating)] 13/32 (41%)
[Evaluating (generating)] 16/32 (50%)
[Evaluating (generating)] 20/32 (62%)
[Evaluating (generating)] 23/32 (72%)
[Evaluating (generating)] 26/32 (81%)
[Evaluating (generating)] 29/32 (91%)
[Evaluating (generating)] 32/32 (100%)
[Evaluating (generating)] Completed (32 items)
Evaluation results saved to: experiments/20260324_142451_synth-m_pt_factor_generator/results/eval_results.json
          Evaluation Results           
┏━━━━━━━━━━━━━━━━━━━━━━━━━┳━━━━━━━━━━━┓
┃ Metric                  ┃     Value ┃
┡━━━━━━━━━━━━━━━━━━━━━━━━━╇━━━━━━━━━━━┩
│ dtw                     │ 11.647200 │
│ wape                    │ 99.164650 │
│ ed                      │ 15.467384 │
│ crps                    │  0.521654 │
│ acd                     │  0.136268 │
│ sd                      │  0.132227 │
│ kd                      │  0.175197 │
│ mdd                     │  0.012723 │
│ fid                     │ 16.424293 │
│ jftsd                   │ 21.591747 │
│ cttp                    │  0.070151 │
│ disc_auc                │  0.998117 │
│ prdc_f1.f1              │  0.260748 │
│ prdc_f1.precision       │  0.225000 │
│ prdc_f1.recall          │  0.310000 │
│ joint_prdc_f1.f1        │  0.400103 │
│ joint_prdc_f1.precision │  0.340500 │
│ joint_prdc_f1.recall    │  0.485000 │
└─────────────────────────┴───────────┘
