Loading config from: configs/generators/ptfg_ettm1.yaml
Model schema mode: relaxed (no model-specific schema for 'pt_factor_generator')
         Configuration Summary         
┌───────────────┬─────────────────────┐
│ Dataset       │ ettm1               │
│ Model         │ pt_factor_generator │
│ Epochs        │ 700                 │
│ Batch Size    │ 128                 │
│ Learning Rate │ 0.001               │
│ Device        │ cuda:0              │
│ Seed          │ 42                  │
└───────────────┴─────────────────────┘

Experiment directory: experiments/20260403_170059_ettm1_pt_factor_generator

Model: pt_factor_generator
Creating data module: ettm1

Starting multi-stage training (1 stage(s))...
  Stage 1: finetune (700 epochs, lr=0.001)
┏━━━┳━━━━━━━━━━━━━━┳━━━━━━━━━━━━━━━━━━━━━━━━┳━━━━━━━━┳━━━━━━━┳━━━━━━━┓
┃   ┃ Name         ┃ Type                   ┃ Params ┃ Mode  ┃ FLOPs ┃
┡━━━╇━━━━━━━━━━━━━━╇━━━━━━━━━━━━━━━━━━━━━━━━╇━━━━━━━━╇━━━━━━━╇━━━━━━━┩
│ 0 │ net          │ PTFactorNoisePredictor │  5.2 M │ train │     0 │
│   │ other params │ n/a                    │  1.0 K │ n/a   │   n/a │
└───┴──────────────┴────────────────────────┴────────┴───────┴───────┘
Trainable params: 5.2 M                                                                                                                                                                                       
Non-trainable params: 0                                                                                                                                                                                       
Total params: 5.2 M                                                                                                                                                                                           
Total estimated model params size (MB): 20                                                                                                                                                                    
Modules in train mode: 195                                                                                                                                                                                    
Modules in eval mode: 0                                                                                                                                                                                       
Total FLOPs: 0                                                                                                                                                                                                

[Training] Starting 700 epochs...
  [Epoch 1] Batch 50/101 (50%)
  [Epoch 1] Batch 100/101 (99%)
[Epoch 1/700] train_loss=1.5198 val_loss=1.1462 lr=1.00e-03 (8s)
  [Epoch 2] Batch 50/101 (50%)
  [Epoch 2] Batch 100/101 (99%)
[Epoch 2/700] train_loss=0.9139 val_loss=1.0808 lr=1.00e-03 (8s)
  [Epoch 3] Batch 50/101 (50%)
  [Epoch 3] Batch 100/101 (99%)
[Epoch 3/700] train_loss=0.8158 val_loss=0.9512 lr=1.00e-03 (8s)
  [Epoch 4] Batch 50/101 (50%)
  [Epoch 4] Batch 100/101 (99%)
[Epoch 4/700] train_loss=0.7292 val_loss=1.0302 lr=1.00e-03 (7s)
  [Epoch 5] Batch 50/101 (50%)
  [Epoch 5] Batch 100/101 (99%)
[Epoch 5/700] train_loss=0.7053 val_loss=0.9077 lr=1.00e-03 (7s)
  [Epoch 6] Batch 50/101 (50%)
  [Epoch 6] Batch 100/101 (99%)
[Epoch 6/700] train_loss=0.6892 val_loss=0.8427 lr=1.00e-03 (7s)
  [Epoch 7] Batch 50/101 (50%)
  [Epoch 7] Batch 100/101 (99%)
[Epoch 7/700] train_loss=0.6625 val_loss=0.8558 lr=1.00e-03 (7s)
  [Epoch 8] Batch 50/101 (50%)
  [Epoch 8] Batch 100/101 (99%)
[Epoch 8/700] train_loss=0.6343 val_loss=0.8384 lr=1.00e-03 (7s)
  [Epoch 9] Batch 50/101 (50%)
  [Epoch 9] Batch 100/101 (99%)
[Epoch 9/700] train_loss=0.6378 val_loss=0.8065 lr=1.00e-03 (7s)
  [Epoch 10] Batch 50/101 (50%)
  [Epoch 10] Batch 100/101 (99%)
[Epoch 10/700] train_loss=0.6211 val_loss=0.7589 lr=9.99e-04 (7s)
  [Epoch 11] Batch 50/101 (50%)
  [Epoch 11] Batch 100/101 (99%)
[Epoch 11/700] train_loss=0.6258 val_loss=0.7684 lr=9.99e-04 (7s)
  [Epoch 12] Batch 50/101 (50%)
  [Epoch 12] Batch 100/101 (99%)
[Epoch 12/700] train_loss=0.6167 val_loss=0.8134 lr=9.99e-04 (7s)
  [Epoch 13] Batch 50/101 (50%)
  [Epoch 13] Batch 100/101 (99%)
[Epoch 13/700] train_loss=0.6218 val_loss=0.8473 lr=9.99e-04 (7s)
  [Epoch 14] Batch 50/101 (50%)
  [Epoch 14] Batch 100/101 (99%)
[Epoch 14/700] train_loss=0.6137 val_loss=0.7799 lr=9.99e-04 (7s)
  [Epoch 15] Batch 50/101 (50%)
  [Epoch 15] Batch 100/101 (99%)
[Epoch 15/700] train_loss=0.6014 val_loss=0.7505 lr=9.99e-04 (7s)
  [Epoch 16] Batch 50/101 (50%)
  [Epoch 16] Batch 100/101 (99%)
[Epoch 16/700] train_loss=0.5981 val_loss=0.7700 lr=9.99e-04 (8s)
  [Epoch 17] Batch 50/101 (50%)
  [Epoch 17] Batch 100/101 (99%)
[Epoch 17/700] train_loss=0.5947 val_loss=0.7639 lr=9.99e-04 (8s)
  [Epoch 18] Batch 50/101 (50%)
  [Epoch 18] Batch 100/101 (99%)
[Epoch 18/700] train_loss=0.6004 val_loss=0.7627 lr=9.98e-04 (7s)
  [Epoch 19] Batch 50/101 (50%)
  [Epoch 19] Batch 100/101 (99%)
[Epoch 19/700] train_loss=0.5939 val_loss=0.7206 lr=9.98e-04 (7s)
  [Epoch 20] Batch 50/101 (50%)
  [Epoch 20] Batch 100/101 (99%)
[Epoch 20/700] train_loss=0.5809 val_loss=0.7806 lr=9.98e-04 (7s)
  [Epoch 21] Batch 50/101 (50%)
  [Epoch 21] Batch 100/101 (99%)
[Epoch 21/700] train_loss=0.5763 val_loss=0.7734 lr=9.98e-04 (8s)
  [Epoch 22] Batch 50/101 (50%)
  [Epoch 22] Batch 100/101 (99%)
[Epoch 22/700] train_loss=0.5939 val_loss=0.7223 lr=9.98e-04 (8s)
  [Epoch 23] Batch 50/101 (50%)
  [Epoch 23] Batch 100/101 (99%)
[Epoch 23/700] train_loss=0.5652 val_loss=0.7376 lr=9.97e-04 (7s)
  [Epoch 24] Batch 50/101 (50%)
  [Epoch 24] Batch 100/101 (99%)
[Epoch 24/700] train_loss=0.5748 val_loss=0.7355 lr=9.97e-04 (7s)
  [Epoch 25] Batch 50/101 (50%)
  [Epoch 25] Batch 100/101 (99%)
[Epoch 25/700] train_loss=0.5645 val_loss=0.6959 lr=9.97e-04 (7s)
  [Epoch 26] Batch 50/101 (50%)
  [Epoch 26] Batch 100/101 (99%)
[Epoch 26/700] train_loss=0.5656 val_loss=0.7713 lr=9.97e-04 (7s)
  [Epoch 27] Batch 50/101 (50%)
  [Epoch 27] Batch 100/101 (99%)
[Epoch 27/700] train_loss=0.5637 val_loss=0.7106 lr=9.96e-04 (7s)
  [Epoch 28] Batch 50/101 (50%)
  [Epoch 28] Batch 100/101 (99%)
[Epoch 28/700] train_loss=0.5714 val_loss=0.7427 lr=9.96e-04 (7s)
  [Epoch 29] Batch 50/101 (50%)
  [Epoch 29] Batch 100/101 (99%)
[Epoch 29/700] train_loss=0.5701 val_loss=0.6887 lr=9.96e-04 (7s)
  [Epoch 30] Batch 50/101 (50%)
  [Epoch 30] Batch 100/101 (99%)
[Epoch 30/700] train_loss=0.5578 val_loss=0.7150 lr=9.95e-04 (7s)
  [Epoch 31] Batch 50/101 (50%)
  [Epoch 31] Batch 100/101 (99%)
[Epoch 31/700] train_loss=0.5480 val_loss=0.6819 lr=9.95e-04 (8s)
  [Epoch 32] Batch 50/101 (50%)
  [Epoch 32] Batch 100/101 (99%)
[Epoch 32/700] train_loss=0.5523 val_loss=0.6962 lr=9.95e-04 (8s)
  [Epoch 33] Batch 50/101 (50%)
  [Epoch 33] Batch 100/101 (99%)
[Epoch 33/700] train_loss=0.5506 val_loss=0.7242 lr=9.95e-04 (8s)
  [Epoch 34] Batch 50/101 (50%)
  [Epoch 34] Batch 100/101 (99%)
[Epoch 34/700] train_loss=0.5565 val_loss=0.6944 lr=9.94e-04 (7s)
  [Epoch 35] Batch 50/101 (50%)
  [Epoch 35] Batch 100/101 (99%)
[Epoch 35/700] train_loss=0.5682 val_loss=0.7096 lr=9.94e-04 (8s)
  [Epoch 36] Batch 50/101 (50%)
  [Epoch 36] Batch 100/101 (99%)
[Epoch 36/700] train_loss=0.5589 val_loss=0.7077 lr=9.93e-04 (8s)
  [Epoch 37] Batch 50/101 (50%)
  [Epoch 37] Batch 100/101 (99%)
[Epoch 37/700] train_loss=0.5366 val_loss=0.7036 lr=9.93e-04 (7s)
  [Epoch 38] Batch 50/101 (50%)
  [Epoch 38] Batch 100/101 (99%)
[Epoch 38/700] train_loss=0.5475 val_loss=0.7080 lr=9.93e-04 (7s)
  [Epoch 39] Batch 50/101 (50%)
  [Epoch 39] Batch 100/101 (99%)
[Epoch 39/700] train_loss=0.5382 val_loss=0.7205 lr=9.92e-04 (7s)
  [Epoch 40] Batch 50/101 (50%)
  [Epoch 40] Batch 100/101 (99%)
[Epoch 40/700] train_loss=0.5573 val_loss=0.7165 lr=9.92e-04 (7s)
  [Epoch 41] Batch 50/101 (50%)
  [Epoch 41] Batch 100/101 (99%)
[Epoch 41/700] train_loss=0.5528 val_loss=0.6708 lr=9.92e-04 (7s)
  [Epoch 42] Batch 50/101 (50%)
  [Epoch 42] Batch 100/101 (99%)
[Epoch 42/700] train_loss=0.5540 val_loss=0.7327 lr=9.91e-04 (7s)
  [Epoch 43] Batch 50/101 (50%)
  [Epoch 43] Batch 100/101 (99%)
[Epoch 43/700] train_loss=0.5606 val_loss=0.6909 lr=9.91e-04 (7s)
  [Epoch 44] Batch 50/101 (50%)
  [Epoch 44] Batch 100/101 (99%)
[Epoch 44/700] train_loss=0.5370 val_loss=0.6760 lr=9.90e-04 (7s)
  [Epoch 45] Batch 50/101 (50%)
  [Epoch 45] Batch 100/101 (99%)
[Epoch 45/700] train_loss=0.5356 val_loss=0.7385 lr=9.90e-04 (8s)
  [Epoch 46] Batch 50/101 (50%)
  [Epoch 46] Batch 100/101 (99%)
[Epoch 46/700] train_loss=0.5347 val_loss=0.7229 lr=9.89e-04 (8s)
  [Epoch 47] Batch 50/101 (50%)
  [Epoch 47] Batch 100/101 (99%)
[Epoch 47/700] train_loss=0.5386 val_loss=0.6752 lr=9.89e-04 (7s)
  [Epoch 48] Batch 50/101 (50%)
  [Epoch 48] Batch 100/101 (99%)
[Epoch 48/700] train_loss=0.5343 val_loss=0.6899 lr=9.88e-04 (7s)
  [Epoch 49] Batch 50/101 (50%)
  [Epoch 49] Batch 100/101 (99%)
[Epoch 49/700] train_loss=0.5440 val_loss=0.6610 lr=9.88e-04 (7s)
  [Epoch 50] Batch 50/101 (50%)
  [Epoch 50] Batch 100/101 (99%)
[Epoch 50/700] train_loss=0.5304 val_loss=0.7301 lr=9.87e-04 (7s)
  [Epoch 51] Batch 50/101 (50%)
  [Epoch 51] Batch 100/101 (99%)
[Epoch 51/700] train_loss=0.5281 val_loss=0.6744 lr=9.87e-04 (7s)
  [Epoch 52] Batch 50/101 (50%)
  [Epoch 52] Batch 100/101 (99%)
[Epoch 52/700] train_loss=0.5426 val_loss=0.7098 lr=9.86e-04 (7s)
  [Epoch 53] Batch 50/101 (50%)
  [Epoch 53] Batch 100/101 (99%)
[Epoch 53/700] train_loss=0.5381 val_loss=0.6894 lr=9.86e-04 (8s)
  [Epoch 54] Batch 50/101 (50%)
  [Epoch 54] Batch 100/101 (99%)
[Epoch 54/700] train_loss=0.5323 val_loss=0.6975 lr=9.85e-04 (7s)
  [Epoch 55] Batch 50/101 (50%)
  [Epoch 55] Batch 100/101 (99%)
[Epoch 55/700] train_loss=0.5320 val_loss=0.6882 lr=9.85e-04 (7s)
  [Epoch 56] Batch 50/101 (50%)
  [Epoch 56] Batch 100/101 (99%)
[Epoch 56/700] train_loss=0.5233 val_loss=0.7110 lr=9.84e-04 (7s)
  [Epoch 57] Batch 50/101 (50%)
  [Epoch 57] Batch 100/101 (99%)
[Epoch 57/700] train_loss=0.5239 val_loss=0.6877 lr=9.84e-04 (7s)
  [Epoch 58] Batch 50/101 (50%)
  [Epoch 58] Batch 100/101 (99%)
[Epoch 58/700] train_loss=0.5266 val_loss=0.6749 lr=9.83e-04 (7s)
  [Epoch 59] Batch 50/101 (50%)
  [Epoch 59] Batch 100/101 (99%)
[Epoch 59/700] train_loss=0.5366 val_loss=0.6908 lr=9.83e-04 (7s)
  [Epoch 60] Batch 50/101 (50%)
  [Epoch 60] Batch 100/101 (99%)
[Epoch 60/700] train_loss=0.5243 val_loss=0.6863 lr=9.82e-04 (7s)
  [Epoch 61] Batch 50/101 (50%)
  [Epoch 61] Batch 100/101 (99%)
[Epoch 61/700] train_loss=0.5280 val_loss=0.7035 lr=9.81e-04 (7s)
  [Epoch 62] Batch 50/101 (50%)
  [Epoch 62] Batch 100/101 (99%)
[Epoch 62/700] train_loss=0.5302 val_loss=0.6536 lr=9.81e-04 (7s)
  [Epoch 63] Batch 50/101 (50%)
  [Epoch 63] Batch 100/101 (99%)
[Epoch 63/700] train_loss=0.5086 val_loss=0.6884 lr=9.80e-04 (7s)
  [Epoch 64] Batch 50/101 (50%)
  [Epoch 64] Batch 100/101 (99%)
[Epoch 64/700] train_loss=0.5378 val_loss=0.6575 lr=9.80e-04 (7s)
  [Epoch 65] Batch 50/101 (50%)
  [Epoch 65] Batch 100/101 (99%)
[Epoch 65/700] train_loss=0.5019 val_loss=0.6755 lr=9.79e-04 (7s)
  [Epoch 66] Batch 50/101 (50%)
  [Epoch 66] Batch 100/101 (99%)
[Epoch 66/700] train_loss=0.5285 val_loss=0.6920 lr=9.78e-04 (7s)
  [Epoch 67] Batch 50/101 (50%)
  [Epoch 67] Batch 100/101 (99%)
[Epoch 67/700] train_loss=0.5233 val_loss=0.7180 lr=9.78e-04 (7s)
  [Epoch 68] Batch 50/101 (50%)
  [Epoch 68] Batch 100/101 (99%)
[Epoch 68/700] train_loss=0.5214 val_loss=0.6624 lr=9.77e-04 (7s)
  [Epoch 69] Batch 50/101 (50%)
  [Epoch 69] Batch 100/101 (99%)
[Epoch 69/700] train_loss=0.5184 val_loss=0.6313 lr=9.76e-04 (7s)
  [Epoch 70] Batch 50/101 (50%)
  [Epoch 70] Batch 100/101 (99%)
[Epoch 70/700] train_loss=0.5255 val_loss=0.6571 lr=9.76e-04 (7s)
  [Epoch 71] Batch 50/101 (50%)
  [Epoch 71] Batch 100/101 (99%)
[Epoch 71/700] train_loss=0.5152 val_loss=0.6762 lr=9.75e-04 (7s)
  [Epoch 72] Batch 50/101 (50%)
  [Epoch 72] Batch 100/101 (99%)
[Epoch 72/700] train_loss=0.5176 val_loss=0.6684 lr=9.74e-04 (7s)
  [Epoch 73] Batch 50/101 (50%)
  [Epoch 73] Batch 100/101 (99%)
[Epoch 73/700] train_loss=0.5124 val_loss=0.6462 lr=9.73e-04 (7s)
  [Epoch 74] Batch 50/101 (50%)
  [Epoch 74] Batch 100/101 (99%)
[Epoch 74/700] train_loss=0.5241 val_loss=0.6435 lr=9.73e-04 (7s)
  [Epoch 75] Batch 50/101 (50%)
  [Epoch 75] Batch 100/101 (99%)
[Epoch 75/700] train_loss=0.5173 val_loss=0.6679 lr=9.72e-04 (7s)
  [Epoch 76] Batch 50/101 (50%)
  [Epoch 76] Batch 100/101 (99%)
[Epoch 76/700] train_loss=0.4932 val_loss=0.6561 lr=9.71e-04 (7s)
  [Epoch 77] Batch 50/101 (50%)
  [Epoch 77] Batch 100/101 (99%)
[Epoch 77/700] train_loss=0.5176 val_loss=0.6476 lr=9.70e-04 (7s)
  [Epoch 78] Batch 50/101 (50%)
  [Epoch 78] Batch 100/101 (99%)
[Epoch 78/700] train_loss=0.5159 val_loss=0.6556 lr=9.70e-04 (7s)
  [Epoch 79] Batch 50/101 (50%)
  [Epoch 79] Batch 100/101 (99%)
[Epoch 79/700] train_loss=0.5126 val_loss=0.6362 lr=9.69e-04 (7s)
  [Epoch 80] Batch 50/101 (50%)
  [Epoch 80] Batch 100/101 (99%)
[Epoch 80/700] train_loss=0.5079 val_loss=0.6629 lr=9.68e-04 (7s)
  [Epoch 81] Batch 50/101 (50%)
  [Epoch 81] Batch 100/101 (99%)
[Epoch 81/700] train_loss=0.5167 val_loss=0.6627 lr=9.67e-04 (7s)
  [Epoch 82] Batch 50/101 (50%)
  [Epoch 82] Batch 100/101 (99%)
[Epoch 82/700] train_loss=0.5046 val_loss=0.6496 lr=9.67e-04 (7s)
  [Epoch 83] Batch 50/101 (50%)
  [Epoch 83] Batch 100/101 (99%)
[Epoch 83/700] train_loss=0.5144 val_loss=0.6619 lr=9.66e-04 (7s)
  [Epoch 84] Batch 50/101 (50%)
  [Epoch 84] Batch 100/101 (99%)
[Epoch 84/700] train_loss=0.5150 val_loss=0.6286 lr=9.65e-04 (7s)
  [Epoch 85] Batch 50/101 (50%)
  [Epoch 85] Batch 100/101 (99%)
[Epoch 85/700] train_loss=0.5067 val_loss=0.6728 lr=9.64e-04 (7s)
  [Epoch 86] Batch 50/101 (50%)
  [Epoch 86] Batch 100/101 (99%)
[Epoch 86/700] train_loss=0.5075 val_loss=0.6468 lr=9.63e-04 (7s)
  [Epoch 87] Batch 50/101 (50%)
  [Epoch 87] Batch 100/101 (99%)
[Epoch 87/700] train_loss=0.5280 val_loss=0.6577 lr=9.62e-04 (6s)
  [Epoch 88] Batch 50/101 (50%)
  [Epoch 88] Batch 100/101 (99%)
[Epoch 88/700] train_loss=0.5067 val_loss=0.6466 lr=9.62e-04 (7s)
  [Epoch 89] Batch 50/101 (50%)
  [Epoch 89] Batch 100/101 (99%)
[Epoch 89/700] train_loss=0.5043 val_loss=0.6465 lr=9.61e-04 (7s)
  [Epoch 90] Batch 50/101 (50%)
  [Epoch 90] Batch 100/101 (99%)
[Epoch 90/700] train_loss=0.5033 val_loss=0.6889 lr=9.60e-04 (7s)
  [Epoch 91] Batch 50/101 (50%)
  [Epoch 91] Batch 100/101 (99%)
[Epoch 91/700] train_loss=0.5049 val_loss=0.6485 lr=9.59e-04 (7s)
  [Epoch 92] Batch 50/101 (50%)
  [Epoch 92] Batch 100/101 (99%)
[Epoch 92/700] train_loss=0.5030 val_loss=0.6224 lr=9.58e-04 (7s)
  [Epoch 93] Batch 50/101 (50%)
  [Epoch 93] Batch 100/101 (99%)
[Epoch 93/700] train_loss=0.5030 val_loss=0.6417 lr=9.57e-04 (7s)
  [Epoch 94] Batch 50/101 (50%)
  [Epoch 94] Batch 100/101 (99%)
[Epoch 94/700] train_loss=0.5019 val_loss=0.6846 lr=9.56e-04 (7s)
  [Epoch 95] Batch 50/101 (50%)
  [Epoch 95] Batch 100/101 (99%)
[Epoch 95/700] train_loss=0.5039 val_loss=0.6819 lr=9.55e-04 (7s)
  [Epoch 96] Batch 50/101 (50%)
  [Epoch 96] Batch 100/101 (99%)
[Epoch 96/700] train_loss=0.5177 val_loss=0.6667 lr=9.54e-04 (7s)
  [Epoch 97] Batch 50/101 (50%)
  [Epoch 97] Batch 100/101 (99%)
[Epoch 97/700] train_loss=0.5070 val_loss=0.6207 lr=9.53e-04 (7s)
  [Epoch 98] Batch 50/101 (50%)
  [Epoch 98] Batch 100/101 (99%)
[Epoch 98/700] train_loss=0.5133 val_loss=0.6647 lr=9.52e-04 (7s)
  [Epoch 99] Batch 50/101 (50%)
  [Epoch 99] Batch 100/101 (99%)
[Epoch 99/700] train_loss=0.4966 val_loss=0.6490 lr=9.51e-04 (7s)
  [Epoch 100] Batch 50/101 (50%)
  [Epoch 100] Batch 100/101 (99%)
[Epoch 100/700] train_loss=0.5100 val_loss=0.6912 lr=9.50e-04 (7s)
  [Epoch 101] Batch 50/101 (50%)
  [Epoch 101] Batch 100/101 (99%)
[Epoch 101/700] train_loss=0.5182 val_loss=0.6764 lr=9.50e-04 (7s)
  [Epoch 102] Batch 50/101 (50%)
  [Epoch 102] Batch 100/101 (99%)
[Epoch 102/700] train_loss=0.4992 val_loss=0.6256 lr=9.49e-04 (7s)
  [Epoch 103] Batch 50/101 (50%)
  [Epoch 103] Batch 100/101 (99%)
[Epoch 103/700] train_loss=0.5009 val_loss=0.6489 lr=9.48e-04 (7s)
  [Epoch 104] Batch 50/101 (50%)
  [Epoch 104] Batch 100/101 (99%)
[Epoch 104/700] train_loss=0.5031 val_loss=0.6443 lr=9.47e-04 (7s)
  [Epoch 105] Batch 50/101 (50%)
  [Epoch 105] Batch 100/101 (99%)
[Epoch 105/700] train_loss=0.5213 val_loss=0.6447 lr=9.46e-04 (7s)
  [Epoch 106] Batch 50/101 (50%)
  [Epoch 106] Batch 100/101 (99%)
[Epoch 106/700] train_loss=0.5082 val_loss=0.6183 lr=9.44e-04 (7s)
  [Epoch 107] Batch 50/101 (50%)
  [Epoch 107] Batch 100/101 (99%)
[Epoch 107/700] train_loss=0.5071 val_loss=0.6536 lr=9.43e-04 (7s)
  [Epoch 108] Batch 50/101 (50%)
  [Epoch 108] Batch 100/101 (99%)
[Epoch 108/700] train_loss=0.4962 val_loss=0.6564 lr=9.42e-04 (7s)
  [Epoch 109] Batch 50/101 (50%)
  [Epoch 109] Batch 100/101 (99%)
[Epoch 109/700] train_loss=0.5052 val_loss=0.6485 lr=9.41e-04 (7s)
  [Epoch 110] Batch 50/101 (50%)
  [Epoch 110] Batch 100/101 (99%)
[Epoch 110/700] train_loss=0.5138 val_loss=0.6753 lr=9.40e-04 (7s)
  [Epoch 111] Batch 50/101 (50%)
  [Epoch 111] Batch 100/101 (99%)
[Epoch 111/700] train_loss=0.4929 val_loss=0.6282 lr=9.39e-04 (7s)
  [Epoch 112] Batch 50/101 (50%)
  [Epoch 112] Batch 100/101 (99%)
[Epoch 112/700] train_loss=0.5047 val_loss=0.6401 lr=9.38e-04 (8s)
  [Epoch 113] Batch 50/101 (50%)
  [Epoch 113] Batch 100/101 (99%)
[Epoch 113/700] train_loss=0.4943 val_loss=0.6357 lr=9.37e-04 (8s)
  [Epoch 114] Batch 50/101 (50%)
  [Epoch 114] Batch 100/101 (99%)
[Epoch 114/700] train_loss=0.5053 val_loss=0.6444 lr=9.36e-04 (8s)
  [Epoch 115] Batch 50/101 (50%)
  [Epoch 115] Batch 100/101 (99%)
[Epoch 115/700] train_loss=0.4931 val_loss=0.6334 lr=9.35e-04 (7s)
  [Epoch 116] Batch 50/101 (50%)
  [Epoch 116] Batch 100/101 (99%)
[Epoch 116/700] train_loss=0.5001 val_loss=0.6892 lr=9.34e-04 (7s)
  [Epoch 117] Batch 50/101 (50%)
  [Epoch 117] Batch 100/101 (99%)
[Epoch 117/700] train_loss=0.4911 val_loss=0.6315 lr=9.33e-04 (7s)
  [Epoch 118] Batch 50/101 (50%)
  [Epoch 118] Batch 100/101 (99%)
[Epoch 118/700] train_loss=0.4956 val_loss=0.6278 lr=9.32e-04 (7s)
  [Epoch 119] Batch 50/101 (50%)
  [Epoch 119] Batch 100/101 (99%)
[Epoch 119/700] train_loss=0.4851 val_loss=0.6311 lr=9.30e-04 (7s)
  [Epoch 120] Batch 50/101 (50%)
  [Epoch 120] Batch 100/101 (99%)
[Epoch 120/700] train_loss=0.4956 val_loss=0.6793 lr=9.29e-04 (7s)
  [Epoch 121] Batch 50/101 (50%)
  [Epoch 121] Batch 100/101 (99%)
[Epoch 121/700] train_loss=0.4907 val_loss=0.6740 lr=9.28e-04 (7s)
  [Epoch 122] Batch 50/101 (50%)
  [Epoch 122] Batch 100/101 (99%)
[Epoch 122/700] train_loss=0.4990 val_loss=0.6681 lr=9.27e-04 (7s)
  [Epoch 123] Batch 50/101 (50%)
  [Epoch 123] Batch 100/101 (99%)
[Epoch 123/700] train_loss=0.4889 val_loss=0.6348 lr=9.26e-04 (7s)
  [Epoch 124] Batch 50/101 (50%)
  [Epoch 124] Batch 100/101 (99%)
[Epoch 124/700] train_loss=0.4997 val_loss=0.6423 lr=9.25e-04 (7s)
  [Epoch 125] Batch 50/101 (50%)
  [Epoch 125] Batch 100/101 (99%)
[Epoch 125/700] train_loss=0.5032 val_loss=0.6378 lr=9.23e-04 (7s)
  [Epoch 126] Batch 50/101 (50%)
  [Epoch 126] Batch 100/101 (99%)
[Epoch 126/700] train_loss=0.4996 val_loss=0.6546 lr=9.22e-04 (7s)
  [Epoch 127] Batch 50/101 (50%)
  [Epoch 127] Batch 100/101 (99%)
[Epoch 127/700] train_loss=0.4891 val_loss=0.6293 lr=9.21e-04 (7s)
  [Epoch 128] Batch 50/101 (50%)
  [Epoch 128] Batch 100/101 (99%)
[Epoch 128/700] train_loss=0.4857 val_loss=0.6139 lr=9.20e-04 (7s)
  [Epoch 129] Batch 50/101 (50%)
  [Epoch 129] Batch 100/101 (99%)
[Epoch 129/700] train_loss=0.4953 val_loss=0.6619 lr=9.19e-04 (7s)
  [Epoch 130] Batch 50/101 (50%)
  [Epoch 130] Batch 100/101 (99%)
[Epoch 130/700] train_loss=0.5016 val_loss=0.6029 lr=9.17e-04 (7s)
  [Epoch 131] Batch 50/101 (50%)
  [Epoch 131] Batch 100/101 (99%)
[Epoch 131/700] train_loss=0.4854 val_loss=0.6198 lr=9.16e-04 (7s)
  [Epoch 132] Batch 50/101 (50%)
  [Epoch 132] Batch 100/101 (99%)
[Epoch 132/700] train_loss=0.4793 val_loss=0.6586 lr=9.15e-04 (7s)
  [Epoch 133] Batch 50/101 (50%)
  [Epoch 133] Batch 100/101 (99%)
[Epoch 133/700] train_loss=0.4937 val_loss=0.5940 lr=9.14e-04 (7s)
  [Epoch 134] Batch 50/101 (50%)
  [Epoch 134] Batch 100/101 (99%)
[Epoch 134/700] train_loss=0.4924 val_loss=0.6533 lr=9.12e-04 (7s)
  [Epoch 135] Batch 50/101 (50%)
  [Epoch 135] Batch 100/101 (99%)
[Epoch 135/700] train_loss=0.4952 val_loss=0.6363 lr=9.11e-04 (7s)
  [Epoch 136] Batch 50/101 (50%)
  [Epoch 136] Batch 100/101 (99%)
[Epoch 136/700] train_loss=0.4878 val_loss=0.6373 lr=9.10e-04 (7s)
  [Epoch 137] Batch 50/101 (50%)
  [Epoch 137] Batch 100/101 (99%)
[Epoch 137/700] train_loss=0.4798 val_loss=0.6181 lr=9.08e-04 (7s)
  [Epoch 138] Batch 50/101 (50%)
  [Epoch 138] Batch 100/101 (99%)
[Epoch 138/700] train_loss=0.4858 val_loss=0.6473 lr=9.07e-04 (7s)
  [Epoch 139] Batch 50/101 (50%)
  [Epoch 139] Batch 100/101 (99%)
[Epoch 139/700] train_loss=0.4979 val_loss=0.6229 lr=9.06e-04 (7s)
  [Epoch 140] Batch 50/101 (50%)
  [Epoch 140] Batch 100/101 (99%)
[Epoch 140/700] train_loss=0.5039 val_loss=0.6547 lr=9.05e-04 (7s)
  [Epoch 141] Batch 50/101 (50%)
  [Epoch 141] Batch 100/101 (99%)
[Epoch 141/700] train_loss=0.4816 val_loss=0.6336 lr=9.03e-04 (7s)
  [Epoch 142] Batch 50/101 (50%)
  [Epoch 142] Batch 100/101 (99%)
[Epoch 142/700] train_loss=0.4883 val_loss=0.6287 lr=9.02e-04 (7s)
  [Epoch 143] Batch 50/101 (50%)
  [Epoch 143] Batch 100/101 (99%)
[Epoch 143/700] train_loss=0.4819 val_loss=0.6069 lr=9.01e-04 (7s)
  [Epoch 144] Batch 50/101 (50%)
  [Epoch 144] Batch 100/101 (99%)
[Epoch 144/700] train_loss=0.4865 val_loss=0.6141 lr=8.99e-04 (7s)
  [Epoch 145] Batch 50/101 (50%)
  [Epoch 145] Batch 100/101 (99%)
[Epoch 145/700] train_loss=0.4830 val_loss=0.6431 lr=8.98e-04 (7s)
  [Epoch 146] Batch 50/101 (50%)
  [Epoch 146] Batch 100/101 (99%)
[Epoch 146/700] train_loss=0.4770 val_loss=0.6346 lr=8.96e-04 (7s)
  [Epoch 147] Batch 50/101 (50%)
  [Epoch 147] Batch 100/101 (99%)
[Epoch 147/700] train_loss=0.4933 val_loss=0.6324 lr=8.95e-04 (7s)
  [Epoch 148] Batch 50/101 (50%)
  [Epoch 148] Batch 100/101 (99%)
[Epoch 148/700] train_loss=0.4999 val_loss=0.6470 lr=8.94e-04 (7s)
  [Epoch 149] Batch 50/101 (50%)
  [Epoch 149] Batch 100/101 (99%)
[Epoch 149/700] train_loss=0.4759 val_loss=0.6256 lr=8.92e-04 (7s)
  [Epoch 150] Batch 50/101 (50%)
  [Epoch 150] Batch 100/101 (99%)
[Epoch 150/700] train_loss=0.4731 val_loss=0.6441 lr=8.91e-04 (7s)
  [Epoch 151] Batch 50/101 (50%)
  [Epoch 151] Batch 100/101 (99%)
[Epoch 151/700] train_loss=0.4900 val_loss=0.6591 lr=8.90e-04 (7s)
  [Epoch 152] Batch 50/101 (50%)
  [Epoch 152] Batch 100/101 (99%)
[Epoch 152/700] train_loss=0.4795 val_loss=0.6455 lr=8.88e-04 (7s)
  [Epoch 153] Batch 50/101 (50%)
  [Epoch 153] Batch 100/101 (99%)
[Epoch 153/700] train_loss=0.4946 val_loss=0.6067 lr=8.87e-04 (7s)
  [Epoch 154] Batch 50/101 (50%)
  [Epoch 154] Batch 100/101 (99%)
[Epoch 154/700] train_loss=0.4823 val_loss=0.6412 lr=8.85e-04 (7s)
  [Epoch 155] Batch 50/101 (50%)
  [Epoch 155] Batch 100/101 (99%)
[Epoch 155/700] train_loss=0.4888 val_loss=0.6457 lr=8.84e-04 (7s)
  [Epoch 156] Batch 50/101 (50%)
  [Epoch 156] Batch 100/101 (99%)
[Epoch 156/700] train_loss=0.4783 val_loss=0.6240 lr=8.82e-04 (7s)
  [Epoch 157] Batch 50/101 (50%)
  [Epoch 157] Batch 100/101 (99%)
[Epoch 157/700] train_loss=0.4898 val_loss=0.6005 lr=8.81e-04 (7s)
  [Epoch 158] Batch 50/101 (50%)
  [Epoch 158] Batch 100/101 (99%)
[Epoch 158/700] train_loss=0.4924 val_loss=0.6175 lr=8.79e-04 (7s)
  [Epoch 159] Batch 50/101 (50%)
  [Epoch 159] Batch 100/101 (99%)
[Epoch 159/700] train_loss=0.4778 val_loss=0.6417 lr=8.78e-04 (7s)
  [Epoch 160] Batch 50/101 (50%)
  [Epoch 160] Batch 100/101 (99%)
[Epoch 160/700] train_loss=0.4688 val_loss=0.6297 lr=8.77e-04 (7s)
  [Epoch 161] Batch 50/101 (50%)
  [Epoch 161] Batch 100/101 (99%)
[Epoch 161/700] train_loss=0.4862 val_loss=0.6386 lr=8.75e-04 (7s)
  [Epoch 162] Batch 50/101 (50%)
  [Epoch 162] Batch 100/101 (99%)
[Epoch 162/700] train_loss=0.4770 val_loss=0.6358 lr=8.74e-04 (7s)
  [Epoch 163] Batch 50/101 (50%)
  [Epoch 163] Batch 100/101 (99%)
[Epoch 163/700] train_loss=0.4939 val_loss=0.6689 lr=8.72e-04 (7s)
  [Epoch 164] Batch 50/101 (50%)
  [Epoch 164] Batch 100/101 (99%)
[Epoch 164/700] train_loss=0.4796 val_loss=0.6503 lr=8.71e-04 (7s)
  [Epoch 165] Batch 50/101 (50%)
  [Epoch 165] Batch 100/101 (99%)
[Epoch 165/700] train_loss=0.4801 val_loss=0.6120 lr=8.69e-04 (7s)
  [Epoch 166] Batch 50/101 (50%)
  [Epoch 166] Batch 100/101 (99%)
[Epoch 166/700] train_loss=0.4850 val_loss=0.6363 lr=8.68e-04 (7s)
  [Epoch 167] Batch 50/101 (50%)
  [Epoch 167] Batch 100/101 (99%)
[Epoch 167/700] train_loss=0.4801 val_loss=0.6181 lr=8.66e-04 (7s)
  [Epoch 168] Batch 50/101 (50%)
  [Epoch 168] Batch 100/101 (99%)
[Epoch 168/700] train_loss=0.4754 val_loss=0.6085 lr=8.64e-04 (7s)
  [Epoch 169] Batch 50/101 (50%)
  [Epoch 169] Batch 100/101 (99%)
[Epoch 169/700] train_loss=0.4763 val_loss=0.6321 lr=8.63e-04 (7s)
  [Epoch 170] Batch 50/101 (50%)
  [Epoch 170] Batch 100/101 (99%)
[Epoch 170/700] train_loss=0.4806 val_loss=0.6149 lr=8.61e-04 (7s)
  [Epoch 171] Batch 50/101 (50%)
  [Epoch 171] Batch 100/101 (99%)
[Epoch 171/700] train_loss=0.4836 val_loss=0.6527 lr=8.60e-04 (7s)
  [Epoch 172] Batch 50/101 (50%)
  [Epoch 172] Batch 100/101 (99%)
[Epoch 172/700] train_loss=0.4833 val_loss=0.6360 lr=8.58e-04 (7s)
  [Epoch 173] Batch 50/101 (50%)
  [Epoch 173] Batch 100/101 (99%)
[Epoch 173/700] train_loss=0.4737 val_loss=0.6544 lr=8.57e-04 (7s)
  [Epoch 174] Batch 50/101 (50%)
  [Epoch 174] Batch 100/101 (99%)
[Epoch 174/700] train_loss=0.4695 val_loss=0.6161 lr=8.55e-04 (7s)
  [Epoch 175] Batch 50/101 (50%)
  [Epoch 175] Batch 100/101 (99%)
[Epoch 175/700] train_loss=0.4721 val_loss=0.6244 lr=8.54e-04 (7s)
  [Epoch 176] Batch 50/101 (50%)
  [Epoch 176] Batch 100/101 (99%)
[Epoch 176/700] train_loss=0.4886 val_loss=0.6528 lr=8.52e-04 (7s)
  [Epoch 177] Batch 50/101 (50%)
  [Epoch 177] Batch 100/101 (99%)
[Epoch 177/700] train_loss=0.4697 val_loss=0.6330 lr=8.50e-04 (7s)
  [Epoch 178] Batch 50/101 (50%)
  [Epoch 178] Batch 100/101 (99%)
[Epoch 178/700] train_loss=0.4770 val_loss=0.6134 lr=8.49e-04 (7s)
  [Epoch 179] Batch 50/101 (50%)
  [Epoch 179] Batch 100/101 (99%)
[Epoch 179/700] train_loss=0.4842 val_loss=0.6295 lr=8.47e-04 (7s)
  [Epoch 180] Batch 50/101 (50%)
  [Epoch 180] Batch 100/101 (99%)
[Epoch 180/700] train_loss=0.4758 val_loss=0.6282 lr=8.46e-04 (7s)
  [Epoch 181] Batch 50/101 (50%)
  [Epoch 181] Batch 100/101 (99%)
[Epoch 181/700] train_loss=0.4740 val_loss=0.6492 lr=8.44e-04 (7s)
  [Epoch 182] Batch 50/101 (50%)
  [Epoch 182] Batch 100/101 (99%)
[Epoch 182/700] train_loss=0.4794 val_loss=0.6388 lr=8.42e-04 (7s)
  [Epoch 183] Batch 50/101 (50%)
  [Epoch 183] Batch 100/101 (99%)
[Epoch 183/700] train_loss=0.4667 val_loss=0.6371 lr=8.41e-04 (7s)

[Training] Completed!

✓ Training completed!
  Final checkpoint: /public/home/xiongzhzh2023/PT4ConTSG/experiments/20260403_170059_ettm1_pt_factor_generator/checkpoints/finetune/finetune-epoch=132-val/loss=0.5940.ckpt
  Experiment: experiments/20260403_170059_ettm1_pt_factor_generator

Running automatic evaluation...
[Extracting data] Starting (0/101)...
[Extracting data] 1/101 (1%)
[Extracting data] 11/101 (11%)
[Extracting data] 21/101 (21%)
[Extracting data] 31/101 (31%)
[Extracting data] 41/101 (41%)
[Extracting data] 51/101 (50%)
[Extracting data] 61/101 (60%)
[Extracting data] 71/101 (70%)
[Extracting data] 81/101 (80%)
[Extracting data] 91/101 (90%)
[Extracting data] 101/101 (100%)
[Extracting data] Completed (101 items)
[Evaluating (generating)] Starting (0/13)...
[Evaluating (generating)] 1/13 (8%)
[Evaluating (generating)] 2/13 (15%)
[Evaluating (generating)] 3/13 (23%)
[Evaluating (generating)] 4/13 (31%)
[Evaluating (generating)] 6/13 (46%)
[Evaluating (generating)] 7/13 (54%)
[Evaluating (generating)] 8/13 (62%)
[Evaluating (generating)] 10/13 (77%)
[Evaluating (generating)] 11/13 (85%)
[Evaluating (generating)] 12/13 (92%)
[Evaluating (generating)] 13/13 (100%)
[Evaluating (generating)] Completed (13 items)
Evaluation results saved to: experiments/20260403_170059_ettm1_pt_factor_generator/results/eval_results.json
          Evaluation Results           
┏━━━━━━━━━━━━━━━━━━━━━━━━━┳━━━━━━━━━━━┓
┃ Metric                  ┃     Value ┃
┡━━━━━━━━━━━━━━━━━━━━━━━━━╇━━━━━━━━━━━┩
│ dtw                     │  6.945494 │
│ wape                    │ 94.181931 │
│ ed                      │  8.348854 │
│ crps                    │  0.461888 │
│ acd                     │  0.047289 │
│ sd                      │  0.739053 │
│ kd                      │  0.021489 │
│ mdd                     │  0.014783 │
│ fid                     │ 10.171606 │
│ jftsd                   │ 10.571518 │
│ cttp                    │  3.050665 │
│ disc_auc                │  0.828383 │
│ prdc_f1.f1              │  0.679351 │
│ prdc_f1.precision       │  0.678727 │
│ prdc_f1.recall          │  0.679975 │
│ joint_prdc_f1.f1        │  0.756548 │
│ joint_prdc_f1.precision │  0.781659 │
│ joint_prdc_f1.recall    │  0.733001 │
└─────────────────────────┴───────────┘
