Loading config from: configs/generators/ptfg_istanbul_traffic.yaml
Model schema mode: relaxed (no model-specific schema for 'pt_factor_generator')
         Configuration Summary         
┌───────────────┬─────────────────────┐
│ Dataset       │ istanbul_traffic    │
│ Model         │ pt_factor_generator │
│ Epochs        │ 700                 │
│ Batch Size    │ 128                 │
│ Learning Rate │ 0.001               │
│ Device        │ cuda:0              │
│ Seed          │ 42                  │
└───────────────┴─────────────────────┘

Experiment directory: experiments/20260403_171021_istanbul_traffic_pt_factor_generator

Model: pt_factor_generator
Creating data module: istanbul_traffic

Starting multi-stage training (1 stage(s))...
  Stage 1: finetune (700 epochs, lr=0.001)
┏━━━┳━━━━━━━━━━━━━━┳━━━━━━━━━━━━━━━━━━━━━━━━┳━━━━━━━━┳━━━━━━━┳━━━━━━━┓
┃   ┃ Name         ┃ Type                   ┃ Params ┃ Mode  ┃ FLOPs ┃
┡━━━╇━━━━━━━━━━━━━━╇━━━━━━━━━━━━━━━━━━━━━━━━╇━━━━━━━━╇━━━━━━━╇━━━━━━━┩
│ 0 │ net          │ PTFactorNoisePredictor │  5.3 M │ train │     0 │
│   │ other params │ n/a                    │  1.0 K │ n/a   │   n/a │
└───┴──────────────┴────────────────────────┴────────┴───────┴───────┘
Trainable params: 5.3 M                                                                                                                                                                                       
Non-trainable params: 0                                                                                                                                                                                       
Total params: 5.3 M                                                                                                                                                                                           
Total estimated model params size (MB): 21                                                                                                                                                                    
Modules in train mode: 195                                                                                                                                                                                    
Modules in eval mode: 0                                                                                                                                                                                       
Total FLOPs: 0                                                                                                                                                                                                

[Training] Starting 700 epochs...
  [Epoch 1] Batch 50/199 (25%)
  [Epoch 1] Batch 100/199 (50%)
  [Epoch 1] Batch 150/199 (75%)
[Epoch 1/700] train_loss=0.9868 val_loss=0.6337 lr=1.00e-03 (17s)
  [Epoch 2] Batch 50/199 (25%)
  [Epoch 2] Batch 100/199 (50%)
  [Epoch 2] Batch 150/199 (75%)
[Epoch 2/700] train_loss=0.5861 val_loss=0.5994 lr=1.00e-03 (15s)
  [Epoch 3] Batch 50/199 (25%)
  [Epoch 3] Batch 100/199 (50%)
  [Epoch 3] Batch 150/199 (75%)
[Epoch 3/700] train_loss=0.4958 val_loss=0.4834 lr=1.00e-03 (13s)
  [Epoch 4] Batch 50/199 (25%)
  [Epoch 4] Batch 100/199 (50%)
  [Epoch 4] Batch 150/199 (75%)
[Epoch 4/700] train_loss=0.4283 val_loss=0.5165 lr=1.00e-03 (14s)
  [Epoch 5] Batch 50/199 (25%)
  [Epoch 5] Batch 100/199 (50%)
  [Epoch 5] Batch 150/199 (75%)
[Epoch 5/700] train_loss=0.3962 val_loss=0.4295 lr=1.00e-03 (13s)
  [Epoch 6] Batch 50/199 (25%)
  [Epoch 6] Batch 100/199 (50%)
  [Epoch 6] Batch 150/199 (75%)
[Epoch 6/700] train_loss=0.3746 val_loss=0.4014 lr=1.00e-03 (14s)
  [Epoch 7] Batch 50/199 (25%)
  [Epoch 7] Batch 100/199 (50%)
  [Epoch 7] Batch 150/199 (75%)
[Epoch 7/700] train_loss=0.3517 val_loss=0.3799 lr=1.00e-03 (14s)
  [Epoch 8] Batch 50/199 (25%)
  [Epoch 8] Batch 100/199 (50%)
  [Epoch 8] Batch 150/199 (75%)
[Epoch 8/700] train_loss=0.3381 val_loss=0.3715 lr=1.00e-03 (13s)
  [Epoch 9] Batch 50/199 (25%)
  [Epoch 9] Batch 100/199 (50%)
  [Epoch 9] Batch 150/199 (75%)
[Epoch 9/700] train_loss=0.3280 val_loss=0.3494 lr=1.00e-03 (13s)
  [Epoch 10] Batch 50/199 (25%)
  [Epoch 10] Batch 100/199 (50%)
  [Epoch 10] Batch 150/199 (75%)
[Epoch 10/700] train_loss=0.3223 val_loss=0.3954 lr=9.99e-04 (13s)
  [Epoch 11] Batch 50/199 (25%)
  [Epoch 11] Batch 100/199 (50%)
  [Epoch 11] Batch 150/199 (75%)
[Epoch 11/700] train_loss=0.3046 val_loss=0.3543 lr=9.99e-04 (13s)
  [Epoch 12] Batch 50/199 (25%)
  [Epoch 12] Batch 100/199 (50%)
  [Epoch 12] Batch 150/199 (75%)
[Epoch 12/700] train_loss=0.3025 val_loss=0.3384 lr=9.99e-04 (14s)
  [Epoch 13] Batch 50/199 (25%)
  [Epoch 13] Batch 100/199 (50%)
  [Epoch 13] Batch 150/199 (75%)
[Epoch 13/700] train_loss=0.2977 val_loss=0.3252 lr=9.99e-04 (14s)
  [Epoch 14] Batch 50/199 (25%)
  [Epoch 14] Batch 100/199 (50%)
  [Epoch 14] Batch 150/199 (75%)
[Epoch 14/700] train_loss=0.2927 val_loss=0.3156 lr=9.99e-04 (14s)
  [Epoch 15] Batch 50/199 (25%)
  [Epoch 15] Batch 100/199 (50%)
  [Epoch 15] Batch 150/199 (75%)
[Epoch 15/700] train_loss=0.2882 val_loss=0.3564 lr=9.99e-04 (13s)
  [Epoch 16] Batch 50/199 (25%)
  [Epoch 16] Batch 100/199 (50%)
  [Epoch 16] Batch 150/199 (75%)
[Epoch 16/700] train_loss=0.2915 val_loss=0.3553 lr=9.99e-04 (14s)
  [Epoch 17] Batch 50/199 (25%)
  [Epoch 17] Batch 100/199 (50%)
  [Epoch 17] Batch 150/199 (75%)
[Epoch 17/700] train_loss=0.2801 val_loss=0.3193 lr=9.99e-04 (13s)
  [Epoch 18] Batch 50/199 (25%)
  [Epoch 18] Batch 100/199 (50%)
  [Epoch 18] Batch 150/199 (75%)
[Epoch 18/700] train_loss=0.2724 val_loss=0.3079 lr=9.98e-04 (15s)
  [Epoch 19] Batch 50/199 (25%)
  [Epoch 19] Batch 100/199 (50%)
  [Epoch 19] Batch 150/199 (75%)
[Epoch 19/700] train_loss=0.2682 val_loss=0.2967 lr=9.98e-04 (14s)
  [Epoch 20] Batch 50/199 (25%)
  [Epoch 20] Batch 100/199 (50%)
  [Epoch 20] Batch 150/199 (75%)
[Epoch 20/700] train_loss=0.2717 val_loss=0.3609 lr=9.98e-04 (15s)
  [Epoch 21] Batch 50/199 (25%)
  [Epoch 21] Batch 100/199 (50%)
  [Epoch 21] Batch 150/199 (75%)
[Epoch 21/700] train_loss=0.2716 val_loss=0.3042 lr=9.98e-04 (14s)
  [Epoch 22] Batch 50/199 (25%)
  [Epoch 22] Batch 100/199 (50%)
  [Epoch 22] Batch 150/199 (75%)
[Epoch 22/700] train_loss=0.2579 val_loss=0.3146 lr=9.98e-04 (13s)
  [Epoch 23] Batch 50/199 (25%)
  [Epoch 23] Batch 100/199 (50%)
  [Epoch 23] Batch 150/199 (75%)
[Epoch 23/700] train_loss=0.2691 val_loss=0.3020 lr=9.97e-04 (13s)
  [Epoch 24] Batch 50/199 (25%)
  [Epoch 24] Batch 100/199 (50%)
  [Epoch 24] Batch 150/199 (75%)
[Epoch 24/700] train_loss=0.2657 val_loss=0.3116 lr=9.97e-04 (13s)
  [Epoch 25] Batch 50/199 (25%)
  [Epoch 25] Batch 100/199 (50%)
  [Epoch 25] Batch 150/199 (75%)
[Epoch 25/700] train_loss=0.2604 val_loss=0.2871 lr=9.97e-04 (15s)
  [Epoch 26] Batch 50/199 (25%)
  [Epoch 26] Batch 100/199 (50%)
  [Epoch 26] Batch 150/199 (75%)
[Epoch 26/700] train_loss=0.2610 val_loss=0.2832 lr=9.97e-04 (14s)
  [Epoch 27] Batch 50/199 (25%)
  [Epoch 27] Batch 100/199 (50%)
  [Epoch 27] Batch 150/199 (75%)
[Epoch 27/700] train_loss=0.2565 val_loss=0.2825 lr=9.96e-04 (14s)
  [Epoch 28] Batch 50/199 (25%)
  [Epoch 28] Batch 100/199 (50%)
  [Epoch 28] Batch 150/199 (75%)
[Epoch 28/700] train_loss=0.2567 val_loss=0.2960 lr=9.96e-04 (14s)
  [Epoch 29] Batch 50/199 (25%)
  [Epoch 29] Batch 100/199 (50%)
  [Epoch 29] Batch 150/199 (75%)
[Epoch 29/700] train_loss=0.2536 val_loss=0.2898 lr=9.96e-04 (13s)
  [Epoch 30] Batch 50/199 (25%)
  [Epoch 30] Batch 100/199 (50%)
  [Epoch 30] Batch 150/199 (75%)
[Epoch 30/700] train_loss=0.2515 val_loss=0.2845 lr=9.95e-04 (13s)
  [Epoch 31] Batch 50/199 (25%)
  [Epoch 31] Batch 100/199 (50%)
  [Epoch 31] Batch 150/199 (75%)
[Epoch 31/700] train_loss=0.2509 val_loss=0.2970 lr=9.95e-04 (13s)
  [Epoch 32] Batch 50/199 (25%)
  [Epoch 32] Batch 100/199 (50%)
  [Epoch 32] Batch 150/199 (75%)
[Epoch 32/700] train_loss=0.2472 val_loss=0.3148 lr=9.95e-04 (13s)
  [Epoch 33] Batch 50/199 (25%)
  [Epoch 33] Batch 100/199 (50%)
  [Epoch 33] Batch 150/199 (75%)
[Epoch 33/700] train_loss=0.2543 val_loss=0.2851 lr=9.95e-04 (13s)
  [Epoch 34] Batch 50/199 (25%)
  [Epoch 34] Batch 100/199 (50%)
  [Epoch 34] Batch 150/199 (75%)
[Epoch 34/700] train_loss=0.2459 val_loss=0.3009 lr=9.94e-04 (13s)
  [Epoch 35] Batch 50/199 (25%)
  [Epoch 35] Batch 100/199 (50%)
  [Epoch 35] Batch 150/199 (75%)
[Epoch 35/700] train_loss=0.2435 val_loss=0.2975 lr=9.94e-04 (14s)
  [Epoch 36] Batch 50/199 (25%)
  [Epoch 36] Batch 100/199 (50%)
  [Epoch 36] Batch 150/199 (75%)
[Epoch 36/700] train_loss=0.2416 val_loss=0.2947 lr=9.93e-04 (14s)
  [Epoch 37] Batch 50/199 (25%)
  [Epoch 37] Batch 100/199 (50%)
  [Epoch 37] Batch 150/199 (75%)
[Epoch 37/700] train_loss=0.2458 val_loss=0.2963 lr=9.93e-04 (14s)
  [Epoch 38] Batch 50/199 (25%)
  [Epoch 38] Batch 100/199 (50%)
  [Epoch 38] Batch 150/199 (75%)
[Epoch 38/700] train_loss=0.2452 val_loss=0.2851 lr=9.93e-04 (14s)
  [Epoch 39] Batch 50/199 (25%)
  [Epoch 39] Batch 100/199 (50%)
  [Epoch 39] Batch 150/199 (75%)
[Epoch 39/700] train_loss=0.2437 val_loss=0.2789 lr=9.92e-04 (13s)
  [Epoch 40] Batch 50/199 (25%)
  [Epoch 40] Batch 100/199 (50%)
  [Epoch 40] Batch 150/199 (75%)
[Epoch 40/700] train_loss=0.2436 val_loss=0.2924 lr=9.92e-04 (13s)
  [Epoch 41] Batch 50/199 (25%)
  [Epoch 41] Batch 100/199 (50%)
  [Epoch 41] Batch 150/199 (75%)
[Epoch 41/700] train_loss=0.2417 val_loss=0.2896 lr=9.92e-04 (13s)
  [Epoch 42] Batch 50/199 (25%)
  [Epoch 42] Batch 100/199 (50%)
  [Epoch 42] Batch 150/199 (75%)
[Epoch 42/700] train_loss=0.2358 val_loss=0.2906 lr=9.91e-04 (13s)
  [Epoch 43] Batch 50/199 (25%)
  [Epoch 43] Batch 100/199 (50%)
  [Epoch 43] Batch 150/199 (75%)
[Epoch 43/700] train_loss=0.2395 val_loss=0.2716 lr=9.91e-04 (13s)
  [Epoch 44] Batch 50/199 (25%)
  [Epoch 44] Batch 100/199 (50%)
  [Epoch 44] Batch 150/199 (75%)
[Epoch 44/700] train_loss=0.2335 val_loss=0.2794 lr=9.90e-04 (14s)
  [Epoch 45] Batch 50/199 (25%)
  [Epoch 45] Batch 100/199 (50%)
  [Epoch 45] Batch 150/199 (75%)
[Epoch 45/700] train_loss=0.2353 val_loss=0.2851 lr=9.90e-04 (14s)
  [Epoch 46] Batch 50/199 (25%)
  [Epoch 46] Batch 100/199 (50%)
  [Epoch 46] Batch 150/199 (75%)
[Epoch 46/700] train_loss=0.2382 val_loss=0.2675 lr=9.89e-04 (13s)
  [Epoch 47] Batch 50/199 (25%)
  [Epoch 47] Batch 100/199 (50%)
  [Epoch 47] Batch 150/199 (75%)
[Epoch 47/700] train_loss=0.2379 val_loss=0.2735 lr=9.89e-04 (16s)
  [Epoch 48] Batch 50/199 (25%)
  [Epoch 48] Batch 100/199 (50%)
  [Epoch 48] Batch 150/199 (75%)
[Epoch 48/700] train_loss=0.2366 val_loss=0.2809 lr=9.88e-04 (14s)
  [Epoch 49] Batch 50/199 (25%)
  [Epoch 49] Batch 100/199 (50%)
  [Epoch 49] Batch 150/199 (75%)
[Epoch 49/700] train_loss=0.2345 val_loss=0.2780 lr=9.88e-04 (14s)
  [Epoch 50] Batch 50/199 (25%)
  [Epoch 50] Batch 100/199 (50%)
  [Epoch 50] Batch 150/199 (75%)
[Epoch 50/700] train_loss=0.2348 val_loss=0.2745 lr=9.87e-04 (14s)
  [Epoch 51] Batch 50/199 (25%)
  [Epoch 51] Batch 100/199 (50%)
  [Epoch 51] Batch 150/199 (75%)
[Epoch 51/700] train_loss=0.2351 val_loss=0.2852 lr=9.87e-04 (13s)
  [Epoch 52] Batch 50/199 (25%)
  [Epoch 52] Batch 100/199 (50%)
  [Epoch 52] Batch 150/199 (75%)
[Epoch 52/700] train_loss=0.2343 val_loss=0.2874 lr=9.86e-04 (15s)
  [Epoch 53] Batch 50/199 (25%)
  [Epoch 53] Batch 100/199 (50%)
  [Epoch 53] Batch 150/199 (75%)
[Epoch 53/700] train_loss=0.2355 val_loss=0.2828 lr=9.86e-04 (14s)
  [Epoch 54] Batch 50/199 (25%)
  [Epoch 54] Batch 100/199 (50%)
  [Epoch 54] Batch 150/199 (75%)
[Epoch 54/700] train_loss=0.2346 val_loss=0.2809 lr=9.85e-04 (14s)
  [Epoch 55] Batch 50/199 (25%)
  [Epoch 55] Batch 100/199 (50%)
  [Epoch 55] Batch 150/199 (75%)
[Epoch 55/700] train_loss=0.2298 val_loss=0.2800 lr=9.85e-04 (14s)
  [Epoch 56] Batch 50/199 (25%)
  [Epoch 56] Batch 100/199 (50%)
  [Epoch 56] Batch 150/199 (75%)
[Epoch 56/700] train_loss=0.2269 val_loss=0.2654 lr=9.84e-04 (14s)
  [Epoch 57] Batch 50/199 (25%)
  [Epoch 57] Batch 100/199 (50%)
  [Epoch 57] Batch 150/199 (75%)
[Epoch 57/700] train_loss=0.2289 val_loss=0.2713 lr=9.84e-04 (13s)
  [Epoch 58] Batch 50/199 (25%)
  [Epoch 58] Batch 100/199 (50%)
  [Epoch 58] Batch 150/199 (75%)
[Epoch 58/700] train_loss=0.2273 val_loss=0.2842 lr=9.83e-04 (14s)
  [Epoch 59] Batch 50/199 (25%)
  [Epoch 59] Batch 100/199 (50%)
  [Epoch 59] Batch 150/199 (75%)
[Epoch 59/700] train_loss=0.2249 val_loss=0.2677 lr=9.83e-04 (14s)
  [Epoch 60] Batch 50/199 (25%)
  [Epoch 60] Batch 100/199 (50%)
  [Epoch 60] Batch 150/199 (75%)
[Epoch 60/700] train_loss=0.2276 val_loss=0.2616 lr=9.82e-04 (14s)
  [Epoch 61] Batch 50/199 (25%)
  [Epoch 61] Batch 100/199 (50%)
  [Epoch 61] Batch 150/199 (75%)
[Epoch 61/700] train_loss=0.2295 val_loss=0.2905 lr=9.81e-04 (13s)
  [Epoch 62] Batch 50/199 (25%)
  [Epoch 62] Batch 100/199 (50%)
  [Epoch 62] Batch 150/199 (75%)
[Epoch 62/700] train_loss=0.2262 val_loss=0.2754 lr=9.81e-04 (13s)
  [Epoch 63] Batch 50/199 (25%)
  [Epoch 63] Batch 100/199 (50%)
  [Epoch 63] Batch 150/199 (75%)
[Epoch 63/700] train_loss=0.2316 val_loss=0.2722 lr=9.80e-04 (14s)
  [Epoch 64] Batch 50/199 (25%)
  [Epoch 64] Batch 100/199 (50%)
  [Epoch 64] Batch 150/199 (75%)
[Epoch 64/700] train_loss=0.2285 val_loss=0.2700 lr=9.80e-04 (13s)
  [Epoch 65] Batch 50/199 (25%)
  [Epoch 65] Batch 100/199 (50%)
  [Epoch 65] Batch 150/199 (75%)
[Epoch 65/700] train_loss=0.2240 val_loss=0.2711 lr=9.79e-04 (14s)
  [Epoch 66] Batch 50/199 (25%)
  [Epoch 66] Batch 100/199 (50%)
  [Epoch 66] Batch 150/199 (75%)
[Epoch 66/700] train_loss=0.2232 val_loss=0.2878 lr=9.78e-04 (13s)
  [Epoch 67] Batch 50/199 (25%)
  [Epoch 67] Batch 100/199 (50%)
  [Epoch 67] Batch 150/199 (75%)
[Epoch 67/700] train_loss=0.2235 val_loss=0.2680 lr=9.78e-04 (13s)
  [Epoch 68] Batch 50/199 (25%)
  [Epoch 68] Batch 100/199 (50%)
  [Epoch 68] Batch 150/199 (75%)
[Epoch 68/700] train_loss=0.2249 val_loss=0.2715 lr=9.77e-04 (13s)
  [Epoch 69] Batch 50/199 (25%)
  [Epoch 69] Batch 100/199 (50%)
  [Epoch 69] Batch 150/199 (75%)
[Epoch 69/700] train_loss=0.2213 val_loss=0.2946 lr=9.76e-04 (13s)
  [Epoch 70] Batch 50/199 (25%)
  [Epoch 70] Batch 100/199 (50%)
  [Epoch 70] Batch 150/199 (75%)
[Epoch 70/700] train_loss=0.2213 val_loss=0.2709 lr=9.76e-04 (13s)
  [Epoch 71] Batch 50/199 (25%)
  [Epoch 71] Batch 100/199 (50%)
  [Epoch 71] Batch 150/199 (75%)
[Epoch 71/700] train_loss=0.2159 val_loss=0.2852 lr=9.75e-04 (15s)
  [Epoch 72] Batch 50/199 (25%)
  [Epoch 72] Batch 100/199 (50%)
  [Epoch 72] Batch 150/199 (75%)
[Epoch 72/700] train_loss=0.2198 val_loss=0.2639 lr=9.74e-04 (14s)
  [Epoch 73] Batch 50/199 (25%)
  [Epoch 73] Batch 100/199 (50%)
  [Epoch 73] Batch 150/199 (75%)
[Epoch 73/700] train_loss=0.2188 val_loss=0.2523 lr=9.73e-04 (14s)
  [Epoch 74] Batch 50/199 (25%)
  [Epoch 74] Batch 100/199 (50%)
  [Epoch 74] Batch 150/199 (75%)
[Epoch 74/700] train_loss=0.2209 val_loss=0.2807 lr=9.73e-04 (13s)
  [Epoch 75] Batch 50/199 (25%)
  [Epoch 75] Batch 100/199 (50%)
  [Epoch 75] Batch 150/199 (75%)
[Epoch 75/700] train_loss=0.2168 val_loss=0.2699 lr=9.72e-04 (14s)
  [Epoch 76] Batch 50/199 (25%)
  [Epoch 76] Batch 100/199 (50%)
  [Epoch 76] Batch 150/199 (75%)
[Epoch 76/700] train_loss=0.2166 val_loss=0.2545 lr=9.71e-04 (14s)
  [Epoch 77] Batch 50/199 (25%)
  [Epoch 77] Batch 100/199 (50%)
  [Epoch 77] Batch 150/199 (75%)
[Epoch 77/700] train_loss=0.2187 val_loss=0.2564 lr=9.70e-04 (14s)
  [Epoch 78] Batch 50/199 (25%)
  [Epoch 78] Batch 100/199 (50%)
  [Epoch 78] Batch 150/199 (75%)
[Epoch 78/700] train_loss=0.2183 val_loss=0.2694 lr=9.70e-04 (13s)
  [Epoch 79] Batch 50/199 (25%)
  [Epoch 79] Batch 100/199 (50%)
  [Epoch 79] Batch 150/199 (75%)
[Epoch 79/700] train_loss=0.2170 val_loss=0.2613 lr=9.69e-04 (13s)
  [Epoch 80] Batch 50/199 (25%)
  [Epoch 80] Batch 100/199 (50%)
  [Epoch 80] Batch 150/199 (75%)
[Epoch 80/700] train_loss=0.2178 val_loss=0.2635 lr=9.68e-04 (15s)
  [Epoch 81] Batch 50/199 (25%)
  [Epoch 81] Batch 100/199 (50%)
  [Epoch 81] Batch 150/199 (75%)
[Epoch 81/700] train_loss=0.2176 val_loss=0.2620 lr=9.67e-04 (14s)
  [Epoch 82] Batch 50/199 (25%)
  [Epoch 82] Batch 100/199 (50%)
  [Epoch 82] Batch 150/199 (75%)
[Epoch 82/700] train_loss=0.2164 val_loss=0.2588 lr=9.67e-04 (13s)
  [Epoch 83] Batch 50/199 (25%)
  [Epoch 83] Batch 100/199 (50%)
  [Epoch 83] Batch 150/199 (75%)
[Epoch 83/700] train_loss=0.2172 val_loss=0.2549 lr=9.66e-04 (14s)
  [Epoch 84] Batch 50/199 (25%)
  [Epoch 84] Batch 100/199 (50%)
  [Epoch 84] Batch 150/199 (75%)
[Epoch 84/700] train_loss=0.2126 val_loss=0.2550 lr=9.65e-04 (13s)
  [Epoch 85] Batch 50/199 (25%)
  [Epoch 85] Batch 100/199 (50%)
  [Epoch 85] Batch 150/199 (75%)
[Epoch 85/700] train_loss=0.2139 val_loss=0.2654 lr=9.64e-04 (14s)
  [Epoch 86] Batch 50/199 (25%)
  [Epoch 86] Batch 100/199 (50%)
  [Epoch 86] Batch 150/199 (75%)
[Epoch 86/700] train_loss=0.2156 val_loss=0.2850 lr=9.63e-04 (13s)
  [Epoch 87] Batch 50/199 (25%)
  [Epoch 87] Batch 100/199 (50%)
  [Epoch 87] Batch 150/199 (75%)
[Epoch 87/700] train_loss=0.2181 val_loss=0.2621 lr=9.62e-04 (13s)
  [Epoch 88] Batch 50/199 (25%)
  [Epoch 88] Batch 100/199 (50%)
  [Epoch 88] Batch 150/199 (75%)
[Epoch 88/700] train_loss=0.2177 val_loss=0.2700 lr=9.62e-04 (13s)
  [Epoch 89] Batch 50/199 (25%)
  [Epoch 89] Batch 100/199 (50%)
  [Epoch 89] Batch 150/199 (75%)
[Epoch 89/700] train_loss=0.2134 val_loss=0.2607 lr=9.61e-04 (13s)
  [Epoch 90] Batch 50/199 (25%)
  [Epoch 90] Batch 100/199 (50%)
  [Epoch 90] Batch 150/199 (75%)
[Epoch 90/700] train_loss=0.2174 val_loss=0.2808 lr=9.60e-04 (14s)
  [Epoch 91] Batch 50/199 (25%)
  [Epoch 91] Batch 100/199 (50%)
  [Epoch 91] Batch 150/199 (75%)
[Epoch 91/700] train_loss=0.2122 val_loss=0.2611 lr=9.59e-04 (14s)
  [Epoch 92] Batch 50/199 (25%)
  [Epoch 92] Batch 100/199 (50%)
  [Epoch 92] Batch 150/199 (75%)
[Epoch 92/700] train_loss=0.2131 val_loss=0.2496 lr=9.58e-04 (14s)
  [Epoch 93] Batch 50/199 (25%)
  [Epoch 93] Batch 100/199 (50%)
  [Epoch 93] Batch 150/199 (75%)
[Epoch 93/700] train_loss=0.2131 val_loss=0.2473 lr=9.57e-04 (15s)
  [Epoch 94] Batch 50/199 (25%)
  [Epoch 94] Batch 100/199 (50%)
  [Epoch 94] Batch 150/199 (75%)
[Epoch 94/700] train_loss=0.2165 val_loss=0.2774 lr=9.56e-04 (14s)
  [Epoch 95] Batch 50/199 (25%)
  [Epoch 95] Batch 100/199 (50%)
  [Epoch 95] Batch 150/199 (75%)
[Epoch 95/700] train_loss=0.2110 val_loss=0.2674 lr=9.55e-04 (14s)
  [Epoch 96] Batch 50/199 (25%)
  [Epoch 96] Batch 100/199 (50%)
  [Epoch 96] Batch 150/199 (75%)
[Epoch 96/700] train_loss=0.2143 val_loss=0.2654 lr=9.54e-04 (14s)
  [Epoch 97] Batch 50/199 (25%)
  [Epoch 97] Batch 100/199 (50%)
  [Epoch 97] Batch 150/199 (75%)
[Epoch 97/700] train_loss=0.2140 val_loss=0.2595 lr=9.53e-04 (14s)
  [Epoch 98] Batch 50/199 (25%)
  [Epoch 98] Batch 100/199 (50%)
  [Epoch 98] Batch 150/199 (75%)
[Epoch 98/700] train_loss=0.2100 val_loss=0.2583 lr=9.52e-04 (15s)
  [Epoch 99] Batch 50/199 (25%)
  [Epoch 99] Batch 100/199 (50%)
  [Epoch 99] Batch 150/199 (75%)
[Epoch 99/700] train_loss=0.2126 val_loss=0.2590 lr=9.51e-04 (15s)
  [Epoch 100] Batch 50/199 (25%)
  [Epoch 100] Batch 100/199 (50%)
  [Epoch 100] Batch 150/199 (75%)
[Epoch 100/700] train_loss=0.2121 val_loss=0.2480 lr=9.50e-04 (13s)
  [Epoch 101] Batch 50/199 (25%)
  [Epoch 101] Batch 100/199 (50%)
  [Epoch 101] Batch 150/199 (75%)
[Epoch 101/700] train_loss=0.2134 val_loss=0.2529 lr=9.50e-04 (13s)
  [Epoch 102] Batch 50/199 (25%)
  [Epoch 102] Batch 100/199 (50%)
  [Epoch 102] Batch 150/199 (75%)
[Epoch 102/700] train_loss=0.2074 val_loss=0.2682 lr=9.49e-04 (14s)
  [Epoch 103] Batch 50/199 (25%)
  [Epoch 103] Batch 100/199 (50%)
  [Epoch 103] Batch 150/199 (75%)
[Epoch 103/700] train_loss=0.2176 val_loss=0.2621 lr=9.48e-04 (14s)
  [Epoch 104] Batch 50/199 (25%)
  [Epoch 104] Batch 100/199 (50%)
  [Epoch 104] Batch 150/199 (75%)
[Epoch 104/700] train_loss=0.2119 val_loss=0.2542 lr=9.47e-04 (14s)
  [Epoch 105] Batch 50/199 (25%)
  [Epoch 105] Batch 100/199 (50%)
  [Epoch 105] Batch 150/199 (75%)
[Epoch 105/700] train_loss=0.2106 val_loss=0.2558 lr=9.46e-04 (14s)
  [Epoch 106] Batch 50/199 (25%)
  [Epoch 106] Batch 100/199 (50%)
  [Epoch 106] Batch 150/199 (75%)
[Epoch 106/700] train_loss=0.2082 val_loss=0.2535 lr=9.44e-04 (14s)
  [Epoch 107] Batch 50/199 (25%)
  [Epoch 107] Batch 100/199 (50%)
  [Epoch 107] Batch 150/199 (75%)
[Epoch 107/700] train_loss=0.2082 val_loss=0.2523 lr=9.43e-04 (14s)
  [Epoch 108] Batch 50/199 (25%)
  [Epoch 108] Batch 100/199 (50%)
  [Epoch 108] Batch 150/199 (75%)
[Epoch 108/700] train_loss=0.2119 val_loss=0.2738 lr=9.42e-04 (14s)
  [Epoch 109] Batch 50/199 (25%)
  [Epoch 109] Batch 100/199 (50%)
  [Epoch 109] Batch 150/199 (75%)
[Epoch 109/700] train_loss=0.2084 val_loss=0.2487 lr=9.41e-04 (14s)
  [Epoch 110] Batch 50/199 (25%)
  [Epoch 110] Batch 100/199 (50%)
  [Epoch 110] Batch 150/199 (75%)
[Epoch 110/700] train_loss=0.2030 val_loss=0.2465 lr=9.40e-04 (14s)
  [Epoch 111] Batch 50/199 (25%)
  [Epoch 111] Batch 100/199 (50%)
  [Epoch 111] Batch 150/199 (75%)
[Epoch 111/700] train_loss=0.2055 val_loss=0.2622 lr=9.39e-04 (14s)
  [Epoch 112] Batch 50/199 (25%)
  [Epoch 112] Batch 100/199 (50%)
  [Epoch 112] Batch 150/199 (75%)
[Epoch 112/700] train_loss=0.2093 val_loss=0.2481 lr=9.38e-04 (14s)
  [Epoch 113] Batch 50/199 (25%)
  [Epoch 113] Batch 100/199 (50%)
  [Epoch 113] Batch 150/199 (75%)
[Epoch 113/700] train_loss=0.2061 val_loss=0.2689 lr=9.37e-04 (14s)
  [Epoch 114] Batch 50/199 (25%)
  [Epoch 114] Batch 100/199 (50%)
  [Epoch 114] Batch 150/199 (75%)
[Epoch 114/700] train_loss=0.2042 val_loss=0.2530 lr=9.36e-04 (14s)
  [Epoch 115] Batch 50/199 (25%)
  [Epoch 115] Batch 100/199 (50%)
  [Epoch 115] Batch 150/199 (75%)
[Epoch 115/700] train_loss=0.2092 val_loss=0.2597 lr=9.35e-04 (14s)
  [Epoch 116] Batch 50/199 (25%)
  [Epoch 116] Batch 100/199 (50%)
  [Epoch 116] Batch 150/199 (75%)
[Epoch 116/700] train_loss=0.2047 val_loss=0.2444 lr=9.34e-04 (14s)
  [Epoch 117] Batch 50/199 (25%)
  [Epoch 117] Batch 100/199 (50%)
  [Epoch 117] Batch 150/199 (75%)
[Epoch 117/700] train_loss=0.2015 val_loss=0.2589 lr=9.33e-04 (14s)
  [Epoch 118] Batch 50/199 (25%)
  [Epoch 118] Batch 100/199 (50%)
  [Epoch 118] Batch 150/199 (75%)
[Epoch 118/700] train_loss=0.2074 val_loss=0.2378 lr=9.32e-04 (13s)
  [Epoch 119] Batch 50/199 (25%)
  [Epoch 119] Batch 100/199 (50%)
  [Epoch 119] Batch 150/199 (75%)
[Epoch 119/700] train_loss=0.2064 val_loss=0.2538 lr=9.30e-04 (14s)
  [Epoch 120] Batch 50/199 (25%)
  [Epoch 120] Batch 100/199 (50%)
  [Epoch 120] Batch 150/199 (75%)
[Epoch 120/700] train_loss=0.2068 val_loss=0.2676 lr=9.29e-04 (14s)
  [Epoch 121] Batch 50/199 (25%)
  [Epoch 121] Batch 100/199 (50%)
  [Epoch 121] Batch 150/199 (75%)
[Epoch 121/700] train_loss=0.2062 val_loss=0.2504 lr=9.28e-04 (14s)
  [Epoch 122] Batch 50/199 (25%)
  [Epoch 122] Batch 100/199 (50%)
  [Epoch 122] Batch 150/199 (75%)
[Epoch 122/700] train_loss=0.2050 val_loss=0.2692 lr=9.27e-04 (14s)
  [Epoch 123] Batch 50/199 (25%)
  [Epoch 123] Batch 100/199 (50%)
  [Epoch 123] Batch 150/199 (75%)
[Epoch 123/700] train_loss=0.2071 val_loss=0.2436 lr=9.26e-04 (14s)
  [Epoch 124] Batch 50/199 (25%)
  [Epoch 124] Batch 100/199 (50%)
  [Epoch 124] Batch 150/199 (75%)
[Epoch 124/700] train_loss=0.2030 val_loss=0.2567 lr=9.25e-04 (14s)
  [Epoch 125] Batch 50/199 (25%)
  [Epoch 125] Batch 100/199 (50%)
  [Epoch 125] Batch 150/199 (75%)
[Epoch 125/700] train_loss=0.2049 val_loss=0.2602 lr=9.23e-04 (14s)
  [Epoch 126] Batch 50/199 (25%)
  [Epoch 126] Batch 100/199 (50%)
  [Epoch 126] Batch 150/199 (75%)
[Epoch 126/700] train_loss=0.2086 val_loss=0.2506 lr=9.22e-04 (14s)
  [Epoch 127] Batch 50/199 (25%)
  [Epoch 127] Batch 100/199 (50%)
  [Epoch 127] Batch 150/199 (75%)
[Epoch 127/700] train_loss=0.2059 val_loss=0.2575 lr=9.21e-04 (14s)
  [Epoch 128] Batch 50/199 (25%)
  [Epoch 128] Batch 100/199 (50%)
  [Epoch 128] Batch 150/199 (75%)
[Epoch 128/700] train_loss=0.2028 val_loss=0.2566 lr=9.20e-04 (13s)
  [Epoch 129] Batch 50/199 (25%)
  [Epoch 129] Batch 100/199 (50%)
  [Epoch 129] Batch 150/199 (75%)
[Epoch 129/700] train_loss=0.2051 val_loss=0.2674 lr=9.19e-04 (13s)
  [Epoch 130] Batch 50/199 (25%)
  [Epoch 130] Batch 100/199 (50%)
  [Epoch 130] Batch 150/199 (75%)
[Epoch 130/700] train_loss=0.2037 val_loss=0.2548 lr=9.17e-04 (13s)
  [Epoch 131] Batch 50/199 (25%)
  [Epoch 131] Batch 100/199 (50%)
  [Epoch 131] Batch 150/199 (75%)
[Epoch 131/700] train_loss=0.2018 val_loss=0.2600 lr=9.16e-04 (13s)
  [Epoch 132] Batch 50/199 (25%)
  [Epoch 132] Batch 100/199 (50%)
  [Epoch 132] Batch 150/199 (75%)
[Epoch 132/700] train_loss=0.2029 val_loss=0.2541 lr=9.15e-04 (14s)
  [Epoch 133] Batch 50/199 (25%)
  [Epoch 133] Batch 100/199 (50%)
  [Epoch 133] Batch 150/199 (75%)
[Epoch 133/700] train_loss=0.2046 val_loss=0.2570 lr=9.14e-04 (14s)
  [Epoch 134] Batch 50/199 (25%)
  [Epoch 134] Batch 100/199 (50%)
  [Epoch 134] Batch 150/199 (75%)
[Epoch 134/700] train_loss=0.2016 val_loss=0.2544 lr=9.12e-04 (13s)
  [Epoch 135] Batch 50/199 (25%)
  [Epoch 135] Batch 100/199 (50%)
  [Epoch 135] Batch 150/199 (75%)
[Epoch 135/700] train_loss=0.1993 val_loss=0.2523 lr=9.11e-04 (14s)
  [Epoch 136] Batch 50/199 (25%)
  [Epoch 136] Batch 100/199 (50%)
  [Epoch 136] Batch 150/199 (75%)
[Epoch 136/700] train_loss=0.2004 val_loss=0.2601 lr=9.10e-04 (14s)
  [Epoch 137] Batch 50/199 (25%)
  [Epoch 137] Batch 100/199 (50%)
  [Epoch 137] Batch 150/199 (75%)
[Epoch 137/700] train_loss=0.2088 val_loss=0.2530 lr=9.08e-04 (13s)
  [Epoch 138] Batch 50/199 (25%)
  [Epoch 138] Batch 100/199 (50%)
  [Epoch 138] Batch 150/199 (75%)
[Epoch 138/700] train_loss=0.2043 val_loss=0.2483 lr=9.07e-04 (13s)
  [Epoch 139] Batch 50/199 (25%)
  [Epoch 139] Batch 100/199 (50%)
  [Epoch 139] Batch 150/199 (75%)
[Epoch 139/700] train_loss=0.2016 val_loss=0.2489 lr=9.06e-04 (13s)
  [Epoch 140] Batch 50/199 (25%)
  [Epoch 140] Batch 100/199 (50%)
  [Epoch 140] Batch 150/199 (75%)
[Epoch 140/700] train_loss=0.2001 val_loss=0.2465 lr=9.05e-04 (13s)
  [Epoch 141] Batch 50/199 (25%)
  [Epoch 141] Batch 100/199 (50%)
  [Epoch 141] Batch 150/199 (75%)
[Epoch 141/700] train_loss=0.2008 val_loss=0.2496 lr=9.03e-04 (13s)
  [Epoch 142] Batch 50/199 (25%)
  [Epoch 142] Batch 100/199 (50%)
  [Epoch 142] Batch 150/199 (75%)
[Epoch 142/700] train_loss=0.2027 val_loss=0.2633 lr=9.02e-04 (14s)
  [Epoch 143] Batch 50/199 (25%)
  [Epoch 143] Batch 100/199 (50%)
  [Epoch 143] Batch 150/199 (75%)
[Epoch 143/700] train_loss=0.1996 val_loss=0.2514 lr=9.01e-04 (13s)
  [Epoch 144] Batch 50/199 (25%)
  [Epoch 144] Batch 100/199 (50%)
  [Epoch 144] Batch 150/199 (75%)
[Epoch 144/700] train_loss=0.2032 val_loss=0.2576 lr=8.99e-04 (14s)
  [Epoch 145] Batch 50/199 (25%)
  [Epoch 145] Batch 100/199 (50%)
  [Epoch 145] Batch 150/199 (75%)
[Epoch 145/700] train_loss=0.2001 val_loss=0.2599 lr=8.98e-04 (14s)
  [Epoch 146] Batch 50/199 (25%)
  [Epoch 146] Batch 100/199 (50%)
  [Epoch 146] Batch 150/199 (75%)
[Epoch 146/700] train_loss=0.2005 val_loss=0.2568 lr=8.96e-04 (14s)
  [Epoch 147] Batch 50/199 (25%)
  [Epoch 147] Batch 100/199 (50%)
  [Epoch 147] Batch 150/199 (75%)
[Epoch 147/700] train_loss=0.2014 val_loss=0.2633 lr=8.95e-04 (13s)
  [Epoch 148] Batch 50/199 (25%)
  [Epoch 148] Batch 100/199 (50%)
  [Epoch 148] Batch 150/199 (75%)
[Epoch 148/700] train_loss=0.2019 val_loss=0.2566 lr=8.94e-04 (14s)
  [Epoch 149] Batch 50/199 (25%)
  [Epoch 149] Batch 100/199 (50%)
  [Epoch 149] Batch 150/199 (75%)
[Epoch 149/700] train_loss=0.2038 val_loss=0.2593 lr=8.92e-04 (14s)
  [Epoch 150] Batch 50/199 (25%)
  [Epoch 150] Batch 100/199 (50%)
  [Epoch 150] Batch 150/199 (75%)
[Epoch 150/700] train_loss=0.2006 val_loss=0.2453 lr=8.91e-04 (14s)
  [Epoch 151] Batch 50/199 (25%)
  [Epoch 151] Batch 100/199 (50%)
  [Epoch 151] Batch 150/199 (75%)
[Epoch 151/700] train_loss=0.1991 val_loss=0.2389 lr=8.90e-04 (14s)
  [Epoch 152] Batch 50/199 (25%)
  [Epoch 152] Batch 100/199 (50%)
  [Epoch 152] Batch 150/199 (75%)
[Epoch 152/700] train_loss=0.1980 val_loss=0.2569 lr=8.88e-04 (14s)
  [Epoch 153] Batch 50/199 (25%)
  [Epoch 153] Batch 100/199 (50%)
  [Epoch 153] Batch 150/199 (75%)
[Epoch 153/700] train_loss=0.1991 val_loss=0.2529 lr=8.87e-04 (14s)
  [Epoch 154] Batch 50/199 (25%)
  [Epoch 154] Batch 100/199 (50%)
  [Epoch 154] Batch 150/199 (75%)
[Epoch 154/700] train_loss=0.1961 val_loss=0.2542 lr=8.85e-04 (14s)
  [Epoch 155] Batch 50/199 (25%)
  [Epoch 155] Batch 100/199 (50%)
  [Epoch 155] Batch 150/199 (75%)
[Epoch 155/700] train_loss=0.1984 val_loss=0.2487 lr=8.84e-04 (14s)
  [Epoch 156] Batch 50/199 (25%)
  [Epoch 156] Batch 100/199 (50%)
  [Epoch 156] Batch 150/199 (75%)
[Epoch 156/700] train_loss=0.1979 val_loss=0.2532 lr=8.82e-04 (14s)
  [Epoch 157] Batch 50/199 (25%)
  [Epoch 157] Batch 100/199 (50%)
  [Epoch 157] Batch 150/199 (75%)
[Epoch 157/700] train_loss=0.1963 val_loss=0.2505 lr=8.81e-04 (14s)
  [Epoch 158] Batch 50/199 (25%)
  [Epoch 158] Batch 100/199 (50%)
  [Epoch 158] Batch 150/199 (75%)
[Epoch 158/700] train_loss=0.2004 val_loss=0.2541 lr=8.79e-04 (14s)
  [Epoch 159] Batch 50/199 (25%)
  [Epoch 159] Batch 100/199 (50%)
  [Epoch 159] Batch 150/199 (75%)
[Epoch 159/700] train_loss=0.1956 val_loss=0.2615 lr=8.78e-04 (13s)
  [Epoch 160] Batch 50/199 (25%)
  [Epoch 160] Batch 100/199 (50%)
  [Epoch 160] Batch 150/199 (75%)
[Epoch 160/700] train_loss=0.1993 val_loss=0.2423 lr=8.77e-04 (14s)
  [Epoch 161] Batch 50/199 (25%)
  [Epoch 161] Batch 100/199 (50%)
  [Epoch 161] Batch 150/199 (75%)
[Epoch 161/700] train_loss=0.1970 val_loss=0.2431 lr=8.75e-04 (13s)
  [Epoch 162] Batch 50/199 (25%)
  [Epoch 162] Batch 100/199 (50%)
  [Epoch 162] Batch 150/199 (75%)
[Epoch 162/700] train_loss=0.1962 val_loss=0.2515 lr=8.74e-04 (14s)
  [Epoch 163] Batch 50/199 (25%)
  [Epoch 163] Batch 100/199 (50%)
  [Epoch 163] Batch 150/199 (75%)
[Epoch 163/700] train_loss=0.1989 val_loss=0.2477 lr=8.72e-04 (14s)
  [Epoch 164] Batch 50/199 (25%)
  [Epoch 164] Batch 100/199 (50%)
  [Epoch 164] Batch 150/199 (75%)
[Epoch 164/700] train_loss=0.1983 val_loss=0.2410 lr=8.71e-04 (14s)
  [Epoch 165] Batch 50/199 (25%)
  [Epoch 165] Batch 100/199 (50%)
  [Epoch 165] Batch 150/199 (75%)
[Epoch 165/700] train_loss=0.1978 val_loss=0.2498 lr=8.69e-04 (14s)
  [Epoch 166] Batch 50/199 (25%)
  [Epoch 166] Batch 100/199 (50%)
  [Epoch 166] Batch 150/199 (75%)
[Epoch 166/700] train_loss=0.1955 val_loss=0.2475 lr=8.68e-04 (14s)
  [Epoch 167] Batch 50/199 (25%)
  [Epoch 167] Batch 100/199 (50%)
  [Epoch 167] Batch 150/199 (75%)
[Epoch 167/700] train_loss=0.1965 val_loss=0.2405 lr=8.66e-04 (14s)
  [Epoch 168] Batch 50/199 (25%)
  [Epoch 168] Batch 100/199 (50%)
  [Epoch 168] Batch 150/199 (75%)
[Epoch 168/700] train_loss=0.1929 val_loss=0.2436 lr=8.64e-04 (14s)

[Training] Completed!

✓ Training completed!
  Final checkpoint: /public/home/xiongzhzh2023/PT4ConTSG/experiments/20260403_171021_istanbul_traffic_pt_factor_generator/checkpoints/finetune/finetune-epoch=117-val/loss=0.2378.ckpt
  Experiment: experiments/20260403_171021_istanbul_traffic_pt_factor_generator

Running automatic evaluation...
[Extracting data] Starting (0/199)...
[Extracting data] 1/199 (1%)
[Extracting data] 20/199 (10%)
[Extracting data] 40/199 (20%)
[Extracting data] 60/199 (30%)
[Extracting data] 80/199 (40%)
[Extracting data] 100/199 (50%)
[Extracting data] 120/199 (60%)
[Extracting data] 140/199 (70%)
[Extracting data] 160/199 (80%)
[Extracting data] 180/199 (90%)
[Extracting data] 199/199 (100%)
[Extracting data] Completed (199 items)
[Evaluating (generating)] Starting (0/25)...
[Evaluating (generating)] 1/25 (4%)
[Evaluating (generating)] 3/25 (12%)
[Evaluating (generating)] 5/25 (20%)
[Evaluating (generating)] 8/25 (32%)
[Evaluating (generating)] 10/25 (40%)
[Evaluating (generating)] 13/25 (52%)
[Evaluating (generating)] 16/25 (64%)
[Evaluating (generating)] 18/25 (72%)
[Evaluating (generating)] 20/25 (80%)
[Evaluating (generating)] 23/25 (92%)
[Evaluating (generating)] 25/25 (100%)
[Evaluating (generating)] Completed (25 items)
Evaluation results saved to: experiments/20260403_171021_istanbul_traffic_pt_factor_generator/results/eval_results.json
          Evaluation Results           
┏━━━━━━━━━━━━━━━━━━━━━━━━━┳━━━━━━━━━━━┓
┃ Metric                  ┃     Value ┃
┡━━━━━━━━━━━━━━━━━━━━━━━━━╇━━━━━━━━━━━┩
│ dtw                     │  3.406319 │
│ wape                    │ 37.858047 │
│ ed                      │  4.416956 │
│ crps                    │  0.230852 │
│ acd                     │  0.038772 │
│ sd                      │  0.068892 │
│ kd                      │  0.101853 │
│ mdd                     │  0.009979 │
│ fid                     │  1.219010 │
│ jftsd                   │  1.579211 │
│ cttp                    │  4.889208 │
│ disc_auc                │  0.766083 │
│ prdc_f1.f1              │  0.846345 │
│ prdc_f1.precision       │  0.845093 │
│ prdc_f1.recall          │  0.847601 │
│ joint_prdc_f1.f1        │  0.865789 │
│ joint_prdc_f1.precision │  0.866102 │
│ joint_prdc_f1.recall    │  0.865475 │
└─────────────────────────┴───────────┘
