Loading config from: configs/generators/ptfg_synth-m.yaml
Model schema mode: relaxed (no model-specific schema for 'pt_factor_generator')
         Configuration Summary         
┌───────────────┬─────────────────────┐
│ Dataset       │ synth-m             │
│ Model         │ pt_factor_generator │
│ Epochs        │ 700                 │
│ Batch Size    │ 128                 │
│ Learning Rate │ 0.0005              │
│ Device        │ cuda:0              │
│ Seed          │ 42                  │
└───────────────┴─────────────────────┘

Experiment directory: experiments/20260330_205156_synth-m_pt_factor_generator

Model: pt_factor_generator
Creating data module: synth-m

Starting multi-stage training (1 stage(s))...
  Stage 1: finetune (700 epochs, lr=0.0005)
┏━━━┳━━━━━━━━━━━━━━┳━━━━━━━━━━━━━━━━━━━━━━━━┳━━━━━━━━┳━━━━━━━┳━━━━━━━┓
┃   ┃ Name         ┃ Type                   ┃ Params ┃ Mode  ┃ FLOPs ┃
┡━━━╇━━━━━━━━━━━━━━╇━━━━━━━━━━━━━━━━━━━━━━━━╇━━━━━━━━╇━━━━━━━╇━━━━━━━┩
│ 0 │ net          │ PTFactorNoisePredictor │  5.2 M │ train │     0 │
│   │ other params │ n/a                    │  1.0 K │ n/a   │   n/a │
└───┴──────────────┴────────────────────────┴────────┴───────┴───────┘
Trainable params: 5.2 M                                                                             
Non-trainable params: 0                                                                             
Total params: 5.2 M                                                                                 
Total estimated model params size (MB): 20                                                          
Modules in train mode: 195                                                                          
Modules in eval mode: 0                                                                             
Total FLOPs: 0                                                                                      

[Training] Starting 700 epochs...
  [Epoch 1] Batch 50/187 (27%)
  [Epoch 1] Batch 100/187 (53%)
  [Epoch 1] Batch 150/187 (80%)
[Epoch 1/700] train_loss=1.2298 val_loss=0.9903 lr=5.00e-04 (22s)
  [Epoch 2] Batch 50/187 (27%)
  [Epoch 2] Batch 100/187 (53%)
  [Epoch 2] Batch 150/187 (80%)
[Epoch 2/700] train_loss=0.9366 val_loss=0.9426 lr=5.00e-04 (14s)
  [Epoch 3] Batch 50/187 (27%)
  [Epoch 3] Batch 100/187 (53%)
  [Epoch 3] Batch 150/187 (80%)
[Epoch 3/700] train_loss=0.8864 val_loss=0.9001 lr=5.00e-04 (13s)
  [Epoch 4] Batch 50/187 (27%)
  [Epoch 4] Batch 100/187 (53%)
  [Epoch 4] Batch 150/187 (80%)
[Epoch 4/700] train_loss=0.8649 val_loss=0.8620 lr=5.00e-04 (15s)
  [Epoch 5] Batch 50/187 (27%)
  [Epoch 5] Batch 100/187 (53%)
  [Epoch 5] Batch 150/187 (80%)
[Epoch 5/700] train_loss=0.8465 val_loss=0.8400 lr=5.00e-04 (14s)
  [Epoch 6] Batch 50/187 (27%)
  [Epoch 6] Batch 100/187 (53%)
  [Epoch 6] Batch 150/187 (80%)
[Epoch 6/700] train_loss=0.8332 val_loss=0.8372 lr=5.00e-04 (13s)
  [Epoch 7] Batch 50/187 (27%)
  [Epoch 7] Batch 100/187 (53%)
  [Epoch 7] Batch 150/187 (80%)
[Epoch 7/700] train_loss=0.8231 val_loss=0.8190 lr=5.00e-04 (15s)
  [Epoch 8] Batch 50/187 (27%)
  [Epoch 8] Batch 100/187 (53%)
  [Epoch 8] Batch 150/187 (80%)
[Epoch 8/700] train_loss=0.7997 val_loss=0.8195 lr=5.00e-04 (13s)
  [Epoch 9] Batch 50/187 (27%)
  [Epoch 9] Batch 100/187 (53%)
  [Epoch 9] Batch 150/187 (80%)
[Epoch 9/700] train_loss=0.8052 val_loss=0.8063 lr=5.00e-04 (13s)
  [Epoch 10] Batch 50/187 (27%)
  [Epoch 10] Batch 100/187 (53%)
  [Epoch 10] Batch 150/187 (80%)
[Epoch 10/700] train_loss=0.7879 val_loss=0.7729 lr=5.00e-04 (15s)
  [Epoch 11] Batch 50/187 (27%)
  [Epoch 11] Batch 100/187 (53%)
  [Epoch 11] Batch 150/187 (80%)
[Epoch 11/700] train_loss=0.7828 val_loss=0.7819 lr=5.00e-04 (14s)
  [Epoch 12] Batch 50/187 (27%)
  [Epoch 12] Batch 100/187 (53%)
  [Epoch 12] Batch 150/187 (80%)
[Epoch 12/700] train_loss=0.7771 val_loss=0.7869 lr=5.00e-04 (14s)
  [Epoch 13] Batch 50/187 (27%)
  [Epoch 13] Batch 100/187 (53%)
  [Epoch 13] Batch 150/187 (80%)
[Epoch 13/700] train_loss=0.7615 val_loss=0.7543 lr=5.00e-04 (14s)
  [Epoch 14] Batch 50/187 (27%)
  [Epoch 14] Batch 100/187 (53%)
  [Epoch 14] Batch 150/187 (80%)
[Epoch 14/700] train_loss=0.7554 val_loss=0.7453 lr=5.00e-04 (13s)
  [Epoch 15] Batch 50/187 (27%)
  [Epoch 15] Batch 100/187 (53%)
  [Epoch 15] Batch 150/187 (80%)
[Epoch 15/700] train_loss=0.7381 val_loss=0.7262 lr=4.99e-04 (14s)
  [Epoch 16] Batch 50/187 (27%)
  [Epoch 16] Batch 100/187 (53%)
  [Epoch 16] Batch 150/187 (80%)
[Epoch 16/700] train_loss=0.7181 val_loss=0.7118 lr=4.99e-04 (14s)
  [Epoch 17] Batch 50/187 (27%)
  [Epoch 17] Batch 100/187 (53%)
  [Epoch 17] Batch 150/187 (80%)
[Epoch 17/700] train_loss=0.7091 val_loss=0.7071 lr=4.99e-04 (14s)
  [Epoch 18] Batch 50/187 (27%)
  [Epoch 18] Batch 100/187 (53%)
  [Epoch 18] Batch 150/187 (80%)
[Epoch 18/700] train_loss=0.7032 val_loss=0.7120 lr=4.99e-04 (15s)
  [Epoch 19] Batch 50/187 (27%)
  [Epoch 19] Batch 100/187 (53%)
  [Epoch 19] Batch 150/187 (80%)
[Epoch 19/700] train_loss=0.6984 val_loss=0.6928 lr=4.99e-04 (14s)
  [Epoch 20] Batch 50/187 (27%)
  [Epoch 20] Batch 100/187 (53%)
  [Epoch 20] Batch 150/187 (80%)
[Epoch 20/700] train_loss=0.6851 val_loss=0.6759 lr=4.99e-04 (14s)
  [Epoch 21] Batch 50/187 (27%)
  [Epoch 21] Batch 100/187 (53%)
  [Epoch 21] Batch 150/187 (80%)
[Epoch 21/700] train_loss=0.6773 val_loss=0.6785 lr=4.99e-04 (14s)
  [Epoch 22] Batch 50/187 (27%)
  [Epoch 22] Batch 100/187 (53%)
  [Epoch 22] Batch 150/187 (80%)
[Epoch 22/700] train_loss=0.6729 val_loss=0.6776 lr=4.99e-04 (14s)
  [Epoch 23] Batch 50/187 (27%)
  [Epoch 23] Batch 100/187 (53%)
  [Epoch 23] Batch 150/187 (80%)
[Epoch 23/700] train_loss=0.6609 val_loss=0.6759 lr=4.99e-04 (13s)
  [Epoch 24] Batch 50/187 (27%)
  [Epoch 24] Batch 100/187 (53%)
  [Epoch 24] Batch 150/187 (80%)
[Epoch 24/700] train_loss=0.6559 val_loss=0.6572 lr=4.99e-04 (14s)
  [Epoch 25] Batch 50/187 (27%)
  [Epoch 25] Batch 100/187 (53%)
  [Epoch 25] Batch 150/187 (80%)
[Epoch 25/700] train_loss=0.6495 val_loss=0.6566 lr=4.98e-04 (14s)
  [Epoch 26] Batch 50/187 (27%)
  [Epoch 26] Batch 100/187 (53%)
  [Epoch 26] Batch 150/187 (80%)
[Epoch 26/700] train_loss=0.6424 val_loss=0.6620 lr=4.98e-04 (14s)
  [Epoch 27] Batch 50/187 (27%)
  [Epoch 27] Batch 100/187 (53%)
  [Epoch 27] Batch 150/187 (80%)
[Epoch 27/700] train_loss=0.6373 val_loss=0.6328 lr=4.98e-04 (14s)
  [Epoch 28] Batch 50/187 (27%)
  [Epoch 28] Batch 100/187 (53%)
  [Epoch 28] Batch 150/187 (80%)
[Epoch 28/700] train_loss=0.6340 val_loss=0.6322 lr=4.98e-04 (14s)
  [Epoch 29] Batch 50/187 (27%)
  [Epoch 29] Batch 100/187 (53%)
  [Epoch 29] Batch 150/187 (80%)
[Epoch 29/700] train_loss=0.6326 val_loss=0.6423 lr=4.98e-04 (14s)
  [Epoch 30] Batch 50/187 (27%)
  [Epoch 30] Batch 100/187 (53%)
  [Epoch 30] Batch 150/187 (80%)
[Epoch 30/700] train_loss=0.6295 val_loss=0.6322 lr=4.98e-04 (14s)
  [Epoch 31] Batch 50/187 (27%)
  [Epoch 31] Batch 100/187 (53%)
  [Epoch 31] Batch 150/187 (80%)
[Epoch 31/700] train_loss=0.6243 val_loss=0.6166 lr=4.98e-04 (14s)
  [Epoch 32] Batch 50/187 (27%)
  [Epoch 32] Batch 100/187 (53%)
  [Epoch 32] Batch 150/187 (80%)
[Epoch 32/700] train_loss=0.6223 val_loss=0.6236 lr=4.97e-04 (14s)
  [Epoch 33] Batch 50/187 (27%)
  [Epoch 33] Batch 100/187 (53%)
  [Epoch 33] Batch 150/187 (80%)
[Epoch 33/700] train_loss=0.6166 val_loss=0.6310 lr=4.97e-04 (14s)
  [Epoch 34] Batch 50/187 (27%)
  [Epoch 34] Batch 100/187 (53%)
  [Epoch 34] Batch 150/187 (80%)
[Epoch 34/700] train_loss=0.6212 val_loss=0.6220 lr=4.97e-04 (14s)
  [Epoch 35] Batch 50/187 (27%)
  [Epoch 35] Batch 100/187 (53%)
  [Epoch 35] Batch 150/187 (80%)
[Epoch 35/700] train_loss=0.6192 val_loss=0.6090 lr=4.97e-04 (14s)
  [Epoch 36] Batch 50/187 (27%)
  [Epoch 36] Batch 100/187 (53%)
  [Epoch 36] Batch 150/187 (80%)
[Epoch 36/700] train_loss=0.6121 val_loss=0.6180 lr=4.97e-04 (14s)
  [Epoch 37] Batch 50/187 (27%)
  [Epoch 37] Batch 100/187 (53%)
  [Epoch 37] Batch 150/187 (80%)
[Epoch 37/700] train_loss=0.6124 val_loss=0.6172 lr=4.97e-04 (14s)
  [Epoch 38] Batch 50/187 (27%)
  [Epoch 38] Batch 100/187 (53%)
  [Epoch 38] Batch 150/187 (80%)
[Epoch 38/700] train_loss=0.6185 val_loss=0.6052 lr=4.96e-04 (14s)
  [Epoch 39] Batch 50/187 (27%)
  [Epoch 39] Batch 100/187 (53%)
  [Epoch 39] Batch 150/187 (80%)
[Epoch 39/700] train_loss=0.6127 val_loss=0.6194 lr=4.96e-04 (14s)
  [Epoch 40] Batch 50/187 (27%)
  [Epoch 40] Batch 100/187 (53%)
  [Epoch 40] Batch 150/187 (80%)
[Epoch 40/700] train_loss=0.6086 val_loss=0.6215 lr=4.96e-04 (14s)
  [Epoch 41] Batch 50/187 (27%)
  [Epoch 41] Batch 100/187 (53%)
  [Epoch 41] Batch 150/187 (80%)
[Epoch 41/700] train_loss=0.6089 val_loss=0.6092 lr=4.96e-04 (14s)
  [Epoch 42] Batch 50/187 (27%)
  [Epoch 42] Batch 100/187 (53%)
  [Epoch 42] Batch 150/187 (80%)
[Epoch 42/700] train_loss=0.6083 val_loss=0.6027 lr=4.96e-04 (14s)
  [Epoch 43] Batch 50/187 (27%)
  [Epoch 43] Batch 100/187 (53%)
  [Epoch 43] Batch 150/187 (80%)
[Epoch 43/700] train_loss=0.6073 val_loss=0.6006 lr=4.95e-04 (13s)
  [Epoch 44] Batch 50/187 (27%)
  [Epoch 44] Batch 100/187 (53%)
  [Epoch 44] Batch 150/187 (80%)
[Epoch 44/700] train_loss=0.6032 val_loss=0.6120 lr=4.95e-04 (14s)
  [Epoch 45] Batch 50/187 (27%)
  [Epoch 45] Batch 100/187 (53%)
  [Epoch 45] Batch 150/187 (80%)
[Epoch 45/700] train_loss=0.6013 val_loss=0.5992 lr=4.95e-04 (14s)
  [Epoch 46] Batch 50/187 (27%)
  [Epoch 46] Batch 100/187 (53%)
  [Epoch 46] Batch 150/187 (80%)
[Epoch 46/700] train_loss=0.6005 val_loss=0.5981 lr=4.95e-04 (14s)
  [Epoch 47] Batch 50/187 (27%)
  [Epoch 47] Batch 100/187 (53%)
  [Epoch 47] Batch 150/187 (80%)
[Epoch 47/700] train_loss=0.6026 val_loss=0.6152 lr=4.94e-04 (14s)
  [Epoch 48] Batch 50/187 (27%)
  [Epoch 48] Batch 100/187 (53%)
  [Epoch 48] Batch 150/187 (80%)
[Epoch 48/700] train_loss=0.5936 val_loss=0.5903 lr=4.94e-04 (14s)
  [Epoch 49] Batch 50/187 (27%)
  [Epoch 49] Batch 100/187 (53%)
  [Epoch 49] Batch 150/187 (80%)
[Epoch 49/700] train_loss=0.5927 val_loss=0.6082 lr=4.94e-04 (15s)
  [Epoch 50] Batch 50/187 (27%)
  [Epoch 50] Batch 100/187 (53%)
  [Epoch 50] Batch 150/187 (80%)
[Epoch 50/700] train_loss=0.5974 val_loss=0.6008 lr=4.94e-04 (14s)
  [Epoch 51] Batch 50/187 (27%)
  [Epoch 51] Batch 100/187 (53%)
  [Epoch 51] Batch 150/187 (80%)
[Epoch 51/700] train_loss=0.5933 val_loss=0.5951 lr=4.93e-04 (14s)
  [Epoch 52] Batch 50/187 (27%)
  [Epoch 52] Batch 100/187 (53%)
  [Epoch 52] Batch 150/187 (80%)
[Epoch 52/700] train_loss=0.5953 val_loss=0.5865 lr=4.93e-04 (14s)
  [Epoch 53] Batch 50/187 (27%)
  [Epoch 53] Batch 100/187 (53%)
  [Epoch 53] Batch 150/187 (80%)
[Epoch 53/700] train_loss=0.5886 val_loss=0.5862 lr=4.93e-04 (14s)
  [Epoch 54] Batch 50/187 (27%)
  [Epoch 54] Batch 100/187 (53%)
  [Epoch 54] Batch 150/187 (80%)
[Epoch 54/700] train_loss=0.5946 val_loss=0.5935 lr=4.93e-04 (14s)
  [Epoch 55] Batch 50/187 (27%)
  [Epoch 55] Batch 100/187 (53%)
  [Epoch 55] Batch 150/187 (80%)
[Epoch 55/700] train_loss=0.5902 val_loss=0.5958 lr=4.92e-04 (14s)
  [Epoch 56] Batch 50/187 (27%)
  [Epoch 56] Batch 100/187 (53%)
  [Epoch 56] Batch 150/187 (80%)
[Epoch 56/700] train_loss=0.5838 val_loss=0.5863 lr=4.92e-04 (14s)
  [Epoch 57] Batch 50/187 (27%)
  [Epoch 57] Batch 100/187 (53%)
  [Epoch 57] Batch 150/187 (80%)
[Epoch 57/700] train_loss=0.5846 val_loss=0.5981 lr=4.92e-04 (14s)
  [Epoch 58] Batch 50/187 (27%)
  [Epoch 58] Batch 100/187 (53%)
  [Epoch 58] Batch 150/187 (80%)
[Epoch 58/700] train_loss=0.5845 val_loss=0.5859 lr=4.92e-04 (14s)
  [Epoch 59] Batch 50/187 (27%)
  [Epoch 59] Batch 100/187 (53%)
  [Epoch 59] Batch 150/187 (80%)
[Epoch 59/700] train_loss=0.5874 val_loss=0.5881 lr=4.91e-04 (14s)
  [Epoch 60] Batch 50/187 (27%)
  [Epoch 60] Batch 100/187 (53%)
  [Epoch 60] Batch 150/187 (80%)
[Epoch 60/700] train_loss=0.5863 val_loss=0.5876 lr=4.91e-04 (15s)
  [Epoch 61] Batch 50/187 (27%)
  [Epoch 61] Batch 100/187 (53%)
  [Epoch 61] Batch 150/187 (80%)
[Epoch 61/700] train_loss=0.5822 val_loss=0.5864 lr=4.91e-04 (15s)
  [Epoch 62] Batch 50/187 (27%)
  [Epoch 62] Batch 100/187 (53%)
  [Epoch 62] Batch 150/187 (80%)
[Epoch 62/700] train_loss=0.5829 val_loss=0.5908 lr=4.90e-04 (14s)
  [Epoch 63] Batch 50/187 (27%)
  [Epoch 63] Batch 100/187 (53%)
  [Epoch 63] Batch 150/187 (80%)
[Epoch 63/700] train_loss=0.5835 val_loss=0.5902 lr=4.90e-04 (18s)
  [Epoch 64] Batch 50/187 (27%)
  [Epoch 64] Batch 100/187 (53%)
  [Epoch 64] Batch 150/187 (80%)
[Epoch 64/700] train_loss=0.5832 val_loss=0.6011 lr=4.90e-04 (14s)
  [Epoch 65] Batch 50/187 (27%)
  [Epoch 65] Batch 100/187 (53%)
  [Epoch 65] Batch 150/187 (80%)
[Epoch 65/700] train_loss=0.5828 val_loss=0.5717 lr=4.89e-04 (14s)
  [Epoch 66] Batch 50/187 (27%)
  [Epoch 66] Batch 100/187 (53%)
  [Epoch 66] Batch 150/187 (80%)
[Epoch 66/700] train_loss=0.5771 val_loss=0.5927 lr=4.89e-04 (14s)
  [Epoch 67] Batch 50/187 (27%)
  [Epoch 67] Batch 100/187 (53%)
  [Epoch 67] Batch 150/187 (80%)
[Epoch 67/700] train_loss=0.5757 val_loss=0.5798 lr=4.89e-04 (14s)
  [Epoch 68] Batch 50/187 (27%)
  [Epoch 68] Batch 100/187 (53%)
  [Epoch 68] Batch 150/187 (80%)
[Epoch 68/700] train_loss=0.5781 val_loss=0.5859 lr=4.88e-04 (14s)
  [Epoch 69] Batch 50/187 (27%)
  [Epoch 69] Batch 100/187 (53%)
  [Epoch 69] Batch 150/187 (80%)
[Epoch 69/700] train_loss=0.5770 val_loss=0.5897 lr=4.88e-04 (14s)
  [Epoch 70] Batch 50/187 (27%)
  [Epoch 70] Batch 100/187 (53%)
  [Epoch 70] Batch 150/187 (80%)
[Epoch 70/700] train_loss=0.5801 val_loss=0.5929 lr=4.88e-04 (14s)
  [Epoch 71] Batch 50/187 (27%)
  [Epoch 71] Batch 100/187 (53%)
  [Epoch 71] Batch 150/187 (80%)
[Epoch 71/700] train_loss=0.5746 val_loss=0.5694 lr=4.87e-04 (14s)
  [Epoch 72] Batch 50/187 (27%)
  [Epoch 72] Batch 100/187 (53%)
  [Epoch 72] Batch 150/187 (80%)
[Epoch 72/700] train_loss=0.5753 val_loss=0.5730 lr=4.87e-04 (14s)
  [Epoch 73] Batch 50/187 (27%)
  [Epoch 73] Batch 100/187 (53%)
  [Epoch 73] Batch 150/187 (80%)
[Epoch 73/700] train_loss=0.5746 val_loss=0.5816 lr=4.87e-04 (14s)
  [Epoch 74] Batch 50/187 (27%)
  [Epoch 74] Batch 100/187 (53%)
  [Epoch 74] Batch 150/187 (80%)
[Epoch 74/700] train_loss=0.5731 val_loss=0.5730 lr=4.86e-04 (14s)
  [Epoch 75] Batch 50/187 (27%)
  [Epoch 75] Batch 100/187 (53%)
  [Epoch 75] Batch 150/187 (80%)
[Epoch 75/700] train_loss=0.5695 val_loss=0.5720 lr=4.86e-04 (14s)
  [Epoch 76] Batch 50/187 (27%)
  [Epoch 76] Batch 100/187 (53%)
  [Epoch 76] Batch 150/187 (80%)
[Epoch 76/700] train_loss=0.5724 val_loss=0.5760 lr=4.86e-04 (14s)
  [Epoch 77] Batch 50/187 (27%)
  [Epoch 77] Batch 100/187 (53%)
  [Epoch 77] Batch 150/187 (80%)
[Epoch 77/700] train_loss=0.5718 val_loss=0.5795 lr=4.85e-04 (14s)
  [Epoch 78] Batch 50/187 (27%)
  [Epoch 78] Batch 100/187 (53%)
  [Epoch 78] Batch 150/187 (80%)
[Epoch 78/700] train_loss=0.5715 val_loss=0.5740 lr=4.85e-04 (14s)
  [Epoch 79] Batch 50/187 (27%)
  [Epoch 79] Batch 100/187 (53%)
  [Epoch 79] Batch 150/187 (80%)
[Epoch 79/700] train_loss=0.5698 val_loss=0.5695 lr=4.84e-04 (14s)
  [Epoch 80] Batch 50/187 (27%)
  [Epoch 80] Batch 100/187 (53%)
  [Epoch 80] Batch 150/187 (80%)
[Epoch 80/700] train_loss=0.5698 val_loss=0.5670 lr=4.84e-04 (14s)
  [Epoch 81] Batch 50/187 (27%)
  [Epoch 81] Batch 100/187 (53%)
  [Epoch 81] Batch 150/187 (80%)
[Epoch 81/700] train_loss=0.5705 val_loss=0.5704 lr=4.84e-04 (14s)
  [Epoch 82] Batch 50/187 (27%)
  [Epoch 82] Batch 100/187 (53%)
  [Epoch 82] Batch 150/187 (80%)
[Epoch 82/700] train_loss=0.5713 val_loss=0.5760 lr=4.83e-04 (14s)
  [Epoch 83] Batch 50/187 (27%)
  [Epoch 83] Batch 100/187 (53%)
  [Epoch 83] Batch 150/187 (80%)
[Epoch 83/700] train_loss=0.5660 val_loss=0.5754 lr=4.83e-04 (14s)
  [Epoch 84] Batch 50/187 (27%)
  [Epoch 84] Batch 100/187 (53%)
  [Epoch 84] Batch 150/187 (80%)
[Epoch 84/700] train_loss=0.5660 val_loss=0.5743 lr=4.82e-04 (14s)
  [Epoch 85] Batch 50/187 (27%)
  [Epoch 85] Batch 100/187 (53%)
  [Epoch 85] Batch 150/187 (80%)
[Epoch 85/700] train_loss=0.5684 val_loss=0.5679 lr=4.82e-04 (14s)
  [Epoch 86] Batch 50/187 (27%)
  [Epoch 86] Batch 100/187 (53%)
  [Epoch 86] Batch 150/187 (80%)
[Epoch 86/700] train_loss=0.5635 val_loss=0.5633 lr=4.82e-04 (14s)
  [Epoch 87] Batch 50/187 (27%)
  [Epoch 87] Batch 100/187 (53%)
  [Epoch 87] Batch 150/187 (80%)
[Epoch 87/700] train_loss=0.5607 val_loss=0.5793 lr=4.81e-04 (14s)
  [Epoch 88] Batch 50/187 (27%)
  [Epoch 88] Batch 100/187 (53%)
  [Epoch 88] Batch 150/187 (80%)
[Epoch 88/700] train_loss=0.5688 val_loss=0.5762 lr=4.81e-04 (14s)
  [Epoch 89] Batch 50/187 (27%)
  [Epoch 89] Batch 100/187 (53%)
  [Epoch 89] Batch 150/187 (80%)
[Epoch 89/700] train_loss=0.5699 val_loss=0.5737 lr=4.80e-04 (14s)
  [Epoch 90] Batch 50/187 (27%)
  [Epoch 90] Batch 100/187 (53%)
  [Epoch 90] Batch 150/187 (80%)
[Epoch 90/700] train_loss=0.5639 val_loss=0.5822 lr=4.80e-04 (14s)
  [Epoch 91] Batch 50/187 (27%)
  [Epoch 91] Batch 100/187 (53%)
  [Epoch 91] Batch 150/187 (80%)
[Epoch 91/700] train_loss=0.5678 val_loss=0.5720 lr=4.79e-04 (14s)
  [Epoch 92] Batch 50/187 (27%)
  [Epoch 92] Batch 100/187 (53%)
  [Epoch 92] Batch 150/187 (80%)
[Epoch 92/700] train_loss=0.5609 val_loss=0.5642 lr=4.79e-04 (14s)
  [Epoch 93] Batch 50/187 (27%)
  [Epoch 93] Batch 100/187 (53%)
  [Epoch 93] Batch 150/187 (80%)
[Epoch 93/700] train_loss=0.5649 val_loss=0.5848 lr=4.79e-04 (14s)
  [Epoch 94] Batch 50/187 (27%)
  [Epoch 94] Batch 100/187 (53%)
  [Epoch 94] Batch 150/187 (80%)
[Epoch 94/700] train_loss=0.5631 val_loss=0.5720 lr=4.78e-04 (14s)
  [Epoch 95] Batch 50/187 (27%)
  [Epoch 95] Batch 100/187 (53%)
  [Epoch 95] Batch 150/187 (80%)
[Epoch 95/700] train_loss=0.5612 val_loss=0.5582 lr=4.78e-04 (14s)
  [Epoch 96] Batch 50/187 (27%)
  [Epoch 96] Batch 100/187 (53%)
  [Epoch 96] Batch 150/187 (80%)
[Epoch 96/700] train_loss=0.5592 val_loss=0.5635 lr=4.77e-04 (14s)
  [Epoch 97] Batch 50/187 (27%)
  [Epoch 97] Batch 100/187 (53%)
  [Epoch 97] Batch 150/187 (80%)
[Epoch 97/700] train_loss=0.5600 val_loss=0.5690 lr=4.77e-04 (13s)
  [Epoch 98] Batch 50/187 (27%)
  [Epoch 98] Batch 100/187 (53%)
  [Epoch 98] Batch 150/187 (80%)
[Epoch 98/700] train_loss=0.5583 val_loss=0.5618 lr=4.76e-04 (14s)
  [Epoch 99] Batch 50/187 (27%)
  [Epoch 99] Batch 100/187 (53%)
  [Epoch 99] Batch 150/187 (80%)
[Epoch 99/700] train_loss=0.5570 val_loss=0.5710 lr=4.76e-04 (14s)
  [Epoch 100] Batch 50/187 (27%)
  [Epoch 100] Batch 100/187 (53%)
  [Epoch 100] Batch 150/187 (80%)
[Epoch 100/700] train_loss=0.5646 val_loss=0.5505 lr=4.75e-04 (14s)
  [Epoch 101] Batch 50/187 (27%)
  [Epoch 101] Batch 100/187 (53%)
  [Epoch 101] Batch 150/187 (80%)
[Epoch 101/700] train_loss=0.5590 val_loss=0.5615 lr=4.75e-04 (14s)
  [Epoch 102] Batch 50/187 (27%)
  [Epoch 102] Batch 100/187 (53%)
  [Epoch 102] Batch 150/187 (80%)
[Epoch 102/700] train_loss=0.5594 val_loss=0.5623 lr=4.74e-04 (14s)
  [Epoch 103] Batch 50/187 (27%)
  [Epoch 103] Batch 100/187 (53%)
  [Epoch 103] Batch 150/187 (80%)
[Epoch 103/700] train_loss=0.5556 val_loss=0.5609 lr=4.74e-04 (14s)
  [Epoch 104] Batch 50/187 (27%)
  [Epoch 104] Batch 100/187 (53%)
  [Epoch 104] Batch 150/187 (80%)
[Epoch 104/700] train_loss=0.5547 val_loss=0.5585 lr=4.73e-04 (15s)
  [Epoch 105] Batch 50/187 (27%)
  [Epoch 105] Batch 100/187 (53%)
  [Epoch 105] Batch 150/187 (80%)
[Epoch 105/700] train_loss=0.5566 val_loss=0.5594 lr=4.73e-04 (14s)
  [Epoch 106] Batch 50/187 (27%)
  [Epoch 106] Batch 100/187 (53%)
  [Epoch 106] Batch 150/187 (80%)
[Epoch 106/700] train_loss=0.5617 val_loss=0.5726 lr=4.72e-04 (14s)
  [Epoch 107] Batch 50/187 (27%)
  [Epoch 107] Batch 100/187 (53%)
  [Epoch 107] Batch 150/187 (80%)
[Epoch 107/700] train_loss=0.5556 val_loss=0.5634 lr=4.72e-04 (14s)
  [Epoch 108] Batch 50/187 (27%)
  [Epoch 108] Batch 100/187 (53%)
  [Epoch 108] Batch 150/187 (80%)
[Epoch 108/700] train_loss=0.5557 val_loss=0.5596 lr=4.71e-04 (14s)
  [Epoch 109] Batch 50/187 (27%)
  [Epoch 109] Batch 100/187 (53%)
  [Epoch 109] Batch 150/187 (80%)
[Epoch 109/700] train_loss=0.5542 val_loss=0.5492 lr=4.71e-04 (14s)
  [Epoch 110] Batch 50/187 (27%)
  [Epoch 110] Batch 100/187 (53%)
  [Epoch 110] Batch 150/187 (80%)
[Epoch 110/700] train_loss=0.5549 val_loss=0.5590 lr=4.70e-04 (14s)
  [Epoch 111] Batch 50/187 (27%)
  [Epoch 111] Batch 100/187 (53%)
  [Epoch 111] Batch 150/187 (80%)
[Epoch 111/700] train_loss=0.5556 val_loss=0.5611 lr=4.70e-04 (13s)
  [Epoch 112] Batch 50/187 (27%)
  [Epoch 112] Batch 100/187 (53%)
  [Epoch 112] Batch 150/187 (80%)
[Epoch 112/700] train_loss=0.5538 val_loss=0.5524 lr=4.69e-04 (14s)
  [Epoch 113] Batch 50/187 (27%)
  [Epoch 113] Batch 100/187 (53%)
  [Epoch 113] Batch 150/187 (80%)
[Epoch 113/700] train_loss=0.5572 val_loss=0.5616 lr=4.69e-04 (14s)
  [Epoch 114] Batch 50/187 (27%)
  [Epoch 114] Batch 100/187 (53%)
  [Epoch 114] Batch 150/187 (80%)
[Epoch 114/700] train_loss=0.5528 val_loss=0.5654 lr=4.68e-04 (14s)
  [Epoch 115] Batch 50/187 (27%)
  [Epoch 115] Batch 100/187 (53%)
  [Epoch 115] Batch 150/187 (80%)
[Epoch 115/700] train_loss=0.5531 val_loss=0.5678 lr=4.67e-04 (14s)
  [Epoch 116] Batch 50/187 (27%)
  [Epoch 116] Batch 100/187 (53%)
  [Epoch 116] Batch 150/187 (80%)
[Epoch 116/700] train_loss=0.5488 val_loss=0.5697 lr=4.67e-04 (14s)
  [Epoch 117] Batch 50/187 (27%)
  [Epoch 117] Batch 100/187 (53%)
  [Epoch 117] Batch 150/187 (80%)
[Epoch 117/700] train_loss=0.5556 val_loss=0.5564 lr=4.66e-04 (14s)
  [Epoch 118] Batch 50/187 (27%)
  [Epoch 118] Batch 100/187 (53%)
  [Epoch 118] Batch 150/187 (80%)
[Epoch 118/700] train_loss=0.5497 val_loss=0.5498 lr=4.66e-04 (14s)
  [Epoch 119] Batch 50/187 (27%)
  [Epoch 119] Batch 100/187 (53%)
  [Epoch 119] Batch 150/187 (80%)
[Epoch 119/700] train_loss=0.5524 val_loss=0.5600 lr=4.65e-04 (14s)
  [Epoch 120] Batch 50/187 (27%)
  [Epoch 120] Batch 100/187 (53%)
  [Epoch 120] Batch 150/187 (80%)
[Epoch 120/700] train_loss=0.5529 val_loss=0.5533 lr=4.65e-04 (13s)
  [Epoch 121] Batch 50/187 (27%)
  [Epoch 121] Batch 100/187 (53%)
  [Epoch 121] Batch 150/187 (80%)
[Epoch 121/700] train_loss=0.5479 val_loss=0.5597 lr=4.64e-04 (13s)
  [Epoch 122] Batch 50/187 (27%)
  [Epoch 122] Batch 100/187 (53%)
  [Epoch 122] Batch 150/187 (80%)
[Epoch 122/700] train_loss=0.5507 val_loss=0.5484 lr=4.63e-04 (14s)
  [Epoch 123] Batch 50/187 (27%)
  [Epoch 123] Batch 100/187 (53%)
  [Epoch 123] Batch 150/187 (80%)
[Epoch 123/700] train_loss=0.5498 val_loss=0.5549 lr=4.63e-04 (13s)
  [Epoch 124] Batch 50/187 (27%)
  [Epoch 124] Batch 100/187 (53%)
  [Epoch 124] Batch 150/187 (80%)
[Epoch 124/700] train_loss=0.5483 val_loss=0.5609 lr=4.62e-04 (13s)
  [Epoch 125] Batch 50/187 (27%)
  [Epoch 125] Batch 100/187 (53%)
  [Epoch 125] Batch 150/187 (80%)
[Epoch 125/700] train_loss=0.5473 val_loss=0.5624 lr=4.62e-04 (14s)
  [Epoch 126] Batch 50/187 (27%)
  [Epoch 126] Batch 100/187 (53%)
  [Epoch 126] Batch 150/187 (80%)
[Epoch 126/700] train_loss=0.5489 val_loss=0.5620 lr=4.61e-04 (13s)
  [Epoch 127] Batch 50/187 (27%)
  [Epoch 127] Batch 100/187 (53%)
  [Epoch 127] Batch 150/187 (80%)
[Epoch 127/700] train_loss=0.5461 val_loss=0.5532 lr=4.60e-04 (14s)
  [Epoch 128] Batch 50/187 (27%)
  [Epoch 128] Batch 100/187 (53%)
  [Epoch 128] Batch 150/187 (80%)
[Epoch 128/700] train_loss=0.5463 val_loss=0.5483 lr=4.60e-04 (13s)
  [Epoch 129] Batch 50/187 (27%)
  [Epoch 129] Batch 100/187 (53%)
  [Epoch 129] Batch 150/187 (80%)
[Epoch 129/700] train_loss=0.5453 val_loss=0.5465 lr=4.59e-04 (13s)
  [Epoch 130] Batch 50/187 (27%)
  [Epoch 130] Batch 100/187 (53%)
  [Epoch 130] Batch 150/187 (80%)
[Epoch 130/700] train_loss=0.5463 val_loss=0.5513 lr=4.59e-04 (13s)
  [Epoch 131] Batch 50/187 (27%)
  [Epoch 131] Batch 100/187 (53%)
  [Epoch 131] Batch 150/187 (80%)
[Epoch 131/700] train_loss=0.5431 val_loss=0.5475 lr=4.58e-04 (13s)
  [Epoch 132] Batch 50/187 (27%)
  [Epoch 132] Batch 100/187 (53%)
  [Epoch 132] Batch 150/187 (80%)
[Epoch 132/700] train_loss=0.5404 val_loss=0.5499 lr=4.57e-04 (15s)
  [Epoch 133] Batch 50/187 (27%)
  [Epoch 133] Batch 100/187 (53%)
  [Epoch 133] Batch 150/187 (80%)
[Epoch 133/700] train_loss=0.5415 val_loss=0.5551 lr=4.57e-04 (14s)
  [Epoch 134] Batch 50/187 (27%)
  [Epoch 134] Batch 100/187 (53%)
  [Epoch 134] Batch 150/187 (80%)
[Epoch 134/700] train_loss=0.5430 val_loss=0.5562 lr=4.56e-04 (14s)
  [Epoch 135] Batch 50/187 (27%)
  [Epoch 135] Batch 100/187 (53%)
  [Epoch 135] Batch 150/187 (80%)
[Epoch 135/700] train_loss=0.5463 val_loss=0.5546 lr=4.56e-04 (13s)
  [Epoch 136] Batch 50/187 (27%)
  [Epoch 136] Batch 100/187 (53%)
  [Epoch 136] Batch 150/187 (80%)
[Epoch 136/700] train_loss=0.5402 val_loss=0.5392 lr=4.55e-04 (13s)
  [Epoch 137] Batch 50/187 (27%)
  [Epoch 137] Batch 100/187 (53%)
  [Epoch 137] Batch 150/187 (80%)
[Epoch 137/700] train_loss=0.5396 val_loss=0.5473 lr=4.54e-04 (15s)
  [Epoch 138] Batch 50/187 (27%)
  [Epoch 138] Batch 100/187 (53%)
  [Epoch 138] Batch 150/187 (80%)
[Epoch 138/700] train_loss=0.5457 val_loss=0.5521 lr=4.54e-04 (14s)
  [Epoch 139] Batch 50/187 (27%)
  [Epoch 139] Batch 100/187 (53%)
  [Epoch 139] Batch 150/187 (80%)
[Epoch 139/700] train_loss=0.5376 val_loss=0.5580 lr=4.53e-04 (13s)
  [Epoch 140] Batch 50/187 (27%)
  [Epoch 140] Batch 100/187 (53%)
  [Epoch 140] Batch 150/187 (80%)
[Epoch 140/700] train_loss=0.5390 val_loss=0.5398 lr=4.52e-04 (14s)
  [Epoch 141] Batch 50/187 (27%)
  [Epoch 141] Batch 100/187 (53%)
  [Epoch 141] Batch 150/187 (80%)
[Epoch 141/700] train_loss=0.5451 val_loss=0.5492 lr=4.52e-04 (14s)
  [Epoch 142] Batch 50/187 (27%)
  [Epoch 142] Batch 100/187 (53%)
  [Epoch 142] Batch 150/187 (80%)
[Epoch 142/700] train_loss=0.5381 val_loss=0.5491 lr=4.51e-04 (13s)
  [Epoch 143] Batch 50/187 (27%)
  [Epoch 143] Batch 100/187 (53%)
  [Epoch 143] Batch 150/187 (80%)
[Epoch 143/700] train_loss=0.5382 val_loss=0.5534 lr=4.50e-04 (14s)
  [Epoch 144] Batch 50/187 (27%)
  [Epoch 144] Batch 100/187 (53%)
  [Epoch 144] Batch 150/187 (80%)
[Epoch 144/700] train_loss=0.5355 val_loss=0.5563 lr=4.50e-04 (14s)
  [Epoch 145] Batch 50/187 (27%)
  [Epoch 145] Batch 100/187 (53%)
  [Epoch 145] Batch 150/187 (80%)
[Epoch 145/700] train_loss=0.5386 val_loss=0.5457 lr=4.49e-04 (13s)
  [Epoch 146] Batch 50/187 (27%)
  [Epoch 146] Batch 100/187 (53%)
  [Epoch 146] Batch 150/187 (80%)
[Epoch 146/700] train_loss=0.5372 val_loss=0.5406 lr=4.48e-04 (14s)
  [Epoch 147] Batch 50/187 (27%)
  [Epoch 147] Batch 100/187 (53%)
  [Epoch 147] Batch 150/187 (80%)
[Epoch 147/700] train_loss=0.5405 val_loss=0.5437 lr=4.48e-04 (13s)
  [Epoch 148] Batch 50/187 (27%)
  [Epoch 148] Batch 100/187 (53%)
  [Epoch 148] Batch 150/187 (80%)
[Epoch 148/700] train_loss=0.5437 val_loss=0.5541 lr=4.47e-04 (13s)
  [Epoch 149] Batch 50/187 (27%)
  [Epoch 149] Batch 100/187 (53%)
  [Epoch 149] Batch 150/187 (80%)
[Epoch 149/700] train_loss=0.5381 val_loss=0.5396 lr=4.46e-04 (14s)
  [Epoch 150] Batch 50/187 (27%)
  [Epoch 150] Batch 100/187 (53%)
  [Epoch 150] Batch 150/187 (80%)
[Epoch 150/700] train_loss=0.5392 val_loss=0.5460 lr=4.45e-04 (14s)
  [Epoch 151] Batch 50/187 (27%)
  [Epoch 151] Batch 100/187 (53%)
  [Epoch 151] Batch 150/187 (80%)
[Epoch 151/700] train_loss=0.5366 val_loss=0.5350 lr=4.45e-04 (15s)
  [Epoch 152] Batch 50/187 (27%)
  [Epoch 152] Batch 100/187 (53%)
  [Epoch 152] Batch 150/187 (80%)
[Epoch 152/700] train_loss=0.5357 val_loss=0.5478 lr=4.44e-04 (14s)
  [Epoch 153] Batch 50/187 (27%)
  [Epoch 153] Batch 100/187 (53%)
  [Epoch 153] Batch 150/187 (80%)
[Epoch 153/700] train_loss=0.5318 val_loss=0.5488 lr=4.43e-04 (14s)
  [Epoch 154] Batch 50/187 (27%)
  [Epoch 154] Batch 100/187 (53%)
  [Epoch 154] Batch 150/187 (80%)
[Epoch 154/700] train_loss=0.5402 val_loss=0.5431 lr=4.43e-04 (13s)
  [Epoch 155] Batch 50/187 (27%)
  [Epoch 155] Batch 100/187 (53%)
  [Epoch 155] Batch 150/187 (80%)
[Epoch 155/700] train_loss=0.5344 val_loss=0.5472 lr=4.42e-04 (14s)
  [Epoch 156] Batch 50/187 (27%)
  [Epoch 156] Batch 100/187 (53%)
  [Epoch 156] Batch 150/187 (80%)
[Epoch 156/700] train_loss=0.5377 val_loss=0.5476 lr=4.41e-04 (14s)
  [Epoch 157] Batch 50/187 (27%)
  [Epoch 157] Batch 100/187 (53%)
  [Epoch 157] Batch 150/187 (80%)
[Epoch 157/700] train_loss=0.5362 val_loss=0.5450 lr=4.40e-04 (15s)
  [Epoch 158] Batch 50/187 (27%)
  [Epoch 158] Batch 100/187 (53%)
  [Epoch 158] Batch 150/187 (80%)
[Epoch 158/700] train_loss=0.5340 val_loss=0.5361 lr=4.40e-04 (14s)
  [Epoch 159] Batch 50/187 (27%)
  [Epoch 159] Batch 100/187 (53%)
  [Epoch 159] Batch 150/187 (80%)
[Epoch 159/700] train_loss=0.5368 val_loss=0.5351 lr=4.39e-04 (14s)
  [Epoch 160] Batch 50/187 (27%)
  [Epoch 160] Batch 100/187 (53%)
  [Epoch 160] Batch 150/187 (80%)
[Epoch 160/700] train_loss=0.5331 val_loss=0.5503 lr=4.38e-04 (14s)
  [Epoch 161] Batch 50/187 (27%)
  [Epoch 161] Batch 100/187 (53%)
  [Epoch 161] Batch 150/187 (80%)
[Epoch 161/700] train_loss=0.5327 val_loss=0.5459 lr=4.38e-04 (14s)
  [Epoch 162] Batch 50/187 (27%)
  [Epoch 162] Batch 100/187 (53%)
  [Epoch 162] Batch 150/187 (80%)
[Epoch 162/700] train_loss=0.5318 val_loss=0.5409 lr=4.37e-04 (14s)
  [Epoch 163] Batch 50/187 (27%)
  [Epoch 163] Batch 100/187 (53%)
  [Epoch 163] Batch 150/187 (80%)
[Epoch 163/700] train_loss=0.5370 val_loss=0.5420 lr=4.36e-04 (14s)
  [Epoch 164] Batch 50/187 (27%)
  [Epoch 164] Batch 100/187 (53%)
  [Epoch 164] Batch 150/187 (80%)
[Epoch 164/700] train_loss=0.5320 val_loss=0.5455 lr=4.35e-04 (14s)
  [Epoch 165] Batch 50/187 (27%)
  [Epoch 165] Batch 100/187 (53%)
  [Epoch 165] Batch 150/187 (80%)
[Epoch 165/700] train_loss=0.5320 val_loss=0.5356 lr=4.35e-04 (14s)
  [Epoch 166] Batch 50/187 (27%)
  [Epoch 166] Batch 100/187 (53%)
  [Epoch 166] Batch 150/187 (80%)
[Epoch 166/700] train_loss=0.5318 val_loss=0.5378 lr=4.34e-04 (14s)
  [Epoch 167] Batch 50/187 (27%)
  [Epoch 167] Batch 100/187 (53%)
  [Epoch 167] Batch 150/187 (80%)
[Epoch 167/700] train_loss=0.5334 val_loss=0.5361 lr=4.33e-04 (15s)
  [Epoch 168] Batch 50/187 (27%)
  [Epoch 168] Batch 100/187 (53%)
  [Epoch 168] Batch 150/187 (80%)
[Epoch 168/700] train_loss=0.5309 val_loss=0.5402 lr=4.32e-04 (14s)
  [Epoch 169] Batch 50/187 (27%)
  [Epoch 169] Batch 100/187 (53%)
  [Epoch 169] Batch 150/187 (80%)
[Epoch 169/700] train_loss=0.5327 val_loss=0.5428 lr=4.31e-04 (13s)
  [Epoch 170] Batch 50/187 (27%)
  [Epoch 170] Batch 100/187 (53%)
  [Epoch 170] Batch 150/187 (80%)
[Epoch 170/700] train_loss=0.5331 val_loss=0.5386 lr=4.31e-04 (14s)
  [Epoch 171] Batch 50/187 (27%)
  [Epoch 171] Batch 100/187 (53%)
  [Epoch 171] Batch 150/187 (80%)
[Epoch 171/700] train_loss=0.5295 val_loss=0.5378 lr=4.30e-04 (15s)
  [Epoch 172] Batch 50/187 (27%)
  [Epoch 172] Batch 100/187 (53%)
  [Epoch 172] Batch 150/187 (80%)
[Epoch 172/700] train_loss=0.5294 val_loss=0.5356 lr=4.29e-04 (14s)
  [Epoch 173] Batch 50/187 (27%)
  [Epoch 173] Batch 100/187 (53%)
  [Epoch 173] Batch 150/187 (80%)
[Epoch 173/700] train_loss=0.5330 val_loss=0.5427 lr=4.28e-04 (13s)
  [Epoch 174] Batch 50/187 (27%)
  [Epoch 174] Batch 100/187 (53%)
  [Epoch 174] Batch 150/187 (80%)
[Epoch 174/700] train_loss=0.5321 val_loss=0.5311 lr=4.28e-04 (14s)
  [Epoch 175] Batch 50/187 (27%)
  [Epoch 175] Batch 100/187 (53%)
  [Epoch 175] Batch 150/187 (80%)
[Epoch 175/700] train_loss=0.5287 val_loss=0.5421 lr=4.27e-04 (14s)
  [Epoch 176] Batch 50/187 (27%)
  [Epoch 176] Batch 100/187 (53%)
  [Epoch 176] Batch 150/187 (80%)
[Epoch 176/700] train_loss=0.5285 val_loss=0.5390 lr=4.26e-04 (14s)
  [Epoch 177] Batch 50/187 (27%)
  [Epoch 177] Batch 100/187 (53%)
  [Epoch 177] Batch 150/187 (80%)
[Epoch 177/700] train_loss=0.5299 val_loss=0.5292 lr=4.25e-04 (14s)
  [Epoch 178] Batch 50/187 (27%)
  [Epoch 178] Batch 100/187 (53%)
  [Epoch 178] Batch 150/187 (80%)
[Epoch 178/700] train_loss=0.5267 val_loss=0.5325 lr=4.24e-04 (14s)
  [Epoch 179] Batch 50/187 (27%)
  [Epoch 179] Batch 100/187 (53%)
  [Epoch 179] Batch 150/187 (80%)
[Epoch 179/700] train_loss=0.5247 val_loss=0.5378 lr=4.24e-04 (15s)
  [Epoch 180] Batch 50/187 (27%)
  [Epoch 180] Batch 100/187 (53%)
  [Epoch 180] Batch 150/187 (80%)
[Epoch 180/700] train_loss=0.5273 val_loss=0.5357 lr=4.23e-04 (14s)
  [Epoch 181] Batch 50/187 (27%)
  [Epoch 181] Batch 100/187 (53%)
  [Epoch 181] Batch 150/187 (80%)
[Epoch 181/700] train_loss=0.5288 val_loss=0.5468 lr=4.22e-04 (14s)
  [Epoch 182] Batch 50/187 (27%)
  [Epoch 182] Batch 100/187 (53%)
  [Epoch 182] Batch 150/187 (80%)
[Epoch 182/700] train_loss=0.5253 val_loss=0.5376 lr=4.21e-04 (21s)
  [Epoch 183] Batch 50/187 (27%)
  [Epoch 183] Batch 100/187 (53%)
  [Epoch 183] Batch 150/187 (80%)
[Epoch 183/700] train_loss=0.5281 val_loss=0.5392 lr=4.20e-04 (24s)
  [Epoch 184] Batch 50/187 (27%)
  [Epoch 184] Batch 100/187 (53%)
  [Epoch 184] Batch 150/187 (80%)
[Epoch 184/700] train_loss=0.5256 val_loss=0.5360 lr=4.19e-04 (21s)
  [Epoch 185] Batch 50/187 (27%)
  [Epoch 185] Batch 100/187 (53%)
  [Epoch 185] Batch 150/187 (80%)
[Epoch 185/700] train_loss=0.5261 val_loss=0.5400 lr=4.19e-04 (21s)
  [Epoch 186] Batch 50/187 (27%)
  [Epoch 186] Batch 100/187 (53%)
  [Epoch 186] Batch 150/187 (80%)
[Epoch 186/700] train_loss=0.5280 val_loss=0.5349 lr=4.18e-04 (19s)
  [Epoch 187] Batch 50/187 (27%)
  [Epoch 187] Batch 100/187 (53%)
  [Epoch 187] Batch 150/187 (80%)
[Epoch 187/700] train_loss=0.5238 val_loss=0.5347 lr=4.17e-04 (24s)
  [Epoch 188] Batch 50/187 (27%)
  [Epoch 188] Batch 100/187 (53%)
  [Epoch 188] Batch 150/187 (80%)
[Epoch 188/700] train_loss=0.5264 val_loss=0.5409 lr=4.16e-04 (22s)
  [Epoch 189] Batch 50/187 (27%)
  [Epoch 189] Batch 100/187 (53%)
  [Epoch 189] Batch 150/187 (80%)
[Epoch 189/700] train_loss=0.5239 val_loss=0.5268 lr=4.15e-04 (21s)
  [Epoch 190] Batch 50/187 (27%)
  [Epoch 190] Batch 100/187 (53%)
  [Epoch 190] Batch 150/187 (80%)
[Epoch 190/700] train_loss=0.5210 val_loss=0.5344 lr=4.14e-04 (20s)
  [Epoch 191] Batch 50/187 (27%)
  [Epoch 191] Batch 100/187 (53%)
  [Epoch 191] Batch 150/187 (80%)
[Epoch 191/700] train_loss=0.5244 val_loss=0.5383 lr=4.14e-04 (23s)
  [Epoch 192] Batch 50/187 (27%)
  [Epoch 192] Batch 100/187 (53%)
  [Epoch 192] Batch 150/187 (80%)
[Epoch 192/700] train_loss=0.5261 val_loss=0.5375 lr=4.13e-04 (20s)
  [Epoch 193] Batch 50/187 (27%)
  [Epoch 193] Batch 100/187 (53%)
  [Epoch 193] Batch 150/187 (80%)
[Epoch 193/700] train_loss=0.5220 val_loss=0.5260 lr=4.12e-04 (19s)
  [Epoch 194] Batch 50/187 (27%)
  [Epoch 194] Batch 100/187 (53%)
  [Epoch 194] Batch 150/187 (80%)
[Epoch 194/700] train_loss=0.5238 val_loss=0.5348 lr=4.11e-04 (19s)
  [Epoch 195] Batch 50/187 (27%)
  [Epoch 195] Batch 100/187 (53%)
  [Epoch 195] Batch 150/187 (80%)
[Epoch 195/700] train_loss=0.5198 val_loss=0.5292 lr=4.10e-04 (23s)
  [Epoch 196] Batch 50/187 (27%)
  [Epoch 196] Batch 100/187 (53%)
  [Epoch 196] Batch 150/187 (80%)
[Epoch 196/700] train_loss=0.5244 val_loss=0.5359 lr=4.09e-04 (20s)
  [Epoch 197] Batch 50/187 (27%)
  [Epoch 197] Batch 100/187 (53%)
  [Epoch 197] Batch 150/187 (80%)
[Epoch 197/700] train_loss=0.5242 val_loss=0.5129 lr=4.08e-04 (22s)
  [Epoch 198] Batch 50/187 (27%)
  [Epoch 198] Batch 100/187 (53%)
  [Epoch 198] Batch 150/187 (80%)
[Epoch 198/700] train_loss=0.5239 val_loss=0.5379 lr=4.08e-04 (21s)
  [Epoch 199] Batch 50/187 (27%)
  [Epoch 199] Batch 100/187 (53%)
  [Epoch 199] Batch 150/187 (80%)
[Epoch 199/700] train_loss=0.5218 val_loss=0.5271 lr=4.07e-04 (23s)
  [Epoch 200] Batch 50/187 (27%)
  [Epoch 200] Batch 100/187 (53%)
  [Epoch 200] Batch 150/187 (80%)
[Epoch 200/700] train_loss=0.5246 val_loss=0.5391 lr=4.06e-04 (21s)
  [Epoch 201] Batch 50/187 (27%)
  [Epoch 201] Batch 100/187 (53%)
  [Epoch 201] Batch 150/187 (80%)
[Epoch 201/700] train_loss=0.5222 val_loss=0.5336 lr=4.05e-04 (16s)
  [Epoch 202] Batch 50/187 (27%)
  [Epoch 202] Batch 100/187 (53%)
  [Epoch 202] Batch 150/187 (80%)
[Epoch 202/700] train_loss=0.5190 val_loss=0.5362 lr=4.04e-04 (14s)
  [Epoch 203] Batch 50/187 (27%)
  [Epoch 203] Batch 100/187 (53%)
  [Epoch 203] Batch 150/187 (80%)
[Epoch 203/700] train_loss=0.5232 val_loss=0.5302 lr=4.03e-04 (14s)
  [Epoch 204] Batch 50/187 (27%)
  [Epoch 204] Batch 100/187 (53%)
  [Epoch 204] Batch 150/187 (80%)
[Epoch 204/700] train_loss=0.5261 val_loss=0.5261 lr=4.02e-04 (13s)
  [Epoch 205] Batch 50/187 (27%)
  [Epoch 205] Batch 100/187 (53%)
  [Epoch 205] Batch 150/187 (80%)
[Epoch 205/700] train_loss=0.5241 val_loss=0.5178 lr=4.01e-04 (14s)
  [Epoch 206] Batch 50/187 (27%)
  [Epoch 206] Batch 100/187 (53%)
  [Epoch 206] Batch 150/187 (80%)
[Epoch 206/700] train_loss=0.5194 val_loss=0.5261 lr=4.01e-04 (14s)
  [Epoch 207] Batch 50/187 (27%)
  [Epoch 207] Batch 100/187 (53%)
  [Epoch 207] Batch 150/187 (80%)
[Epoch 207/700] train_loss=0.5223 val_loss=0.5336 lr=4.00e-04 (14s)
  [Epoch 208] Batch 50/187 (27%)
  [Epoch 208] Batch 100/187 (53%)
  [Epoch 208] Batch 150/187 (80%)
[Epoch 208/700] train_loss=0.5193 val_loss=0.5329 lr=3.99e-04 (13s)
  [Epoch 209] Batch 50/187 (27%)
  [Epoch 209] Batch 100/187 (53%)
  [Epoch 209] Batch 150/187 (80%)
[Epoch 209/700] train_loss=0.5161 val_loss=0.5210 lr=3.98e-04 (14s)
  [Epoch 210] Batch 50/187 (27%)
  [Epoch 210] Batch 100/187 (53%)
  [Epoch 210] Batch 150/187 (80%)
[Epoch 210/700] train_loss=0.5181 val_loss=0.5292 lr=3.97e-04 (14s)
  [Epoch 211] Batch 50/187 (27%)
  [Epoch 211] Batch 100/187 (53%)
  [Epoch 211] Batch 150/187 (80%)
[Epoch 211/700] train_loss=0.5193 val_loss=0.5276 lr=3.96e-04 (14s)
  [Epoch 212] Batch 50/187 (27%)
  [Epoch 212] Batch 100/187 (53%)
  [Epoch 212] Batch 150/187 (80%)
[Epoch 212/700] train_loss=0.5196 val_loss=0.5306 lr=3.95e-04 (14s)
  [Epoch 213] Batch 50/187 (27%)
  [Epoch 213] Batch 100/187 (53%)
  [Epoch 213] Batch 150/187 (80%)
[Epoch 213/700] train_loss=0.5167 val_loss=0.5244 lr=3.94e-04 (14s)
  [Epoch 214] Batch 50/187 (27%)
  [Epoch 214] Batch 100/187 (53%)
  [Epoch 214] Batch 150/187 (80%)
[Epoch 214/700] train_loss=0.5222 val_loss=0.5336 lr=3.93e-04 (14s)
  [Epoch 215] Batch 50/187 (27%)
  [Epoch 215] Batch 100/187 (53%)
  [Epoch 215] Batch 150/187 (80%)
[Epoch 215/700] train_loss=0.5162 val_loss=0.5256 lr=3.92e-04 (14s)
  [Epoch 216] Batch 50/187 (27%)
  [Epoch 216] Batch 100/187 (53%)
  [Epoch 216] Batch 150/187 (80%)
[Epoch 216/700] train_loss=0.5211 val_loss=0.5217 lr=3.91e-04 (14s)
  [Epoch 217] Batch 50/187 (27%)
  [Epoch 217] Batch 100/187 (53%)
  [Epoch 217] Batch 150/187 (80%)
[Epoch 217/700] train_loss=0.5134 val_loss=0.5256 lr=3.91e-04 (14s)
  [Epoch 218] Batch 50/187 (27%)
  [Epoch 218] Batch 100/187 (53%)
  [Epoch 218] Batch 150/187 (80%)
[Epoch 218/700] train_loss=0.5146 val_loss=0.5139 lr=3.90e-04 (14s)
  [Epoch 219] Batch 50/187 (27%)
  [Epoch 219] Batch 100/187 (53%)
  [Epoch 219] Batch 150/187 (80%)
[Epoch 219/700] train_loss=0.5165 val_loss=0.5256 lr=3.89e-04 (14s)
  [Epoch 220] Batch 50/187 (27%)
  [Epoch 220] Batch 100/187 (53%)
  [Epoch 220] Batch 150/187 (80%)
[Epoch 220/700] train_loss=0.5155 val_loss=0.5154 lr=3.88e-04 (14s)
  [Epoch 221] Batch 50/187 (27%)
  [Epoch 221] Batch 100/187 (53%)
  [Epoch 221] Batch 150/187 (80%)
[Epoch 221/700] train_loss=0.5164 val_loss=0.5333 lr=3.87e-04 (13s)
  [Epoch 222] Batch 50/187 (27%)
  [Epoch 222] Batch 100/187 (53%)
  [Epoch 222] Batch 150/187 (80%)
[Epoch 222/700] train_loss=0.5194 val_loss=0.5325 lr=3.86e-04 (14s)
  [Epoch 223] Batch 50/187 (27%)
  [Epoch 223] Batch 100/187 (53%)
  [Epoch 223] Batch 150/187 (80%)
[Epoch 223/700] train_loss=0.5146 val_loss=0.5390 lr=3.85e-04 (14s)
  [Epoch 224] Batch 50/187 (27%)
  [Epoch 224] Batch 100/187 (53%)
  [Epoch 224] Batch 150/187 (80%)
[Epoch 224/700] train_loss=0.5173 val_loss=0.5265 lr=3.84e-04 (14s)
  [Epoch 225] Batch 50/187 (27%)
  [Epoch 225] Batch 100/187 (53%)
  [Epoch 225] Batch 150/187 (80%)
[Epoch 225/700] train_loss=0.5156 val_loss=0.5188 lr=3.83e-04 (14s)
  [Epoch 226] Batch 50/187 (27%)
  [Epoch 226] Batch 100/187 (53%)
  [Epoch 226] Batch 150/187 (80%)
[Epoch 226/700] train_loss=0.5144 val_loss=0.5278 lr=3.82e-04 (14s)
  [Epoch 227] Batch 50/187 (27%)
  [Epoch 227] Batch 100/187 (53%)
  [Epoch 227] Batch 150/187 (80%)
[Epoch 227/700] train_loss=0.5148 val_loss=0.5363 lr=3.81e-04 (14s)
  [Epoch 228] Batch 50/187 (27%)
  [Epoch 228] Batch 100/187 (53%)
  [Epoch 228] Batch 150/187 (80%)
[Epoch 228/700] train_loss=0.5170 val_loss=0.5239 lr=3.80e-04 (15s)
  [Epoch 229] Batch 50/187 (27%)
  [Epoch 229] Batch 100/187 (53%)
  [Epoch 229] Batch 150/187 (80%)
[Epoch 229/700] train_loss=0.5153 val_loss=0.5296 lr=3.79e-04 (14s)
  [Epoch 230] Batch 50/187 (27%)
  [Epoch 230] Batch 100/187 (53%)
  [Epoch 230] Batch 150/187 (80%)
[Epoch 230/700] train_loss=0.5117 val_loss=0.5224 lr=3.78e-04 (14s)
  [Epoch 231] Batch 50/187 (27%)
  [Epoch 231] Batch 100/187 (53%)
  [Epoch 231] Batch 150/187 (80%)
[Epoch 231/700] train_loss=0.5184 val_loss=0.5277 lr=3.77e-04 (14s)
  [Epoch 232] Batch 50/187 (27%)
  [Epoch 232] Batch 100/187 (53%)
  [Epoch 232] Batch 150/187 (80%)
[Epoch 232/700] train_loss=0.5156 val_loss=0.5305 lr=3.76e-04 (14s)
  [Epoch 233] Batch 50/187 (27%)
  [Epoch 233] Batch 100/187 (53%)
  [Epoch 233] Batch 150/187 (80%)
[Epoch 233/700] train_loss=0.5120 val_loss=0.5262 lr=3.75e-04 (14s)
  [Epoch 234] Batch 50/187 (27%)
  [Epoch 234] Batch 100/187 (53%)
  [Epoch 234] Batch 150/187 (80%)
[Epoch 234/700] train_loss=0.5115 val_loss=0.5295 lr=3.74e-04 (13s)
  [Epoch 235] Batch 50/187 (27%)
  [Epoch 235] Batch 100/187 (53%)
  [Epoch 235] Batch 150/187 (80%)
[Epoch 235/700] train_loss=0.5147 val_loss=0.5315 lr=3.73e-04 (14s)
  [Epoch 236] Batch 50/187 (27%)
  [Epoch 236] Batch 100/187 (53%)
  [Epoch 236] Batch 150/187 (80%)
[Epoch 236/700] train_loss=0.5107 val_loss=0.5266 lr=3.72e-04 (13s)
  [Epoch 237] Batch 50/187 (27%)
  [Epoch 237] Batch 100/187 (53%)
  [Epoch 237] Batch 150/187 (80%)
[Epoch 237/700] train_loss=0.5101 val_loss=0.5147 lr=3.71e-04 (14s)
  [Epoch 238] Batch 50/187 (27%)
  [Epoch 238] Batch 100/187 (53%)
  [Epoch 238] Batch 150/187 (80%)
[Epoch 238/700] train_loss=0.5155 val_loss=0.5286 lr=3.70e-04 (14s)
  [Epoch 239] Batch 50/187 (27%)
  [Epoch 239] Batch 100/187 (53%)
  [Epoch 239] Batch 150/187 (80%)
[Epoch 239/700] train_loss=0.5117 val_loss=0.5315 lr=3.69e-04 (14s)
  [Epoch 240] Batch 50/187 (27%)
  [Epoch 240] Batch 100/187 (53%)
  [Epoch 240] Batch 150/187 (80%)
[Epoch 240/700] train_loss=0.5134 val_loss=0.5340 lr=3.68e-04 (14s)
  [Epoch 241] Batch 50/187 (27%)
  [Epoch 241] Batch 100/187 (53%)
  [Epoch 241] Batch 150/187 (80%)
[Epoch 241/700] train_loss=0.5148 val_loss=0.5260 lr=3.67e-04 (14s)
  [Epoch 242] Batch 50/187 (27%)
  [Epoch 242] Batch 100/187 (53%)
  [Epoch 242] Batch 150/187 (80%)
[Epoch 242/700] train_loss=0.5160 val_loss=0.5277 lr=3.66e-04 (13s)
  [Epoch 243] Batch 50/187 (27%)
  [Epoch 243] Batch 100/187 (53%)
  [Epoch 243] Batch 150/187 (80%)
[Epoch 243/700] train_loss=0.5096 val_loss=0.5252 lr=3.65e-04 (15s)
  [Epoch 244] Batch 50/187 (27%)
  [Epoch 244] Batch 100/187 (53%)
  [Epoch 244] Batch 150/187 (80%)
[Epoch 244/700] train_loss=0.5157 val_loss=0.5145 lr=3.64e-04 (14s)
  [Epoch 245] Batch 50/187 (27%)
  [Epoch 245] Batch 100/187 (53%)
  [Epoch 245] Batch 150/187 (80%)
[Epoch 245/700] train_loss=0.5125 val_loss=0.5182 lr=3.63e-04 (14s)
  [Epoch 246] Batch 50/187 (27%)
  [Epoch 246] Batch 100/187 (53%)
  [Epoch 246] Batch 150/187 (80%)
[Epoch 246/700] train_loss=0.5086 val_loss=0.5283 lr=3.62e-04 (14s)
  [Epoch 247] Batch 50/187 (27%)
  [Epoch 247] Batch 100/187 (53%)
  [Epoch 247] Batch 150/187 (80%)
[Epoch 247/700] train_loss=0.5112 val_loss=0.5263 lr=3.61e-04 (14s)
  [Epoch 248] Batch 50/187 (27%)
  [Epoch 248] Batch 100/187 (53%)
  [Epoch 248] Batch 150/187 (80%)
[Epoch 248/700] train_loss=0.5140 val_loss=0.5234 lr=3.60e-04 (14s)
  [Epoch 249] Batch 50/187 (27%)
  [Epoch 249] Batch 100/187 (53%)
  [Epoch 249] Batch 150/187 (80%)
[Epoch 249/700] train_loss=0.5125 val_loss=0.5263 lr=3.59e-04 (14s)
  [Epoch 250] Batch 50/187 (27%)
  [Epoch 250] Batch 100/187 (53%)
  [Epoch 250] Batch 150/187 (80%)
[Epoch 250/700] train_loss=0.5123 val_loss=0.5318 lr=3.58e-04 (13s)
  [Epoch 251] Batch 50/187 (27%)
  [Epoch 251] Batch 100/187 (53%)
  [Epoch 251] Batch 150/187 (80%)
[Epoch 251/700] train_loss=0.5115 val_loss=0.5267 lr=3.57e-04 (13s)
  [Epoch 252] Batch 50/187 (27%)
  [Epoch 252] Batch 100/187 (53%)
  [Epoch 252] Batch 150/187 (80%)
[Epoch 252/700] train_loss=0.5099 val_loss=0.5131 lr=3.56e-04 (13s)
  [Epoch 253] Batch 50/187 (27%)
  [Epoch 253] Batch 100/187 (53%)
  [Epoch 253] Batch 150/187 (80%)
[Epoch 253/700] train_loss=0.5090 val_loss=0.5167 lr=3.55e-04 (13s)
  [Epoch 254] Batch 50/187 (27%)
  [Epoch 254] Batch 100/187 (53%)
  [Epoch 254] Batch 150/187 (80%)
[Epoch 254/700] train_loss=0.5114 val_loss=0.5116 lr=3.54e-04 (13s)
  [Epoch 255] Batch 50/187 (27%)
  [Epoch 255] Batch 100/187 (53%)
  [Epoch 255] Batch 150/187 (80%)
[Epoch 255/700] train_loss=0.5116 val_loss=0.5289 lr=3.53e-04 (14s)
  [Epoch 256] Batch 50/187 (27%)
  [Epoch 256] Batch 100/187 (53%)
  [Epoch 256] Batch 150/187 (80%)
[Epoch 256/700] train_loss=0.5139 val_loss=0.5280 lr=3.52e-04 (14s)
  [Epoch 257] Batch 50/187 (27%)
  [Epoch 257] Batch 100/187 (53%)
  [Epoch 257] Batch 150/187 (80%)
[Epoch 257/700] train_loss=0.5096 val_loss=0.5279 lr=3.51e-04 (15s)
  [Epoch 258] Batch 50/187 (27%)
  [Epoch 258] Batch 100/187 (53%)
  [Epoch 258] Batch 150/187 (80%)
[Epoch 258/700] train_loss=0.5085 val_loss=0.5266 lr=3.50e-04 (14s)
  [Epoch 259] Batch 50/187 (27%)
  [Epoch 259] Batch 100/187 (53%)
  [Epoch 259] Batch 150/187 (80%)
[Epoch 259/700] train_loss=0.5089 val_loss=0.5208 lr=3.49e-04 (14s)
  [Epoch 260] Batch 50/187 (27%)
  [Epoch 260] Batch 100/187 (53%)
  [Epoch 260] Batch 150/187 (80%)
[Epoch 260/700] train_loss=0.5058 val_loss=0.5168 lr=3.48e-04 (14s)
  [Epoch 261] Batch 50/187 (27%)
  [Epoch 261] Batch 100/187 (53%)
  [Epoch 261] Batch 150/187 (80%)
[Epoch 261/700] train_loss=0.5077 val_loss=0.5165 lr=3.47e-04 (14s)
  [Epoch 262] Batch 50/187 (27%)
  [Epoch 262] Batch 100/187 (53%)
  [Epoch 262] Batch 150/187 (80%)
[Epoch 262/700] train_loss=0.5089 val_loss=0.5251 lr=3.46e-04 (13s)
  [Epoch 263] Batch 50/187 (27%)
  [Epoch 263] Batch 100/187 (53%)
  [Epoch 263] Batch 150/187 (80%)
[Epoch 263/700] train_loss=0.5138 val_loss=0.5222 lr=3.45e-04 (13s)
  [Epoch 264] Batch 50/187 (27%)
  [Epoch 264] Batch 100/187 (53%)
  [Epoch 264] Batch 150/187 (80%)
[Epoch 264/700] train_loss=0.5045 val_loss=0.5307 lr=3.44e-04 (13s)
  [Epoch 265] Batch 50/187 (27%)
  [Epoch 265] Batch 100/187 (53%)
  [Epoch 265] Batch 150/187 (80%)
[Epoch 265/700] train_loss=0.5076 val_loss=0.5138 lr=3.43e-04 (14s)
  [Epoch 266] Batch 50/187 (27%)
  [Epoch 266] Batch 100/187 (53%)
  [Epoch 266] Batch 150/187 (80%)
[Epoch 266/700] train_loss=0.5032 val_loss=0.5261 lr=3.42e-04 (14s)
  [Epoch 267] Batch 50/187 (27%)
  [Epoch 267] Batch 100/187 (53%)
  [Epoch 267] Batch 150/187 (80%)
[Epoch 267/700] train_loss=0.5099 val_loss=0.5234 lr=3.41e-04 (14s)
  [Epoch 268] Batch 50/187 (27%)
  [Epoch 268] Batch 100/187 (53%)
  [Epoch 268] Batch 150/187 (80%)
[Epoch 268/700] train_loss=0.5069 val_loss=0.5220 lr=3.40e-04 (14s)
  [Epoch 269] Batch 50/187 (27%)
  [Epoch 269] Batch 100/187 (53%)
  [Epoch 269] Batch 150/187 (80%)
[Epoch 269/700] train_loss=0.5064 val_loss=0.5205 lr=3.39e-04 (14s)
  [Epoch 270] Batch 50/187 (27%)
  [Epoch 270] Batch 100/187 (53%)
  [Epoch 270] Batch 150/187 (80%)
[Epoch 270/700] train_loss=0.5100 val_loss=0.5224 lr=3.38e-04 (14s)
  [Epoch 271] Batch 50/187 (27%)
  [Epoch 271] Batch 100/187 (53%)
  [Epoch 271] Batch 150/187 (80%)
[Epoch 271/700] train_loss=0.5069 val_loss=0.5241 lr=3.37e-04 (14s)
  [Epoch 272] Batch 50/187 (27%)
  [Epoch 272] Batch 100/187 (53%)
  [Epoch 272] Batch 150/187 (80%)
[Epoch 272/700] train_loss=0.5082 val_loss=0.5079 lr=3.36e-04 (14s)
  [Epoch 273] Batch 50/187 (27%)
  [Epoch 273] Batch 100/187 (53%)
  [Epoch 273] Batch 150/187 (80%)
[Epoch 273/700] train_loss=0.5058 val_loss=0.5235 lr=3.35e-04 (14s)
  [Epoch 274] Batch 50/187 (27%)
  [Epoch 274] Batch 100/187 (53%)
  [Epoch 274] Batch 150/187 (80%)
[Epoch 274/700] train_loss=0.5090 val_loss=0.5305 lr=3.34e-04 (14s)
  [Epoch 275] Batch 50/187 (27%)
  [Epoch 275] Batch 100/187 (53%)
  [Epoch 275] Batch 150/187 (80%)
[Epoch 275/700] train_loss=0.5058 val_loss=0.5276 lr=3.33e-04 (14s)
  [Epoch 276] Batch 50/187 (27%)
  [Epoch 276] Batch 100/187 (53%)
  [Epoch 276] Batch 150/187 (80%)
[Epoch 276/700] train_loss=0.5073 val_loss=0.5201 lr=3.32e-04 (14s)
  [Epoch 277] Batch 50/187 (27%)
  [Epoch 277] Batch 100/187 (53%)
  [Epoch 277] Batch 150/187 (80%)
[Epoch 277/700] train_loss=0.5030 val_loss=0.5245 lr=3.30e-04 (14s)
  [Epoch 278] Batch 50/187 (27%)
  [Epoch 278] Batch 100/187 (53%)
  [Epoch 278] Batch 150/187 (80%)
[Epoch 278/700] train_loss=0.5039 val_loss=0.5096 lr=3.29e-04 (14s)
  [Epoch 279] Batch 50/187 (27%)
  [Epoch 279] Batch 100/187 (53%)
  [Epoch 279] Batch 150/187 (80%)
[Epoch 279/700] train_loss=0.5046 val_loss=0.5193 lr=3.28e-04 (14s)
  [Epoch 280] Batch 50/187 (27%)
  [Epoch 280] Batch 100/187 (53%)
  [Epoch 280] Batch 150/187 (80%)
[Epoch 280/700] train_loss=0.5089 val_loss=0.5079 lr=3.27e-04 (14s)
  [Epoch 281] Batch 50/187 (27%)
  [Epoch 281] Batch 100/187 (53%)
  [Epoch 281] Batch 150/187 (80%)
[Epoch 281/700] train_loss=0.5066 val_loss=0.5316 lr=3.26e-04 (14s)
  [Epoch 282] Batch 50/187 (27%)
  [Epoch 282] Batch 100/187 (53%)
  [Epoch 282] Batch 150/187 (80%)
[Epoch 282/700] train_loss=0.5053 val_loss=0.5208 lr=3.25e-04 (14s)
  [Epoch 283] Batch 50/187 (27%)
  [Epoch 283] Batch 100/187 (53%)
  [Epoch 283] Batch 150/187 (80%)
[Epoch 283/700] train_loss=0.5011 val_loss=0.5193 lr=3.24e-04 (14s)
  [Epoch 284] Batch 50/187 (27%)
  [Epoch 284] Batch 100/187 (53%)
  [Epoch 284] Batch 150/187 (80%)
[Epoch 284/700] train_loss=0.5063 val_loss=0.5176 lr=3.23e-04 (14s)
  [Epoch 285] Batch 50/187 (27%)
  [Epoch 285] Batch 100/187 (53%)
  [Epoch 285] Batch 150/187 (80%)
[Epoch 285/700] train_loss=0.5023 val_loss=0.5286 lr=3.22e-04 (14s)
  [Epoch 286] Batch 50/187 (27%)
  [Epoch 286] Batch 100/187 (53%)
  [Epoch 286] Batch 150/187 (80%)
[Epoch 286/700] train_loss=0.5008 val_loss=0.5177 lr=3.21e-04 (16s)
  [Epoch 287] Batch 50/187 (27%)
  [Epoch 287] Batch 100/187 (53%)
  [Epoch 287] Batch 150/187 (80%)
[Epoch 287/700] train_loss=0.5012 val_loss=0.5098 lr=3.20e-04 (16s)
  [Epoch 288] Batch 50/187 (27%)
  [Epoch 288] Batch 100/187 (53%)
  [Epoch 288] Batch 150/187 (80%)
[Epoch 288/700] train_loss=0.5090 val_loss=0.5136 lr=3.19e-04 (14s)
  [Epoch 289] Batch 50/187 (27%)
  [Epoch 289] Batch 100/187 (53%)
  [Epoch 289] Batch 150/187 (80%)
[Epoch 289/700] train_loss=0.5017 val_loss=0.5276 lr=3.18e-04 (14s)
  [Epoch 290] Batch 50/187 (27%)
  [Epoch 290] Batch 100/187 (53%)
  [Epoch 290] Batch 150/187 (80%)
[Epoch 290/700] train_loss=0.5066 val_loss=0.5101 lr=3.17e-04 (14s)
  [Epoch 291] Batch 50/187 (27%)
  [Epoch 291] Batch 100/187 (53%)
  [Epoch 291] Batch 150/187 (80%)
[Epoch 291/700] train_loss=0.5059 val_loss=0.5203 lr=3.15e-04 (14s)
  [Epoch 292] Batch 50/187 (27%)
  [Epoch 292] Batch 100/187 (53%)
  [Epoch 292] Batch 150/187 (80%)
[Epoch 292/700] train_loss=0.5030 val_loss=0.5285 lr=3.14e-04 (14s)
  [Epoch 293] Batch 50/187 (27%)
  [Epoch 293] Batch 100/187 (53%)
  [Epoch 293] Batch 150/187 (80%)
[Epoch 293/700] train_loss=0.5055 val_loss=0.5250 lr=3.13e-04 (15s)
  [Epoch 294] Batch 50/187 (27%)
  [Epoch 294] Batch 100/187 (53%)
  [Epoch 294] Batch 150/187 (80%)
[Epoch 294/700] train_loss=0.4981 val_loss=0.5204 lr=3.12e-04 (14s)
  [Epoch 295] Batch 50/187 (27%)
  [Epoch 295] Batch 100/187 (53%)
  [Epoch 295] Batch 150/187 (80%)
[Epoch 295/700] train_loss=0.5021 val_loss=0.5245 lr=3.11e-04 (14s)
  [Epoch 296] Batch 50/187 (27%)
  [Epoch 296] Batch 100/187 (53%)
  [Epoch 296] Batch 150/187 (80%)
[Epoch 296/700] train_loss=0.5027 val_loss=0.5285 lr=3.10e-04 (15s)
  [Epoch 297] Batch 50/187 (27%)
  [Epoch 297] Batch 100/187 (53%)
  [Epoch 297] Batch 150/187 (80%)
[Epoch 297/700] train_loss=0.5028 val_loss=0.5146 lr=3.09e-04 (16s)
  [Epoch 298] Batch 50/187 (27%)
  [Epoch 298] Batch 100/187 (53%)
  [Epoch 298] Batch 150/187 (80%)
[Epoch 298/700] train_loss=0.5060 val_loss=0.5266 lr=3.08e-04 (14s)
  [Epoch 299] Batch 50/187 (27%)
  [Epoch 299] Batch 100/187 (53%)
  [Epoch 299] Batch 150/187 (80%)
[Epoch 299/700] train_loss=0.5057 val_loss=0.5348 lr=3.07e-04 (13s)
  [Epoch 300] Batch 50/187 (27%)
  [Epoch 300] Batch 100/187 (53%)
  [Epoch 300] Batch 150/187 (80%)
[Epoch 300/700] train_loss=0.5018 val_loss=0.5131 lr=3.06e-04 (13s)
  [Epoch 301] Batch 50/187 (27%)
  [Epoch 301] Batch 100/187 (53%)
  [Epoch 301] Batch 150/187 (80%)
[Epoch 301/700] train_loss=0.4977 val_loss=0.5188 lr=3.05e-04 (14s)
  [Epoch 302] Batch 50/187 (27%)
  [Epoch 302] Batch 100/187 (53%)
  [Epoch 302] Batch 150/187 (80%)
[Epoch 302/700] train_loss=0.4991 val_loss=0.5181 lr=3.03e-04 (13s)
  [Epoch 303] Batch 50/187 (27%)
  [Epoch 303] Batch 100/187 (53%)
  [Epoch 303] Batch 150/187 (80%)
[Epoch 303/700] train_loss=0.5037 val_loss=0.5141 lr=3.02e-04 (14s)
  [Epoch 304] Batch 50/187 (27%)
  [Epoch 304] Batch 100/187 (53%)
  [Epoch 304] Batch 150/187 (80%)
[Epoch 304/700] train_loss=0.5001 val_loss=0.5106 lr=3.01e-04 (15s)
  [Epoch 305] Batch 50/187 (27%)
  [Epoch 305] Batch 100/187 (53%)
  [Epoch 305] Batch 150/187 (80%)
[Epoch 305/700] train_loss=0.5014 val_loss=0.5240 lr=3.00e-04 (15s)
  [Epoch 306] Batch 50/187 (27%)
  [Epoch 306] Batch 100/187 (53%)
  [Epoch 306] Batch 150/187 (80%)
[Epoch 306/700] train_loss=0.4971 val_loss=0.5146 lr=2.99e-04 (13s)
  [Epoch 307] Batch 50/187 (27%)
  [Epoch 307] Batch 100/187 (53%)
  [Epoch 307] Batch 150/187 (80%)
[Epoch 307/700] train_loss=0.5029 val_loss=0.5208 lr=2.98e-04 (13s)
  [Epoch 308] Batch 50/187 (27%)
  [Epoch 308] Batch 100/187 (53%)
  [Epoch 308] Batch 150/187 (80%)
[Epoch 308/700] train_loss=0.5015 val_loss=0.5291 lr=2.97e-04 (13s)
  [Epoch 309] Batch 50/187 (27%)
  [Epoch 309] Batch 100/187 (53%)
  [Epoch 309] Batch 150/187 (80%)
[Epoch 309/700] train_loss=0.5012 val_loss=0.5130 lr=2.96e-04 (13s)
  [Epoch 310] Batch 50/187 (27%)
  [Epoch 310] Batch 100/187 (53%)
  [Epoch 310] Batch 150/187 (80%)
[Epoch 310/700] train_loss=0.4962 val_loss=0.5231 lr=2.95e-04 (14s)
  [Epoch 311] Batch 50/187 (27%)
  [Epoch 311] Batch 100/187 (53%)
  [Epoch 311] Batch 150/187 (80%)
[Epoch 311/700] train_loss=0.5002 val_loss=0.5267 lr=2.94e-04 (13s)
  [Epoch 312] Batch 50/187 (27%)
  [Epoch 312] Batch 100/187 (53%)
  [Epoch 312] Batch 150/187 (80%)
[Epoch 312/700] train_loss=0.4990 val_loss=0.5202 lr=2.92e-04 (13s)
  [Epoch 313] Batch 50/187 (27%)
  [Epoch 313] Batch 100/187 (53%)
  [Epoch 313] Batch 150/187 (80%)
[Epoch 313/700] train_loss=0.5005 val_loss=0.5277 lr=2.91e-04 (13s)
  [Epoch 314] Batch 50/187 (27%)
  [Epoch 314] Batch 100/187 (53%)
  [Epoch 314] Batch 150/187 (80%)
[Epoch 314/700] train_loss=0.4931 val_loss=0.5181 lr=2.90e-04 (13s)
  [Epoch 315] Batch 50/187 (27%)
  [Epoch 315] Batch 100/187 (53%)
  [Epoch 315] Batch 150/187 (80%)
[Epoch 315/700] train_loss=0.4943 val_loss=0.5186 lr=2.89e-04 (13s)
  [Epoch 316] Batch 50/187 (27%)
  [Epoch 316] Batch 100/187 (53%)
  [Epoch 316] Batch 150/187 (80%)
[Epoch 316/700] train_loss=0.4989 val_loss=0.5109 lr=2.88e-04 (13s)
  [Epoch 317] Batch 50/187 (27%)
  [Epoch 317] Batch 100/187 (53%)
  [Epoch 317] Batch 150/187 (80%)
[Epoch 317/700] train_loss=0.4933 val_loss=0.5161 lr=2.87e-04 (14s)
  [Epoch 318] Batch 50/187 (27%)
  [Epoch 318] Batch 100/187 (53%)
  [Epoch 318] Batch 150/187 (80%)
[Epoch 318/700] train_loss=0.4938 val_loss=0.5333 lr=2.86e-04 (13s)
  [Epoch 319] Batch 50/187 (27%)
  [Epoch 319] Batch 100/187 (53%)
  [Epoch 319] Batch 150/187 (80%)
[Epoch 319/700] train_loss=0.4948 val_loss=0.5217 lr=2.85e-04 (14s)
  [Epoch 320] Batch 50/187 (27%)
  [Epoch 320] Batch 100/187 (53%)
  [Epoch 320] Batch 150/187 (80%)
[Epoch 320/700] train_loss=0.4989 val_loss=0.5124 lr=2.84e-04 (15s)
  [Epoch 321] Batch 50/187 (27%)
  [Epoch 321] Batch 100/187 (53%)
  [Epoch 321] Batch 150/187 (80%)
[Epoch 321/700] train_loss=0.5000 val_loss=0.5200 lr=2.82e-04 (13s)
  [Epoch 322] Batch 50/187 (27%)
  [Epoch 322] Batch 100/187 (53%)
  [Epoch 322] Batch 150/187 (80%)
[Epoch 322/700] train_loss=0.4984 val_loss=0.5220 lr=2.81e-04 (14s)
  [Epoch 323] Batch 50/187 (27%)
  [Epoch 323] Batch 100/187 (53%)
  [Epoch 323] Batch 150/187 (80%)
[Epoch 323/700] train_loss=0.4939 val_loss=0.5170 lr=2.80e-04 (13s)
  [Epoch 324] Batch 50/187 (27%)
  [Epoch 324] Batch 100/187 (53%)
  [Epoch 324] Batch 150/187 (80%)
[Epoch 324/700] train_loss=0.5011 val_loss=0.5262 lr=2.79e-04 (14s)
  [Epoch 325] Batch 50/187 (27%)
  [Epoch 325] Batch 100/187 (53%)
  [Epoch 325] Batch 150/187 (80%)
[Epoch 325/700] train_loss=0.5017 val_loss=0.5109 lr=2.78e-04 (14s)
  [Epoch 326] Batch 50/187 (27%)
  [Epoch 326] Batch 100/187 (53%)
  [Epoch 326] Batch 150/187 (80%)
[Epoch 326/700] train_loss=0.5000 val_loss=0.5129 lr=2.77e-04 (13s)
  [Epoch 327] Batch 50/187 (27%)
  [Epoch 327] Batch 100/187 (53%)
  [Epoch 327] Batch 150/187 (80%)
[Epoch 327/700] train_loss=0.4968 val_loss=0.5224 lr=2.76e-04 (14s)
  [Epoch 328] Batch 50/187 (27%)
  [Epoch 328] Batch 100/187 (53%)
  [Epoch 328] Batch 150/187 (80%)
[Epoch 328/700] train_loss=0.4988 val_loss=0.5188 lr=2.75e-04 (14s)
  [Epoch 329] Batch 50/187 (27%)
  [Epoch 329] Batch 100/187 (53%)
  [Epoch 329] Batch 150/187 (80%)
[Epoch 329/700] train_loss=0.4981 val_loss=0.5285 lr=2.74e-04 (14s)
  [Epoch 330] Batch 50/187 (27%)
  [Epoch 330] Batch 100/187 (53%)
  [Epoch 330] Batch 150/187 (80%)
[Epoch 330/700] train_loss=0.4982 val_loss=0.5253 lr=2.72e-04 (14s)
  [Epoch 331] Batch 50/187 (27%)
  [Epoch 331] Batch 100/187 (53%)
  [Epoch 331] Batch 150/187 (80%)
[Epoch 331/700] train_loss=0.4955 val_loss=0.5244 lr=2.71e-04 (14s)
  [Epoch 332] Batch 50/187 (27%)
  [Epoch 332] Batch 100/187 (53%)
  [Epoch 332] Batch 150/187 (80%)
[Epoch 332/700] train_loss=0.5014 val_loss=0.5198 lr=2.70e-04 (13s)
  [Epoch 333] Batch 50/187 (27%)
  [Epoch 333] Batch 100/187 (53%)
  [Epoch 333] Batch 150/187 (80%)
[Epoch 333/700] train_loss=0.4938 val_loss=0.5138 lr=2.69e-04 (15s)
  [Epoch 334] Batch 50/187 (27%)
  [Epoch 334] Batch 100/187 (53%)
  [Epoch 334] Batch 150/187 (80%)
[Epoch 334/700] train_loss=0.4907 val_loss=0.5278 lr=2.68e-04 (13s)
  [Epoch 335] Batch 50/187 (27%)
  [Epoch 335] Batch 100/187 (53%)
  [Epoch 335] Batch 150/187 (80%)
[Epoch 335/700] train_loss=0.4952 val_loss=0.5157 lr=2.67e-04 (14s)
  [Epoch 336] Batch 50/187 (27%)
  [Epoch 336] Batch 100/187 (53%)
  [Epoch 336] Batch 150/187 (80%)
[Epoch 336/700] train_loss=0.4979 val_loss=0.5186 lr=2.66e-04 (13s)
  [Epoch 337] Batch 50/187 (27%)
  [Epoch 337] Batch 100/187 (53%)
  [Epoch 337] Batch 150/187 (80%)
[Epoch 337/700] train_loss=0.4984 val_loss=0.5277 lr=2.65e-04 (13s)
  [Epoch 338] Batch 50/187 (27%)
  [Epoch 338] Batch 100/187 (53%)
  [Epoch 338] Batch 150/187 (80%)
[Epoch 338/700] train_loss=0.4932 val_loss=0.5324 lr=2.63e-04 (13s)
  [Epoch 339] Batch 50/187 (27%)
  [Epoch 339] Batch 100/187 (53%)
  [Epoch 339] Batch 150/187 (80%)
[Epoch 339/700] train_loss=0.4921 val_loss=0.5240 lr=2.62e-04 (13s)
  [Epoch 340] Batch 50/187 (27%)
  [Epoch 340] Batch 100/187 (53%)
  [Epoch 340] Batch 150/187 (80%)
[Epoch 340/700] train_loss=0.4957 val_loss=0.5052 lr=2.61e-04 (13s)
  [Epoch 341] Batch 50/187 (27%)
  [Epoch 341] Batch 100/187 (53%)
  [Epoch 341] Batch 150/187 (80%)
[Epoch 341/700] train_loss=0.4949 val_loss=0.5202 lr=2.60e-04 (14s)
  [Epoch 342] Batch 50/187 (27%)
  [Epoch 342] Batch 100/187 (53%)
  [Epoch 342] Batch 150/187 (80%)
[Epoch 342/700] train_loss=0.4965 val_loss=0.5270 lr=2.59e-04 (14s)
  [Epoch 343] Batch 50/187 (27%)
  [Epoch 343] Batch 100/187 (53%)
  [Epoch 343] Batch 150/187 (80%)
[Epoch 343/700] train_loss=0.4942 val_loss=0.5130 lr=2.58e-04 (13s)
  [Epoch 344] Batch 50/187 (27%)
  [Epoch 344] Batch 100/187 (53%)
  [Epoch 344] Batch 150/187 (80%)
[Epoch 344/700] train_loss=0.4958 val_loss=0.5195 lr=2.57e-04 (15s)
  [Epoch 345] Batch 50/187 (27%)
  [Epoch 345] Batch 100/187 (53%)
  [Epoch 345] Batch 150/187 (80%)
[Epoch 345/700] train_loss=0.4967 val_loss=0.5208 lr=2.56e-04 (13s)
  [Epoch 346] Batch 50/187 (27%)
  [Epoch 346] Batch 100/187 (53%)
  [Epoch 346] Batch 150/187 (80%)
[Epoch 346/700] train_loss=0.4926 val_loss=0.5197 lr=2.54e-04 (14s)
  [Epoch 347] Batch 50/187 (27%)
  [Epoch 347] Batch 100/187 (53%)
  [Epoch 347] Batch 150/187 (80%)
[Epoch 347/700] train_loss=0.4904 val_loss=0.5198 lr=2.53e-04 (14s)
  [Epoch 348] Batch 50/187 (27%)
  [Epoch 348] Batch 100/187 (53%)
  [Epoch 348] Batch 150/187 (80%)
[Epoch 348/700] train_loss=0.4914 val_loss=0.5272 lr=2.52e-04 (14s)
  [Epoch 349] Batch 50/187 (27%)
  [Epoch 349] Batch 100/187 (53%)
  [Epoch 349] Batch 150/187 (80%)
[Epoch 349/700] train_loss=0.4914 val_loss=0.5136 lr=2.51e-04 (14s)
  [Epoch 350] Batch 50/187 (27%)
  [Epoch 350] Batch 100/187 (53%)
  [Epoch 350] Batch 150/187 (80%)
[Epoch 350/700] train_loss=0.4899 val_loss=0.5295 lr=2.50e-04 (13s)
  [Epoch 351] Batch 50/187 (27%)
  [Epoch 351] Batch 100/187 (53%)
  [Epoch 351] Batch 150/187 (80%)
[Epoch 351/700] train_loss=0.4918 val_loss=0.5160 lr=2.49e-04 (13s)
  [Epoch 352] Batch 50/187 (27%)
  [Epoch 352] Batch 100/187 (53%)
  [Epoch 352] Batch 150/187 (80%)
[Epoch 352/700] train_loss=0.4917 val_loss=0.5224 lr=2.48e-04 (14s)
  [Epoch 353] Batch 50/187 (27%)
  [Epoch 353] Batch 100/187 (53%)
  [Epoch 353] Batch 150/187 (80%)
[Epoch 353/700] train_loss=0.4910 val_loss=0.5278 lr=2.47e-04 (13s)
  [Epoch 354] Batch 50/187 (27%)
  [Epoch 354] Batch 100/187 (53%)
  [Epoch 354] Batch 150/187 (80%)
[Epoch 354/700] train_loss=0.4955 val_loss=0.5165 lr=2.46e-04 (13s)
  [Epoch 355] Batch 50/187 (27%)
  [Epoch 355] Batch 100/187 (53%)
  [Epoch 355] Batch 150/187 (80%)
[Epoch 355/700] train_loss=0.4911 val_loss=0.5258 lr=2.44e-04 (14s)
  [Epoch 356] Batch 50/187 (27%)
  [Epoch 356] Batch 100/187 (53%)
  [Epoch 356] Batch 150/187 (80%)
[Epoch 356/700] train_loss=0.4895 val_loss=0.5305 lr=2.43e-04 (13s)
  [Epoch 357] Batch 50/187 (27%)
  [Epoch 357] Batch 100/187 (53%)
  [Epoch 357] Batch 150/187 (80%)
[Epoch 357/700] train_loss=0.4957 val_loss=0.5252 lr=2.42e-04 (13s)
  [Epoch 358] Batch 50/187 (27%)
  [Epoch 358] Batch 100/187 (53%)
  [Epoch 358] Batch 150/187 (80%)
[Epoch 358/700] train_loss=0.4930 val_loss=0.5263 lr=2.41e-04 (14s)
  [Epoch 359] Batch 50/187 (27%)
  [Epoch 359] Batch 100/187 (53%)
  [Epoch 359] Batch 150/187 (80%)
[Epoch 359/700] train_loss=0.4889 val_loss=0.5272 lr=2.40e-04 (14s)
  [Epoch 360] Batch 50/187 (27%)
  [Epoch 360] Batch 100/187 (53%)
  [Epoch 360] Batch 150/187 (80%)
[Epoch 360/700] train_loss=0.4889 val_loss=0.5189 lr=2.39e-04 (13s)
  [Epoch 361] Batch 50/187 (27%)
  [Epoch 361] Batch 100/187 (53%)
  [Epoch 361] Batch 150/187 (80%)
[Epoch 361/700] train_loss=0.4888 val_loss=0.5186 lr=2.38e-04 (13s)
  [Epoch 362] Batch 50/187 (27%)
  [Epoch 362] Batch 100/187 (53%)
  [Epoch 362] Batch 150/187 (80%)
[Epoch 362/700] train_loss=0.4923 val_loss=0.5254 lr=2.37e-04 (14s)
  [Epoch 363] Batch 50/187 (27%)
  [Epoch 363] Batch 100/187 (53%)
  [Epoch 363] Batch 150/187 (80%)
[Epoch 363/700] train_loss=0.4923 val_loss=0.5240 lr=2.35e-04 (15s)
  [Epoch 364] Batch 50/187 (27%)
  [Epoch 364] Batch 100/187 (53%)
  [Epoch 364] Batch 150/187 (80%)
[Epoch 364/700] train_loss=0.4898 val_loss=0.5306 lr=2.34e-04 (14s)
  [Epoch 365] Batch 50/187 (27%)
  [Epoch 365] Batch 100/187 (53%)
  [Epoch 365] Batch 150/187 (80%)
[Epoch 365/700] train_loss=0.4884 val_loss=0.5197 lr=2.33e-04 (15s)
  [Epoch 366] Batch 50/187 (27%)
  [Epoch 366] Batch 100/187 (53%)
  [Epoch 366] Batch 150/187 (80%)
[Epoch 366/700] train_loss=0.4916 val_loss=0.5201 lr=2.32e-04 (15s)
  [Epoch 367] Batch 50/187 (27%)
  [Epoch 367] Batch 100/187 (53%)
  [Epoch 367] Batch 150/187 (80%)
[Epoch 367/700] train_loss=0.4900 val_loss=0.5241 lr=2.31e-04 (15s)
  [Epoch 368] Batch 50/187 (27%)
  [Epoch 368] Batch 100/187 (53%)
  [Epoch 368] Batch 150/187 (80%)
[Epoch 368/700] train_loss=0.4864 val_loss=0.5137 lr=2.30e-04 (14s)
  [Epoch 369] Batch 50/187 (27%)
  [Epoch 369] Batch 100/187 (53%)
  [Epoch 369] Batch 150/187 (80%)
[Epoch 369/700] train_loss=0.4904 val_loss=0.5322 lr=2.29e-04 (14s)
  [Epoch 370] Batch 50/187 (27%)
  [Epoch 370] Batch 100/187 (53%)
  [Epoch 370] Batch 150/187 (80%)
[Epoch 370/700] train_loss=0.4893 val_loss=0.5248 lr=2.28e-04 (13s)
  [Epoch 371] Batch 50/187 (27%)
  [Epoch 371] Batch 100/187 (53%)
  [Epoch 371] Batch 150/187 (80%)
[Epoch 371/700] train_loss=0.4925 val_loss=0.5184 lr=2.26e-04 (13s)
  [Epoch 372] Batch 50/187 (27%)
  [Epoch 372] Batch 100/187 (53%)
  [Epoch 372] Batch 150/187 (80%)
[Epoch 372/700] train_loss=0.4903 val_loss=0.5077 lr=2.25e-04 (14s)
  [Epoch 373] Batch 50/187 (27%)
  [Epoch 373] Batch 100/187 (53%)
  [Epoch 373] Batch 150/187 (80%)
[Epoch 373/700] train_loss=0.4887 val_loss=0.5238 lr=2.24e-04 (14s)
  [Epoch 374] Batch 50/187 (27%)
  [Epoch 374] Batch 100/187 (53%)
  [Epoch 374] Batch 150/187 (80%)
[Epoch 374/700] train_loss=0.4862 val_loss=0.5219 lr=2.23e-04 (14s)
  [Epoch 375] Batch 50/187 (27%)
  [Epoch 375] Batch 100/187 (53%)
  [Epoch 375] Batch 150/187 (80%)
[Epoch 375/700] train_loss=0.4880 val_loss=0.5291 lr=2.22e-04 (13s)
  [Epoch 376] Batch 50/187 (27%)
  [Epoch 376] Batch 100/187 (53%)
  [Epoch 376] Batch 150/187 (80%)
[Epoch 376/700] train_loss=0.4850 val_loss=0.5320 lr=2.21e-04 (14s)
  [Epoch 377] Batch 50/187 (27%)
  [Epoch 377] Batch 100/187 (53%)
  [Epoch 377] Batch 150/187 (80%)
[Epoch 377/700] train_loss=0.4872 val_loss=0.5301 lr=2.20e-04 (13s)
  [Epoch 378] Batch 50/187 (27%)
  [Epoch 378] Batch 100/187 (53%)
  [Epoch 378] Batch 150/187 (80%)
[Epoch 378/700] train_loss=0.4868 val_loss=0.5167 lr=2.19e-04 (13s)
  [Epoch 379] Batch 50/187 (27%)
  [Epoch 379] Batch 100/187 (53%)
  [Epoch 379] Batch 150/187 (80%)
[Epoch 379/700] train_loss=0.4875 val_loss=0.5289 lr=2.18e-04 (13s)
  [Epoch 380] Batch 50/187 (27%)
  [Epoch 380] Batch 100/187 (53%)
  [Epoch 380] Batch 150/187 (80%)
[Epoch 380/700] train_loss=0.4847 val_loss=0.5264 lr=2.16e-04 (14s)
  [Epoch 381] Batch 50/187 (27%)
  [Epoch 381] Batch 100/187 (53%)
  [Epoch 381] Batch 150/187 (80%)
[Epoch 381/700] train_loss=0.4819 val_loss=0.5191 lr=2.15e-04 (13s)
  [Epoch 382] Batch 50/187 (27%)
  [Epoch 382] Batch 100/187 (53%)
  [Epoch 382] Batch 150/187 (80%)
[Epoch 382/700] train_loss=0.4874 val_loss=0.5155 lr=2.14e-04 (13s)
  [Epoch 383] Batch 50/187 (27%)
  [Epoch 383] Batch 100/187 (53%)
  [Epoch 383] Batch 150/187 (80%)
[Epoch 383/700] train_loss=0.4847 val_loss=0.5232 lr=2.13e-04 (13s)
  [Epoch 384] Batch 50/187 (27%)
  [Epoch 384] Batch 100/187 (53%)
  [Epoch 384] Batch 150/187 (80%)
[Epoch 384/700] train_loss=0.4868 val_loss=0.5234 lr=2.12e-04 (14s)
  [Epoch 385] Batch 50/187 (27%)
  [Epoch 385] Batch 100/187 (53%)
  [Epoch 385] Batch 150/187 (80%)
[Epoch 385/700] train_loss=0.4817 val_loss=0.5119 lr=2.11e-04 (13s)
  [Epoch 386] Batch 50/187 (27%)
  [Epoch 386] Batch 100/187 (53%)
  [Epoch 386] Batch 150/187 (80%)
[Epoch 386/700] train_loss=0.4839 val_loss=0.5082 lr=2.10e-04 (14s)
  [Epoch 387] Batch 50/187 (27%)
  [Epoch 387] Batch 100/187 (53%)
  [Epoch 387] Batch 150/187 (80%)
[Epoch 387/700] train_loss=0.4859 val_loss=0.5256 lr=2.09e-04 (14s)
  [Epoch 388] Batch 50/187 (27%)
  [Epoch 388] Batch 100/187 (53%)
  [Epoch 388] Batch 150/187 (80%)
[Epoch 388/700] train_loss=0.4852 val_loss=0.5303 lr=2.08e-04 (14s)
  [Epoch 389] Batch 50/187 (27%)
  [Epoch 389] Batch 100/187 (53%)
  [Epoch 389] Batch 150/187 (80%)
[Epoch 389/700] train_loss=0.4865 val_loss=0.5221 lr=2.06e-04 (14s)
  [Epoch 390] Batch 50/187 (27%)
  [Epoch 390] Batch 100/187 (53%)
  [Epoch 390] Batch 150/187 (80%)
[Epoch 390/700] train_loss=0.4877 val_loss=0.5312 lr=2.05e-04 (14s)
  [Epoch 391] Batch 50/187 (27%)
  [Epoch 391] Batch 100/187 (53%)
  [Epoch 391] Batch 150/187 (80%)
[Epoch 391/700] train_loss=0.4826 val_loss=0.5268 lr=2.04e-04 (14s)
  [Epoch 392] Batch 50/187 (27%)
  [Epoch 392] Batch 100/187 (53%)
  [Epoch 392] Batch 150/187 (80%)
[Epoch 392/700] train_loss=0.4891 val_loss=0.5166 lr=2.03e-04 (13s)
  [Epoch 393] Batch 50/187 (27%)
  [Epoch 393] Batch 100/187 (53%)
  [Epoch 393] Batch 150/187 (80%)
[Epoch 393/700] train_loss=0.4820 val_loss=0.5068 lr=2.02e-04 (13s)
  [Epoch 394] Batch 50/187 (27%)
  [Epoch 394] Batch 100/187 (53%)
  [Epoch 394] Batch 150/187 (80%)
[Epoch 394/700] train_loss=0.4830 val_loss=0.5235 lr=2.01e-04 (14s)
  [Epoch 395] Batch 50/187 (27%)
  [Epoch 395] Batch 100/187 (53%)
  [Epoch 395] Batch 150/187 (80%)
[Epoch 395/700] train_loss=0.4804 val_loss=0.5243 lr=2.00e-04 (14s)
  [Epoch 396] Batch 50/187 (27%)
  [Epoch 396] Batch 100/187 (53%)
  [Epoch 396] Batch 150/187 (80%)
[Epoch 396/700] train_loss=0.4827 val_loss=0.5291 lr=1.99e-04 (14s)
  [Epoch 397] Batch 50/187 (27%)
  [Epoch 397] Batch 100/187 (53%)
  [Epoch 397] Batch 150/187 (80%)
[Epoch 397/700] train_loss=0.4816 val_loss=0.5213 lr=1.98e-04 (14s)
  [Epoch 398] Batch 50/187 (27%)
  [Epoch 398] Batch 100/187 (53%)
  [Epoch 398] Batch 150/187 (80%)
[Epoch 398/700] train_loss=0.4776 val_loss=0.5331 lr=1.97e-04 (13s)
  [Epoch 399] Batch 50/187 (27%)
  [Epoch 399] Batch 100/187 (53%)
  [Epoch 399] Batch 150/187 (80%)
[Epoch 399/700] train_loss=0.4810 val_loss=0.5246 lr=1.95e-04 (14s)
  [Epoch 400] Batch 50/187 (27%)
  [Epoch 400] Batch 100/187 (53%)
  [Epoch 400] Batch 150/187 (80%)
[Epoch 400/700] train_loss=0.4831 val_loss=0.5179 lr=1.94e-04 (13s)

[Training] Completed!

✓ Training completed!
  Final checkpoint: 
/public/home/xiongzhzh2023/PT4ConTSG/experiments/20260330_205156_synth-m_pt_factor_generator/checkpo
ints/finetune/finetune-epoch=339-val/loss=0.5052.ckpt
  Experiment: experiments/20260330_205156_synth-m_pt_factor_generator

Running automatic evaluation...
[Evaluating (generating)] Starting (0/32)...
[Evaluating (generating)] 1/32 (3%)
[Evaluating (generating)] 4/32 (12%)
[Evaluating (generating)] 7/32 (22%)
[Evaluating (generating)] 10/32 (31%)
[Evaluating (generating)] 13/32 (41%)
[Evaluating (generating)] 16/32 (50%)
[Evaluating (generating)] 20/32 (62%)
[Evaluating (generating)] 23/32 (72%)
[Evaluating (generating)] 26/32 (81%)
[Evaluating (generating)] 29/32 (91%)
[Evaluating (generating)] 32/32 (100%)
[Evaluating (generating)] Completed (32 items)
Evaluation results saved to: 
experiments/20260330_205156_synth-m_pt_factor_generator/results/eval_results.json
          Evaluation Results           
┏━━━━━━━━━━━━━━━━━━━━━━━━━┳━━━━━━━━━━━┓
┃ Metric                  ┃     Value ┃
┡━━━━━━━━━━━━━━━━━━━━━━━━━╇━━━━━━━━━━━┩
│ dtw                     │  9.333616 │
│ wape                    │ 83.736732 │
│ ed                      │ 12.207854 │
│ crps                    │  0.436877 │
│ acd                     │  0.052230 │
│ sd                      │  0.015542 │
│ kd                      │  0.408480 │
│ mdd                     │  0.012493 │
│ fid                     │ 20.041100 │
│ jftsd                   │ 21.113193 │
│ cttp                    │ 19.668579 │
│ disc_auc                │  0.983863 │
│ prdc_f1.f1              │  0.546963 │
│ prdc_f1.precision       │  0.486250 │
│ prdc_f1.recall          │  0.625000 │
│ joint_prdc_f1.f1        │  0.747726 │
│ joint_prdc_f1.precision │  0.696750 │
│ joint_prdc_f1.recall    │  0.806750 │
└─────────────────────────┴───────────┘
