Loading config from: configs/generators/ptfg_ptb_morphology.yaml
Model schema mode: relaxed (no model-specific schema for 'pt_factor_generator')
         Configuration Summary         
┌───────────────┬─────────────────────┐
│ Dataset       │ ptbxl_morphology    │
│ Model         │ pt_factor_generator │
│ Epochs        │ 700                 │
│ Batch Size    │ 128                 │
│ Learning Rate │ 0.001               │
│ Device        │ cuda:0              │
│ Seed          │ 42                  │
└───────────────┴─────────────────────┘

Experiment directory: experiments/20260403_170623_ptbxl_morphology_pt_factor_generator

Model: pt_factor_generator
Creating data module: ptbxl_morphology

Starting multi-stage training (1 stage(s))...
  Stage 1: finetune (700 epochs, lr=0.001)
┏━━━┳━━━━━━━━━━━━━━┳━━━━━━━━━━━━━━━━━━━━━━━━┳━━━━━━━━┳━━━━━━━┳━━━━━━━┓
┃   ┃ Name         ┃ Type                   ┃ Params ┃ Mode  ┃ FLOPs ┃
┡━━━╇━━━━━━━━━━━━━━╇━━━━━━━━━━━━━━━━━━━━━━━━╇━━━━━━━━╇━━━━━━━╇━━━━━━━┩
│ 0 │ net          │ PTFactorNoisePredictor │  5.5 M │ train │     0 │
│   │ other params │ n/a                    │  1.0 K │ n/a   │   n/a │
└───┴──────────────┴────────────────────────┴────────┴───────┴───────┘
Trainable params: 5.5 M                                                                                                                                                                                       
Non-trainable params: 0                                                                                                                                                                                       
Total params: 5.5 M                                                                                                                                                                                           
Total estimated model params size (MB): 22                                                                                                                                                                    
Modules in train mode: 195                                                                                                                                                                                    
Modules in eval mode: 0                                                                                                                                                                                       
Total FLOPs: 0                                                                                                                                                                                                

[Training] Starting 700 epochs...
  [Epoch 1] Batch 50/136 (37%)
  [Epoch 1] Batch 100/136 (74%)
[Epoch 1/700] train_loss=2.4768 val_loss=2.0375 lr=1.00e-03 (22s)
  [Epoch 2] Batch 50/136 (37%)
  [Epoch 2] Batch 100/136 (74%)
[Epoch 2/700] train_loss=1.9369 val_loss=1.9117 lr=1.00e-03 (22s)
  [Epoch 3] Batch 50/136 (37%)
  [Epoch 3] Batch 100/136 (74%)
[Epoch 3/700] train_loss=1.8325 val_loss=1.7729 lr=1.00e-03 (22s)
  [Epoch 4] Batch 50/136 (37%)
  [Epoch 4] Batch 100/136 (74%)
[Epoch 4/700] train_loss=1.7382 val_loss=1.6995 lr=1.00e-03 (23s)
  [Epoch 5] Batch 50/136 (37%)
  [Epoch 5] Batch 100/136 (74%)
[Epoch 5/700] train_loss=1.6834 val_loss=1.6820 lr=1.00e-03 (22s)
  [Epoch 6] Batch 50/136 (37%)
  [Epoch 6] Batch 100/136 (74%)
[Epoch 6/700] train_loss=1.6354 val_loss=1.5986 lr=1.00e-03 (22s)
  [Epoch 7] Batch 50/136 (37%)
  [Epoch 7] Batch 100/136 (74%)
[Epoch 7/700] train_loss=1.6101 val_loss=1.6072 lr=1.00e-03 (22s)
  [Epoch 8] Batch 50/136 (37%)
  [Epoch 8] Batch 100/136 (74%)
[Epoch 8/700] train_loss=1.5663 val_loss=1.5992 lr=1.00e-03 (22s)
  [Epoch 9] Batch 50/136 (37%)
  [Epoch 9] Batch 100/136 (74%)
[Epoch 9/700] train_loss=1.5246 val_loss=1.5773 lr=1.00e-03 (23s)
  [Epoch 10] Batch 50/136 (37%)
  [Epoch 10] Batch 100/136 (74%)
[Epoch 10/700] train_loss=1.5185 val_loss=1.4748 lr=9.99e-04 (23s)
  [Epoch 11] Batch 50/136 (37%)
  [Epoch 11] Batch 100/136 (74%)
[Epoch 11/700] train_loss=1.5072 val_loss=1.5147 lr=9.99e-04 (23s)
  [Epoch 12] Batch 50/136 (37%)
  [Epoch 12] Batch 100/136 (74%)
[Epoch 12/700] train_loss=1.4994 val_loss=1.5105 lr=9.99e-04 (22s)
  [Epoch 13] Batch 50/136 (37%)
  [Epoch 13] Batch 100/136 (74%)
[Epoch 13/700] train_loss=1.4668 val_loss=1.4993 lr=9.99e-04 (23s)
  [Epoch 14] Batch 50/136 (37%)
  [Epoch 14] Batch 100/136 (74%)
[Epoch 14/700] train_loss=1.4694 val_loss=1.4450 lr=9.99e-04 (23s)
  [Epoch 15] Batch 50/136 (37%)
  [Epoch 15] Batch 100/136 (74%)
[Epoch 15/700] train_loss=1.4627 val_loss=1.4665 lr=9.99e-04 (23s)
  [Epoch 16] Batch 50/136 (37%)
  [Epoch 16] Batch 100/136 (74%)
[Epoch 16/700] train_loss=1.4501 val_loss=1.4547 lr=9.99e-04 (22s)
  [Epoch 17] Batch 50/136 (37%)
  [Epoch 17] Batch 100/136 (74%)
[Epoch 17/700] train_loss=1.4333 val_loss=1.4675 lr=9.99e-04 (23s)
  [Epoch 18] Batch 50/136 (37%)
  [Epoch 18] Batch 100/136 (74%)
[Epoch 18/700] train_loss=1.4454 val_loss=1.4523 lr=9.98e-04 (23s)
  [Epoch 19] Batch 50/136 (37%)
  [Epoch 19] Batch 100/136 (74%)
[Epoch 19/700] train_loss=1.4356 val_loss=1.4037 lr=9.98e-04 (22s)
  [Epoch 20] Batch 50/136 (37%)
  [Epoch 20] Batch 100/136 (74%)
[Epoch 20/700] train_loss=1.4144 val_loss=1.4259 lr=9.98e-04 (22s)
  [Epoch 21] Batch 50/136 (37%)
  [Epoch 21] Batch 100/136 (74%)
[Epoch 21/700] train_loss=1.4321 val_loss=1.4558 lr=9.98e-04 (23s)
  [Epoch 22] Batch 50/136 (37%)
  [Epoch 22] Batch 100/136 (74%)
[Epoch 22/700] train_loss=1.4102 val_loss=1.3856 lr=9.98e-04 (22s)
  [Epoch 23] Batch 50/136 (37%)
  [Epoch 23] Batch 100/136 (74%)
[Epoch 23/700] train_loss=1.4077 val_loss=1.4455 lr=9.97e-04 (22s)
  [Epoch 24] Batch 50/136 (37%)
  [Epoch 24] Batch 100/136 (74%)
[Epoch 24/700] train_loss=1.4066 val_loss=1.3776 lr=9.97e-04 (22s)
  [Epoch 25] Batch 50/136 (37%)
  [Epoch 25] Batch 100/136 (74%)
[Epoch 25/700] train_loss=1.4119 val_loss=1.4061 lr=9.97e-04 (22s)
  [Epoch 26] Batch 50/136 (37%)
  [Epoch 26] Batch 100/136 (74%)
[Epoch 26/700] train_loss=1.3889 val_loss=1.3868 lr=9.97e-04 (23s)
  [Epoch 27] Batch 50/136 (37%)
  [Epoch 27] Batch 100/136 (74%)
[Epoch 27/700] train_loss=1.4012 val_loss=1.4612 lr=9.96e-04 (22s)
  [Epoch 28] Batch 50/136 (37%)
  [Epoch 28] Batch 100/136 (74%)
[Epoch 28/700] train_loss=1.3786 val_loss=1.4054 lr=9.96e-04 (23s)
  [Epoch 29] Batch 50/136 (37%)
  [Epoch 29] Batch 100/136 (74%)
[Epoch 29/700] train_loss=1.3701 val_loss=1.3800 lr=9.96e-04 (23s)
  [Epoch 30] Batch 50/136 (37%)
  [Epoch 30] Batch 100/136 (74%)
[Epoch 30/700] train_loss=1.3875 val_loss=1.3466 lr=9.95e-04 (23s)
  [Epoch 31] Batch 50/136 (37%)
  [Epoch 31] Batch 100/136 (74%)
[Epoch 31/700] train_loss=1.3709 val_loss=1.3935 lr=9.95e-04 (23s)
  [Epoch 32] Batch 50/136 (37%)
  [Epoch 32] Batch 100/136 (74%)
[Epoch 32/700] train_loss=1.3592 val_loss=1.3735 lr=9.95e-04 (23s)
  [Epoch 33] Batch 50/136 (37%)
  [Epoch 33] Batch 100/136 (74%)
[Epoch 33/700] train_loss=1.3574 val_loss=1.3714 lr=9.95e-04 (22s)
  [Epoch 34] Batch 50/136 (37%)
  [Epoch 34] Batch 100/136 (74%)
[Epoch 34/700] train_loss=1.3524 val_loss=1.3562 lr=9.94e-04 (23s)
  [Epoch 35] Batch 50/136 (37%)
  [Epoch 35] Batch 100/136 (74%)
[Epoch 35/700] train_loss=1.3489 val_loss=1.3913 lr=9.94e-04 (22s)
  [Epoch 36] Batch 50/136 (37%)
  [Epoch 36] Batch 100/136 (74%)
[Epoch 36/700] train_loss=1.3688 val_loss=1.3813 lr=9.93e-04 (22s)
  [Epoch 37] Batch 50/136 (37%)
  [Epoch 37] Batch 100/136 (74%)
[Epoch 37/700] train_loss=1.3390 val_loss=1.3464 lr=9.93e-04 (23s)
  [Epoch 38] Batch 50/136 (37%)
  [Epoch 38] Batch 100/136 (74%)
[Epoch 38/700] train_loss=1.3623 val_loss=1.3634 lr=9.93e-04 (23s)
  [Epoch 39] Batch 50/136 (37%)
  [Epoch 39] Batch 100/136 (74%)
[Epoch 39/700] train_loss=1.3478 val_loss=1.3413 lr=9.92e-04 (22s)
  [Epoch 40] Batch 50/136 (37%)
  [Epoch 40] Batch 100/136 (74%)
[Epoch 40/700] train_loss=1.3367 val_loss=1.3624 lr=9.92e-04 (23s)
  [Epoch 41] Batch 50/136 (37%)
  [Epoch 41] Batch 100/136 (74%)
[Epoch 41/700] train_loss=1.3325 val_loss=1.3431 lr=9.92e-04 (23s)
  [Epoch 42] Batch 50/136 (37%)
  [Epoch 42] Batch 100/136 (74%)
[Epoch 42/700] train_loss=1.3376 val_loss=1.3296 lr=9.91e-04 (23s)
  [Epoch 43] Batch 50/136 (37%)
  [Epoch 43] Batch 100/136 (74%)
[Epoch 43/700] train_loss=1.3197 val_loss=1.3502 lr=9.91e-04 (23s)
  [Epoch 44] Batch 50/136 (37%)
  [Epoch 44] Batch 100/136 (74%)
[Epoch 44/700] train_loss=1.3548 val_loss=1.3244 lr=9.90e-04 (23s)
  [Epoch 45] Batch 50/136 (37%)
  [Epoch 45] Batch 100/136 (74%)
[Epoch 45/700] train_loss=1.3416 val_loss=1.3503 lr=9.90e-04 (22s)
  [Epoch 46] Batch 50/136 (37%)
  [Epoch 46] Batch 100/136 (74%)
[Epoch 46/700] train_loss=1.3188 val_loss=1.3269 lr=9.89e-04 (22s)
  [Epoch 47] Batch 50/136 (37%)
  [Epoch 47] Batch 100/136 (74%)
[Epoch 47/700] train_loss=1.3173 val_loss=1.3479 lr=9.89e-04 (22s)
  [Epoch 48] Batch 50/136 (37%)
  [Epoch 48] Batch 100/136 (74%)
[Epoch 48/700] train_loss=1.3129 val_loss=1.3647 lr=9.88e-04 (23s)
  [Epoch 49] Batch 50/136 (37%)
  [Epoch 49] Batch 100/136 (74%)
[Epoch 49/700] train_loss=1.3372 val_loss=1.3296 lr=9.88e-04 (22s)
  [Epoch 50] Batch 50/136 (37%)
  [Epoch 50] Batch 100/136 (74%)
[Epoch 50/700] train_loss=1.3129 val_loss=1.3135 lr=9.87e-04 (23s)
  [Epoch 51] Batch 50/136 (37%)
  [Epoch 51] Batch 100/136 (74%)
[Epoch 51/700] train_loss=1.3042 val_loss=1.3413 lr=9.87e-04 (23s)
  [Epoch 52] Batch 50/136 (37%)
  [Epoch 52] Batch 100/136 (74%)
[Epoch 52/700] train_loss=1.2997 val_loss=1.3214 lr=9.86e-04 (22s)
  [Epoch 53] Batch 50/136 (37%)
  [Epoch 53] Batch 100/136 (74%)
[Epoch 53/700] train_loss=1.3035 val_loss=1.3596 lr=9.86e-04 (22s)
  [Epoch 54] Batch 50/136 (37%)
  [Epoch 54] Batch 100/136 (74%)
[Epoch 54/700] train_loss=1.3098 val_loss=1.3131 lr=9.85e-04 (23s)
  [Epoch 55] Batch 50/136 (37%)
  [Epoch 55] Batch 100/136 (74%)
[Epoch 55/700] train_loss=1.3125 val_loss=1.3315 lr=9.85e-04 (22s)
  [Epoch 56] Batch 50/136 (37%)
  [Epoch 56] Batch 100/136 (74%)
[Epoch 56/700] train_loss=1.2986 val_loss=1.3153 lr=9.84e-04 (22s)
  [Epoch 57] Batch 50/136 (37%)
  [Epoch 57] Batch 100/136 (74%)
[Epoch 57/700] train_loss=1.3143 val_loss=1.2987 lr=9.84e-04 (22s)
  [Epoch 58] Batch 50/136 (37%)
  [Epoch 58] Batch 100/136 (74%)
[Epoch 58/700] train_loss=1.3153 val_loss=1.3434 lr=9.83e-04 (23s)
  [Epoch 59] Batch 50/136 (37%)
  [Epoch 59] Batch 100/136 (74%)
[Epoch 59/700] train_loss=1.3223 val_loss=1.2810 lr=9.83e-04 (22s)
  [Epoch 60] Batch 50/136 (37%)
  [Epoch 60] Batch 100/136 (74%)
[Epoch 60/700] train_loss=1.2925 val_loss=1.2939 lr=9.82e-04 (22s)
  [Epoch 61] Batch 50/136 (37%)
  [Epoch 61] Batch 100/136 (74%)
[Epoch 61/700] train_loss=1.2914 val_loss=1.3124 lr=9.81e-04 (23s)
  [Epoch 62] Batch 50/136 (37%)
  [Epoch 62] Batch 100/136 (74%)
[Epoch 62/700] train_loss=1.2878 val_loss=1.3348 lr=9.81e-04 (22s)
  [Epoch 63] Batch 50/136 (37%)
  [Epoch 63] Batch 100/136 (74%)
[Epoch 63/700] train_loss=1.2880 val_loss=1.3234 lr=9.80e-04 (23s)
  [Epoch 64] Batch 50/136 (37%)
  [Epoch 64] Batch 100/136 (74%)
[Epoch 64/700] train_loss=1.2873 val_loss=1.2849 lr=9.80e-04 (22s)
  [Epoch 65] Batch 50/136 (37%)
  [Epoch 65] Batch 100/136 (74%)
[Epoch 65/700] train_loss=1.2818 val_loss=1.2928 lr=9.79e-04 (23s)
  [Epoch 66] Batch 50/136 (37%)
  [Epoch 66] Batch 100/136 (74%)
[Epoch 66/700] train_loss=1.2762 val_loss=1.2880 lr=9.78e-04 (23s)
  [Epoch 67] Batch 50/136 (37%)
  [Epoch 67] Batch 100/136 (74%)
[Epoch 67/700] train_loss=1.2998 val_loss=1.2998 lr=9.78e-04 (23s)
  [Epoch 68] Batch 50/136 (37%)
  [Epoch 68] Batch 100/136 (74%)
[Epoch 68/700] train_loss=1.2898 val_loss=1.2870 lr=9.77e-04 (22s)
  [Epoch 69] Batch 50/136 (37%)
  [Epoch 69] Batch 100/136 (74%)
[Epoch 69/700] train_loss=1.2828 val_loss=1.2701 lr=9.76e-04 (22s)
  [Epoch 70] Batch 50/136 (37%)
  [Epoch 70] Batch 100/136 (74%)
[Epoch 70/700] train_loss=1.2698 val_loss=1.3014 lr=9.76e-04 (22s)
  [Epoch 71] Batch 50/136 (37%)
  [Epoch 71] Batch 100/136 (74%)
[Epoch 71/700] train_loss=1.2674 val_loss=1.3382 lr=9.75e-04 (22s)
  [Epoch 72] Batch 50/136 (37%)
  [Epoch 72] Batch 100/136 (74%)
[Epoch 72/700] train_loss=1.2621 val_loss=1.2831 lr=9.74e-04 (23s)
  [Epoch 73] Batch 50/136 (37%)
  [Epoch 73] Batch 100/136 (74%)
[Epoch 73/700] train_loss=1.2662 val_loss=1.2828 lr=9.73e-04 (22s)
  [Epoch 74] Batch 50/136 (37%)
  [Epoch 74] Batch 100/136 (74%)
[Epoch 74/700] train_loss=1.2838 val_loss=1.2769 lr=9.73e-04 (22s)
  [Epoch 75] Batch 50/136 (37%)
  [Epoch 75] Batch 100/136 (74%)
[Epoch 75/700] train_loss=1.2750 val_loss=1.2779 lr=9.72e-04 (22s)
  [Epoch 76] Batch 50/136 (37%)
  [Epoch 76] Batch 100/136 (74%)
[Epoch 76/700] train_loss=1.2694 val_loss=1.2754 lr=9.71e-04 (22s)
  [Epoch 77] Batch 50/136 (37%)
  [Epoch 77] Batch 100/136 (74%)
[Epoch 77/700] train_loss=1.2794 val_loss=1.3233 lr=9.70e-04 (22s)
  [Epoch 78] Batch 50/136 (37%)
  [Epoch 78] Batch 100/136 (74%)
[Epoch 78/700] train_loss=1.2686 val_loss=1.2753 lr=9.70e-04 (23s)
  [Epoch 79] Batch 50/136 (37%)
  [Epoch 79] Batch 100/136 (74%)
[Epoch 79/700] train_loss=1.2688 val_loss=1.3160 lr=9.69e-04 (23s)
  [Epoch 80] Batch 50/136 (37%)
  [Epoch 80] Batch 100/136 (74%)
[Epoch 80/700] train_loss=1.2640 val_loss=1.2682 lr=9.68e-04 (22s)
  [Epoch 81] Batch 50/136 (37%)
  [Epoch 81] Batch 100/136 (74%)
[Epoch 81/700] train_loss=1.2672 val_loss=1.2783 lr=9.67e-04 (22s)
  [Epoch 82] Batch 50/136 (37%)
  [Epoch 82] Batch 100/136 (74%)
[Epoch 82/700] train_loss=1.2726 val_loss=1.3637 lr=9.67e-04 (22s)
  [Epoch 83] Batch 50/136 (37%)
  [Epoch 83] Batch 100/136 (74%)
[Epoch 83/700] train_loss=1.2893 val_loss=1.2690 lr=9.66e-04 (22s)
  [Epoch 84] Batch 50/136 (37%)
  [Epoch 84] Batch 100/136 (74%)
[Epoch 84/700] train_loss=1.2557 val_loss=1.2707 lr=9.65e-04 (22s)
  [Epoch 85] Batch 50/136 (37%)
  [Epoch 85] Batch 100/136 (74%)
[Epoch 85/700] train_loss=1.2682 val_loss=1.2881 lr=9.64e-04 (22s)
  [Epoch 86] Batch 50/136 (37%)
  [Epoch 86] Batch 100/136 (74%)
[Epoch 86/700] train_loss=1.2731 val_loss=1.2734 lr=9.63e-04 (22s)
  [Epoch 87] Batch 50/136 (37%)
  [Epoch 87] Batch 100/136 (74%)
[Epoch 87/700] train_loss=1.2658 val_loss=1.3017 lr=9.62e-04 (22s)
  [Epoch 88] Batch 50/136 (37%)
  [Epoch 88] Batch 100/136 (74%)
[Epoch 88/700] train_loss=1.2710 val_loss=1.2615 lr=9.62e-04 (22s)
  [Epoch 89] Batch 50/136 (37%)
  [Epoch 89] Batch 100/136 (74%)
[Epoch 89/700] train_loss=1.2511 val_loss=1.2675 lr=9.61e-04 (23s)
  [Epoch 90] Batch 50/136 (37%)
  [Epoch 90] Batch 100/136 (74%)
[Epoch 90/700] train_loss=1.2518 val_loss=1.2836 lr=9.60e-04 (22s)
  [Epoch 91] Batch 50/136 (37%)
  [Epoch 91] Batch 100/136 (74%)
[Epoch 91/700] train_loss=1.2565 val_loss=1.2955 lr=9.59e-04 (22s)
  [Epoch 92] Batch 50/136 (37%)
  [Epoch 92] Batch 100/136 (74%)
[Epoch 92/700] train_loss=1.2597 val_loss=1.2762 lr=9.58e-04 (22s)
  [Epoch 93] Batch 50/136 (37%)
  [Epoch 93] Batch 100/136 (74%)
[Epoch 93/700] train_loss=1.2569 val_loss=1.2793 lr=9.57e-04 (23s)
  [Epoch 94] Batch 50/136 (37%)
  [Epoch 94] Batch 100/136 (74%)
[Epoch 94/700] train_loss=1.2462 val_loss=1.2610 lr=9.56e-04 (23s)
  [Epoch 95] Batch 50/136 (37%)
  [Epoch 95] Batch 100/136 (74%)
[Epoch 95/700] train_loss=1.2464 val_loss=1.2944 lr=9.55e-04 (22s)
  [Epoch 96] Batch 50/136 (37%)
  [Epoch 96] Batch 100/136 (74%)
[Epoch 96/700] train_loss=1.2692 val_loss=1.2293 lr=9.54e-04 (23s)
  [Epoch 97] Batch 50/136 (37%)
  [Epoch 97] Batch 100/136 (74%)
[Epoch 97/700] train_loss=1.2476 val_loss=1.2164 lr=9.53e-04 (22s)
  [Epoch 98] Batch 50/136 (37%)
  [Epoch 98] Batch 100/136 (74%)
[Epoch 98/700] train_loss=1.2721 val_loss=1.2772 lr=9.52e-04 (22s)
  [Epoch 99] Batch 50/136 (37%)
  [Epoch 99] Batch 100/136 (74%)
[Epoch 99/700] train_loss=1.2496 val_loss=1.2757 lr=9.51e-04 (23s)
  [Epoch 100] Batch 50/136 (37%)
  [Epoch 100] Batch 100/136 (74%)
[Epoch 100/700] train_loss=1.2454 val_loss=1.2459 lr=9.50e-04 (22s)
  [Epoch 101] Batch 50/136 (37%)
  [Epoch 101] Batch 100/136 (74%)
[Epoch 101/700] train_loss=1.2445 val_loss=1.2613 lr=9.50e-04 (22s)
  [Epoch 102] Batch 50/136 (37%)
  [Epoch 102] Batch 100/136 (74%)
[Epoch 102/700] train_loss=1.2331 val_loss=1.2597 lr=9.49e-04 (23s)
  [Epoch 103] Batch 50/136 (37%)
  [Epoch 103] Batch 100/136 (74%)
[Epoch 103/700] train_loss=1.2401 val_loss=1.2885 lr=9.48e-04 (23s)
  [Epoch 104] Batch 50/136 (37%)
  [Epoch 104] Batch 100/136 (74%)
[Epoch 104/700] train_loss=1.2603 val_loss=1.2281 lr=9.47e-04 (23s)
  [Epoch 105] Batch 50/136 (37%)
  [Epoch 105] Batch 100/136 (74%)
[Epoch 105/700] train_loss=1.2388 val_loss=1.2661 lr=9.46e-04 (22s)
  [Epoch 106] Batch 50/136 (37%)
  [Epoch 106] Batch 100/136 (74%)
[Epoch 106/700] train_loss=1.2515 val_loss=1.2541 lr=9.44e-04 (23s)
  [Epoch 107] Batch 50/136 (37%)
  [Epoch 107] Batch 100/136 (74%)
[Epoch 107/700] train_loss=1.2498 val_loss=1.2656 lr=9.43e-04 (23s)
  [Epoch 108] Batch 50/136 (37%)
  [Epoch 108] Batch 100/136 (74%)
[Epoch 108/700] train_loss=1.2525 val_loss=1.2659 lr=9.42e-04 (22s)
  [Epoch 109] Batch 50/136 (37%)
  [Epoch 109] Batch 100/136 (74%)
[Epoch 109/700] train_loss=1.2394 val_loss=1.2053 lr=9.41e-04 (22s)
  [Epoch 110] Batch 50/136 (37%)
  [Epoch 110] Batch 100/136 (74%)
[Epoch 110/700] train_loss=1.2477 val_loss=1.2522 lr=9.40e-04 (22s)
  [Epoch 111] Batch 50/136 (37%)
  [Epoch 111] Batch 100/136 (74%)
[Epoch 111/700] train_loss=1.2451 val_loss=1.2261 lr=9.39e-04 (23s)
  [Epoch 112] Batch 50/136 (37%)
  [Epoch 112] Batch 100/136 (74%)
[Epoch 112/700] train_loss=1.2320 val_loss=1.2384 lr=9.38e-04 (22s)
  [Epoch 113] Batch 50/136 (37%)
  [Epoch 113] Batch 100/136 (74%)
[Epoch 113/700] train_loss=1.2379 val_loss=1.2544 lr=9.37e-04 (22s)
  [Epoch 114] Batch 50/136 (37%)
  [Epoch 114] Batch 100/136 (74%)
[Epoch 114/700] train_loss=1.2458 val_loss=1.2492 lr=9.36e-04 (23s)
  [Epoch 115] Batch 50/136 (37%)
  [Epoch 115] Batch 100/136 (74%)
[Epoch 115/700] train_loss=1.2447 val_loss=1.2757 lr=9.35e-04 (22s)
  [Epoch 116] Batch 50/136 (37%)
  [Epoch 116] Batch 100/136 (74%)
[Epoch 116/700] train_loss=1.2455 val_loss=1.2622 lr=9.34e-04 (22s)
  [Epoch 117] Batch 50/136 (37%)
  [Epoch 117] Batch 100/136 (74%)
[Epoch 117/700] train_loss=1.2403 val_loss=1.2675 lr=9.33e-04 (22s)
  [Epoch 118] Batch 50/136 (37%)
  [Epoch 118] Batch 100/136 (74%)
[Epoch 118/700] train_loss=1.2255 val_loss=1.2500 lr=9.32e-04 (23s)
  [Epoch 119] Batch 50/136 (37%)
  [Epoch 119] Batch 100/136 (74%)
[Epoch 119/700] train_loss=1.2528 val_loss=1.2535 lr=9.30e-04 (23s)
  [Epoch 120] Batch 50/136 (37%)
  [Epoch 120] Batch 100/136 (74%)
[Epoch 120/700] train_loss=1.2236 val_loss=1.2399 lr=9.29e-04 (23s)
  [Epoch 121] Batch 50/136 (37%)
  [Epoch 121] Batch 100/136 (74%)
[Epoch 121/700] train_loss=1.2370 val_loss=1.2526 lr=9.28e-04 (22s)
  [Epoch 122] Batch 50/136 (37%)
  [Epoch 122] Batch 100/136 (74%)
[Epoch 122/700] train_loss=1.2208 val_loss=1.2426 lr=9.27e-04 (22s)
  [Epoch 123] Batch 50/136 (37%)
  [Epoch 123] Batch 100/136 (74%)
[Epoch 123/700] train_loss=1.2410 val_loss=1.2579 lr=9.26e-04 (22s)
  [Epoch 124] Batch 50/136 (37%)
  [Epoch 124] Batch 100/136 (74%)
[Epoch 124/700] train_loss=1.2207 val_loss=1.2278 lr=9.25e-04 (22s)
  [Epoch 125] Batch 50/136 (37%)
  [Epoch 125] Batch 100/136 (74%)
[Epoch 125/700] train_loss=1.2235 val_loss=1.2226 lr=9.23e-04 (22s)
  [Epoch 126] Batch 50/136 (37%)
  [Epoch 126] Batch 100/136 (74%)
[Epoch 126/700] train_loss=1.2283 val_loss=1.2126 lr=9.22e-04 (23s)
  [Epoch 127] Batch 50/136 (37%)
  [Epoch 127] Batch 100/136 (74%)
[Epoch 127/700] train_loss=1.2424 val_loss=1.2366 lr=9.21e-04 (23s)
  [Epoch 128] Batch 50/136 (37%)
  [Epoch 128] Batch 100/136 (74%)
[Epoch 128/700] train_loss=1.2320 val_loss=1.2405 lr=9.20e-04 (22s)
  [Epoch 129] Batch 50/136 (37%)
  [Epoch 129] Batch 100/136 (74%)
[Epoch 129/700] train_loss=1.2382 val_loss=1.3529 lr=9.19e-04 (22s)
  [Epoch 130] Batch 50/136 (37%)
  [Epoch 130] Batch 100/136 (74%)
[Epoch 130/700] train_loss=1.2319 val_loss=1.2400 lr=9.17e-04 (22s)
  [Epoch 131] Batch 50/136 (37%)
  [Epoch 131] Batch 100/136 (74%)
[Epoch 131/700] train_loss=1.2523 val_loss=1.2719 lr=9.16e-04 (22s)
  [Epoch 132] Batch 50/136 (37%)
  [Epoch 132] Batch 100/136 (74%)
[Epoch 132/700] train_loss=1.2261 val_loss=1.2397 lr=9.15e-04 (22s)
  [Epoch 133] Batch 50/136 (37%)
  [Epoch 133] Batch 100/136 (74%)
[Epoch 133/700] train_loss=1.2551 val_loss=1.2528 lr=9.14e-04 (23s)
  [Epoch 134] Batch 50/136 (37%)
  [Epoch 134] Batch 100/136 (74%)
[Epoch 134/700] train_loss=1.2314 val_loss=1.2752 lr=9.12e-04 (22s)
  [Epoch 135] Batch 50/136 (37%)
  [Epoch 135] Batch 100/136 (74%)
[Epoch 135/700] train_loss=1.2266 val_loss=1.2532 lr=9.11e-04 (22s)
  [Epoch 136] Batch 50/136 (37%)
  [Epoch 136] Batch 100/136 (74%)
[Epoch 136/700] train_loss=1.2275 val_loss=1.2748 lr=9.10e-04 (22s)
  [Epoch 137] Batch 50/136 (37%)
  [Epoch 137] Batch 100/136 (74%)
[Epoch 137/700] train_loss=1.2203 val_loss=1.2529 lr=9.08e-04 (23s)
  [Epoch 138] Batch 50/136 (37%)
  [Epoch 138] Batch 100/136 (74%)
[Epoch 138/700] train_loss=1.2261 val_loss=1.2237 lr=9.07e-04 (22s)
  [Epoch 139] Batch 50/136 (37%)
  [Epoch 139] Batch 100/136 (74%)
[Epoch 139/700] train_loss=1.2262 val_loss=1.2280 lr=9.06e-04 (22s)
  [Epoch 140] Batch 50/136 (37%)
  [Epoch 140] Batch 100/136 (74%)
[Epoch 140/700] train_loss=1.2224 val_loss=1.2654 lr=9.05e-04 (22s)
  [Epoch 141] Batch 50/136 (37%)
  [Epoch 141] Batch 100/136 (74%)
[Epoch 141/700] train_loss=1.2182 val_loss=1.2316 lr=9.03e-04 (23s)
  [Epoch 142] Batch 50/136 (37%)
  [Epoch 142] Batch 100/136 (74%)
[Epoch 142/700] train_loss=1.2071 val_loss=1.2282 lr=9.02e-04 (22s)
  [Epoch 143] Batch 50/136 (37%)
  [Epoch 143] Batch 100/136 (74%)
[Epoch 143/700] train_loss=1.2344 val_loss=1.2378 lr=9.01e-04 (22s)
  [Epoch 144] Batch 50/136 (37%)
  [Epoch 144] Batch 100/136 (74%)
[Epoch 144/700] train_loss=1.2215 val_loss=1.2453 lr=8.99e-04 (22s)
  [Epoch 145] Batch 50/136 (37%)
  [Epoch 145] Batch 100/136 (74%)
[Epoch 145/700] train_loss=1.2161 val_loss=1.2285 lr=8.98e-04 (23s)
  [Epoch 146] Batch 50/136 (37%)
  [Epoch 146] Batch 100/136 (74%)
[Epoch 146/700] train_loss=1.2148 val_loss=1.2805 lr=8.96e-04 (23s)
  [Epoch 147] Batch 50/136 (37%)
  [Epoch 147] Batch 100/136 (74%)
[Epoch 147/700] train_loss=1.2368 val_loss=1.2481 lr=8.95e-04 (22s)
  [Epoch 148] Batch 50/136 (37%)
  [Epoch 148] Batch 100/136 (74%)
[Epoch 148/700] train_loss=1.2201 val_loss=1.2134 lr=8.94e-04 (22s)
  [Epoch 149] Batch 50/136 (37%)
  [Epoch 149] Batch 100/136 (74%)
[Epoch 149/700] train_loss=1.2336 val_loss=1.2235 lr=8.92e-04 (23s)
  [Epoch 150] Batch 50/136 (37%)
  [Epoch 150] Batch 100/136 (74%)
[Epoch 150/700] train_loss=1.2092 val_loss=1.2164 lr=8.91e-04 (22s)
  [Epoch 151] Batch 50/136 (37%)
  [Epoch 151] Batch 100/136 (74%)
[Epoch 151/700] train_loss=1.2269 val_loss=1.2172 lr=8.90e-04 (22s)
  [Epoch 152] Batch 50/136 (37%)
  [Epoch 152] Batch 100/136 (74%)
[Epoch 152/700] train_loss=1.2154 val_loss=1.2205 lr=8.88e-04 (22s)
  [Epoch 153] Batch 50/136 (37%)
  [Epoch 153] Batch 100/136 (74%)
[Epoch 153/700] train_loss=1.2253 val_loss=1.2633 lr=8.87e-04 (22s)
  [Epoch 154] Batch 50/136 (37%)
  [Epoch 154] Batch 100/136 (74%)
[Epoch 154/700] train_loss=1.2229 val_loss=1.2586 lr=8.85e-04 (22s)
  [Epoch 155] Batch 50/136 (37%)
  [Epoch 155] Batch 100/136 (74%)
[Epoch 155/700] train_loss=1.2119 val_loss=1.2728 lr=8.84e-04 (23s)
  [Epoch 156] Batch 50/136 (37%)
  [Epoch 156] Batch 100/136 (74%)
[Epoch 156/700] train_loss=1.2143 val_loss=1.2069 lr=8.82e-04 (23s)
  [Epoch 157] Batch 50/136 (37%)
  [Epoch 157] Batch 100/136 (74%)
[Epoch 157/700] train_loss=1.2381 val_loss=1.2196 lr=8.81e-04 (23s)
  [Epoch 158] Batch 50/136 (37%)
  [Epoch 158] Batch 100/136 (74%)
[Epoch 158/700] train_loss=1.2116 val_loss=1.2780 lr=8.79e-04 (22s)
  [Epoch 159] Batch 50/136 (37%)
  [Epoch 159] Batch 100/136 (74%)
[Epoch 159/700] train_loss=1.2239 val_loss=1.2398 lr=8.78e-04 (22s)

[Training] Completed!

✓ Training completed!
  Final checkpoint: /public/home/xiongzhzh2023/PT4ConTSG/experiments/20260403_170623_ptbxl_morphology_pt_factor_generator/checkpoints/finetune/finetune-epoch=108-val/loss=1.2053.ckpt
  Experiment: experiments/20260403_170623_ptbxl_morphology_pt_factor_generator

Running automatic evaluation...
[Evaluating (generating)] Starting (0/35)...
[Evaluating (generating)] 1/35 (3%)
[Evaluating (generating)] 4/35 (11%)
[Evaluating (generating)] 7/35 (20%)
[Evaluating (generating)] 11/35 (31%)
[Evaluating (generating)] 14/35 (40%)
[Evaluating (generating)] 18/35 (51%)
[Evaluating (generating)] 22/35 (63%)
[Evaluating (generating)] 25/35 (71%)
[Evaluating (generating)] 28/35 (80%)
[Evaluating (generating)] 32/35 (91%)
[Evaluating (generating)] 35/35 (100%)
[Evaluating (generating)] Completed (35 items)
Evaluation results saved to: experiments/20260403_170623_ptbxl_morphology_pt_factor_generator/results/eval_results.json
           Evaluation Results           
┏━━━━━━━━━━━━━━━━━━━━━━━━━┳━━━━━━━━━━━━┓
┃ Metric                  ┃      Value ┃
┡━━━━━━━━━━━━━━━━━━━━━━━━━╇━━━━━━━━━━━━┩
│ dtw                     │  98.200260 │
│ wape                    │ 102.494850 │
│ ed                      │ 103.018790 │
│ crps                    │   0.416236 │
│ acd                     │   0.074194 │
│ sd                      │   2.773664 │
│ kd                      │ 179.986057 │
│ mdd                     │   0.014480 │
│ fid                     │   2.062494 │
│ jftsd                   │   4.023057 │
│ cttp                    │   0.361498 │
│ disc_auc                │   1.000000 │
│ prdc_f1.f1              │   0.001809 │
│ prdc_f1.precision       │   0.152866 │
│ prdc_f1.recall          │   0.000910 │
│ joint_prdc_f1.f1        │   0.001814 │
│ joint_prdc_f1.precision │   0.287079 │
│ joint_prdc_f1.recall    │   0.000910 │
└─────────────────────────┴────────────┘
