Loading config from: configs/generators/ptfg_ptb_concept.yaml
Model schema mode: relaxed (no model-specific schema for 'pt_factor_generator')
         Configuration Summary         
┌───────────────┬─────────────────────┐
│ Dataset       │ ptbxl_concept       │
│ Model         │ pt_factor_generator │
│ Epochs        │ 700                 │
│ Batch Size    │ 128                 │
│ Learning Rate │ 0.001               │
│ Device        │ cuda:0              │
│ Seed          │ 42                  │
└───────────────┴─────────────────────┘

Experiment directory: experiments/20260403_170305_ptbxl_concept_pt_factor_generator

Model: pt_factor_generator
Creating data module: ptbxl_concept

Starting multi-stage training (1 stage(s))...
  Stage 1: finetune (700 epochs, lr=0.001)
┏━━━┳━━━━━━━━━━━━━━┳━━━━━━━━━━━━━━━━━━━━━━━━┳━━━━━━━━┳━━━━━━━┳━━━━━━━┓
┃   ┃ Name         ┃ Type                   ┃ Params ┃ Mode  ┃ FLOPs ┃
┡━━━╇━━━━━━━━━━━━━━╇━━━━━━━━━━━━━━━━━━━━━━━━╇━━━━━━━━╇━━━━━━━╇━━━━━━━┩
│ 0 │ net          │ PTFactorNoisePredictor │  5.5 M │ train │     0 │
│   │ other params │ n/a                    │  1.0 K │ n/a   │   n/a │
└───┴──────────────┴────────────────────────┴────────┴───────┴───────┘
Trainable params: 5.5 M                                                                                                                                                                                       
Non-trainable params: 0                                                                                                                                                                                       
Total params: 5.5 M                                                                                                                                                                                           
Total estimated model params size (MB): 22                                                                                                                                                                    
Modules in train mode: 195                                                                                                                                                                                    
Modules in eval mode: 0                                                                                                                                                                                       
Total FLOPs: 0                                                                                                                                                                                                

[Training] Starting 700 epochs...
  [Epoch 1] Batch 50/136 (37%)
  [Epoch 1] Batch 100/136 (74%)
[Epoch 1/700] train_loss=2.4875 val_loss=2.0359 lr=1.00e-03 (22s)
  [Epoch 2] Batch 50/136 (37%)
  [Epoch 2] Batch 100/136 (74%)
[Epoch 2/700] train_loss=1.9415 val_loss=1.9066 lr=1.00e-03 (22s)
  [Epoch 3] Batch 50/136 (37%)
  [Epoch 3] Batch 100/136 (74%)
[Epoch 3/700] train_loss=1.8303 val_loss=1.7717 lr=1.00e-03 (22s)
  [Epoch 4] Batch 50/136 (37%)
  [Epoch 4] Batch 100/136 (74%)
[Epoch 4/700] train_loss=1.7287 val_loss=1.6878 lr=1.00e-03 (22s)
  [Epoch 5] Batch 50/136 (37%)
  [Epoch 5] Batch 100/136 (74%)
[Epoch 5/700] train_loss=1.6681 val_loss=1.6689 lr=1.00e-03 (22s)
  [Epoch 6] Batch 50/136 (37%)
  [Epoch 6] Batch 100/136 (74%)
[Epoch 6/700] train_loss=1.6246 val_loss=1.5864 lr=1.00e-03 (22s)
  [Epoch 7] Batch 50/136 (37%)
  [Epoch 7] Batch 100/136 (74%)
[Epoch 7/700] train_loss=1.5991 val_loss=1.5943 lr=1.00e-03 (22s)
  [Epoch 8] Batch 50/136 (37%)
  [Epoch 8] Batch 100/136 (74%)
[Epoch 8/700] train_loss=1.5568 val_loss=1.5824 lr=1.00e-03 (22s)
  [Epoch 9] Batch 50/136 (37%)
  [Epoch 9] Batch 100/136 (74%)
[Epoch 9/700] train_loss=1.5175 val_loss=1.5681 lr=1.00e-03 (22s)
  [Epoch 10] Batch 50/136 (37%)
  [Epoch 10] Batch 100/136 (74%)
[Epoch 10/700] train_loss=1.5104 val_loss=1.4669 lr=9.99e-04 (22s)
  [Epoch 11] Batch 50/136 (37%)
  [Epoch 11] Batch 100/136 (74%)
[Epoch 11/700] train_loss=1.4970 val_loss=1.5064 lr=9.99e-04 (22s)
  [Epoch 12] Batch 50/136 (37%)
  [Epoch 12] Batch 100/136 (74%)
[Epoch 12/700] train_loss=1.4907 val_loss=1.5032 lr=9.99e-04 (22s)
  [Epoch 13] Batch 50/136 (37%)
  [Epoch 13] Batch 100/136 (74%)
[Epoch 13/700] train_loss=1.4622 val_loss=1.4874 lr=9.99e-04 (22s)
  [Epoch 14] Batch 50/136 (37%)
  [Epoch 14] Batch 100/136 (74%)
[Epoch 14/700] train_loss=1.4592 val_loss=1.4400 lr=9.99e-04 (22s)
  [Epoch 15] Batch 50/136 (37%)
  [Epoch 15] Batch 100/136 (74%)
[Epoch 15/700] train_loss=1.4544 val_loss=1.4549 lr=9.99e-04 (22s)
  [Epoch 16] Batch 50/136 (37%)
  [Epoch 16] Batch 100/136 (74%)
[Epoch 16/700] train_loss=1.4420 val_loss=1.4485 lr=9.99e-04 (22s)
  [Epoch 17] Batch 50/136 (37%)
  [Epoch 17] Batch 100/136 (74%)
[Epoch 17/700] train_loss=1.4255 val_loss=1.4609 lr=9.99e-04 (22s)
  [Epoch 18] Batch 50/136 (37%)
  [Epoch 18] Batch 100/136 (74%)
[Epoch 18/700] train_loss=1.4380 val_loss=1.4477 lr=9.98e-04 (22s)
  [Epoch 19] Batch 50/136 (37%)
  [Epoch 19] Batch 100/136 (74%)
[Epoch 19/700] train_loss=1.4309 val_loss=1.3938 lr=9.98e-04 (22s)
  [Epoch 20] Batch 50/136 (37%)
  [Epoch 20] Batch 100/136 (74%)
[Epoch 20/700] train_loss=1.4046 val_loss=1.4182 lr=9.98e-04 (22s)
  [Epoch 21] Batch 50/136 (37%)
  [Epoch 21] Batch 100/136 (74%)
[Epoch 21/700] train_loss=1.4219 val_loss=1.4515 lr=9.98e-04 (22s)
  [Epoch 22] Batch 50/136 (37%)
  [Epoch 22] Batch 100/136 (74%)
[Epoch 22/700] train_loss=1.4002 val_loss=1.3810 lr=9.98e-04 (22s)
  [Epoch 23] Batch 50/136 (37%)
  [Epoch 23] Batch 100/136 (74%)
[Epoch 23/700] train_loss=1.3989 val_loss=1.4376 lr=9.97e-04 (22s)
  [Epoch 24] Batch 50/136 (37%)
  [Epoch 24] Batch 100/136 (74%)
[Epoch 24/700] train_loss=1.3884 val_loss=1.3654 lr=9.97e-04 (22s)
  [Epoch 25] Batch 50/136 (37%)
  [Epoch 25] Batch 100/136 (74%)
[Epoch 25/700] train_loss=1.4051 val_loss=1.3940 lr=9.97e-04 (22s)
  [Epoch 26] Batch 50/136 (37%)
  [Epoch 26] Batch 100/136 (74%)
[Epoch 26/700] train_loss=1.3784 val_loss=1.3708 lr=9.97e-04 (22s)
  [Epoch 27] Batch 50/136 (37%)
  [Epoch 27] Batch 100/136 (74%)
[Epoch 27/700] train_loss=1.3913 val_loss=1.4540 lr=9.96e-04 (22s)
  [Epoch 28] Batch 50/136 (37%)
  [Epoch 28] Batch 100/136 (74%)
[Epoch 28/700] train_loss=1.3676 val_loss=1.3983 lr=9.96e-04 (22s)
  [Epoch 29] Batch 50/136 (37%)
  [Epoch 29] Batch 100/136 (74%)
[Epoch 29/700] train_loss=1.3588 val_loss=1.3733 lr=9.96e-04 (22s)
  [Epoch 30] Batch 50/136 (37%)
  [Epoch 30] Batch 100/136 (74%)
[Epoch 30/700] train_loss=1.3794 val_loss=1.3343 lr=9.95e-04 (22s)
  [Epoch 31] Batch 50/136 (37%)
  [Epoch 31] Batch 100/136 (74%)
[Epoch 31/700] train_loss=1.3582 val_loss=1.3811 lr=9.95e-04 (22s)
  [Epoch 32] Batch 50/136 (37%)
  [Epoch 32] Batch 100/136 (74%)
[Epoch 32/700] train_loss=1.3476 val_loss=1.3827 lr=9.95e-04 (22s)
  [Epoch 33] Batch 50/136 (37%)
  [Epoch 33] Batch 100/136 (74%)
[Epoch 33/700] train_loss=1.3492 val_loss=1.3665 lr=9.95e-04 (22s)
  [Epoch 34] Batch 50/136 (37%)
  [Epoch 34] Batch 100/136 (74%)
[Epoch 34/700] train_loss=1.3405 val_loss=1.3466 lr=9.94e-04 (22s)
  [Epoch 35] Batch 50/136 (37%)
  [Epoch 35] Batch 100/136 (74%)
[Epoch 35/700] train_loss=1.3480 val_loss=1.3811 lr=9.94e-04 (22s)
  [Epoch 36] Batch 50/136 (37%)
  [Epoch 36] Batch 100/136 (74%)
[Epoch 36/700] train_loss=1.3585 val_loss=1.3782 lr=9.93e-04 (22s)
  [Epoch 37] Batch 50/136 (37%)
  [Epoch 37] Batch 100/136 (74%)
[Epoch 37/700] train_loss=1.3299 val_loss=1.3369 lr=9.93e-04 (22s)
  [Epoch 38] Batch 50/136 (37%)
  [Epoch 38] Batch 100/136 (74%)
[Epoch 38/700] train_loss=1.3512 val_loss=1.3532 lr=9.93e-04 (22s)
  [Epoch 39] Batch 50/136 (37%)
  [Epoch 39] Batch 100/136 (74%)
[Epoch 39/700] train_loss=1.3401 val_loss=1.3329 lr=9.92e-04 (22s)
  [Epoch 40] Batch 50/136 (37%)
  [Epoch 40] Batch 100/136 (74%)
[Epoch 40/700] train_loss=1.3289 val_loss=1.3536 lr=9.92e-04 (22s)
  [Epoch 41] Batch 50/136 (37%)
  [Epoch 41] Batch 100/136 (74%)
[Epoch 41/700] train_loss=1.3223 val_loss=1.3378 lr=9.92e-04 (22s)
  [Epoch 42] Batch 50/136 (37%)
  [Epoch 42] Batch 100/136 (74%)
[Epoch 42/700] train_loss=1.3299 val_loss=1.3226 lr=9.91e-04 (22s)
  [Epoch 43] Batch 50/136 (37%)
  [Epoch 43] Batch 100/136 (74%)
[Epoch 43/700] train_loss=1.3130 val_loss=1.3446 lr=9.91e-04 (22s)
  [Epoch 44] Batch 50/136 (37%)
  [Epoch 44] Batch 100/136 (74%)
[Epoch 44/700] train_loss=1.3464 val_loss=1.3195 lr=9.90e-04 (22s)
  [Epoch 45] Batch 50/136 (37%)
  [Epoch 45] Batch 100/136 (74%)
[Epoch 45/700] train_loss=1.3321 val_loss=1.3502 lr=9.90e-04 (22s)
  [Epoch 46] Batch 50/136 (37%)
  [Epoch 46] Batch 100/136 (74%)
[Epoch 46/700] train_loss=1.3102 val_loss=1.3182 lr=9.89e-04 (22s)
  [Epoch 47] Batch 50/136 (37%)
  [Epoch 47] Batch 100/136 (74%)
[Epoch 47/700] train_loss=1.3102 val_loss=1.3369 lr=9.89e-04 (22s)
  [Epoch 48] Batch 50/136 (37%)
  [Epoch 48] Batch 100/136 (74%)
[Epoch 48/700] train_loss=1.3085 val_loss=1.3565 lr=9.88e-04 (22s)
  [Epoch 49] Batch 50/136 (37%)
  [Epoch 49] Batch 100/136 (74%)
[Epoch 49/700] train_loss=1.3284 val_loss=1.3220 lr=9.88e-04 (22s)
  [Epoch 50] Batch 50/136 (37%)
  [Epoch 50] Batch 100/136 (74%)
[Epoch 50/700] train_loss=1.3052 val_loss=1.3057 lr=9.87e-04 (22s)
  [Epoch 51] Batch 50/136 (37%)
  [Epoch 51] Batch 100/136 (74%)
[Epoch 51/700] train_loss=1.2960 val_loss=1.3452 lr=9.87e-04 (22s)
  [Epoch 52] Batch 50/136 (37%)
  [Epoch 52] Batch 100/136 (74%)
[Epoch 52/700] train_loss=1.2888 val_loss=1.3058 lr=9.86e-04 (22s)
  [Epoch 53] Batch 50/136 (37%)
  [Epoch 53] Batch 100/136 (74%)
[Epoch 53/700] train_loss=1.2937 val_loss=1.3453 lr=9.86e-04 (22s)
  [Epoch 54] Batch 50/136 (37%)
  [Epoch 54] Batch 100/136 (74%)
[Epoch 54/700] train_loss=1.2981 val_loss=1.3125 lr=9.85e-04 (22s)
  [Epoch 55] Batch 50/136 (37%)
  [Epoch 55] Batch 100/136 (74%)
[Epoch 55/700] train_loss=1.3050 val_loss=1.3277 lr=9.85e-04 (22s)
  [Epoch 56] Batch 50/136 (37%)
  [Epoch 56] Batch 100/136 (74%)
[Epoch 56/700] train_loss=1.2894 val_loss=1.3056 lr=9.84e-04 (22s)
  [Epoch 57] Batch 50/136 (37%)
  [Epoch 57] Batch 100/136 (74%)
[Epoch 57/700] train_loss=1.3078 val_loss=1.3043 lr=9.84e-04 (22s)
  [Epoch 58] Batch 50/136 (37%)
  [Epoch 58] Batch 100/136 (74%)
[Epoch 58/700] train_loss=1.3012 val_loss=1.3203 lr=9.83e-04 (22s)
  [Epoch 59] Batch 50/136 (37%)
  [Epoch 59] Batch 100/136 (74%)
[Epoch 59/700] train_loss=1.3128 val_loss=1.2690 lr=9.83e-04 (21s)
  [Epoch 60] Batch 50/136 (37%)
  [Epoch 60] Batch 100/136 (74%)
[Epoch 60/700] train_loss=1.2829 val_loss=1.2841 lr=9.82e-04 (22s)
  [Epoch 61] Batch 50/136 (37%)
  [Epoch 61] Batch 100/136 (74%)
[Epoch 61/700] train_loss=1.2849 val_loss=1.2953 lr=9.81e-04 (22s)
  [Epoch 62] Batch 50/136 (37%)
  [Epoch 62] Batch 100/136 (74%)
[Epoch 62/700] train_loss=1.2868 val_loss=1.3081 lr=9.81e-04 (22s)
  [Epoch 63] Batch 50/136 (37%)
  [Epoch 63] Batch 100/136 (74%)
[Epoch 63/700] train_loss=1.2808 val_loss=1.3183 lr=9.80e-04 (22s)
  [Epoch 64] Batch 50/136 (37%)
  [Epoch 64] Batch 100/136 (74%)
[Epoch 64/700] train_loss=1.2776 val_loss=1.2810 lr=9.80e-04 (22s)
  [Epoch 65] Batch 50/136 (37%)
  [Epoch 65] Batch 100/136 (74%)
[Epoch 65/700] train_loss=1.2730 val_loss=1.2804 lr=9.79e-04 (22s)
  [Epoch 66] Batch 50/136 (37%)
  [Epoch 66] Batch 100/136 (74%)
[Epoch 66/700] train_loss=1.2703 val_loss=1.2867 lr=9.78e-04 (22s)
  [Epoch 67] Batch 50/136 (37%)
  [Epoch 67] Batch 100/136 (74%)
[Epoch 67/700] train_loss=1.2997 val_loss=1.2955 lr=9.78e-04 (22s)
  [Epoch 68] Batch 50/136 (37%)
  [Epoch 68] Batch 100/136 (74%)
[Epoch 68/700] train_loss=1.2758 val_loss=1.2758 lr=9.77e-04 (22s)
  [Epoch 69] Batch 50/136 (37%)
  [Epoch 69] Batch 100/136 (74%)
[Epoch 69/700] train_loss=1.2760 val_loss=1.2702 lr=9.76e-04 (22s)
  [Epoch 70] Batch 50/136 (37%)
  [Epoch 70] Batch 100/136 (74%)
[Epoch 70/700] train_loss=1.2651 val_loss=1.2909 lr=9.76e-04 (22s)
  [Epoch 71] Batch 50/136 (37%)
  [Epoch 71] Batch 100/136 (74%)
[Epoch 71/700] train_loss=1.2621 val_loss=1.3250 lr=9.75e-04 (22s)
  [Epoch 72] Batch 50/136 (37%)
  [Epoch 72] Batch 100/136 (74%)
[Epoch 72/700] train_loss=1.2580 val_loss=1.2743 lr=9.74e-04 (22s)
  [Epoch 73] Batch 50/136 (37%)
  [Epoch 73] Batch 100/136 (74%)
[Epoch 73/700] train_loss=1.2596 val_loss=1.2766 lr=9.73e-04 (22s)
  [Epoch 74] Batch 50/136 (37%)
  [Epoch 74] Batch 100/136 (74%)
[Epoch 74/700] train_loss=1.2787 val_loss=1.2737 lr=9.73e-04 (22s)
  [Epoch 75] Batch 50/136 (37%)
  [Epoch 75] Batch 100/136 (74%)
[Epoch 75/700] train_loss=1.2687 val_loss=1.2716 lr=9.72e-04 (22s)
  [Epoch 76] Batch 50/136 (37%)
  [Epoch 76] Batch 100/136 (74%)
[Epoch 76/700] train_loss=1.2651 val_loss=1.2673 lr=9.71e-04 (22s)
  [Epoch 77] Batch 50/136 (37%)
  [Epoch 77] Batch 100/136 (74%)
[Epoch 77/700] train_loss=1.2639 val_loss=1.3166 lr=9.70e-04 (22s)
  [Epoch 78] Batch 50/136 (37%)
  [Epoch 78] Batch 100/136 (74%)
[Epoch 78/700] train_loss=1.2629 val_loss=1.2704 lr=9.70e-04 (22s)
  [Epoch 79] Batch 50/136 (37%)
  [Epoch 79] Batch 100/136 (74%)
[Epoch 79/700] train_loss=1.2655 val_loss=1.2982 lr=9.69e-04 (22s)
  [Epoch 80] Batch 50/136 (37%)
  [Epoch 80] Batch 100/136 (74%)
[Epoch 80/700] train_loss=1.2585 val_loss=1.2612 lr=9.68e-04 (22s)
  [Epoch 81] Batch 50/136 (37%)
  [Epoch 81] Batch 100/136 (74%)
[Epoch 81/700] train_loss=1.2748 val_loss=1.2820 lr=9.67e-04 (22s)
  [Epoch 82] Batch 50/136 (37%)
  [Epoch 82] Batch 100/136 (74%)
[Epoch 82/700] train_loss=1.2634 val_loss=1.3696 lr=9.67e-04 (22s)
  [Epoch 83] Batch 50/136 (37%)
  [Epoch 83] Batch 100/136 (74%)
[Epoch 83/700] train_loss=1.2792 val_loss=1.2699 lr=9.66e-04 (22s)
  [Epoch 84] Batch 50/136 (37%)
  [Epoch 84] Batch 100/136 (74%)
[Epoch 84/700] train_loss=1.2520 val_loss=1.2646 lr=9.65e-04 (21s)
  [Epoch 85] Batch 50/136 (37%)
  [Epoch 85] Batch 100/136 (74%)
[Epoch 85/700] train_loss=1.2660 val_loss=1.2827 lr=9.64e-04 (22s)
  [Epoch 86] Batch 50/136 (37%)
  [Epoch 86] Batch 100/136 (74%)
[Epoch 86/700] train_loss=1.2613 val_loss=1.2646 lr=9.63e-04 (22s)
  [Epoch 87] Batch 50/136 (37%)
  [Epoch 87] Batch 100/136 (74%)
[Epoch 87/700] train_loss=1.2567 val_loss=1.2930 lr=9.62e-04 (22s)
  [Epoch 88] Batch 50/136 (37%)
  [Epoch 88] Batch 100/136 (74%)
[Epoch 88/700] train_loss=1.2666 val_loss=1.2578 lr=9.62e-04 (22s)
  [Epoch 89] Batch 50/136 (37%)
  [Epoch 89] Batch 100/136 (74%)
[Epoch 89/700] train_loss=1.2436 val_loss=1.2567 lr=9.61e-04 (22s)
  [Epoch 90] Batch 50/136 (37%)
  [Epoch 90] Batch 100/136 (74%)
[Epoch 90/700] train_loss=1.2423 val_loss=1.2745 lr=9.60e-04 (22s)
  [Epoch 91] Batch 50/136 (37%)
  [Epoch 91] Batch 100/136 (74%)
[Epoch 91/700] train_loss=1.2494 val_loss=1.2824 lr=9.59e-04 (22s)
  [Epoch 92] Batch 50/136 (37%)
  [Epoch 92] Batch 100/136 (74%)
[Epoch 92/700] train_loss=1.2561 val_loss=1.2616 lr=9.58e-04 (22s)
  [Epoch 93] Batch 50/136 (37%)
  [Epoch 93] Batch 100/136 (74%)
[Epoch 93/700] train_loss=1.2459 val_loss=1.2809 lr=9.57e-04 (22s)
  [Epoch 94] Batch 50/136 (37%)
  [Epoch 94] Batch 100/136 (74%)
[Epoch 94/700] train_loss=1.2392 val_loss=1.2620 lr=9.56e-04 (23s)
  [Epoch 95] Batch 50/136 (37%)
  [Epoch 95] Batch 100/136 (74%)
[Epoch 95/700] train_loss=1.2405 val_loss=1.2971 lr=9.55e-04 (22s)
  [Epoch 96] Batch 50/136 (37%)
  [Epoch 96] Batch 100/136 (74%)
[Epoch 96/700] train_loss=1.2654 val_loss=1.2188 lr=9.54e-04 (22s)
  [Epoch 97] Batch 50/136 (37%)
  [Epoch 97] Batch 100/136 (74%)
[Epoch 97/700] train_loss=1.2370 val_loss=1.2088 lr=9.53e-04 (21s)
  [Epoch 98] Batch 50/136 (37%)
  [Epoch 98] Batch 100/136 (74%)
[Epoch 98/700] train_loss=1.2674 val_loss=1.2668 lr=9.52e-04 (22s)
  [Epoch 99] Batch 50/136 (37%)
  [Epoch 99] Batch 100/136 (74%)
[Epoch 99/700] train_loss=1.2448 val_loss=1.2881 lr=9.51e-04 (23s)
  [Epoch 100] Batch 50/136 (37%)
  [Epoch 100] Batch 100/136 (74%)
[Epoch 100/700] train_loss=1.2383 val_loss=1.2385 lr=9.50e-04 (22s)
  [Epoch 101] Batch 50/136 (37%)
  [Epoch 101] Batch 100/136 (74%)
[Epoch 101/700] train_loss=1.2321 val_loss=1.2644 lr=9.50e-04 (22s)
  [Epoch 102] Batch 50/136 (37%)
  [Epoch 102] Batch 100/136 (74%)
[Epoch 102/700] train_loss=1.2297 val_loss=1.2674 lr=9.49e-04 (22s)
  [Epoch 103] Batch 50/136 (37%)
  [Epoch 103] Batch 100/136 (74%)
[Epoch 103/700] train_loss=1.2359 val_loss=1.2883 lr=9.48e-04 (22s)
  [Epoch 104] Batch 50/136 (37%)
  [Epoch 104] Batch 100/136 (74%)
[Epoch 104/700] train_loss=1.2595 val_loss=1.2272 lr=9.47e-04 (22s)
  [Epoch 105] Batch 50/136 (37%)
  [Epoch 105] Batch 100/136 (74%)
[Epoch 105/700] train_loss=1.2328 val_loss=1.2649 lr=9.46e-04 (22s)
  [Epoch 106] Batch 50/136 (37%)
  [Epoch 106] Batch 100/136 (74%)
[Epoch 106/700] train_loss=1.2497 val_loss=1.2534 lr=9.44e-04 (22s)
  [Epoch 107] Batch 50/136 (37%)
  [Epoch 107] Batch 100/136 (74%)
[Epoch 107/700] train_loss=1.2436 val_loss=1.2539 lr=9.43e-04 (22s)
  [Epoch 108] Batch 50/136 (37%)
  [Epoch 108] Batch 100/136 (74%)
[Epoch 108/700] train_loss=1.2439 val_loss=1.2593 lr=9.42e-04 (22s)
  [Epoch 109] Batch 50/136 (37%)
  [Epoch 109] Batch 100/136 (74%)
[Epoch 109/700] train_loss=1.2310 val_loss=1.1945 lr=9.41e-04 (22s)
  [Epoch 110] Batch 50/136 (37%)
  [Epoch 110] Batch 100/136 (74%)
[Epoch 110/700] train_loss=1.2385 val_loss=1.2469 lr=9.40e-04 (21s)
  [Epoch 111] Batch 50/136 (37%)
  [Epoch 111] Batch 100/136 (74%)
[Epoch 111/700] train_loss=1.2349 val_loss=1.2281 lr=9.39e-04 (22s)
  [Epoch 112] Batch 50/136 (37%)
  [Epoch 112] Batch 100/136 (74%)
[Epoch 112/700] train_loss=1.2250 val_loss=1.2408 lr=9.38e-04 (22s)
  [Epoch 113] Batch 50/136 (37%)
  [Epoch 113] Batch 100/136 (74%)
[Epoch 113/700] train_loss=1.2289 val_loss=1.2540 lr=9.37e-04 (22s)
  [Epoch 114] Batch 50/136 (37%)
  [Epoch 114] Batch 100/136 (74%)
[Epoch 114/700] train_loss=1.2394 val_loss=1.2374 lr=9.36e-04 (22s)
  [Epoch 115] Batch 50/136 (37%)
  [Epoch 115] Batch 100/136 (74%)
[Epoch 115/700] train_loss=1.2433 val_loss=1.2638 lr=9.35e-04 (22s)
  [Epoch 116] Batch 50/136 (37%)
  [Epoch 116] Batch 100/136 (74%)
[Epoch 116/700] train_loss=1.2409 val_loss=1.2536 lr=9.34e-04 (22s)
  [Epoch 117] Batch 50/136 (37%)
  [Epoch 117] Batch 100/136 (74%)
[Epoch 117/700] train_loss=1.2346 val_loss=1.2702 lr=9.33e-04 (22s)
  [Epoch 118] Batch 50/136 (37%)
  [Epoch 118] Batch 100/136 (74%)
[Epoch 118/700] train_loss=1.2186 val_loss=1.2430 lr=9.32e-04 (22s)
  [Epoch 119] Batch 50/136 (37%)
  [Epoch 119] Batch 100/136 (74%)
[Epoch 119/700] train_loss=1.2457 val_loss=1.2452 lr=9.30e-04 (22s)
  [Epoch 120] Batch 50/136 (37%)
  [Epoch 120] Batch 100/136 (74%)
[Epoch 120/700] train_loss=1.2153 val_loss=1.2289 lr=9.29e-04 (22s)
  [Epoch 121] Batch 50/136 (37%)
  [Epoch 121] Batch 100/136 (74%)
[Epoch 121/700] train_loss=1.2310 val_loss=1.2588 lr=9.28e-04 (22s)
  [Epoch 122] Batch 50/136 (37%)
  [Epoch 122] Batch 100/136 (74%)
[Epoch 122/700] train_loss=1.2185 val_loss=1.2346 lr=9.27e-04 (22s)
  [Epoch 123] Batch 50/136 (37%)
  [Epoch 123] Batch 100/136 (74%)
[Epoch 123/700] train_loss=1.2366 val_loss=1.2469 lr=9.26e-04 (22s)
  [Epoch 124] Batch 50/136 (37%)
  [Epoch 124] Batch 100/136 (74%)
[Epoch 124/700] train_loss=1.2235 val_loss=1.2273 lr=9.25e-04 (22s)
  [Epoch 125] Batch 50/136 (37%)
  [Epoch 125] Batch 100/136 (74%)
[Epoch 125/700] train_loss=1.2198 val_loss=1.2206 lr=9.23e-04 (22s)
  [Epoch 126] Batch 50/136 (37%)
  [Epoch 126] Batch 100/136 (74%)
[Epoch 126/700] train_loss=1.2235 val_loss=1.2140 lr=9.22e-04 (22s)
  [Epoch 127] Batch 50/136 (37%)
  [Epoch 127] Batch 100/136 (74%)
[Epoch 127/700] train_loss=1.2342 val_loss=1.2259 lr=9.21e-04 (22s)
  [Epoch 128] Batch 50/136 (37%)
  [Epoch 128] Batch 100/136 (74%)
[Epoch 128/700] train_loss=1.2243 val_loss=1.2374 lr=9.20e-04 (22s)
  [Epoch 129] Batch 50/136 (37%)
  [Epoch 129] Batch 100/136 (74%)
[Epoch 129/700] train_loss=1.2324 val_loss=1.2703 lr=9.19e-04 (22s)
  [Epoch 130] Batch 50/136 (37%)
  [Epoch 130] Batch 100/136 (74%)
[Epoch 130/700] train_loss=1.2186 val_loss=1.2278 lr=9.17e-04 (21s)
  [Epoch 131] Batch 50/136 (37%)
  [Epoch 131] Batch 100/136 (74%)
[Epoch 131/700] train_loss=1.2437 val_loss=1.2609 lr=9.16e-04 (22s)
  [Epoch 132] Batch 50/136 (37%)
  [Epoch 132] Batch 100/136 (74%)
[Epoch 132/700] train_loss=1.2169 val_loss=1.2298 lr=9.15e-04 (22s)
  [Epoch 133] Batch 50/136 (37%)
  [Epoch 133] Batch 100/136 (74%)
[Epoch 133/700] train_loss=1.2471 val_loss=1.2398 lr=9.14e-04 (22s)
  [Epoch 134] Batch 50/136 (37%)
  [Epoch 134] Batch 100/136 (74%)
[Epoch 134/700] train_loss=1.2211 val_loss=1.2670 lr=9.12e-04 (22s)
  [Epoch 135] Batch 50/136 (37%)
  [Epoch 135] Batch 100/136 (74%)
[Epoch 135/700] train_loss=1.2197 val_loss=1.2333 lr=9.11e-04 (22s)
  [Epoch 136] Batch 50/136 (37%)
  [Epoch 136] Batch 100/136 (74%)
[Epoch 136/700] train_loss=1.2126 val_loss=1.2580 lr=9.10e-04 (22s)
  [Epoch 137] Batch 50/136 (37%)
  [Epoch 137] Batch 100/136 (74%)
[Epoch 137/700] train_loss=1.2056 val_loss=1.2383 lr=9.08e-04 (22s)
  [Epoch 138] Batch 50/136 (37%)
  [Epoch 138] Batch 100/136 (74%)
[Epoch 138/700] train_loss=1.2192 val_loss=1.2174 lr=9.07e-04 (22s)
  [Epoch 139] Batch 50/136 (37%)
  [Epoch 139] Batch 100/136 (74%)
[Epoch 139/700] train_loss=1.2205 val_loss=1.2355 lr=9.06e-04 (22s)
  [Epoch 140] Batch 50/136 (37%)
  [Epoch 140] Batch 100/136 (74%)
[Epoch 140/700] train_loss=1.2175 val_loss=1.2671 lr=9.05e-04 (22s)
  [Epoch 141] Batch 50/136 (37%)
  [Epoch 141] Batch 100/136 (74%)
[Epoch 141/700] train_loss=1.2142 val_loss=1.2267 lr=9.03e-04 (22s)
  [Epoch 142] Batch 50/136 (37%)
  [Epoch 142] Batch 100/136 (74%)
[Epoch 142/700] train_loss=1.2030 val_loss=1.2243 lr=9.02e-04 (22s)
  [Epoch 143] Batch 50/136 (37%)
  [Epoch 143] Batch 100/136 (74%)
[Epoch 143/700] train_loss=1.2266 val_loss=1.2307 lr=9.01e-04 (22s)
  [Epoch 144] Batch 50/136 (37%)
  [Epoch 144] Batch 100/136 (74%)
[Epoch 144/700] train_loss=1.2289 val_loss=1.2444 lr=8.99e-04 (22s)
  [Epoch 145] Batch 50/136 (37%)
  [Epoch 145] Batch 100/136 (74%)
[Epoch 145/700] train_loss=1.2089 val_loss=1.2183 lr=8.98e-04 (22s)
  [Epoch 146] Batch 50/136 (37%)
  [Epoch 146] Batch 100/136 (74%)
[Epoch 146/700] train_loss=1.2083 val_loss=1.2653 lr=8.96e-04 (22s)
  [Epoch 147] Batch 50/136 (37%)
  [Epoch 147] Batch 100/136 (74%)
[Epoch 147/700] train_loss=1.2381 val_loss=1.2427 lr=8.95e-04 (22s)
  [Epoch 148] Batch 50/136 (37%)
  [Epoch 148] Batch 100/136 (74%)
[Epoch 148/700] train_loss=1.2160 val_loss=1.2065 lr=8.94e-04 (22s)
  [Epoch 149] Batch 50/136 (37%)
  [Epoch 149] Batch 100/136 (74%)
[Epoch 149/700] train_loss=1.2273 val_loss=1.2120 lr=8.92e-04 (22s)
  [Epoch 150] Batch 50/136 (37%)
  [Epoch 150] Batch 100/136 (74%)
[Epoch 150/700] train_loss=1.2068 val_loss=1.2126 lr=8.91e-04 (22s)
  [Epoch 151] Batch 50/136 (37%)
  [Epoch 151] Batch 100/136 (74%)
[Epoch 151/700] train_loss=1.2115 val_loss=1.2151 lr=8.90e-04 (22s)
  [Epoch 152] Batch 50/136 (37%)
  [Epoch 152] Batch 100/136 (74%)
[Epoch 152/700] train_loss=1.2105 val_loss=1.2139 lr=8.88e-04 (22s)
  [Epoch 153] Batch 50/136 (37%)
  [Epoch 153] Batch 100/136 (74%)
[Epoch 153/700] train_loss=1.2150 val_loss=1.2542 lr=8.87e-04 (22s)
  [Epoch 154] Batch 50/136 (37%)
  [Epoch 154] Batch 100/136 (74%)
[Epoch 154/700] train_loss=1.2200 val_loss=1.2529 lr=8.85e-04 (22s)
  [Epoch 155] Batch 50/136 (37%)
  [Epoch 155] Batch 100/136 (74%)
[Epoch 155/700] train_loss=1.2052 val_loss=1.2450 lr=8.84e-04 (22s)
  [Epoch 156] Batch 50/136 (37%)
  [Epoch 156] Batch 100/136 (74%)
[Epoch 156/700] train_loss=1.2075 val_loss=1.1998 lr=8.82e-04 (22s)
  [Epoch 157] Batch 50/136 (37%)
  [Epoch 157] Batch 100/136 (74%)
[Epoch 157/700] train_loss=1.2300 val_loss=1.2170 lr=8.81e-04 (22s)
  [Epoch 158] Batch 50/136 (37%)
  [Epoch 158] Batch 100/136 (74%)
[Epoch 158/700] train_loss=1.2071 val_loss=1.2631 lr=8.79e-04 (22s)
  [Epoch 159] Batch 50/136 (37%)
  [Epoch 159] Batch 100/136 (74%)
[Epoch 159/700] train_loss=1.2159 val_loss=1.2240 lr=8.78e-04 (22s)

[Training] Completed!

✓ Training completed!
  Final checkpoint: /public/home/xiongzhzh2023/PT4ConTSG/experiments/20260403_170305_ptbxl_concept_pt_factor_generator/checkpoints/finetune/finetune-epoch=108-val/loss=1.1945.ckpt
  Experiment: experiments/20260403_170305_ptbxl_concept_pt_factor_generator

Running automatic evaluation...
[Evaluating (generating)] Starting (0/35)...
[Evaluating (generating)] 1/35 (3%)
[Evaluating (generating)] 4/35 (11%)
[Evaluating (generating)] 7/35 (20%)
[Evaluating (generating)] 11/35 (31%)
[Evaluating (generating)] 14/35 (40%)
[Evaluating (generating)] 18/35 (51%)
[Evaluating (generating)] 22/35 (63%)
[Evaluating (generating)] 25/35 (71%)
[Evaluating (generating)] 28/35 (80%)
[Evaluating (generating)] 32/35 (91%)
[Evaluating (generating)] 35/35 (100%)
[Evaluating (generating)] Completed (35 items)
Evaluation results saved to: experiments/20260403_170305_ptbxl_concept_pt_factor_generator/results/eval_results.json
           Evaluation Results           
┏━━━━━━━━━━━━━━━━━━━━━━━━━┳━━━━━━━━━━━━┓
┃ Metric                  ┃      Value ┃
┡━━━━━━━━━━━━━━━━━━━━━━━━━╇━━━━━━━━━━━━┩
│ dtw                     │  98.370577 │
│ wape                    │ 101.069580 │
│ ed                      │ 102.289242 │
│ crps                    │   0.418381 │
│ acd                     │   0.083150 │
│ sd                      │   2.852944 │
│ kd                      │ 179.424062 │
│ mdd                     │   0.015114 │
│ fid                     │   2.125478 │
│ jftsd                   │   4.116531 │
│ cttp                    │   0.494447 │
│ disc_auc                │   1.000000 │
│ prdc_f1.f1              │   0.000000 │
│ prdc_f1.precision       │   0.996360 │
│ prdc_f1.recall          │   0.000000 │
│ joint_prdc_f1.f1        │   0.000909 │
│ joint_prdc_f1.precision │   0.436761 │
│ joint_prdc_f1.recall    │   0.000455 │
└─────────────────────────┴────────────┘
