Loading config from: configs/generators/verbalts_synth-m.yaml
Model schema mode: relaxed (builtin: VerbalTSModelConfig)
   Configuration Summary    
┌───────────────┬──────────┐
│ Dataset       │ synth-m  │
│ Model         │ verbalts │
│ Epochs        │ 700      │
│ Batch Size    │ 256      │
│ Learning Rate │ 0.001    │
│ Device        │ cuda:0   │
│ Seed          │ 42       │
└───────────────┴──────────┘

Experiment directory: experiments/20260310_195653_synth-m_verbalts

Model: verbalts
Creating data module: synth-m

Starting multi-stage training (1 stage(s))...
  Stage 1: finetune (700 epochs, lr=0.001)
┏━━━┳━━━━━━━━━━━━━━━━┳━━━━━━━━━━━━━━━━━━━━━━━━━━━━━━┳━━━━━━━━┳━━━━━━━┳━━━━━━━┓
┃   ┃ Name           ┃ Type                         ┃ Params ┃ Mode  ┃ FLOPs ┃
┡━━━╇━━━━━━━━━━━━━━━━╇━━━━━━━━━━━━━━━━━━━━━━━━━━━━━━╇━━━━━━━━╇━━━━━━━╇━━━━━━━┩
│ 0 │ verbalts       │ VerbalTSCore                 │  1.2 M │ train │     0 │
│ 1 │ cond_projector │ TextProjectorMVarMScaleMStep │ 51.3 M │ train │     0 │
└───┴────────────────┴──────────────────────────────┴────────┴───────┴───────┘
Trainable params: 52.5 M                                                                                                                                                                    
Non-trainable params: 0                                                                                                                                                                     
Total params: 52.5 M                                                                                                                                                                        
Total estimated model params size (MB): 209                                                                                                                                                 
Modules in train mode: 233                                                                                                                                                                  
Modules in eval mode: 0                                                                                                                                                                     
Total FLOPs: 0                                                                                                                                                                              

[Training] Starting 700 epochs...
  [Epoch 1] Batch 50/93 (54%)
[Epoch 1/700] train_loss=0.3924 val_loss=0.2217 lr=1.00e-03 (18s)
  [Epoch 2] Batch 50/93 (54%)
[Epoch 2/700] train_loss=0.2199 val_loss=0.2140 lr=1.00e-03 (18s)
  [Epoch 3] Batch 50/93 (54%)
[Epoch 3/700] train_loss=0.2052 val_loss=0.2093 lr=1.00e-03 (18s)
  [Epoch 4] Batch 50/93 (54%)
[Epoch 4/700] train_loss=0.2043 val_loss=0.1974 lr=1.00e-03 (18s)
  [Epoch 5] Batch 50/93 (54%)
[Epoch 5/700] train_loss=0.2027 val_loss=0.2021 lr=1.00e-03 (18s)
  [Epoch 6] Batch 50/93 (54%)
[Epoch 6/700] train_loss=0.1954 val_loss=0.1903 lr=1.00e-03 (18s)
  [Epoch 7] Batch 50/93 (54%)
[Epoch 7/700] train_loss=0.1872 val_loss=0.1917 lr=1.00e-03 (18s)
  [Epoch 8] Batch 50/93 (54%)
[Epoch 8/700] train_loss=0.1907 val_loss=0.1832 lr=1.00e-03 (18s)
  [Epoch 9] Batch 50/93 (54%)
[Epoch 9/700] train_loss=0.1885 val_loss=0.1887 lr=1.00e-03 (18s)
  [Epoch 10] Batch 50/93 (54%)
[Epoch 10/700] train_loss=0.1837 val_loss=0.1764 lr=9.99e-04 (18s)
  [Epoch 11] Batch 50/93 (54%)
[Epoch 11/700] train_loss=0.1855 val_loss=0.1900 lr=9.99e-04 (18s)
  [Epoch 12] Batch 50/93 (54%)
[Epoch 12/700] train_loss=0.1855 val_loss=0.1785 lr=9.99e-04 (18s)
  [Epoch 13] Batch 50/93 (54%)
[Epoch 13/700] train_loss=0.1795 val_loss=0.1767 lr=9.99e-04 (18s)
  [Epoch 14] Batch 50/93 (54%)
[Epoch 14/700] train_loss=0.1786 val_loss=0.1802 lr=9.99e-04 (18s)
  [Epoch 15] Batch 50/93 (54%)
[Epoch 15/700] train_loss=0.1761 val_loss=0.1875 lr=9.99e-04 (18s)
  [Epoch 16] Batch 50/93 (54%)
[Epoch 16/700] train_loss=0.1836 val_loss=0.1777 lr=9.99e-04 (18s)
  [Epoch 17] Batch 50/93 (54%)
[Epoch 17/700] train_loss=0.1757 val_loss=0.1707 lr=9.99e-04 (18s)
  [Epoch 18] Batch 50/93 (54%)
[Epoch 18/700] train_loss=0.1748 val_loss=0.1750 lr=9.98e-04 (18s)
  [Epoch 19] Batch 50/93 (54%)
[Epoch 19/700] train_loss=0.1734 val_loss=0.1648 lr=9.98e-04 (18s)
  [Epoch 20] Batch 50/93 (54%)
[Epoch 20/700] train_loss=0.1733 val_loss=0.1720 lr=9.98e-04 (18s)
  [Epoch 21] Batch 50/93 (54%)
[Epoch 21/700] train_loss=0.1700 val_loss=0.1627 lr=9.98e-04 (18s)
  [Epoch 22] Batch 50/93 (54%)
[Epoch 22/700] train_loss=0.1723 val_loss=0.1622 lr=9.98e-04 (18s)
  [Epoch 23] Batch 50/93 (54%)
[Epoch 23/700] train_loss=0.1723 val_loss=0.1703 lr=9.97e-04 (18s)
  [Epoch 24] Batch 50/93 (54%)
[Epoch 24/700] train_loss=0.1693 val_loss=0.1698 lr=9.97e-04 (18s)
  [Epoch 25] Batch 50/93 (54%)
[Epoch 25/700] train_loss=0.1725 val_loss=0.1611 lr=9.97e-04 (18s)
  [Epoch 26] Batch 50/93 (54%)
[Epoch 26/700] train_loss=0.1645 val_loss=0.1675 lr=9.97e-04 (18s)
  [Epoch 27] Batch 50/93 (54%)
[Epoch 27/700] train_loss=0.1701 val_loss=0.1587 lr=9.96e-04 (18s)
  [Epoch 28] Batch 50/93 (54%)
[Epoch 28/700] train_loss=0.1678 val_loss=0.1688 lr=9.96e-04 (18s)
  [Epoch 29] Batch 50/93 (54%)
[Epoch 29/700] train_loss=0.1678 val_loss=0.1638 lr=9.96e-04 (18s)
  [Epoch 30] Batch 50/93 (54%)
[Epoch 30/700] train_loss=0.1634 val_loss=0.1585 lr=9.95e-04 (18s)
  [Epoch 31] Batch 50/93 (54%)
[Epoch 31/700] train_loss=0.1655 val_loss=0.1615 lr=9.95e-04 (18s)
  [Epoch 32] Batch 50/93 (54%)
[Epoch 32/700] train_loss=0.1683 val_loss=0.1630 lr=9.95e-04 (18s)
  [Epoch 33] Batch 50/93 (54%)
[Epoch 33/700] train_loss=0.1638 val_loss=0.1603 lr=9.95e-04 (18s)
  [Epoch 34] Batch 50/93 (54%)
[Epoch 34/700] train_loss=0.1680 val_loss=0.1681 lr=9.94e-04 (18s)
  [Epoch 35] Batch 50/93 (54%)
[Epoch 35/700] train_loss=0.1653 val_loss=0.1572 lr=9.94e-04 (18s)
  [Epoch 36] Batch 50/93 (54%)
[Epoch 36/700] train_loss=0.1664 val_loss=0.1589 lr=9.93e-04 (18s)
  [Epoch 37] Batch 50/93 (54%)
[Epoch 37/700] train_loss=0.1626 val_loss=0.1648 lr=9.93e-04 (18s)
  [Epoch 38] Batch 50/93 (54%)
[Epoch 38/700] train_loss=0.1638 val_loss=0.1534 lr=9.93e-04 (18s)
  [Epoch 39] Batch 50/93 (54%)
[Epoch 39/700] train_loss=0.1633 val_loss=0.1540 lr=9.92e-04 (18s)
  [Epoch 40] Batch 50/93 (54%)
[Epoch 40/700] train_loss=0.1618 val_loss=0.1589 lr=9.92e-04 (18s)
  [Epoch 41] Batch 50/93 (54%)
[Epoch 41/700] train_loss=0.1589 val_loss=0.1688 lr=9.92e-04 (18s)
  [Epoch 42] Batch 50/93 (54%)
[Epoch 42/700] train_loss=0.1614 val_loss=0.1596 lr=9.91e-04 (18s)
  [Epoch 43] Batch 50/93 (54%)
[Epoch 43/700] train_loss=0.1629 val_loss=0.1583 lr=9.91e-04 (18s)
  [Epoch 44] Batch 50/93 (54%)
[Epoch 44/700] train_loss=0.1649 val_loss=0.1682 lr=9.90e-04 (18s)
  [Epoch 45] Batch 50/93 (54%)
[Epoch 45/700] train_loss=0.1605 val_loss=0.1568 lr=9.90e-04 (18s)
  [Epoch 46] Batch 50/93 (54%)
[Epoch 46/700] train_loss=0.1640 val_loss=0.1699 lr=9.89e-04 (18s)
  [Epoch 47] Batch 50/93 (54%)
[Epoch 47/700] train_loss=0.1594 val_loss=0.1608 lr=9.89e-04 (18s)
  [Epoch 48] Batch 50/93 (54%)
[Epoch 48/700] train_loss=0.1621 val_loss=0.1579 lr=9.88e-04 (18s)
  [Epoch 49] Batch 50/93 (54%)
[Epoch 49/700] train_loss=0.1631 val_loss=0.1545 lr=9.88e-04 (18s)
  [Epoch 50] Batch 50/93 (54%)
[Epoch 50/700] train_loss=0.1610 val_loss=0.1600 lr=9.87e-04 (18s)
  [Epoch 51] Batch 50/93 (54%)
[Epoch 51/700] train_loss=0.1586 val_loss=0.1515 lr=9.87e-04 (18s)
  [Epoch 52] Batch 50/93 (54%)
[Epoch 52/700] train_loss=0.1613 val_loss=0.1608 lr=9.86e-04 (18s)
  [Epoch 53] Batch 50/93 (54%)
[Epoch 53/700] train_loss=0.1580 val_loss=0.1567 lr=9.86e-04 (18s)
  [Epoch 54] Batch 50/93 (54%)
[Epoch 54/700] train_loss=0.1619 val_loss=0.1592 lr=9.85e-04 (18s)
  [Epoch 55] Batch 50/93 (54%)
[Epoch 55/700] train_loss=0.1580 val_loss=0.1554 lr=9.85e-04 (18s)
  [Epoch 56] Batch 50/93 (54%)
[Epoch 56/700] train_loss=0.1601 val_loss=0.1595 lr=9.84e-04 (18s)
  [Epoch 57] Batch 50/93 (54%)
[Epoch 57/700] train_loss=0.1590 val_loss=0.1656 lr=9.84e-04 (18s)
  [Epoch 58] Batch 50/93 (54%)
[Epoch 58/700] train_loss=0.1608 val_loss=0.1660 lr=9.83e-04 (18s)
  [Epoch 59] Batch 50/93 (54%)
[Epoch 59/700] train_loss=0.1600 val_loss=0.1707 lr=9.83e-04 (18s)
  [Epoch 60] Batch 50/93 (54%)
[Epoch 60/700] train_loss=0.1640 val_loss=0.1547 lr=9.82e-04 (18s)
  [Epoch 61] Batch 50/93 (54%)
[Epoch 61/700] train_loss=0.1562 val_loss=0.1585 lr=9.81e-04 (18s)
  [Epoch 62] Batch 50/93 (54%)
[Epoch 62/700] train_loss=0.1545 val_loss=0.1600 lr=9.81e-04 (18s)
  [Epoch 63] Batch 50/93 (54%)
[Epoch 63/700] train_loss=0.1575 val_loss=0.1571 lr=9.80e-04 (18s)
  [Epoch 64] Batch 50/93 (54%)
[Epoch 64/700] train_loss=0.1562 val_loss=0.1530 lr=9.80e-04 (18s)
  [Epoch 65] Batch 50/93 (54%)
[Epoch 65/700] train_loss=0.1563 val_loss=0.1598 lr=9.79e-04 (18s)
  [Epoch 66] Batch 50/93 (54%)
[Epoch 66/700] train_loss=0.1559 val_loss=0.1540 lr=9.78e-04 (18s)
  [Epoch 67] Batch 50/93 (54%)
[Epoch 67/700] train_loss=0.1553 val_loss=0.1581 lr=9.78e-04 (18s)
  [Epoch 68] Batch 50/93 (54%)
[Epoch 68/700] train_loss=0.1556 val_loss=0.1501 lr=9.77e-04 (18s)
  [Epoch 69] Batch 50/93 (54%)
[Epoch 69/700] train_loss=0.1546 val_loss=0.1609 lr=9.76e-04 (18s)
  [Epoch 70] Batch 50/93 (54%)
[Epoch 70/700] train_loss=0.1522 val_loss=0.1521 lr=9.76e-04 (18s)
  [Epoch 71] Batch 50/93 (54%)
[Epoch 71/700] train_loss=0.1547 val_loss=0.1513 lr=9.75e-04 (18s)
  [Epoch 72] Batch 50/93 (54%)
[Epoch 72/700] train_loss=0.1554 val_loss=0.1543 lr=9.74e-04 (18s)
  [Epoch 73] Batch 50/93 (54%)
[Epoch 73/700] train_loss=0.1541 val_loss=0.1482 lr=9.73e-04 (18s)
  [Epoch 74] Batch 50/93 (54%)
[Epoch 74/700] train_loss=0.1535 val_loss=0.1475 lr=9.73e-04 (18s)
  [Epoch 75] Batch 50/93 (54%)
[Epoch 75/700] train_loss=0.1538 val_loss=0.1527 lr=9.72e-04 (18s)
  [Epoch 76] Batch 50/93 (54%)
[Epoch 76/700] train_loss=0.1547 val_loss=0.1509 lr=9.71e-04 (18s)
  [Epoch 77] Batch 50/93 (54%)
[Epoch 77/700] train_loss=0.1547 val_loss=0.1567 lr=9.70e-04 (18s)
  [Epoch 78] Batch 50/93 (54%)
[Epoch 78/700] train_loss=0.1513 val_loss=0.1529 lr=9.70e-04 (18s)
  [Epoch 79] Batch 50/93 (54%)
[Epoch 79/700] train_loss=0.1558 val_loss=0.1505 lr=9.69e-04 (18s)
  [Epoch 80] Batch 50/93 (54%)
[Epoch 80/700] train_loss=0.1544 val_loss=0.1542 lr=9.68e-04 (18s)
  [Epoch 81] Batch 50/93 (54%)
[Epoch 81/700] train_loss=0.1507 val_loss=0.1482 lr=9.67e-04 (18s)
  [Epoch 82] Batch 50/93 (54%)
[Epoch 82/700] train_loss=0.1528 val_loss=0.1474 lr=9.67e-04 (18s)
  [Epoch 83] Batch 50/93 (54%)
[Epoch 83/700] train_loss=0.1491 val_loss=0.1529 lr=9.66e-04 (18s)
  [Epoch 84] Batch 50/93 (54%)
[Epoch 84/700] train_loss=0.1552 val_loss=0.1543 lr=9.65e-04 (18s)
  [Epoch 85] Batch 50/93 (54%)
[Epoch 85/700] train_loss=0.1532 val_loss=0.1454 lr=9.64e-04 (18s)
  [Epoch 86] Batch 50/93 (54%)
[Epoch 86/700] train_loss=0.1536 val_loss=0.1544 lr=9.63e-04 (18s)
  [Epoch 87] Batch 50/93 (54%)
[Epoch 87/700] train_loss=0.1533 val_loss=0.1554 lr=9.62e-04 (18s)
  [Epoch 88] Batch 50/93 (54%)
[Epoch 88/700] train_loss=0.1512 val_loss=0.1502 lr=9.62e-04 (18s)
  [Epoch 89] Batch 50/93 (54%)
[Epoch 89/700] train_loss=0.1508 val_loss=0.1449 lr=9.61e-04 (18s)
  [Epoch 90] Batch 50/93 (54%)
[Epoch 90/700] train_loss=0.1492 val_loss=0.1459 lr=9.60e-04 (18s)
  [Epoch 91] Batch 50/93 (54%)
[Epoch 91/700] train_loss=0.1524 val_loss=0.1502 lr=9.59e-04 (18s)
  [Epoch 92] Batch 50/93 (54%)
[Epoch 92/700] train_loss=0.1512 val_loss=0.1477 lr=9.58e-04 (18s)
  [Epoch 93] Batch 50/93 (54%)
[Epoch 93/700] train_loss=0.1524 val_loss=0.1513 lr=9.57e-04 (18s)
  [Epoch 94] Batch 50/93 (54%)
[Epoch 94/700] train_loss=0.1511 val_loss=0.1509 lr=9.56e-04 (18s)
  [Epoch 95] Batch 50/93 (54%)
[Epoch 95/700] train_loss=0.1513 val_loss=0.1480 lr=9.55e-04 (18s)
  [Epoch 96] Batch 50/93 (54%)
[Epoch 96/700] train_loss=0.1501 val_loss=0.1436 lr=9.54e-04 (18s)
  [Epoch 97] Batch 50/93 (54%)
[Epoch 97/700] train_loss=0.1493 val_loss=0.1508 lr=9.53e-04 (18s)
  [Epoch 98] Batch 50/93 (54%)
[Epoch 98/700] train_loss=0.1497 val_loss=0.1475 lr=9.52e-04 (18s)
  [Epoch 99] Batch 50/93 (54%)
[Epoch 99/700] train_loss=0.1503 val_loss=0.1434 lr=9.51e-04 (18s)
  [Epoch 100] Batch 50/93 (54%)
[Epoch 100/700] train_loss=0.1487 val_loss=0.1485 lr=9.50e-04 (18s)
  [Epoch 101] Batch 50/93 (54%)
[Epoch 101/700] train_loss=0.1516 val_loss=0.1478 lr=9.50e-04 (18s)
  [Epoch 102] Batch 50/93 (54%)
[Epoch 102/700] train_loss=0.1469 val_loss=0.1493 lr=9.49e-04 (18s)
  [Epoch 103] Batch 50/93 (54%)
[Epoch 103/700] train_loss=0.1483 val_loss=0.1499 lr=9.48e-04 (18s)
  [Epoch 104] Batch 50/93 (54%)
[Epoch 104/700] train_loss=0.1463 val_loss=0.1389 lr=9.47e-04 (18s)
  [Epoch 105] Batch 50/93 (54%)
[Epoch 105/700] train_loss=0.1485 val_loss=0.1463 lr=9.46e-04 (18s)
  [Epoch 106] Batch 50/93 (54%)
[Epoch 106/700] train_loss=0.1476 val_loss=0.1458 lr=9.44e-04 (18s)
  [Epoch 107] Batch 50/93 (54%)
[Epoch 107/700] train_loss=0.1484 val_loss=0.1436 lr=9.43e-04 (18s)
  [Epoch 108] Batch 50/93 (54%)
[Epoch 108/700] train_loss=0.1482 val_loss=0.1449 lr=9.42e-04 (18s)
  [Epoch 109] Batch 50/93 (54%)
[Epoch 109/700] train_loss=0.1515 val_loss=0.1427 lr=9.41e-04 (18s)
  [Epoch 110] Batch 50/93 (54%)
[Epoch 110/700] train_loss=0.1479 val_loss=0.1429 lr=9.40e-04 (18s)
  [Epoch 111] Batch 50/93 (54%)
[Epoch 111/700] train_loss=0.1477 val_loss=0.1445 lr=9.39e-04 (18s)
  [Epoch 112] Batch 50/93 (54%)
[Epoch 112/700] train_loss=0.1495 val_loss=0.1441 lr=9.38e-04 (18s)
  [Epoch 113] Batch 50/93 (54%)
[Epoch 113/700] train_loss=0.1498 val_loss=0.1462 lr=9.37e-04 (18s)
  [Epoch 114] Batch 50/93 (54%)
[Epoch 114/700] train_loss=0.1488 val_loss=0.1467 lr=9.36e-04 (18s)
  [Epoch 115] Batch 50/93 (54%)
[Epoch 115/700] train_loss=0.1478 val_loss=0.1512 lr=9.35e-04 (18s)
  [Epoch 116] Batch 50/93 (54%)
[Epoch 116/700] train_loss=0.1498 val_loss=0.1449 lr=9.34e-04 (18s)
  [Epoch 117] Batch 50/93 (54%)
[Epoch 117/700] train_loss=0.1473 val_loss=0.1516 lr=9.33e-04 (18s)
  [Epoch 118] Batch 50/93 (54%)
[Epoch 118/700] train_loss=0.1447 val_loss=0.1368 lr=9.32e-04 (18s)
  [Epoch 119] Batch 50/93 (54%)
[Epoch 119/700] train_loss=0.1457 val_loss=0.1406 lr=9.30e-04 (18s)
  [Epoch 120] Batch 50/93 (54%)
[Epoch 120/700] train_loss=0.1495 val_loss=0.1483 lr=9.29e-04 (18s)
  [Epoch 121] Batch 50/93 (54%)
[Epoch 121/700] train_loss=0.1484 val_loss=0.1405 lr=9.28e-04 (18s)
  [Epoch 122] Batch 50/93 (54%)
[Epoch 122/700] train_loss=0.1492 val_loss=0.1436 lr=9.27e-04 (18s)
  [Epoch 123] Batch 50/93 (54%)
[Epoch 123/700] train_loss=0.1486 val_loss=0.1488 lr=9.26e-04 (18s)
  [Epoch 124] Batch 50/93 (54%)
[Epoch 124/700] train_loss=0.1471 val_loss=0.1418 lr=9.25e-04 (18s)
  [Epoch 125] Batch 50/93 (54%)
[Epoch 125/700] train_loss=0.1469 val_loss=0.1466 lr=9.23e-04 (18s)
  [Epoch 126] Batch 50/93 (54%)
[Epoch 126/700] train_loss=0.1468 val_loss=0.1427 lr=9.22e-04 (18s)
  [Epoch 127] Batch 50/93 (54%)
[Epoch 127/700] train_loss=0.1453 val_loss=0.1387 lr=9.21e-04 (18s)
  [Epoch 128] Batch 50/93 (54%)
[Epoch 128/700] train_loss=0.1479 val_loss=0.1467 lr=9.20e-04 (18s)
  [Epoch 129] Batch 50/93 (54%)
[Epoch 129/700] train_loss=0.1463 val_loss=0.1384 lr=9.19e-04 (18s)
  [Epoch 130] Batch 50/93 (54%)
[Epoch 130/700] train_loss=0.1450 val_loss=0.1408 lr=9.17e-04 (19s)
  [Epoch 131] Batch 50/93 (54%)
[Epoch 131/700] train_loss=0.1444 val_loss=0.1419 lr=9.16e-04 (19s)
  [Epoch 132] Batch 50/93 (54%)
[Epoch 132/700] train_loss=0.1442 val_loss=0.1434 lr=9.15e-04 (19s)
  [Epoch 133] Batch 50/93 (54%)
[Epoch 133/700] train_loss=0.1447 val_loss=0.1417 lr=9.14e-04 (18s)
  [Epoch 134] Batch 50/93 (54%)
[Epoch 134/700] train_loss=0.1445 val_loss=0.1436 lr=9.12e-04 (18s)
  [Epoch 135] Batch 50/93 (54%)
[Epoch 135/700] train_loss=0.1450 val_loss=0.1440 lr=9.11e-04 (18s)
  [Epoch 136] Batch 50/93 (54%)
[Epoch 136/700] train_loss=0.1456 val_loss=0.1447 lr=9.10e-04 (18s)
  [Epoch 137] Batch 50/93 (54%)
[Epoch 137/700] train_loss=0.1445 val_loss=0.1388 lr=9.08e-04 (18s)
  [Epoch 138] Batch 50/93 (54%)
[Epoch 138/700] train_loss=0.1455 val_loss=0.1396 lr=9.07e-04 (18s)
  [Epoch 139] Batch 50/93 (54%)
[Epoch 139/700] train_loss=0.1464 val_loss=0.1448 lr=9.06e-04 (18s)
  [Epoch 140] Batch 50/93 (54%)
[Epoch 140/700] train_loss=0.1433 val_loss=0.1541 lr=9.05e-04 (18s)
  [Epoch 141] Batch 50/93 (54%)
[Epoch 141/700] train_loss=0.1477 val_loss=0.1423 lr=9.03e-04 (18s)
  [Epoch 142] Batch 50/93 (54%)
[Epoch 142/700] train_loss=0.1425 val_loss=0.1482 lr=9.02e-04 (18s)
  [Epoch 143] Batch 50/93 (54%)
[Epoch 143/700] train_loss=0.1449 val_loss=0.1412 lr=9.01e-04 (18s)
  [Epoch 144] Batch 50/93 (54%)
[Epoch 144/700] train_loss=0.1448 val_loss=0.1450 lr=8.99e-04 (18s)
  [Epoch 145] Batch 50/93 (54%)
[Epoch 145/700] train_loss=0.1434 val_loss=0.1419 lr=8.98e-04 (18s)
  [Epoch 146] Batch 50/93 (54%)
[Epoch 146/700] train_loss=0.1422 val_loss=0.1408 lr=8.96e-04 (18s)
  [Epoch 147] Batch 50/93 (54%)
[Epoch 147/700] train_loss=0.1463 val_loss=0.1403 lr=8.95e-04 (18s)
  [Epoch 148] Batch 50/93 (54%)
[Epoch 148/700] train_loss=0.1433 val_loss=0.1462 lr=8.94e-04 (18s)
  [Epoch 149] Batch 50/93 (54%)
[Epoch 149/700] train_loss=0.1469 val_loss=0.1416 lr=8.92e-04 (18s)
  [Epoch 150] Batch 50/93 (54%)
[Epoch 150/700] train_loss=0.1411 val_loss=0.1467 lr=8.91e-04 (18s)
  [Epoch 151] Batch 50/93 (54%)
[Epoch 151/700] train_loss=0.1437 val_loss=0.1477 lr=8.90e-04 (18s)
  [Epoch 152] Batch 50/93 (54%)
[Epoch 152/700] train_loss=0.1449 val_loss=0.1414 lr=8.88e-04 (18s)
  [Epoch 153] Batch 50/93 (54%)
[Epoch 153/700] train_loss=0.1440 val_loss=0.1470 lr=8.87e-04 (18s)
  [Epoch 154] Batch 50/93 (54%)
[Epoch 154/700] train_loss=0.1434 val_loss=0.1396 lr=8.85e-04 (18s)
  [Epoch 155] Batch 50/93 (54%)
[Epoch 155/700] train_loss=0.1452 val_loss=0.1383 lr=8.84e-04 (18s)
  [Epoch 156] Batch 50/93 (54%)
[Epoch 156/700] train_loss=0.1415 val_loss=0.1420 lr=8.82e-04 (18s)
  [Epoch 157] Batch 50/93 (54%)
[Epoch 157/700] train_loss=0.1444 val_loss=0.1393 lr=8.81e-04 (18s)
  [Epoch 158] Batch 50/93 (54%)
[Epoch 158/700] train_loss=0.1444 val_loss=0.1425 lr=8.79e-04 (18s)
  [Epoch 159] Batch 50/93 (54%)
[Epoch 159/700] train_loss=0.1419 val_loss=0.1422 lr=8.78e-04 (18s)
  [Epoch 160] Batch 50/93 (54%)
[Epoch 160/700] train_loss=0.1426 val_loss=0.1427 lr=8.77e-04 (18s)
  [Epoch 161] Batch 50/93 (54%)
[Epoch 161/700] train_loss=0.1433 val_loss=0.1447 lr=8.75e-04 (18s)
  [Epoch 162] Batch 50/93 (54%)
[Epoch 162/700] train_loss=0.1435 val_loss=0.1430 lr=8.74e-04 (18s)
  [Epoch 163] Batch 50/93 (54%)
[Epoch 163/700] train_loss=0.1400 val_loss=0.1474 lr=8.72e-04 (18s)
  [Epoch 164] Batch 50/93 (54%)
[Epoch 164/700] train_loss=0.1435 val_loss=0.1419 lr=8.71e-04 (18s)
  [Epoch 165] Batch 50/93 (54%)
[Epoch 165/700] train_loss=0.1433 val_loss=0.1353 lr=8.69e-04 (18s)
  [Epoch 166] Batch 50/93 (54%)
[Epoch 166/700] train_loss=0.1433 val_loss=0.1337 lr=8.68e-04 (18s)
  [Epoch 167] Batch 50/93 (54%)
[Epoch 167/700] train_loss=0.1397 val_loss=0.1325 lr=8.66e-04 (18s)
  [Epoch 168] Batch 50/93 (54%)
[Epoch 168/700] train_loss=0.1433 val_loss=0.1418 lr=8.64e-04 (18s)
  [Epoch 169] Batch 50/93 (54%)
[Epoch 169/700] train_loss=0.1417 val_loss=0.1382 lr=8.63e-04 (18s)
  [Epoch 170] Batch 50/93 (54%)
[Epoch 170/700] train_loss=0.1451 val_loss=0.1421 lr=8.61e-04 (18s)
  [Epoch 171] Batch 50/93 (54%)
[Epoch 171/700] train_loss=0.1415 val_loss=0.1420 lr=8.60e-04 (18s)
  [Epoch 172] Batch 50/93 (54%)
[Epoch 172/700] train_loss=0.1419 val_loss=0.1386 lr=8.58e-04 (18s)
  [Epoch 173] Batch 50/93 (54%)
[Epoch 173/700] train_loss=0.1411 val_loss=0.1374 lr=8.57e-04 (18s)
  [Epoch 174] Batch 50/93 (54%)
[Epoch 174/700] train_loss=0.1428 val_loss=0.1388 lr=8.55e-04 (18s)
  [Epoch 175] Batch 50/93 (54%)
[Epoch 175/700] train_loss=0.1421 val_loss=0.1411 lr=8.54e-04 (18s)
  [Epoch 176] Batch 50/93 (54%)
[Epoch 176/700] train_loss=0.1410 val_loss=0.1400 lr=8.52e-04 (18s)
  [Epoch 177] Batch 50/93 (54%)
[Epoch 177/700] train_loss=0.1418 val_loss=0.1370 lr=8.50e-04 (18s)
  [Epoch 178] Batch 50/93 (54%)
[Epoch 178/700] train_loss=0.1414 val_loss=0.1435 lr=8.49e-04 (18s)
  [Epoch 179] Batch 50/93 (54%)
[Epoch 179/700] train_loss=0.1406 val_loss=0.1343 lr=8.47e-04 (18s)
  [Epoch 180] Batch 50/93 (54%)
[Epoch 180/700] train_loss=0.1410 val_loss=0.1401 lr=8.46e-04 (18s)
  [Epoch 181] Batch 50/93 (54%)
[Epoch 181/700] train_loss=0.1416 val_loss=0.1418 lr=8.44e-04 (18s)
  [Epoch 182] Batch 50/93 (54%)
[Epoch 182/700] train_loss=0.1418 val_loss=0.1365 lr=8.42e-04 (18s)
  [Epoch 183] Batch 50/93 (54%)
[Epoch 183/700] train_loss=0.1418 val_loss=0.1369 lr=8.41e-04 (18s)
  [Epoch 184] Batch 50/93 (54%)
[Epoch 184/700] train_loss=0.1414 val_loss=0.1402 lr=8.39e-04 (18s)
  [Epoch 185] Batch 50/93 (54%)
[Epoch 185/700] train_loss=0.1403 val_loss=0.1405 lr=8.37e-04 (18s)
  [Epoch 186] Batch 50/93 (54%)
[Epoch 186/700] train_loss=0.1409 val_loss=0.1430 lr=8.36e-04 (18s)
  [Epoch 187] Batch 50/93 (54%)
[Epoch 187/700] train_loss=0.1428 val_loss=0.1440 lr=8.34e-04 (18s)
  [Epoch 188] Batch 50/93 (54%)
[Epoch 188/700] train_loss=0.1426 val_loss=0.1364 lr=8.32e-04 (18s)
  [Epoch 189] Batch 50/93 (54%)
[Epoch 189/700] train_loss=0.1433 val_loss=0.1367 lr=8.31e-04 (18s)
  [Epoch 190] Batch 50/93 (54%)
[Epoch 190/700] train_loss=0.1417 val_loss=0.1357 lr=8.29e-04 (18s)
  [Epoch 191] Batch 50/93 (54%)
[Epoch 191/700] train_loss=0.1395 val_loss=0.1361 lr=8.27e-04 (18s)
  [Epoch 192] Batch 50/93 (54%)
[Epoch 192/700] train_loss=0.1407 val_loss=0.1406 lr=8.26e-04 (18s)
  [Epoch 193] Batch 50/93 (54%)
[Epoch 193/700] train_loss=0.1407 val_loss=0.1416 lr=8.24e-04 (18s)
  [Epoch 194] Batch 50/93 (54%)
[Epoch 194/700] train_loss=0.1428 val_loss=0.1389 lr=8.22e-04 (18s)
  [Epoch 195] Batch 50/93 (54%)
[Epoch 195/700] train_loss=0.1396 val_loss=0.1361 lr=8.20e-04 (18s)
  [Epoch 196] Batch 50/93 (54%)
[Epoch 196/700] train_loss=0.1417 val_loss=0.1378 lr=8.19e-04 (18s)
  [Epoch 197] Batch 50/93 (54%)
[Epoch 197/700] train_loss=0.1407 val_loss=0.1384 lr=8.17e-04 (18s)
  [Epoch 198] Batch 50/93 (54%)
[Epoch 198/700] train_loss=0.1384 val_loss=0.1456 lr=8.15e-04 (18s)
  [Epoch 199] Batch 50/93 (54%)
[Epoch 199/700] train_loss=0.1427 val_loss=0.1437 lr=8.13e-04 (18s)
  [Epoch 200] Batch 50/93 (54%)
[Epoch 200/700] train_loss=0.1403 val_loss=0.1376 lr=8.12e-04 (18s)
  [Epoch 201] Batch 50/93 (54%)
[Epoch 201/700] train_loss=0.1427 val_loss=0.1414 lr=8.10e-04 (18s)
  [Epoch 202] Batch 50/93 (54%)
[Epoch 202/700] train_loss=0.1425 val_loss=0.1407 lr=8.08e-04 (18s)
  [Epoch 203] Batch 50/93 (54%)
[Epoch 203/700] train_loss=0.1411 val_loss=0.1367 lr=8.06e-04 (18s)
  [Epoch 204] Batch 50/93 (54%)
[Epoch 204/700] train_loss=0.1383 val_loss=0.1303 lr=8.05e-04 (18s)
  [Epoch 205] Batch 50/93 (54%)
[Epoch 205/700] train_loss=0.1368 val_loss=0.1377 lr=8.03e-04 (18s)
  [Epoch 206] Batch 50/93 (54%)
[Epoch 206/700] train_loss=0.1419 val_loss=0.1320 lr=8.01e-04 (18s)
  [Epoch 207] Batch 50/93 (54%)
[Epoch 207/700] train_loss=0.1414 val_loss=0.1387 lr=7.99e-04 (18s)
  [Epoch 208] Batch 50/93 (54%)
[Epoch 208/700] train_loss=0.1396 val_loss=0.1398 lr=7.98e-04 (18s)
  [Epoch 209] Batch 50/93 (54%)
[Epoch 209/700] train_loss=0.1405 val_loss=0.1348 lr=7.96e-04 (18s)
  [Epoch 210] Batch 50/93 (54%)
[Epoch 210/700] train_loss=0.1398 val_loss=0.1392 lr=7.94e-04 (18s)
  [Epoch 211] Batch 50/93 (54%)
[Epoch 211/700] train_loss=0.1401 val_loss=0.1401 lr=7.92e-04 (18s)
  [Epoch 212] Batch 50/93 (54%)
[Epoch 212/700] train_loss=0.1386 val_loss=0.1376 lr=7.90e-04 (18s)
  [Epoch 213] Batch 50/93 (54%)
[Epoch 213/700] train_loss=0.1418 val_loss=0.1342 lr=7.88e-04 (18s)
  [Epoch 214] Batch 50/93 (54%)
[Epoch 214/700] train_loss=0.1384 val_loss=0.1353 lr=7.87e-04 (18s)
  [Epoch 215] Batch 50/93 (54%)
[Epoch 215/700] train_loss=0.1434 val_loss=0.1354 lr=7.85e-04 (18s)
  [Epoch 216] Batch 50/93 (54%)
[Epoch 216/700] train_loss=0.1379 val_loss=0.1432 lr=7.83e-04 (18s)
  [Epoch 217] Batch 50/93 (54%)
[Epoch 217/700] train_loss=0.1399 val_loss=0.1368 lr=7.81e-04 (18s)
  [Epoch 218] Batch 50/93 (54%)
[Epoch 218/700] train_loss=0.1394 val_loss=0.1304 lr=7.79e-04 (18s)
  [Epoch 219] Batch 50/93 (54%)
[Epoch 219/700] train_loss=0.1392 val_loss=0.1376 lr=7.77e-04 (18s)
  [Epoch 220] Batch 50/93 (54%)
[Epoch 220/700] train_loss=0.1397 val_loss=0.1366 lr=7.75e-04 (18s)
  [Epoch 221] Batch 50/93 (54%)
[Epoch 221/700] train_loss=0.1419 val_loss=0.1422 lr=7.74e-04 (18s)
  [Epoch 222] Batch 50/93 (54%)
[Epoch 222/700] train_loss=0.1392 val_loss=0.1376 lr=7.72e-04 (18s)
  [Epoch 223] Batch 50/93 (54%)
[Epoch 223/700] train_loss=0.1390 val_loss=0.1367 lr=7.70e-04 (18s)
  [Epoch 224] Batch 50/93 (54%)
[Epoch 224/700] train_loss=0.1361 val_loss=0.1291 lr=7.68e-04 (18s)
  [Epoch 225] Batch 50/93 (54%)
[Epoch 225/700] train_loss=0.1391 val_loss=0.1306 lr=7.66e-04 (18s)
  [Epoch 226] Batch 50/93 (54%)
[Epoch 226/700] train_loss=0.1409 val_loss=0.1359 lr=7.64e-04 (18s)
  [Epoch 227] Batch 50/93 (54%)
[Epoch 227/700] train_loss=0.1379 val_loss=0.1333 lr=7.62e-04 (18s)
  [Epoch 228] Batch 50/93 (54%)
[Epoch 228/700] train_loss=0.1383 val_loss=0.1382 lr=7.60e-04 (18s)
  [Epoch 229] Batch 50/93 (54%)
[Epoch 229/700] train_loss=0.1396 val_loss=0.1367 lr=7.58e-04 (18s)
  [Epoch 230] Batch 50/93 (54%)
[Epoch 230/700] train_loss=0.1382 val_loss=0.1342 lr=7.56e-04 (18s)
  [Epoch 231] Batch 50/93 (54%)
[Epoch 231/700] train_loss=0.1397 val_loss=0.1355 lr=7.55e-04 (18s)
  [Epoch 232] Batch 50/93 (54%)
[Epoch 232/700] train_loss=0.1390 val_loss=0.1394 lr=7.53e-04 (18s)
  [Epoch 233] Batch 50/93 (54%)
[Epoch 233/700] train_loss=0.1380 val_loss=0.1309 lr=7.51e-04 (18s)
  [Epoch 234] Batch 50/93 (54%)
[Epoch 234/700] train_loss=0.1378 val_loss=0.1379 lr=7.49e-04 (18s)
  [Epoch 235] Batch 50/93 (54%)
[Epoch 235/700] train_loss=0.1367 val_loss=0.1396 lr=7.47e-04 (18s)
  [Epoch 236] Batch 50/93 (54%)
[Epoch 236/700] train_loss=0.1374 val_loss=0.1351 lr=7.45e-04 (18s)
  [Epoch 237] Batch 50/93 (54%)
[Epoch 237/700] train_loss=0.1370 val_loss=0.1328 lr=7.43e-04 (18s)
  [Epoch 238] Batch 50/93 (54%)
[Epoch 238/700] train_loss=0.1385 val_loss=0.1299 lr=7.41e-04 (18s)
  [Epoch 239] Batch 50/93 (54%)
[Epoch 239/700] train_loss=0.1364 val_loss=0.1459 lr=7.39e-04 (18s)
  [Epoch 240] Batch 50/93 (54%)
[Epoch 240/700] train_loss=0.1383 val_loss=0.1352 lr=7.37e-04 (18s)
  [Epoch 241] Batch 50/93 (54%)
[Epoch 241/700] train_loss=0.1387 val_loss=0.1346 lr=7.35e-04 (18s)
  [Epoch 242] Batch 50/93 (54%)
[Epoch 242/700] train_loss=0.1395 val_loss=0.1320 lr=7.33e-04 (18s)
  [Epoch 243] Batch 50/93 (54%)
[Epoch 243/700] train_loss=0.1373 val_loss=0.1395 lr=7.31e-04 (18s)
  [Epoch 244] Batch 50/93 (54%)
[Epoch 244/700] train_loss=0.1363 val_loss=0.1382 lr=7.29e-04 (18s)
  [Epoch 245] Batch 50/93 (54%)
[Epoch 245/700] train_loss=0.1373 val_loss=0.1330 lr=7.27e-04 (18s)
  [Epoch 246] Batch 50/93 (54%)
[Epoch 246/700] train_loss=0.1373 val_loss=0.1292 lr=7.25e-04 (18s)
  [Epoch 247] Batch 50/93 (54%)
[Epoch 247/700] train_loss=0.1393 val_loss=0.1309 lr=7.23e-04 (18s)
  [Epoch 248] Batch 50/93 (54%)
[Epoch 248/700] train_loss=0.1381 val_loss=0.1314 lr=7.21e-04 (18s)
  [Epoch 249] Batch 50/93 (54%)
[Epoch 249/700] train_loss=0.1379 val_loss=0.1350 lr=7.19e-04 (18s)
  [Epoch 250] Batch 50/93 (54%)
[Epoch 250/700] train_loss=0.1369 val_loss=0.1366 lr=7.17e-04 (18s)
  [Epoch 251] Batch 50/93 (54%)
[Epoch 251/700] train_loss=0.1381 val_loss=0.1359 lr=7.15e-04 (18s)
  [Epoch 252] Batch 50/93 (54%)
[Epoch 252/700] train_loss=0.1366 val_loss=0.1376 lr=7.13e-04 (18s)
  [Epoch 253] Batch 50/93 (54%)
[Epoch 253/700] train_loss=0.1372 val_loss=0.1344 lr=7.11e-04 (18s)
  [Epoch 254] Batch 50/93 (54%)
[Epoch 254/700] train_loss=0.1359 val_loss=0.1328 lr=7.09e-04 (18s)
  [Epoch 255] Batch 50/93 (54%)
[Epoch 255/700] train_loss=0.1385 val_loss=0.1352 lr=7.07e-04 (18s)
  [Epoch 256] Batch 50/93 (54%)
[Epoch 256/700] train_loss=0.1362 val_loss=0.1299 lr=7.05e-04 (18s)
  [Epoch 257] Batch 50/93 (54%)
[Epoch 257/700] train_loss=0.1375 val_loss=0.1347 lr=7.03e-04 (18s)
  [Epoch 258] Batch 50/93 (54%)
[Epoch 258/700] train_loss=0.1391 val_loss=0.1288 lr=7.01e-04 (18s)
  [Epoch 259] Batch 50/93 (54%)
[Epoch 259/700] train_loss=0.1388 val_loss=0.1370 lr=6.99e-04 (18s)
  [Epoch 260] Batch 50/93 (54%)
[Epoch 260/700] train_loss=0.1382 val_loss=0.1405 lr=6.97e-04 (18s)
  [Epoch 261] Batch 50/93 (54%)
[Epoch 261/700] train_loss=0.1381 val_loss=0.1390 lr=6.94e-04 (18s)
  [Epoch 262] Batch 50/93 (54%)
[Epoch 262/700] train_loss=0.1379 val_loss=0.1368 lr=6.92e-04 (18s)
  [Epoch 263] Batch 50/93 (54%)
[Epoch 263/700] train_loss=0.1374 val_loss=0.1340 lr=6.90e-04 (18s)
  [Epoch 264] Batch 50/93 (54%)
[Epoch 264/700] train_loss=0.1358 val_loss=0.1328 lr=6.88e-04 (18s)
  [Epoch 265] Batch 50/93 (54%)
[Epoch 265/700] train_loss=0.1385 val_loss=0.1360 lr=6.86e-04 (18s)
  [Epoch 266] Batch 50/93 (54%)
[Epoch 266/700] train_loss=0.1362 val_loss=0.1373 lr=6.84e-04 (18s)
  [Epoch 267] Batch 50/93 (54%)
[Epoch 267/700] train_loss=0.1367 val_loss=0.1313 lr=6.82e-04 (18s)
  [Epoch 268] Batch 50/93 (54%)
[Epoch 268/700] train_loss=0.1362 val_loss=0.1290 lr=6.80e-04 (18s)
  [Epoch 269] Batch 50/93 (54%)
[Epoch 269/700] train_loss=0.1370 val_loss=0.1375 lr=6.78e-04 (18s)
  [Epoch 270] Batch 50/93 (54%)
[Epoch 270/700] train_loss=0.1384 val_loss=0.1375 lr=6.76e-04 (18s)
  [Epoch 271] Batch 50/93 (54%)
[Epoch 271/700] train_loss=0.1366 val_loss=0.1377 lr=6.74e-04 (18s)
  [Epoch 272] Batch 50/93 (54%)
[Epoch 272/700] train_loss=0.1362 val_loss=0.1312 lr=6.71e-04 (18s)
  [Epoch 273] Batch 50/93 (54%)
[Epoch 273/700] train_loss=0.1376 val_loss=0.1374 lr=6.69e-04 (18s)
  [Epoch 274] Batch 50/93 (54%)
[Epoch 274/700] train_loss=0.1366 val_loss=0.1338 lr=6.67e-04 (18s)
  [Epoch 275] Batch 50/93 (54%)
[Epoch 275/700] train_loss=0.1377 val_loss=0.1326 lr=6.65e-04 (18s)
  [Epoch 276] Batch 50/93 (54%)
[Epoch 276/700] train_loss=0.1357 val_loss=0.1333 lr=6.63e-04 (18s)
  [Epoch 277] Batch 50/93 (54%)
[Epoch 277/700] train_loss=0.1366 val_loss=0.1334 lr=6.61e-04 (18s)
  [Epoch 278] Batch 50/93 (54%)
[Epoch 278/700] train_loss=0.1364 val_loss=0.1318 lr=6.59e-04 (18s)
  [Epoch 279] Batch 50/93 (54%)
[Epoch 279/700] train_loss=0.1385 val_loss=0.1431 lr=6.57e-04 (18s)
  [Epoch 280] Batch 50/93 (54%)
[Epoch 280/700] train_loss=0.1377 val_loss=0.1333 lr=6.55e-04 (18s)
  [Epoch 281] Batch 50/93 (54%)
[Epoch 281/700] train_loss=0.1365 val_loss=0.1350 lr=6.52e-04 (18s)
  [Epoch 282] Batch 50/93 (54%)
[Epoch 282/700] train_loss=0.1368 val_loss=0.1292 lr=6.50e-04 (18s)
  [Epoch 283] Batch 50/93 (54%)
[Epoch 283/700] train_loss=0.1365 val_loss=0.1301 lr=6.48e-04 (18s)
  [Epoch 284] Batch 50/93 (54%)
[Epoch 284/700] train_loss=0.1357 val_loss=0.1347 lr=6.46e-04 (18s)
  [Epoch 285] Batch 50/93 (54%)
[Epoch 285/700] train_loss=0.1368 val_loss=0.1327 lr=6.44e-04 (18s)
  [Epoch 286] Batch 50/93 (54%)
[Epoch 286/700] train_loss=0.1351 val_loss=0.1292 lr=6.42e-04 (18s)
  [Epoch 287] Batch 50/93 (54%)
[Epoch 287/700] train_loss=0.1369 val_loss=0.1417 lr=6.39e-04 (18s)
  [Epoch 288] Batch 50/93 (54%)
[Epoch 288/700] train_loss=0.1359 val_loss=0.1320 lr=6.37e-04 (18s)
  [Epoch 289] Batch 50/93 (54%)
[Epoch 289/700] train_loss=0.1341 val_loss=0.1282 lr=6.35e-04 (18s)
  [Epoch 290] Batch 50/93 (54%)
[Epoch 290/700] train_loss=0.1369 val_loss=0.1334 lr=6.33e-04 (18s)
  [Epoch 291] Batch 50/93 (54%)
[Epoch 291/700] train_loss=0.1359 val_loss=0.1394 lr=6.31e-04 (18s)
  [Epoch 292] Batch 50/93 (54%)
[Epoch 292/700] train_loss=0.1375 val_loss=0.1316 lr=6.29e-04 (18s)
  [Epoch 293] Batch 50/93 (54%)
[Epoch 293/700] train_loss=0.1356 val_loss=0.1305 lr=6.27e-04 (18s)
  [Epoch 294] Batch 50/93 (54%)
[Epoch 294/700] train_loss=0.1344 val_loss=0.1296 lr=6.24e-04 (18s)
  [Epoch 295] Batch 50/93 (54%)
[Epoch 295/700] train_loss=0.1369 val_loss=0.1336 lr=6.22e-04 (18s)
  [Epoch 296] Batch 50/93 (54%)
[Epoch 296/700] train_loss=0.1354 val_loss=0.1361 lr=6.20e-04 (18s)
  [Epoch 297] Batch 50/93 (54%)
[Epoch 297/700] train_loss=0.1350 val_loss=0.1383 lr=6.18e-04 (18s)
  [Epoch 298] Batch 50/93 (54%)
[Epoch 298/700] train_loss=0.1357 val_loss=0.1357 lr=6.16e-04 (18s)
  [Epoch 299] Batch 50/93 (54%)
[Epoch 299/700] train_loss=0.1347 val_loss=0.1370 lr=6.13e-04 (18s)
  [Epoch 300] Batch 50/93 (54%)
[Epoch 300/700] train_loss=0.1361 val_loss=0.1341 lr=6.11e-04 (18s)
  [Epoch 301] Batch 50/93 (54%)
[Epoch 301/700] train_loss=0.1341 val_loss=0.1328 lr=6.09e-04 (18s)
  [Epoch 302] Batch 50/93 (54%)
[Epoch 302/700] train_loss=0.1355 val_loss=0.1314 lr=6.07e-04 (18s)
  [Epoch 303] Batch 50/93 (54%)
[Epoch 303/700] train_loss=0.1364 val_loss=0.1333 lr=6.05e-04 (18s)
  [Epoch 304] Batch 50/93 (54%)
[Epoch 304/700] train_loss=0.1348 val_loss=0.1375 lr=6.02e-04 (18s)
  [Epoch 305] Batch 50/93 (54%)
[Epoch 305/700] train_loss=0.1362 val_loss=0.1344 lr=6.00e-04 (18s)
  [Epoch 306] Batch 50/93 (54%)
[Epoch 306/700] train_loss=0.1358 val_loss=0.1324 lr=5.98e-04 (18s)
  [Epoch 307] Batch 50/93 (54%)
[Epoch 307/700] train_loss=0.1371 val_loss=0.1301 lr=5.96e-04 (18s)
  [Epoch 308] Batch 50/93 (54%)
[Epoch 308/700] train_loss=0.1329 val_loss=0.1377 lr=5.94e-04 (18s)
  [Epoch 309] Batch 50/93 (54%)
[Epoch 309/700] train_loss=0.1354 val_loss=0.1340 lr=5.91e-04 (18s)
  [Epoch 310] Batch 50/93 (54%)
[Epoch 310/700] train_loss=0.1306 val_loss=0.1307 lr=5.89e-04 (18s)
  [Epoch 311] Batch 50/93 (54%)
[Epoch 311/700] train_loss=0.1326 val_loss=0.1407 lr=5.87e-04 (18s)
  [Epoch 312] Batch 50/93 (54%)
[Epoch 312/700] train_loss=0.1362 val_loss=0.1376 lr=5.85e-04 (18s)
  [Epoch 313] Batch 50/93 (54%)
[Epoch 313/700] train_loss=0.1344 val_loss=0.1382 lr=5.83e-04 (18s)
  [Epoch 314] Batch 50/93 (54%)
[Epoch 314/700] train_loss=0.1350 val_loss=0.1352 lr=5.80e-04 (18s)
  [Epoch 315] Batch 50/93 (54%)
[Epoch 315/700] train_loss=0.1338 val_loss=0.1373 lr=5.78e-04 (18s)
  [Epoch 316] Batch 50/93 (54%)
[Epoch 316/700] train_loss=0.1345 val_loss=0.1361 lr=5.76e-04 (18s)
  [Epoch 317] Batch 50/93 (54%)
[Epoch 317/700] train_loss=0.1332 val_loss=0.1304 lr=5.74e-04 (18s)
  [Epoch 318] Batch 50/93 (54%)
[Epoch 318/700] train_loss=0.1348 val_loss=0.1366 lr=5.72e-04 (18s)
  [Epoch 319] Batch 50/93 (54%)
[Epoch 319/700] train_loss=0.1351 val_loss=0.1304 lr=5.69e-04 (18s)
  [Epoch 320] Batch 50/93 (54%)
[Epoch 320/700] train_loss=0.1341 val_loss=0.1313 lr=5.67e-04 (18s)
  [Epoch 321] Batch 50/93 (54%)
[Epoch 321/700] train_loss=0.1347 val_loss=0.1347 lr=5.65e-04 (18s)
  [Epoch 322] Batch 50/93 (54%)
[Epoch 322/700] train_loss=0.1361 val_loss=0.1302 lr=5.63e-04 (18s)
  [Epoch 323] Batch 50/93 (54%)
[Epoch 323/700] train_loss=0.1330 val_loss=0.1315 lr=5.60e-04 (18s)
  [Epoch 324] Batch 50/93 (54%)
[Epoch 324/700] train_loss=0.1341 val_loss=0.1388 lr=5.58e-04 (18s)
  [Epoch 325] Batch 50/93 (54%)
[Epoch 325/700] train_loss=0.1349 val_loss=0.1305 lr=5.56e-04 (18s)
  [Epoch 326] Batch 50/93 (54%)
[Epoch 326/700] train_loss=0.1332 val_loss=0.1378 lr=5.54e-04 (18s)
  [Epoch 327] Batch 50/93 (54%)
[Epoch 327/700] train_loss=0.1339 val_loss=0.1299 lr=5.52e-04 (18s)
  [Epoch 328] Batch 50/93 (54%)
[Epoch 328/700] train_loss=0.1350 val_loss=0.1335 lr=5.49e-04 (19s)
  [Epoch 329] Batch 50/93 (54%)
[Epoch 329/700] train_loss=0.1364 val_loss=0.1421 lr=5.47e-04 (19s)
  [Epoch 330] Batch 50/93 (54%)
[Epoch 330/700] train_loss=0.1330 val_loss=0.1322 lr=5.45e-04 (19s)
  [Epoch 331] Batch 50/93 (54%)
[Epoch 331/700] train_loss=0.1348 val_loss=0.1328 lr=5.43e-04 (18s)
  [Epoch 332] Batch 50/93 (54%)
[Epoch 332/700] train_loss=0.1321 val_loss=0.1307 lr=5.40e-04 (18s)
  [Epoch 333] Batch 50/93 (54%)
[Epoch 333/700] train_loss=0.1343 val_loss=0.1318 lr=5.38e-04 (18s)
  [Epoch 334] Batch 50/93 (54%)
[Epoch 334/700] train_loss=0.1354 val_loss=0.1353 lr=5.36e-04 (18s)
  [Epoch 335] Batch 50/93 (54%)
[Epoch 335/700] train_loss=0.1330 val_loss=0.1327 lr=5.34e-04 (18s)
  [Epoch 336] Batch 50/93 (54%)
[Epoch 336/700] train_loss=0.1316 val_loss=0.1316 lr=5.31e-04 (18s)
  [Epoch 337] Batch 50/93 (54%)
[Epoch 337/700] train_loss=0.1342 val_loss=0.1339 lr=5.29e-04 (18s)
  [Epoch 338] Batch 50/93 (54%)
[Epoch 338/700] train_loss=0.1351 val_loss=0.1350 lr=5.27e-04 (18s)
  [Epoch 339] Batch 50/93 (54%)
[Epoch 339/700] train_loss=0.1337 val_loss=0.1344 lr=5.25e-04 (18s)

[Training] Completed!

✓ Training completed!
  Final checkpoint: /public/home/xiongzhzh2023/PT4ConTSG/experiments/20260310_195653_synth-m_verbalts/checkpoints/finetune/finetune-epoch=288-val/loss=0.1282.ckpt
  Experiment: experiments/20260310_195653_synth-m_verbalts

Running automatic evaluation...
CLIP initialization failed, running CLIP-independent metrics only
[Evaluating (generating)] Starting (0/32)...
[Evaluating (generating)] 1/32 (3%)
[Evaluating (generating)] 4/32 (12%)
[Evaluating (generating)] 7/32 (22%)
[Evaluating (generating)] 10/32 (31%)
[Evaluating (generating)] 13/32 (41%)
[Evaluating (generating)] 16/32 (50%)
[Evaluating (generating)] 20/32 (62%)
[Evaluating (generating)] 23/32 (72%)
[Evaluating (generating)] 26/32 (81%)
[Evaluating (generating)] 29/32 (91%)
[Evaluating (generating)] 32/32 (100%)
[Evaluating (generating)] Completed (32 items)
Evaluation results saved to: experiments/20260310_195653_synth-m_verbalts/results/eval_results.json
     Evaluation Results      
┏━━━━━━━━━━━━━━━┳━━━━━━━━━━━┓
┃ Metric        ┃     Value ┃
┡━━━━━━━━━━━━━━━╇━━━━━━━━━━━┩
│ dtw           │ 10.611669 │
│ wape          │ 91.404495 │
│ ed            │ 13.524376 │
│ crps          │  0.470489 │
│ acd           │  0.046570 │
│ sd            │       N/A │
│ kd            │       N/A │
│ mdd           │       N/A │
│ fid           │       N/A │
│ jftsd         │       N/A │
│ prdc_f1       │       N/A │
│ joint_prdc_f1 │       N/A │
│ cttp          │       N/A │
│ disc_auc      │  0.995226 │
└───────────────┴───────────┘
Loading experiment: experiments/20260310_195653_synth-m_verbalts
Using checkpoint: 
/public/home/xiongzhzh2023/PT4ConTSG/experiments/20260310_195653_synth-m_verbalts/checkpoints/finetune/finetune-epoch=288-val
/loss=0.1282.ckpt
Computing metrics: dtw, wape, ed, crps, acd, sd, kd, mdd, fid, sfd, jftsd, prdc_f1, joint_prdc_f1, cttp, disc_auc
Samples per condition: 10
Sampler: ddim
Initializing CLIP embedder...
CLIP initialized successfully

Running evaluation...
[Evaluating (generating)] Starting (0/32)...
[Evaluating (generating)] 1/32 (3%)
[Evaluating (generating)] 4/32 (12%)
[Evaluating (generating)] 7/32 (22%)
[Evaluating (generating)] 10/32 (31%)
[Evaluating (generating)] 13/32 (41%)
[Evaluating (generating)] 16/32 (50%)
[Evaluating (generating)] 20/32 (62%)
[Evaluating (generating)] 23/32 (72%)
[Evaluating (generating)] 26/32 (81%)
[Evaluating (generating)] 29/32 (91%)
[Evaluating (generating)] 32/32 (100%)
[Evaluating (generating)] Completed (32 items)

Results saved to: experiments/20260310_195653_synth-m_verbalts/results/eval_results.json
          Evaluation Results           
┏━━━━━━━━━━━━━━━━━━━━━━━━━┳━━━━━━━━━━━┓
┃ Metric                  ┃     Value ┃
┡━━━━━━━━━━━━━━━━━━━━━━━━━╇━━━━━━━━━━━┩
│ dtw                     │ 10.638597 │
│ wape                    │ 91.509285 │
│ ed                      │ 13.540565 │
│ crps                    │  0.472229 │
│ acd                     │  0.045844 │
│ sd                      │  0.053458 │
│ kd                      │  0.185521 │
│ mdd                     │  0.016153 │
│ fid                     │ 31.005162 │
│ jftsd                   │ 33.101133 │
│ cttp                    │ 18.369681 │
│ disc_auc                │  0.994970 │
│ prdc_f1.f1              │  0.451226 │
│ prdc_f1.precision       │  0.400000 │
│ prdc_f1.recall          │  0.517500 │
│ joint_prdc_f1.f1        │  0.576494 │
│ joint_prdc_f1.precision │  0.541750 │
│ joint_prdc_f1.recall    │  0.616000 │
└─────────────────────────┴───────────┘
