Model schema mode: relaxed (builtin: VerbalTSModelConfig)
   Configuration Summary    
┌───────────────┬──────────┐
│ Dataset       │ synth-m  │
│ Model         │ verbalts │
│ Epochs        │ 700      │
│ Batch Size    │ 256      │
│ Learning Rate │ 0.001    │
│ Device        │ cuda:0   │
│ Seed          │ 42       │
└───────────────┴──────────┘

Experiment directory: experiments/20260309_215400_synth-m_verbalts

Model: verbalts
Creating data module: synth-m

Starting multi-stage training (1 stage(s))...
  Stage 1: finetune (700 epochs, lr=0.001)
┏━━━┳━━━━━━━━━━━━━━━━┳━━━━━━━━━━━━━━┳━━━━━━━━┳━━━━━━━┳━━━━━━━┓
┃   ┃ Name           ┃ Type         ┃ Params ┃ Mode  ┃ FLOPs ┃
┡━━━╇━━━━━━━━━━━━━━━━╇━━━━━━━━━━━━━━╇━━━━━━━━╇━━━━━━━╇━━━━━━━┩
│ 0 │ verbalts       │ VerbalTSCore │  1.2 M │ train │     0 │
│ 1 │ cond_projector │ ModuleList   │  196 K │ train │     0 │
└───┴────────────────┴──────────────┴────────┴───────┴───────┘
Trainable params: 1.4 M                                                                                                                                                                 
Non-trainable params: 0                                                                                                                                                                 
Total params: 1.4 M                                                                                                                                                                     
Total estimated model params size (MB): 5                                                                                                                                               
Modules in train mode: 145                                                                                                                                                              
Modules in eval mode: 0                                                                                                                                                                 
Total FLOPs: 0                                                                                                                                                                          

[Training] Starting 700 epochs...
  [Epoch 1] Batch 50/93 (54%)
[Epoch 1/700] train_loss=0.4009 val_loss=0.2282 lr=1.00e-03 (13s)
  [Epoch 2] Batch 50/93 (54%)
[Epoch 2/700] train_loss=0.2142 val_loss=0.1935 lr=1.00e-03 (13s)
  [Epoch 3] Batch 50/93 (54%)
[Epoch 3/700] train_loss=0.1929 val_loss=0.1791 lr=1.00e-03 (13s)
  [Epoch 4] Batch 50/93 (54%)
[Epoch 4/700] train_loss=0.1858 val_loss=0.1824 lr=1.00e-03 (13s)
  [Epoch 5] Batch 50/93 (54%)
[Epoch 5/700] train_loss=0.1804 val_loss=0.1739 lr=1.00e-03 (13s)
  [Epoch 6] Batch 50/93 (54%)
[Epoch 6/700] train_loss=0.1758 val_loss=0.1681 lr=1.00e-03 (13s)
  [Epoch 7] Batch 50/93 (54%)
[Epoch 7/700] train_loss=0.1712 val_loss=0.1688 lr=1.00e-03 (14s)
  [Epoch 8] Batch 50/93 (54%)
[Epoch 8/700] train_loss=0.1676 val_loss=0.1642 lr=1.00e-03 (14s)
  [Epoch 9] Batch 50/93 (54%)
[Epoch 9/700] train_loss=0.1679 val_loss=0.1574 lr=1.00e-03 (14s)
  [Epoch 10] Batch 50/93 (54%)
[Epoch 10/700] train_loss=0.1679 val_loss=0.1679 lr=9.99e-04 (14s)
  [Epoch 11] Batch 50/93 (54%)
[Epoch 11/700] train_loss=0.1664 val_loss=0.1648 lr=9.99e-04 (14s)
  [Epoch 12] Batch 50/93 (54%)
[Epoch 12/700] train_loss=0.1627 val_loss=0.1549 lr=9.99e-04 (14s)
  [Epoch 13] Batch 50/93 (54%)
[Epoch 13/700] train_loss=0.1648 val_loss=0.1589 lr=9.99e-04 (13s)
  [Epoch 14] Batch 50/93 (54%)
[Epoch 14/700] train_loss=0.1596 val_loss=0.1556 lr=9.99e-04 (14s)
  [Epoch 15] Batch 50/93 (54%)
[Epoch 15/700] train_loss=0.1580 val_loss=0.1578 lr=9.99e-04 (14s)
  [Epoch 16] Batch 50/93 (54%)
[Epoch 16/700] train_loss=0.1560 val_loss=0.1512 lr=9.99e-04 (13s)
  [Epoch 17] Batch 50/93 (54%)
[Epoch 17/700] train_loss=0.1582 val_loss=0.1499 lr=9.99e-04 (14s)
  [Epoch 18] Batch 50/93 (54%)
[Epoch 18/700] train_loss=0.1567 val_loss=0.1543 lr=9.98e-04 (14s)
  [Epoch 19] Batch 50/93 (54%)
[Epoch 19/700] train_loss=0.1547 val_loss=0.1476 lr=9.98e-04 (14s)
  [Epoch 20] Batch 50/93 (54%)
[Epoch 20/700] train_loss=0.1525 val_loss=0.1538 lr=9.98e-04 (14s)
  [Epoch 21] Batch 50/93 (54%)
[Epoch 21/700] train_loss=0.1525 val_loss=0.1477 lr=9.98e-04 (14s)
  [Epoch 22] Batch 50/93 (54%)
[Epoch 22/700] train_loss=0.1513 val_loss=0.1478 lr=9.98e-04 (13s)
  [Epoch 23] Batch 50/93 (54%)
[Epoch 23/700] train_loss=0.1502 val_loss=0.1466 lr=9.97e-04 (13s)
  [Epoch 24] Batch 50/93 (54%)
[Epoch 24/700] train_loss=0.1501 val_loss=0.1490 lr=9.97e-04 (13s)
  [Epoch 25] Batch 50/93 (54%)
[Epoch 25/700] train_loss=0.1484 val_loss=0.1460 lr=9.97e-04 (14s)
  [Epoch 26] Batch 50/93 (54%)
[Epoch 26/700] train_loss=0.1482 val_loss=0.1468 lr=9.97e-04 (14s)
  [Epoch 27] Batch 50/93 (54%)
[Epoch 27/700] train_loss=0.1492 val_loss=0.1442 lr=9.96e-04 (14s)
  [Epoch 28] Batch 50/93 (54%)
[Epoch 28/700] train_loss=0.1483 val_loss=0.1475 lr=9.96e-04 (13s)
  [Epoch 29] Batch 50/93 (54%)
[Epoch 29/700] train_loss=0.1480 val_loss=0.1451 lr=9.96e-04 (14s)
  [Epoch 30] Batch 50/93 (54%)
[Epoch 30/700] train_loss=0.1478 val_loss=0.1425 lr=9.95e-04 (14s)
  [Epoch 31] Batch 50/93 (54%)
[Epoch 31/700] train_loss=0.1454 val_loss=0.1439 lr=9.95e-04 (14s)
  [Epoch 32] Batch 50/93 (54%)
[Epoch 32/700] train_loss=0.1450 val_loss=0.1437 lr=9.95e-04 (13s)
  [Epoch 33] Batch 50/93 (54%)
[Epoch 33/700] train_loss=0.1460 val_loss=0.1433 lr=9.95e-04 (13s)
  [Epoch 34] Batch 50/93 (54%)
[Epoch 34/700] train_loss=0.1439 val_loss=0.1427 lr=9.94e-04 (14s)
  [Epoch 35] Batch 50/93 (54%)
[Epoch 35/700] train_loss=0.1462 val_loss=0.1412 lr=9.94e-04 (14s)
  [Epoch 36] Batch 50/93 (54%)
[Epoch 36/700] train_loss=0.1430 val_loss=0.1430 lr=9.93e-04 (13s)
  [Epoch 37] Batch 50/93 (54%)
[Epoch 37/700] train_loss=0.1450 val_loss=0.1384 lr=9.93e-04 (13s)
  [Epoch 38] Batch 50/93 (54%)
[Epoch 38/700] train_loss=0.1438 val_loss=0.1396 lr=9.93e-04 (14s)
  [Epoch 39] Batch 50/93 (54%)
[Epoch 39/700] train_loss=0.1422 val_loss=0.1396 lr=9.92e-04 (14s)
  [Epoch 40] Batch 50/93 (54%)
[Epoch 40/700] train_loss=0.1432 val_loss=0.1441 lr=9.92e-04 (14s)
  [Epoch 41] Batch 50/93 (54%)
[Epoch 41/700] train_loss=0.1412 val_loss=0.1443 lr=9.92e-04 (14s)
  [Epoch 42] Batch 50/93 (54%)
[Epoch 42/700] train_loss=0.1406 val_loss=0.1415 lr=9.91e-04 (14s)
  [Epoch 43] Batch 50/93 (54%)
[Epoch 43/700] train_loss=0.1424 val_loss=0.1396 lr=9.91e-04 (14s)
  [Epoch 44] Batch 50/93 (54%)
[Epoch 44/700] train_loss=0.1400 val_loss=0.1340 lr=9.90e-04 (14s)
  [Epoch 45] Batch 50/93 (54%)
[Epoch 45/700] train_loss=0.1394 val_loss=0.1375 lr=9.90e-04 (13s)
  [Epoch 46] Batch 50/93 (54%)
[Epoch 46/700] train_loss=0.1393 val_loss=0.1343 lr=9.89e-04 (14s)
  [Epoch 47] Batch 50/93 (54%)
[Epoch 47/700] train_loss=0.1388 val_loss=0.1376 lr=9.89e-04 (14s)
  [Epoch 48] Batch 50/93 (54%)
[Epoch 48/700] train_loss=0.1382 val_loss=0.1381 lr=9.88e-04 (14s)
  [Epoch 49] Batch 50/93 (54%)
[Epoch 49/700] train_loss=0.1380 val_loss=0.1355 lr=9.88e-04 (14s)
  [Epoch 50] Batch 50/93 (54%)
[Epoch 50/700] train_loss=0.1368 val_loss=0.1335 lr=9.87e-04 (13s)
  [Epoch 51] Batch 50/93 (54%)
[Epoch 51/700] train_loss=0.1391 val_loss=0.1391 lr=9.87e-04 (13s)
  [Epoch 52] Batch 50/93 (54%)
[Epoch 52/700] train_loss=0.1376 val_loss=0.1380 lr=9.86e-04 (13s)
  [Epoch 53] Batch 50/93 (54%)
[Epoch 53/700] train_loss=0.1358 val_loss=0.1368 lr=9.86e-04 (14s)
  [Epoch 54] Batch 50/93 (54%)
[Epoch 54/700] train_loss=0.1343 val_loss=0.1300 lr=9.85e-04 (14s)
  [Epoch 55] Batch 50/93 (54%)
[Epoch 55/700] train_loss=0.1350 val_loss=0.1319 lr=9.85e-04 (14s)
  [Epoch 56] Batch 50/93 (54%)
[Epoch 56/700] train_loss=0.1371 val_loss=0.1306 lr=9.84e-04 (14s)
  [Epoch 57] Batch 50/93 (54%)
[Epoch 57/700] train_loss=0.1357 val_loss=0.1312 lr=9.84e-04 (13s)
  [Epoch 58] Batch 50/93 (54%)
[Epoch 58/700] train_loss=0.1344 val_loss=0.1320 lr=9.83e-04 (13s)
  [Epoch 59] Batch 50/93 (54%)
[Epoch 59/700] train_loss=0.1333 val_loss=0.1284 lr=9.83e-04 (13s)
  [Epoch 60] Batch 50/93 (54%)
[Epoch 60/700] train_loss=0.1336 val_loss=0.1276 lr=9.82e-04 (13s)
  [Epoch 61] Batch 50/93 (54%)
[Epoch 61/700] train_loss=0.1341 val_loss=0.1345 lr=9.81e-04 (14s)
  [Epoch 62] Batch 50/93 (54%)
[Epoch 62/700] train_loss=0.1337 val_loss=0.1314 lr=9.81e-04 (13s)
  [Epoch 63] Batch 50/93 (54%)
[Epoch 63/700] train_loss=0.1337 val_loss=0.1310 lr=9.80e-04 (13s)
  [Epoch 64] Batch 50/93 (54%)
[Epoch 64/700] train_loss=0.1314 val_loss=0.1353 lr=9.80e-04 (13s)
  [Epoch 65] Batch 50/93 (54%)
[Epoch 65/700] train_loss=0.1327 val_loss=0.1290 lr=9.79e-04 (13s)
  [Epoch 66] Batch 50/93 (54%)
[Epoch 66/700] train_loss=0.1325 val_loss=0.1292 lr=9.78e-04 (14s)
  [Epoch 67] Batch 50/93 (54%)
[Epoch 67/700] train_loss=0.1337 val_loss=0.1316 lr=9.78e-04 (13s)
  [Epoch 68] Batch 50/93 (54%)
[Epoch 68/700] train_loss=0.1308 val_loss=0.1253 lr=9.77e-04 (13s)
  [Epoch 69] Batch 50/93 (54%)
[Epoch 69/700] train_loss=0.1302 val_loss=0.1263 lr=9.76e-04 (13s)
  [Epoch 70] Batch 50/93 (54%)
[Epoch 70/700] train_loss=0.1299 val_loss=0.1321 lr=9.76e-04 (13s)
  [Epoch 71] Batch 50/93 (54%)
[Epoch 71/700] train_loss=0.1324 val_loss=0.1283 lr=9.75e-04 (13s)
  [Epoch 72] Batch 50/93 (54%)
[Epoch 72/700] train_loss=0.1324 val_loss=0.1331 lr=9.74e-04 (13s)
  [Epoch 73] Batch 50/93 (54%)
[Epoch 73/700] train_loss=0.1313 val_loss=0.1277 lr=9.73e-04 (13s)
  [Epoch 74] Batch 50/93 (54%)
[Epoch 74/700] train_loss=0.1325 val_loss=0.1311 lr=9.73e-04 (13s)
  [Epoch 75] Batch 50/93 (54%)
[Epoch 75/700] train_loss=0.1302 val_loss=0.1252 lr=9.72e-04 (13s)
  [Epoch 76] Batch 50/93 (54%)
[Epoch 76/700] train_loss=0.1298 val_loss=0.1281 lr=9.71e-04 (13s)
  [Epoch 77] Batch 50/93 (54%)
[Epoch 77/700] train_loss=0.1313 val_loss=0.1286 lr=9.70e-04 (13s)
  [Epoch 78] Batch 50/93 (54%)
[Epoch 78/700] train_loss=0.1303 val_loss=0.1263 lr=9.70e-04 (13s)
  [Epoch 79] Batch 50/93 (54%)
[Epoch 79/700] train_loss=0.1311 val_loss=0.1253 lr=9.69e-04 (13s)
  [Epoch 80] Batch 50/93 (54%)
[Epoch 80/700] train_loss=0.1310 val_loss=0.1218 lr=9.68e-04 (13s)
  [Epoch 81] Batch 50/93 (54%)
[Epoch 81/700] train_loss=0.1290 val_loss=0.1223 lr=9.67e-04 (13s)
  [Epoch 82] Batch 50/93 (54%)
[Epoch 82/700] train_loss=0.1282 val_loss=0.1281 lr=9.67e-04 (13s)
  [Epoch 83] Batch 50/93 (54%)
[Epoch 83/700] train_loss=0.1286 val_loss=0.1216 lr=9.66e-04 (13s)
  [Epoch 84] Batch 50/93 (54%)
[Epoch 84/700] train_loss=0.1292 val_loss=0.1268 lr=9.65e-04 (13s)
  [Epoch 85] Batch 50/93 (54%)
[Epoch 85/700] train_loss=0.1281 val_loss=0.1229 lr=9.64e-04 (13s)
  [Epoch 86] Batch 50/93 (54%)
[Epoch 86/700] train_loss=0.1286 val_loss=0.1298 lr=9.63e-04 (13s)
  [Epoch 87] Batch 50/93 (54%)
[Epoch 87/700] train_loss=0.1272 val_loss=0.1279 lr=9.62e-04 (13s)
  [Epoch 88] Batch 50/93 (54%)
[Epoch 88/700] train_loss=0.1277 val_loss=0.1260 lr=9.62e-04 (13s)
  [Epoch 89] Batch 50/93 (54%)
[Epoch 89/700] train_loss=0.1287 val_loss=0.1222 lr=9.61e-04 (13s)
  [Epoch 90] Batch 50/93 (54%)
[Epoch 90/700] train_loss=0.1251 val_loss=0.1232 lr=9.60e-04 (13s)
  [Epoch 91] Batch 50/93 (54%)
[Epoch 91/700] train_loss=0.1263 val_loss=0.1275 lr=9.59e-04 (13s)
  [Epoch 92] Batch 50/93 (54%)
[Epoch 92/700] train_loss=0.1280 val_loss=0.1245 lr=9.58e-04 (13s)
  [Epoch 93] Batch 50/93 (54%)
[Epoch 93/700] train_loss=0.1268 val_loss=0.1244 lr=9.57e-04 (13s)
  [Epoch 94] Batch 50/93 (54%)
[Epoch 94/700] train_loss=0.1268 val_loss=0.1264 lr=9.56e-04 (13s)
  [Epoch 95] Batch 50/93 (54%)
[Epoch 95/700] train_loss=0.1235 val_loss=0.1238 lr=9.55e-04 (13s)
  [Epoch 96] Batch 50/93 (54%)
[Epoch 96/700] train_loss=0.1261 val_loss=0.1257 lr=9.54e-04 (13s)
  [Epoch 97] Batch 50/93 (54%)
[Epoch 97/700] train_loss=0.1261 val_loss=0.1212 lr=9.53e-04 (13s)
  [Epoch 98] Batch 50/93 (54%)
[Epoch 98/700] train_loss=0.1257 val_loss=0.1227 lr=9.52e-04 (13s)
  [Epoch 99] Batch 50/93 (54%)
[Epoch 99/700] train_loss=0.1264 val_loss=0.1210 lr=9.51e-04 (13s)
  [Epoch 100] Batch 50/93 (54%)
[Epoch 100/700] train_loss=0.1269 val_loss=0.1167 lr=9.50e-04 (13s)
  [Epoch 101] Batch 50/93 (54%)
[Epoch 101/700] train_loss=0.1252 val_loss=0.1216 lr=9.50e-04 (13s)
  [Epoch 102] Batch 50/93 (54%)
[Epoch 102/700] train_loss=0.1266 val_loss=0.1207 lr=9.49e-04 (13s)
  [Epoch 103] Batch 50/93 (54%)
[Epoch 103/700] train_loss=0.1247 val_loss=0.1254 lr=9.48e-04 (13s)
  [Epoch 104] Batch 50/93 (54%)
[Epoch 104/700] train_loss=0.1248 val_loss=0.1215 lr=9.47e-04 (13s)
  [Epoch 105] Batch 50/93 (54%)
[Epoch 105/700] train_loss=0.1246 val_loss=0.1206 lr=9.46e-04 (13s)
  [Epoch 106] Batch 50/93 (54%)
[Epoch 106/700] train_loss=0.1257 val_loss=0.1247 lr=9.44e-04 (13s)
  [Epoch 107] Batch 50/93 (54%)
[Epoch 107/700] train_loss=0.1244 val_loss=0.1241 lr=9.43e-04 (13s)
  [Epoch 108] Batch 50/93 (54%)
[Epoch 108/700] train_loss=0.1254 val_loss=0.1271 lr=9.42e-04 (13s)
  [Epoch 109] Batch 50/93 (54%)
[Epoch 109/700] train_loss=0.1239 val_loss=0.1224 lr=9.41e-04 (13s)
  [Epoch 110] Batch 50/93 (54%)
[Epoch 110/700] train_loss=0.1252 val_loss=0.1163 lr=9.40e-04 (13s)
  [Epoch 111] Batch 50/93 (54%)
[Epoch 111/700] train_loss=0.1234 val_loss=0.1198 lr=9.39e-04 (13s)
  [Epoch 112] Batch 50/93 (54%)
[Epoch 112/700] train_loss=0.1225 val_loss=0.1188 lr=9.38e-04 (13s)
  [Epoch 113] Batch 50/93 (54%)
[Epoch 113/700] train_loss=0.1238 val_loss=0.1198 lr=9.37e-04 (13s)
  [Epoch 114] Batch 50/93 (54%)
[Epoch 114/700] train_loss=0.1213 val_loss=0.1283 lr=9.36e-04 (13s)
  [Epoch 115] Batch 50/93 (54%)
[Epoch 115/700] train_loss=0.1241 val_loss=0.1197 lr=9.35e-04 (13s)
  [Epoch 116] Batch 50/93 (54%)
[Epoch 116/700] train_loss=0.1229 val_loss=0.1184 lr=9.34e-04 (13s)
  [Epoch 117] Batch 50/93 (54%)
[Epoch 117/700] train_loss=0.1229 val_loss=0.1204 lr=9.33e-04 (13s)
  [Epoch 118] Batch 50/93 (54%)
[Epoch 118/700] train_loss=0.1231 val_loss=0.1199 lr=9.32e-04 (13s)
  [Epoch 119] Batch 50/93 (54%)
[Epoch 119/700] train_loss=0.1218 val_loss=0.1195 lr=9.30e-04 (13s)
  [Epoch 120] Batch 50/93 (54%)
[Epoch 120/700] train_loss=0.1220 val_loss=0.1188 lr=9.29e-04 (13s)
  [Epoch 121] Batch 50/93 (54%)
[Epoch 121/700] train_loss=0.1220 val_loss=0.1199 lr=9.28e-04 (13s)
  [Epoch 122] Batch 50/93 (54%)
[Epoch 122/700] train_loss=0.1239 val_loss=0.1203 lr=9.27e-04 (13s)
  [Epoch 123] Batch 50/93 (54%)
[Epoch 123/700] train_loss=0.1201 val_loss=0.1229 lr=9.26e-04 (13s)
  [Epoch 124] Batch 50/93 (54%)
[Epoch 124/700] train_loss=0.1223 val_loss=0.1188 lr=9.25e-04 (13s)
  [Epoch 125] Batch 50/93 (54%)
[Epoch 125/700] train_loss=0.1220 val_loss=0.1182 lr=9.23e-04 (13s)
  [Epoch 126] Batch 50/93 (54%)
[Epoch 126/700] train_loss=0.1210 val_loss=0.1198 lr=9.22e-04 (13s)
  [Epoch 127] Batch 50/93 (54%)
[Epoch 127/700] train_loss=0.1215 val_loss=0.1185 lr=9.21e-04 (13s)
  [Epoch 128] Batch 50/93 (54%)
[Epoch 128/700] train_loss=0.1231 val_loss=0.1177 lr=9.20e-04 (14s)
  [Epoch 129] Batch 50/93 (54%)
[Epoch 129/700] train_loss=0.1226 val_loss=0.1200 lr=9.19e-04 (13s)
  [Epoch 130] Batch 50/93 (54%)
[Epoch 130/700] train_loss=0.1210 val_loss=0.1215 lr=9.17e-04 (14s)
  [Epoch 131] Batch 50/93 (54%)
[Epoch 131/700] train_loss=0.1200 val_loss=0.1168 lr=9.16e-04 (14s)
  [Epoch 132] Batch 50/93 (54%)
[Epoch 132/700] train_loss=0.1214 val_loss=0.1200 lr=9.15e-04 (13s)
  [Epoch 133] Batch 50/93 (54%)
[Epoch 133/700] train_loss=0.1206 val_loss=0.1180 lr=9.14e-04 (13s)
  [Epoch 134] Batch 50/93 (54%)
[Epoch 134/700] train_loss=0.1232 val_loss=0.1153 lr=9.12e-04 (13s)
  [Epoch 135] Batch 50/93 (54%)
[Epoch 135/700] train_loss=0.1203 val_loss=0.1163 lr=9.11e-04 (13s)
  [Epoch 136] Batch 50/93 (54%)
[Epoch 136/700] train_loss=0.1198 val_loss=0.1200 lr=9.10e-04 (13s)
  [Epoch 137] Batch 50/93 (54%)
[Epoch 137/700] train_loss=0.1210 val_loss=0.1180 lr=9.08e-04 (13s)
  [Epoch 138] Batch 50/93 (54%)
[Epoch 138/700] train_loss=0.1208 val_loss=0.1200 lr=9.07e-04 (13s)
  [Epoch 139] Batch 50/93 (54%)
[Epoch 139/700] train_loss=0.1195 val_loss=0.1209 lr=9.06e-04 (13s)
  [Epoch 140] Batch 50/93 (54%)
[Epoch 140/700] train_loss=0.1197 val_loss=0.1126 lr=9.05e-04 (13s)
  [Epoch 141] Batch 50/93 (54%)
[Epoch 141/700] train_loss=0.1193 val_loss=0.1167 lr=9.03e-04 (13s)
  [Epoch 142] Batch 50/93 (54%)
[Epoch 142/700] train_loss=0.1212 val_loss=0.1147 lr=9.02e-04 (13s)
  [Epoch 143] Batch 50/93 (54%)
[Epoch 143/700] train_loss=0.1210 val_loss=0.1145 lr=9.01e-04 (13s)
  [Epoch 144] Batch 50/93 (54%)
[Epoch 144/700] train_loss=0.1195 val_loss=0.1196 lr=8.99e-04 (13s)
  [Epoch 145] Batch 50/93 (54%)
[Epoch 145/700] train_loss=0.1196 val_loss=0.1164 lr=8.98e-04 (13s)
  [Epoch 146] Batch 50/93 (54%)
[Epoch 146/700] train_loss=0.1192 val_loss=0.1175 lr=8.96e-04 (13s)
  [Epoch 147] Batch 50/93 (54%)
[Epoch 147/700] train_loss=0.1196 val_loss=0.1207 lr=8.95e-04 (13s)
  [Epoch 148] Batch 50/93 (54%)
[Epoch 148/700] train_loss=0.1196 val_loss=0.1187 lr=8.94e-04 (13s)
  [Epoch 149] Batch 50/93 (54%)
[Epoch 149/700] train_loss=0.1176 val_loss=0.1127 lr=8.92e-04 (13s)
  [Epoch 150] Batch 50/93 (54%)
[Epoch 150/700] train_loss=0.1182 val_loss=0.1155 lr=8.91e-04 (13s)
  [Epoch 151] Batch 50/93 (54%)
[Epoch 151/700] train_loss=0.1185 val_loss=0.1134 lr=8.90e-04 (13s)
  [Epoch 152] Batch 50/93 (54%)
[Epoch 152/700] train_loss=0.1188 val_loss=0.1154 lr=8.88e-04 (13s)
  [Epoch 153] Batch 50/93 (54%)
[Epoch 153/700] train_loss=0.1182 val_loss=0.1168 lr=8.87e-04 (13s)
  [Epoch 154] Batch 50/93 (54%)
[Epoch 154/700] train_loss=0.1183 val_loss=0.1185 lr=8.85e-04 (13s)
  [Epoch 155] Batch 50/93 (54%)
[Epoch 155/700] train_loss=0.1169 val_loss=0.1179 lr=8.84e-04 (13s)
  [Epoch 156] Batch 50/93 (54%)
[Epoch 156/700] train_loss=0.1180 val_loss=0.1186 lr=8.82e-04 (13s)
  [Epoch 157] Batch 50/93 (54%)
[Epoch 157/700] train_loss=0.1184 val_loss=0.1122 lr=8.81e-04 (13s)
  [Epoch 158] Batch 50/93 (54%)
[Epoch 158/700] train_loss=0.1193 val_loss=0.1156 lr=8.79e-04 (13s)
  [Epoch 159] Batch 50/93 (54%)
[Epoch 159/700] train_loss=0.1183 val_loss=0.1152 lr=8.78e-04 (13s)
  [Epoch 160] Batch 50/93 (54%)
[Epoch 160/700] train_loss=0.1178 val_loss=0.1150 lr=8.77e-04 (13s)
  [Epoch 161] Batch 50/93 (54%)
[Epoch 161/700] train_loss=0.1198 val_loss=0.1094 lr=8.75e-04 (13s)
  [Epoch 162] Batch 50/93 (54%)
[Epoch 162/700] train_loss=0.1181 val_loss=0.1142 lr=8.74e-04 (13s)
  [Epoch 163] Batch 50/93 (54%)
[Epoch 163/700] train_loss=0.1162 val_loss=0.1133 lr=8.72e-04 (13s)
  [Epoch 164] Batch 50/93 (54%)
[Epoch 164/700] train_loss=0.1189 val_loss=0.1228 lr=8.71e-04 (13s)
  [Epoch 165] Batch 50/93 (54%)
[Epoch 165/700] train_loss=0.1188 val_loss=0.1141 lr=8.69e-04 (13s)
  [Epoch 166] Batch 50/93 (54%)
[Epoch 166/700] train_loss=0.1181 val_loss=0.1189 lr=8.68e-04 (13s)
  [Epoch 167] Batch 50/93 (54%)
[Epoch 167/700] train_loss=0.1167 val_loss=0.1126 lr=8.66e-04 (13s)
  [Epoch 168] Batch 50/93 (54%)
[Epoch 168/700] train_loss=0.1148 val_loss=0.1163 lr=8.64e-04 (13s)
  [Epoch 169] Batch 50/93 (54%)
[Epoch 169/700] train_loss=0.1191 val_loss=0.1144 lr=8.63e-04 (13s)
  [Epoch 170] Batch 50/93 (54%)
[Epoch 170/700] train_loss=0.1163 val_loss=0.1092 lr=8.61e-04 (13s)
  [Epoch 171] Batch 50/93 (54%)
[Epoch 171/700] train_loss=0.1159 val_loss=0.1145 lr=8.60e-04 (13s)
  [Epoch 172] Batch 50/93 (54%)
[Epoch 172/700] train_loss=0.1154 val_loss=0.1107 lr=8.58e-04 (13s)
  [Epoch 173] Batch 50/93 (54%)
[Epoch 173/700] train_loss=0.1182 val_loss=0.1097 lr=8.57e-04 (13s)
  [Epoch 174] Batch 50/93 (54%)
[Epoch 174/700] train_loss=0.1165 val_loss=0.1100 lr=8.55e-04 (13s)
  [Epoch 175] Batch 50/93 (54%)
[Epoch 175/700] train_loss=0.1164 val_loss=0.1102 lr=8.54e-04 (13s)
  [Epoch 176] Batch 50/93 (54%)
[Epoch 176/700] train_loss=0.1161 val_loss=0.1097 lr=8.52e-04 (13s)
  [Epoch 177] Batch 50/93 (54%)
[Epoch 177/700] train_loss=0.1172 val_loss=0.1124 lr=8.50e-04 (13s)
  [Epoch 178] Batch 50/93 (54%)
[Epoch 178/700] train_loss=0.1175 val_loss=0.1166 lr=8.49e-04 (13s)
  [Epoch 179] Batch 50/93 (54%)
[Epoch 179/700] train_loss=0.1186 val_loss=0.1085 lr=8.47e-04 (13s)
  [Epoch 180] Batch 50/93 (54%)
[Epoch 180/700] train_loss=0.1173 val_loss=0.1162 lr=8.46e-04 (13s)
  [Epoch 181] Batch 50/93 (54%)
[Epoch 181/700] train_loss=0.1157 val_loss=0.1092 lr=8.44e-04 (13s)
  [Epoch 182] Batch 50/93 (54%)
[Epoch 182/700] train_loss=0.1184 val_loss=0.1112 lr=8.42e-04 (13s)
  [Epoch 183] Batch 50/93 (54%)
[Epoch 183/700] train_loss=0.1149 val_loss=0.1089 lr=8.41e-04 (13s)
  [Epoch 184] Batch 50/93 (54%)
[Epoch 184/700] train_loss=0.1179 val_loss=0.1126 lr=8.39e-04 (14s)
  [Epoch 185] Batch 50/93 (54%)
[Epoch 185/700] train_loss=0.1152 val_loss=0.1104 lr=8.37e-04 (13s)
  [Epoch 186] Batch 50/93 (54%)
[Epoch 186/700] train_loss=0.1170 val_loss=0.1137 lr=8.36e-04 (13s)
  [Epoch 187] Batch 50/93 (54%)
[Epoch 187/700] train_loss=0.1161 val_loss=0.1152 lr=8.34e-04 (13s)
  [Epoch 188] Batch 50/93 (54%)
[Epoch 188/700] train_loss=0.1136 val_loss=0.1105 lr=8.32e-04 (13s)
  [Epoch 189] Batch 50/93 (54%)
[Epoch 189/700] train_loss=0.1168 val_loss=0.1115 lr=8.31e-04 (13s)
  [Epoch 190] Batch 50/93 (54%)
[Epoch 190/700] train_loss=0.1148 val_loss=0.1095 lr=8.29e-04 (13s)
  [Epoch 191] Batch 50/93 (54%)
[Epoch 191/700] train_loss=0.1162 val_loss=0.1101 lr=8.27e-04 (13s)
  [Epoch 192] Batch 50/93 (54%)
[Epoch 192/700] train_loss=0.1157 val_loss=0.1103 lr=8.26e-04 (13s)
  [Epoch 193] Batch 50/93 (54%)
[Epoch 193/700] train_loss=0.1174 val_loss=0.1063 lr=8.24e-04 (13s)
  [Epoch 194] Batch 50/93 (54%)
[Epoch 194/700] train_loss=0.1152 val_loss=0.1088 lr=8.22e-04 (13s)
  [Epoch 195] Batch 50/93 (54%)
[Epoch 195/700] train_loss=0.1135 val_loss=0.1115 lr=8.20e-04 (13s)
  [Epoch 196] Batch 50/93 (54%)
[Epoch 196/700] train_loss=0.1152 val_loss=0.1081 lr=8.19e-04 (14s)
  [Epoch 197] Batch 50/93 (54%)
[Epoch 197/700] train_loss=0.1148 val_loss=0.1121 lr=8.17e-04 (14s)
  [Epoch 198] Batch 50/93 (54%)
[Epoch 198/700] train_loss=0.1176 val_loss=0.1110 lr=8.15e-04 (13s)
  [Epoch 199] Batch 50/93 (54%)
[Epoch 199/700] train_loss=0.1161 val_loss=0.1101 lr=8.13e-04 (14s)
  [Epoch 200] Batch 50/93 (54%)
[Epoch 200/700] train_loss=0.1154 val_loss=0.1082 lr=8.12e-04 (14s)
  [Epoch 201] Batch 50/93 (54%)
[Epoch 201/700] train_loss=0.1154 val_loss=0.1105 lr=8.10e-04 (14s)
  [Epoch 202] Batch 50/93 (54%)
[Epoch 202/700] train_loss=0.1136 val_loss=0.1096 lr=8.08e-04 (13s)
  [Epoch 203] Batch 50/93 (54%)
[Epoch 203/700] train_loss=0.1140 val_loss=0.1100 lr=8.06e-04 (13s)
  [Epoch 204] Batch 50/93 (54%)
[Epoch 204/700] train_loss=0.1147 val_loss=0.1133 lr=8.05e-04 (13s)
  [Epoch 205] Batch 50/93 (54%)
[Epoch 205/700] train_loss=0.1137 val_loss=0.1077 lr=8.03e-04 (13s)
  [Epoch 206] Batch 50/93 (54%)
[Epoch 206/700] train_loss=0.1153 val_loss=0.1111 lr=8.01e-04 (14s)
  [Epoch 207] Batch 50/93 (54%)
[Epoch 207/700] train_loss=0.1155 val_loss=0.1088 lr=7.99e-04 (14s)
  [Epoch 208] Batch 50/93 (54%)
[Epoch 208/700] train_loss=0.1138 val_loss=0.1090 lr=7.98e-04 (13s)
  [Epoch 209] Batch 50/93 (54%)
[Epoch 209/700] train_loss=0.1155 val_loss=0.1127 lr=7.96e-04 (13s)
  [Epoch 210] Batch 50/93 (54%)
[Epoch 210/700] train_loss=0.1145 val_loss=0.1103 lr=7.94e-04 (13s)
  [Epoch 211] Batch 50/93 (54%)
[Epoch 211/700] train_loss=0.1133 val_loss=0.1091 lr=7.92e-04 (14s)
  [Epoch 212] Batch 50/93 (54%)
[Epoch 212/700] train_loss=0.1143 val_loss=0.1119 lr=7.90e-04 (13s)
  [Epoch 213] Batch 50/93 (54%)
[Epoch 213/700] train_loss=0.1134 val_loss=0.1136 lr=7.88e-04 (14s)
  [Epoch 214] Batch 50/93 (54%)
[Epoch 214/700] train_loss=0.1148 val_loss=0.1091 lr=7.87e-04 (14s)
  [Epoch 215] Batch 50/93 (54%)
[Epoch 215/700] train_loss=0.1131 val_loss=0.1103 lr=7.85e-04 (14s)
  [Epoch 216] Batch 50/93 (54%)
[Epoch 216/700] train_loss=0.1139 val_loss=0.1078 lr=7.83e-04 (14s)
  [Epoch 217] Batch 50/93 (54%)
[Epoch 217/700] train_loss=0.1147 val_loss=0.1093 lr=7.81e-04 (14s)
  [Epoch 218] Batch 50/93 (54%)
[Epoch 218/700] train_loss=0.1149 val_loss=0.1081 lr=7.79e-04 (13s)
  [Epoch 219] Batch 50/93 (54%)
[Epoch 219/700] train_loss=0.1134 val_loss=0.1098 lr=7.77e-04 (13s)
  [Epoch 220] Batch 50/93 (54%)
[Epoch 220/700] train_loss=0.1124 val_loss=0.1160 lr=7.75e-04 (13s)
  [Epoch 221] Batch 50/93 (54%)
[Epoch 221/700] train_loss=0.1104 val_loss=0.1122 lr=7.74e-04 (13s)
  [Epoch 222] Batch 50/93 (54%)
[Epoch 222/700] train_loss=0.1121 val_loss=0.1093 lr=7.72e-04 (14s)
  [Epoch 223] Batch 50/93 (54%)
[Epoch 223/700] train_loss=0.1120 val_loss=0.1093 lr=7.70e-04 (14s)
  [Epoch 224] Batch 50/93 (54%)
[Epoch 224/700] train_loss=0.1118 val_loss=0.1114 lr=7.68e-04 (14s)
  [Epoch 225] Batch 50/93 (54%)
[Epoch 225/700] train_loss=0.1134 val_loss=0.1147 lr=7.66e-04 (14s)
  [Epoch 226] Batch 50/93 (54%)
[Epoch 226/700] train_loss=0.1125 val_loss=0.1077 lr=7.64e-04 (14s)
  [Epoch 227] Batch 50/93 (54%)
[Epoch 227/700] train_loss=0.1117 val_loss=0.1130 lr=7.62e-04 (13s)
  [Epoch 228] Batch 50/93 (54%)
[Epoch 228/700] train_loss=0.1137 val_loss=0.1086 lr=7.60e-04 (13s)
  [Epoch 229] Batch 50/93 (54%)
[Epoch 229/700] train_loss=0.1142 val_loss=0.1126 lr=7.58e-04 (13s)
  [Epoch 230] Batch 50/93 (54%)
[Epoch 230/700] train_loss=0.1129 val_loss=0.1064 lr=7.56e-04 (13s)
  [Epoch 231] Batch 50/93 (54%)
[Epoch 231/700] train_loss=0.1127 val_loss=0.1133 lr=7.55e-04 (13s)
  [Epoch 232] Batch 50/93 (54%)
[Epoch 232/700] train_loss=0.1102 val_loss=0.1101 lr=7.53e-04 (13s)
  [Epoch 233] Batch 50/93 (54%)
[Epoch 233/700] train_loss=0.1120 val_loss=0.1125 lr=7.51e-04 (13s)
  [Epoch 234] Batch 50/93 (54%)
[Epoch 234/700] train_loss=0.1123 val_loss=0.1108 lr=7.49e-04 (13s)
  [Epoch 235] Batch 50/93 (54%)
[Epoch 235/700] train_loss=0.1114 val_loss=0.1061 lr=7.47e-04 (13s)
  [Epoch 236] Batch 50/93 (54%)
[Epoch 236/700] train_loss=0.1116 val_loss=0.1099 lr=7.45e-04 (13s)
  [Epoch 237] Batch 50/93 (54%)
[Epoch 237/700] train_loss=0.1121 val_loss=0.1059 lr=7.43e-04 (13s)
  [Epoch 238] Batch 50/93 (54%)
[Epoch 238/700] train_loss=0.1118 val_loss=0.1098 lr=7.41e-04 (13s)
  [Epoch 239] Batch 50/93 (54%)
[Epoch 239/700] train_loss=0.1123 val_loss=0.1072 lr=7.39e-04 (13s)
  [Epoch 240] Batch 50/93 (54%)
[Epoch 240/700] train_loss=0.1130 val_loss=0.1069 lr=7.37e-04 (13s)
  [Epoch 241] Batch 50/93 (54%)
[Epoch 241/700] train_loss=0.1106 val_loss=0.1028 lr=7.35e-04 (13s)
  [Epoch 242] Batch 50/93 (54%)
[Epoch 242/700] train_loss=0.1115 val_loss=0.1064 lr=7.33e-04 (13s)
  [Epoch 243] Batch 50/93 (54%)
[Epoch 243/700] train_loss=0.1122 val_loss=0.1100 lr=7.31e-04 (13s)
  [Epoch 244] Batch 50/93 (54%)
[Epoch 244/700] train_loss=0.1134 val_loss=0.1070 lr=7.29e-04 (13s)
  [Epoch 245] Batch 50/93 (54%)
[Epoch 245/700] train_loss=0.1119 val_loss=0.1058 lr=7.27e-04 (13s)
  [Epoch 246] Batch 50/93 (54%)
[Epoch 246/700] train_loss=0.1113 val_loss=0.1134 lr=7.25e-04 (13s)
  [Epoch 247] Batch 50/93 (54%)
[Epoch 247/700] train_loss=0.1109 val_loss=0.1064 lr=7.23e-04 (13s)
  [Epoch 248] Batch 50/93 (54%)
[Epoch 248/700] train_loss=0.1113 val_loss=0.1066 lr=7.21e-04 (13s)
  [Epoch 249] Batch 50/93 (54%)
[Epoch 249/700] train_loss=0.1122 val_loss=0.1080 lr=7.19e-04 (13s)
  [Epoch 250] Batch 50/93 (54%)
[Epoch 250/700] train_loss=0.1097 val_loss=0.1072 lr=7.17e-04 (13s)
  [Epoch 251] Batch 50/93 (54%)
[Epoch 251/700] train_loss=0.1129 val_loss=0.1049 lr=7.15e-04 (13s)
  [Epoch 252] Batch 50/93 (54%)
[Epoch 252/700] train_loss=0.1120 val_loss=0.1079 lr=7.13e-04 (13s)
  [Epoch 253] Batch 50/93 (54%)
[Epoch 253/700] train_loss=0.1106 val_loss=0.1070 lr=7.11e-04 (13s)
  [Epoch 254] Batch 50/93 (54%)
[Epoch 254/700] train_loss=0.1089 val_loss=0.1099 lr=7.09e-04 (13s)
  [Epoch 255] Batch 50/93 (54%)
[Epoch 255/700] train_loss=0.1107 val_loss=0.1068 lr=7.07e-04 (13s)
  [Epoch 256] Batch 50/93 (54%)
[Epoch 256/700] train_loss=0.1108 val_loss=0.1066 lr=7.05e-04 (13s)
  [Epoch 257] Batch 50/93 (54%)
[Epoch 257/700] train_loss=0.1089 val_loss=0.1083 lr=7.03e-04 (13s)
  [Epoch 258] Batch 50/93 (54%)
[Epoch 258/700] train_loss=0.1107 val_loss=0.1063 lr=7.01e-04 (13s)
  [Epoch 259] Batch 50/93 (54%)
[Epoch 259/700] train_loss=0.1106 val_loss=0.1102 lr=6.99e-04 (13s)
  [Epoch 260] Batch 50/93 (54%)
[Epoch 260/700] train_loss=0.1082 val_loss=0.1065 lr=6.97e-04 (13s)
  [Epoch 261] Batch 50/93 (54%)
[Epoch 261/700] train_loss=0.1102 val_loss=0.1020 lr=6.94e-04 (13s)
  [Epoch 262] Batch 50/93 (54%)
[Epoch 262/700] train_loss=0.1117 val_loss=0.1066 lr=6.92e-04 (13s)
  [Epoch 263] Batch 50/93 (54%)
[Epoch 263/700] train_loss=0.1106 val_loss=0.1054 lr=6.90e-04 (13s)
  [Epoch 264] Batch 50/93 (54%)
[Epoch 264/700] train_loss=0.1097 val_loss=0.1114 lr=6.88e-04 (13s)
  [Epoch 265] Batch 50/93 (54%)
[Epoch 265/700] train_loss=0.1109 val_loss=0.1056 lr=6.86e-04 (13s)
  [Epoch 266] Batch 50/93 (54%)
[Epoch 266/700] train_loss=0.1092 val_loss=0.1056 lr=6.84e-04 (13s)
  [Epoch 267] Batch 50/93 (54%)
[Epoch 267/700] train_loss=0.1113 val_loss=0.1062 lr=6.82e-04 (13s)
  [Epoch 268] Batch 50/93 (54%)
[Epoch 268/700] train_loss=0.1111 val_loss=0.1035 lr=6.80e-04 (13s)
  [Epoch 269] Batch 50/93 (54%)
[Epoch 269/700] train_loss=0.1096 val_loss=0.1046 lr=6.78e-04 (13s)
  [Epoch 270] Batch 50/93 (54%)
[Epoch 270/700] train_loss=0.1113 val_loss=0.1105 lr=6.76e-04 (14s)
  [Epoch 271] Batch 50/93 (54%)
[Epoch 271/700] train_loss=0.1090 val_loss=0.1030 lr=6.74e-04 (13s)
  [Epoch 272] Batch 50/93 (54%)
[Epoch 272/700] train_loss=0.1098 val_loss=0.1038 lr=6.71e-04 (13s)
  [Epoch 273] Batch 50/93 (54%)
[Epoch 273/700] train_loss=0.1085 val_loss=0.1063 lr=6.69e-04 (13s)
  [Epoch 274] Batch 50/93 (54%)
[Epoch 274/700] train_loss=0.1096 val_loss=0.1058 lr=6.67e-04 (13s)
  [Epoch 275] Batch 50/93 (54%)
[Epoch 275/700] train_loss=0.1074 val_loss=0.1044 lr=6.65e-04 (14s)
  [Epoch 276] Batch 50/93 (54%)
[Epoch 276/700] train_loss=0.1095 val_loss=0.1055 lr=6.63e-04 (13s)
  [Epoch 277] Batch 50/93 (54%)
[Epoch 277/700] train_loss=0.1104 val_loss=0.1028 lr=6.61e-04 (14s)
  [Epoch 278] Batch 50/93 (54%)
[Epoch 278/700] train_loss=0.1087 val_loss=0.1095 lr=6.59e-04 (13s)
  [Epoch 279] Batch 50/93 (54%)
[Epoch 279/700] train_loss=0.1094 val_loss=0.1060 lr=6.57e-04 (13s)
  [Epoch 280] Batch 50/93 (54%)
[Epoch 280/700] train_loss=0.1100 val_loss=0.1072 lr=6.55e-04 (13s)
  [Epoch 281] Batch 50/93 (54%)
[Epoch 281/700] train_loss=0.1078 val_loss=0.1017 lr=6.52e-04 (13s)
  [Epoch 282] Batch 50/93 (54%)
[Epoch 282/700] train_loss=0.1078 val_loss=0.1021 lr=6.50e-04 (13s)
  [Epoch 283] Batch 50/93 (54%)
[Epoch 283/700] train_loss=0.1095 val_loss=0.1025 lr=6.48e-04 (13s)
  [Epoch 284] Batch 50/93 (54%)
[Epoch 284/700] train_loss=0.1091 val_loss=0.1075 lr=6.46e-04 (13s)
  [Epoch 285] Batch 50/93 (54%)
[Epoch 285/700] train_loss=0.1087 val_loss=0.1050 lr=6.44e-04 (13s)
  [Epoch 286] Batch 50/93 (54%)
[Epoch 286/700] train_loss=0.1082 val_loss=0.1072 lr=6.42e-04 (13s)
  [Epoch 287] Batch 50/93 (54%)
[Epoch 287/700] train_loss=0.1075 val_loss=0.1040 lr=6.39e-04 (13s)
  [Epoch 288] Batch 50/93 (54%)
[Epoch 288/700] train_loss=0.1090 val_loss=0.1052 lr=6.37e-04 (14s)
  [Epoch 289] Batch 50/93 (54%)
[Epoch 289/700] train_loss=0.1078 val_loss=0.1020 lr=6.35e-04 (13s)
  [Epoch 290] Batch 50/93 (54%)
[Epoch 290/700] train_loss=0.1093 val_loss=0.1075 lr=6.33e-04 (13s)
  [Epoch 291] Batch 50/93 (54%)
[Epoch 291/700] train_loss=0.1075 val_loss=0.1035 lr=6.31e-04 (14s)
  [Epoch 292] Batch 50/93 (54%)
[Epoch 292/700] train_loss=0.1073 val_loss=0.1067 lr=6.29e-04 (14s)
  [Epoch 293] Batch 50/93 (54%)
[Epoch 293/700] train_loss=0.1080 val_loss=0.1012 lr=6.27e-04 (13s)
  [Epoch 294] Batch 50/93 (54%)
[Epoch 294/700] train_loss=0.1070 val_loss=0.1037 lr=6.24e-04 (13s)
  [Epoch 295] Batch 50/93 (54%)
[Epoch 295/700] train_loss=0.1092 val_loss=0.1089 lr=6.22e-04 (13s)
  [Epoch 296] Batch 50/93 (54%)
[Epoch 296/700] train_loss=0.1079 val_loss=0.1038 lr=6.20e-04 (13s)
  [Epoch 297] Batch 50/93 (54%)
[Epoch 297/700] train_loss=0.1075 val_loss=0.1072 lr=6.18e-04 (13s)
  [Epoch 298] Batch 50/93 (54%)
[Epoch 298/700] train_loss=0.1083 val_loss=0.1073 lr=6.16e-04 (13s)
  [Epoch 299] Batch 50/93 (54%)
[Epoch 299/700] train_loss=0.1066 val_loss=0.1026 lr=6.13e-04 (13s)
  [Epoch 300] Batch 50/93 (54%)
[Epoch 300/700] train_loss=0.1087 val_loss=0.1081 lr=6.11e-04 (13s)
  [Epoch 301] Batch 50/93 (54%)
[Epoch 301/700] train_loss=0.1091 val_loss=0.1053 lr=6.09e-04 (13s)
  [Epoch 302] Batch 50/93 (54%)
[Epoch 302/700] train_loss=0.1108 val_loss=0.1047 lr=6.07e-04 (13s)
  [Epoch 303] Batch 50/93 (54%)
[Epoch 303/700] train_loss=0.1088 val_loss=0.1021 lr=6.05e-04 (13s)
  [Epoch 304] Batch 50/93 (54%)
[Epoch 304/700] train_loss=0.1080 val_loss=0.1089 lr=6.02e-04 (13s)
  [Epoch 305] Batch 50/93 (54%)
[Epoch 305/700] train_loss=0.1067 val_loss=0.1032 lr=6.00e-04 (13s)
  [Epoch 306] Batch 50/93 (54%)
[Epoch 306/700] train_loss=0.1073 val_loss=0.1043 lr=5.98e-04 (13s)
  [Epoch 307] Batch 50/93 (54%)
[Epoch 307/700] train_loss=0.1082 val_loss=0.1078 lr=5.96e-04 (13s)
  [Epoch 308] Batch 50/93 (54%)
[Epoch 308/700] train_loss=0.1091 val_loss=0.1006 lr=5.94e-04 (13s)
  [Epoch 309] Batch 50/93 (54%)
[Epoch 309/700] train_loss=0.1078 val_loss=0.1074 lr=5.91e-04 (13s)
  [Epoch 310] Batch 50/93 (54%)
[Epoch 310/700] train_loss=0.1074 val_loss=0.1017 lr=5.89e-04 (13s)
  [Epoch 311] Batch 50/93 (54%)
[Epoch 311/700] train_loss=0.1077 val_loss=0.1074 lr=5.87e-04 (13s)
  [Epoch 312] Batch 50/93 (54%)
[Epoch 312/700] train_loss=0.1065 val_loss=0.1024 lr=5.85e-04 (13s)
  [Epoch 313] Batch 50/93 (54%)
[Epoch 313/700] train_loss=0.1072 val_loss=0.1036 lr=5.83e-04 (13s)
  [Epoch 314] Batch 50/93 (54%)
[Epoch 314/700] train_loss=0.1082 val_loss=0.1046 lr=5.80e-04 (14s)
  [Epoch 315] Batch 50/93 (54%)
[Epoch 315/700] train_loss=0.1062 val_loss=0.1023 lr=5.78e-04 (13s)
  [Epoch 316] Batch 50/93 (54%)
[Epoch 316/700] train_loss=0.1078 val_loss=0.1017 lr=5.76e-04 (14s)
  [Epoch 317] Batch 50/93 (54%)
[Epoch 317/700] train_loss=0.1051 val_loss=0.1015 lr=5.74e-04 (14s)
  [Epoch 318] Batch 50/93 (54%)
[Epoch 318/700] train_loss=0.1069 val_loss=0.0989 lr=5.72e-04 (13s)
  [Epoch 319] Batch 50/93 (54%)
[Epoch 319/700] train_loss=0.1069 val_loss=0.1062 lr=5.69e-04 (13s)
  [Epoch 320] Batch 50/93 (54%)
[Epoch 320/700] train_loss=0.1065 val_loss=0.1030 lr=5.67e-04 (14s)
  [Epoch 321] Batch 50/93 (54%)
[Epoch 321/700] train_loss=0.1073 val_loss=0.1034 lr=5.65e-04 (14s)
  [Epoch 322] Batch 50/93 (54%)
[Epoch 322/700] train_loss=0.1066 val_loss=0.1028 lr=5.63e-04 (13s)
  [Epoch 323] Batch 50/93 (54%)
[Epoch 323/700] train_loss=0.1051 val_loss=0.1032 lr=5.60e-04 (14s)
  [Epoch 324] Batch 50/93 (54%)
[Epoch 324/700] train_loss=0.1071 val_loss=0.1040 lr=5.58e-04 (13s)
  [Epoch 325] Batch 50/93 (54%)
[Epoch 325/700] train_loss=0.1064 val_loss=0.0989 lr=5.56e-04 (14s)
  [Epoch 326] Batch 50/93 (54%)
[Epoch 326/700] train_loss=0.1076 val_loss=0.0984 lr=5.54e-04 (14s)
  [Epoch 327] Batch 50/93 (54%)
[Epoch 327/700] train_loss=0.1069 val_loss=0.1015 lr=5.52e-04 (14s)
  [Epoch 328] Batch 50/93 (54%)
[Epoch 328/700] train_loss=0.1075 val_loss=0.1060 lr=5.49e-04 (13s)
  [Epoch 329] Batch 50/93 (54%)
[Epoch 329/700] train_loss=0.1085 val_loss=0.0989 lr=5.47e-04 (13s)
  [Epoch 330] Batch 50/93 (54%)
[Epoch 330/700] train_loss=0.1062 val_loss=0.0981 lr=5.45e-04 (14s)
  [Epoch 331] Batch 50/93 (54%)
[Epoch 331/700] train_loss=0.1074 val_loss=0.1001 lr=5.43e-04 (13s)
  [Epoch 332] Batch 50/93 (54%)
[Epoch 332/700] train_loss=0.1075 val_loss=0.1024 lr=5.40e-04 (14s)
  [Epoch 333] Batch 50/93 (54%)
[Epoch 333/700] train_loss=0.1068 val_loss=0.1018 lr=5.38e-04 (13s)
  [Epoch 334] Batch 50/93 (54%)
[Epoch 334/700] train_loss=0.1065 val_loss=0.1028 lr=5.36e-04 (13s)
  [Epoch 335] Batch 50/93 (54%)
[Epoch 335/700] train_loss=0.1058 val_loss=0.1024 lr=5.34e-04 (13s)
  [Epoch 336] Batch 50/93 (54%)
[Epoch 336/700] train_loss=0.1061 val_loss=0.1036 lr=5.31e-04 (13s)
  [Epoch 337] Batch 50/93 (54%)
[Epoch 337/700] train_loss=0.1063 val_loss=0.1052 lr=5.29e-04 (13s)
  [Epoch 338] Batch 50/93 (54%)
[Epoch 338/700] train_loss=0.1047 val_loss=0.1011 lr=5.27e-04 (13s)
  [Epoch 339] Batch 50/93 (54%)
[Epoch 339/700] train_loss=0.1063 val_loss=0.1062 lr=5.25e-04 (14s)
  [Epoch 340] Batch 50/93 (54%)
[Epoch 340/700] train_loss=0.1065 val_loss=0.1053 lr=5.22e-04 (13s)
  [Epoch 341] Batch 50/93 (54%)
[Epoch 341/700] train_loss=0.1054 val_loss=0.1044 lr=5.20e-04 (14s)
  [Epoch 342] Batch 50/93 (54%)
[Epoch 342/700] train_loss=0.1065 val_loss=0.1080 lr=5.18e-04 (14s)
  [Epoch 343] Batch 50/93 (54%)
[Epoch 343/700] train_loss=0.1062 val_loss=0.1026 lr=5.16e-04 (13s)
  [Epoch 344] Batch 50/93 (54%)
[Epoch 344/700] train_loss=0.1059 val_loss=0.1029 lr=5.13e-04 (13s)
  [Epoch 345] Batch 50/93 (54%)
[Epoch 345/700] train_loss=0.1063 val_loss=0.1029 lr=5.11e-04 (14s)
  [Epoch 346] Batch 50/93 (54%)
[Epoch 346/700] train_loss=0.1064 val_loss=0.1053 lr=5.09e-04 (14s)
  [Epoch 347] Batch 50/93 (54%)
[Epoch 347/700] train_loss=0.1049 val_loss=0.1012 lr=5.07e-04 (14s)
  [Epoch 348] Batch 50/93 (54%)
[Epoch 348/700] train_loss=0.1052 val_loss=0.1035 lr=5.04e-04 (14s)
  [Epoch 349] Batch 50/93 (54%)
[Epoch 349/700] train_loss=0.1057 val_loss=0.1031 lr=5.02e-04 (14s)
  [Epoch 350] Batch 50/93 (54%)
[Epoch 350/700] train_loss=0.1049 val_loss=0.0997 lr=5.00e-04 (13s)
  [Epoch 351] Batch 50/93 (54%)
[Epoch 351/700] train_loss=0.1048 val_loss=0.1031 lr=4.98e-04 (14s)
  [Epoch 352] Batch 50/93 (54%)
[Epoch 352/700] train_loss=0.1040 val_loss=0.1000 lr=4.96e-04 (13s)
  [Epoch 353] Batch 50/93 (54%)
[Epoch 353/700] train_loss=0.1041 val_loss=0.1018 lr=4.93e-04 (13s)
  [Epoch 354] Batch 50/93 (54%)
[Epoch 354/700] train_loss=0.1065 val_loss=0.1024 lr=4.91e-04 (14s)
  [Epoch 355] Batch 50/93 (54%)
[Epoch 355/700] train_loss=0.1050 val_loss=0.1033 lr=4.89e-04 (13s)
  [Epoch 356] Batch 50/93 (54%)
[Epoch 356/700] train_loss=0.1056 val_loss=0.1014 lr=4.87e-04 (14s)
  [Epoch 357] Batch 50/93 (54%)
[Epoch 357/700] train_loss=0.1071 val_loss=0.1026 lr=4.84e-04 (13s)
  [Epoch 358] Batch 50/93 (54%)
[Epoch 358/700] train_loss=0.1034 val_loss=0.1022 lr=4.82e-04 (13s)
  [Epoch 359] Batch 50/93 (54%)
[Epoch 359/700] train_loss=0.1044 val_loss=0.1014 lr=4.80e-04 (13s)
  [Epoch 360] Batch 50/93 (54%)
[Epoch 360/700] train_loss=0.1048 val_loss=0.0967 lr=4.78e-04 (13s)
  [Epoch 361] Batch 50/93 (54%)
[Epoch 361/700] train_loss=0.1053 val_loss=0.1032 lr=4.75e-04 (13s)
  [Epoch 362] Batch 50/93 (54%)
[Epoch 362/700] train_loss=0.1042 val_loss=0.0989 lr=4.73e-04 (13s)
  [Epoch 363] Batch 50/93 (54%)
[Epoch 363/700] train_loss=0.1031 val_loss=0.1011 lr=4.71e-04 (13s)
  [Epoch 364] Batch 50/93 (54%)
[Epoch 364/700] train_loss=0.1047 val_loss=0.1022 lr=4.69e-04 (13s)
  [Epoch 365] Batch 50/93 (54%)
[Epoch 365/700] train_loss=0.1056 val_loss=0.1021 lr=4.66e-04 (13s)
  [Epoch 366] Batch 50/93 (54%)
[Epoch 366/700] train_loss=0.1043 val_loss=0.0995 lr=4.64e-04 (14s)
  [Epoch 367] Batch 50/93 (54%)
[Epoch 367/700] train_loss=0.1048 val_loss=0.1023 lr=4.62e-04 (14s)
  [Epoch 368] Batch 50/93 (54%)
[Epoch 368/700] train_loss=0.1046 val_loss=0.1040 lr=4.60e-04 (13s)
  [Epoch 369] Batch 50/93 (54%)
[Epoch 369/700] train_loss=0.1060 val_loss=0.1033 lr=4.57e-04 (13s)
  [Epoch 370] Batch 50/93 (54%)
[Epoch 370/700] train_loss=0.1035 val_loss=0.0996 lr=4.55e-04 (13s)
  [Epoch 371] Batch 50/93 (54%)
[Epoch 371/700] train_loss=0.1045 val_loss=0.0999 lr=4.53e-04 (13s)
  [Epoch 372] Batch 50/93 (54%)
[Epoch 372/700] train_loss=0.1036 val_loss=0.0988 lr=4.51e-04 (13s)
  [Epoch 373] Batch 50/93 (54%)
[Epoch 373/700] train_loss=0.1033 val_loss=0.0989 lr=4.48e-04 (13s)
  [Epoch 374] Batch 50/93 (54%)
[Epoch 374/700] train_loss=0.1050 val_loss=0.1000 lr=4.46e-04 (13s)
  [Epoch 375] Batch 50/93 (54%)
[Epoch 375/700] train_loss=0.1050 val_loss=0.0978 lr=4.44e-04 (13s)
  [Epoch 376] Batch 50/93 (54%)
[Epoch 376/700] train_loss=0.1043 val_loss=0.0968 lr=4.42e-04 (13s)
  [Epoch 377] Batch 50/93 (54%)
[Epoch 377/700] train_loss=0.1043 val_loss=0.1038 lr=4.40e-04 (13s)
  [Epoch 378] Batch 50/93 (54%)
[Epoch 378/700] train_loss=0.1051 val_loss=0.0983 lr=4.37e-04 (13s)
  [Epoch 379] Batch 50/93 (54%)
[Epoch 379/700] train_loss=0.1043 val_loss=0.1028 lr=4.35e-04 (13s)
  [Epoch 380] Batch 50/93 (54%)
[Epoch 380/700] train_loss=0.1046 val_loss=0.1030 lr=4.33e-04 (14s)
  [Epoch 381] Batch 50/93 (54%)
[Epoch 381/700] train_loss=0.1028 val_loss=0.1009 lr=4.31e-04 (14s)
  [Epoch 382] Batch 50/93 (54%)
[Epoch 382/700] train_loss=0.1034 val_loss=0.1006 lr=4.28e-04 (13s)
  [Epoch 383] Batch 50/93 (54%)
[Epoch 383/700] train_loss=0.1054 val_loss=0.1013 lr=4.26e-04 (13s)
  [Epoch 384] Batch 50/93 (54%)
[Epoch 384/700] train_loss=0.1027 val_loss=0.1003 lr=4.24e-04 (13s)
  [Epoch 385] Batch 50/93 (54%)
[Epoch 385/700] train_loss=0.1023 val_loss=0.0989 lr=4.22e-04 (13s)
  [Epoch 386] Batch 50/93 (54%)
[Epoch 386/700] train_loss=0.1044 val_loss=0.0995 lr=4.20e-04 (13s)
  [Epoch 387] Batch 50/93 (54%)
[Epoch 387/700] train_loss=0.1042 val_loss=0.1026 lr=4.17e-04 (13s)
  [Epoch 388] Batch 50/93 (54%)
[Epoch 388/700] train_loss=0.1032 val_loss=0.0998 lr=4.15e-04 (13s)
  [Epoch 389] Batch 50/93 (54%)
[Epoch 389/700] train_loss=0.1044 val_loss=0.0994 lr=4.13e-04 (13s)
  [Epoch 390] Batch 50/93 (54%)
[Epoch 390/700] train_loss=0.1025 val_loss=0.0996 lr=4.11e-04 (13s)
  [Epoch 391] Batch 50/93 (54%)
[Epoch 391/700] train_loss=0.1034 val_loss=0.1042 lr=4.09e-04 (13s)
  [Epoch 392] Batch 50/93 (54%)
[Epoch 392/700] train_loss=0.1028 val_loss=0.0983 lr=4.06e-04 (13s)
  [Epoch 393] Batch 50/93 (54%)
[Epoch 393/700] train_loss=0.1025 val_loss=0.0987 lr=4.04e-04 (13s)
  [Epoch 394] Batch 50/93 (54%)
[Epoch 394/700] train_loss=0.1042 val_loss=0.0989 lr=4.02e-04 (13s)
  [Epoch 395] Batch 50/93 (54%)
[Epoch 395/700] train_loss=0.1027 val_loss=0.1001 lr=4.00e-04 (13s)
  [Epoch 396] Batch 50/93 (54%)
[Epoch 396/700] train_loss=0.1013 val_loss=0.1030 lr=3.98e-04 (13s)
  [Epoch 397] Batch 50/93 (54%)
[Epoch 397/700] train_loss=0.1020 val_loss=0.0993 lr=3.95e-04 (13s)
  [Epoch 398] Batch 50/93 (54%)
[Epoch 398/700] train_loss=0.1026 val_loss=0.0959 lr=3.93e-04 (13s)
  [Epoch 399] Batch 50/93 (54%)
[Epoch 399/700] train_loss=0.1027 val_loss=0.0950 lr=3.91e-04 (13s)
  [Epoch 400] Batch 50/93 (54%)
[Epoch 400/700] train_loss=0.1027 val_loss=0.0966 lr=3.89e-04 (13s)
  [Epoch 401] Batch 50/93 (54%)
[Epoch 401/700] train_loss=0.1023 val_loss=0.0967 lr=3.87e-04 (13s)
  [Epoch 402] Batch 50/93 (54%)
[Epoch 402/700] train_loss=0.1023 val_loss=0.0999 lr=3.84e-04 (13s)
  [Epoch 403] Batch 50/93 (54%)
[Epoch 403/700] train_loss=0.1026 val_loss=0.0967 lr=3.82e-04 (13s)
  [Epoch 404] Batch 50/93 (54%)
[Epoch 404/700] train_loss=0.1025 val_loss=0.1002 lr=3.80e-04 (13s)
  [Epoch 405] Batch 50/93 (54%)
[Epoch 405/700] train_loss=0.1031 val_loss=0.0981 lr=3.78e-04 (13s)
  [Epoch 406] Batch 50/93 (54%)
[Epoch 406/700] train_loss=0.1031 val_loss=0.0996 lr=3.76e-04 (14s)
  [Epoch 407] Batch 50/93 (54%)
[Epoch 407/700] train_loss=0.1024 val_loss=0.0975 lr=3.73e-04 (13s)
  [Epoch 408] Batch 50/93 (54%)
[Epoch 408/700] train_loss=0.1035 val_loss=0.0994 lr=3.71e-04 (13s)
  [Epoch 409] Batch 50/93 (54%)
[Epoch 409/700] train_loss=0.1018 val_loss=0.0952 lr=3.69e-04 (13s)
  [Epoch 410] Batch 50/93 (54%)
[Epoch 410/700] train_loss=0.1026 val_loss=0.0989 lr=3.67e-04 (14s)
  [Epoch 411] Batch 50/93 (54%)
[Epoch 411/700] train_loss=0.1032 val_loss=0.0983 lr=3.65e-04 (13s)
  [Epoch 412] Batch 50/93 (54%)
[Epoch 412/700] train_loss=0.1024 val_loss=0.0978 lr=3.63e-04 (13s)
  [Epoch 413] Batch 50/93 (54%)
[Epoch 413/700] train_loss=0.1023 val_loss=0.0941 lr=3.61e-04 (13s)
  [Epoch 414] Batch 50/93 (54%)
[Epoch 414/700] train_loss=0.1030 val_loss=0.0952 lr=3.58e-04 (13s)
  [Epoch 415] Batch 50/93 (54%)
[Epoch 415/700] train_loss=0.1027 val_loss=0.0985 lr=3.56e-04 (13s)
  [Epoch 416] Batch 50/93 (54%)
[Epoch 416/700] train_loss=0.1021 val_loss=0.0993 lr=3.54e-04 (13s)
  [Epoch 417] Batch 50/93 (54%)
[Epoch 417/700] train_loss=0.1028 val_loss=0.0989 lr=3.52e-04 (14s)
  [Epoch 418] Batch 50/93 (54%)
[Epoch 418/700] train_loss=0.1001 val_loss=0.0988 lr=3.50e-04 (14s)
  [Epoch 419] Batch 50/93 (54%)
[Epoch 419/700] train_loss=0.1024 val_loss=0.0976 lr=3.48e-04 (14s)
  [Epoch 420] Batch 50/93 (54%)
[Epoch 420/700] train_loss=0.1010 val_loss=0.0974 lr=3.45e-04 (14s)
  [Epoch 421] Batch 50/93 (54%)
[Epoch 421/700] train_loss=0.1020 val_loss=0.0932 lr=3.43e-04 (14s)
  [Epoch 422] Batch 50/93 (54%)
[Epoch 422/700] train_loss=0.1017 val_loss=0.0994 lr=3.41e-04 (13s)
  [Epoch 423] Batch 50/93 (54%)
[Epoch 423/700] train_loss=0.1012 val_loss=0.1004 lr=3.39e-04 (14s)
  [Epoch 424] Batch 50/93 (54%)
[Epoch 424/700] train_loss=0.1029 val_loss=0.0969 lr=3.37e-04 (13s)
  [Epoch 425] Batch 50/93 (54%)
[Epoch 425/700] train_loss=0.1012 val_loss=0.0980 lr=3.35e-04 (13s)
  [Epoch 426] Batch 50/93 (54%)
[Epoch 426/700] train_loss=0.1022 val_loss=0.1010 lr=3.33e-04 (14s)
  [Epoch 427] Batch 50/93 (54%)
[Epoch 427/700] train_loss=0.1031 val_loss=0.0976 lr=3.31e-04 (13s)
  [Epoch 428] Batch 50/93 (54%)
[Epoch 428/700] train_loss=0.1000 val_loss=0.1014 lr=3.29e-04 (14s)
  [Epoch 429] Batch 50/93 (54%)
[Epoch 429/700] train_loss=0.1014 val_loss=0.0988 lr=3.26e-04 (13s)
  [Epoch 430] Batch 50/93 (54%)
[Epoch 430/700] train_loss=0.1009 val_loss=0.0965 lr=3.24e-04 (13s)
  [Epoch 431] Batch 50/93 (54%)
[Epoch 431/700] train_loss=0.1040 val_loss=0.1030 lr=3.22e-04 (13s)
  [Epoch 432] Batch 50/93 (54%)
[Epoch 432/700] train_loss=0.0999 val_loss=0.0967 lr=3.20e-04 (13s)
  [Epoch 433] Batch 50/93 (54%)
[Epoch 433/700] train_loss=0.1026 val_loss=0.0969 lr=3.18e-04 (13s)
  [Epoch 434] Batch 50/93 (54%)
[Epoch 434/700] train_loss=0.1008 val_loss=0.1010 lr=3.16e-04 (13s)
  [Epoch 435] Batch 50/93 (54%)
[Epoch 435/700] train_loss=0.1007 val_loss=0.0963 lr=3.14e-04 (13s)
  [Epoch 436] Batch 50/93 (54%)
[Epoch 436/700] train_loss=0.1024 val_loss=0.0995 lr=3.12e-04 (13s)
  [Epoch 437] Batch 50/93 (54%)
[Epoch 437/700] train_loss=0.1031 val_loss=0.0976 lr=3.10e-04 (13s)
  [Epoch 438] Batch 50/93 (54%)
[Epoch 438/700] train_loss=0.1015 val_loss=0.0967 lr=3.08e-04 (13s)
  [Epoch 439] Batch 50/93 (54%)
[Epoch 439/700] train_loss=0.1006 val_loss=0.0998 lr=3.06e-04 (13s)
  [Epoch 440] Batch 50/93 (54%)
[Epoch 440/700] train_loss=0.1023 val_loss=0.1009 lr=3.03e-04 (14s)
  [Epoch 441] Batch 50/93 (54%)
[Epoch 441/700] train_loss=0.1019 val_loss=0.0968 lr=3.01e-04 (13s)
  [Epoch 442] Batch 50/93 (54%)
[Epoch 442/700] train_loss=0.1035 val_loss=0.0939 lr=2.99e-04 (13s)
  [Epoch 443] Batch 50/93 (54%)
[Epoch 443/700] train_loss=0.1025 val_loss=0.0988 lr=2.97e-04 (13s)
  [Epoch 444] Batch 50/93 (54%)
[Epoch 444/700] train_loss=0.1019 val_loss=0.0987 lr=2.95e-04 (13s)
  [Epoch 445] Batch 50/93 (54%)
[Epoch 445/700] train_loss=0.1021 val_loss=0.0979 lr=2.93e-04 (13s)
  [Epoch 446] Batch 50/93 (54%)
[Epoch 446/700] train_loss=0.1006 val_loss=0.1019 lr=2.91e-04 (13s)
  [Epoch 447] Batch 50/93 (54%)
[Epoch 447/700] train_loss=0.1012 val_loss=0.0946 lr=2.89e-04 (13s)
  [Epoch 448] Batch 50/93 (54%)
[Epoch 448/700] train_loss=0.1024 val_loss=0.0957 lr=2.87e-04 (14s)
  [Epoch 449] Batch 50/93 (54%)
[Epoch 449/700] train_loss=0.1028 val_loss=0.0945 lr=2.85e-04 (13s)
  [Epoch 450] Batch 50/93 (54%)
[Epoch 450/700] train_loss=0.1019 val_loss=0.0983 lr=2.83e-04 (13s)
  [Epoch 451] Batch 50/93 (54%)
[Epoch 451/700] train_loss=0.1023 val_loss=0.0992 lr=2.81e-04 (13s)
  [Epoch 452] Batch 50/93 (54%)
[Epoch 452/700] train_loss=0.1014 val_loss=0.0941 lr=2.79e-04 (13s)
  [Epoch 453] Batch 50/93 (54%)
[Epoch 453/700] train_loss=0.1027 val_loss=0.0898 lr=2.77e-04 (14s)
  [Epoch 454] Batch 50/93 (54%)
[Epoch 454/700] train_loss=0.0987 val_loss=0.0978 lr=2.75e-04 (13s)
  [Epoch 455] Batch 50/93 (54%)
[Epoch 455/700] train_loss=0.1006 val_loss=0.0958 lr=2.73e-04 (13s)
  [Epoch 456] Batch 50/93 (54%)
[Epoch 456/700] train_loss=0.1009 val_loss=0.0972 lr=2.71e-04 (13s)
  [Epoch 457] Batch 50/93 (54%)
[Epoch 457/700] train_loss=0.1007 val_loss=0.0978 lr=2.69e-04 (13s)
  [Epoch 458] Batch 50/93 (54%)
[Epoch 458/700] train_loss=0.0996 val_loss=0.0984 lr=2.67e-04 (13s)
  [Epoch 459] Batch 50/93 (54%)
[Epoch 459/700] train_loss=0.1027 val_loss=0.0955 lr=2.65e-04 (13s)
  [Epoch 460] Batch 50/93 (54%)
[Epoch 460/700] train_loss=0.0990 val_loss=0.0924 lr=2.63e-04 (13s)
  [Epoch 461] Batch 50/93 (54%)
[Epoch 461/700] train_loss=0.1010 val_loss=0.0973 lr=2.61e-04 (13s)
  [Epoch 462] Batch 50/93 (54%)
[Epoch 462/700] train_loss=0.0996 val_loss=0.0982 lr=2.59e-04 (13s)
  [Epoch 463] Batch 50/93 (54%)
[Epoch 463/700] train_loss=0.1010 val_loss=0.0946 lr=2.57e-04 (14s)
  [Epoch 464] Batch 50/93 (54%)
[Epoch 464/700] train_loss=0.1006 val_loss=0.0952 lr=2.55e-04 (13s)
  [Epoch 465] Batch 50/93 (54%)
[Epoch 465/700] train_loss=0.1006 val_loss=0.1001 lr=2.53e-04 (13s)
  [Epoch 466] Batch 50/93 (54%)
[Epoch 466/700] train_loss=0.0988 val_loss=0.0989 lr=2.51e-04 (13s)
  [Epoch 467] Batch 50/93 (54%)
[Epoch 467/700] train_loss=0.1008 val_loss=0.0989 lr=2.49e-04 (13s)
  [Epoch 468] Batch 50/93 (54%)
[Epoch 468/700] train_loss=0.1012 val_loss=0.0946 lr=2.47e-04 (13s)
  [Epoch 469] Batch 50/93 (54%)
[Epoch 469/700] train_loss=0.0993 val_loss=0.0954 lr=2.45e-04 (13s)
  [Epoch 470] Batch 50/93 (54%)
[Epoch 470/700] train_loss=0.0999 val_loss=0.0933 lr=2.44e-04 (13s)
  [Epoch 471] Batch 50/93 (54%)
[Epoch 471/700] train_loss=0.1007 val_loss=0.0971 lr=2.42e-04 (13s)
  [Epoch 472] Batch 50/93 (54%)
[Epoch 472/700] train_loss=0.1010 val_loss=0.0936 lr=2.40e-04 (13s)
  [Epoch 473] Batch 50/93 (54%)
[Epoch 473/700] train_loss=0.1007 val_loss=0.0976 lr=2.38e-04 (13s)
  [Epoch 474] Batch 50/93 (54%)
[Epoch 474/700] train_loss=0.0997 val_loss=0.1010 lr=2.36e-04 (13s)
  [Epoch 475] Batch 50/93 (54%)
[Epoch 475/700] train_loss=0.0985 val_loss=0.0993 lr=2.34e-04 (13s)
  [Epoch 476] Batch 50/93 (54%)
[Epoch 476/700] train_loss=0.1010 val_loss=0.0973 lr=2.32e-04 (13s)
  [Epoch 477] Batch 50/93 (54%)
[Epoch 477/700] train_loss=0.1019 val_loss=0.0924 lr=2.30e-04 (13s)
  [Epoch 478] Batch 50/93 (54%)
[Epoch 478/700] train_loss=0.0997 val_loss=0.0953 lr=2.28e-04 (13s)
  [Epoch 479] Batch 50/93 (54%)
[Epoch 479/700] train_loss=0.0991 val_loss=0.0977 lr=2.26e-04 (13s)
  [Epoch 480] Batch 50/93 (54%)
[Epoch 480/700] train_loss=0.1009 val_loss=0.0974 lr=2.25e-04 (13s)
  [Epoch 481] Batch 50/93 (54%)
[Epoch 481/700] train_loss=0.0994 val_loss=0.0969 lr=2.23e-04 (13s)
  [Epoch 482] Batch 50/93 (54%)
[Epoch 482/700] train_loss=0.0989 val_loss=0.0965 lr=2.21e-04 (13s)
  [Epoch 483] Batch 50/93 (54%)
[Epoch 483/700] train_loss=0.0992 val_loss=0.0954 lr=2.19e-04 (13s)
  [Epoch 484] Batch 50/93 (54%)
[Epoch 484/700] train_loss=0.0992 val_loss=0.0945 lr=2.17e-04 (13s)
  [Epoch 485] Batch 50/93 (54%)
[Epoch 485/700] train_loss=0.1006 val_loss=0.0969 lr=2.15e-04 (13s)
  [Epoch 486] Batch 50/93 (54%)
[Epoch 486/700] train_loss=0.0996 val_loss=0.0961 lr=2.13e-04 (13s)
  [Epoch 487] Batch 50/93 (54%)
[Epoch 487/700] train_loss=0.0987 val_loss=0.0945 lr=2.12e-04 (14s)
  [Epoch 488] Batch 50/93 (54%)
[Epoch 488/700] train_loss=0.0984 val_loss=0.0966 lr=2.10e-04 (14s)
  [Epoch 489] Batch 50/93 (54%)
[Epoch 489/700] train_loss=0.0994 val_loss=0.0950 lr=2.08e-04 (14s)
  [Epoch 490] Batch 50/93 (54%)
[Epoch 490/700] train_loss=0.0988 val_loss=0.1028 lr=2.06e-04 (14s)
  [Epoch 491] Batch 50/93 (54%)
[Epoch 491/700] train_loss=0.0991 val_loss=0.0989 lr=2.04e-04 (14s)
  [Epoch 492] Batch 50/93 (54%)
[Epoch 492/700] train_loss=0.0989 val_loss=0.0912 lr=2.02e-04 (14s)
  [Epoch 493] Batch 50/93 (54%)
[Epoch 493/700] train_loss=0.0987 val_loss=0.0945 lr=2.01e-04 (14s)
  [Epoch 494] Batch 50/93 (54%)
[Epoch 494/700] train_loss=0.1010 val_loss=0.0908 lr=1.99e-04 (14s)
  [Epoch 495] Batch 50/93 (54%)
[Epoch 495/700] train_loss=0.1011 val_loss=0.0944 lr=1.97e-04 (14s)
  [Epoch 496] Batch 50/93 (54%)
[Epoch 496/700] train_loss=0.1009 val_loss=0.0959 lr=1.95e-04 (14s)
  [Epoch 497] Batch 50/93 (54%)
[Epoch 497/700] train_loss=0.0995 val_loss=0.0982 lr=1.94e-04 (14s)
  [Epoch 498] Batch 50/93 (54%)
[Epoch 498/700] train_loss=0.0984 val_loss=0.0940 lr=1.92e-04 (14s)
  [Epoch 499] Batch 50/93 (54%)
[Epoch 499/700] train_loss=0.0993 val_loss=0.1011 lr=1.90e-04 (14s)
  [Epoch 500] Batch 50/93 (54%)
[Epoch 500/700] train_loss=0.0998 val_loss=0.0956 lr=1.88e-04 (13s)
  [Epoch 501] Batch 50/93 (54%)
[Epoch 501/700] train_loss=0.1003 val_loss=0.0959 lr=1.87e-04 (13s)
  [Epoch 502] Batch 50/93 (54%)
[Epoch 502/700] train_loss=0.0994 val_loss=0.0939 lr=1.85e-04 (13s)
  [Epoch 503] Batch 50/93 (54%)
[Epoch 503/700] train_loss=0.0998 val_loss=0.0956 lr=1.83e-04 (13s)

[Training] Completed!

✓ Training completed!
  Final checkpoint: /public/home/xiongzhzh2023/PT4ConTSG/experiments/20260309_215400_synth-m_verbalts/checkpoints/finetune/finetune-epoch=452-val/loss=0.0898.ckpt
  Experiment: experiments/20260309_215400_synth-m_verbalts

Running automatic evaluation...
[Evaluating (generating)] Starting (0/63)...
[Evaluating (generating)] 1/63 (2%)
[Evaluating (generating)] 7/63 (11%)
[Evaluating (generating)] 13/63 (21%)
[Evaluating (generating)] 19/63 (30%)
[Evaluating (generating)] 26/63 (41%)
[Evaluating (generating)] 32/63 (51%)
[Evaluating (generating)] 38/63 (60%)
[Evaluating (generating)] 45/63 (71%)
[Evaluating (generating)] 51/63 (81%)
[Evaluating (generating)] 57/63 (90%)
[Evaluating (generating)] 63/63 (100%)
[Evaluating (generating)] Completed (63 items)
Evaluation results saved to: experiments/20260309_215400_synth-m_verbalts/results/eval_results.json
  Evaluation Results   
┏━━━━━━━━┳━━━━━━━━━━━━┓
┃ Metric ┃      Value ┃
┡━━━━━━━━╇━━━━━━━━━━━━┩
│ dtw    │ 319.893237 │
│ fid    │        N/A │
│ cttp   │        N/A │
└────────┴────────────┘
