Loading config from: configs/generators/ptfg_synth-u.yaml
Model schema mode: relaxed (no model-specific schema for 'pt_factor_generator')
         Configuration Summary         
┌───────────────┬─────────────────────┐
│ Dataset       │ synth-u             │
│ Model         │ pt_factor_generator │
│ Epochs        │ 700                 │
│ Batch Size    │ 128                 │
│ Learning Rate │ 0.0005              │
│ Device        │ cuda:0              │
│ Seed          │ 42                  │
└───────────────┴─────────────────────┘

Experiment directory: experiments/20260324_142725_synth-u_pt_factor_generator

Model: pt_factor_generator
Creating data module: synth-u

Starting multi-stage training (1 stage(s))...
  Stage 1: finetune (700 epochs, lr=0.0005)
┏━━━┳━━━━━━━━━━━━━━┳━━━━━━━━━━━━━━━━━━━━━━━━┳━━━━━━━━┳━━━━━━━┳━━━━━━━┓
┃   ┃ Name         ┃ Type                   ┃ Params ┃ Mode  ┃ FLOPs ┃
┡━━━╇━━━━━━━━━━━━━━╇━━━━━━━━━━━━━━━━━━━━━━━━╇━━━━━━━━╇━━━━━━━╇━━━━━━━┩
│ 0 │ net          │ PTFactorNoisePredictor │  3.2 M │ train │     0 │
│   │ other params │ n/a                    │  1.0 K │ n/a   │   n/a │
└───┴──────────────┴────────────────────────┴────────┴───────┴───────┘
Trainable params: 3.2 M                                                                                                                                                                       
Non-trainable params: 0                                                                                                                                                                       
Total params: 3.2 M                                                                                                                                                                           
Total estimated model params size (MB): 12                                                                                                                                                    
Modules in train mode: 161                                                                                                                                                                    
Modules in eval mode: 0                                                                                                                                                                       
Total FLOPs: 0                                                                                                                                                                                

[Training] Starting 700 epochs...
  [Epoch 1] Batch 50/187 (27%)
  [Epoch 1] Batch 100/187 (53%)
  [Epoch 1] Batch 150/187 (80%)
[Epoch 1/700] train_loss=0.3297 val_loss=0.2213 lr=5.00e-04 (8s)
  [Epoch 2] Batch 50/187 (27%)
  [Epoch 2] Batch 100/187 (53%)
  [Epoch 2] Batch 150/187 (80%)
[Epoch 2/700] train_loss=0.2170 val_loss=0.2189 lr=5.00e-04 (8s)
  [Epoch 3] Batch 50/187 (27%)
  [Epoch 3] Batch 100/187 (53%)
  [Epoch 3] Batch 150/187 (80%)
[Epoch 3/700] train_loss=0.2128 val_loss=0.2127 lr=5.00e-04 (11s)
  [Epoch 4] Batch 50/187 (27%)
  [Epoch 4] Batch 100/187 (53%)
  [Epoch 4] Batch 150/187 (80%)
[Epoch 4/700] train_loss=0.2086 val_loss=0.2052 lr=5.00e-04 (8s)
  [Epoch 5] Batch 50/187 (27%)
  [Epoch 5] Batch 100/187 (53%)
  [Epoch 5] Batch 150/187 (80%)
[Epoch 5/700] train_loss=0.2081 val_loss=0.2098 lr=5.00e-04 (9s)
  [Epoch 6] Batch 50/187 (27%)
  [Epoch 6] Batch 100/187 (53%)
  [Epoch 6] Batch 150/187 (80%)
[Epoch 6/700] train_loss=0.2072 val_loss=0.2030 lr=5.00e-04 (9s)
  [Epoch 7] Batch 50/187 (27%)
  [Epoch 7] Batch 100/187 (53%)
  [Epoch 7] Batch 150/187 (80%)
[Epoch 7/700] train_loss=0.2041 val_loss=0.2085 lr=5.00e-04 (10s)
  [Epoch 8] Batch 50/187 (27%)
  [Epoch 8] Batch 100/187 (53%)
  [Epoch 8] Batch 150/187 (80%)
[Epoch 8/700] train_loss=0.2044 val_loss=0.2064 lr=5.00e-04 (9s)
  [Epoch 9] Batch 50/187 (27%)
  [Epoch 9] Batch 100/187 (53%)
  [Epoch 9] Batch 150/187 (80%)
[Epoch 9/700] train_loss=0.2077 val_loss=0.2067 lr=5.00e-04 (13s)
  [Epoch 10] Batch 50/187 (27%)
  [Epoch 10] Batch 100/187 (53%)
  [Epoch 10] Batch 150/187 (80%)
[Epoch 10/700] train_loss=0.2045 val_loss=0.2005 lr=5.00e-04 (11s)
  [Epoch 11] Batch 50/187 (27%)
  [Epoch 11] Batch 100/187 (53%)
  [Epoch 11] Batch 150/187 (80%)
[Epoch 11/700] train_loss=0.2034 val_loss=0.2007 lr=5.00e-04 (10s)
  [Epoch 12] Batch 50/187 (27%)
  [Epoch 12] Batch 100/187 (53%)
  [Epoch 12] Batch 150/187 (80%)
[Epoch 12/700] train_loss=0.2051 val_loss=0.2058 lr=5.00e-04 (8s)
  [Epoch 13] Batch 50/187 (27%)
  [Epoch 13] Batch 100/187 (53%)
  [Epoch 13] Batch 150/187 (80%)
[Epoch 13/700] train_loss=0.2020 val_loss=0.1925 lr=5.00e-04 (9s)
  [Epoch 14] Batch 50/187 (27%)
  [Epoch 14] Batch 100/187 (53%)
  [Epoch 14] Batch 150/187 (80%)
[Epoch 14/700] train_loss=0.2006 val_loss=0.2047 lr=5.00e-04 (9s)
  [Epoch 15] Batch 50/187 (27%)
  [Epoch 15] Batch 100/187 (53%)
  [Epoch 15] Batch 150/187 (80%)
[Epoch 15/700] train_loss=0.2024 val_loss=0.1941 lr=4.99e-04 (9s)
  [Epoch 16] Batch 50/187 (27%)
  [Epoch 16] Batch 100/187 (53%)
  [Epoch 16] Batch 150/187 (80%)
[Epoch 16/700] train_loss=0.2026 val_loss=0.1877 lr=4.99e-04 (11s)
  [Epoch 17] Batch 50/187 (27%)
  [Epoch 17] Batch 100/187 (53%)
  [Epoch 17] Batch 150/187 (80%)
[Epoch 17/700] train_loss=0.2032 val_loss=0.2050 lr=4.99e-04 (9s)
  [Epoch 18] Batch 50/187 (27%)
  [Epoch 18] Batch 100/187 (53%)
  [Epoch 18] Batch 150/187 (80%)
[Epoch 18/700] train_loss=0.2000 val_loss=0.1966 lr=4.99e-04 (9s)
  [Epoch 19] Batch 50/187 (27%)
  [Epoch 19] Batch 100/187 (53%)
  [Epoch 19] Batch 150/187 (80%)
[Epoch 19/700] train_loss=0.2002 val_loss=0.1986 lr=4.99e-04 (12s)
  [Epoch 20] Batch 50/187 (27%)
  [Epoch 20] Batch 100/187 (53%)
  [Epoch 20] Batch 150/187 (80%)
[Epoch 20/700] train_loss=0.1956 val_loss=0.1946 lr=4.99e-04 (8s)
  [Epoch 21] Batch 50/187 (27%)
  [Epoch 21] Batch 100/187 (53%)
  [Epoch 21] Batch 150/187 (80%)
[Epoch 21/700] train_loss=0.2002 val_loss=0.2018 lr=4.99e-04 (10s)
  [Epoch 22] Batch 50/187 (27%)
  [Epoch 22] Batch 100/187 (53%)
  [Epoch 22] Batch 150/187 (80%)
[Epoch 22/700] train_loss=0.2000 val_loss=0.1942 lr=4.99e-04 (11s)
  [Epoch 23] Batch 50/187 (27%)
  [Epoch 23] Batch 100/187 (53%)
  [Epoch 23] Batch 150/187 (80%)
[Epoch 23/700] train_loss=0.1987 val_loss=0.1857 lr=4.99e-04 (12s)
  [Epoch 24] Batch 50/187 (27%)
  [Epoch 24] Batch 100/187 (53%)
  [Epoch 24] Batch 150/187 (80%)
[Epoch 24/700] train_loss=0.1952 val_loss=0.2000 lr=4.99e-04 (12s)
  [Epoch 25] Batch 50/187 (27%)
  [Epoch 25] Batch 100/187 (53%)
  [Epoch 25] Batch 150/187 (80%)
[Epoch 25/700] train_loss=0.1967 val_loss=0.1946 lr=4.98e-04 (9s)
  [Epoch 26] Batch 50/187 (27%)
  [Epoch 26] Batch 100/187 (53%)
  [Epoch 26] Batch 150/187 (80%)
[Epoch 26/700] train_loss=0.1984 val_loss=0.1964 lr=4.98e-04 (9s)
  [Epoch 27] Batch 50/187 (27%)
  [Epoch 27] Batch 100/187 (53%)
  [Epoch 27] Batch 150/187 (80%)
[Epoch 27/700] train_loss=0.1984 val_loss=0.1982 lr=4.98e-04 (14s)
  [Epoch 28] Batch 50/187 (27%)
  [Epoch 28] Batch 100/187 (53%)
  [Epoch 28] Batch 150/187 (80%)
[Epoch 28/700] train_loss=0.1972 val_loss=0.1958 lr=4.98e-04 (8s)
  [Epoch 29] Batch 50/187 (27%)
  [Epoch 29] Batch 100/187 (53%)
  [Epoch 29] Batch 150/187 (80%)
[Epoch 29/700] train_loss=0.1943 val_loss=0.1904 lr=4.98e-04 (9s)
  [Epoch 30] Batch 50/187 (27%)
  [Epoch 30] Batch 100/187 (53%)
  [Epoch 30] Batch 150/187 (80%)
[Epoch 30/700] train_loss=0.1978 val_loss=0.1982 lr=4.98e-04 (9s)
  [Epoch 31] Batch 50/187 (27%)
  [Epoch 31] Batch 100/187 (53%)
  [Epoch 31] Batch 150/187 (80%)
[Epoch 31/700] train_loss=0.1944 val_loss=0.1945 lr=4.98e-04 (9s)
  [Epoch 32] Batch 50/187 (27%)
  [Epoch 32] Batch 100/187 (53%)
  [Epoch 32] Batch 150/187 (80%)
[Epoch 32/700] train_loss=0.1933 val_loss=0.1971 lr=4.97e-04 (9s)
  [Epoch 33] Batch 50/187 (27%)
  [Epoch 33] Batch 100/187 (53%)
  [Epoch 33] Batch 150/187 (80%)
[Epoch 33/700] train_loss=0.1964 val_loss=0.1978 lr=4.97e-04 (9s)
  [Epoch 34] Batch 50/187 (27%)
  [Epoch 34] Batch 100/187 (53%)
  [Epoch 34] Batch 150/187 (80%)
[Epoch 34/700] train_loss=0.1967 val_loss=0.1903 lr=4.97e-04 (9s)
  [Epoch 35] Batch 50/187 (27%)
  [Epoch 35] Batch 100/187 (53%)
  [Epoch 35] Batch 150/187 (80%)
[Epoch 35/700] train_loss=0.1967 val_loss=0.1956 lr=4.97e-04 (9s)
  [Epoch 36] Batch 50/187 (27%)
  [Epoch 36] Batch 100/187 (53%)
  [Epoch 36] Batch 150/187 (80%)
[Epoch 36/700] train_loss=0.1956 val_loss=0.1976 lr=4.97e-04 (9s)
  [Epoch 37] Batch 50/187 (27%)
  [Epoch 37] Batch 100/187 (53%)
  [Epoch 37] Batch 150/187 (80%)
[Epoch 37/700] train_loss=0.1936 val_loss=0.1941 lr=4.97e-04 (10s)
  [Epoch 38] Batch 50/187 (27%)
  [Epoch 38] Batch 100/187 (53%)
  [Epoch 38] Batch 150/187 (80%)
[Epoch 38/700] train_loss=0.1927 val_loss=0.1926 lr=4.96e-04 (8s)
  [Epoch 39] Batch 50/187 (27%)
  [Epoch 39] Batch 100/187 (53%)
  [Epoch 39] Batch 150/187 (80%)
[Epoch 39/700] train_loss=0.1949 val_loss=0.1961 lr=4.96e-04 (9s)
  [Epoch 40] Batch 50/187 (27%)
  [Epoch 40] Batch 100/187 (53%)
  [Epoch 40] Batch 150/187 (80%)
[Epoch 40/700] train_loss=0.1958 val_loss=0.1954 lr=4.96e-04 (8s)
  [Epoch 41] Batch 50/187 (27%)
  [Epoch 41] Batch 100/187 (53%)
  [Epoch 41] Batch 150/187 (80%)
[Epoch 41/700] train_loss=0.1967 val_loss=0.1875 lr=4.96e-04 (9s)
  [Epoch 42] Batch 50/187 (27%)
  [Epoch 42] Batch 100/187 (53%)
  [Epoch 42] Batch 150/187 (80%)
[Epoch 42/700] train_loss=0.1965 val_loss=0.1944 lr=4.96e-04 (15s)
  [Epoch 43] Batch 50/187 (27%)
  [Epoch 43] Batch 100/187 (53%)
  [Epoch 43] Batch 150/187 (80%)
[Epoch 43/700] train_loss=0.1936 val_loss=0.1960 lr=4.95e-04 (11s)
  [Epoch 44] Batch 50/187 (27%)
  [Epoch 44] Batch 100/187 (53%)
  [Epoch 44] Batch 150/187 (80%)
[Epoch 44/700] train_loss=0.1926 val_loss=0.1909 lr=4.95e-04 (11s)
  [Epoch 45] Batch 50/187 (27%)
  [Epoch 45] Batch 100/187 (53%)
  [Epoch 45] Batch 150/187 (80%)
[Epoch 45/700] train_loss=0.1965 val_loss=0.1938 lr=4.95e-04 (9s)
  [Epoch 46] Batch 50/187 (27%)
  [Epoch 46] Batch 100/187 (53%)
  [Epoch 46] Batch 150/187 (80%)
[Epoch 46/700] train_loss=0.1970 val_loss=0.1806 lr=4.95e-04 (8s)
  [Epoch 47] Batch 50/187 (27%)
  [Epoch 47] Batch 100/187 (53%)
  [Epoch 47] Batch 150/187 (80%)
[Epoch 47/700] train_loss=0.1946 val_loss=0.1929 lr=4.94e-04 (8s)
  [Epoch 48] Batch 50/187 (27%)
  [Epoch 48] Batch 100/187 (53%)
  [Epoch 48] Batch 150/187 (80%)
[Epoch 48/700] train_loss=0.1948 val_loss=0.1909 lr=4.94e-04 (9s)
  [Epoch 49] Batch 50/187 (27%)
  [Epoch 49] Batch 100/187 (53%)
  [Epoch 49] Batch 150/187 (80%)
[Epoch 49/700] train_loss=0.1934 val_loss=0.1930 lr=4.94e-04 (8s)
  [Epoch 50] Batch 50/187 (27%)
  [Epoch 50] Batch 100/187 (53%)
  [Epoch 50] Batch 150/187 (80%)
[Epoch 50/700] train_loss=0.1921 val_loss=0.1915 lr=4.94e-04 (13s)
  [Epoch 51] Batch 50/187 (27%)
  [Epoch 51] Batch 100/187 (53%)
  [Epoch 51] Batch 150/187 (80%)
[Epoch 51/700] train_loss=0.1932 val_loss=0.1905 lr=4.93e-04 (9s)
  [Epoch 52] Batch 50/187 (27%)
  [Epoch 52] Batch 100/187 (53%)
  [Epoch 52] Batch 150/187 (80%)
[Epoch 52/700] train_loss=0.1952 val_loss=0.1989 lr=4.93e-04 (10s)
  [Epoch 53] Batch 50/187 (27%)
  [Epoch 53] Batch 100/187 (53%)
  [Epoch 53] Batch 150/187 (80%)
[Epoch 53/700] train_loss=0.1956 val_loss=0.1900 lr=4.93e-04 (9s)
  [Epoch 54] Batch 50/187 (27%)
  [Epoch 54] Batch 100/187 (53%)
  [Epoch 54] Batch 150/187 (80%)
[Epoch 54/700] train_loss=0.1913 val_loss=0.1923 lr=4.93e-04 (8s)
  [Epoch 55] Batch 50/187 (27%)
  [Epoch 55] Batch 100/187 (53%)
  [Epoch 55] Batch 150/187 (80%)
[Epoch 55/700] train_loss=0.1948 val_loss=0.1917 lr=4.92e-04 (10s)
  [Epoch 56] Batch 50/187 (27%)
  [Epoch 56] Batch 100/187 (53%)
  [Epoch 56] Batch 150/187 (80%)
[Epoch 56/700] train_loss=0.1920 val_loss=0.1932 lr=4.92e-04 (11s)
  [Epoch 57] Batch 50/187 (27%)
  [Epoch 57] Batch 100/187 (53%)
  [Epoch 57] Batch 150/187 (80%)
[Epoch 57/700] train_loss=0.1910 val_loss=0.1951 lr=4.92e-04 (9s)
  [Epoch 58] Batch 50/187 (27%)
  [Epoch 58] Batch 100/187 (53%)
  [Epoch 58] Batch 150/187 (80%)
[Epoch 58/700] train_loss=0.1929 val_loss=0.1904 lr=4.92e-04 (8s)
  [Epoch 59] Batch 50/187 (27%)
  [Epoch 59] Batch 100/187 (53%)
  [Epoch 59] Batch 150/187 (80%)
[Epoch 59/700] train_loss=0.1938 val_loss=0.1866 lr=4.91e-04 (9s)
  [Epoch 60] Batch 50/187 (27%)
  [Epoch 60] Batch 100/187 (53%)
  [Epoch 60] Batch 150/187 (80%)
[Epoch 60/700] train_loss=0.1907 val_loss=0.1999 lr=4.91e-04 (8s)
  [Epoch 61] Batch 50/187 (27%)
  [Epoch 61] Batch 100/187 (53%)
  [Epoch 61] Batch 150/187 (80%)
[Epoch 61/700] train_loss=0.1900 val_loss=0.1960 lr=4.91e-04 (8s)
  [Epoch 62] Batch 50/187 (27%)
  [Epoch 62] Batch 100/187 (53%)
  [Epoch 62] Batch 150/187 (80%)
[Epoch 62/700] train_loss=0.1900 val_loss=0.1920 lr=4.90e-04 (8s)
  [Epoch 63] Batch 50/187 (27%)
  [Epoch 63] Batch 100/187 (53%)
  [Epoch 63] Batch 150/187 (80%)
[Epoch 63/700] train_loss=0.1933 val_loss=0.1838 lr=4.90e-04 (8s)
  [Epoch 64] Batch 50/187 (27%)
  [Epoch 64] Batch 100/187 (53%)
  [Epoch 64] Batch 150/187 (80%)
[Epoch 64/700] train_loss=0.1930 val_loss=0.1982 lr=4.90e-04 (8s)
  [Epoch 65] Batch 50/187 (27%)
  [Epoch 65] Batch 100/187 (53%)
  [Epoch 65] Batch 150/187 (80%)
[Epoch 65/700] train_loss=0.1928 val_loss=0.1901 lr=4.89e-04 (9s)
  [Epoch 66] Batch 50/187 (27%)
  [Epoch 66] Batch 100/187 (53%)
  [Epoch 66] Batch 150/187 (80%)
[Epoch 66/700] train_loss=0.1929 val_loss=0.1918 lr=4.89e-04 (9s)
  [Epoch 67] Batch 50/187 (27%)
  [Epoch 67] Batch 100/187 (53%)
  [Epoch 67] Batch 150/187 (80%)
[Epoch 67/700] train_loss=0.1931 val_loss=0.1916 lr=4.89e-04 (8s)
  [Epoch 68] Batch 50/187 (27%)
  [Epoch 68] Batch 100/187 (53%)
  [Epoch 68] Batch 150/187 (80%)
[Epoch 68/700] train_loss=0.1927 val_loss=0.1921 lr=4.88e-04 (8s)
  [Epoch 69] Batch 50/187 (27%)
  [Epoch 69] Batch 100/187 (53%)
  [Epoch 69] Batch 150/187 (80%)
[Epoch 69/700] train_loss=0.1917 val_loss=0.1974 lr=4.88e-04 (8s)
  [Epoch 70] Batch 50/187 (27%)
  [Epoch 70] Batch 100/187 (53%)
  [Epoch 70] Batch 150/187 (80%)
[Epoch 70/700] train_loss=0.1916 val_loss=0.1899 lr=4.88e-04 (8s)
  [Epoch 71] Batch 50/187 (27%)
  [Epoch 71] Batch 100/187 (53%)
  [Epoch 71] Batch 150/187 (80%)
[Epoch 71/700] train_loss=0.1895 val_loss=0.1917 lr=4.87e-04 (9s)
  [Epoch 72] Batch 50/187 (27%)
  [Epoch 72] Batch 100/187 (53%)
  [Epoch 72] Batch 150/187 (80%)
[Epoch 72/700] train_loss=0.1915 val_loss=0.1882 lr=4.87e-04 (8s)
  [Epoch 73] Batch 50/187 (27%)
  [Epoch 73] Batch 100/187 (53%)
  [Epoch 73] Batch 150/187 (80%)
[Epoch 73/700] train_loss=0.1901 val_loss=0.1856 lr=4.87e-04 (8s)
  [Epoch 74] Batch 50/187 (27%)
  [Epoch 74] Batch 100/187 (53%)
  [Epoch 74] Batch 150/187 (80%)
[Epoch 74/700] train_loss=0.1905 val_loss=0.1875 lr=4.86e-04 (9s)
  [Epoch 75] Batch 50/187 (27%)
  [Epoch 75] Batch 100/187 (53%)
  [Epoch 75] Batch 150/187 (80%)
[Epoch 75/700] train_loss=0.1906 val_loss=0.1949 lr=4.86e-04 (9s)
  [Epoch 76] Batch 50/187 (27%)
  [Epoch 76] Batch 100/187 (53%)
  [Epoch 76] Batch 150/187 (80%)
[Epoch 76/700] train_loss=0.1928 val_loss=0.1870 lr=4.86e-04 (8s)
  [Epoch 77] Batch 50/187 (27%)
  [Epoch 77] Batch 100/187 (53%)
  [Epoch 77] Batch 150/187 (80%)
[Epoch 77/700] train_loss=0.1891 val_loss=0.1897 lr=4.85e-04 (8s)
  [Epoch 78] Batch 50/187 (27%)
  [Epoch 78] Batch 100/187 (53%)
  [Epoch 78] Batch 150/187 (80%)
[Epoch 78/700] train_loss=0.1886 val_loss=0.1792 lr=4.85e-04 (8s)
  [Epoch 79] Batch 50/187 (27%)
  [Epoch 79] Batch 100/187 (53%)
  [Epoch 79] Batch 150/187 (80%)
[Epoch 79/700] train_loss=0.1905 val_loss=0.1906 lr=4.84e-04 (14s)
  [Epoch 80] Batch 50/187 (27%)
  [Epoch 80] Batch 100/187 (53%)
  [Epoch 80] Batch 150/187 (80%)
[Epoch 80/700] train_loss=0.1909 val_loss=0.1925 lr=4.84e-04 (8s)
  [Epoch 81] Batch 50/187 (27%)
  [Epoch 81] Batch 100/187 (53%)
  [Epoch 81] Batch 150/187 (80%)
[Epoch 81/700] train_loss=0.1910 val_loss=0.1887 lr=4.84e-04 (11s)
  [Epoch 82] Batch 50/187 (27%)
  [Epoch 82] Batch 100/187 (53%)
  [Epoch 82] Batch 150/187 (80%)
[Epoch 82/700] train_loss=0.1886 val_loss=0.1870 lr=4.83e-04 (10s)
  [Epoch 83] Batch 50/187 (27%)
  [Epoch 83] Batch 100/187 (53%)
  [Epoch 83] Batch 150/187 (80%)
[Epoch 83/700] train_loss=0.1936 val_loss=0.1861 lr=4.83e-04 (9s)
  [Epoch 84] Batch 50/187 (27%)
  [Epoch 84] Batch 100/187 (53%)
  [Epoch 84] Batch 150/187 (80%)
[Epoch 84/700] train_loss=0.1933 val_loss=0.1834 lr=4.82e-04 (9s)
  [Epoch 85] Batch 50/187 (27%)
  [Epoch 85] Batch 100/187 (53%)
  [Epoch 85] Batch 150/187 (80%)
[Epoch 85/700] train_loss=0.1901 val_loss=0.1900 lr=4.82e-04 (9s)
  [Epoch 86] Batch 50/187 (27%)
  [Epoch 86] Batch 100/187 (53%)
  [Epoch 86] Batch 150/187 (80%)
[Epoch 86/700] train_loss=0.1901 val_loss=0.1944 lr=4.82e-04 (9s)
  [Epoch 87] Batch 50/187 (27%)
  [Epoch 87] Batch 100/187 (53%)
  [Epoch 87] Batch 150/187 (80%)
[Epoch 87/700] train_loss=0.1915 val_loss=0.1889 lr=4.81e-04 (8s)
  [Epoch 88] Batch 50/187 (27%)
  [Epoch 88] Batch 100/187 (53%)
  [Epoch 88] Batch 150/187 (80%)
[Epoch 88/700] train_loss=0.1926 val_loss=0.1907 lr=4.81e-04 (9s)
  [Epoch 89] Batch 50/187 (27%)
  [Epoch 89] Batch 100/187 (53%)
  [Epoch 89] Batch 150/187 (80%)
[Epoch 89/700] train_loss=0.1902 val_loss=0.1883 lr=4.80e-04 (8s)
  [Epoch 90] Batch 50/187 (27%)
  [Epoch 90] Batch 100/187 (53%)
  [Epoch 90] Batch 150/187 (80%)
[Epoch 90/700] train_loss=0.1905 val_loss=0.1860 lr=4.80e-04 (9s)
  [Epoch 91] Batch 50/187 (27%)
  [Epoch 91] Batch 100/187 (53%)
  [Epoch 91] Batch 150/187 (80%)
[Epoch 91/700] train_loss=0.1874 val_loss=0.1865 lr=4.79e-04 (12s)
  [Epoch 92] Batch 50/187 (27%)
  [Epoch 92] Batch 100/187 (53%)
  [Epoch 92] Batch 150/187 (80%)
[Epoch 92/700] train_loss=0.1909 val_loss=0.1948 lr=4.79e-04 (12s)
  [Epoch 93] Batch 50/187 (27%)
  [Epoch 93] Batch 100/187 (53%)
  [Epoch 93] Batch 150/187 (80%)
[Epoch 93/700] train_loss=0.1915 val_loss=0.1867 lr=4.79e-04 (9s)
  [Epoch 94] Batch 50/187 (27%)
  [Epoch 94] Batch 100/187 (53%)
  [Epoch 94] Batch 150/187 (80%)
[Epoch 94/700] train_loss=0.1921 val_loss=0.1943 lr=4.78e-04 (12s)
  [Epoch 95] Batch 50/187 (27%)
  [Epoch 95] Batch 100/187 (53%)
  [Epoch 95] Batch 150/187 (80%)
[Epoch 95/700] train_loss=0.1900 val_loss=0.1864 lr=4.78e-04 (11s)
  [Epoch 96] Batch 50/187 (27%)
  [Epoch 96] Batch 100/187 (53%)
  [Epoch 96] Batch 150/187 (80%)
[Epoch 96/700] train_loss=0.1911 val_loss=0.1859 lr=4.77e-04 (11s)
  [Epoch 97] Batch 50/187 (27%)
  [Epoch 97] Batch 100/187 (53%)
  [Epoch 97] Batch 150/187 (80%)
[Epoch 97/700] train_loss=0.1925 val_loss=0.1852 lr=4.77e-04 (9s)
  [Epoch 98] Batch 50/187 (27%)
  [Epoch 98] Batch 100/187 (53%)
  [Epoch 98] Batch 150/187 (80%)
[Epoch 98/700] train_loss=0.1909 val_loss=0.1893 lr=4.76e-04 (8s)
  [Epoch 99] Batch 50/187 (27%)
  [Epoch 99] Batch 100/187 (53%)
  [Epoch 99] Batch 150/187 (80%)
[Epoch 99/700] train_loss=0.1913 val_loss=0.1835 lr=4.76e-04 (12s)
  [Epoch 100] Batch 50/187 (27%)
  [Epoch 100] Batch 100/187 (53%)
  [Epoch 100] Batch 150/187 (80%)
[Epoch 100/700] train_loss=0.1894 val_loss=0.1832 lr=4.75e-04 (10s)
  [Epoch 101] Batch 50/187 (27%)
  [Epoch 101] Batch 100/187 (53%)
  [Epoch 101] Batch 150/187 (80%)
[Epoch 101/700] train_loss=0.1889 val_loss=0.1876 lr=4.75e-04 (9s)
  [Epoch 102] Batch 50/187 (27%)
  [Epoch 102] Batch 100/187 (53%)
  [Epoch 102] Batch 150/187 (80%)
[Epoch 102/700] train_loss=0.1892 val_loss=0.1864 lr=4.74e-04 (8s)
  [Epoch 103] Batch 50/187 (27%)
  [Epoch 103] Batch 100/187 (53%)
  [Epoch 103] Batch 150/187 (80%)
[Epoch 103/700] train_loss=0.1908 val_loss=0.1876 lr=4.74e-04 (8s)
  [Epoch 104] Batch 50/187 (27%)
  [Epoch 104] Batch 100/187 (53%)
  [Epoch 104] Batch 150/187 (80%)
[Epoch 104/700] train_loss=0.1896 val_loss=0.1884 lr=4.73e-04 (9s)
  [Epoch 105] Batch 50/187 (27%)
  [Epoch 105] Batch 100/187 (53%)
  [Epoch 105] Batch 150/187 (80%)
[Epoch 105/700] train_loss=0.1906 val_loss=0.1985 lr=4.73e-04 (8s)
  [Epoch 106] Batch 50/187 (27%)
  [Epoch 106] Batch 100/187 (53%)
  [Epoch 106] Batch 150/187 (80%)
[Epoch 106/700] train_loss=0.1925 val_loss=0.1855 lr=4.72e-04 (10s)
  [Epoch 107] Batch 50/187 (27%)
  [Epoch 107] Batch 100/187 (53%)
  [Epoch 107] Batch 150/187 (80%)
[Epoch 107/700] train_loss=0.1899 val_loss=0.1891 lr=4.72e-04 (8s)
  [Epoch 108] Batch 50/187 (27%)
  [Epoch 108] Batch 100/187 (53%)
  [Epoch 108] Batch 150/187 (80%)
[Epoch 108/700] train_loss=0.1926 val_loss=0.1889 lr=4.71e-04 (9s)
  [Epoch 109] Batch 50/187 (27%)
  [Epoch 109] Batch 100/187 (53%)
  [Epoch 109] Batch 150/187 (80%)
[Epoch 109/700] train_loss=0.1908 val_loss=0.1923 lr=4.71e-04 (8s)
  [Epoch 110] Batch 50/187 (27%)
  [Epoch 110] Batch 100/187 (53%)
  [Epoch 110] Batch 150/187 (80%)
[Epoch 110/700] train_loss=0.1897 val_loss=0.1897 lr=4.70e-04 (9s)
  [Epoch 111] Batch 50/187 (27%)
  [Epoch 111] Batch 100/187 (53%)
  [Epoch 111] Batch 150/187 (80%)
[Epoch 111/700] train_loss=0.1875 val_loss=0.1887 lr=4.70e-04 (11s)
  [Epoch 112] Batch 50/187 (27%)
  [Epoch 112] Batch 100/187 (53%)
  [Epoch 112] Batch 150/187 (80%)
[Epoch 112/700] train_loss=0.1898 val_loss=0.1895 lr=4.69e-04 (8s)
  [Epoch 113] Batch 50/187 (27%)
  [Epoch 113] Batch 100/187 (53%)
  [Epoch 113] Batch 150/187 (80%)
[Epoch 113/700] train_loss=0.1898 val_loss=0.1808 lr=4.69e-04 (8s)
  [Epoch 114] Batch 50/187 (27%)
  [Epoch 114] Batch 100/187 (53%)
  [Epoch 114] Batch 150/187 (80%)
[Epoch 114/700] train_loss=0.1913 val_loss=0.1922 lr=4.68e-04 (9s)
  [Epoch 115] Batch 50/187 (27%)
  [Epoch 115] Batch 100/187 (53%)
  [Epoch 115] Batch 150/187 (80%)
[Epoch 115/700] train_loss=0.1903 val_loss=0.1871 lr=4.67e-04 (8s)
  [Epoch 116] Batch 50/187 (27%)
  [Epoch 116] Batch 100/187 (53%)
  [Epoch 116] Batch 150/187 (80%)
[Epoch 116/700] train_loss=0.1876 val_loss=0.1906 lr=4.67e-04 (10s)
  [Epoch 117] Batch 50/187 (27%)
  [Epoch 117] Batch 100/187 (53%)
  [Epoch 117] Batch 150/187 (80%)
[Epoch 117/700] train_loss=0.1905 val_loss=0.1923 lr=4.66e-04 (9s)
  [Epoch 118] Batch 50/187 (27%)
  [Epoch 118] Batch 100/187 (53%)
  [Epoch 118] Batch 150/187 (80%)
[Epoch 118/700] train_loss=0.1894 val_loss=0.1859 lr=4.66e-04 (8s)
  [Epoch 119] Batch 50/187 (27%)
  [Epoch 119] Batch 100/187 (53%)
  [Epoch 119] Batch 150/187 (80%)
[Epoch 119/700] train_loss=0.1934 val_loss=0.1837 lr=4.65e-04 (11s)
  [Epoch 120] Batch 50/187 (27%)
  [Epoch 120] Batch 100/187 (53%)
  [Epoch 120] Batch 150/187 (80%)
[Epoch 120/700] train_loss=0.1892 val_loss=0.1880 lr=4.65e-04 (10s)
  [Epoch 121] Batch 50/187 (27%)
  [Epoch 121] Batch 100/187 (53%)
  [Epoch 121] Batch 150/187 (80%)
[Epoch 121/700] train_loss=0.1903 val_loss=0.1871 lr=4.64e-04 (10s)
  [Epoch 122] Batch 50/187 (27%)
  [Epoch 122] Batch 100/187 (53%)
  [Epoch 122] Batch 150/187 (80%)
[Epoch 122/700] train_loss=0.1895 val_loss=0.1896 lr=4.63e-04 (8s)
  [Epoch 123] Batch 50/187 (27%)
  [Epoch 123] Batch 100/187 (53%)
  [Epoch 123] Batch 150/187 (80%)
[Epoch 123/700] train_loss=0.1896 val_loss=0.1900 lr=4.63e-04 (9s)
  [Epoch 124] Batch 50/187 (27%)
  [Epoch 124] Batch 100/187 (53%)
  [Epoch 124] Batch 150/187 (80%)
[Epoch 124/700] train_loss=0.1898 val_loss=0.1977 lr=4.62e-04 (9s)
  [Epoch 125] Batch 50/187 (27%)
  [Epoch 125] Batch 100/187 (53%)
  [Epoch 125] Batch 150/187 (80%)
[Epoch 125/700] train_loss=0.1871 val_loss=0.1831 lr=4.62e-04 (9s)
  [Epoch 126] Batch 50/187 (27%)
  [Epoch 126] Batch 100/187 (53%)
  [Epoch 126] Batch 150/187 (80%)
[Epoch 126/700] train_loss=0.1885 val_loss=0.1807 lr=4.61e-04 (9s)
  [Epoch 127] Batch 50/187 (27%)
  [Epoch 127] Batch 100/187 (53%)
  [Epoch 127] Batch 150/187 (80%)
[Epoch 127/700] train_loss=0.1889 val_loss=0.1879 lr=4.60e-04 (9s)
  [Epoch 128] Batch 50/187 (27%)
  [Epoch 128] Batch 100/187 (53%)
  [Epoch 128] Batch 150/187 (80%)
[Epoch 128/700] train_loss=0.1897 val_loss=0.1863 lr=4.60e-04 (9s)
  [Epoch 129] Batch 50/187 (27%)
  [Epoch 129] Batch 100/187 (53%)
  [Epoch 129] Batch 150/187 (80%)
[Epoch 129/700] train_loss=0.1879 val_loss=0.1870 lr=4.59e-04 (11s)
  [Epoch 130] Batch 50/187 (27%)
  [Epoch 130] Batch 100/187 (53%)
  [Epoch 130] Batch 150/187 (80%)
[Epoch 130/700] train_loss=0.1900 val_loss=0.1942 lr=4.59e-04 (9s)
  [Epoch 131] Batch 50/187 (27%)
  [Epoch 131] Batch 100/187 (53%)
  [Epoch 131] Batch 150/187 (80%)
[Epoch 131/700] train_loss=0.1895 val_loss=0.1874 lr=4.58e-04 (8s)
  [Epoch 132] Batch 50/187 (27%)
  [Epoch 132] Batch 100/187 (53%)
  [Epoch 132] Batch 150/187 (80%)
[Epoch 132/700] train_loss=0.1873 val_loss=0.1763 lr=4.57e-04 (8s)
  [Epoch 133] Batch 50/187 (27%)
  [Epoch 133] Batch 100/187 (53%)
  [Epoch 133] Batch 150/187 (80%)
[Epoch 133/700] train_loss=0.1861 val_loss=0.1853 lr=4.57e-04 (10s)
  [Epoch 134] Batch 50/187 (27%)
  [Epoch 134] Batch 100/187 (53%)
  [Epoch 134] Batch 150/187 (80%)
[Epoch 134/700] train_loss=0.1911 val_loss=0.1854 lr=4.56e-04 (11s)
  [Epoch 135] Batch 50/187 (27%)
  [Epoch 135] Batch 100/187 (53%)
  [Epoch 135] Batch 150/187 (80%)
[Epoch 135/700] train_loss=0.1921 val_loss=0.1901 lr=4.56e-04 (8s)
  [Epoch 136] Batch 50/187 (27%)
  [Epoch 136] Batch 100/187 (53%)
  [Epoch 136] Batch 150/187 (80%)
[Epoch 136/700] train_loss=0.1897 val_loss=0.1864 lr=4.55e-04 (9s)
  [Epoch 137] Batch 50/187 (27%)
  [Epoch 137] Batch 100/187 (53%)
  [Epoch 137] Batch 150/187 (80%)
[Epoch 137/700] train_loss=0.1900 val_loss=0.1845 lr=4.54e-04 (9s)
  [Epoch 138] Batch 50/187 (27%)
  [Epoch 138] Batch 100/187 (53%)
  [Epoch 138] Batch 150/187 (80%)
[Epoch 138/700] train_loss=0.1865 val_loss=0.1916 lr=4.54e-04 (9s)
  [Epoch 139] Batch 50/187 (27%)
  [Epoch 139] Batch 100/187 (53%)
  [Epoch 139] Batch 150/187 (80%)
[Epoch 139/700] train_loss=0.1886 val_loss=0.1863 lr=4.53e-04 (8s)
  [Epoch 140] Batch 50/187 (27%)
  [Epoch 140] Batch 100/187 (53%)
  [Epoch 140] Batch 150/187 (80%)
[Epoch 140/700] train_loss=0.1870 val_loss=0.1887 lr=4.52e-04 (9s)
  [Epoch 141] Batch 50/187 (27%)
  [Epoch 141] Batch 100/187 (53%)
  [Epoch 141] Batch 150/187 (80%)
[Epoch 141/700] train_loss=0.1882 val_loss=0.1830 lr=4.52e-04 (10s)
  [Epoch 142] Batch 50/187 (27%)
  [Epoch 142] Batch 100/187 (53%)
  [Epoch 142] Batch 150/187 (80%)
[Epoch 142/700] train_loss=0.1869 val_loss=0.1964 lr=4.51e-04 (11s)
  [Epoch 143] Batch 50/187 (27%)
  [Epoch 143] Batch 100/187 (53%)
  [Epoch 143] Batch 150/187 (80%)
[Epoch 143/700] train_loss=0.1902 val_loss=0.1878 lr=4.50e-04 (9s)
  [Epoch 144] Batch 50/187 (27%)
  [Epoch 144] Batch 100/187 (53%)
  [Epoch 144] Batch 150/187 (80%)
[Epoch 144/700] train_loss=0.1890 val_loss=0.1905 lr=4.50e-04 (9s)
  [Epoch 145] Batch 50/187 (27%)
  [Epoch 145] Batch 100/187 (53%)
  [Epoch 145] Batch 150/187 (80%)
[Epoch 145/700] train_loss=0.1882 val_loss=0.1892 lr=4.49e-04 (8s)
  [Epoch 146] Batch 50/187 (27%)
  [Epoch 146] Batch 100/187 (53%)
  [Epoch 146] Batch 150/187 (80%)
[Epoch 146/700] train_loss=0.1877 val_loss=0.1850 lr=4.48e-04 (9s)
  [Epoch 147] Batch 50/187 (27%)
  [Epoch 147] Batch 100/187 (53%)
  [Epoch 147] Batch 150/187 (80%)
[Epoch 147/700] train_loss=0.1880 val_loss=0.1930 lr=4.48e-04 (12s)
  [Epoch 148] Batch 50/187 (27%)
  [Epoch 148] Batch 100/187 (53%)
  [Epoch 148] Batch 150/187 (80%)
[Epoch 148/700] train_loss=0.1917 val_loss=0.1852 lr=4.47e-04 (10s)
  [Epoch 149] Batch 50/187 (27%)
  [Epoch 149] Batch 100/187 (53%)
  [Epoch 149] Batch 150/187 (80%)
[Epoch 149/700] train_loss=0.1913 val_loss=0.1780 lr=4.46e-04 (10s)
  [Epoch 150] Batch 50/187 (27%)
  [Epoch 150] Batch 100/187 (53%)
  [Epoch 150] Batch 150/187 (80%)
[Epoch 150/700] train_loss=0.1881 val_loss=0.1838 lr=4.45e-04 (8s)
  [Epoch 151] Batch 50/187 (27%)
  [Epoch 151] Batch 100/187 (53%)
  [Epoch 151] Batch 150/187 (80%)
[Epoch 151/700] train_loss=0.1898 val_loss=0.1829 lr=4.45e-04 (8s)
  [Epoch 152] Batch 50/187 (27%)
  [Epoch 152] Batch 100/187 (53%)
  [Epoch 152] Batch 150/187 (80%)
[Epoch 152/700] train_loss=0.1907 val_loss=0.1786 lr=4.44e-04 (9s)
  [Epoch 153] Batch 50/187 (27%)
  [Epoch 153] Batch 100/187 (53%)
  [Epoch 153] Batch 150/187 (80%)
[Epoch 153/700] train_loss=0.1876 val_loss=0.1777 lr=4.43e-04 (8s)
  [Epoch 154] Batch 50/187 (27%)
  [Epoch 154] Batch 100/187 (53%)
  [Epoch 154] Batch 150/187 (80%)
[Epoch 154/700] train_loss=0.1847 val_loss=0.1862 lr=4.43e-04 (9s)
  [Epoch 155] Batch 50/187 (27%)
  [Epoch 155] Batch 100/187 (53%)
  [Epoch 155] Batch 150/187 (80%)
[Epoch 155/700] train_loss=0.1888 val_loss=0.1829 lr=4.42e-04 (9s)
  [Epoch 156] Batch 50/187 (27%)
  [Epoch 156] Batch 100/187 (53%)
  [Epoch 156] Batch 150/187 (80%)
[Epoch 156/700] train_loss=0.1871 val_loss=0.1869 lr=4.41e-04 (10s)
  [Epoch 157] Batch 50/187 (27%)
  [Epoch 157] Batch 100/187 (53%)
  [Epoch 157] Batch 150/187 (80%)
[Epoch 157/700] train_loss=0.1884 val_loss=0.1892 lr=4.40e-04 (10s)
  [Epoch 158] Batch 50/187 (27%)
  [Epoch 158] Batch 100/187 (53%)
  [Epoch 158] Batch 150/187 (80%)
[Epoch 158/700] train_loss=0.1881 val_loss=0.1832 lr=4.40e-04 (8s)
  [Epoch 159] Batch 50/187 (27%)
  [Epoch 159] Batch 100/187 (53%)
  [Epoch 159] Batch 150/187 (80%)
[Epoch 159/700] train_loss=0.1865 val_loss=0.1851 lr=4.39e-04 (8s)
  [Epoch 160] Batch 50/187 (27%)
  [Epoch 160] Batch 100/187 (53%)
  [Epoch 160] Batch 150/187 (80%)
[Epoch 160/700] train_loss=0.1897 val_loss=0.1835 lr=4.38e-04 (8s)
  [Epoch 161] Batch 50/187 (27%)
  [Epoch 161] Batch 100/187 (53%)
  [Epoch 161] Batch 150/187 (80%)
[Epoch 161/700] train_loss=0.1880 val_loss=0.1845 lr=4.38e-04 (10s)
  [Epoch 162] Batch 50/187 (27%)
  [Epoch 162] Batch 100/187 (53%)
  [Epoch 162] Batch 150/187 (80%)
[Epoch 162/700] train_loss=0.1888 val_loss=0.1871 lr=4.37e-04 (9s)
  [Epoch 163] Batch 50/187 (27%)
  [Epoch 163] Batch 100/187 (53%)
  [Epoch 163] Batch 150/187 (80%)
[Epoch 163/700] train_loss=0.1890 val_loss=0.1931 lr=4.36e-04 (9s)
  [Epoch 164] Batch 50/187 (27%)
  [Epoch 164] Batch 100/187 (53%)
  [Epoch 164] Batch 150/187 (80%)
[Epoch 164/700] train_loss=0.1856 val_loss=0.1888 lr=4.35e-04 (9s)
  [Epoch 165] Batch 50/187 (27%)
  [Epoch 165] Batch 100/187 (53%)
  [Epoch 165] Batch 150/187 (80%)
[Epoch 165/700] train_loss=0.1898 val_loss=0.1902 lr=4.35e-04 (12s)
  [Epoch 166] Batch 50/187 (27%)
  [Epoch 166] Batch 100/187 (53%)
  [Epoch 166] Batch 150/187 (80%)
[Epoch 166/700] train_loss=0.1878 val_loss=0.1848 lr=4.34e-04 (12s)
  [Epoch 167] Batch 50/187 (27%)
  [Epoch 167] Batch 100/187 (53%)
  [Epoch 167] Batch 150/187 (80%)
[Epoch 167/700] train_loss=0.1863 val_loss=0.1901 lr=4.33e-04 (10s)
  [Epoch 168] Batch 50/187 (27%)
  [Epoch 168] Batch 100/187 (53%)
  [Epoch 168] Batch 150/187 (80%)
[Epoch 168/700] train_loss=0.1893 val_loss=0.1914 lr=4.32e-04 (10s)
  [Epoch 169] Batch 50/187 (27%)
  [Epoch 169] Batch 100/187 (53%)
  [Epoch 169] Batch 150/187 (80%)
[Epoch 169/700] train_loss=0.1901 val_loss=0.1848 lr=4.31e-04 (12s)
  [Epoch 170] Batch 50/187 (27%)
  [Epoch 170] Batch 100/187 (53%)
  [Epoch 170] Batch 150/187 (80%)
[Epoch 170/700] train_loss=0.1913 val_loss=0.1823 lr=4.31e-04 (8s)
  [Epoch 171] Batch 50/187 (27%)
  [Epoch 171] Batch 100/187 (53%)
  [Epoch 171] Batch 150/187 (80%)
[Epoch 171/700] train_loss=0.1879 val_loss=0.1871 lr=4.30e-04 (10s)
  [Epoch 172] Batch 50/187 (27%)
  [Epoch 172] Batch 100/187 (53%)
  [Epoch 172] Batch 150/187 (80%)
[Epoch 172/700] train_loss=0.1900 val_loss=0.1844 lr=4.29e-04 (9s)
  [Epoch 173] Batch 50/187 (27%)
  [Epoch 173] Batch 100/187 (53%)
  [Epoch 173] Batch 150/187 (80%)
[Epoch 173/700] train_loss=0.1896 val_loss=0.1856 lr=4.28e-04 (9s)
  [Epoch 174] Batch 50/187 (27%)
  [Epoch 174] Batch 100/187 (53%)
  [Epoch 174] Batch 150/187 (80%)
[Epoch 174/700] train_loss=0.1899 val_loss=0.1916 lr=4.28e-04 (8s)
  [Epoch 175] Batch 50/187 (27%)
  [Epoch 175] Batch 100/187 (53%)
  [Epoch 175] Batch 150/187 (80%)
[Epoch 175/700] train_loss=0.1889 val_loss=0.1913 lr=4.27e-04 (8s)
  [Epoch 176] Batch 50/187 (27%)
  [Epoch 176] Batch 100/187 (53%)
  [Epoch 176] Batch 150/187 (80%)
[Epoch 176/700] train_loss=0.1841 val_loss=0.1941 lr=4.26e-04 (9s)
  [Epoch 177] Batch 50/187 (27%)
  [Epoch 177] Batch 100/187 (53%)
  [Epoch 177] Batch 150/187 (80%)
[Epoch 177/700] train_loss=0.1889 val_loss=0.1863 lr=4.25e-04 (8s)
  [Epoch 178] Batch 50/187 (27%)
  [Epoch 178] Batch 100/187 (53%)
  [Epoch 178] Batch 150/187 (80%)
[Epoch 178/700] train_loss=0.1889 val_loss=0.1913 lr=4.24e-04 (8s)
  [Epoch 179] Batch 50/187 (27%)
  [Epoch 179] Batch 100/187 (53%)
  [Epoch 179] Batch 150/187 (80%)
[Epoch 179/700] train_loss=0.1876 val_loss=0.1873 lr=4.24e-04 (9s)
  [Epoch 180] Batch 50/187 (27%)
  [Epoch 180] Batch 100/187 (53%)
  [Epoch 180] Batch 150/187 (80%)
[Epoch 180/700] train_loss=0.1855 val_loss=0.1855 lr=4.23e-04 (8s)
  [Epoch 181] Batch 50/187 (27%)
  [Epoch 181] Batch 100/187 (53%)
  [Epoch 181] Batch 150/187 (80%)
[Epoch 181/700] train_loss=0.1929 val_loss=0.1864 lr=4.22e-04 (9s)
  [Epoch 182] Batch 50/187 (27%)
  [Epoch 182] Batch 100/187 (53%)
  [Epoch 182] Batch 150/187 (80%)
[Epoch 182/700] train_loss=0.1857 val_loss=0.1918 lr=4.21e-04 (8s)
  [Epoch 183] Batch 50/187 (27%)
  [Epoch 183] Batch 100/187 (53%)
  [Epoch 183] Batch 150/187 (80%)
[Epoch 183/700] train_loss=0.1900 val_loss=0.1907 lr=4.20e-04 (9s)
  [Epoch 184] Batch 50/187 (27%)
  [Epoch 184] Batch 100/187 (53%)
  [Epoch 184] Batch 150/187 (80%)
[Epoch 184/700] train_loss=0.1879 val_loss=0.1882 lr=4.19e-04 (9s)
  [Epoch 185] Batch 50/187 (27%)
  [Epoch 185] Batch 100/187 (53%)
  [Epoch 185] Batch 150/187 (80%)
[Epoch 185/700] train_loss=0.1874 val_loss=0.1851 lr=4.19e-04 (9s)
  [Epoch 186] Batch 50/187 (27%)
  [Epoch 186] Batch 100/187 (53%)
  [Epoch 186] Batch 150/187 (80%)
[Epoch 186/700] train_loss=0.1867 val_loss=0.1925 lr=4.18e-04 (11s)
  [Epoch 187] Batch 50/187 (27%)
  [Epoch 187] Batch 100/187 (53%)
  [Epoch 187] Batch 150/187 (80%)
[Epoch 187/700] train_loss=0.1883 val_loss=0.1866 lr=4.17e-04 (8s)
  [Epoch 188] Batch 50/187 (27%)
  [Epoch 188] Batch 100/187 (53%)
  [Epoch 188] Batch 150/187 (80%)
[Epoch 188/700] train_loss=0.1856 val_loss=0.1829 lr=4.16e-04 (10s)
  [Epoch 189] Batch 50/187 (27%)
  [Epoch 189] Batch 100/187 (53%)
  [Epoch 189] Batch 150/187 (80%)
[Epoch 189/700] train_loss=0.1891 val_loss=0.1855 lr=4.15e-04 (10s)
  [Epoch 190] Batch 50/187 (27%)
  [Epoch 190] Batch 100/187 (53%)
  [Epoch 190] Batch 150/187 (80%)
[Epoch 190/700] train_loss=0.1868 val_loss=0.1864 lr=4.14e-04 (9s)
  [Epoch 191] Batch 50/187 (27%)
  [Epoch 191] Batch 100/187 (53%)
  [Epoch 191] Batch 150/187 (80%)
[Epoch 191/700] train_loss=0.1901 val_loss=0.1825 lr=4.14e-04 (8s)
  [Epoch 192] Batch 50/187 (27%)
  [Epoch 192] Batch 100/187 (53%)
  [Epoch 192] Batch 150/187 (80%)
[Epoch 192/700] train_loss=0.1897 val_loss=0.1926 lr=4.13e-04 (9s)

[Training] Completed!

✓ Training completed!
  Final checkpoint: /public/home/xiongzhzh2023/PT4ConTSG/experiments/20260324_142725_synth-u_pt_factor_generator/checkpoints/finetune/finetune-epoch=131-val/loss=0.1763.ckpt
  Experiment: experiments/20260324_142725_synth-u_pt_factor_generator

Running automatic evaluation...
[Evaluating (generating)] Starting (0/32)...
[Evaluating (generating)] 1/32 (3%)
[Evaluating (generating)] 4/32 (12%)
[Evaluating (generating)] 7/32 (22%)
[Evaluating (generating)] 10/32 (31%)
[Evaluating (generating)] 13/32 (41%)
[Evaluating (generating)] 16/32 (50%)
[Evaluating (generating)] 20/32 (62%)
[Evaluating (generating)] 23/32 (72%)
[Evaluating (generating)] 26/32 (81%)
[Evaluating (generating)] 29/32 (91%)
[Evaluating (generating)] 32/32 (100%)
[Evaluating (generating)] Completed (32 items)
Evaluation results saved to: experiments/20260324_142725_synth-u_pt_factor_generator/results/eval_results.json
          Evaluation Results           
┏━━━━━━━━━━━━━━━━━━━━━━━━━┳━━━━━━━━━━━┓
┃ Metric                  ┃     Value ┃
┡━━━━━━━━━━━━━━━━━━━━━━━━━╇━━━━━━━━━━━┩
│ dtw                     │  5.005427 │
│ wape                    │ 85.749741 │
│ ed                      │  9.085082 │
│ crps                    │  0.442314 │
│ acd                     │  0.051162 │
│ sd                      │  0.057067 │
│ kd                      │  0.647442 │
│ mdd                     │  0.014647 │
│ fid                     │ 32.490495 │
│ jftsd                   │ 38.363504 │
│ cttp                    │ 17.609120 │
│ disc_auc                │  0.999532 │
│ prdc_f1.f1              │  0.210543 │
│ prdc_f1.precision       │  0.154750 │
│ prdc_f1.recall          │  0.329250 │
│ joint_prdc_f1.f1        │  0.593886 │
│ joint_prdc_f1.precision │  0.512500 │
│ joint_prdc_f1.recall    │  0.706000 │
└─────────────────────────┴───────────┘
