Loading config from: configs/generators/ptfg_istanbul_traffic.yaml
Model schema mode: relaxed (no model-specific schema for 'pt_factor_generator')
         Configuration Summary         
┌───────────────┬─────────────────────┐
│ Dataset       │ istanbul_traffic    │
│ Model         │ pt_factor_generator │
│ Epochs        │ 700                 │
│ Batch Size    │ 128                 │
│ Learning Rate │ 0.001               │
│ Device        │ cuda:0              │
│ Seed          │ 42                  │
└───────────────┴─────────────────────┘

Experiment directory: experiments/20260403_004259_istanbul_traffic_pt_factor_generator

Model: pt_factor_generator
Creating data module: istanbul_traffic

Starting multi-stage training (1 stage(s))...
  Stage 1: finetune (700 epochs, lr=0.001)
┏━━━┳━━━━━━━━━━━━━━┳━━━━━━━━━━━━━━━━━━━━━━━━┳━━━━━━━━┳━━━━━━━┳━━━━━━━┓
┃   ┃ Name         ┃ Type                   ┃ Params ┃ Mode  ┃ FLOPs ┃
┡━━━╇━━━━━━━━━━━━━━╇━━━━━━━━━━━━━━━━━━━━━━━━╇━━━━━━━━╇━━━━━━━╇━━━━━━━┩
│ 0 │ net          │ PTFactorNoisePredictor │  5.3 M │ train │     0 │
│   │ other params │ n/a                    │  1.0 K │ n/a   │   n/a │
└───┴──────────────┴────────────────────────┴────────┴───────┴───────┘
Trainable params: 5.3 M                                                                                                                                                                                   
Non-trainable params: 0                                                                                                                                                                                   
Total params: 5.3 M                                                                                                                                                                                       
Total estimated model params size (MB): 21                                                                                                                                                                
Modules in train mode: 195                                                                                                                                                                                
Modules in eval mode: 0                                                                                                                                                                                   
Total FLOPs: 0                                                                                                                                                                                            

[Training] Starting 700 epochs...
  [Epoch 1] Batch 50/63 (79%)
[Epoch 1/700] train_loss=1.7798 val_loss=1.3637 lr=1.00e-03 (8s)
  [Epoch 2] Batch 50/63 (79%)
[Epoch 2/700] train_loss=1.0681 val_loss=1.0221 lr=1.00e-03 (5s)
  [Epoch 3] Batch 50/63 (79%)
[Epoch 3/700] train_loss=0.9370 val_loss=0.9643 lr=1.00e-03 (7s)
  [Epoch 4] Batch 50/63 (79%)
[Epoch 4/700] train_loss=0.9288 val_loss=1.1535 lr=1.00e-03 (7s)
  [Epoch 5] Batch 50/63 (79%)
[Epoch 5/700] train_loss=0.9260 val_loss=0.9333 lr=1.00e-03 (7s)
  [Epoch 6] Batch 50/63 (79%)
[Epoch 6/700] train_loss=0.8837 val_loss=0.8999 lr=1.00e-03 (7s)
  [Epoch 7] Batch 50/63 (79%)
[Epoch 7/700] train_loss=0.8436 val_loss=0.8580 lr=1.00e-03 (7s)
  [Epoch 8] Batch 50/63 (79%)
[Epoch 8/700] train_loss=0.8350 val_loss=0.8394 lr=1.00e-03 (7s)
  [Epoch 9] Batch 50/63 (79%)
[Epoch 9/700] train_loss=0.8167 val_loss=0.8497 lr=1.00e-03 (6s)
  [Epoch 10] Batch 50/63 (79%)
[Epoch 10/700] train_loss=0.7992 val_loss=0.8173 lr=9.99e-04 (4s)
  [Epoch 11] Batch 50/63 (79%)
[Epoch 11/700] train_loss=0.7887 val_loss=0.8293 lr=9.99e-04 (5s)
  [Epoch 12] Batch 50/63 (79%)
[Epoch 12/700] train_loss=0.7794 val_loss=0.7899 lr=9.99e-04 (5s)
  [Epoch 13] Batch 50/63 (79%)
[Epoch 13/700] train_loss=0.7704 val_loss=0.8379 lr=9.99e-04 (5s)
  [Epoch 14] Batch 50/63 (79%)
[Epoch 14/700] train_loss=0.7686 val_loss=0.7804 lr=9.99e-04 (5s)
  [Epoch 15] Batch 50/63 (79%)
[Epoch 15/700] train_loss=0.7725 val_loss=0.7744 lr=9.99e-04 (5s)
  [Epoch 16] Batch 50/63 (79%)
[Epoch 16/700] train_loss=0.7629 val_loss=0.8078 lr=9.99e-04 (5s)
  [Epoch 17] Batch 50/63 (79%)
[Epoch 17/700] train_loss=0.7483 val_loss=0.7757 lr=9.99e-04 (7s)
  [Epoch 18] Batch 50/63 (79%)
[Epoch 18/700] train_loss=0.7420 val_loss=0.7676 lr=9.98e-04 (5s)
  [Epoch 19] Batch 50/63 (79%)
[Epoch 19/700] train_loss=0.7537 val_loss=0.7955 lr=9.98e-04 (5s)
  [Epoch 20] Batch 50/63 (79%)
[Epoch 20/700] train_loss=0.7694 val_loss=0.7864 lr=9.98e-04 (5s)
  [Epoch 21] Batch 50/63 (79%)
[Epoch 21/700] train_loss=0.7495 val_loss=0.7786 lr=9.98e-04 (5s)
  [Epoch 22] Batch 50/63 (79%)
[Epoch 22/700] train_loss=0.7344 val_loss=0.7447 lr=9.98e-04 (5s)
  [Epoch 23] Batch 50/63 (79%)
[Epoch 23/700] train_loss=0.7288 val_loss=0.7585 lr=9.97e-04 (5s)
  [Epoch 24] Batch 50/63 (79%)
[Epoch 24/700] train_loss=0.7487 val_loss=0.7640 lr=9.97e-04 (5s)
  [Epoch 25] Batch 50/63 (79%)
[Epoch 25/700] train_loss=0.7341 val_loss=0.7426 lr=9.97e-04 (5s)
  [Epoch 26] Batch 50/63 (79%)
[Epoch 26/700] train_loss=0.7301 val_loss=0.7329 lr=9.97e-04 (5s)
  [Epoch 27] Batch 50/63 (79%)
[Epoch 27/700] train_loss=0.7389 val_loss=0.7717 lr=9.96e-04 (5s)
  [Epoch 28] Batch 50/63 (79%)
[Epoch 28/700] train_loss=0.7226 val_loss=0.7708 lr=9.96e-04 (5s)
  [Epoch 29] Batch 50/63 (79%)
[Epoch 29/700] train_loss=0.7206 val_loss=0.7719 lr=9.96e-04 (5s)
  [Epoch 30] Batch 50/63 (79%)
[Epoch 30/700] train_loss=0.7276 val_loss=0.7487 lr=9.95e-04 (5s)
  [Epoch 31] Batch 50/63 (79%)
[Epoch 31/700] train_loss=0.7336 val_loss=0.7606 lr=9.95e-04 (5s)
  [Epoch 32] Batch 50/63 (79%)
[Epoch 32/700] train_loss=0.7174 val_loss=0.7627 lr=9.95e-04 (5s)
  [Epoch 33] Batch 50/63 (79%)
[Epoch 33/700] train_loss=0.7290 val_loss=0.7588 lr=9.95e-04 (5s)
  [Epoch 34] Batch 50/63 (79%)
[Epoch 34/700] train_loss=0.7039 val_loss=0.7727 lr=9.94e-04 (5s)
  [Epoch 35] Batch 50/63 (79%)
[Epoch 35/700] train_loss=0.6998 val_loss=0.7065 lr=9.94e-04 (5s)
  [Epoch 36] Batch 50/63 (79%)
[Epoch 36/700] train_loss=0.6726 val_loss=0.7103 lr=9.93e-04 (5s)
  [Epoch 37] Batch 50/63 (79%)
[Epoch 37/700] train_loss=0.6786 val_loss=0.6974 lr=9.93e-04 (5s)
  [Epoch 38] Batch 50/63 (79%)
[Epoch 38/700] train_loss=0.6617 val_loss=0.7208 lr=9.93e-04 (5s)
  [Epoch 39] Batch 50/63 (79%)
[Epoch 39/700] train_loss=0.6686 val_loss=0.6944 lr=9.92e-04 (5s)
  [Epoch 40] Batch 50/63 (79%)
[Epoch 40/700] train_loss=0.6616 val_loss=0.6516 lr=9.92e-04 (5s)
  [Epoch 41] Batch 50/63 (79%)
[Epoch 41/700] train_loss=0.6491 val_loss=0.6896 lr=9.92e-04 (6s)
  [Epoch 42] Batch 50/63 (79%)
[Epoch 42/700] train_loss=0.6486 val_loss=0.7103 lr=9.91e-04 (5s)
  [Epoch 43] Batch 50/63 (79%)
[Epoch 43/700] train_loss=0.6502 val_loss=0.7002 lr=9.91e-04 (5s)
  [Epoch 44] Batch 50/63 (79%)
[Epoch 44/700] train_loss=0.6499 val_loss=0.6734 lr=9.90e-04 (5s)
  [Epoch 45] Batch 50/63 (79%)
[Epoch 45/700] train_loss=0.6488 val_loss=0.7064 lr=9.90e-04 (6s)
  [Epoch 46] Batch 50/63 (79%)
[Epoch 46/700] train_loss=0.6522 val_loss=0.6796 lr=9.89e-04 (5s)
  [Epoch 47] Batch 50/63 (79%)
[Epoch 47/700] train_loss=0.6503 val_loss=0.6523 lr=9.89e-04 (5s)
  [Epoch 48] Batch 50/63 (79%)
[Epoch 48/700] train_loss=0.6420 val_loss=0.6513 lr=9.88e-04 (5s)
  [Epoch 49] Batch 50/63 (79%)
[Epoch 49/700] train_loss=0.6411 val_loss=0.6842 lr=9.88e-04 (5s)
  [Epoch 50] Batch 50/63 (79%)
[Epoch 50/700] train_loss=0.6433 val_loss=0.6754 lr=9.87e-04 (5s)
  [Epoch 51] Batch 50/63 (79%)
[Epoch 51/700] train_loss=0.6426 val_loss=0.6654 lr=9.87e-04 (5s)
  [Epoch 52] Batch 50/63 (79%)
[Epoch 52/700] train_loss=0.6395 val_loss=0.6550 lr=9.86e-04 (5s)
  [Epoch 53] Batch 50/63 (79%)
[Epoch 53/700] train_loss=0.6308 val_loss=0.6699 lr=9.86e-04 (5s)
  [Epoch 54] Batch 50/63 (79%)
[Epoch 54/700] train_loss=0.6301 val_loss=0.6920 lr=9.85e-04 (5s)
  [Epoch 55] Batch 50/63 (79%)
[Epoch 55/700] train_loss=0.6293 val_loss=0.6713 lr=9.85e-04 (5s)
  [Epoch 56] Batch 50/63 (79%)
[Epoch 56/700] train_loss=0.6325 val_loss=0.6612 lr=9.84e-04 (5s)
  [Epoch 57] Batch 50/63 (79%)
[Epoch 57/700] train_loss=0.6346 val_loss=0.6571 lr=9.84e-04 (5s)
  [Epoch 58] Batch 50/63 (79%)
[Epoch 58/700] train_loss=0.6255 val_loss=0.6887 lr=9.83e-04 (5s)
  [Epoch 59] Batch 50/63 (79%)
[Epoch 59/700] train_loss=0.6275 val_loss=0.6630 lr=9.83e-04 (5s)
  [Epoch 60] Batch 50/63 (79%)
[Epoch 60/700] train_loss=0.6223 val_loss=0.6376 lr=9.82e-04 (5s)
  [Epoch 61] Batch 50/63 (79%)
[Epoch 61/700] train_loss=0.6267 val_loss=0.6518 lr=9.81e-04 (5s)
  [Epoch 62] Batch 50/63 (79%)
[Epoch 62/700] train_loss=0.6217 val_loss=0.6671 lr=9.81e-04 (5s)
  [Epoch 63] Batch 50/63 (79%)
[Epoch 63/700] train_loss=0.6209 val_loss=0.6549 lr=9.80e-04 (5s)
  [Epoch 64] Batch 50/63 (79%)
[Epoch 64/700] train_loss=0.6189 val_loss=0.6468 lr=9.80e-04 (5s)
  [Epoch 65] Batch 50/63 (79%)
[Epoch 65/700] train_loss=0.6264 val_loss=0.6681 lr=9.79e-04 (5s)
  [Epoch 66] Batch 50/63 (79%)
[Epoch 66/700] train_loss=0.6142 val_loss=0.6633 lr=9.78e-04 (5s)
  [Epoch 67] Batch 50/63 (79%)
[Epoch 67/700] train_loss=0.6180 val_loss=0.6747 lr=9.78e-04 (4s)
  [Epoch 68] Batch 50/63 (79%)
[Epoch 68/700] train_loss=0.6234 val_loss=0.6514 lr=9.77e-04 (5s)
  [Epoch 69] Batch 50/63 (79%)
[Epoch 69/700] train_loss=0.6217 val_loss=0.6830 lr=9.76e-04 (5s)
  [Epoch 70] Batch 50/63 (79%)
[Epoch 70/700] train_loss=0.6173 val_loss=0.6478 lr=9.76e-04 (5s)
  [Epoch 71] Batch 50/63 (79%)
[Epoch 71/700] train_loss=0.6163 val_loss=0.6451 lr=9.75e-04 (5s)
  [Epoch 72] Batch 50/63 (79%)
[Epoch 72/700] train_loss=0.6082 val_loss=0.6618 lr=9.74e-04 (5s)
  [Epoch 73] Batch 50/63 (79%)
[Epoch 73/700] train_loss=0.6056 val_loss=0.6514 lr=9.73e-04 (5s)
  [Epoch 74] Batch 50/63 (79%)
[Epoch 74/700] train_loss=0.6061 val_loss=0.6667 lr=9.73e-04 (5s)
  [Epoch 75] Batch 50/63 (79%)
[Epoch 75/700] train_loss=0.6156 val_loss=0.6479 lr=9.72e-04 (5s)
  [Epoch 76] Batch 50/63 (79%)
[Epoch 76/700] train_loss=0.6090 val_loss=0.6270 lr=9.71e-04 (5s)
  [Epoch 77] Batch 50/63 (79%)
[Epoch 77/700] train_loss=0.6040 val_loss=0.6558 lr=9.70e-04 (5s)
  [Epoch 78] Batch 50/63 (79%)
[Epoch 78/700] train_loss=0.6109 val_loss=0.6148 lr=9.70e-04 (5s)
  [Epoch 79] Batch 50/63 (79%)
[Epoch 79/700] train_loss=0.6082 val_loss=0.6484 lr=9.69e-04 (5s)
  [Epoch 80] Batch 50/63 (79%)
[Epoch 80/700] train_loss=0.6162 val_loss=0.6453 lr=9.68e-04 (5s)
  [Epoch 81] Batch 50/63 (79%)
[Epoch 81/700] train_loss=0.6061 val_loss=0.6569 lr=9.67e-04 (5s)
  [Epoch 82] Batch 50/63 (79%)
[Epoch 82/700] train_loss=0.5960 val_loss=0.6382 lr=9.67e-04 (5s)
  [Epoch 83] Batch 50/63 (79%)
[Epoch 83/700] train_loss=0.6065 val_loss=0.6448 lr=9.66e-04 (5s)
  [Epoch 84] Batch 50/63 (79%)
[Epoch 84/700] train_loss=0.6007 val_loss=0.6304 lr=9.65e-04 (5s)
  [Epoch 85] Batch 50/63 (79%)
[Epoch 85/700] train_loss=0.5947 val_loss=0.6499 lr=9.64e-04 (5s)
  [Epoch 86] Batch 50/63 (79%)
[Epoch 86/700] train_loss=0.6073 val_loss=0.6046 lr=9.63e-04 (5s)
  [Epoch 87] Batch 50/63 (79%)
[Epoch 87/700] train_loss=0.6029 val_loss=0.6686 lr=9.62e-04 (5s)
  [Epoch 88] Batch 50/63 (79%)
[Epoch 88/700] train_loss=0.5997 val_loss=0.6381 lr=9.62e-04 (5s)
  [Epoch 89] Batch 50/63 (79%)
[Epoch 89/700] train_loss=0.6073 val_loss=0.6323 lr=9.61e-04 (5s)
  [Epoch 90] Batch 50/63 (79%)
[Epoch 90/700] train_loss=0.6040 val_loss=0.6289 lr=9.60e-04 (5s)
  [Epoch 91] Batch 50/63 (79%)
[Epoch 91/700] train_loss=0.6088 val_loss=0.6327 lr=9.59e-04 (5s)
  [Epoch 92] Batch 50/63 (79%)
[Epoch 92/700] train_loss=0.5971 val_loss=0.6364 lr=9.58e-04 (5s)
  [Epoch 93] Batch 50/63 (79%)
[Epoch 93/700] train_loss=0.5921 val_loss=0.6492 lr=9.57e-04 (5s)
  [Epoch 94] Batch 50/63 (79%)
[Epoch 94/700] train_loss=0.5907 val_loss=0.6476 lr=9.56e-04 (5s)
  [Epoch 95] Batch 50/63 (79%)
[Epoch 95/700] train_loss=0.5861 val_loss=0.6523 lr=9.55e-04 (5s)
  [Epoch 96] Batch 50/63 (79%)
[Epoch 96/700] train_loss=0.6032 val_loss=0.6205 lr=9.54e-04 (5s)
  [Epoch 97] Batch 50/63 (79%)
[Epoch 97/700] train_loss=0.5923 val_loss=0.6212 lr=9.53e-04 (5s)
  [Epoch 98] Batch 50/63 (79%)
[Epoch 98/700] train_loss=0.5935 val_loss=0.6258 lr=9.52e-04 (5s)
  [Epoch 99] Batch 50/63 (79%)
[Epoch 99/700] train_loss=0.5957 val_loss=0.6506 lr=9.51e-04 (5s)
  [Epoch 100] Batch 50/63 (79%)
[Epoch 100/700] train_loss=0.5989 val_loss=0.6313 lr=9.50e-04 (5s)
  [Epoch 101] Batch 50/63 (79%)
[Epoch 101/700] train_loss=0.5963 val_loss=0.6083 lr=9.50e-04 (5s)
  [Epoch 102] Batch 50/63 (79%)
[Epoch 102/700] train_loss=0.5829 val_loss=0.6158 lr=9.49e-04 (5s)
  [Epoch 103] Batch 50/63 (79%)
[Epoch 103/700] train_loss=0.5912 val_loss=0.6313 lr=9.48e-04 (5s)
  [Epoch 104] Batch 50/63 (79%)
[Epoch 104/700] train_loss=0.6034 val_loss=0.6143 lr=9.47e-04 (5s)
  [Epoch 105] Batch 50/63 (79%)
[Epoch 105/700] train_loss=0.5972 val_loss=0.6234 lr=9.46e-04 (5s)
  [Epoch 106] Batch 50/63 (79%)
[Epoch 106/700] train_loss=0.5823 val_loss=0.6375 lr=9.44e-04 (5s)
  [Epoch 107] Batch 50/63 (79%)
[Epoch 107/700] train_loss=0.6008 val_loss=0.6394 lr=9.43e-04 (5s)
  [Epoch 108] Batch 50/63 (79%)
[Epoch 108/700] train_loss=0.5962 val_loss=0.6202 lr=9.42e-04 (5s)
  [Epoch 109] Batch 50/63 (79%)
[Epoch 109/700] train_loss=0.5881 val_loss=0.6288 lr=9.41e-04 (5s)
  [Epoch 110] Batch 50/63 (79%)
[Epoch 110/700] train_loss=0.5917 val_loss=0.6278 lr=9.40e-04 (5s)
  [Epoch 111] Batch 50/63 (79%)
[Epoch 111/700] train_loss=0.5882 val_loss=0.6444 lr=9.39e-04 (5s)
  [Epoch 112] Batch 50/63 (79%)
[Epoch 112/700] train_loss=0.5963 val_loss=0.6024 lr=9.38e-04 (5s)
  [Epoch 113] Batch 50/63 (79%)
[Epoch 113/700] train_loss=0.5892 val_loss=0.6368 lr=9.37e-04 (5s)
  [Epoch 114] Batch 50/63 (79%)
[Epoch 114/700] train_loss=0.5933 val_loss=0.6183 lr=9.36e-04 (5s)
  [Epoch 115] Batch 50/63 (79%)
[Epoch 115/700] train_loss=0.5867 val_loss=0.6188 lr=9.35e-04 (5s)
  [Epoch 116] Batch 50/63 (79%)
[Epoch 116/700] train_loss=0.5828 val_loss=0.6514 lr=9.34e-04 (5s)
  [Epoch 117] Batch 50/63 (79%)
[Epoch 117/700] train_loss=0.5901 val_loss=0.6252 lr=9.33e-04 (5s)
  [Epoch 118] Batch 50/63 (79%)
[Epoch 118/700] train_loss=0.5839 val_loss=0.6184 lr=9.32e-04 (5s)
  [Epoch 119] Batch 50/63 (79%)
[Epoch 119/700] train_loss=0.5958 val_loss=0.6258 lr=9.30e-04 (5s)
  [Epoch 120] Batch 50/63 (79%)
[Epoch 120/700] train_loss=0.5785 val_loss=0.6239 lr=9.29e-04 (5s)
  [Epoch 121] Batch 50/63 (79%)
[Epoch 121/700] train_loss=0.5861 val_loss=0.6275 lr=9.28e-04 (5s)
  [Epoch 122] Batch 50/63 (79%)
[Epoch 122/700] train_loss=0.5852 val_loss=0.6280 lr=9.27e-04 (5s)
  [Epoch 123] Batch 50/63 (79%)
[Epoch 123/700] train_loss=0.5963 val_loss=0.6469 lr=9.26e-04 (5s)
  [Epoch 124] Batch 50/63 (79%)
[Epoch 124/700] train_loss=0.5816 val_loss=0.6304 lr=9.25e-04 (5s)
  [Epoch 125] Batch 50/63 (79%)
[Epoch 125/700] train_loss=0.5846 val_loss=0.6337 lr=9.23e-04 (5s)
  [Epoch 126] Batch 50/63 (79%)
[Epoch 126/700] train_loss=0.5903 val_loss=0.6201 lr=9.22e-04 (5s)
  [Epoch 127] Batch 50/63 (79%)
[Epoch 127/700] train_loss=0.5735 val_loss=0.6377 lr=9.21e-04 (5s)
  [Epoch 128] Batch 50/63 (79%)
[Epoch 128/700] train_loss=0.5858 val_loss=0.6273 lr=9.20e-04 (5s)
  [Epoch 129] Batch 50/63 (79%)
[Epoch 129/700] train_loss=0.5793 val_loss=0.6284 lr=9.19e-04 (5s)
  [Epoch 130] Batch 50/63 (79%)
[Epoch 130/700] train_loss=0.5803 val_loss=0.6222 lr=9.17e-04 (5s)
  [Epoch 131] Batch 50/63 (79%)
[Epoch 131/700] train_loss=0.5822 val_loss=0.6110 lr=9.16e-04 (5s)
  [Epoch 132] Batch 50/63 (79%)
[Epoch 132/700] train_loss=0.5709 val_loss=0.6340 lr=9.15e-04 (5s)
  [Epoch 133] Batch 50/63 (79%)
[Epoch 133/700] train_loss=0.5867 val_loss=0.6232 lr=9.14e-04 (5s)
  [Epoch 134] Batch 50/63 (79%)
[Epoch 134/700] train_loss=0.5832 val_loss=0.6134 lr=9.12e-04 (4s)
  [Epoch 135] Batch 50/63 (79%)
[Epoch 135/700] train_loss=0.5745 val_loss=0.6093 lr=9.11e-04 (5s)
  [Epoch 136] Batch 50/63 (79%)
[Epoch 136/700] train_loss=0.5842 val_loss=0.6169 lr=9.10e-04 (6s)
  [Epoch 137] Batch 50/63 (79%)
[Epoch 137/700] train_loss=0.5780 val_loss=0.6275 lr=9.08e-04 (5s)
  [Epoch 138] Batch 50/63 (79%)
[Epoch 138/700] train_loss=0.5850 val_loss=0.6308 lr=9.07e-04 (5s)
  [Epoch 139] Batch 50/63 (79%)
[Epoch 139/700] train_loss=0.5708 val_loss=0.6074 lr=9.06e-04 (5s)
  [Epoch 140] Batch 50/63 (79%)
[Epoch 140/700] train_loss=0.5740 val_loss=0.6099 lr=9.05e-04 (5s)
  [Epoch 141] Batch 50/63 (79%)
[Epoch 141/700] train_loss=0.5684 val_loss=0.6273 lr=9.03e-04 (5s)
  [Epoch 142] Batch 50/63 (79%)
[Epoch 142/700] train_loss=0.5713 val_loss=0.6028 lr=9.02e-04 (5s)
  [Epoch 143] Batch 50/63 (79%)
[Epoch 143/700] train_loss=0.5795 val_loss=0.6326 lr=9.01e-04 (5s)
  [Epoch 144] Batch 50/63 (79%)
[Epoch 144/700] train_loss=0.5681 val_loss=0.6381 lr=8.99e-04 (5s)
  [Epoch 145] Batch 50/63 (79%)
[Epoch 145/700] train_loss=0.5735 val_loss=0.6163 lr=8.98e-04 (5s)
  [Epoch 146] Batch 50/63 (79%)
[Epoch 146/700] train_loss=0.5804 val_loss=0.6336 lr=8.96e-04 (5s)
  [Epoch 147] Batch 50/63 (79%)
[Epoch 147/700] train_loss=0.5715 val_loss=0.6107 lr=8.95e-04 (5s)
  [Epoch 148] Batch 50/63 (79%)
[Epoch 148/700] train_loss=0.5689 val_loss=0.6044 lr=8.94e-04 (5s)
  [Epoch 149] Batch 50/63 (79%)
[Epoch 149/700] train_loss=0.5684 val_loss=0.6376 lr=8.92e-04 (5s)
  [Epoch 150] Batch 50/63 (79%)
[Epoch 150/700] train_loss=0.5712 val_loss=0.5962 lr=8.91e-04 (5s)
  [Epoch 151] Batch 50/63 (79%)
[Epoch 151/700] train_loss=0.5763 val_loss=0.6500 lr=8.90e-04 (5s)
  [Epoch 152] Batch 50/63 (79%)
[Epoch 152/700] train_loss=0.5677 val_loss=0.6321 lr=8.88e-04 (6s)
  [Epoch 153] Batch 50/63 (79%)
[Epoch 153/700] train_loss=0.5695 val_loss=0.6026 lr=8.87e-04 (8s)
  [Epoch 154] Batch 50/63 (79%)
[Epoch 154/700] train_loss=0.5650 val_loss=0.6011 lr=8.85e-04 (7s)
  [Epoch 155] Batch 50/63 (79%)
[Epoch 155/700] train_loss=0.5789 val_loss=0.6218 lr=8.84e-04 (7s)
  [Epoch 156] Batch 50/63 (79%)
[Epoch 156/700] train_loss=0.5681 val_loss=0.6340 lr=8.82e-04 (8s)
  [Epoch 157] Batch 50/63 (79%)
[Epoch 157/700] train_loss=0.5609 val_loss=0.6397 lr=8.81e-04 (6s)
  [Epoch 158] Batch 50/63 (79%)
[Epoch 158/700] train_loss=0.5655 val_loss=0.6220 lr=8.79e-04 (5s)
  [Epoch 159] Batch 50/63 (79%)
[Epoch 159/700] train_loss=0.5689 val_loss=0.6074 lr=8.78e-04 (5s)
  [Epoch 160] Batch 50/63 (79%)
[Epoch 160/700] train_loss=0.5628 val_loss=0.6216 lr=8.77e-04 (5s)
  [Epoch 161] Batch 50/63 (79%)
[Epoch 161/700] train_loss=0.5678 val_loss=0.6063 lr=8.75e-04 (5s)
  [Epoch 162] Batch 50/63 (79%)
[Epoch 162/700] train_loss=0.5718 val_loss=0.6098 lr=8.74e-04 (6s)
  [Epoch 163] Batch 50/63 (79%)
[Epoch 163/700] train_loss=0.5680 val_loss=0.6101 lr=8.72e-04 (5s)
  [Epoch 164] Batch 50/63 (79%)
[Epoch 164/700] train_loss=0.5728 val_loss=0.6298 lr=8.71e-04 (5s)
  [Epoch 165] Batch 50/63 (79%)
[Epoch 165/700] train_loss=0.5716 val_loss=0.5999 lr=8.69e-04 (5s)
  [Epoch 166] Batch 50/63 (79%)
[Epoch 166/700] train_loss=0.5620 val_loss=0.6300 lr=8.68e-04 (5s)
  [Epoch 167] Batch 50/63 (79%)
[Epoch 167/700] train_loss=0.5652 val_loss=0.5984 lr=8.66e-04 (5s)
  [Epoch 168] Batch 50/63 (79%)
[Epoch 168/700] train_loss=0.5600 val_loss=0.6207 lr=8.64e-04 (5s)
  [Epoch 169] Batch 50/63 (79%)
[Epoch 169/700] train_loss=0.5583 val_loss=0.6069 lr=8.63e-04 (5s)
  [Epoch 170] Batch 50/63 (79%)
[Epoch 170/700] train_loss=0.5570 val_loss=0.6326 lr=8.61e-04 (5s)
  [Epoch 171] Batch 50/63 (79%)
[Epoch 171/700] train_loss=0.5634 val_loss=0.6124 lr=8.60e-04 (5s)
  [Epoch 172] Batch 50/63 (79%)
[Epoch 172/700] train_loss=0.5600 val_loss=0.6187 lr=8.58e-04 (5s)
  [Epoch 173] Batch 50/63 (79%)
[Epoch 173/700] train_loss=0.5657 val_loss=0.6251 lr=8.57e-04 (5s)
  [Epoch 174] Batch 50/63 (79%)
[Epoch 174/700] train_loss=0.5598 val_loss=0.6204 lr=8.55e-04 (5s)
  [Epoch 175] Batch 50/63 (79%)
[Epoch 175/700] train_loss=0.5590 val_loss=0.5966 lr=8.54e-04 (5s)
  [Epoch 176] Batch 50/63 (79%)
[Epoch 176/700] train_loss=0.5699 val_loss=0.6066 lr=8.52e-04 (5s)
  [Epoch 177] Batch 50/63 (79%)
[Epoch 177/700] train_loss=0.5570 val_loss=0.5899 lr=8.50e-04 (5s)
  [Epoch 178] Batch 50/63 (79%)
[Epoch 178/700] train_loss=0.5651 val_loss=0.5970 lr=8.49e-04 (5s)
  [Epoch 179] Batch 50/63 (79%)
[Epoch 179/700] train_loss=0.5550 val_loss=0.5899 lr=8.47e-04 (4s)
  [Epoch 180] Batch 50/63 (79%)
[Epoch 180/700] train_loss=0.5620 val_loss=0.6033 lr=8.46e-04 (6s)
  [Epoch 181] Batch 50/63 (79%)
[Epoch 181/700] train_loss=0.5578 val_loss=0.6225 lr=8.44e-04 (5s)
  [Epoch 182] Batch 50/63 (79%)
[Epoch 182/700] train_loss=0.5610 val_loss=0.5965 lr=8.42e-04 (5s)
  [Epoch 183] Batch 50/63 (79%)
[Epoch 183/700] train_loss=0.5621 val_loss=0.6103 lr=8.41e-04 (5s)
  [Epoch 184] Batch 50/63 (79%)
[Epoch 184/700] train_loss=0.5585 val_loss=0.6144 lr=8.39e-04 (5s)
  [Epoch 185] Batch 50/63 (79%)
[Epoch 185/700] train_loss=0.5535 val_loss=0.6045 lr=8.37e-04 (5s)
  [Epoch 186] Batch 50/63 (79%)
[Epoch 186/700] train_loss=0.5550 val_loss=0.6298 lr=8.36e-04 (5s)
  [Epoch 187] Batch 50/63 (79%)
[Epoch 187/700] train_loss=0.5677 val_loss=0.6228 lr=8.34e-04 (5s)
  [Epoch 188] Batch 50/63 (79%)
[Epoch 188/700] train_loss=0.5501 val_loss=0.6017 lr=8.32e-04 (5s)
  [Epoch 189] Batch 50/63 (79%)
[Epoch 189/700] train_loss=0.5539 val_loss=0.5953 lr=8.31e-04 (5s)
  [Epoch 190] Batch 50/63 (79%)
[Epoch 190/700] train_loss=0.5522 val_loss=0.6134 lr=8.29e-04 (5s)
  [Epoch 191] Batch 50/63 (79%)
[Epoch 191/700] train_loss=0.5566 val_loss=0.6300 lr=8.27e-04 (5s)
  [Epoch 192] Batch 50/63 (79%)
[Epoch 192/700] train_loss=0.5643 val_loss=0.5948 lr=8.26e-04 (5s)
  [Epoch 193] Batch 50/63 (79%)
[Epoch 193/700] train_loss=0.5493 val_loss=0.6115 lr=8.24e-04 (5s)
  [Epoch 194] Batch 50/63 (79%)
[Epoch 194/700] train_loss=0.5560 val_loss=0.6117 lr=8.22e-04 (5s)
  [Epoch 195] Batch 50/63 (79%)
[Epoch 195/700] train_loss=0.5545 val_loss=0.6106 lr=8.20e-04 (5s)
  [Epoch 196] Batch 50/63 (79%)
[Epoch 196/700] train_loss=0.5571 val_loss=0.6124 lr=8.19e-04 (5s)
  [Epoch 197] Batch 50/63 (79%)
[Epoch 197/700] train_loss=0.5421 val_loss=0.5967 lr=8.17e-04 (5s)
  [Epoch 198] Batch 50/63 (79%)
[Epoch 198/700] train_loss=0.5606 val_loss=0.6193 lr=8.15e-04 (5s)
  [Epoch 199] Batch 50/63 (79%)
[Epoch 199/700] train_loss=0.5499 val_loss=0.6002 lr=8.13e-04 (5s)
  [Epoch 200] Batch 50/63 (79%)
[Epoch 200/700] train_loss=0.5492 val_loss=0.5948 lr=8.12e-04 (5s)
  [Epoch 201] Batch 50/63 (79%)
[Epoch 201/700] train_loss=0.5520 val_loss=0.5840 lr=8.10e-04 (5s)
  [Epoch 202] Batch 50/63 (79%)
[Epoch 202/700] train_loss=0.5472 val_loss=0.5808 lr=8.08e-04 (5s)
  [Epoch 203] Batch 50/63 (79%)
[Epoch 203/700] train_loss=0.5553 val_loss=0.5880 lr=8.06e-04 (5s)
  [Epoch 204] Batch 50/63 (79%)
[Epoch 204/700] train_loss=0.5423 val_loss=0.5961 lr=8.05e-04 (5s)
  [Epoch 205] Batch 50/63 (79%)
[Epoch 205/700] train_loss=0.5548 val_loss=0.6027 lr=8.03e-04 (5s)
  [Epoch 206] Batch 50/63 (79%)
[Epoch 206/700] train_loss=0.5529 val_loss=0.6136 lr=8.01e-04 (6s)
  [Epoch 207] Batch 50/63 (79%)
[Epoch 207/700] train_loss=0.5505 val_loss=0.5831 lr=7.99e-04 (7s)
  [Epoch 208] Batch 50/63 (79%)
[Epoch 208/700] train_loss=0.5531 val_loss=0.6394 lr=7.98e-04 (7s)
  [Epoch 209] Batch 50/63 (79%)
[Epoch 209/700] train_loss=0.5457 val_loss=0.6006 lr=7.96e-04 (7s)
  [Epoch 210] Batch 50/63 (79%)
[Epoch 210/700] train_loss=0.5478 val_loss=0.5805 lr=7.94e-04 (5s)
  [Epoch 211] Batch 50/63 (79%)
[Epoch 211/700] train_loss=0.5499 val_loss=0.5980 lr=7.92e-04 (6s)
  [Epoch 212] Batch 50/63 (79%)
[Epoch 212/700] train_loss=0.5513 val_loss=0.5833 lr=7.90e-04 (6s)
  [Epoch 213] Batch 50/63 (79%)
[Epoch 213/700] train_loss=0.5547 val_loss=0.5934 lr=7.88e-04 (7s)
  [Epoch 214] Batch 50/63 (79%)
[Epoch 214/700] train_loss=0.5430 val_loss=0.6142 lr=7.87e-04 (6s)
  [Epoch 215] Batch 50/63 (79%)
[Epoch 215/700] train_loss=0.5436 val_loss=0.6181 lr=7.85e-04 (5s)
  [Epoch 216] Batch 50/63 (79%)
[Epoch 216/700] train_loss=0.5393 val_loss=0.6228 lr=7.83e-04 (5s)
  [Epoch 217] Batch 50/63 (79%)
[Epoch 217/700] train_loss=0.5514 val_loss=0.6103 lr=7.81e-04 (6s)
  [Epoch 218] Batch 50/63 (79%)
[Epoch 218/700] train_loss=0.5459 val_loss=0.5988 lr=7.79e-04 (5s)
  [Epoch 219] Batch 50/63 (79%)
[Epoch 219/700] train_loss=0.5479 val_loss=0.5829 lr=7.77e-04 (5s)
  [Epoch 220] Batch 50/63 (79%)
[Epoch 220/700] train_loss=0.5524 val_loss=0.6064 lr=7.75e-04 (5s)
  [Epoch 221] Batch 50/63 (79%)
[Epoch 221/700] train_loss=0.5408 val_loss=0.6189 lr=7.74e-04 (5s)
  [Epoch 222] Batch 50/63 (79%)
[Epoch 222/700] train_loss=0.5486 val_loss=0.5856 lr=7.72e-04 (5s)
  [Epoch 223] Batch 50/63 (79%)
[Epoch 223/700] train_loss=0.5380 val_loss=0.6147 lr=7.70e-04 (5s)
  [Epoch 224] Batch 50/63 (79%)
[Epoch 224/700] train_loss=0.5330 val_loss=0.5949 lr=7.68e-04 (5s)
  [Epoch 225] Batch 50/63 (79%)
[Epoch 225/700] train_loss=0.5354 val_loss=0.5780 lr=7.66e-04 (5s)
  [Epoch 226] Batch 50/63 (79%)
[Epoch 226/700] train_loss=0.5356 val_loss=0.5691 lr=7.64e-04 (5s)
  [Epoch 227] Batch 50/63 (79%)
[Epoch 227/700] train_loss=0.5351 val_loss=0.5982 lr=7.62e-04 (5s)
  [Epoch 228] Batch 50/63 (79%)
[Epoch 228/700] train_loss=0.5420 val_loss=0.6093 lr=7.60e-04 (5s)
  [Epoch 229] Batch 50/63 (79%)
[Epoch 229/700] train_loss=0.5329 val_loss=0.5763 lr=7.58e-04 (5s)
  [Epoch 230] Batch 50/63 (79%)
[Epoch 230/700] train_loss=0.5335 val_loss=0.5825 lr=7.56e-04 (5s)
  [Epoch 231] Batch 50/63 (79%)
[Epoch 231/700] train_loss=0.5387 val_loss=0.6083 lr=7.55e-04 (5s)
  [Epoch 232] Batch 50/63 (79%)
[Epoch 232/700] train_loss=0.5257 val_loss=0.5978 lr=7.53e-04 (5s)
  [Epoch 233] Batch 50/63 (79%)
[Epoch 233/700] train_loss=0.5390 val_loss=0.5703 lr=7.51e-04 (5s)
  [Epoch 234] Batch 50/63 (79%)
[Epoch 234/700] train_loss=0.5436 val_loss=0.6053 lr=7.49e-04 (5s)
  [Epoch 235] Batch 50/63 (79%)
[Epoch 235/700] train_loss=0.5385 val_loss=0.6023 lr=7.47e-04 (5s)
  [Epoch 236] Batch 50/63 (79%)
[Epoch 236/700] train_loss=0.5375 val_loss=0.5907 lr=7.45e-04 (5s)
  [Epoch 237] Batch 50/63 (79%)
[Epoch 237/700] train_loss=0.5366 val_loss=0.5731 lr=7.43e-04 (5s)
  [Epoch 238] Batch 50/63 (79%)
[Epoch 238/700] train_loss=0.5315 val_loss=0.6038 lr=7.41e-04 (5s)
  [Epoch 239] Batch 50/63 (79%)
[Epoch 239/700] train_loss=0.5404 val_loss=0.6055 lr=7.39e-04 (5s)
  [Epoch 240] Batch 50/63 (79%)
[Epoch 240/700] train_loss=0.5397 val_loss=0.6044 lr=7.37e-04 (6s)
  [Epoch 241] Batch 50/63 (79%)
[Epoch 241/700] train_loss=0.5308 val_loss=0.6019 lr=7.35e-04 (6s)
  [Epoch 242] Batch 50/63 (79%)
[Epoch 242/700] train_loss=0.5330 val_loss=0.5898 lr=7.33e-04 (5s)
  [Epoch 243] Batch 50/63 (79%)
[Epoch 243/700] train_loss=0.5272 val_loss=0.6078 lr=7.31e-04 (5s)
  [Epoch 244] Batch 50/63 (79%)
[Epoch 244/700] train_loss=0.5401 val_loss=0.6378 lr=7.29e-04 (5s)
  [Epoch 245] Batch 50/63 (79%)
[Epoch 245/700] train_loss=0.5306 val_loss=0.6137 lr=7.27e-04 (5s)
  [Epoch 246] Batch 50/63 (79%)
[Epoch 246/700] train_loss=0.5313 val_loss=0.5828 lr=7.25e-04 (5s)
  [Epoch 247] Batch 50/63 (79%)
[Epoch 247/700] train_loss=0.5272 val_loss=0.5946 lr=7.23e-04 (5s)
  [Epoch 248] Batch 50/63 (79%)
[Epoch 248/700] train_loss=0.5284 val_loss=0.5836 lr=7.21e-04 (5s)
  [Epoch 249] Batch 50/63 (79%)
[Epoch 249/700] train_loss=0.5321 val_loss=0.6088 lr=7.19e-04 (7s)
  [Epoch 250] Batch 50/63 (79%)
[Epoch 250/700] train_loss=0.5312 val_loss=0.5991 lr=7.17e-04 (7s)
  [Epoch 251] Batch 50/63 (79%)
[Epoch 251/700] train_loss=0.5228 val_loss=0.5886 lr=7.15e-04 (7s)
  [Epoch 252] Batch 50/63 (79%)
[Epoch 252/700] train_loss=0.5313 val_loss=0.6471 lr=7.13e-04 (7s)
  [Epoch 253] Batch 50/63 (79%)
[Epoch 253/700] train_loss=0.5353 val_loss=0.6049 lr=7.11e-04 (5s)
  [Epoch 254] Batch 50/63 (79%)
[Epoch 254/700] train_loss=0.5318 val_loss=0.5696 lr=7.09e-04 (5s)
  [Epoch 255] Batch 50/63 (79%)
[Epoch 255/700] train_loss=0.5282 val_loss=0.6229 lr=7.07e-04 (5s)
  [Epoch 256] Batch 50/63 (79%)
[Epoch 256/700] train_loss=0.5416 val_loss=0.5931 lr=7.05e-04 (5s)
  [Epoch 257] Batch 50/63 (79%)
[Epoch 257/700] train_loss=0.5326 val_loss=0.5919 lr=7.03e-04 (5s)
  [Epoch 258] Batch 50/63 (79%)
[Epoch 258/700] train_loss=0.5331 val_loss=0.5740 lr=7.01e-04 (5s)
  [Epoch 259] Batch 50/63 (79%)
[Epoch 259/700] train_loss=0.5276 val_loss=0.5788 lr=6.99e-04 (5s)
  [Epoch 260] Batch 50/63 (79%)
[Epoch 260/700] train_loss=0.5257 val_loss=0.5882 lr=6.97e-04 (5s)
  [Epoch 261] Batch 50/63 (79%)
[Epoch 261/700] train_loss=0.5180 val_loss=0.5896 lr=6.94e-04 (5s)
  [Epoch 262] Batch 50/63 (79%)
[Epoch 262/700] train_loss=0.5307 val_loss=0.5937 lr=6.92e-04 (6s)
  [Epoch 263] Batch 50/63 (79%)
[Epoch 263/700] train_loss=0.5189 val_loss=0.5807 lr=6.90e-04 (5s)
  [Epoch 264] Batch 50/63 (79%)
[Epoch 264/700] train_loss=0.5283 val_loss=0.5772 lr=6.88e-04 (5s)
  [Epoch 265] Batch 50/63 (79%)
[Epoch 265/700] train_loss=0.5341 val_loss=0.6275 lr=6.86e-04 (5s)
  [Epoch 266] Batch 50/63 (79%)
[Epoch 266/700] train_loss=0.5285 val_loss=0.5997 lr=6.84e-04 (5s)
  [Epoch 267] Batch 50/63 (79%)
[Epoch 267/700] train_loss=0.5264 val_loss=0.6053 lr=6.82e-04 (5s)
  [Epoch 268] Batch 50/63 (79%)
[Epoch 268/700] train_loss=0.5227 val_loss=0.5874 lr=6.80e-04 (5s)
  [Epoch 269] Batch 50/63 (79%)
[Epoch 269/700] train_loss=0.5221 val_loss=0.5906 lr=6.78e-04 (5s)
  [Epoch 270] Batch 50/63 (79%)
[Epoch 270/700] train_loss=0.5195 val_loss=0.5946 lr=6.76e-04 (5s)
  [Epoch 271] Batch 50/63 (79%)
[Epoch 271/700] train_loss=0.5260 val_loss=0.6014 lr=6.74e-04 (5s)
  [Epoch 272] Batch 50/63 (79%)
[Epoch 272/700] train_loss=0.5223 val_loss=0.5862 lr=6.71e-04 (5s)
  [Epoch 273] Batch 50/63 (79%)
[Epoch 273/700] train_loss=0.5191 val_loss=0.6153 lr=6.69e-04 (5s)
  [Epoch 274] Batch 50/63 (79%)
[Epoch 274/700] train_loss=0.5136 val_loss=0.5824 lr=6.67e-04 (5s)
  [Epoch 275] Batch 50/63 (79%)
[Epoch 275/700] train_loss=0.5209 val_loss=0.5815 lr=6.65e-04 (5s)
  [Epoch 276] Batch 50/63 (79%)
[Epoch 276/700] train_loss=0.5200 val_loss=0.5873 lr=6.63e-04 (5s)

[Training] Completed!

✓ Training completed!
  Final checkpoint: /public/home/xiongzhzh2023/PT4ConTSG/experiments/20260403_004259_istanbul_traffic_pt_factor_generator/checkpoints/finetune/finetune-epoch=225-val/loss=0.5691.ckpt
  Experiment: experiments/20260403_004259_istanbul_traffic_pt_factor_generator

Running automatic evaluation...
CLIP initialization failed, running CLIP-independent metrics only
[Evaluating (generating)] Starting (0/8)...
[Evaluating (generating)] 1/8 (12%)
[Evaluating (generating)] 2/8 (25%)
[Evaluating (generating)] 3/8 (38%)
[Evaluating (generating)] 4/8 (50%)
[Evaluating (generating)] 5/8 (62%)
[Evaluating (generating)] 6/8 (75%)
[Evaluating (generating)] 7/8 (88%)
[Evaluating (generating)] 8/8 (100%)
[Evaluating (generating)] Completed (8 items)
Evaluation results saved to: experiments/20260403_004259_istanbul_traffic_pt_factor_generator/results/eval_results.json
     Evaluation Results      
┏━━━━━━━━━━━━━━━┳━━━━━━━━━━━┓
┃ Metric        ┃     Value ┃
┡━━━━━━━━━━━━━━━╇━━━━━━━━━━━┩
│ dtw           │  4.562440 │
│ wape          │ 69.606689 │
│ ed            │  9.449303 │
│ crps          │  0.413735 │
│ acd           │  0.047150 │
│ sd            │       N/A │
│ kd            │       N/A │
│ mdd           │       N/A │
│ fid           │       N/A │
│ jftsd         │       N/A │
│ prdc_f1       │       N/A │
│ joint_prdc_f1 │       N/A │
│ cttp          │       N/A │
│ disc_auc      │  0.988972 │
└───────────────┴───────────┘
