Loading config from: configs/generators/ptfg_ettm1.yaml
Model schema mode: relaxed (no model-specific schema for 'pt_factor_generator')
         Configuration Summary         
┌───────────────┬─────────────────────┐
│ Dataset       │ ettm1               │
│ Model         │ pt_factor_generator │
│ Epochs        │ 700                 │
│ Batch Size    │ 128                 │
│ Learning Rate │ 0.001               │
│ Device        │ cuda:0              │
│ Seed          │ 42                  │
└───────────────┴─────────────────────┘

Experiment directory: experiments/20260403_003524_ettm1_pt_factor_generator

Model: pt_factor_generator
Creating data module: ettm1

Starting multi-stage training (1 stage(s))...
  Stage 1: finetune (700 epochs, lr=0.001)
┏━━━┳━━━━━━━━━━━━━━┳━━━━━━━━━━━━━━━━━━━━━━━━┳━━━━━━━━┳━━━━━━━┳━━━━━━━┓
┃   ┃ Name         ┃ Type                   ┃ Params ┃ Mode  ┃ FLOPs ┃
┡━━━╇━━━━━━━━━━━━━━╇━━━━━━━━━━━━━━━━━━━━━━━━╇━━━━━━━━╇━━━━━━━╇━━━━━━━┩
│ 0 │ net          │ PTFactorNoisePredictor │  5.2 M │ train │     0 │
│   │ other params │ n/a                    │  1.0 K │ n/a   │   n/a │
└───┴──────────────┴────────────────────────┴────────┴───────┴───────┘
Trainable params: 5.2 M                                                                                                                                                                                   
Non-trainable params: 0                                                                                                                                                                                   
Total params: 5.2 M                                                                                                                                                                                       
Total estimated model params size (MB): 20                                                                                                                                                                
Modules in train mode: 195                                                                                                                                                                                
Modules in eval mode: 0                                                                                                                                                                                   
Total FLOPs: 0                                                                                                                                                                                            

[Training] Starting 700 epochs...
  [Epoch 1] Batch 50/101 (50%)
  [Epoch 1] Batch 100/101 (99%)
[Epoch 1/700] train_loss=1.4561 val_loss=1.0697 lr=1.00e-03 (8s)
  [Epoch 2] Batch 50/101 (50%)
  [Epoch 2] Batch 100/101 (99%)
[Epoch 2/700] train_loss=1.0067 val_loss=1.1902 lr=1.00e-03 (8s)
  [Epoch 3] Batch 50/101 (50%)
  [Epoch 3] Batch 100/101 (99%)
[Epoch 3/700] train_loss=0.9588 val_loss=1.0141 lr=1.00e-03 (7s)
  [Epoch 4] Batch 50/101 (50%)
  [Epoch 4] Batch 100/101 (99%)
[Epoch 4/700] train_loss=0.9102 val_loss=1.0217 lr=1.00e-03 (8s)
  [Epoch 5] Batch 50/101 (50%)
  [Epoch 5] Batch 100/101 (99%)
[Epoch 5/700] train_loss=0.8885 val_loss=0.9485 lr=1.00e-03 (8s)
  [Epoch 6] Batch 50/101 (50%)
  [Epoch 6] Batch 100/101 (99%)
[Epoch 6/700] train_loss=0.8659 val_loss=0.8970 lr=1.00e-03 (8s)
  [Epoch 7] Batch 50/101 (50%)
  [Epoch 7] Batch 100/101 (99%)
[Epoch 7/700] train_loss=0.8565 val_loss=0.9256 lr=1.00e-03 (8s)
  [Epoch 8] Batch 50/101 (50%)
  [Epoch 8] Batch 100/101 (99%)
[Epoch 8/700] train_loss=0.8446 val_loss=0.8989 lr=1.00e-03 (8s)
  [Epoch 9] Batch 50/101 (50%)
  [Epoch 9] Batch 100/101 (99%)
[Epoch 9/700] train_loss=0.8457 val_loss=0.9195 lr=1.00e-03 (8s)
  [Epoch 10] Batch 50/101 (50%)
  [Epoch 10] Batch 100/101 (99%)
[Epoch 10/700] train_loss=0.8331 val_loss=0.8827 lr=9.99e-04 (8s)
  [Epoch 11] Batch 50/101 (50%)
  [Epoch 11] Batch 100/101 (99%)
[Epoch 11/700] train_loss=0.8176 val_loss=0.8577 lr=9.99e-04 (8s)
  [Epoch 12] Batch 50/101 (50%)
  [Epoch 12] Batch 100/101 (99%)
[Epoch 12/700] train_loss=0.8141 val_loss=0.8788 lr=9.99e-04 (8s)
  [Epoch 13] Batch 50/101 (50%)
  [Epoch 13] Batch 100/101 (99%)
[Epoch 13/700] train_loss=0.8146 val_loss=0.8943 lr=9.99e-04 (8s)
  [Epoch 14] Batch 50/101 (50%)
  [Epoch 14] Batch 100/101 (99%)
[Epoch 14/700] train_loss=0.8026 val_loss=0.8508 lr=9.99e-04 (8s)
  [Epoch 15] Batch 50/101 (50%)
  [Epoch 15] Batch 100/101 (99%)
[Epoch 15/700] train_loss=0.8034 val_loss=0.8897 lr=9.99e-04 (8s)
  [Epoch 16] Batch 50/101 (50%)
  [Epoch 16] Batch 100/101 (99%)
[Epoch 16/700] train_loss=0.8117 val_loss=0.8609 lr=9.99e-04 (8s)
  [Epoch 17] Batch 50/101 (50%)
  [Epoch 17] Batch 100/101 (99%)
[Epoch 17/700] train_loss=0.8044 val_loss=0.8420 lr=9.99e-04 (8s)
  [Epoch 18] Batch 50/101 (50%)
  [Epoch 18] Batch 100/101 (99%)
[Epoch 18/700] train_loss=0.7993 val_loss=0.8588 lr=9.98e-04 (8s)
  [Epoch 19] Batch 50/101 (50%)
  [Epoch 19] Batch 100/101 (99%)
[Epoch 19/700] train_loss=0.7984 val_loss=0.8332 lr=9.98e-04 (8s)
  [Epoch 20] Batch 50/101 (50%)
  [Epoch 20] Batch 100/101 (99%)
[Epoch 20/700] train_loss=0.7816 val_loss=0.8320 lr=9.98e-04 (8s)
  [Epoch 21] Batch 50/101 (50%)
  [Epoch 21] Batch 100/101 (99%)
[Epoch 21/700] train_loss=0.7816 val_loss=0.8627 lr=9.98e-04 (8s)
  [Epoch 22] Batch 50/101 (50%)
  [Epoch 22] Batch 100/101 (99%)
[Epoch 22/700] train_loss=0.7794 val_loss=0.8593 lr=9.98e-04 (7s)
  [Epoch 23] Batch 50/101 (50%)
  [Epoch 23] Batch 100/101 (99%)
[Epoch 23/700] train_loss=0.7784 val_loss=0.8321 lr=9.97e-04 (7s)
  [Epoch 24] Batch 50/101 (50%)
  [Epoch 24] Batch 100/101 (99%)
[Epoch 24/700] train_loss=0.7816 val_loss=0.8197 lr=9.97e-04 (8s)
  [Epoch 25] Batch 50/101 (50%)
  [Epoch 25] Batch 100/101 (99%)
[Epoch 25/700] train_loss=0.7894 val_loss=0.8171 lr=9.97e-04 (8s)
  [Epoch 26] Batch 50/101 (50%)
  [Epoch 26] Batch 100/101 (99%)
[Epoch 26/700] train_loss=0.7739 val_loss=0.7996 lr=9.97e-04 (8s)
  [Epoch 27] Batch 50/101 (50%)
  [Epoch 27] Batch 100/101 (99%)
[Epoch 27/700] train_loss=0.7857 val_loss=0.8665 lr=9.96e-04 (8s)
  [Epoch 28] Batch 50/101 (50%)
  [Epoch 28] Batch 100/101 (99%)
[Epoch 28/700] train_loss=0.7762 val_loss=0.7989 lr=9.96e-04 (8s)
  [Epoch 29] Batch 50/101 (50%)
  [Epoch 29] Batch 100/101 (99%)
[Epoch 29/700] train_loss=0.7703 val_loss=0.7936 lr=9.96e-04 (8s)
  [Epoch 30] Batch 50/101 (50%)
  [Epoch 30] Batch 100/101 (99%)
[Epoch 30/700] train_loss=0.7789 val_loss=0.8285 lr=9.95e-04 (8s)
  [Epoch 31] Batch 50/101 (50%)
  [Epoch 31] Batch 100/101 (99%)
[Epoch 31/700] train_loss=0.7763 val_loss=0.7972 lr=9.95e-04 (8s)
  [Epoch 32] Batch 50/101 (50%)
  [Epoch 32] Batch 100/101 (99%)
[Epoch 32/700] train_loss=0.7678 val_loss=0.8248 lr=9.95e-04 (8s)
  [Epoch 33] Batch 50/101 (50%)
  [Epoch 33] Batch 100/101 (99%)
[Epoch 33/700] train_loss=0.7719 val_loss=0.8241 lr=9.95e-04 (8s)
  [Epoch 34] Batch 50/101 (50%)
  [Epoch 34] Batch 100/101 (99%)
[Epoch 34/700] train_loss=0.7667 val_loss=0.7969 lr=9.94e-04 (8s)
  [Epoch 35] Batch 50/101 (50%)
  [Epoch 35] Batch 100/101 (99%)
[Epoch 35/700] train_loss=0.7761 val_loss=0.8069 lr=9.94e-04 (8s)
  [Epoch 36] Batch 50/101 (50%)
  [Epoch 36] Batch 100/101 (99%)
[Epoch 36/700] train_loss=0.7628 val_loss=0.8140 lr=9.93e-04 (8s)
  [Epoch 37] Batch 50/101 (50%)
  [Epoch 37] Batch 100/101 (99%)
[Epoch 37/700] train_loss=0.7570 val_loss=0.8008 lr=9.93e-04 (8s)
  [Epoch 38] Batch 50/101 (50%)
  [Epoch 38] Batch 100/101 (99%)
[Epoch 38/700] train_loss=0.7597 val_loss=0.8203 lr=9.93e-04 (8s)
  [Epoch 39] Batch 50/101 (50%)
  [Epoch 39] Batch 100/101 (99%)
[Epoch 39/700] train_loss=0.7699 val_loss=0.8161 lr=9.92e-04 (8s)
  [Epoch 40] Batch 50/101 (50%)
  [Epoch 40] Batch 100/101 (99%)
[Epoch 40/700] train_loss=0.7735 val_loss=0.7840 lr=9.92e-04 (7s)
  [Epoch 41] Batch 50/101 (50%)
  [Epoch 41] Batch 100/101 (99%)
[Epoch 41/700] train_loss=0.7408 val_loss=0.7834 lr=9.92e-04 (8s)
  [Epoch 42] Batch 50/101 (50%)
  [Epoch 42] Batch 100/101 (99%)
[Epoch 42/700] train_loss=0.7603 val_loss=0.7715 lr=9.91e-04 (8s)
  [Epoch 43] Batch 50/101 (50%)
  [Epoch 43] Batch 100/101 (99%)
[Epoch 43/700] train_loss=0.7505 val_loss=0.7929 lr=9.91e-04 (8s)
  [Epoch 44] Batch 50/101 (50%)
  [Epoch 44] Batch 100/101 (99%)
[Epoch 44/700] train_loss=0.7503 val_loss=0.7778 lr=9.90e-04 (8s)
  [Epoch 45] Batch 50/101 (50%)
  [Epoch 45] Batch 100/101 (99%)
[Epoch 45/700] train_loss=0.7477 val_loss=0.8113 lr=9.90e-04 (8s)
  [Epoch 46] Batch 50/101 (50%)
  [Epoch 46] Batch 100/101 (99%)
[Epoch 46/700] train_loss=0.7501 val_loss=0.8028 lr=9.89e-04 (8s)
  [Epoch 47] Batch 50/101 (50%)
  [Epoch 47] Batch 100/101 (99%)
[Epoch 47/700] train_loss=0.7569 val_loss=0.7763 lr=9.89e-04 (8s)
  [Epoch 48] Batch 50/101 (50%)
  [Epoch 48] Batch 100/101 (99%)
[Epoch 48/700] train_loss=0.7380 val_loss=0.8097 lr=9.88e-04 (8s)
  [Epoch 49] Batch 50/101 (50%)
  [Epoch 49] Batch 100/101 (99%)
[Epoch 49/700] train_loss=0.7595 val_loss=0.7740 lr=9.88e-04 (7s)
  [Epoch 50] Batch 50/101 (50%)
  [Epoch 50] Batch 100/101 (99%)
[Epoch 50/700] train_loss=0.7394 val_loss=0.8087 lr=9.87e-04 (8s)
  [Epoch 51] Batch 50/101 (50%)
  [Epoch 51] Batch 100/101 (99%)
[Epoch 51/700] train_loss=0.7413 val_loss=0.7833 lr=9.87e-04 (7s)
  [Epoch 52] Batch 50/101 (50%)
  [Epoch 52] Batch 100/101 (99%)
[Epoch 52/700] train_loss=0.7347 val_loss=0.7770 lr=9.86e-04 (7s)
  [Epoch 53] Batch 50/101 (50%)
  [Epoch 53] Batch 100/101 (99%)
[Epoch 53/700] train_loss=0.7329 val_loss=0.7861 lr=9.86e-04 (7s)
  [Epoch 54] Batch 50/101 (50%)
  [Epoch 54] Batch 100/101 (99%)
[Epoch 54/700] train_loss=0.7352 val_loss=0.7938 lr=9.85e-04 (7s)
  [Epoch 55] Batch 50/101 (50%)
  [Epoch 55] Batch 100/101 (99%)
[Epoch 55/700] train_loss=0.7447 val_loss=0.7688 lr=9.85e-04 (7s)
  [Epoch 56] Batch 50/101 (50%)
  [Epoch 56] Batch 100/101 (99%)
[Epoch 56/700] train_loss=0.7405 val_loss=0.7715 lr=9.84e-04 (7s)
  [Epoch 57] Batch 50/101 (50%)
  [Epoch 57] Batch 100/101 (99%)
[Epoch 57/700] train_loss=0.7353 val_loss=0.7568 lr=9.84e-04 (8s)
  [Epoch 58] Batch 50/101 (50%)
  [Epoch 58] Batch 100/101 (99%)
[Epoch 58/700] train_loss=0.7333 val_loss=0.7908 lr=9.83e-04 (8s)
  [Epoch 59] Batch 50/101 (50%)
  [Epoch 59] Batch 100/101 (99%)
[Epoch 59/700] train_loss=0.7338 val_loss=0.7795 lr=9.83e-04 (8s)
  [Epoch 60] Batch 50/101 (50%)
  [Epoch 60] Batch 100/101 (99%)
[Epoch 60/700] train_loss=0.7477 val_loss=0.7697 lr=9.82e-04 (8s)
  [Epoch 61] Batch 50/101 (50%)
  [Epoch 61] Batch 100/101 (99%)
[Epoch 61/700] train_loss=0.7352 val_loss=0.7730 lr=9.81e-04 (8s)
  [Epoch 62] Batch 50/101 (50%)
  [Epoch 62] Batch 100/101 (99%)
[Epoch 62/700] train_loss=0.7389 val_loss=0.7665 lr=9.81e-04 (8s)
  [Epoch 63] Batch 50/101 (50%)
  [Epoch 63] Batch 100/101 (99%)
[Epoch 63/700] train_loss=0.7385 val_loss=0.7911 lr=9.80e-04 (8s)
  [Epoch 64] Batch 50/101 (50%)
  [Epoch 64] Batch 100/101 (99%)
[Epoch 64/700] train_loss=0.7466 val_loss=0.7300 lr=9.80e-04 (8s)
  [Epoch 65] Batch 50/101 (50%)
  [Epoch 65] Batch 100/101 (99%)
[Epoch 65/700] train_loss=0.7263 val_loss=0.8102 lr=9.79e-04 (8s)
  [Epoch 66] Batch 50/101 (50%)
  [Epoch 66] Batch 100/101 (99%)
[Epoch 66/700] train_loss=0.7325 val_loss=0.7981 lr=9.78e-04 (8s)
  [Epoch 67] Batch 50/101 (50%)
  [Epoch 67] Batch 100/101 (99%)
[Epoch 67/700] train_loss=0.7320 val_loss=0.7788 lr=9.78e-04 (8s)
  [Epoch 68] Batch 50/101 (50%)
  [Epoch 68] Batch 100/101 (99%)
[Epoch 68/700] train_loss=0.7332 val_loss=0.7540 lr=9.77e-04 (8s)
  [Epoch 69] Batch 50/101 (50%)
  [Epoch 69] Batch 100/101 (99%)
[Epoch 69/700] train_loss=0.7324 val_loss=0.7477 lr=9.76e-04 (8s)
  [Epoch 70] Batch 50/101 (50%)
  [Epoch 70] Batch 100/101 (99%)
[Epoch 70/700] train_loss=0.7373 val_loss=0.7534 lr=9.76e-04 (8s)
  [Epoch 71] Batch 50/101 (50%)
  [Epoch 71] Batch 100/101 (99%)
[Epoch 71/700] train_loss=0.7185 val_loss=0.7673 lr=9.75e-04 (8s)
  [Epoch 72] Batch 50/101 (50%)
  [Epoch 72] Batch 100/101 (99%)
[Epoch 72/700] train_loss=0.7246 val_loss=0.7626 lr=9.74e-04 (8s)
  [Epoch 73] Batch 50/101 (50%)
  [Epoch 73] Batch 100/101 (99%)
[Epoch 73/700] train_loss=0.7336 val_loss=0.7897 lr=9.73e-04 (8s)
  [Epoch 74] Batch 50/101 (50%)
  [Epoch 74] Batch 100/101 (99%)
[Epoch 74/700] train_loss=0.7201 val_loss=0.8069 lr=9.73e-04 (8s)
  [Epoch 75] Batch 50/101 (50%)
  [Epoch 75] Batch 100/101 (99%)
[Epoch 75/700] train_loss=0.7283 val_loss=0.7803 lr=9.72e-04 (7s)
  [Epoch 76] Batch 50/101 (50%)
  [Epoch 76] Batch 100/101 (99%)
[Epoch 76/700] train_loss=0.7156 val_loss=0.7748 lr=9.71e-04 (8s)
  [Epoch 77] Batch 50/101 (50%)
  [Epoch 77] Batch 100/101 (99%)
[Epoch 77/700] train_loss=0.7234 val_loss=0.7749 lr=9.70e-04 (8s)
  [Epoch 78] Batch 50/101 (50%)
  [Epoch 78] Batch 100/101 (99%)
[Epoch 78/700] train_loss=0.7190 val_loss=0.7824 lr=9.70e-04 (8s)
  [Epoch 79] Batch 50/101 (50%)
  [Epoch 79] Batch 100/101 (99%)
[Epoch 79/700] train_loss=0.7237 val_loss=0.7697 lr=9.69e-04 (8s)
  [Epoch 80] Batch 50/101 (50%)
  [Epoch 80] Batch 100/101 (99%)
[Epoch 80/700] train_loss=0.7213 val_loss=0.7666 lr=9.68e-04 (8s)
  [Epoch 81] Batch 50/101 (50%)
  [Epoch 81] Batch 100/101 (99%)
[Epoch 81/700] train_loss=0.7149 val_loss=0.7710 lr=9.67e-04 (8s)
  [Epoch 82] Batch 50/101 (50%)
  [Epoch 82] Batch 100/101 (99%)
[Epoch 82/700] train_loss=0.7130 val_loss=0.7638 lr=9.67e-04 (8s)
  [Epoch 83] Batch 50/101 (50%)
  [Epoch 83] Batch 100/101 (99%)
[Epoch 83/700] train_loss=0.7204 val_loss=0.7712 lr=9.66e-04 (8s)
  [Epoch 84] Batch 50/101 (50%)
  [Epoch 84] Batch 100/101 (99%)
[Epoch 84/700] train_loss=0.7249 val_loss=0.7657 lr=9.65e-04 (8s)
  [Epoch 85] Batch 50/101 (50%)
  [Epoch 85] Batch 100/101 (99%)
[Epoch 85/700] train_loss=0.7216 val_loss=0.7478 lr=9.64e-04 (8s)
  [Epoch 86] Batch 50/101 (50%)
  [Epoch 86] Batch 100/101 (99%)
[Epoch 86/700] train_loss=0.7216 val_loss=0.7493 lr=9.63e-04 (8s)
  [Epoch 87] Batch 50/101 (50%)
  [Epoch 87] Batch 100/101 (99%)
[Epoch 87/700] train_loss=0.7196 val_loss=0.7346 lr=9.62e-04 (8s)
  [Epoch 88] Batch 50/101 (50%)
  [Epoch 88] Batch 100/101 (99%)
[Epoch 88/700] train_loss=0.7149 val_loss=0.7729 lr=9.62e-04 (8s)
  [Epoch 89] Batch 50/101 (50%)
  [Epoch 89] Batch 100/101 (99%)
[Epoch 89/700] train_loss=0.7048 val_loss=0.7298 lr=9.61e-04 (8s)
  [Epoch 90] Batch 50/101 (50%)
  [Epoch 90] Batch 100/101 (99%)
[Epoch 90/700] train_loss=0.7114 val_loss=0.7578 lr=9.60e-04 (8s)
  [Epoch 91] Batch 50/101 (50%)
  [Epoch 91] Batch 100/101 (99%)
[Epoch 91/700] train_loss=0.7189 val_loss=0.7484 lr=9.59e-04 (8s)
  [Epoch 92] Batch 50/101 (50%)
  [Epoch 92] Batch 100/101 (99%)
[Epoch 92/700] train_loss=0.7049 val_loss=0.7435 lr=9.58e-04 (8s)
  [Epoch 93] Batch 50/101 (50%)
  [Epoch 93] Batch 100/101 (99%)
[Epoch 93/700] train_loss=0.7059 val_loss=0.7540 lr=9.57e-04 (8s)
  [Epoch 94] Batch 50/101 (50%)
  [Epoch 94] Batch 100/101 (99%)
[Epoch 94/700] train_loss=0.7177 val_loss=0.7370 lr=9.56e-04 (8s)
  [Epoch 95] Batch 50/101 (50%)
  [Epoch 95] Batch 100/101 (99%)
[Epoch 95/700] train_loss=0.7180 val_loss=0.7378 lr=9.55e-04 (8s)
  [Epoch 96] Batch 50/101 (50%)
  [Epoch 96] Batch 100/101 (99%)
[Epoch 96/700] train_loss=0.7233 val_loss=0.7755 lr=9.54e-04 (8s)
  [Epoch 97] Batch 50/101 (50%)
  [Epoch 97] Batch 100/101 (99%)
[Epoch 97/700] train_loss=0.7197 val_loss=0.7607 lr=9.53e-04 (8s)
  [Epoch 98] Batch 50/101 (50%)
  [Epoch 98] Batch 100/101 (99%)
[Epoch 98/700] train_loss=0.7247 val_loss=0.7742 lr=9.52e-04 (8s)
  [Epoch 99] Batch 50/101 (50%)
  [Epoch 99] Batch 100/101 (99%)
[Epoch 99/700] train_loss=0.7162 val_loss=0.7590 lr=9.51e-04 (8s)
  [Epoch 100] Batch 50/101 (50%)
  [Epoch 100] Batch 100/101 (99%)
[Epoch 100/700] train_loss=0.7196 val_loss=0.7443 lr=9.50e-04 (8s)
  [Epoch 101] Batch 50/101 (50%)
  [Epoch 101] Batch 100/101 (99%)
[Epoch 101/700] train_loss=0.7107 val_loss=0.7413 lr=9.50e-04 (8s)
  [Epoch 102] Batch 50/101 (50%)
  [Epoch 102] Batch 100/101 (99%)
[Epoch 102/700] train_loss=0.7121 val_loss=0.7483 lr=9.49e-04 (8s)
  [Epoch 103] Batch 50/101 (50%)
  [Epoch 103] Batch 100/101 (99%)
[Epoch 103/700] train_loss=0.7168 val_loss=0.7823 lr=9.48e-04 (8s)
  [Epoch 104] Batch 50/101 (50%)
  [Epoch 104] Batch 100/101 (99%)
[Epoch 104/700] train_loss=0.7064 val_loss=0.7631 lr=9.47e-04 (8s)
  [Epoch 105] Batch 50/101 (50%)
  [Epoch 105] Batch 100/101 (99%)
[Epoch 105/700] train_loss=0.7212 val_loss=0.7732 lr=9.46e-04 (8s)
  [Epoch 106] Batch 50/101 (50%)
  [Epoch 106] Batch 100/101 (99%)
[Epoch 106/700] train_loss=0.7083 val_loss=0.7505 lr=9.44e-04 (8s)
  [Epoch 107] Batch 50/101 (50%)
  [Epoch 107] Batch 100/101 (99%)
[Epoch 107/700] train_loss=0.6974 val_loss=0.7657 lr=9.43e-04 (8s)
  [Epoch 108] Batch 50/101 (50%)
  [Epoch 108] Batch 100/101 (99%)
[Epoch 108/700] train_loss=0.7083 val_loss=0.7705 lr=9.42e-04 (8s)
  [Epoch 109] Batch 50/101 (50%)
  [Epoch 109] Batch 100/101 (99%)
[Epoch 109/700] train_loss=0.7131 val_loss=0.7217 lr=9.41e-04 (8s)
  [Epoch 110] Batch 50/101 (50%)
  [Epoch 110] Batch 100/101 (99%)
[Epoch 110/700] train_loss=0.7025 val_loss=0.7512 lr=9.40e-04 (8s)
  [Epoch 111] Batch 50/101 (50%)
  [Epoch 111] Batch 100/101 (99%)
[Epoch 111/700] train_loss=0.7056 val_loss=0.7405 lr=9.39e-04 (8s)
  [Epoch 112] Batch 50/101 (50%)
  [Epoch 112] Batch 100/101 (99%)
[Epoch 112/700] train_loss=0.7123 val_loss=0.7582 lr=9.38e-04 (8s)
  [Epoch 113] Batch 50/101 (50%)
  [Epoch 113] Batch 100/101 (99%)
[Epoch 113/700] train_loss=0.7123 val_loss=0.7415 lr=9.37e-04 (8s)
  [Epoch 114] Batch 50/101 (50%)
  [Epoch 114] Batch 100/101 (99%)
[Epoch 114/700] train_loss=0.7055 val_loss=0.7320 lr=9.36e-04 (8s)
  [Epoch 115] Batch 50/101 (50%)
  [Epoch 115] Batch 100/101 (99%)
[Epoch 115/700] train_loss=0.6994 val_loss=0.7541 lr=9.35e-04 (8s)
  [Epoch 116] Batch 50/101 (50%)
  [Epoch 116] Batch 100/101 (99%)
[Epoch 116/700] train_loss=0.7191 val_loss=0.7573 lr=9.34e-04 (8s)
  [Epoch 117] Batch 50/101 (50%)
  [Epoch 117] Batch 100/101 (99%)
[Epoch 117/700] train_loss=0.7114 val_loss=0.7205 lr=9.33e-04 (8s)
  [Epoch 118] Batch 50/101 (50%)
  [Epoch 118] Batch 100/101 (99%)
[Epoch 118/700] train_loss=0.7047 val_loss=0.7374 lr=9.32e-04 (8s)
  [Epoch 119] Batch 50/101 (50%)
  [Epoch 119] Batch 100/101 (99%)
[Epoch 119/700] train_loss=0.7003 val_loss=0.7387 lr=9.30e-04 (8s)
  [Epoch 120] Batch 50/101 (50%)
  [Epoch 120] Batch 100/101 (99%)
[Epoch 120/700] train_loss=0.6974 val_loss=0.7678 lr=9.29e-04 (8s)
  [Epoch 121] Batch 50/101 (50%)
  [Epoch 121] Batch 100/101 (99%)
[Epoch 121/700] train_loss=0.7040 val_loss=0.7649 lr=9.28e-04 (8s)
  [Epoch 122] Batch 50/101 (50%)
  [Epoch 122] Batch 100/101 (99%)
[Epoch 122/700] train_loss=0.7171 val_loss=0.7523 lr=9.27e-04 (8s)
  [Epoch 123] Batch 50/101 (50%)
  [Epoch 123] Batch 100/101 (99%)
[Epoch 123/700] train_loss=0.7066 val_loss=0.7295 lr=9.26e-04 (8s)
  [Epoch 124] Batch 50/101 (50%)
  [Epoch 124] Batch 100/101 (99%)
[Epoch 124/700] train_loss=0.7111 val_loss=0.7451 lr=9.25e-04 (8s)
  [Epoch 125] Batch 50/101 (50%)
  [Epoch 125] Batch 100/101 (99%)
[Epoch 125/700] train_loss=0.7114 val_loss=0.7294 lr=9.23e-04 (8s)
  [Epoch 126] Batch 50/101 (50%)
  [Epoch 126] Batch 100/101 (99%)
[Epoch 126/700] train_loss=0.7009 val_loss=0.7437 lr=9.22e-04 (8s)
  [Epoch 127] Batch 50/101 (50%)
  [Epoch 127] Batch 100/101 (99%)
[Epoch 127/700] train_loss=0.6963 val_loss=0.7389 lr=9.21e-04 (8s)
  [Epoch 128] Batch 50/101 (50%)
  [Epoch 128] Batch 100/101 (99%)
[Epoch 128/700] train_loss=0.7005 val_loss=0.7485 lr=9.20e-04 (8s)
  [Epoch 129] Batch 50/101 (50%)
  [Epoch 129] Batch 100/101 (99%)
[Epoch 129/700] train_loss=0.7035 val_loss=0.7311 lr=9.19e-04 (8s)
  [Epoch 130] Batch 50/101 (50%)
  [Epoch 130] Batch 100/101 (99%)
[Epoch 130/700] train_loss=0.6975 val_loss=0.7287 lr=9.17e-04 (8s)
  [Epoch 131] Batch 50/101 (50%)
  [Epoch 131] Batch 100/101 (99%)
[Epoch 131/700] train_loss=0.7077 val_loss=0.7292 lr=9.16e-04 (8s)
  [Epoch 132] Batch 50/101 (50%)
  [Epoch 132] Batch 100/101 (99%)
[Epoch 132/700] train_loss=0.7035 val_loss=0.7395 lr=9.15e-04 (8s)
  [Epoch 133] Batch 50/101 (50%)
  [Epoch 133] Batch 100/101 (99%)
[Epoch 133/700] train_loss=0.7012 val_loss=0.7269 lr=9.14e-04 (8s)
  [Epoch 134] Batch 50/101 (50%)
  [Epoch 134] Batch 100/101 (99%)
[Epoch 134/700] train_loss=0.7080 val_loss=0.7458 lr=9.12e-04 (8s)
  [Epoch 135] Batch 50/101 (50%)
  [Epoch 135] Batch 100/101 (99%)
[Epoch 135/700] train_loss=0.7033 val_loss=0.7290 lr=9.11e-04 (8s)
  [Epoch 136] Batch 50/101 (50%)
  [Epoch 136] Batch 100/101 (99%)
[Epoch 136/700] train_loss=0.7062 val_loss=0.7393 lr=9.10e-04 (8s)
  [Epoch 137] Batch 50/101 (50%)
  [Epoch 137] Batch 100/101 (99%)
[Epoch 137/700] train_loss=0.6969 val_loss=0.7446 lr=9.08e-04 (8s)
  [Epoch 138] Batch 50/101 (50%)
  [Epoch 138] Batch 100/101 (99%)
[Epoch 138/700] train_loss=0.7031 val_loss=0.7576 lr=9.07e-04 (8s)
  [Epoch 139] Batch 50/101 (50%)
  [Epoch 139] Batch 100/101 (99%)
[Epoch 139/700] train_loss=0.7061 val_loss=0.7354 lr=9.06e-04 (8s)
  [Epoch 140] Batch 50/101 (50%)
  [Epoch 140] Batch 100/101 (99%)
[Epoch 140/700] train_loss=0.7083 val_loss=0.7811 lr=9.05e-04 (8s)
  [Epoch 141] Batch 50/101 (50%)
  [Epoch 141] Batch 100/101 (99%)
[Epoch 141/700] train_loss=0.6952 val_loss=0.7518 lr=9.03e-04 (8s)
  [Epoch 142] Batch 50/101 (50%)
  [Epoch 142] Batch 100/101 (99%)
[Epoch 142/700] train_loss=0.7048 val_loss=0.7275 lr=9.02e-04 (8s)
  [Epoch 143] Batch 50/101 (50%)
  [Epoch 143] Batch 100/101 (99%)
[Epoch 143/700] train_loss=0.6968 val_loss=0.7200 lr=9.01e-04 (8s)
  [Epoch 144] Batch 50/101 (50%)
  [Epoch 144] Batch 100/101 (99%)
[Epoch 144/700] train_loss=0.7018 val_loss=0.7366 lr=8.99e-04 (8s)
  [Epoch 145] Batch 50/101 (50%)
  [Epoch 145] Batch 100/101 (99%)
[Epoch 145/700] train_loss=0.6948 val_loss=0.7175 lr=8.98e-04 (8s)
  [Epoch 146] Batch 50/101 (50%)
  [Epoch 146] Batch 100/101 (99%)
[Epoch 146/700] train_loss=0.7000 val_loss=0.7277 lr=8.96e-04 (8s)
  [Epoch 147] Batch 50/101 (50%)
  [Epoch 147] Batch 100/101 (99%)
[Epoch 147/700] train_loss=0.7101 val_loss=0.7230 lr=8.95e-04 (8s)
  [Epoch 148] Batch 50/101 (50%)
  [Epoch 148] Batch 100/101 (99%)
[Epoch 148/700] train_loss=0.6995 val_loss=0.7688 lr=8.94e-04 (8s)
  [Epoch 149] Batch 50/101 (50%)
  [Epoch 149] Batch 100/101 (99%)
[Epoch 149/700] train_loss=0.7036 val_loss=0.7349 lr=8.92e-04 (8s)
  [Epoch 150] Batch 50/101 (50%)
  [Epoch 150] Batch 100/101 (99%)
[Epoch 150/700] train_loss=0.7029 val_loss=0.7470 lr=8.91e-04 (8s)
  [Epoch 151] Batch 50/101 (50%)
  [Epoch 151] Batch 100/101 (99%)
[Epoch 151/700] train_loss=0.6892 val_loss=0.7214 lr=8.90e-04 (8s)
  [Epoch 152] Batch 50/101 (50%)
  [Epoch 152] Batch 100/101 (99%)
[Epoch 152/700] train_loss=0.6966 val_loss=0.7600 lr=8.88e-04 (8s)
  [Epoch 153] Batch 50/101 (50%)
  [Epoch 153] Batch 100/101 (99%)
[Epoch 153/700] train_loss=0.6937 val_loss=0.7269 lr=8.87e-04 (8s)
  [Epoch 154] Batch 50/101 (50%)
  [Epoch 154] Batch 100/101 (99%)
[Epoch 154/700] train_loss=0.6990 val_loss=0.7353 lr=8.85e-04 (8s)
  [Epoch 155] Batch 50/101 (50%)
  [Epoch 155] Batch 100/101 (99%)
[Epoch 155/700] train_loss=0.6927 val_loss=0.7037 lr=8.84e-04 (8s)
  [Epoch 156] Batch 50/101 (50%)
  [Epoch 156] Batch 100/101 (99%)
[Epoch 156/700] train_loss=0.6895 val_loss=0.7140 lr=8.82e-04 (8s)
  [Epoch 157] Batch 50/101 (50%)
  [Epoch 157] Batch 100/101 (99%)
[Epoch 157/700] train_loss=0.6900 val_loss=0.7304 lr=8.81e-04 (8s)
  [Epoch 158] Batch 50/101 (50%)
  [Epoch 158] Batch 100/101 (99%)
[Epoch 158/700] train_loss=0.6986 val_loss=0.7395 lr=8.79e-04 (8s)
  [Epoch 159] Batch 50/101 (50%)
  [Epoch 159] Batch 100/101 (99%)
[Epoch 159/700] train_loss=0.6966 val_loss=0.7505 lr=8.78e-04 (8s)
  [Epoch 160] Batch 50/101 (50%)
  [Epoch 160] Batch 100/101 (99%)
[Epoch 160/700] train_loss=0.6879 val_loss=0.7246 lr=8.77e-04 (8s)
  [Epoch 161] Batch 50/101 (50%)
  [Epoch 161] Batch 100/101 (99%)
[Epoch 161/700] train_loss=0.6938 val_loss=0.7490 lr=8.75e-04 (8s)
  [Epoch 162] Batch 50/101 (50%)
  [Epoch 162] Batch 100/101 (99%)
[Epoch 162/700] train_loss=0.6877 val_loss=0.7387 lr=8.74e-04 (8s)
  [Epoch 163] Batch 50/101 (50%)
  [Epoch 163] Batch 100/101 (99%)
[Epoch 163/700] train_loss=0.6810 val_loss=0.7216 lr=8.72e-04 (8s)
  [Epoch 164] Batch 50/101 (50%)
  [Epoch 164] Batch 100/101 (99%)
[Epoch 164/700] train_loss=0.6925 val_loss=0.7311 lr=8.71e-04 (8s)
  [Epoch 165] Batch 50/101 (50%)
  [Epoch 165] Batch 100/101 (99%)
[Epoch 165/700] train_loss=0.6885 val_loss=0.7362 lr=8.69e-04 (8s)
  [Epoch 166] Batch 50/101 (50%)
  [Epoch 166] Batch 100/101 (99%)
[Epoch 166/700] train_loss=0.6985 val_loss=0.7251 lr=8.68e-04 (8s)
  [Epoch 167] Batch 50/101 (50%)
  [Epoch 167] Batch 100/101 (99%)
[Epoch 167/700] train_loss=0.6975 val_loss=0.7381 lr=8.66e-04 (8s)
  [Epoch 168] Batch 50/101 (50%)
  [Epoch 168] Batch 100/101 (99%)
[Epoch 168/700] train_loss=0.6973 val_loss=0.7024 lr=8.64e-04 (8s)
  [Epoch 169] Batch 50/101 (50%)
  [Epoch 169] Batch 100/101 (99%)
[Epoch 169/700] train_loss=0.6929 val_loss=0.7363 lr=8.63e-04 (8s)
  [Epoch 170] Batch 50/101 (50%)
  [Epoch 170] Batch 100/101 (99%)
[Epoch 170/700] train_loss=0.6982 val_loss=0.7420 lr=8.61e-04 (8s)
  [Epoch 171] Batch 50/101 (50%)
  [Epoch 171] Batch 100/101 (99%)
[Epoch 171/700] train_loss=0.6870 val_loss=0.7639 lr=8.60e-04 (8s)
  [Epoch 172] Batch 50/101 (50%)
  [Epoch 172] Batch 100/101 (99%)
[Epoch 172/700] train_loss=0.6790 val_loss=0.7506 lr=8.58e-04 (8s)
  [Epoch 173] Batch 50/101 (50%)
  [Epoch 173] Batch 100/101 (99%)
[Epoch 173/700] train_loss=0.6941 val_loss=0.7217 lr=8.57e-04 (8s)
  [Epoch 174] Batch 50/101 (50%)
  [Epoch 174] Batch 100/101 (99%)
[Epoch 174/700] train_loss=0.6943 val_loss=0.7601 lr=8.55e-04 (8s)
  [Epoch 175] Batch 50/101 (50%)
  [Epoch 175] Batch 100/101 (99%)
[Epoch 175/700] train_loss=0.6806 val_loss=0.7038 lr=8.54e-04 (8s)
  [Epoch 176] Batch 50/101 (50%)
  [Epoch 176] Batch 100/101 (99%)
[Epoch 176/700] train_loss=0.6874 val_loss=0.7320 lr=8.52e-04 (8s)
  [Epoch 177] Batch 50/101 (50%)
  [Epoch 177] Batch 100/101 (99%)
[Epoch 177/700] train_loss=0.6931 val_loss=0.7300 lr=8.50e-04 (8s)
  [Epoch 178] Batch 50/101 (50%)
  [Epoch 178] Batch 100/101 (99%)
[Epoch 178/700] train_loss=0.6931 val_loss=0.6923 lr=8.49e-04 (8s)
  [Epoch 179] Batch 50/101 (50%)
  [Epoch 179] Batch 100/101 (99%)
[Epoch 179/700] train_loss=0.6928 val_loss=0.7336 lr=8.47e-04 (8s)
  [Epoch 180] Batch 50/101 (50%)
  [Epoch 180] Batch 100/101 (99%)
[Epoch 180/700] train_loss=0.6827 val_loss=0.7356 lr=8.46e-04 (8s)
  [Epoch 181] Batch 50/101 (50%)
  [Epoch 181] Batch 100/101 (99%)
[Epoch 181/700] train_loss=0.6871 val_loss=0.7366 lr=8.44e-04 (8s)
  [Epoch 182] Batch 50/101 (50%)
  [Epoch 182] Batch 100/101 (99%)
[Epoch 182/700] train_loss=0.6956 val_loss=0.7416 lr=8.42e-04 (8s)
  [Epoch 183] Batch 50/101 (50%)
  [Epoch 183] Batch 100/101 (99%)
[Epoch 183/700] train_loss=0.6915 val_loss=0.7207 lr=8.41e-04 (8s)
  [Epoch 184] Batch 50/101 (50%)
  [Epoch 184] Batch 100/101 (99%)
[Epoch 184/700] train_loss=0.6846 val_loss=0.7202 lr=8.39e-04 (8s)
  [Epoch 185] Batch 50/101 (50%)
  [Epoch 185] Batch 100/101 (99%)
[Epoch 185/700] train_loss=0.6863 val_loss=0.7298 lr=8.37e-04 (8s)
  [Epoch 186] Batch 50/101 (50%)
  [Epoch 186] Batch 100/101 (99%)
[Epoch 186/700] train_loss=0.6822 val_loss=0.7080 lr=8.36e-04 (8s)
  [Epoch 187] Batch 50/101 (50%)
  [Epoch 187] Batch 100/101 (99%)
[Epoch 187/700] train_loss=0.6916 val_loss=0.7482 lr=8.34e-04 (8s)
  [Epoch 188] Batch 50/101 (50%)
  [Epoch 188] Batch 100/101 (99%)
[Epoch 188/700] train_loss=0.6810 val_loss=0.7303 lr=8.32e-04 (8s)
  [Epoch 189] Batch 50/101 (50%)
  [Epoch 189] Batch 100/101 (99%)
[Epoch 189/700] train_loss=0.6879 val_loss=0.7278 lr=8.31e-04 (8s)
  [Epoch 190] Batch 50/101 (50%)
  [Epoch 190] Batch 100/101 (99%)
[Epoch 190/700] train_loss=0.6775 val_loss=0.7206 lr=8.29e-04 (8s)
  [Epoch 191] Batch 50/101 (50%)
  [Epoch 191] Batch 100/101 (99%)
[Epoch 191/700] train_loss=0.6886 val_loss=0.7332 lr=8.27e-04 (8s)
  [Epoch 192] Batch 50/101 (50%)
  [Epoch 192] Batch 100/101 (99%)
[Epoch 192/700] train_loss=0.6767 val_loss=0.7196 lr=8.26e-04 (8s)
  [Epoch 193] Batch 50/101 (50%)
  [Epoch 193] Batch 100/101 (99%)
[Epoch 193/700] train_loss=0.6900 val_loss=0.7457 lr=8.24e-04 (8s)
  [Epoch 194] Batch 50/101 (50%)
  [Epoch 194] Batch 100/101 (99%)
[Epoch 194/700] train_loss=0.6868 val_loss=0.7302 lr=8.22e-04 (8s)
  [Epoch 195] Batch 50/101 (50%)
  [Epoch 195] Batch 100/101 (99%)
[Epoch 195/700] train_loss=0.6827 val_loss=0.7094 lr=8.20e-04 (8s)
  [Epoch 196] Batch 50/101 (50%)
  [Epoch 196] Batch 100/101 (99%)
[Epoch 196/700] train_loss=0.6790 val_loss=0.7269 lr=8.19e-04 (8s)
  [Epoch 197] Batch 50/101 (50%)
  [Epoch 197] Batch 100/101 (99%)
[Epoch 197/700] train_loss=0.6721 val_loss=0.7476 lr=8.17e-04 (8s)
  [Epoch 198] Batch 50/101 (50%)
  [Epoch 198] Batch 100/101 (99%)
[Epoch 198/700] train_loss=0.6871 val_loss=0.7497 lr=8.15e-04 (8s)
  [Epoch 199] Batch 50/101 (50%)
  [Epoch 199] Batch 100/101 (99%)
[Epoch 199/700] train_loss=0.6894 val_loss=0.7093 lr=8.13e-04 (8s)
  [Epoch 200] Batch 50/101 (50%)
  [Epoch 200] Batch 100/101 (99%)
[Epoch 200/700] train_loss=0.6795 val_loss=0.7462 lr=8.12e-04 (8s)
  [Epoch 201] Batch 50/101 (50%)
  [Epoch 201] Batch 100/101 (99%)
[Epoch 201/700] train_loss=0.6873 val_loss=0.7454 lr=8.10e-04 (7s)
  [Epoch 202] Batch 50/101 (50%)
  [Epoch 202] Batch 100/101 (99%)
[Epoch 202/700] train_loss=0.6864 val_loss=0.7437 lr=8.08e-04 (8s)
  [Epoch 203] Batch 50/101 (50%)
  [Epoch 203] Batch 100/101 (99%)
[Epoch 203/700] train_loss=0.6802 val_loss=0.6937 lr=8.06e-04 (8s)
  [Epoch 204] Batch 50/101 (50%)
  [Epoch 204] Batch 100/101 (99%)
[Epoch 204/700] train_loss=0.6853 val_loss=0.7357 lr=8.05e-04 (8s)
  [Epoch 205] Batch 50/101 (50%)
  [Epoch 205] Batch 100/101 (99%)
[Epoch 205/700] train_loss=0.6776 val_loss=0.7336 lr=8.03e-04 (8s)
  [Epoch 206] Batch 50/101 (50%)
  [Epoch 206] Batch 100/101 (99%)
[Epoch 206/700] train_loss=0.6877 val_loss=0.7273 lr=8.01e-04 (8s)
  [Epoch 207] Batch 50/101 (50%)
  [Epoch 207] Batch 100/101 (99%)
[Epoch 207/700] train_loss=0.6799 val_loss=0.7049 lr=7.99e-04 (8s)
  [Epoch 208] Batch 50/101 (50%)
  [Epoch 208] Batch 100/101 (99%)
[Epoch 208/700] train_loss=0.6748 val_loss=0.7100 lr=7.98e-04 (8s)
  [Epoch 209] Batch 50/101 (50%)
  [Epoch 209] Batch 100/101 (99%)
[Epoch 209/700] train_loss=0.6841 val_loss=0.7144 lr=7.96e-04 (8s)
  [Epoch 210] Batch 50/101 (50%)
  [Epoch 210] Batch 100/101 (99%)
[Epoch 210/700] train_loss=0.6807 val_loss=0.7310 lr=7.94e-04 (8s)
  [Epoch 211] Batch 50/101 (50%)
  [Epoch 211] Batch 100/101 (99%)
[Epoch 211/700] train_loss=0.6809 val_loss=0.7164 lr=7.92e-04 (8s)
  [Epoch 212] Batch 50/101 (50%)
  [Epoch 212] Batch 100/101 (99%)
[Epoch 212/700] train_loss=0.6763 val_loss=0.6898 lr=7.90e-04 (8s)
  [Epoch 213] Batch 50/101 (50%)
  [Epoch 213] Batch 100/101 (99%)
[Epoch 213/700] train_loss=0.6739 val_loss=0.7200 lr=7.88e-04 (8s)
  [Epoch 214] Batch 50/101 (50%)
  [Epoch 214] Batch 100/101 (99%)
[Epoch 214/700] train_loss=0.6850 val_loss=0.6885 lr=7.87e-04 (8s)
  [Epoch 215] Batch 50/101 (50%)
  [Epoch 215] Batch 100/101 (99%)
[Epoch 215/700] train_loss=0.6707 val_loss=0.7413 lr=7.85e-04 (8s)
  [Epoch 216] Batch 50/101 (50%)
  [Epoch 216] Batch 100/101 (99%)
[Epoch 216/700] train_loss=0.6724 val_loss=0.7306 lr=7.83e-04 (8s)
  [Epoch 217] Batch 50/101 (50%)
  [Epoch 217] Batch 100/101 (99%)
[Epoch 217/700] train_loss=0.6741 val_loss=0.7066 lr=7.81e-04 (8s)
  [Epoch 218] Batch 50/101 (50%)
  [Epoch 218] Batch 100/101 (99%)
[Epoch 218/700] train_loss=0.6751 val_loss=0.7097 lr=7.79e-04 (8s)
  [Epoch 219] Batch 50/101 (50%)
  [Epoch 219] Batch 100/101 (99%)
[Epoch 219/700] train_loss=0.6787 val_loss=0.7175 lr=7.77e-04 (8s)
  [Epoch 220] Batch 50/101 (50%)
  [Epoch 220] Batch 100/101 (99%)
[Epoch 220/700] train_loss=0.6746 val_loss=0.7317 lr=7.75e-04 (8s)
  [Epoch 221] Batch 50/101 (50%)
  [Epoch 221] Batch 100/101 (99%)
[Epoch 221/700] train_loss=0.6708 val_loss=0.7104 lr=7.74e-04 (8s)
  [Epoch 222] Batch 50/101 (50%)
  [Epoch 222] Batch 100/101 (99%)
[Epoch 222/700] train_loss=0.6804 val_loss=0.7284 lr=7.72e-04 (8s)
  [Epoch 223] Batch 50/101 (50%)
  [Epoch 223] Batch 100/101 (99%)
[Epoch 223/700] train_loss=0.6799 val_loss=0.7066 lr=7.70e-04 (8s)
  [Epoch 224] Batch 50/101 (50%)
  [Epoch 224] Batch 100/101 (99%)
[Epoch 224/700] train_loss=0.6777 val_loss=0.7206 lr=7.68e-04 (8s)
  [Epoch 225] Batch 50/101 (50%)
  [Epoch 225] Batch 100/101 (99%)
[Epoch 225/700] train_loss=0.6705 val_loss=0.7177 lr=7.66e-04 (8s)
  [Epoch 226] Batch 50/101 (50%)
  [Epoch 226] Batch 100/101 (99%)
[Epoch 226/700] train_loss=0.6686 val_loss=0.7152 lr=7.64e-04 (8s)
  [Epoch 227] Batch 50/101 (50%)
  [Epoch 227] Batch 100/101 (99%)
[Epoch 227/700] train_loss=0.6770 val_loss=0.7322 lr=7.62e-04 (8s)
  [Epoch 228] Batch 50/101 (50%)
  [Epoch 228] Batch 100/101 (99%)
[Epoch 228/700] train_loss=0.6748 val_loss=0.7060 lr=7.60e-04 (8s)
  [Epoch 229] Batch 50/101 (50%)
  [Epoch 229] Batch 100/101 (99%)
[Epoch 229/700] train_loss=0.6726 val_loss=0.7381 lr=7.58e-04 (8s)
  [Epoch 230] Batch 50/101 (50%)
  [Epoch 230] Batch 100/101 (99%)
[Epoch 230/700] train_loss=0.6756 val_loss=0.7342 lr=7.56e-04 (8s)
  [Epoch 231] Batch 50/101 (50%)
  [Epoch 231] Batch 100/101 (99%)
[Epoch 231/700] train_loss=0.6750 val_loss=0.7233 lr=7.55e-04 (8s)
  [Epoch 232] Batch 50/101 (50%)
  [Epoch 232] Batch 100/101 (99%)
[Epoch 232/700] train_loss=0.6803 val_loss=0.7231 lr=7.53e-04 (8s)
  [Epoch 233] Batch 50/101 (50%)
  [Epoch 233] Batch 100/101 (99%)
[Epoch 233/700] train_loss=0.6733 val_loss=0.7400 lr=7.51e-04 (8s)
  [Epoch 234] Batch 50/101 (50%)
  [Epoch 234] Batch 100/101 (99%)
[Epoch 234/700] train_loss=0.6738 val_loss=0.6989 lr=7.49e-04 (8s)
  [Epoch 235] Batch 50/101 (50%)
  [Epoch 235] Batch 100/101 (99%)
[Epoch 235/700] train_loss=0.6655 val_loss=0.7586 lr=7.47e-04 (8s)
  [Epoch 236] Batch 50/101 (50%)
  [Epoch 236] Batch 100/101 (99%)
[Epoch 236/700] train_loss=0.6670 val_loss=0.7190 lr=7.45e-04 (8s)
  [Epoch 237] Batch 50/101 (50%)
  [Epoch 237] Batch 100/101 (99%)
[Epoch 237/700] train_loss=0.6665 val_loss=0.7118 lr=7.43e-04 (8s)
  [Epoch 238] Batch 50/101 (50%)
  [Epoch 238] Batch 100/101 (99%)
[Epoch 238/700] train_loss=0.6780 val_loss=0.7160 lr=7.41e-04 (8s)
  [Epoch 239] Batch 50/101 (50%)
  [Epoch 239] Batch 100/101 (99%)
[Epoch 239/700] train_loss=0.6788 val_loss=0.7394 lr=7.39e-04 (8s)
  [Epoch 240] Batch 50/101 (50%)
  [Epoch 240] Batch 100/101 (99%)
[Epoch 240/700] train_loss=0.6752 val_loss=0.7404 lr=7.37e-04 (8s)
  [Epoch 241] Batch 50/101 (50%)
  [Epoch 241] Batch 100/101 (99%)
[Epoch 241/700] train_loss=0.6673 val_loss=0.7165 lr=7.35e-04 (8s)
  [Epoch 242] Batch 50/101 (50%)
  [Epoch 242] Batch 100/101 (99%)
[Epoch 242/700] train_loss=0.6743 val_loss=0.7119 lr=7.33e-04 (8s)
  [Epoch 243] Batch 50/101 (50%)
  [Epoch 243] Batch 100/101 (99%)
[Epoch 243/700] train_loss=0.6758 val_loss=0.7351 lr=7.31e-04 (8s)
  [Epoch 244] Batch 50/101 (50%)
  [Epoch 244] Batch 100/101 (99%)
[Epoch 244/700] train_loss=0.6777 val_loss=0.6881 lr=7.29e-04 (8s)
  [Epoch 245] Batch 50/101 (50%)
  [Epoch 245] Batch 100/101 (99%)
[Epoch 245/700] train_loss=0.6660 val_loss=0.6961 lr=7.27e-04 (8s)
  [Epoch 246] Batch 50/101 (50%)
  [Epoch 246] Batch 100/101 (99%)
[Epoch 246/700] train_loss=0.6686 val_loss=0.7387 lr=7.25e-04 (8s)
  [Epoch 247] Batch 50/101 (50%)
  [Epoch 247] Batch 100/101 (99%)
[Epoch 247/700] train_loss=0.6804 val_loss=0.7204 lr=7.23e-04 (8s)
  [Epoch 248] Batch 50/101 (50%)
  [Epoch 248] Batch 100/101 (99%)
[Epoch 248/700] train_loss=0.6629 val_loss=0.7181 lr=7.21e-04 (8s)
  [Epoch 249] Batch 50/101 (50%)
  [Epoch 249] Batch 100/101 (99%)
[Epoch 249/700] train_loss=0.6801 val_loss=0.7160 lr=7.19e-04 (8s)
  [Epoch 250] Batch 50/101 (50%)
  [Epoch 250] Batch 100/101 (99%)
[Epoch 250/700] train_loss=0.6604 val_loss=0.7187 lr=7.17e-04 (8s)
  [Epoch 251] Batch 50/101 (50%)
  [Epoch 251] Batch 100/101 (99%)
[Epoch 251/700] train_loss=0.6630 val_loss=0.7119 lr=7.15e-04 (7s)
  [Epoch 252] Batch 50/101 (50%)
  [Epoch 252] Batch 100/101 (99%)
[Epoch 252/700] train_loss=0.6652 val_loss=0.7239 lr=7.13e-04 (8s)
  [Epoch 253] Batch 50/101 (50%)
  [Epoch 253] Batch 100/101 (99%)
[Epoch 253/700] train_loss=0.6611 val_loss=0.7063 lr=7.11e-04 (8s)
  [Epoch 254] Batch 50/101 (50%)
  [Epoch 254] Batch 100/101 (99%)
[Epoch 254/700] train_loss=0.6791 val_loss=0.7201 lr=7.09e-04 (8s)
  [Epoch 255] Batch 50/101 (50%)
  [Epoch 255] Batch 100/101 (99%)
[Epoch 255/700] train_loss=0.6810 val_loss=0.7209 lr=7.07e-04 (8s)
  [Epoch 256] Batch 50/101 (50%)
  [Epoch 256] Batch 100/101 (99%)
[Epoch 256/700] train_loss=0.6699 val_loss=0.7171 lr=7.05e-04 (8s)
  [Epoch 257] Batch 50/101 (50%)
  [Epoch 257] Batch 100/101 (99%)
[Epoch 257/700] train_loss=0.6680 val_loss=0.7206 lr=7.03e-04 (8s)
  [Epoch 258] Batch 50/101 (50%)
  [Epoch 258] Batch 100/101 (99%)
[Epoch 258/700] train_loss=0.6712 val_loss=0.7222 lr=7.01e-04 (8s)
  [Epoch 259] Batch 50/101 (50%)
  [Epoch 259] Batch 100/101 (99%)
[Epoch 259/700] train_loss=0.6538 val_loss=0.7088 lr=6.99e-04 (8s)
  [Epoch 260] Batch 50/101 (50%)
  [Epoch 260] Batch 100/101 (99%)
[Epoch 260/700] train_loss=0.6600 val_loss=0.7353 lr=6.97e-04 (8s)
  [Epoch 261] Batch 50/101 (50%)
  [Epoch 261] Batch 100/101 (99%)
[Epoch 261/700] train_loss=0.6662 val_loss=0.7175 lr=6.94e-04 (8s)
  [Epoch 262] Batch 50/101 (50%)
  [Epoch 262] Batch 100/101 (99%)
[Epoch 262/700] train_loss=0.6779 val_loss=0.7394 lr=6.92e-04 (7s)
  [Epoch 263] Batch 50/101 (50%)
  [Epoch 263] Batch 100/101 (99%)
[Epoch 263/700] train_loss=0.6692 val_loss=0.7007 lr=6.90e-04 (8s)
  [Epoch 264] Batch 50/101 (50%)
  [Epoch 264] Batch 100/101 (99%)
[Epoch 264/700] train_loss=0.6708 val_loss=0.7147 lr=6.88e-04 (8s)
  [Epoch 265] Batch 50/101 (50%)
  [Epoch 265] Batch 100/101 (99%)
[Epoch 265/700] train_loss=0.6744 val_loss=0.7215 lr=6.86e-04 (8s)
  [Epoch 266] Batch 50/101 (50%)
  [Epoch 266] Batch 100/101 (99%)
[Epoch 266/700] train_loss=0.6648 val_loss=0.7385 lr=6.84e-04 (8s)
  [Epoch 267] Batch 50/101 (50%)
  [Epoch 267] Batch 100/101 (99%)
[Epoch 267/700] train_loss=0.6611 val_loss=0.6831 lr=6.82e-04 (8s)
  [Epoch 268] Batch 50/101 (50%)
  [Epoch 268] Batch 100/101 (99%)
[Epoch 268/700] train_loss=0.6589 val_loss=0.7089 lr=6.80e-04 (8s)
  [Epoch 269] Batch 50/101 (50%)
  [Epoch 269] Batch 100/101 (99%)
[Epoch 269/700] train_loss=0.6647 val_loss=0.7171 lr=6.78e-04 (8s)
  [Epoch 270] Batch 50/101 (50%)
  [Epoch 270] Batch 100/101 (99%)
[Epoch 270/700] train_loss=0.6607 val_loss=0.7181 lr=6.76e-04 (8s)
  [Epoch 271] Batch 50/101 (50%)
  [Epoch 271] Batch 100/101 (99%)
[Epoch 271/700] train_loss=0.6700 val_loss=0.6965 lr=6.74e-04 (8s)
  [Epoch 272] Batch 50/101 (50%)
  [Epoch 272] Batch 100/101 (99%)
[Epoch 272/700] train_loss=0.6551 val_loss=0.7211 lr=6.71e-04 (8s)
  [Epoch 273] Batch 50/101 (50%)
  [Epoch 273] Batch 100/101 (99%)
[Epoch 273/700] train_loss=0.6697 val_loss=0.7414 lr=6.69e-04 (8s)
  [Epoch 274] Batch 50/101 (50%)
  [Epoch 274] Batch 100/101 (99%)
[Epoch 274/700] train_loss=0.6607 val_loss=0.7135 lr=6.67e-04 (8s)
  [Epoch 275] Batch 50/101 (50%)
  [Epoch 275] Batch 100/101 (99%)
[Epoch 275/700] train_loss=0.6487 val_loss=0.7385 lr=6.65e-04 (8s)
  [Epoch 276] Batch 50/101 (50%)
  [Epoch 276] Batch 100/101 (99%)
[Epoch 276/700] train_loss=0.6527 val_loss=0.7435 lr=6.63e-04 (8s)
  [Epoch 277] Batch 50/101 (50%)
  [Epoch 277] Batch 100/101 (99%)
[Epoch 277/700] train_loss=0.6688 val_loss=0.7070 lr=6.61e-04 (8s)
  [Epoch 278] Batch 50/101 (50%)
  [Epoch 278] Batch 100/101 (99%)
[Epoch 278/700] train_loss=0.6671 val_loss=0.7308 lr=6.59e-04 (8s)
  [Epoch 279] Batch 50/101 (50%)
  [Epoch 279] Batch 100/101 (99%)
[Epoch 279/700] train_loss=0.6624 val_loss=0.7349 lr=6.57e-04 (8s)
  [Epoch 280] Batch 50/101 (50%)
  [Epoch 280] Batch 100/101 (99%)
[Epoch 280/700] train_loss=0.6615 val_loss=0.7104 lr=6.55e-04 (8s)
  [Epoch 281] Batch 50/101 (50%)
  [Epoch 281] Batch 100/101 (99%)
[Epoch 281/700] train_loss=0.6594 val_loss=0.7123 lr=6.52e-04 (8s)
  [Epoch 282] Batch 50/101 (50%)
  [Epoch 282] Batch 100/101 (99%)
[Epoch 282/700] train_loss=0.6570 val_loss=0.7269 lr=6.50e-04 (8s)
  [Epoch 283] Batch 50/101 (50%)
  [Epoch 283] Batch 100/101 (99%)
[Epoch 283/700] train_loss=0.6597 val_loss=0.7445 lr=6.48e-04 (8s)
  [Epoch 284] Batch 50/101 (50%)
  [Epoch 284] Batch 100/101 (99%)
[Epoch 284/700] train_loss=0.6580 val_loss=0.7202 lr=6.46e-04 (8s)
  [Epoch 285] Batch 50/101 (50%)
  [Epoch 285] Batch 100/101 (99%)
[Epoch 285/700] train_loss=0.6483 val_loss=0.6962 lr=6.44e-04 (8s)
  [Epoch 286] Batch 50/101 (50%)
  [Epoch 286] Batch 100/101 (99%)
[Epoch 286/700] train_loss=0.6566 val_loss=0.7189 lr=6.42e-04 (8s)
  [Epoch 287] Batch 50/101 (50%)
  [Epoch 287] Batch 100/101 (99%)
[Epoch 287/700] train_loss=0.6515 val_loss=0.7160 lr=6.39e-04 (8s)
  [Epoch 288] Batch 50/101 (50%)
  [Epoch 288] Batch 100/101 (99%)
[Epoch 288/700] train_loss=0.6631 val_loss=0.7179 lr=6.37e-04 (8s)
  [Epoch 289] Batch 50/101 (50%)
  [Epoch 289] Batch 100/101 (99%)
[Epoch 289/700] train_loss=0.6493 val_loss=0.7184 lr=6.35e-04 (8s)
  [Epoch 290] Batch 50/101 (50%)
  [Epoch 290] Batch 100/101 (99%)
[Epoch 290/700] train_loss=0.6522 val_loss=0.7324 lr=6.33e-04 (8s)
  [Epoch 291] Batch 50/101 (50%)
  [Epoch 291] Batch 100/101 (99%)
[Epoch 291/700] train_loss=0.6475 val_loss=0.7248 lr=6.31e-04 (8s)
  [Epoch 292] Batch 50/101 (50%)
  [Epoch 292] Batch 100/101 (99%)
[Epoch 292/700] train_loss=0.6643 val_loss=0.7204 lr=6.29e-04 (8s)
  [Epoch 293] Batch 50/101 (50%)
  [Epoch 293] Batch 100/101 (99%)
[Epoch 293/700] train_loss=0.6526 val_loss=0.7104 lr=6.27e-04 (8s)
  [Epoch 294] Batch 50/101 (50%)
  [Epoch 294] Batch 100/101 (99%)
[Epoch 294/700] train_loss=0.6522 val_loss=0.7233 lr=6.24e-04 (8s)
  [Epoch 295] Batch 50/101 (50%)
  [Epoch 295] Batch 100/101 (99%)
[Epoch 295/700] train_loss=0.6484 val_loss=0.7290 lr=6.22e-04 (8s)
  [Epoch 296] Batch 50/101 (50%)
  [Epoch 296] Batch 100/101 (99%)
[Epoch 296/700] train_loss=0.6600 val_loss=0.7307 lr=6.20e-04 (8s)
  [Epoch 297] Batch 50/101 (50%)
  [Epoch 297] Batch 100/101 (99%)
[Epoch 297/700] train_loss=0.6595 val_loss=0.7254 lr=6.18e-04 (8s)
  [Epoch 298] Batch 50/101 (50%)
  [Epoch 298] Batch 100/101 (99%)
[Epoch 298/700] train_loss=0.6528 val_loss=0.7147 lr=6.16e-04 (8s)
  [Epoch 299] Batch 50/101 (50%)
  [Epoch 299] Batch 100/101 (99%)
[Epoch 299/700] train_loss=0.6604 val_loss=0.7204 lr=6.13e-04 (8s)
  [Epoch 300] Batch 50/101 (50%)
  [Epoch 300] Batch 100/101 (99%)
[Epoch 300/700] train_loss=0.6585 val_loss=0.7417 lr=6.11e-04 (8s)
  [Epoch 301] Batch 50/101 (50%)
  [Epoch 301] Batch 100/101 (99%)
[Epoch 301/700] train_loss=0.6510 val_loss=0.7160 lr=6.09e-04 (8s)
  [Epoch 302] Batch 50/101 (50%)
  [Epoch 302] Batch 100/101 (99%)
[Epoch 302/700] train_loss=0.6633 val_loss=0.7196 lr=6.07e-04 (8s)
  [Epoch 303] Batch 50/101 (50%)
  [Epoch 303] Batch 100/101 (99%)
[Epoch 303/700] train_loss=0.6525 val_loss=0.7458 lr=6.05e-04 (8s)
  [Epoch 304] Batch 50/101 (50%)
  [Epoch 304] Batch 100/101 (99%)
[Epoch 304/700] train_loss=0.6504 val_loss=0.7193 lr=6.02e-04 (8s)
  [Epoch 305] Batch 50/101 (50%)
  [Epoch 305] Batch 100/101 (99%)
[Epoch 305/700] train_loss=0.6569 val_loss=0.7545 lr=6.00e-04 (8s)
  [Epoch 306] Batch 50/101 (50%)
  [Epoch 306] Batch 100/101 (99%)
[Epoch 306/700] train_loss=0.6523 val_loss=0.7085 lr=5.98e-04 (7s)
  [Epoch 307] Batch 50/101 (50%)
  [Epoch 307] Batch 100/101 (99%)
[Epoch 307/700] train_loss=0.6537 val_loss=0.7182 lr=5.96e-04 (8s)
  [Epoch 308] Batch 50/101 (50%)
  [Epoch 308] Batch 100/101 (99%)
[Epoch 308/700] train_loss=0.6528 val_loss=0.7163 lr=5.94e-04 (8s)
  [Epoch 309] Batch 50/101 (50%)
  [Epoch 309] Batch 100/101 (99%)
[Epoch 309/700] train_loss=0.6385 val_loss=0.7140 lr=5.91e-04 (8s)
  [Epoch 310] Batch 50/101 (50%)
  [Epoch 310] Batch 100/101 (99%)
[Epoch 310/700] train_loss=0.6432 val_loss=0.7329 lr=5.89e-04 (8s)
  [Epoch 311] Batch 50/101 (50%)
  [Epoch 311] Batch 100/101 (99%)
[Epoch 311/700] train_loss=0.6444 val_loss=0.6979 lr=5.87e-04 (8s)
  [Epoch 312] Batch 50/101 (50%)
  [Epoch 312] Batch 100/101 (99%)
[Epoch 312/700] train_loss=0.6627 val_loss=0.6991 lr=5.85e-04 (8s)
  [Epoch 313] Batch 50/101 (50%)
  [Epoch 313] Batch 100/101 (99%)
[Epoch 313/700] train_loss=0.6478 val_loss=0.7323 lr=5.83e-04 (8s)
  [Epoch 314] Batch 50/101 (50%)
  [Epoch 314] Batch 100/101 (99%)
[Epoch 314/700] train_loss=0.6537 val_loss=0.7194 lr=5.80e-04 (8s)
  [Epoch 315] Batch 50/101 (50%)
  [Epoch 315] Batch 100/101 (99%)
[Epoch 315/700] train_loss=0.6511 val_loss=0.7197 lr=5.78e-04 (8s)
  [Epoch 316] Batch 50/101 (50%)
  [Epoch 316] Batch 100/101 (99%)
[Epoch 316/700] train_loss=0.6416 val_loss=0.7355 lr=5.76e-04 (8s)
  [Epoch 317] Batch 50/101 (50%)
  [Epoch 317] Batch 100/101 (99%)
[Epoch 317/700] train_loss=0.6431 val_loss=0.7310 lr=5.74e-04 (7s)

[Training] Completed!

✓ Training completed!
  Final checkpoint: /public/home/xiongzhzh2023/PT4ConTSG/experiments/20260403_003524_ettm1_pt_factor_generator/checkpoints/finetune/finetune-epoch=266-val/loss=0.6831.ckpt
  Experiment: experiments/20260403_003524_ettm1_pt_factor_generator

Running automatic evaluation...
CLIP initialization failed, running CLIP-independent metrics only
[Evaluating (generating)] Starting (0/13)...
[Evaluating (generating)] 1/13 (8%)
[Evaluating (generating)] 2/13 (15%)
[Evaluating (generating)] 3/13 (23%)
[Evaluating (generating)] 4/13 (31%)
[Evaluating (generating)] 6/13 (46%)
[Evaluating (generating)] 7/13 (54%)
[Evaluating (generating)] 8/13 (62%)
[Evaluating (generating)] 10/13 (77%)
[Evaluating (generating)] 11/13 (85%)
[Evaluating (generating)] 12/13 (92%)
[Evaluating (generating)] 13/13 (100%)
[Evaluating (generating)] Completed (13 items)
Evaluation results saved to: experiments/20260403_003524_ettm1_pt_factor_generator/results/eval_results.json
      Evaluation Results      
┏━━━━━━━━━━━━━━━┳━━━━━━━━━━━━┓
┃ Metric        ┃      Value ┃
┡━━━━━━━━━━━━━━━╇━━━━━━━━━━━━┩
│ dtw           │   6.869658 │
│ wape          │ 102.375099 │
│ ed            │  10.119529 │
│ crps          │   0.506151 │
│ acd           │   0.056572 │
│ sd            │        N/A │
│ kd            │        N/A │
│ mdd           │        N/A │
│ fid           │        N/A │
│ jftsd         │        N/A │
│ prdc_f1       │        N/A │
│ joint_prdc_f1 │        N/A │
│ cttp          │        N/A │
│ disc_auc      │   0.956407 │
└───────────────┴────────────┘
