Loading config from: configs/generators/ptfg_telecomts.yaml
Model schema mode: relaxed (no model-specific schema for 'pt_factor_generator')
         Configuration Summary         
┌───────────────┬─────────────────────┐
│ Dataset       │ telecomts_segment   │
│ Model         │ pt_factor_generator │
│ Epochs        │ 700                 │
│ Batch Size    │ 128                 │
│ Learning Rate │ 0.001               │
│ Device        │ cuda:0              │
│ Seed          │ 42                  │
└───────────────┴─────────────────────┘

Experiment directory: experiments/20260403_010923_telecomts_segment_pt_factor_generator

Model: pt_factor_generator
Creating data module: telecomts_segment

Starting multi-stage training (1 stage(s))...
  Stage 1: finetune (700 epochs, lr=0.001)
┏━━━┳━━━━━━━━━━━━━━┳━━━━━━━━━━━━━━━━━━━━━━━━┳━━━━━━━━┳━━━━━━━┳━━━━━━━┓
┃   ┃ Name         ┃ Type                   ┃ Params ┃ Mode  ┃ FLOPs ┃
┡━━━╇━━━━━━━━━━━━━━╇━━━━━━━━━━━━━━━━━━━━━━━━╇━━━━━━━━╇━━━━━━━╇━━━━━━━┩
│ 0 │ net          │ PTFactorNoisePredictor │  5.2 M │ train │     0 │
│   │ other params │ n/a                    │  1.0 K │ n/a   │   n/a │
└───┴──────────────┴────────────────────────┴────────┴───────┴───────┘
Trainable params: 5.2 M                                                                                                                                                                                   
Non-trainable params: 0                                                                                                                                                                                   
Total params: 5.2 M                                                                                                                                                                                       
Total estimated model params size (MB): 20                                                                                                                                                                
Modules in train mode: 195                                                                                                                                                                                
Modules in eval mode: 0                                                                                                                                                                                   
Total FLOPs: 0                                                                                                                                                                                            

[Training] Starting 700 epochs...
  [Epoch 1] Batch 50/200 (25%)
  [Epoch 1] Batch 100/200 (50%)
  [Epoch 1] Batch 150/200 (75%)
  [Epoch 1] Batch 200/200 (100%)
[Epoch 1/700] train_loss=1.3105 val_loss=1.1641 lr=1.00e-03 (28s)
  [Epoch 2] Batch 50/200 (25%)
  [Epoch 2] Batch 100/200 (50%)
  [Epoch 2] Batch 150/200 (75%)
  [Epoch 2] Batch 200/200 (100%)
[Epoch 2/700] train_loss=0.9535 val_loss=0.8420 lr=1.00e-03 (28s)
  [Epoch 3] Batch 50/200 (25%)
  [Epoch 3] Batch 100/200 (50%)
  [Epoch 3] Batch 150/200 (75%)
  [Epoch 3] Batch 200/200 (100%)
[Epoch 3/700] train_loss=0.8748 val_loss=0.9643 lr=1.00e-03 (29s)
  [Epoch 4] Batch 50/200 (25%)
  [Epoch 4] Batch 100/200 (50%)
  [Epoch 4] Batch 150/200 (75%)
  [Epoch 4] Batch 200/200 (100%)
[Epoch 4/700] train_loss=0.7598 val_loss=0.6971 lr=1.00e-03 (29s)
  [Epoch 5] Batch 50/200 (25%)
  [Epoch 5] Batch 100/200 (50%)
  [Epoch 5] Batch 150/200 (75%)
  [Epoch 5] Batch 200/200 (100%)
[Epoch 5/700] train_loss=0.7386 val_loss=0.9265 lr=1.00e-03 (29s)
  [Epoch 6] Batch 50/200 (25%)
  [Epoch 6] Batch 100/200 (50%)
  [Epoch 6] Batch 150/200 (75%)
  [Epoch 6] Batch 200/200 (100%)
[Epoch 6/700] train_loss=0.7210 val_loss=0.8345 lr=1.00e-03 (29s)
  [Epoch 7] Batch 50/200 (25%)
  [Epoch 7] Batch 100/200 (50%)
  [Epoch 7] Batch 150/200 (75%)
  [Epoch 7] Batch 200/200 (100%)
[Epoch 7/700] train_loss=0.7195 val_loss=0.6624 lr=1.00e-03 (29s)
  [Epoch 8] Batch 50/200 (25%)
  [Epoch 8] Batch 100/200 (50%)
  [Epoch 8] Batch 150/200 (75%)
  [Epoch 8] Batch 200/200 (100%)
[Epoch 8/700] train_loss=0.6728 val_loss=0.8978 lr=1.00e-03 (29s)
  [Epoch 9] Batch 50/200 (25%)
  [Epoch 9] Batch 100/200 (50%)
  [Epoch 9] Batch 150/200 (75%)
  [Epoch 9] Batch 200/200 (100%)
[Epoch 9/700] train_loss=0.7039 val_loss=0.6349 lr=1.00e-03 (29s)
  [Epoch 10] Batch 50/200 (25%)
  [Epoch 10] Batch 100/200 (50%)
  [Epoch 10] Batch 150/200 (75%)
  [Epoch 10] Batch 200/200 (100%)
[Epoch 10/700] train_loss=0.7179 val_loss=0.6553 lr=9.99e-04 (28s)
  [Epoch 11] Batch 50/200 (25%)
  [Epoch 11] Batch 100/200 (50%)
  [Epoch 11] Batch 150/200 (75%)
  [Epoch 11] Batch 200/200 (100%)
[Epoch 11/700] train_loss=0.6713 val_loss=0.6255 lr=9.99e-04 (29s)
  [Epoch 12] Batch 50/200 (25%)
  [Epoch 12] Batch 100/200 (50%)
  [Epoch 12] Batch 150/200 (75%)
  [Epoch 12] Batch 200/200 (100%)
[Epoch 12/700] train_loss=0.6701 val_loss=0.7632 lr=9.99e-04 (29s)
  [Epoch 13] Batch 50/200 (25%)
  [Epoch 13] Batch 100/200 (50%)
  [Epoch 13] Batch 150/200 (75%)
  [Epoch 13] Batch 200/200 (100%)
[Epoch 13/700] train_loss=0.6875 val_loss=0.9039 lr=9.99e-04 (29s)
  [Epoch 14] Batch 50/200 (25%)
  [Epoch 14] Batch 100/200 (50%)
  [Epoch 14] Batch 150/200 (75%)
  [Epoch 14] Batch 200/200 (100%)
[Epoch 14/700] train_loss=0.6548 val_loss=0.7434 lr=9.99e-04 (29s)
  [Epoch 15] Batch 50/200 (25%)
  [Epoch 15] Batch 100/200 (50%)
  [Epoch 15] Batch 150/200 (75%)
  [Epoch 15] Batch 200/200 (100%)
[Epoch 15/700] train_loss=0.6257 val_loss=0.6083 lr=9.99e-04 (29s)
  [Epoch 16] Batch 50/200 (25%)
  [Epoch 16] Batch 100/200 (50%)
  [Epoch 16] Batch 150/200 (75%)
  [Epoch 16] Batch 200/200 (100%)
[Epoch 16/700] train_loss=0.6821 val_loss=0.6311 lr=9.99e-04 (28s)
  [Epoch 17] Batch 50/200 (25%)
  [Epoch 17] Batch 100/200 (50%)
  [Epoch 17] Batch 150/200 (75%)
  [Epoch 17] Batch 200/200 (100%)
[Epoch 17/700] train_loss=0.6813 val_loss=0.5841 lr=9.99e-04 (29s)
  [Epoch 18] Batch 50/200 (25%)
  [Epoch 18] Batch 100/200 (50%)
  [Epoch 18] Batch 150/200 (75%)
  [Epoch 18] Batch 200/200 (100%)
[Epoch 18/700] train_loss=0.6508 val_loss=0.8518 lr=9.98e-04 (28s)
  [Epoch 19] Batch 50/200 (25%)
  [Epoch 19] Batch 100/200 (50%)
  [Epoch 19] Batch 150/200 (75%)
  [Epoch 19] Batch 200/200 (100%)
[Epoch 19/700] train_loss=0.6988 val_loss=0.6261 lr=9.98e-04 (29s)
  [Epoch 20] Batch 50/200 (25%)
  [Epoch 20] Batch 100/200 (50%)
  [Epoch 20] Batch 150/200 (75%)
  [Epoch 20] Batch 200/200 (100%)
[Epoch 20/700] train_loss=0.6313 val_loss=0.6409 lr=9.98e-04 (29s)
  [Epoch 21] Batch 50/200 (25%)
  [Epoch 21] Batch 100/200 (50%)
  [Epoch 21] Batch 150/200 (75%)
  [Epoch 21] Batch 200/200 (100%)
[Epoch 21/700] train_loss=0.6918 val_loss=0.6202 lr=9.98e-04 (29s)
  [Epoch 22] Batch 50/200 (25%)
  [Epoch 22] Batch 100/200 (50%)
  [Epoch 22] Batch 150/200 (75%)
  [Epoch 22] Batch 200/200 (100%)
[Epoch 22/700] train_loss=0.6106 val_loss=0.6024 lr=9.98e-04 (29s)
  [Epoch 23] Batch 50/200 (25%)
  [Epoch 23] Batch 100/200 (50%)
  [Epoch 23] Batch 150/200 (75%)
  [Epoch 23] Batch 200/200 (100%)
[Epoch 23/700] train_loss=0.6138 val_loss=0.8366 lr=9.97e-04 (29s)
  [Epoch 24] Batch 50/200 (25%)
  [Epoch 24] Batch 100/200 (50%)
  [Epoch 24] Batch 150/200 (75%)
  [Epoch 24] Batch 200/200 (100%)
[Epoch 24/700] train_loss=0.6558 val_loss=0.7224 lr=9.97e-04 (29s)
  [Epoch 25] Batch 50/200 (25%)
  [Epoch 25] Batch 100/200 (50%)
  [Epoch 25] Batch 150/200 (75%)
  [Epoch 25] Batch 200/200 (100%)
[Epoch 25/700] train_loss=0.6124 val_loss=0.8045 lr=9.97e-04 (29s)
  [Epoch 26] Batch 50/200 (25%)
  [Epoch 26] Batch 100/200 (50%)
  [Epoch 26] Batch 150/200 (75%)
  [Epoch 26] Batch 200/200 (100%)
[Epoch 26/700] train_loss=0.6268 val_loss=0.8211 lr=9.97e-04 (29s)
  [Epoch 27] Batch 50/200 (25%)
  [Epoch 27] Batch 100/200 (50%)
  [Epoch 27] Batch 150/200 (75%)
  [Epoch 27] Batch 200/200 (100%)
[Epoch 27/700] train_loss=0.6347 val_loss=0.6228 lr=9.96e-04 (29s)
  [Epoch 28] Batch 50/200 (25%)
  [Epoch 28] Batch 100/200 (50%)
  [Epoch 28] Batch 150/200 (75%)
  [Epoch 28] Batch 200/200 (100%)
[Epoch 28/700] train_loss=0.6381 val_loss=0.5748 lr=9.96e-04 (29s)
  [Epoch 29] Batch 50/200 (25%)
  [Epoch 29] Batch 100/200 (50%)
  [Epoch 29] Batch 150/200 (75%)
  [Epoch 29] Batch 200/200 (100%)
[Epoch 29/700] train_loss=0.6110 val_loss=0.6469 lr=9.96e-04 (29s)
  [Epoch 30] Batch 50/200 (25%)
  [Epoch 30] Batch 100/200 (50%)
  [Epoch 30] Batch 150/200 (75%)
  [Epoch 30] Batch 200/200 (100%)
[Epoch 30/700] train_loss=0.6243 val_loss=0.7756 lr=9.95e-04 (29s)
  [Epoch 31] Batch 50/200 (25%)
  [Epoch 31] Batch 100/200 (50%)
  [Epoch 31] Batch 150/200 (75%)
  [Epoch 31] Batch 200/200 (100%)
[Epoch 31/700] train_loss=0.6216 val_loss=0.5860 lr=9.95e-04 (29s)
  [Epoch 32] Batch 50/200 (25%)
  [Epoch 32] Batch 100/200 (50%)
  [Epoch 32] Batch 150/200 (75%)
  [Epoch 32] Batch 200/200 (100%)
[Epoch 32/700] train_loss=0.6663 val_loss=0.5685 lr=9.95e-04 (29s)
  [Epoch 33] Batch 50/200 (25%)
  [Epoch 33] Batch 100/200 (50%)
  [Epoch 33] Batch 150/200 (75%)
  [Epoch 33] Batch 200/200 (100%)
[Epoch 33/700] train_loss=0.6109 val_loss=0.7897 lr=9.95e-04 (29s)
  [Epoch 34] Batch 50/200 (25%)
  [Epoch 34] Batch 100/200 (50%)
  [Epoch 34] Batch 150/200 (75%)
  [Epoch 34] Batch 200/200 (100%)
[Epoch 34/700] train_loss=0.6284 val_loss=0.6162 lr=9.94e-04 (29s)
  [Epoch 35] Batch 50/200 (25%)
  [Epoch 35] Batch 100/200 (50%)
  [Epoch 35] Batch 150/200 (75%)
  [Epoch 35] Batch 200/200 (100%)
[Epoch 35/700] train_loss=0.6083 val_loss=0.5957 lr=9.94e-04 (28s)
  [Epoch 36] Batch 50/200 (25%)
  [Epoch 36] Batch 100/200 (50%)
  [Epoch 36] Batch 150/200 (75%)
  [Epoch 36] Batch 200/200 (100%)
[Epoch 36/700] train_loss=0.6105 val_loss=0.5985 lr=9.93e-04 (29s)
  [Epoch 37] Batch 50/200 (25%)
  [Epoch 37] Batch 100/200 (50%)
  [Epoch 37] Batch 150/200 (75%)
  [Epoch 37] Batch 200/200 (100%)
[Epoch 37/700] train_loss=0.5936 val_loss=0.7162 lr=9.93e-04 (29s)
  [Epoch 38] Batch 50/200 (25%)
  [Epoch 38] Batch 100/200 (50%)
  [Epoch 38] Batch 150/200 (75%)
  [Epoch 38] Batch 200/200 (100%)
[Epoch 38/700] train_loss=0.6627 val_loss=0.5680 lr=9.93e-04 (29s)
  [Epoch 39] Batch 50/200 (25%)
  [Epoch 39] Batch 100/200 (50%)
  [Epoch 39] Batch 150/200 (75%)
  [Epoch 39] Batch 200/200 (100%)
[Epoch 39/700] train_loss=0.6116 val_loss=0.7960 lr=9.92e-04 (29s)
  [Epoch 40] Batch 50/200 (25%)
  [Epoch 40] Batch 100/200 (50%)
  [Epoch 40] Batch 150/200 (75%)
  [Epoch 40] Batch 200/200 (100%)
[Epoch 40/700] train_loss=0.6252 val_loss=0.5788 lr=9.92e-04 (29s)
  [Epoch 41] Batch 50/200 (25%)
  [Epoch 41] Batch 100/200 (50%)
  [Epoch 41] Batch 150/200 (75%)
  [Epoch 41] Batch 200/200 (100%)
[Epoch 41/700] train_loss=0.6262 val_loss=0.6019 lr=9.92e-04 (29s)
  [Epoch 42] Batch 50/200 (25%)
  [Epoch 42] Batch 100/200 (50%)
  [Epoch 42] Batch 150/200 (75%)
  [Epoch 42] Batch 200/200 (100%)
[Epoch 42/700] train_loss=0.5884 val_loss=0.6555 lr=9.91e-04 (29s)
  [Epoch 43] Batch 50/200 (25%)
  [Epoch 43] Batch 100/200 (50%)
  [Epoch 43] Batch 150/200 (75%)
  [Epoch 43] Batch 200/200 (100%)
[Epoch 43/700] train_loss=0.5905 val_loss=0.5573 lr=9.91e-04 (29s)
  [Epoch 44] Batch 50/200 (25%)
  [Epoch 44] Batch 100/200 (50%)
  [Epoch 44] Batch 150/200 (75%)
  [Epoch 44] Batch 200/200 (100%)
[Epoch 44/700] train_loss=0.6052 val_loss=0.6369 lr=9.90e-04 (29s)
  [Epoch 45] Batch 50/200 (25%)
  [Epoch 45] Batch 100/200 (50%)
  [Epoch 45] Batch 150/200 (75%)
  [Epoch 45] Batch 200/200 (100%)
[Epoch 45/700] train_loss=0.6346 val_loss=0.5685 lr=9.90e-04 (29s)
  [Epoch 46] Batch 50/200 (25%)
  [Epoch 46] Batch 100/200 (50%)
  [Epoch 46] Batch 150/200 (75%)
  [Epoch 46] Batch 200/200 (100%)
[Epoch 46/700] train_loss=0.5856 val_loss=0.7097 lr=9.89e-04 (29s)
  [Epoch 47] Batch 50/200 (25%)
  [Epoch 47] Batch 100/200 (50%)
  [Epoch 47] Batch 150/200 (75%)
  [Epoch 47] Batch 200/200 (100%)
[Epoch 47/700] train_loss=0.6063 val_loss=0.5653 lr=9.89e-04 (29s)
  [Epoch 48] Batch 50/200 (25%)
  [Epoch 48] Batch 100/200 (50%)
  [Epoch 48] Batch 150/200 (75%)
  [Epoch 48] Batch 200/200 (100%)
[Epoch 48/700] train_loss=0.6422 val_loss=0.6189 lr=9.88e-04 (29s)
  [Epoch 49] Batch 50/200 (25%)
  [Epoch 49] Batch 100/200 (50%)
  [Epoch 49] Batch 150/200 (75%)
  [Epoch 49] Batch 200/200 (100%)
[Epoch 49/700] train_loss=0.6003 val_loss=0.6296 lr=9.88e-04 (29s)
  [Epoch 50] Batch 50/200 (25%)
  [Epoch 50] Batch 100/200 (50%)
  [Epoch 50] Batch 150/200 (75%)
  [Epoch 50] Batch 200/200 (100%)
[Epoch 50/700] train_loss=0.6136 val_loss=0.7454 lr=9.87e-04 (29s)
  [Epoch 51] Batch 50/200 (25%)
  [Epoch 51] Batch 100/200 (50%)
  [Epoch 51] Batch 150/200 (75%)
  [Epoch 51] Batch 200/200 (100%)
[Epoch 51/700] train_loss=0.6114 val_loss=0.5908 lr=9.87e-04 (29s)
  [Epoch 52] Batch 50/200 (25%)
  [Epoch 52] Batch 100/200 (50%)
  [Epoch 52] Batch 150/200 (75%)
  [Epoch 52] Batch 200/200 (100%)
[Epoch 52/700] train_loss=0.5998 val_loss=0.6332 lr=9.86e-04 (29s)
  [Epoch 53] Batch 50/200 (25%)
  [Epoch 53] Batch 100/200 (50%)
  [Epoch 53] Batch 150/200 (75%)
  [Epoch 53] Batch 200/200 (100%)
[Epoch 53/700] train_loss=0.6086 val_loss=0.6615 lr=9.86e-04 (29s)
  [Epoch 54] Batch 50/200 (25%)
  [Epoch 54] Batch 100/200 (50%)
  [Epoch 54] Batch 150/200 (75%)
  [Epoch 54] Batch 200/200 (100%)
[Epoch 54/700] train_loss=0.5857 val_loss=0.8516 lr=9.85e-04 (28s)
  [Epoch 55] Batch 50/200 (25%)
  [Epoch 55] Batch 100/200 (50%)
  [Epoch 55] Batch 150/200 (75%)
  [Epoch 55] Batch 200/200 (100%)
[Epoch 55/700] train_loss=0.5925 val_loss=0.6177 lr=9.85e-04 (29s)
  [Epoch 56] Batch 50/200 (25%)
  [Epoch 56] Batch 100/200 (50%)
  [Epoch 56] Batch 150/200 (75%)
  [Epoch 56] Batch 200/200 (100%)
[Epoch 56/700] train_loss=0.5812 val_loss=0.6588 lr=9.84e-04 (29s)
  [Epoch 57] Batch 50/200 (25%)
  [Epoch 57] Batch 100/200 (50%)
  [Epoch 57] Batch 150/200 (75%)
  [Epoch 57] Batch 200/200 (100%)
[Epoch 57/700] train_loss=0.6372 val_loss=0.6103 lr=9.84e-04 (29s)
  [Epoch 58] Batch 50/200 (25%)
  [Epoch 58] Batch 100/200 (50%)
  [Epoch 58] Batch 150/200 (75%)
  [Epoch 58] Batch 200/200 (100%)
[Epoch 58/700] train_loss=0.5797 val_loss=0.5579 lr=9.83e-04 (29s)
  [Epoch 59] Batch 50/200 (25%)
  [Epoch 59] Batch 100/200 (50%)
  [Epoch 59] Batch 150/200 (75%)
  [Epoch 59] Batch 200/200 (100%)
[Epoch 59/700] train_loss=0.6110 val_loss=0.6379 lr=9.83e-04 (29s)
  [Epoch 60] Batch 50/200 (25%)
  [Epoch 60] Batch 100/200 (50%)
  [Epoch 60] Batch 150/200 (75%)
  [Epoch 60] Batch 200/200 (100%)
[Epoch 60/700] train_loss=0.5936 val_loss=0.5860 lr=9.82e-04 (29s)
  [Epoch 61] Batch 50/200 (25%)
  [Epoch 61] Batch 100/200 (50%)
  [Epoch 61] Batch 150/200 (75%)
  [Epoch 61] Batch 200/200 (100%)
[Epoch 61/700] train_loss=0.6294 val_loss=0.5946 lr=9.81e-04 (29s)
  [Epoch 62] Batch 50/200 (25%)
  [Epoch 62] Batch 100/200 (50%)
  [Epoch 62] Batch 150/200 (75%)
  [Epoch 62] Batch 200/200 (100%)
[Epoch 62/700] train_loss=0.5767 val_loss=0.6537 lr=9.81e-04 (29s)
  [Epoch 63] Batch 50/200 (25%)
  [Epoch 63] Batch 100/200 (50%)
  [Epoch 63] Batch 150/200 (75%)
  [Epoch 63] Batch 200/200 (100%)
[Epoch 63/700] train_loss=0.5772 val_loss=0.6206 lr=9.80e-04 (29s)
  [Epoch 64] Batch 50/200 (25%)
  [Epoch 64] Batch 100/200 (50%)
  [Epoch 64] Batch 150/200 (75%)
  [Epoch 64] Batch 200/200 (100%)
[Epoch 64/700] train_loss=0.6020 val_loss=0.5543 lr=9.80e-04 (29s)
  [Epoch 65] Batch 50/200 (25%)
  [Epoch 65] Batch 100/200 (50%)
  [Epoch 65] Batch 150/200 (75%)
  [Epoch 65] Batch 200/200 (100%)
[Epoch 65/700] train_loss=0.5809 val_loss=0.5813 lr=9.79e-04 (29s)
  [Epoch 66] Batch 50/200 (25%)
  [Epoch 66] Batch 100/200 (50%)
  [Epoch 66] Batch 150/200 (75%)
  [Epoch 66] Batch 200/200 (100%)
[Epoch 66/700] train_loss=0.5821 val_loss=0.7088 lr=9.78e-04 (29s)
  [Epoch 67] Batch 50/200 (25%)
  [Epoch 67] Batch 100/200 (50%)
  [Epoch 67] Batch 150/200 (75%)
  [Epoch 67] Batch 200/200 (100%)
[Epoch 67/700] train_loss=0.5838 val_loss=0.5414 lr=9.78e-04 (29s)
  [Epoch 68] Batch 50/200 (25%)
  [Epoch 68] Batch 100/200 (50%)
  [Epoch 68] Batch 150/200 (75%)
  [Epoch 68] Batch 200/200 (100%)
[Epoch 68/700] train_loss=0.5845 val_loss=0.5857 lr=9.77e-04 (29s)
  [Epoch 69] Batch 50/200 (25%)
  [Epoch 69] Batch 100/200 (50%)
  [Epoch 69] Batch 150/200 (75%)
  [Epoch 69] Batch 200/200 (100%)
[Epoch 69/700] train_loss=0.5907 val_loss=0.6154 lr=9.76e-04 (29s)
  [Epoch 70] Batch 50/200 (25%)
  [Epoch 70] Batch 100/200 (50%)
  [Epoch 70] Batch 150/200 (75%)
  [Epoch 70] Batch 200/200 (100%)
[Epoch 70/700] train_loss=0.5814 val_loss=0.5573 lr=9.76e-04 (29s)
  [Epoch 71] Batch 50/200 (25%)
  [Epoch 71] Batch 100/200 (50%)
  [Epoch 71] Batch 150/200 (75%)
  [Epoch 71] Batch 200/200 (100%)
[Epoch 71/700] train_loss=0.5879 val_loss=0.6323 lr=9.75e-04 (29s)
  [Epoch 72] Batch 50/200 (25%)
  [Epoch 72] Batch 100/200 (50%)
  [Epoch 72] Batch 150/200 (75%)
  [Epoch 72] Batch 200/200 (100%)
[Epoch 72/700] train_loss=0.5981 val_loss=0.6004 lr=9.74e-04 (29s)
  [Epoch 73] Batch 50/200 (25%)
  [Epoch 73] Batch 100/200 (50%)
  [Epoch 73] Batch 150/200 (75%)
  [Epoch 73] Batch 200/200 (100%)
[Epoch 73/700] train_loss=0.5573 val_loss=0.7377 lr=9.73e-04 (29s)
  [Epoch 74] Batch 50/200 (25%)
  [Epoch 74] Batch 100/200 (50%)
  [Epoch 74] Batch 150/200 (75%)
  [Epoch 74] Batch 200/200 (100%)
[Epoch 74/700] train_loss=0.5680 val_loss=0.5737 lr=9.73e-04 (28s)
  [Epoch 75] Batch 50/200 (25%)
  [Epoch 75] Batch 100/200 (50%)
  [Epoch 75] Batch 150/200 (75%)
  [Epoch 75] Batch 200/200 (100%)
[Epoch 75/700] train_loss=0.6165 val_loss=0.5957 lr=9.72e-04 (29s)
  [Epoch 76] Batch 50/200 (25%)
  [Epoch 76] Batch 100/200 (50%)
  [Epoch 76] Batch 150/200 (75%)
  [Epoch 76] Batch 200/200 (100%)
[Epoch 76/700] train_loss=0.6037 val_loss=0.5843 lr=9.71e-04 (29s)
  [Epoch 77] Batch 50/200 (25%)
  [Epoch 77] Batch 100/200 (50%)
  [Epoch 77] Batch 150/200 (75%)
  [Epoch 77] Batch 200/200 (100%)
[Epoch 77/700] train_loss=0.5881 val_loss=0.5706 lr=9.70e-04 (29s)
  [Epoch 78] Batch 50/200 (25%)
  [Epoch 78] Batch 100/200 (50%)
  [Epoch 78] Batch 150/200 (75%)
  [Epoch 78] Batch 200/200 (100%)
[Epoch 78/700] train_loss=0.5652 val_loss=0.5665 lr=9.70e-04 (29s)
  [Epoch 79] Batch 50/200 (25%)
  [Epoch 79] Batch 100/200 (50%)
  [Epoch 79] Batch 150/200 (75%)
  [Epoch 79] Batch 200/200 (100%)
[Epoch 79/700] train_loss=0.5643 val_loss=0.5481 lr=9.69e-04 (29s)
  [Epoch 80] Batch 50/200 (25%)
  [Epoch 80] Batch 100/200 (50%)
  [Epoch 80] Batch 150/200 (75%)
  [Epoch 80] Batch 200/200 (100%)
[Epoch 80/700] train_loss=0.5987 val_loss=0.5642 lr=9.68e-04 (29s)
  [Epoch 81] Batch 50/200 (25%)
  [Epoch 81] Batch 100/200 (50%)
  [Epoch 81] Batch 150/200 (75%)
  [Epoch 81] Batch 200/200 (100%)
[Epoch 81/700] train_loss=0.5531 val_loss=0.5859 lr=9.67e-04 (29s)
  [Epoch 82] Batch 50/200 (25%)
  [Epoch 82] Batch 100/200 (50%)
  [Epoch 82] Batch 150/200 (75%)
  [Epoch 82] Batch 200/200 (100%)
[Epoch 82/700] train_loss=0.6018 val_loss=0.6056 lr=9.67e-04 (29s)
  [Epoch 83] Batch 50/200 (25%)
  [Epoch 83] Batch 100/200 (50%)
  [Epoch 83] Batch 150/200 (75%)
  [Epoch 83] Batch 200/200 (100%)
[Epoch 83/700] train_loss=0.5888 val_loss=0.5500 lr=9.66e-04 (29s)
  [Epoch 84] Batch 50/200 (25%)
  [Epoch 84] Batch 100/200 (50%)
  [Epoch 84] Batch 150/200 (75%)
  [Epoch 84] Batch 200/200 (100%)
[Epoch 84/700] train_loss=0.5948 val_loss=0.5700 lr=9.65e-04 (29s)
  [Epoch 85] Batch 50/200 (25%)
  [Epoch 85] Batch 100/200 (50%)
  [Epoch 85] Batch 150/200 (75%)
  [Epoch 85] Batch 200/200 (100%)
[Epoch 85/700] train_loss=0.5501 val_loss=0.6578 lr=9.64e-04 (29s)
  [Epoch 86] Batch 50/200 (25%)
  [Epoch 86] Batch 100/200 (50%)
  [Epoch 86] Batch 150/200 (75%)
  [Epoch 86] Batch 200/200 (100%)
[Epoch 86/700] train_loss=0.6052 val_loss=0.8364 lr=9.63e-04 (28s)
  [Epoch 87] Batch 50/200 (25%)
  [Epoch 87] Batch 100/200 (50%)
  [Epoch 87] Batch 150/200 (75%)
  [Epoch 87] Batch 200/200 (100%)
[Epoch 87/700] train_loss=0.5713 val_loss=0.5775 lr=9.62e-04 (28s)
  [Epoch 88] Batch 50/200 (25%)
  [Epoch 88] Batch 100/200 (50%)
  [Epoch 88] Batch 150/200 (75%)
  [Epoch 88] Batch 200/200 (100%)
[Epoch 88/700] train_loss=0.5757 val_loss=0.5608 lr=9.62e-04 (28s)
  [Epoch 89] Batch 50/200 (25%)
  [Epoch 89] Batch 100/200 (50%)
  [Epoch 89] Batch 150/200 (75%)
  [Epoch 89] Batch 200/200 (100%)
[Epoch 89/700] train_loss=0.5661 val_loss=0.5594 lr=9.61e-04 (28s)
  [Epoch 90] Batch 50/200 (25%)
  [Epoch 90] Batch 100/200 (50%)
  [Epoch 90] Batch 150/200 (75%)
  [Epoch 90] Batch 200/200 (100%)
[Epoch 90/700] train_loss=0.5865 val_loss=0.5867 lr=9.60e-04 (29s)
  [Epoch 91] Batch 50/200 (25%)
  [Epoch 91] Batch 100/200 (50%)
  [Epoch 91] Batch 150/200 (75%)
  [Epoch 91] Batch 200/200 (100%)
[Epoch 91/700] train_loss=0.5730 val_loss=0.5660 lr=9.59e-04 (28s)
  [Epoch 92] Batch 50/200 (25%)
  [Epoch 92] Batch 100/200 (50%)
  [Epoch 92] Batch 150/200 (75%)
  [Epoch 92] Batch 200/200 (100%)
[Epoch 92/700] train_loss=0.5683 val_loss=0.5625 lr=9.58e-04 (28s)
  [Epoch 93] Batch 50/200 (25%)
  [Epoch 93] Batch 100/200 (50%)
  [Epoch 93] Batch 150/200 (75%)
  [Epoch 93] Batch 200/200 (100%)
[Epoch 93/700] train_loss=0.5657 val_loss=0.5443 lr=9.57e-04 (29s)
  [Epoch 94] Batch 50/200 (25%)
  [Epoch 94] Batch 100/200 (50%)
  [Epoch 94] Batch 150/200 (75%)
  [Epoch 94] Batch 200/200 (100%)
[Epoch 94/700] train_loss=0.6105 val_loss=0.6433 lr=9.56e-04 (29s)
  [Epoch 95] Batch 50/200 (25%)
  [Epoch 95] Batch 100/200 (50%)
  [Epoch 95] Batch 150/200 (75%)
  [Epoch 95] Batch 200/200 (100%)
[Epoch 95/700] train_loss=0.5602 val_loss=0.5623 lr=9.55e-04 (29s)
  [Epoch 96] Batch 50/200 (25%)
  [Epoch 96] Batch 100/200 (50%)
  [Epoch 96] Batch 150/200 (75%)
  [Epoch 96] Batch 200/200 (100%)
[Epoch 96/700] train_loss=0.5610 val_loss=0.5483 lr=9.54e-04 (29s)
  [Epoch 97] Batch 50/200 (25%)
  [Epoch 97] Batch 100/200 (50%)
  [Epoch 97] Batch 150/200 (75%)
  [Epoch 97] Batch 200/200 (100%)
[Epoch 97/700] train_loss=0.5540 val_loss=0.5314 lr=9.53e-04 (29s)
  [Epoch 98] Batch 50/200 (25%)
  [Epoch 98] Batch 100/200 (50%)
  [Epoch 98] Batch 150/200 (75%)
  [Epoch 98] Batch 200/200 (100%)
[Epoch 98/700] train_loss=0.5640 val_loss=0.5699 lr=9.52e-04 (28s)
  [Epoch 99] Batch 50/200 (25%)
  [Epoch 99] Batch 100/200 (50%)
  [Epoch 99] Batch 150/200 (75%)
  [Epoch 99] Batch 200/200 (100%)
[Epoch 99/700] train_loss=0.5598 val_loss=0.7473 lr=9.51e-04 (29s)
  [Epoch 100] Batch 50/200 (25%)
  [Epoch 100] Batch 100/200 (50%)
  [Epoch 100] Batch 150/200 (75%)
  [Epoch 100] Batch 200/200 (100%)
[Epoch 100/700] train_loss=0.5356 val_loss=0.5779 lr=9.50e-04 (28s)
  [Epoch 101] Batch 50/200 (25%)
  [Epoch 101] Batch 100/200 (50%)
  [Epoch 101] Batch 150/200 (75%)
  [Epoch 101] Batch 200/200 (100%)
[Epoch 101/700] train_loss=0.5698 val_loss=0.5500 lr=9.50e-04 (29s)
  [Epoch 102] Batch 50/200 (25%)
  [Epoch 102] Batch 100/200 (50%)
  [Epoch 102] Batch 150/200 (75%)
  [Epoch 102] Batch 200/200 (100%)
[Epoch 102/700] train_loss=0.5707 val_loss=0.5305 lr=9.49e-04 (29s)
  [Epoch 103] Batch 50/200 (25%)
  [Epoch 103] Batch 100/200 (50%)
  [Epoch 103] Batch 150/200 (75%)
  [Epoch 103] Batch 200/200 (100%)
[Epoch 103/700] train_loss=0.5793 val_loss=0.5454 lr=9.48e-04 (29s)
  [Epoch 104] Batch 50/200 (25%)
  [Epoch 104] Batch 100/200 (50%)
  [Epoch 104] Batch 150/200 (75%)
  [Epoch 104] Batch 200/200 (100%)
[Epoch 104/700] train_loss=0.5670 val_loss=0.5612 lr=9.47e-04 (28s)
  [Epoch 105] Batch 50/200 (25%)
  [Epoch 105] Batch 100/200 (50%)
  [Epoch 105] Batch 150/200 (75%)
  [Epoch 105] Batch 200/200 (100%)
[Epoch 105/700] train_loss=0.5688 val_loss=0.5711 lr=9.46e-04 (28s)
  [Epoch 106] Batch 50/200 (25%)
  [Epoch 106] Batch 100/200 (50%)
  [Epoch 106] Batch 150/200 (75%)
  [Epoch 106] Batch 200/200 (100%)
[Epoch 106/700] train_loss=0.5703 val_loss=0.8471 lr=9.44e-04 (29s)
  [Epoch 107] Batch 50/200 (25%)
  [Epoch 107] Batch 100/200 (50%)
  [Epoch 107] Batch 150/200 (75%)
  [Epoch 107] Batch 200/200 (100%)
[Epoch 107/700] train_loss=0.5716 val_loss=0.5309 lr=9.43e-04 (28s)
  [Epoch 108] Batch 50/200 (25%)
  [Epoch 108] Batch 100/200 (50%)
  [Epoch 108] Batch 150/200 (75%)
  [Epoch 108] Batch 200/200 (100%)
[Epoch 108/700] train_loss=0.5529 val_loss=0.5311 lr=9.42e-04 (28s)
  [Epoch 109] Batch 50/200 (25%)
  [Epoch 109] Batch 100/200 (50%)
  [Epoch 109] Batch 150/200 (75%)
  [Epoch 109] Batch 200/200 (100%)
[Epoch 109/700] train_loss=0.5484 val_loss=0.6309 lr=9.41e-04 (29s)
  [Epoch 110] Batch 50/200 (25%)
  [Epoch 110] Batch 100/200 (50%)
  [Epoch 110] Batch 150/200 (75%)
  [Epoch 110] Batch 200/200 (100%)
[Epoch 110/700] train_loss=0.5587 val_loss=0.5331 lr=9.40e-04 (29s)
  [Epoch 111] Batch 50/200 (25%)
  [Epoch 111] Batch 100/200 (50%)
  [Epoch 111] Batch 150/200 (75%)
  [Epoch 111] Batch 200/200 (100%)
[Epoch 111/700] train_loss=0.5580 val_loss=0.6526 lr=9.39e-04 (29s)
  [Epoch 112] Batch 50/200 (25%)
  [Epoch 112] Batch 100/200 (50%)
  [Epoch 112] Batch 150/200 (75%)
  [Epoch 112] Batch 200/200 (100%)
[Epoch 112/700] train_loss=0.5587 val_loss=0.5289 lr=9.38e-04 (29s)
  [Epoch 113] Batch 50/200 (25%)
  [Epoch 113] Batch 100/200 (50%)
  [Epoch 113] Batch 150/200 (75%)
  [Epoch 113] Batch 200/200 (100%)
[Epoch 113/700] train_loss=0.5436 val_loss=0.6458 lr=9.37e-04 (28s)
  [Epoch 114] Batch 50/200 (25%)
  [Epoch 114] Batch 100/200 (50%)
  [Epoch 114] Batch 150/200 (75%)
  [Epoch 114] Batch 200/200 (100%)
[Epoch 114/700] train_loss=0.5765 val_loss=0.5415 lr=9.36e-04 (28s)
  [Epoch 115] Batch 50/200 (25%)
  [Epoch 115] Batch 100/200 (50%)
  [Epoch 115] Batch 150/200 (75%)
  [Epoch 115] Batch 200/200 (100%)
[Epoch 115/700] train_loss=0.5524 val_loss=0.5270 lr=9.35e-04 (29s)
  [Epoch 116] Batch 50/200 (25%)
  [Epoch 116] Batch 100/200 (50%)
  [Epoch 116] Batch 150/200 (75%)
  [Epoch 116] Batch 200/200 (100%)
[Epoch 116/700] train_loss=0.5518 val_loss=0.5630 lr=9.34e-04 (29s)
  [Epoch 117] Batch 50/200 (25%)
  [Epoch 117] Batch 100/200 (50%)
  [Epoch 117] Batch 150/200 (75%)
  [Epoch 117] Batch 200/200 (100%)
[Epoch 117/700] train_loss=0.5506 val_loss=0.5425 lr=9.33e-04 (29s)
  [Epoch 118] Batch 50/200 (25%)
  [Epoch 118] Batch 100/200 (50%)
  [Epoch 118] Batch 150/200 (75%)
  [Epoch 118] Batch 200/200 (100%)
[Epoch 118/700] train_loss=0.5674 val_loss=0.5380 lr=9.32e-04 (29s)
  [Epoch 119] Batch 50/200 (25%)
  [Epoch 119] Batch 100/200 (50%)
  [Epoch 119] Batch 150/200 (75%)
  [Epoch 119] Batch 200/200 (100%)
[Epoch 119/700] train_loss=0.5586 val_loss=0.5601 lr=9.30e-04 (28s)
  [Epoch 120] Batch 50/200 (25%)
  [Epoch 120] Batch 100/200 (50%)
  [Epoch 120] Batch 150/200 (75%)
  [Epoch 120] Batch 200/200 (100%)
[Epoch 120/700] train_loss=0.5366 val_loss=0.6038 lr=9.29e-04 (29s)
  [Epoch 121] Batch 50/200 (25%)
  [Epoch 121] Batch 100/200 (50%)
  [Epoch 121] Batch 150/200 (75%)
  [Epoch 121] Batch 200/200 (100%)
[Epoch 121/700] train_loss=0.5471 val_loss=0.6278 lr=9.28e-04 (29s)
  [Epoch 122] Batch 50/200 (25%)
  [Epoch 122] Batch 100/200 (50%)
  [Epoch 122] Batch 150/200 (75%)
  [Epoch 122] Batch 200/200 (100%)
[Epoch 122/700] train_loss=0.5508 val_loss=0.5853 lr=9.27e-04 (28s)
  [Epoch 123] Batch 50/200 (25%)
  [Epoch 123] Batch 100/200 (50%)
  [Epoch 123] Batch 150/200 (75%)
  [Epoch 123] Batch 200/200 (100%)
[Epoch 123/700] train_loss=0.5465 val_loss=0.5489 lr=9.26e-04 (28s)
  [Epoch 124] Batch 50/200 (25%)
  [Epoch 124] Batch 100/200 (50%)
  [Epoch 124] Batch 150/200 (75%)
  [Epoch 124] Batch 200/200 (100%)
[Epoch 124/700] train_loss=0.5395 val_loss=0.5537 lr=9.25e-04 (29s)
  [Epoch 125] Batch 50/200 (25%)
  [Epoch 125] Batch 100/200 (50%)
  [Epoch 125] Batch 150/200 (75%)
  [Epoch 125] Batch 200/200 (100%)
[Epoch 125/700] train_loss=0.5534 val_loss=0.5419 lr=9.23e-04 (28s)
  [Epoch 126] Batch 50/200 (25%)
  [Epoch 126] Batch 100/200 (50%)
  [Epoch 126] Batch 150/200 (75%)
  [Epoch 126] Batch 200/200 (100%)
[Epoch 126/700] train_loss=0.5340 val_loss=0.5368 lr=9.22e-04 (29s)
  [Epoch 127] Batch 50/200 (25%)
  [Epoch 127] Batch 100/200 (50%)
  [Epoch 127] Batch 150/200 (75%)
  [Epoch 127] Batch 200/200 (100%)
[Epoch 127/700] train_loss=0.5517 val_loss=0.5372 lr=9.21e-04 (28s)
  [Epoch 128] Batch 50/200 (25%)
  [Epoch 128] Batch 100/200 (50%)
  [Epoch 128] Batch 150/200 (75%)
  [Epoch 128] Batch 200/200 (100%)
[Epoch 128/700] train_loss=0.5451 val_loss=0.5335 lr=9.20e-04 (29s)
  [Epoch 129] Batch 50/200 (25%)
  [Epoch 129] Batch 100/200 (50%)
  [Epoch 129] Batch 150/200 (75%)
  [Epoch 129] Batch 200/200 (100%)
[Epoch 129/700] train_loss=0.5640 val_loss=0.5275 lr=9.19e-04 (29s)
  [Epoch 130] Batch 50/200 (25%)
  [Epoch 130] Batch 100/200 (50%)
  [Epoch 130] Batch 150/200 (75%)
  [Epoch 130] Batch 200/200 (100%)
[Epoch 130/700] train_loss=0.5464 val_loss=0.5295 lr=9.17e-04 (28s)
  [Epoch 131] Batch 50/200 (25%)
  [Epoch 131] Batch 100/200 (50%)
  [Epoch 131] Batch 150/200 (75%)
  [Epoch 131] Batch 200/200 (100%)
[Epoch 131/700] train_loss=0.5579 val_loss=0.5357 lr=9.16e-04 (29s)
  [Epoch 132] Batch 50/200 (25%)
  [Epoch 132] Batch 100/200 (50%)
  [Epoch 132] Batch 150/200 (75%)
  [Epoch 132] Batch 200/200 (100%)
[Epoch 132/700] train_loss=0.5419 val_loss=0.5655 lr=9.15e-04 (29s)
  [Epoch 133] Batch 50/200 (25%)
  [Epoch 133] Batch 100/200 (50%)
  [Epoch 133] Batch 150/200 (75%)
  [Epoch 133] Batch 200/200 (100%)
[Epoch 133/700] train_loss=0.5584 val_loss=0.5415 lr=9.14e-04 (29s)
  [Epoch 134] Batch 50/200 (25%)
  [Epoch 134] Batch 100/200 (50%)
  [Epoch 134] Batch 150/200 (75%)
  [Epoch 134] Batch 200/200 (100%)
[Epoch 134/700] train_loss=0.5556 val_loss=0.5324 lr=9.12e-04 (29s)
  [Epoch 135] Batch 50/200 (25%)
  [Epoch 135] Batch 100/200 (50%)
  [Epoch 135] Batch 150/200 (75%)
  [Epoch 135] Batch 200/200 (100%)
[Epoch 135/700] train_loss=0.5611 val_loss=0.5445 lr=9.11e-04 (29s)
  [Epoch 136] Batch 50/200 (25%)
  [Epoch 136] Batch 100/200 (50%)
  [Epoch 136] Batch 150/200 (75%)
  [Epoch 136] Batch 200/200 (100%)
[Epoch 136/700] train_loss=0.5382 val_loss=0.6138 lr=9.10e-04 (29s)
  [Epoch 137] Batch 50/200 (25%)
  [Epoch 137] Batch 100/200 (50%)
  [Epoch 137] Batch 150/200 (75%)
  [Epoch 137] Batch 200/200 (100%)
[Epoch 137/700] train_loss=0.5492 val_loss=0.5452 lr=9.08e-04 (29s)
  [Epoch 138] Batch 50/200 (25%)
  [Epoch 138] Batch 100/200 (50%)
  [Epoch 138] Batch 150/200 (75%)
  [Epoch 138] Batch 200/200 (100%)
[Epoch 138/700] train_loss=0.5387 val_loss=0.5342 lr=9.07e-04 (29s)
  [Epoch 139] Batch 50/200 (25%)
  [Epoch 139] Batch 100/200 (50%)
  [Epoch 139] Batch 150/200 (75%)
  [Epoch 139] Batch 200/200 (100%)
[Epoch 139/700] train_loss=0.5360 val_loss=0.5418 lr=9.06e-04 (29s)
  [Epoch 140] Batch 50/200 (25%)
  [Epoch 140] Batch 100/200 (50%)
  [Epoch 140] Batch 150/200 (75%)
  [Epoch 140] Batch 200/200 (100%)
[Epoch 140/700] train_loss=0.5444 val_loss=0.5313 lr=9.05e-04 (29s)
  [Epoch 141] Batch 50/200 (25%)
  [Epoch 141] Batch 100/200 (50%)
  [Epoch 141] Batch 150/200 (75%)
  [Epoch 141] Batch 200/200 (100%)
[Epoch 141/700] train_loss=0.5375 val_loss=0.5341 lr=9.03e-04 (29s)
  [Epoch 142] Batch 50/200 (25%)
  [Epoch 142] Batch 100/200 (50%)
  [Epoch 142] Batch 150/200 (75%)
  [Epoch 142] Batch 200/200 (100%)
[Epoch 142/700] train_loss=0.5496 val_loss=0.5260 lr=9.02e-04 (29s)
  [Epoch 143] Batch 50/200 (25%)
  [Epoch 143] Batch 100/200 (50%)
  [Epoch 143] Batch 150/200 (75%)
  [Epoch 143] Batch 200/200 (100%)
[Epoch 143/700] train_loss=0.5436 val_loss=0.5396 lr=9.01e-04 (28s)
  [Epoch 144] Batch 50/200 (25%)
  [Epoch 144] Batch 100/200 (50%)
  [Epoch 144] Batch 150/200 (75%)
  [Epoch 144] Batch 200/200 (100%)
[Epoch 144/700] train_loss=0.5420 val_loss=0.5398 lr=8.99e-04 (28s)
  [Epoch 145] Batch 50/200 (25%)
  [Epoch 145] Batch 100/200 (50%)
  [Epoch 145] Batch 150/200 (75%)
  [Epoch 145] Batch 200/200 (100%)
[Epoch 145/700] train_loss=0.5344 val_loss=0.5637 lr=8.98e-04 (29s)
  [Epoch 146] Batch 50/200 (25%)
  [Epoch 146] Batch 100/200 (50%)
  [Epoch 146] Batch 150/200 (75%)
  [Epoch 146] Batch 200/200 (100%)
[Epoch 146/700] train_loss=0.5357 val_loss=0.5445 lr=8.96e-04 (29s)
  [Epoch 147] Batch 50/200 (25%)
  [Epoch 147] Batch 100/200 (50%)
  [Epoch 147] Batch 150/200 (75%)
  [Epoch 147] Batch 200/200 (100%)
[Epoch 147/700] train_loss=0.5440 val_loss=0.5333 lr=8.95e-04 (29s)
  [Epoch 148] Batch 50/200 (25%)
  [Epoch 148] Batch 100/200 (50%)
  [Epoch 148] Batch 150/200 (75%)
  [Epoch 148] Batch 200/200 (100%)
[Epoch 148/700] train_loss=0.5347 val_loss=0.5301 lr=8.94e-04 (29s)
  [Epoch 149] Batch 50/200 (25%)
  [Epoch 149] Batch 100/200 (50%)
  [Epoch 149] Batch 150/200 (75%)
  [Epoch 149] Batch 200/200 (100%)
[Epoch 149/700] train_loss=0.5476 val_loss=0.5219 lr=8.92e-04 (29s)
  [Epoch 150] Batch 50/200 (25%)
  [Epoch 150] Batch 100/200 (50%)
  [Epoch 150] Batch 150/200 (75%)
  [Epoch 150] Batch 200/200 (100%)
[Epoch 150/700] train_loss=0.5699 val_loss=0.5730 lr=8.91e-04 (29s)
  [Epoch 151] Batch 50/200 (25%)
  [Epoch 151] Batch 100/200 (50%)
  [Epoch 151] Batch 150/200 (75%)
  [Epoch 151] Batch 200/200 (100%)
[Epoch 151/700] train_loss=0.5351 val_loss=0.5244 lr=8.90e-04 (29s)
  [Epoch 152] Batch 50/200 (25%)
  [Epoch 152] Batch 100/200 (50%)
  [Epoch 152] Batch 150/200 (75%)
  [Epoch 152] Batch 200/200 (100%)
[Epoch 152/700] train_loss=0.5579 val_loss=0.8134 lr=8.88e-04 (29s)
  [Epoch 153] Batch 50/200 (25%)
  [Epoch 153] Batch 100/200 (50%)
  [Epoch 153] Batch 150/200 (75%)
  [Epoch 153] Batch 200/200 (100%)
[Epoch 153/700] train_loss=0.5548 val_loss=0.5279 lr=8.87e-04 (29s)
  [Epoch 154] Batch 50/200 (25%)
  [Epoch 154] Batch 100/200 (50%)
  [Epoch 154] Batch 150/200 (75%)
  [Epoch 154] Batch 200/200 (100%)
[Epoch 154/700] train_loss=0.5571 val_loss=0.5171 lr=8.85e-04 (29s)
  [Epoch 155] Batch 50/200 (25%)
  [Epoch 155] Batch 100/200 (50%)
  [Epoch 155] Batch 150/200 (75%)
  [Epoch 155] Batch 200/200 (100%)
[Epoch 155/700] train_loss=0.5449 val_loss=0.5590 lr=8.84e-04 (29s)
  [Epoch 156] Batch 50/200 (25%)
  [Epoch 156] Batch 100/200 (50%)
  [Epoch 156] Batch 150/200 (75%)
  [Epoch 156] Batch 200/200 (100%)
[Epoch 156/700] train_loss=0.5287 val_loss=0.5589 lr=8.82e-04 (28s)
  [Epoch 157] Batch 50/200 (25%)
  [Epoch 157] Batch 100/200 (50%)
  [Epoch 157] Batch 150/200 (75%)
  [Epoch 157] Batch 200/200 (100%)
[Epoch 157/700] train_loss=0.5262 val_loss=0.5282 lr=8.81e-04 (28s)
  [Epoch 158] Batch 50/200 (25%)
  [Epoch 158] Batch 100/200 (50%)
  [Epoch 158] Batch 150/200 (75%)
  [Epoch 158] Batch 200/200 (100%)
[Epoch 158/700] train_loss=0.5159 val_loss=0.5988 lr=8.79e-04 (28s)
  [Epoch 159] Batch 50/200 (25%)
  [Epoch 159] Batch 100/200 (50%)
  [Epoch 159] Batch 150/200 (75%)
  [Epoch 159] Batch 200/200 (100%)
[Epoch 159/700] train_loss=0.5350 val_loss=0.5128 lr=8.78e-04 (29s)
  [Epoch 160] Batch 50/200 (25%)
  [Epoch 160] Batch 100/200 (50%)
  [Epoch 160] Batch 150/200 (75%)
  [Epoch 160] Batch 200/200 (100%)
[Epoch 160/700] train_loss=0.5282 val_loss=0.5195 lr=8.77e-04 (28s)
  [Epoch 161] Batch 50/200 (25%)
  [Epoch 161] Batch 100/200 (50%)
  [Epoch 161] Batch 150/200 (75%)
  [Epoch 161] Batch 200/200 (100%)
[Epoch 161/700] train_loss=0.5237 val_loss=0.5171 lr=8.75e-04 (29s)
  [Epoch 162] Batch 50/200 (25%)
  [Epoch 162] Batch 100/200 (50%)
  [Epoch 162] Batch 150/200 (75%)
  [Epoch 162] Batch 200/200 (100%)
[Epoch 162/700] train_loss=0.5304 val_loss=0.5231 lr=8.74e-04 (29s)
  [Epoch 163] Batch 50/200 (25%)
  [Epoch 163] Batch 100/200 (50%)
  [Epoch 163] Batch 150/200 (75%)
  [Epoch 163] Batch 200/200 (100%)
[Epoch 163/700] train_loss=0.5364 val_loss=0.5205 lr=8.72e-04 (29s)
  [Epoch 164] Batch 50/200 (25%)
  [Epoch 164] Batch 100/200 (50%)
  [Epoch 164] Batch 150/200 (75%)
  [Epoch 164] Batch 200/200 (100%)
[Epoch 164/700] train_loss=0.5241 val_loss=0.5434 lr=8.71e-04 (28s)
  [Epoch 165] Batch 50/200 (25%)
  [Epoch 165] Batch 100/200 (50%)
  [Epoch 165] Batch 150/200 (75%)
  [Epoch 165] Batch 200/200 (100%)
[Epoch 165/700] train_loss=0.5226 val_loss=0.5317 lr=8.69e-04 (28s)
  [Epoch 166] Batch 50/200 (25%)
  [Epoch 166] Batch 100/200 (50%)
  [Epoch 166] Batch 150/200 (75%)
  [Epoch 166] Batch 200/200 (100%)
[Epoch 166/700] train_loss=0.5304 val_loss=0.5189 lr=8.68e-04 (28s)
  [Epoch 167] Batch 50/200 (25%)
  [Epoch 167] Batch 100/200 (50%)
  [Epoch 167] Batch 150/200 (75%)
  [Epoch 167] Batch 200/200 (100%)
[Epoch 167/700] train_loss=0.5339 val_loss=0.5221 lr=8.66e-04 (29s)
  [Epoch 168] Batch 50/200 (25%)
  [Epoch 168] Batch 100/200 (50%)
  [Epoch 168] Batch 150/200 (75%)
  [Epoch 168] Batch 200/200 (100%)
[Epoch 168/700] train_loss=0.5368 val_loss=0.5564 lr=8.64e-04 (29s)
  [Epoch 169] Batch 50/200 (25%)
  [Epoch 169] Batch 100/200 (50%)
  [Epoch 169] Batch 150/200 (75%)
  [Epoch 169] Batch 200/200 (100%)
[Epoch 169/700] train_loss=0.5265 val_loss=0.5609 lr=8.63e-04 (28s)
  [Epoch 170] Batch 50/200 (25%)
  [Epoch 170] Batch 100/200 (50%)
  [Epoch 170] Batch 150/200 (75%)
  [Epoch 170] Batch 200/200 (100%)
[Epoch 170/700] train_loss=0.5319 val_loss=0.5347 lr=8.61e-04 (29s)
  [Epoch 171] Batch 50/200 (25%)
  [Epoch 171] Batch 100/200 (50%)
  [Epoch 171] Batch 150/200 (75%)
  [Epoch 171] Batch 200/200 (100%)
[Epoch 171/700] train_loss=0.5350 val_loss=0.5204 lr=8.60e-04 (29s)
  [Epoch 172] Batch 50/200 (25%)
  [Epoch 172] Batch 100/200 (50%)
  [Epoch 172] Batch 150/200 (75%)
  [Epoch 172] Batch 200/200 (100%)
[Epoch 172/700] train_loss=0.5521 val_loss=0.5744 lr=8.58e-04 (29s)
  [Epoch 173] Batch 50/200 (25%)
  [Epoch 173] Batch 100/200 (50%)
  [Epoch 173] Batch 150/200 (75%)
  [Epoch 173] Batch 200/200 (100%)
[Epoch 173/700] train_loss=0.5245 val_loss=0.5173 lr=8.57e-04 (28s)
  [Epoch 174] Batch 50/200 (25%)
  [Epoch 174] Batch 100/200 (50%)
  [Epoch 174] Batch 150/200 (75%)
  [Epoch 174] Batch 200/200 (100%)
[Epoch 174/700] train_loss=0.5476 val_loss=0.5278 lr=8.55e-04 (29s)
  [Epoch 175] Batch 50/200 (25%)
  [Epoch 175] Batch 100/200 (50%)
  [Epoch 175] Batch 150/200 (75%)
  [Epoch 175] Batch 200/200 (100%)
[Epoch 175/700] train_loss=0.5278 val_loss=0.5048 lr=8.54e-04 (29s)
  [Epoch 176] Batch 50/200 (25%)
  [Epoch 176] Batch 100/200 (50%)
  [Epoch 176] Batch 150/200 (75%)
  [Epoch 176] Batch 200/200 (100%)
[Epoch 176/700] train_loss=0.5534 val_loss=0.5249 lr=8.52e-04 (29s)
  [Epoch 177] Batch 50/200 (25%)
  [Epoch 177] Batch 100/200 (50%)
  [Epoch 177] Batch 150/200 (75%)
  [Epoch 177] Batch 200/200 (100%)
[Epoch 177/700] train_loss=0.5295 val_loss=0.5440 lr=8.50e-04 (28s)
  [Epoch 178] Batch 50/200 (25%)
  [Epoch 178] Batch 100/200 (50%)
  [Epoch 178] Batch 150/200 (75%)
  [Epoch 178] Batch 200/200 (100%)
[Epoch 178/700] train_loss=0.5195 val_loss=0.5173 lr=8.49e-04 (29s)
  [Epoch 179] Batch 50/200 (25%)
  [Epoch 179] Batch 100/200 (50%)
  [Epoch 179] Batch 150/200 (75%)
  [Epoch 179] Batch 200/200 (100%)
[Epoch 179/700] train_loss=0.5240 val_loss=0.5650 lr=8.47e-04 (29s)
  [Epoch 180] Batch 50/200 (25%)
  [Epoch 180] Batch 100/200 (50%)
  [Epoch 180] Batch 150/200 (75%)
  [Epoch 180] Batch 200/200 (100%)
[Epoch 180/700] train_loss=0.5248 val_loss=0.5185 lr=8.46e-04 (28s)
  [Epoch 181] Batch 50/200 (25%)
  [Epoch 181] Batch 100/200 (50%)
  [Epoch 181] Batch 150/200 (75%)
  [Epoch 181] Batch 200/200 (100%)
[Epoch 181/700] train_loss=0.5227 val_loss=0.5213 lr=8.44e-04 (29s)
  [Epoch 182] Batch 50/200 (25%)
  [Epoch 182] Batch 100/200 (50%)
  [Epoch 182] Batch 150/200 (75%)
  [Epoch 182] Batch 200/200 (100%)
[Epoch 182/700] train_loss=0.5200 val_loss=0.5174 lr=8.42e-04 (28s)
  [Epoch 183] Batch 50/200 (25%)
  [Epoch 183] Batch 100/200 (50%)
  [Epoch 183] Batch 150/200 (75%)
  [Epoch 183] Batch 200/200 (100%)
[Epoch 183/700] train_loss=0.5489 val_loss=0.5117 lr=8.41e-04 (28s)
  [Epoch 184] Batch 50/200 (25%)
  [Epoch 184] Batch 100/200 (50%)
  [Epoch 184] Batch 150/200 (75%)
  [Epoch 184] Batch 200/200 (100%)
[Epoch 184/700] train_loss=0.5199 val_loss=0.5106 lr=8.39e-04 (28s)
  [Epoch 185] Batch 50/200 (25%)
  [Epoch 185] Batch 100/200 (50%)
  [Epoch 185] Batch 150/200 (75%)
  [Epoch 185] Batch 200/200 (100%)
[Epoch 185/700] train_loss=0.5357 val_loss=0.5109 lr=8.37e-04 (29s)
  [Epoch 186] Batch 50/200 (25%)
  [Epoch 186] Batch 100/200 (50%)
  [Epoch 186] Batch 150/200 (75%)
  [Epoch 186] Batch 200/200 (100%)
[Epoch 186/700] train_loss=0.5180 val_loss=0.5388 lr=8.36e-04 (29s)
  [Epoch 187] Batch 50/200 (25%)
  [Epoch 187] Batch 100/200 (50%)
  [Epoch 187] Batch 150/200 (75%)
  [Epoch 187] Batch 200/200 (100%)
[Epoch 187/700] train_loss=0.5436 val_loss=0.5299 lr=8.34e-04 (29s)
  [Epoch 188] Batch 50/200 (25%)
  [Epoch 188] Batch 100/200 (50%)
  [Epoch 188] Batch 150/200 (75%)
  [Epoch 188] Batch 200/200 (100%)
[Epoch 188/700] train_loss=0.5195 val_loss=0.5117 lr=8.32e-04 (28s)
  [Epoch 189] Batch 50/200 (25%)
  [Epoch 189] Batch 100/200 (50%)
  [Epoch 189] Batch 150/200 (75%)
  [Epoch 189] Batch 200/200 (100%)
[Epoch 189/700] train_loss=0.5327 val_loss=0.5267 lr=8.31e-04 (28s)
  [Epoch 190] Batch 50/200 (25%)
  [Epoch 190] Batch 100/200 (50%)
  [Epoch 190] Batch 150/200 (75%)
  [Epoch 190] Batch 200/200 (100%)
[Epoch 190/700] train_loss=0.5214 val_loss=0.5083 lr=8.29e-04 (28s)
  [Epoch 191] Batch 50/200 (25%)
  [Epoch 191] Batch 100/200 (50%)
  [Epoch 191] Batch 150/200 (75%)
  [Epoch 191] Batch 200/200 (100%)
[Epoch 191/700] train_loss=0.5317 val_loss=0.5484 lr=8.27e-04 (29s)
  [Epoch 192] Batch 50/200 (25%)
  [Epoch 192] Batch 100/200 (50%)
  [Epoch 192] Batch 150/200 (75%)
  [Epoch 192] Batch 200/200 (100%)
[Epoch 192/700] train_loss=0.5156 val_loss=0.5192 lr=8.26e-04 (29s)
  [Epoch 193] Batch 50/200 (25%)
  [Epoch 193] Batch 100/200 (50%)
  [Epoch 193] Batch 150/200 (75%)
  [Epoch 193] Batch 200/200 (100%)
[Epoch 193/700] train_loss=0.5276 val_loss=0.6923 lr=8.24e-04 (29s)
  [Epoch 194] Batch 50/200 (25%)
  [Epoch 194] Batch 100/200 (50%)
  [Epoch 194] Batch 150/200 (75%)
  [Epoch 194] Batch 200/200 (100%)
[Epoch 194/700] train_loss=0.5334 val_loss=0.5321 lr=8.22e-04 (29s)
  [Epoch 195] Batch 50/200 (25%)
  [Epoch 195] Batch 100/200 (50%)
  [Epoch 195] Batch 150/200 (75%)
  [Epoch 195] Batch 200/200 (100%)
[Epoch 195/700] train_loss=0.5138 val_loss=0.5163 lr=8.20e-04 (28s)
  [Epoch 196] Batch 50/200 (25%)
  [Epoch 196] Batch 100/200 (50%)
  [Epoch 196] Batch 150/200 (75%)
  [Epoch 196] Batch 200/200 (100%)
[Epoch 196/700] train_loss=0.5469 val_loss=0.5202 lr=8.19e-04 (29s)
  [Epoch 197] Batch 50/200 (25%)
  [Epoch 197] Batch 100/200 (50%)
  [Epoch 197] Batch 150/200 (75%)
  [Epoch 197] Batch 200/200 (100%)
[Epoch 197/700] train_loss=0.5207 val_loss=0.5146 lr=8.17e-04 (28s)
  [Epoch 198] Batch 50/200 (25%)
  [Epoch 198] Batch 100/200 (50%)
  [Epoch 198] Batch 150/200 (75%)
  [Epoch 198] Batch 200/200 (100%)
[Epoch 198/700] train_loss=0.5213 val_loss=0.5258 lr=8.15e-04 (28s)
  [Epoch 199] Batch 50/200 (25%)
  [Epoch 199] Batch 100/200 (50%)
  [Epoch 199] Batch 150/200 (75%)
  [Epoch 199] Batch 200/200 (100%)
[Epoch 199/700] train_loss=0.5231 val_loss=0.5188 lr=8.13e-04 (28s)
  [Epoch 200] Batch 50/200 (25%)
  [Epoch 200] Batch 100/200 (50%)
  [Epoch 200] Batch 150/200 (75%)
  [Epoch 200] Batch 200/200 (100%)
[Epoch 200/700] train_loss=0.5185 val_loss=0.5273 lr=8.12e-04 (28s)
  [Epoch 201] Batch 50/200 (25%)
  [Epoch 201] Batch 100/200 (50%)
  [Epoch 201] Batch 150/200 (75%)
  [Epoch 201] Batch 200/200 (100%)
[Epoch 201/700] train_loss=0.5251 val_loss=0.5034 lr=8.10e-04 (28s)
  [Epoch 202] Batch 50/200 (25%)
  [Epoch 202] Batch 100/200 (50%)
  [Epoch 202] Batch 150/200 (75%)
  [Epoch 202] Batch 200/200 (100%)
[Epoch 202/700] train_loss=0.5285 val_loss=0.5003 lr=8.08e-04 (29s)
  [Epoch 203] Batch 50/200 (25%)
  [Epoch 203] Batch 100/200 (50%)
  [Epoch 203] Batch 150/200 (75%)
  [Epoch 203] Batch 200/200 (100%)
[Epoch 203/700] train_loss=0.5183 val_loss=0.5138 lr=8.06e-04 (29s)
  [Epoch 204] Batch 50/200 (25%)
  [Epoch 204] Batch 100/200 (50%)
  [Epoch 204] Batch 150/200 (75%)
  [Epoch 204] Batch 200/200 (100%)
[Epoch 204/700] train_loss=0.5327 val_loss=0.5145 lr=8.05e-04 (29s)
  [Epoch 205] Batch 50/200 (25%)
  [Epoch 205] Batch 100/200 (50%)
  [Epoch 205] Batch 150/200 (75%)
  [Epoch 205] Batch 200/200 (100%)
[Epoch 205/700] train_loss=0.5482 val_loss=0.5073 lr=8.03e-04 (28s)
  [Epoch 206] Batch 50/200 (25%)
  [Epoch 206] Batch 100/200 (50%)
  [Epoch 206] Batch 150/200 (75%)
  [Epoch 206] Batch 200/200 (100%)
[Epoch 206/700] train_loss=0.5091 val_loss=0.5318 lr=8.01e-04 (29s)
  [Epoch 207] Batch 50/200 (25%)
  [Epoch 207] Batch 100/200 (50%)
  [Epoch 207] Batch 150/200 (75%)
  [Epoch 207] Batch 200/200 (100%)
[Epoch 207/700] train_loss=0.5107 val_loss=0.5162 lr=7.99e-04 (28s)
  [Epoch 208] Batch 50/200 (25%)
  [Epoch 208] Batch 100/200 (50%)
  [Epoch 208] Batch 150/200 (75%)
  [Epoch 208] Batch 200/200 (100%)
[Epoch 208/700] train_loss=0.5513 val_loss=0.5031 lr=7.98e-04 (29s)
  [Epoch 209] Batch 50/200 (25%)
  [Epoch 209] Batch 100/200 (50%)
  [Epoch 209] Batch 150/200 (75%)
  [Epoch 209] Batch 200/200 (100%)
[Epoch 209/700] train_loss=0.5339 val_loss=0.5075 lr=7.96e-04 (29s)
  [Epoch 210] Batch 50/200 (25%)
  [Epoch 210] Batch 100/200 (50%)
  [Epoch 210] Batch 150/200 (75%)
  [Epoch 210] Batch 200/200 (100%)
[Epoch 210/700] train_loss=0.5102 val_loss=0.5163 lr=7.94e-04 (29s)
  [Epoch 211] Batch 50/200 (25%)
  [Epoch 211] Batch 100/200 (50%)
  [Epoch 211] Batch 150/200 (75%)
  [Epoch 211] Batch 200/200 (100%)
[Epoch 211/700] train_loss=0.5255 val_loss=0.5201 lr=7.92e-04 (29s)
  [Epoch 212] Batch 50/200 (25%)
  [Epoch 212] Batch 100/200 (50%)
  [Epoch 212] Batch 150/200 (75%)
  [Epoch 212] Batch 200/200 (100%)
[Epoch 212/700] train_loss=0.5194 val_loss=0.5078 lr=7.90e-04 (29s)
  [Epoch 213] Batch 50/200 (25%)
  [Epoch 213] Batch 100/200 (50%)
  [Epoch 213] Batch 150/200 (75%)
  [Epoch 213] Batch 200/200 (100%)
[Epoch 213/700] train_loss=0.5096 val_loss=0.5271 lr=7.88e-04 (28s)
  [Epoch 214] Batch 50/200 (25%)
  [Epoch 214] Batch 100/200 (50%)
  [Epoch 214] Batch 150/200 (75%)
  [Epoch 214] Batch 200/200 (100%)
[Epoch 214/700] train_loss=0.5376 val_loss=0.5154 lr=7.87e-04 (29s)
  [Epoch 215] Batch 50/200 (25%)
  [Epoch 215] Batch 100/200 (50%)
  [Epoch 215] Batch 150/200 (75%)
  [Epoch 215] Batch 200/200 (100%)
[Epoch 215/700] train_loss=0.5317 val_loss=0.5190 lr=7.85e-04 (29s)
  [Epoch 216] Batch 50/200 (25%)
  [Epoch 216] Batch 100/200 (50%)
  [Epoch 216] Batch 150/200 (75%)
  [Epoch 216] Batch 200/200 (100%)
[Epoch 216/700] train_loss=0.5146 val_loss=0.5025 lr=7.83e-04 (29s)
  [Epoch 217] Batch 50/200 (25%)
  [Epoch 217] Batch 100/200 (50%)
  [Epoch 217] Batch 150/200 (75%)
  [Epoch 217] Batch 200/200 (100%)
[Epoch 217/700] train_loss=0.5369 val_loss=0.4996 lr=7.81e-04 (29s)
  [Epoch 218] Batch 50/200 (25%)
  [Epoch 218] Batch 100/200 (50%)
  [Epoch 218] Batch 150/200 (75%)
  [Epoch 218] Batch 200/200 (100%)
[Epoch 218/700] train_loss=0.5294 val_loss=0.5381 lr=7.79e-04 (28s)
  [Epoch 219] Batch 50/200 (25%)
  [Epoch 219] Batch 100/200 (50%)
  [Epoch 219] Batch 150/200 (75%)
  [Epoch 219] Batch 200/200 (100%)
[Epoch 219/700] train_loss=0.5180 val_loss=0.5505 lr=7.77e-04 (29s)
  [Epoch 220] Batch 50/200 (25%)
  [Epoch 220] Batch 100/200 (50%)
  [Epoch 220] Batch 150/200 (75%)
  [Epoch 220] Batch 200/200 (100%)
[Epoch 220/700] train_loss=0.5096 val_loss=0.5174 lr=7.75e-04 (29s)
  [Epoch 221] Batch 50/200 (25%)
  [Epoch 221] Batch 100/200 (50%)
  [Epoch 221] Batch 150/200 (75%)
  [Epoch 221] Batch 200/200 (100%)
[Epoch 221/700] train_loss=0.5116 val_loss=0.5292 lr=7.74e-04 (28s)
  [Epoch 222] Batch 50/200 (25%)
  [Epoch 222] Batch 100/200 (50%)
  [Epoch 222] Batch 150/200 (75%)
  [Epoch 222] Batch 200/200 (100%)
[Epoch 222/700] train_loss=0.5182 val_loss=0.5202 lr=7.72e-04 (29s)
  [Epoch 223] Batch 50/200 (25%)
  [Epoch 223] Batch 100/200 (50%)
  [Epoch 223] Batch 150/200 (75%)
  [Epoch 223] Batch 200/200 (100%)
[Epoch 223/700] train_loss=0.5604 val_loss=0.5242 lr=7.70e-04 (28s)
  [Epoch 224] Batch 50/200 (25%)
  [Epoch 224] Batch 100/200 (50%)
  [Epoch 224] Batch 150/200 (75%)
  [Epoch 224] Batch 200/200 (100%)
[Epoch 224/700] train_loss=0.5185 val_loss=0.5021 lr=7.68e-04 (29s)
  [Epoch 225] Batch 50/200 (25%)
  [Epoch 225] Batch 100/200 (50%)
  [Epoch 225] Batch 150/200 (75%)
  [Epoch 225] Batch 200/200 (100%)
[Epoch 225/700] train_loss=0.5185 val_loss=0.5090 lr=7.66e-04 (29s)
  [Epoch 226] Batch 50/200 (25%)
  [Epoch 226] Batch 100/200 (50%)
  [Epoch 226] Batch 150/200 (75%)
  [Epoch 226] Batch 200/200 (100%)
[Epoch 226/700] train_loss=0.5050 val_loss=0.5161 lr=7.64e-04 (29s)
  [Epoch 227] Batch 50/200 (25%)
  [Epoch 227] Batch 100/200 (50%)
  [Epoch 227] Batch 150/200 (75%)
  [Epoch 227] Batch 200/200 (100%)
[Epoch 227/700] train_loss=0.5324 val_loss=0.5242 lr=7.62e-04 (28s)
  [Epoch 228] Batch 50/200 (25%)
  [Epoch 228] Batch 100/200 (50%)
  [Epoch 228] Batch 150/200 (75%)
  [Epoch 228] Batch 200/200 (100%)
[Epoch 228/700] train_loss=0.5122 val_loss=0.5058 lr=7.60e-04 (28s)
  [Epoch 229] Batch 50/200 (25%)
  [Epoch 229] Batch 100/200 (50%)
  [Epoch 229] Batch 150/200 (75%)
  [Epoch 229] Batch 200/200 (100%)
[Epoch 229/700] train_loss=0.5106 val_loss=0.5312 lr=7.58e-04 (28s)
  [Epoch 230] Batch 50/200 (25%)
  [Epoch 230] Batch 100/200 (50%)
  [Epoch 230] Batch 150/200 (75%)
  [Epoch 230] Batch 200/200 (100%)
[Epoch 230/700] train_loss=0.5466 val_loss=0.5669 lr=7.56e-04 (29s)
  [Epoch 231] Batch 50/200 (25%)
  [Epoch 231] Batch 100/200 (50%)
  [Epoch 231] Batch 150/200 (75%)
  [Epoch 231] Batch 200/200 (100%)
[Epoch 231/700] train_loss=0.5375 val_loss=0.5073 lr=7.55e-04 (29s)
  [Epoch 232] Batch 50/200 (25%)
  [Epoch 232] Batch 100/200 (50%)
  [Epoch 232] Batch 150/200 (75%)
  [Epoch 232] Batch 200/200 (100%)
[Epoch 232/700] train_loss=0.5139 val_loss=0.5094 lr=7.53e-04 (28s)
  [Epoch 233] Batch 50/200 (25%)
  [Epoch 233] Batch 100/200 (50%)
  [Epoch 233] Batch 150/200 (75%)
  [Epoch 233] Batch 200/200 (100%)
[Epoch 233/700] train_loss=0.5105 val_loss=0.5057 lr=7.51e-04 (29s)
  [Epoch 234] Batch 50/200 (25%)
  [Epoch 234] Batch 100/200 (50%)
  [Epoch 234] Batch 150/200 (75%)
  [Epoch 234] Batch 200/200 (100%)
[Epoch 234/700] train_loss=0.5123 val_loss=0.5027 lr=7.49e-04 (28s)
  [Epoch 235] Batch 50/200 (25%)
  [Epoch 235] Batch 100/200 (50%)
  [Epoch 235] Batch 150/200 (75%)
  [Epoch 235] Batch 200/200 (100%)
[Epoch 235/700] train_loss=0.5239 val_loss=0.5110 lr=7.47e-04 (29s)
  [Epoch 236] Batch 50/200 (25%)
  [Epoch 236] Batch 100/200 (50%)
  [Epoch 236] Batch 150/200 (75%)
  [Epoch 236] Batch 200/200 (100%)
[Epoch 236/700] train_loss=0.4993 val_loss=0.5125 lr=7.45e-04 (28s)
  [Epoch 237] Batch 50/200 (25%)
  [Epoch 237] Batch 100/200 (50%)
  [Epoch 237] Batch 150/200 (75%)
  [Epoch 237] Batch 200/200 (100%)
[Epoch 237/700] train_loss=0.5131 val_loss=0.5088 lr=7.43e-04 (29s)
  [Epoch 238] Batch 50/200 (25%)
  [Epoch 238] Batch 100/200 (50%)
  [Epoch 238] Batch 150/200 (75%)
  [Epoch 238] Batch 200/200 (100%)
[Epoch 238/700] train_loss=0.5085 val_loss=0.5028 lr=7.41e-04 (29s)
  [Epoch 239] Batch 50/200 (25%)
  [Epoch 239] Batch 100/200 (50%)
  [Epoch 239] Batch 150/200 (75%)
  [Epoch 239] Batch 200/200 (100%)
[Epoch 239/700] train_loss=0.5072 val_loss=0.5110 lr=7.39e-04 (29s)
  [Epoch 240] Batch 50/200 (25%)
  [Epoch 240] Batch 100/200 (50%)
  [Epoch 240] Batch 150/200 (75%)
  [Epoch 240] Batch 200/200 (100%)
[Epoch 240/700] train_loss=0.5053 val_loss=0.4935 lr=7.37e-04 (29s)
  [Epoch 241] Batch 50/200 (25%)
  [Epoch 241] Batch 100/200 (50%)
  [Epoch 241] Batch 150/200 (75%)
  [Epoch 241] Batch 200/200 (100%)
[Epoch 241/700] train_loss=0.5180 val_loss=0.4927 lr=7.35e-04 (29s)
  [Epoch 242] Batch 50/200 (25%)
  [Epoch 242] Batch 100/200 (50%)
  [Epoch 242] Batch 150/200 (75%)
  [Epoch 242] Batch 200/200 (100%)
[Epoch 242/700] train_loss=0.5065 val_loss=0.5141 lr=7.33e-04 (29s)
  [Epoch 243] Batch 50/200 (25%)
  [Epoch 243] Batch 100/200 (50%)
  [Epoch 243] Batch 150/200 (75%)
  [Epoch 243] Batch 200/200 (100%)
[Epoch 243/700] train_loss=0.5109 val_loss=0.5028 lr=7.31e-04 (29s)
  [Epoch 244] Batch 50/200 (25%)
  [Epoch 244] Batch 100/200 (50%)
  [Epoch 244] Batch 150/200 (75%)
  [Epoch 244] Batch 200/200 (100%)
[Epoch 244/700] train_loss=0.5025 val_loss=0.5115 lr=7.29e-04 (29s)
  [Epoch 245] Batch 50/200 (25%)
  [Epoch 245] Batch 100/200 (50%)
  [Epoch 245] Batch 150/200 (75%)
  [Epoch 245] Batch 200/200 (100%)
[Epoch 245/700] train_loss=0.5382 val_loss=0.5090 lr=7.27e-04 (28s)
  [Epoch 246] Batch 50/200 (25%)
  [Epoch 246] Batch 100/200 (50%)
  [Epoch 246] Batch 150/200 (75%)
  [Epoch 246] Batch 200/200 (100%)
[Epoch 246/700] train_loss=0.5072 val_loss=0.5025 lr=7.25e-04 (29s)
  [Epoch 247] Batch 50/200 (25%)
  [Epoch 247] Batch 100/200 (50%)
  [Epoch 247] Batch 150/200 (75%)
  [Epoch 247] Batch 200/200 (100%)
[Epoch 247/700] train_loss=0.4975 val_loss=0.5161 lr=7.23e-04 (28s)
  [Epoch 248] Batch 50/200 (25%)
  [Epoch 248] Batch 100/200 (50%)
  [Epoch 248] Batch 150/200 (75%)
  [Epoch 248] Batch 200/200 (100%)
[Epoch 248/700] train_loss=0.5187 val_loss=0.4971 lr=7.21e-04 (29s)
  [Epoch 249] Batch 50/200 (25%)
  [Epoch 249] Batch 100/200 (50%)
  [Epoch 249] Batch 150/200 (75%)
  [Epoch 249] Batch 200/200 (100%)
[Epoch 249/700] train_loss=0.4975 val_loss=0.5088 lr=7.19e-04 (29s)
  [Epoch 250] Batch 50/200 (25%)
  [Epoch 250] Batch 100/200 (50%)
  [Epoch 250] Batch 150/200 (75%)
  [Epoch 250] Batch 200/200 (100%)
[Epoch 250/700] train_loss=0.5132 val_loss=0.5090 lr=7.17e-04 (29s)
  [Epoch 251] Batch 50/200 (25%)
  [Epoch 251] Batch 100/200 (50%)
  [Epoch 251] Batch 150/200 (75%)
  [Epoch 251] Batch 200/200 (100%)
[Epoch 251/700] train_loss=0.5014 val_loss=0.5074 lr=7.15e-04 (29s)
  [Epoch 252] Batch 50/200 (25%)
  [Epoch 252] Batch 100/200 (50%)
  [Epoch 252] Batch 150/200 (75%)
  [Epoch 252] Batch 200/200 (100%)
[Epoch 252/700] train_loss=0.5673 val_loss=0.5001 lr=7.13e-04 (29s)
  [Epoch 253] Batch 50/200 (25%)
  [Epoch 253] Batch 100/200 (50%)
  [Epoch 253] Batch 150/200 (75%)
  [Epoch 253] Batch 200/200 (100%)
[Epoch 253/700] train_loss=0.5080 val_loss=0.5125 lr=7.11e-04 (29s)
  [Epoch 254] Batch 50/200 (25%)
  [Epoch 254] Batch 100/200 (50%)
  [Epoch 254] Batch 150/200 (75%)
  [Epoch 254] Batch 200/200 (100%)
[Epoch 254/700] train_loss=0.5059 val_loss=0.4998 lr=7.09e-04 (29s)
  [Epoch 255] Batch 50/200 (25%)
  [Epoch 255] Batch 100/200 (50%)
  [Epoch 255] Batch 150/200 (75%)
  [Epoch 255] Batch 200/200 (100%)
[Epoch 255/700] train_loss=0.5007 val_loss=0.5141 lr=7.07e-04 (29s)
  [Epoch 256] Batch 50/200 (25%)
  [Epoch 256] Batch 100/200 (50%)
  [Epoch 256] Batch 150/200 (75%)
  [Epoch 256] Batch 200/200 (100%)
[Epoch 256/700] train_loss=0.5282 val_loss=0.5531 lr=7.05e-04 (29s)
  [Epoch 257] Batch 50/200 (25%)
  [Epoch 257] Batch 100/200 (50%)
  [Epoch 257] Batch 150/200 (75%)
  [Epoch 257] Batch 200/200 (100%)
[Epoch 257/700] train_loss=0.5074 val_loss=0.5063 lr=7.03e-04 (29s)
  [Epoch 258] Batch 50/200 (25%)
  [Epoch 258] Batch 100/200 (50%)
  [Epoch 258] Batch 150/200 (75%)
  [Epoch 258] Batch 200/200 (100%)
[Epoch 258/700] train_loss=0.5104 val_loss=0.5163 lr=7.01e-04 (29s)
  [Epoch 259] Batch 50/200 (25%)
  [Epoch 259] Batch 100/200 (50%)
  [Epoch 259] Batch 150/200 (75%)
  [Epoch 259] Batch 200/200 (100%)
[Epoch 259/700] train_loss=0.5154 val_loss=0.5044 lr=6.99e-04 (29s)
  [Epoch 260] Batch 50/200 (25%)
  [Epoch 260] Batch 100/200 (50%)
  [Epoch 260] Batch 150/200 (75%)
  [Epoch 260] Batch 200/200 (100%)
[Epoch 260/700] train_loss=0.5025 val_loss=0.4996 lr=6.97e-04 (29s)
  [Epoch 261] Batch 50/200 (25%)
  [Epoch 261] Batch 100/200 (50%)
  [Epoch 261] Batch 150/200 (75%)
  [Epoch 261] Batch 200/200 (100%)
[Epoch 261/700] train_loss=0.5155 val_loss=0.5068 lr=6.94e-04 (29s)
  [Epoch 262] Batch 50/200 (25%)
  [Epoch 262] Batch 100/200 (50%)
  [Epoch 262] Batch 150/200 (75%)
  [Epoch 262] Batch 200/200 (100%)
[Epoch 262/700] train_loss=0.5144 val_loss=0.5018 lr=6.92e-04 (29s)
  [Epoch 263] Batch 50/200 (25%)
  [Epoch 263] Batch 100/200 (50%)
  [Epoch 263] Batch 150/200 (75%)
  [Epoch 263] Batch 200/200 (100%)
[Epoch 263/700] train_loss=0.5105 val_loss=0.5227 lr=6.90e-04 (29s)
  [Epoch 264] Batch 50/200 (25%)
  [Epoch 264] Batch 100/200 (50%)
  [Epoch 264] Batch 150/200 (75%)
  [Epoch 264] Batch 200/200 (100%)
[Epoch 264/700] train_loss=0.5237 val_loss=0.5042 lr=6.88e-04 (29s)
  [Epoch 265] Batch 50/200 (25%)
  [Epoch 265] Batch 100/200 (50%)
  [Epoch 265] Batch 150/200 (75%)
  [Epoch 265] Batch 200/200 (100%)
[Epoch 265/700] train_loss=0.5353 val_loss=0.5493 lr=6.86e-04 (29s)
  [Epoch 266] Batch 50/200 (25%)
  [Epoch 266] Batch 100/200 (50%)
  [Epoch 266] Batch 150/200 (75%)
  [Epoch 266] Batch 200/200 (100%)
[Epoch 266/700] train_loss=0.4910 val_loss=0.5126 lr=6.84e-04 (28s)
  [Epoch 267] Batch 50/200 (25%)
  [Epoch 267] Batch 100/200 (50%)
  [Epoch 267] Batch 150/200 (75%)
  [Epoch 267] Batch 200/200 (100%)
[Epoch 267/700] train_loss=0.5122 val_loss=0.5572 lr=6.82e-04 (29s)
  [Epoch 268] Batch 50/200 (25%)
  [Epoch 268] Batch 100/200 (50%)
  [Epoch 268] Batch 150/200 (75%)
  [Epoch 268] Batch 200/200 (100%)
[Epoch 268/700] train_loss=0.5031 val_loss=0.5011 lr=6.80e-04 (29s)
  [Epoch 269] Batch 50/200 (25%)
  [Epoch 269] Batch 100/200 (50%)
  [Epoch 269] Batch 150/200 (75%)
  [Epoch 269] Batch 200/200 (100%)
[Epoch 269/700] train_loss=0.5090 val_loss=0.4910 lr=6.78e-04 (29s)
  [Epoch 270] Batch 50/200 (25%)
  [Epoch 270] Batch 100/200 (50%)
  [Epoch 270] Batch 150/200 (75%)
  [Epoch 270] Batch 200/200 (100%)
[Epoch 270/700] train_loss=0.5221 val_loss=0.5077 lr=6.76e-04 (29s)
  [Epoch 271] Batch 50/200 (25%)
  [Epoch 271] Batch 100/200 (50%)
  [Epoch 271] Batch 150/200 (75%)
  [Epoch 271] Batch 200/200 (100%)
[Epoch 271/700] train_loss=0.5153 val_loss=0.5034 lr=6.74e-04 (29s)
  [Epoch 272] Batch 50/200 (25%)
  [Epoch 272] Batch 100/200 (50%)
  [Epoch 272] Batch 150/200 (75%)
  [Epoch 272] Batch 200/200 (100%)
[Epoch 272/700] train_loss=0.5145 val_loss=0.4979 lr=6.71e-04 (29s)
  [Epoch 273] Batch 50/200 (25%)
  [Epoch 273] Batch 100/200 (50%)
  [Epoch 273] Batch 150/200 (75%)
  [Epoch 273] Batch 200/200 (100%)
[Epoch 273/700] train_loss=0.5094 val_loss=0.4993 lr=6.69e-04 (29s)
  [Epoch 274] Batch 50/200 (25%)
  [Epoch 274] Batch 100/200 (50%)
  [Epoch 274] Batch 150/200 (75%)
  [Epoch 274] Batch 200/200 (100%)
[Epoch 274/700] train_loss=0.4926 val_loss=0.5221 lr=6.67e-04 (28s)
  [Epoch 275] Batch 50/200 (25%)
  [Epoch 275] Batch 100/200 (50%)
  [Epoch 275] Batch 150/200 (75%)
  [Epoch 275] Batch 200/200 (100%)
[Epoch 275/700] train_loss=0.5084 val_loss=0.4831 lr=6.65e-04 (28s)
  [Epoch 276] Batch 50/200 (25%)
  [Epoch 276] Batch 100/200 (50%)
  [Epoch 276] Batch 150/200 (75%)
  [Epoch 276] Batch 200/200 (100%)
[Epoch 276/700] train_loss=0.5089 val_loss=0.5049 lr=6.63e-04 (29s)
  [Epoch 277] Batch 50/200 (25%)
  [Epoch 277] Batch 100/200 (50%)
  [Epoch 277] Batch 150/200 (75%)
  [Epoch 277] Batch 200/200 (100%)
[Epoch 277/700] train_loss=0.4991 val_loss=0.4994 lr=6.61e-04 (28s)
  [Epoch 278] Batch 50/200 (25%)
  [Epoch 278] Batch 100/200 (50%)
  [Epoch 278] Batch 150/200 (75%)
  [Epoch 278] Batch 200/200 (100%)
[Epoch 278/700] train_loss=0.4986 val_loss=0.5018 lr=6.59e-04 (29s)
  [Epoch 279] Batch 50/200 (25%)
  [Epoch 279] Batch 100/200 (50%)
  [Epoch 279] Batch 150/200 (75%)
  [Epoch 279] Batch 200/200 (100%)
[Epoch 279/700] train_loss=0.5171 val_loss=0.4990 lr=6.57e-04 (29s)
  [Epoch 280] Batch 50/200 (25%)
  [Epoch 280] Batch 100/200 (50%)
  [Epoch 280] Batch 150/200 (75%)
  [Epoch 280] Batch 200/200 (100%)
[Epoch 280/700] train_loss=0.5461 val_loss=0.5071 lr=6.55e-04 (28s)
  [Epoch 281] Batch 50/200 (25%)
  [Epoch 281] Batch 100/200 (50%)
  [Epoch 281] Batch 150/200 (75%)
  [Epoch 281] Batch 200/200 (100%)
[Epoch 281/700] train_loss=0.4971 val_loss=0.5008 lr=6.52e-04 (29s)
  [Epoch 282] Batch 50/200 (25%)
  [Epoch 282] Batch 100/200 (50%)
  [Epoch 282] Batch 150/200 (75%)
  [Epoch 282] Batch 200/200 (100%)
[Epoch 282/700] train_loss=0.5431 val_loss=0.5186 lr=6.50e-04 (29s)
  [Epoch 283] Batch 50/200 (25%)
  [Epoch 283] Batch 100/200 (50%)
  [Epoch 283] Batch 150/200 (75%)
  [Epoch 283] Batch 200/200 (100%)
[Epoch 283/700] train_loss=0.5019 val_loss=0.4924 lr=6.48e-04 (28s)
  [Epoch 284] Batch 50/200 (25%)
  [Epoch 284] Batch 100/200 (50%)
  [Epoch 284] Batch 150/200 (75%)
  [Epoch 284] Batch 200/200 (100%)
[Epoch 284/700] train_loss=0.5024 val_loss=0.5077 lr=6.46e-04 (29s)
  [Epoch 285] Batch 50/200 (25%)
  [Epoch 285] Batch 100/200 (50%)
  [Epoch 285] Batch 150/200 (75%)
  [Epoch 285] Batch 200/200 (100%)
[Epoch 285/700] train_loss=0.4945 val_loss=0.5041 lr=6.44e-04 (29s)
  [Epoch 286] Batch 50/200 (25%)
  [Epoch 286] Batch 100/200 (50%)
  [Epoch 286] Batch 150/200 (75%)
  [Epoch 286] Batch 200/200 (100%)
[Epoch 286/700] train_loss=0.5035 val_loss=0.5270 lr=6.42e-04 (29s)
  [Epoch 287] Batch 50/200 (25%)
  [Epoch 287] Batch 100/200 (50%)
  [Epoch 287] Batch 150/200 (75%)
  [Epoch 287] Batch 200/200 (100%)
[Epoch 287/700] train_loss=0.5316 val_loss=0.4999 lr=6.39e-04 (28s)
  [Epoch 288] Batch 50/200 (25%)
  [Epoch 288] Batch 100/200 (50%)
  [Epoch 288] Batch 150/200 (75%)
  [Epoch 288] Batch 200/200 (100%)
[Epoch 288/700] train_loss=0.5204 val_loss=0.7871 lr=6.37e-04 (29s)
  [Epoch 289] Batch 50/200 (25%)
  [Epoch 289] Batch 100/200 (50%)
  [Epoch 289] Batch 150/200 (75%)
  [Epoch 289] Batch 200/200 (100%)
[Epoch 289/700] train_loss=0.5010 val_loss=0.5100 lr=6.35e-04 (28s)
  [Epoch 290] Batch 50/200 (25%)
  [Epoch 290] Batch 100/200 (50%)
  [Epoch 290] Batch 150/200 (75%)
  [Epoch 290] Batch 200/200 (100%)
[Epoch 290/700] train_loss=0.5061 val_loss=0.5091 lr=6.33e-04 (29s)
  [Epoch 291] Batch 50/200 (25%)
  [Epoch 291] Batch 100/200 (50%)
  [Epoch 291] Batch 150/200 (75%)
  [Epoch 291] Batch 200/200 (100%)
[Epoch 291/700] train_loss=0.4965 val_loss=0.5054 lr=6.31e-04 (28s)
  [Epoch 292] Batch 50/200 (25%)
  [Epoch 292] Batch 100/200 (50%)
  [Epoch 292] Batch 150/200 (75%)
  [Epoch 292] Batch 200/200 (100%)
[Epoch 292/700] train_loss=0.4939 val_loss=0.6258 lr=6.29e-04 (29s)
  [Epoch 293] Batch 50/200 (25%)
  [Epoch 293] Batch 100/200 (50%)
  [Epoch 293] Batch 150/200 (75%)
  [Epoch 293] Batch 200/200 (100%)
[Epoch 293/700] train_loss=0.5095 val_loss=0.5074 lr=6.27e-04 (28s)
  [Epoch 294] Batch 50/200 (25%)
  [Epoch 294] Batch 100/200 (50%)
  [Epoch 294] Batch 150/200 (75%)
  [Epoch 294] Batch 200/200 (100%)
[Epoch 294/700] train_loss=0.5056 val_loss=0.5038 lr=6.24e-04 (28s)
  [Epoch 295] Batch 50/200 (25%)
  [Epoch 295] Batch 100/200 (50%)
  [Epoch 295] Batch 150/200 (75%)
  [Epoch 295] Batch 200/200 (100%)
[Epoch 295/700] train_loss=0.4963 val_loss=0.4940 lr=6.22e-04 (29s)
  [Epoch 296] Batch 50/200 (25%)
  [Epoch 296] Batch 100/200 (50%)
  [Epoch 296] Batch 150/200 (75%)
  [Epoch 296] Batch 200/200 (100%)
[Epoch 296/700] train_loss=0.4885 val_loss=0.4956 lr=6.20e-04 (28s)
  [Epoch 297] Batch 50/200 (25%)
  [Epoch 297] Batch 100/200 (50%)
  [Epoch 297] Batch 150/200 (75%)
  [Epoch 297] Batch 200/200 (100%)
[Epoch 297/700] train_loss=0.4987 val_loss=0.5096 lr=6.18e-04 (29s)
  [Epoch 298] Batch 50/200 (25%)
  [Epoch 298] Batch 100/200 (50%)
  [Epoch 298] Batch 150/200 (75%)
  [Epoch 298] Batch 200/200 (100%)
[Epoch 298/700] train_loss=0.4890 val_loss=0.5055 lr=6.16e-04 (29s)
  [Epoch 299] Batch 50/200 (25%)
  [Epoch 299] Batch 100/200 (50%)
  [Epoch 299] Batch 150/200 (75%)
  [Epoch 299] Batch 200/200 (100%)
[Epoch 299/700] train_loss=0.4980 val_loss=0.5025 lr=6.13e-04 (29s)
  [Epoch 300] Batch 50/200 (25%)
  [Epoch 300] Batch 100/200 (50%)
  [Epoch 300] Batch 150/200 (75%)
  [Epoch 300] Batch 200/200 (100%)
[Epoch 300/700] train_loss=0.5017 val_loss=0.4998 lr=6.11e-04 (28s)
  [Epoch 301] Batch 50/200 (25%)
  [Epoch 301] Batch 100/200 (50%)
  [Epoch 301] Batch 150/200 (75%)
  [Epoch 301] Batch 200/200 (100%)
[Epoch 301/700] train_loss=0.5014 val_loss=0.4998 lr=6.09e-04 (29s)
  [Epoch 302] Batch 50/200 (25%)
  [Epoch 302] Batch 100/200 (50%)
  [Epoch 302] Batch 150/200 (75%)
  [Epoch 302] Batch 200/200 (100%)
[Epoch 302/700] train_loss=0.4991 val_loss=0.4986 lr=6.07e-04 (28s)
  [Epoch 303] Batch 50/200 (25%)
  [Epoch 303] Batch 100/200 (50%)
  [Epoch 303] Batch 150/200 (75%)
  [Epoch 303] Batch 200/200 (100%)
[Epoch 303/700] train_loss=0.4951 val_loss=0.4964 lr=6.05e-04 (29s)
  [Epoch 304] Batch 50/200 (25%)
  [Epoch 304] Batch 100/200 (50%)
  [Epoch 304] Batch 150/200 (75%)
  [Epoch 304] Batch 200/200 (100%)
[Epoch 304/700] train_loss=0.4954 val_loss=0.4955 lr=6.02e-04 (29s)
  [Epoch 305] Batch 50/200 (25%)
  [Epoch 305] Batch 100/200 (50%)
  [Epoch 305] Batch 150/200 (75%)
  [Epoch 305] Batch 200/200 (100%)
[Epoch 305/700] train_loss=0.5033 val_loss=0.5055 lr=6.00e-04 (28s)
  [Epoch 306] Batch 50/200 (25%)
  [Epoch 306] Batch 100/200 (50%)
  [Epoch 306] Batch 150/200 (75%)
  [Epoch 306] Batch 200/200 (100%)
[Epoch 306/700] train_loss=0.5099 val_loss=0.4914 lr=5.98e-04 (29s)
  [Epoch 307] Batch 50/200 (25%)
  [Epoch 307] Batch 100/200 (50%)
  [Epoch 307] Batch 150/200 (75%)
  [Epoch 307] Batch 200/200 (100%)
[Epoch 307/700] train_loss=0.5000 val_loss=0.4960 lr=5.96e-04 (29s)
  [Epoch 308] Batch 50/200 (25%)
  [Epoch 308] Batch 100/200 (50%)
  [Epoch 308] Batch 150/200 (75%)
  [Epoch 308] Batch 200/200 (100%)
[Epoch 308/700] train_loss=0.4947 val_loss=0.4984 lr=5.94e-04 (29s)
  [Epoch 309] Batch 50/200 (25%)
  [Epoch 309] Batch 100/200 (50%)
  [Epoch 309] Batch 150/200 (75%)
  [Epoch 309] Batch 200/200 (100%)
[Epoch 309/700] train_loss=0.4960 val_loss=0.5148 lr=5.91e-04 (28s)
  [Epoch 310] Batch 50/200 (25%)
  [Epoch 310] Batch 100/200 (50%)
  [Epoch 310] Batch 150/200 (75%)
  [Epoch 310] Batch 200/200 (100%)
[Epoch 310/700] train_loss=0.5208 val_loss=0.4943 lr=5.89e-04 (29s)
  [Epoch 311] Batch 50/200 (25%)
  [Epoch 311] Batch 100/200 (50%)
  [Epoch 311] Batch 150/200 (75%)
  [Epoch 311] Batch 200/200 (100%)
[Epoch 311/700] train_loss=0.5095 val_loss=0.5031 lr=5.87e-04 (28s)
  [Epoch 312] Batch 50/200 (25%)
  [Epoch 312] Batch 100/200 (50%)
  [Epoch 312] Batch 150/200 (75%)
  [Epoch 312] Batch 200/200 (100%)
[Epoch 312/700] train_loss=0.5273 val_loss=0.5024 lr=5.85e-04 (29s)
  [Epoch 313] Batch 50/200 (25%)
  [Epoch 313] Batch 100/200 (50%)
  [Epoch 313] Batch 150/200 (75%)
  [Epoch 313] Batch 200/200 (100%)
[Epoch 313/700] train_loss=0.5018 val_loss=0.4983 lr=5.83e-04 (28s)
  [Epoch 314] Batch 50/200 (25%)
  [Epoch 314] Batch 100/200 (50%)
  [Epoch 314] Batch 150/200 (75%)
  [Epoch 314] Batch 200/200 (100%)
[Epoch 314/700] train_loss=0.4994 val_loss=0.4931 lr=5.80e-04 (29s)
  [Epoch 315] Batch 50/200 (25%)
  [Epoch 315] Batch 100/200 (50%)
  [Epoch 315] Batch 150/200 (75%)
  [Epoch 315] Batch 200/200 (100%)
[Epoch 315/700] train_loss=0.5008 val_loss=0.5082 lr=5.78e-04 (29s)
  [Epoch 316] Batch 50/200 (25%)
  [Epoch 316] Batch 100/200 (50%)
  [Epoch 316] Batch 150/200 (75%)
  [Epoch 316] Batch 200/200 (100%)
[Epoch 316/700] train_loss=0.4837 val_loss=0.4877 lr=5.76e-04 (29s)
  [Epoch 317] Batch 50/200 (25%)
  [Epoch 317] Batch 100/200 (50%)
  [Epoch 317] Batch 150/200 (75%)
  [Epoch 317] Batch 200/200 (100%)
[Epoch 317/700] train_loss=0.4936 val_loss=0.5053 lr=5.74e-04 (28s)
  [Epoch 318] Batch 50/200 (25%)
  [Epoch 318] Batch 100/200 (50%)
  [Epoch 318] Batch 150/200 (75%)
  [Epoch 318] Batch 200/200 (100%)
[Epoch 318/700] train_loss=0.4901 val_loss=0.4897 lr=5.72e-04 (28s)
  [Epoch 319] Batch 50/200 (25%)
  [Epoch 319] Batch 100/200 (50%)
  [Epoch 319] Batch 150/200 (75%)
  [Epoch 319] Batch 200/200 (100%)
[Epoch 319/700] train_loss=0.4859 val_loss=0.5046 lr=5.69e-04 (28s)
  [Epoch 320] Batch 50/200 (25%)
  [Epoch 320] Batch 100/200 (50%)
  [Epoch 320] Batch 150/200 (75%)
  [Epoch 320] Batch 200/200 (100%)
[Epoch 320/700] train_loss=0.5063 val_loss=0.5115 lr=5.67e-04 (29s)
  [Epoch 321] Batch 50/200 (25%)
  [Epoch 321] Batch 100/200 (50%)
  [Epoch 321] Batch 150/200 (75%)
  [Epoch 321] Batch 200/200 (100%)
[Epoch 321/700] train_loss=0.5157 val_loss=0.4937 lr=5.65e-04 (29s)
  [Epoch 322] Batch 50/200 (25%)
  [Epoch 322] Batch 100/200 (50%)
  [Epoch 322] Batch 150/200 (75%)
  [Epoch 322] Batch 200/200 (100%)
[Epoch 322/700] train_loss=0.5000 val_loss=0.4918 lr=5.63e-04 (29s)
  [Epoch 323] Batch 50/200 (25%)
  [Epoch 323] Batch 100/200 (50%)
  [Epoch 323] Batch 150/200 (75%)
  [Epoch 323] Batch 200/200 (100%)
[Epoch 323/700] train_loss=0.5050 val_loss=0.4927 lr=5.60e-04 (29s)
  [Epoch 324] Batch 50/200 (25%)
  [Epoch 324] Batch 100/200 (50%)
  [Epoch 324] Batch 150/200 (75%)
  [Epoch 324] Batch 200/200 (100%)
[Epoch 324/700] train_loss=0.5073 val_loss=0.4894 lr=5.58e-04 (29s)
  [Epoch 325] Batch 50/200 (25%)
  [Epoch 325] Batch 100/200 (50%)
  [Epoch 325] Batch 150/200 (75%)
  [Epoch 325] Batch 200/200 (100%)
[Epoch 325/700] train_loss=0.4966 val_loss=0.4966 lr=5.56e-04 (29s)

[Training] Completed!

✓ Training completed!
  Final checkpoint: /public/home/xiongzhzh2023/PT4ConTSG/experiments/20260403_010923_telecomts_segment_pt_factor_generator/checkpoints/finetune/finetune-epoch=274-val/loss=0.4831.ckpt
  Experiment: experiments/20260403_010923_telecomts_segment_pt_factor_generator

Running automatic evaluation...
[Extracting data] Starting (0/200)...
CLIP initialization failed, running CLIP-independent metrics only
[Evaluating (generating)] Starting (0/25)...
Post-training evaluation failed: Text condition enabled but no 'cap_emb' found in batch. Provide precomputed embeddings in the dataset.
Traceback (most recent call last):
  File "/public/home/xiongzhzh2023/PT4ConTSG/contsg/cli.py", line 1070, in _run_post_training_evaluation
    results = evaluator.evaluate(
              ^^^^^^^^^^^^^^^^^^^
  File "/public/home/xiongzhzh2023/PT4ConTSG/contsg/eval/evaluator.py", line 630, in evaluate
    all_batches_data = self._run_evaluation_loop(
                       ^^^^^^^^^^^^^^^^^^^^^^^^^^
  File "/public/home/xiongzhzh2023/PT4ConTSG/contsg/eval/evaluator.py", line 695, in _run_evaluation_loop
    batch_data, cache_item = self._process_batch_with_cache(
                             ^^^^^^^^^^^^^^^^^^^^^^^^^^^^^^^
  File "/public/home/xiongzhzh2023/PT4ConTSG/contsg/eval/evaluator.py", line 805, in _process_batch_with_cache
    multi_preds = self._generate_predictions(batch, n_samples, sampler)
                  ^^^^^^^^^^^^^^^^^^^^^^^^^^^^^^^^^^^^^^^^^^^^^^^^^^^^^
  File "/public/home/xiongzhzh2023/PT4ConTSG/contsg/eval/evaluator.py", line 988, in _generate_predictions
    condition = self._select_condition(batch)
                ^^^^^^^^^^^^^^^^^^^^^^^^^^^^^
  File "/public/home/xiongzhzh2023/PT4ConTSG/contsg/eval/evaluator.py", line 1062, in _select_condition
    raise ValueError(
ValueError: Text condition enabled but no 'cap_emb' found in batch. Provide precomputed embeddings in the dataset.

