Loading config from: configs/grid_search/ptfg_synth-u_lr1e-3_bs64_scT.yaml
Model schema mode: relaxed (no model-specific schema for 'pt_factor_generator')
         Configuration Summary         
┌───────────────┬─────────────────────┐
│ Dataset       │ synth-u             │
│ Model         │ pt_factor_generator │
│ Epochs        │ 700                 │
│ Batch Size    │ 64                  │
│ Learning Rate │ 0.001               │
│ Device        │ cuda:0              │
│ Seed          │ 42                  │
└───────────────┴─────────────────────┘

Experiment directory: experiments/20260402_015908_synth-u_pt_factor_generator
Seed set to 42

Model: pt_factor_generator
Creating data module: synth-u

Starting multi-stage training (1 stage(s))...
  Stage 1: finetune (700 epochs, lr=0.001)
/public/home/xiongzhzh2023/Anaconda/envs/contsg/lib/python3.12/site-packages/lightning_fabric/plugins/environments/slurm.py:204: The `srun` command is available on your system but is not used. HINT: If your intention is to run Lightning on SLURM, prepend your python command with `srun` like so: srun python3.1 /public/home/xiongzhzh2023/Anaconda/envs/contsg/b ...
GPU available: True (cuda), used: True
TPU available: False, using: 0 TPU cores
💡 Tip: For seamless cloud logging and experiment tracking, try installing [litlogger](https://pypi.org/project/litlogger/) to enable LitLogger, which logs metrics and artifacts automatically to the Lightning Experiments platform.
`Trainer(limit_train_batches=1.0)` was configured so 100% of the batches per epoch will be used..
`Trainer(limit_val_batches=1.0)` was configured so 100% of the batches will be used..
`Trainer(limit_test_batches=1.0)` was configured so 100% of the batches will be used..
`Trainer(val_check_interval=1.0)` was configured so validation will run at the end of the training epoch..
LOCAL_RANK: 0 - CUDA_VISIBLE_DEVICES: [0,1,2,3]
┏━━━┳━━━━━━━━━━━━━━┳━━━━━━━━━━━━━━━━━━━━━━━━┳━━━━━━━━┳━━━━━━━┳━━━━━━━┓
┃   ┃ Name         ┃ Type                   ┃ Params ┃ Mode  ┃ FLOPs ┃
┡━━━╇━━━━━━━━━━━━━━╇━━━━━━━━━━━━━━━━━━━━━━━━╇━━━━━━━━╇━━━━━━━╇━━━━━━━┩
│ 0 │ net          │ PTFactorNoisePredictor │  5.2 M │ train │     0 │
│   │ other params │ n/a                    │  1.0 K │ n/a   │   n/a │
└───┴──────────────┴────────────────────────┴────────┴───────┴───────┘
Trainable params: 5.2 M                                                                                                                        
Non-trainable params: 0                                                                                                                        
Total params: 5.2 M                                                                                                                            
Total estimated model params size (MB): 20                                                                                                     
Modules in train mode: 195                                                                                                                     
Modules in eval mode: 0                                                                                                                        
Total FLOPs: 0                                                                                                                                 
/public/home/xiongzhzh2023/Anaconda/envs/contsg/lib/python3.12/site-packages/pytorch_lightning/utilities/data.py:79: Trying to infer the `batch_size` from an ambiguous collection. The batch size we found is 64. To avoid any miscalculations, use `self.log(..., batch_size=batch_size)`.

[Training] Starting 700 epochs...
  [Epoch 1] Batch 50/375 (13%)
  [Epoch 1] Batch 100/375 (27%)
  [Epoch 1] Batch 150/375 (40%)
  [Epoch 1] Batch 200/375 (53%)
  [Epoch 1] Batch 250/375 (67%)
  [Epoch 1] Batch 300/375 (80%)
  [Epoch 1] Batch 350/375 (93%)
/public/home/xiongzhzh2023/Anaconda/envs/contsg/lib/python3.12/site-packages/pytorch_lightning/utilities/data.py:79: Trying to infer the `batch_size` from an ambiguous collection. The batch size we found is 32. To avoid any miscalculations, use `self.log(..., batch_size=batch_size)`.
[Epoch 1/700] train_loss=1.0841 val_loss=0.9121 lr=1.00e-03 (37s)
Metric val/loss improved. New best score: 0.912
  [Epoch 2] Batch 50/375 (13%)
  [Epoch 2] Batch 100/375 (27%)
  [Epoch 2] Batch 150/375 (40%)
  [Epoch 2] Batch 200/375 (53%)
  [Epoch 2] Batch 250/375 (67%)
  [Epoch 2] Batch 300/375 (80%)
  [Epoch 2] Batch 350/375 (93%)
[Epoch 2/700] train_loss=0.7919 val_loss=0.7605 lr=1.00e-03 (32s)
Metric val/loss improved by 0.152 >= min_delta = 0.0. New best score: 0.761
  [Epoch 3] Batch 50/375 (13%)
  [Epoch 3] Batch 100/375 (27%)
  [Epoch 3] Batch 150/375 (40%)
  [Epoch 3] Batch 200/375 (53%)
  [Epoch 3] Batch 250/375 (67%)
  [Epoch 3] Batch 300/375 (80%)
  [Epoch 3] Batch 350/375 (93%)
[Epoch 3/700] train_loss=0.7269 val_loss=0.7046 lr=1.00e-03 (27s)
Metric val/loss improved by 0.056 >= min_delta = 0.0. New best score: 0.705
  [Epoch 4] Batch 50/375 (13%)
  [Epoch 4] Batch 100/375 (27%)
  [Epoch 4] Batch 150/375 (40%)
  [Epoch 4] Batch 200/375 (53%)
  [Epoch 4] Batch 250/375 (67%)
  [Epoch 4] Batch 300/375 (80%)
  [Epoch 4] Batch 350/375 (93%)
[Epoch 4/700] train_loss=0.6964 val_loss=0.7057 lr=1.00e-03 (25s)
  [Epoch 5] Batch 50/375 (13%)
  [Epoch 5] Batch 100/375 (27%)
  [Epoch 5] Batch 150/375 (40%)
  [Epoch 5] Batch 200/375 (53%)
  [Epoch 5] Batch 250/375 (67%)
  [Epoch 5] Batch 300/375 (80%)
  [Epoch 5] Batch 350/375 (93%)
[Epoch 5/700] train_loss=0.6899 val_loss=0.6826 lr=1.00e-03 (27s)
Metric val/loss improved by 0.022 >= min_delta = 0.0. New best score: 0.683
  [Epoch 6] Batch 50/375 (13%)
  [Epoch 6] Batch 100/375 (27%)
  [Epoch 6] Batch 150/375 (40%)
  [Epoch 6] Batch 200/375 (53%)
  [Epoch 6] Batch 250/375 (67%)
  [Epoch 6] Batch 300/375 (80%)
  [Epoch 6] Batch 350/375 (93%)
[Epoch 6/700] train_loss=0.6764 val_loss=0.6822 lr=1.00e-03 (26s)
Metric val/loss improved by 0.000 >= min_delta = 0.0. New best score: 0.682
  [Epoch 7] Batch 50/375 (13%)
  [Epoch 7] Batch 100/375 (27%)
  [Epoch 7] Batch 150/375 (40%)
  [Epoch 7] Batch 200/375 (53%)
  [Epoch 7] Batch 250/375 (67%)
  [Epoch 7] Batch 300/375 (80%)
  [Epoch 7] Batch 350/375 (93%)
[Epoch 7/700] train_loss=0.6592 val_loss=0.6691 lr=1.00e-03 (25s)
Metric val/loss improved by 0.013 >= min_delta = 0.0. New best score: 0.669
  [Epoch 8] Batch 50/375 (13%)
  [Epoch 8] Batch 100/375 (27%)
  [Epoch 8] Batch 150/375 (40%)
  [Epoch 8] Batch 200/375 (53%)
  [Epoch 8] Batch 250/375 (67%)
  [Epoch 8] Batch 300/375 (80%)
  [Epoch 8] Batch 350/375 (93%)
[Epoch 8/700] train_loss=0.6591 val_loss=0.6404 lr=1.00e-03 (28s)
Metric val/loss improved by 0.029 >= min_delta = 0.0. New best score: 0.640
  [Epoch 9] Batch 50/375 (13%)
  [Epoch 9] Batch 100/375 (27%)
  [Epoch 9] Batch 150/375 (40%)
  [Epoch 9] Batch 200/375 (53%)
  [Epoch 9] Batch 250/375 (67%)
  [Epoch 9] Batch 300/375 (80%)
  [Epoch 9] Batch 350/375 (93%)
[Epoch 9/700] train_loss=0.6517 val_loss=0.6496 lr=1.00e-03 (26s)
  [Epoch 10] Batch 50/375 (13%)
  [Epoch 10] Batch 100/375 (27%)
  [Epoch 10] Batch 150/375 (40%)
  [Epoch 10] Batch 200/375 (53%)
  [Epoch 10] Batch 250/375 (67%)
  [Epoch 10] Batch 300/375 (80%)
  [Epoch 10] Batch 350/375 (93%)
[Epoch 10/700] train_loss=0.6379 val_loss=0.6499 lr=9.99e-04 (25s)
  [Epoch 11] Batch 50/375 (13%)
  [Epoch 11] Batch 100/375 (27%)
  [Epoch 11] Batch 150/375 (40%)
  [Epoch 11] Batch 200/375 (53%)
  [Epoch 11] Batch 250/375 (67%)
  [Epoch 11] Batch 300/375 (80%)
  [Epoch 11] Batch 350/375 (93%)
[Epoch 11/700] train_loss=0.6329 val_loss=0.6290 lr=9.99e-04 (27s)
Metric val/loss improved by 0.011 >= min_delta = 0.0. New best score: 0.629
  [Epoch 12] Batch 50/375 (13%)
  [Epoch 12] Batch 100/375 (27%)
  [Epoch 12] Batch 150/375 (40%)
  [Epoch 12] Batch 200/375 (53%)
  [Epoch 12] Batch 250/375 (67%)
  [Epoch 12] Batch 300/375 (80%)
  [Epoch 12] Batch 350/375 (93%)
[Epoch 12/700] train_loss=0.6321 val_loss=0.6306 lr=9.99e-04 (25s)
  [Epoch 13] Batch 50/375 (13%)
  [Epoch 13] Batch 100/375 (27%)
  [Epoch 13] Batch 150/375 (40%)
  [Epoch 13] Batch 200/375 (53%)
  [Epoch 13] Batch 250/375 (67%)
  [Epoch 13] Batch 300/375 (80%)
  [Epoch 13] Batch 350/375 (93%)
[Epoch 13/700] train_loss=0.6233 val_loss=0.6277 lr=9.99e-04 (32s)
Metric val/loss improved by 0.001 >= min_delta = 0.0. New best score: 0.628
  [Epoch 14] Batch 50/375 (13%)
  [Epoch 14] Batch 100/375 (27%)
  [Epoch 14] Batch 150/375 (40%)
  [Epoch 14] Batch 200/375 (53%)
  [Epoch 14] Batch 250/375 (67%)
  [Epoch 14] Batch 300/375 (80%)
  [Epoch 14] Batch 350/375 (93%)
[Epoch 14/700] train_loss=0.6216 val_loss=0.6195 lr=9.99e-04 (40s)
Metric val/loss improved by 0.008 >= min_delta = 0.0. New best score: 0.620
  [Epoch 15] Batch 50/375 (13%)
  [Epoch 15] Batch 100/375 (27%)
  [Epoch 15] Batch 150/375 (40%)
  [Epoch 15] Batch 200/375 (53%)
  [Epoch 15] Batch 250/375 (67%)
  [Epoch 15] Batch 300/375 (80%)
  [Epoch 15] Batch 350/375 (93%)
[Epoch 15/700] train_loss=0.6179 val_loss=0.6112 lr=9.99e-04 (48s)
Metric val/loss improved by 0.008 >= min_delta = 0.0. New best score: 0.611
  [Epoch 16] Batch 50/375 (13%)
  [Epoch 16] Batch 100/375 (27%)
  [Epoch 16] Batch 150/375 (40%)
  [Epoch 16] Batch 200/375 (53%)
  [Epoch 16] Batch 250/375 (67%)
  [Epoch 16] Batch 300/375 (80%)
  [Epoch 16] Batch 350/375 (93%)
[Epoch 16/700] train_loss=0.6170 val_loss=0.6192 lr=9.99e-04 (49s)
  [Epoch 17] Batch 50/375 (13%)
  [Epoch 17] Batch 100/375 (27%)
  [Epoch 17] Batch 150/375 (40%)
  [Epoch 17] Batch 200/375 (53%)
  [Epoch 17] Batch 250/375 (67%)
  [Epoch 17] Batch 300/375 (80%)
  [Epoch 17] Batch 350/375 (93%)
[Epoch 17/700] train_loss=0.6102 val_loss=0.5990 lr=9.99e-04 (45s)
Metric val/loss improved by 0.012 >= min_delta = 0.0. New best score: 0.599
  [Epoch 18] Batch 50/375 (13%)
  [Epoch 18] Batch 100/375 (27%)
  [Epoch 18] Batch 150/375 (40%)
  [Epoch 18] Batch 200/375 (53%)
  [Epoch 18] Batch 250/375 (67%)
  [Epoch 18] Batch 300/375 (80%)
  [Epoch 18] Batch 350/375 (93%)
[Epoch 18/700] train_loss=0.6106 val_loss=0.5969 lr=9.98e-04 (48s)
Metric val/loss improved by 0.002 >= min_delta = 0.0. New best score: 0.597
  [Epoch 19] Batch 50/375 (13%)
  [Epoch 19] Batch 100/375 (27%)
  [Epoch 19] Batch 150/375 (40%)
  [Epoch 19] Batch 200/375 (53%)
  [Epoch 19] Batch 250/375 (67%)
  [Epoch 19] Batch 300/375 (80%)
  [Epoch 19] Batch 350/375 (93%)
[Epoch 19/700] train_loss=0.6077 val_loss=0.6099 lr=9.98e-04 (41s)
  [Epoch 20] Batch 50/375 (13%)
  [Epoch 20] Batch 100/375 (27%)
  [Epoch 20] Batch 150/375 (40%)
  [Epoch 20] Batch 200/375 (53%)
  [Epoch 20] Batch 250/375 (67%)
  [Epoch 20] Batch 300/375 (80%)
  [Epoch 20] Batch 350/375 (93%)
[Epoch 20/700] train_loss=0.6035 val_loss=0.6102 lr=9.98e-04 (25s)
  [Epoch 21] Batch 50/375 (13%)
  [Epoch 21] Batch 100/375 (27%)
  [Epoch 21] Batch 150/375 (40%)
  [Epoch 21] Batch 200/375 (53%)
  [Epoch 21] Batch 250/375 (67%)
  [Epoch 21] Batch 300/375 (80%)
  [Epoch 21] Batch 350/375 (93%)
[Epoch 21/700] train_loss=0.6008 val_loss=0.5912 lr=9.98e-04 (27s)
Metric val/loss improved by 0.006 >= min_delta = 0.0. New best score: 0.591
  [Epoch 22] Batch 50/375 (13%)
  [Epoch 22] Batch 100/375 (27%)
  [Epoch 22] Batch 150/375 (40%)
  [Epoch 22] Batch 200/375 (53%)
  [Epoch 22] Batch 250/375 (67%)
  [Epoch 22] Batch 300/375 (80%)
  [Epoch 22] Batch 350/375 (93%)
[Epoch 22/700] train_loss=0.5969 val_loss=0.5987 lr=9.98e-04 (25s)
  [Epoch 23] Batch 50/375 (13%)
  [Epoch 23] Batch 100/375 (27%)
  [Epoch 23] Batch 150/375 (40%)
  [Epoch 23] Batch 200/375 (53%)
  [Epoch 23] Batch 250/375 (67%)
  [Epoch 23] Batch 300/375 (80%)
  [Epoch 23] Batch 350/375 (93%)
[Epoch 23/700] train_loss=0.5979 val_loss=0.5971 lr=9.97e-04 (24s)
  [Epoch 24] Batch 50/375 (13%)
  [Epoch 24] Batch 100/375 (27%)
  [Epoch 24] Batch 150/375 (40%)
  [Epoch 24] Batch 200/375 (53%)
  [Epoch 24] Batch 250/375 (67%)
  [Epoch 24] Batch 300/375 (80%)
  [Epoch 24] Batch 350/375 (93%)
[Epoch 24/700] train_loss=0.5983 val_loss=0.5991 lr=9.97e-04 (25s)
  [Epoch 25] Batch 50/375 (13%)
  [Epoch 25] Batch 100/375 (27%)
  [Epoch 25] Batch 150/375 (40%)
  [Epoch 25] Batch 200/375 (53%)
  [Epoch 25] Batch 250/375 (67%)
  [Epoch 25] Batch 300/375 (80%)
  [Epoch 25] Batch 350/375 (93%)
[Epoch 25/700] train_loss=0.5920 val_loss=0.5921 lr=9.97e-04 (24s)
  [Epoch 26] Batch 50/375 (13%)
  [Epoch 26] Batch 100/375 (27%)
  [Epoch 26] Batch 150/375 (40%)
  [Epoch 26] Batch 200/375 (53%)
  [Epoch 26] Batch 250/375 (67%)
  [Epoch 26] Batch 300/375 (80%)
  [Epoch 26] Batch 350/375 (93%)
[Epoch 26/700] train_loss=0.5938 val_loss=0.5972 lr=9.97e-04 (24s)
  [Epoch 27] Batch 50/375 (13%)
  [Epoch 27] Batch 100/375 (27%)
  [Epoch 27] Batch 150/375 (40%)
  [Epoch 27] Batch 200/375 (53%)
  [Epoch 27] Batch 250/375 (67%)
  [Epoch 27] Batch 300/375 (80%)
  [Epoch 27] Batch 350/375 (93%)
[Epoch 27/700] train_loss=0.5889 val_loss=0.5814 lr=9.96e-04 (25s)
Metric val/loss improved by 0.010 >= min_delta = 0.0. New best score: 0.581
  [Epoch 28] Batch 50/375 (13%)
  [Epoch 28] Batch 100/375 (27%)
  [Epoch 28] Batch 150/375 (40%)
  [Epoch 28] Batch 200/375 (53%)
  [Epoch 28] Batch 250/375 (67%)
  [Epoch 28] Batch 300/375 (80%)
  [Epoch 28] Batch 350/375 (93%)
[Epoch 28/700] train_loss=0.5881 val_loss=0.6015 lr=9.96e-04 (25s)
  [Epoch 29] Batch 50/375 (13%)
  [Epoch 29] Batch 100/375 (27%)
  [Epoch 29] Batch 150/375 (40%)
  [Epoch 29] Batch 200/375 (53%)
  [Epoch 29] Batch 250/375 (67%)
  [Epoch 29] Batch 300/375 (80%)
  [Epoch 29] Batch 350/375 (93%)
[Epoch 29/700] train_loss=0.5880 val_loss=0.5844 lr=9.96e-04 (25s)
  [Epoch 30] Batch 50/375 (13%)
  [Epoch 30] Batch 100/375 (27%)
  [Epoch 30] Batch 150/375 (40%)
  [Epoch 30] Batch 200/375 (53%)
  [Epoch 30] Batch 250/375 (67%)
  [Epoch 30] Batch 300/375 (80%)
  [Epoch 30] Batch 350/375 (93%)
[Epoch 30/700] train_loss=0.5865 val_loss=0.5873 lr=9.95e-04 (25s)
  [Epoch 31] Batch 50/375 (13%)
  [Epoch 31] Batch 100/375 (27%)
  [Epoch 31] Batch 150/375 (40%)
  [Epoch 31] Batch 200/375 (53%)
  [Epoch 31] Batch 250/375 (67%)
  [Epoch 31] Batch 300/375 (80%)
  [Epoch 31] Batch 350/375 (93%)
[Epoch 31/700] train_loss=0.5869 val_loss=0.5865 lr=9.95e-04 (28s)
  [Epoch 32] Batch 50/375 (13%)
  [Epoch 32] Batch 100/375 (27%)
  [Epoch 32] Batch 150/375 (40%)
  [Epoch 32] Batch 200/375 (53%)
  [Epoch 32] Batch 250/375 (67%)
  [Epoch 32] Batch 300/375 (80%)
  [Epoch 32] Batch 350/375 (93%)
[Epoch 32/700] train_loss=0.5826 val_loss=0.5838 lr=9.95e-04 (26s)
  [Epoch 33] Batch 50/375 (13%)
  [Epoch 33] Batch 100/375 (27%)
  [Epoch 33] Batch 150/375 (40%)
  [Epoch 33] Batch 200/375 (53%)
  [Epoch 33] Batch 250/375 (67%)
  [Epoch 33] Batch 300/375 (80%)
  [Epoch 33] Batch 350/375 (93%)
[Epoch 33/700] train_loss=0.5789 val_loss=0.5742 lr=9.95e-04 (27s)
Metric val/loss improved by 0.007 >= min_delta = 0.0. New best score: 0.574
  [Epoch 34] Batch 50/375 (13%)
  [Epoch 34] Batch 100/375 (27%)
  [Epoch 34] Batch 150/375 (40%)
  [Epoch 34] Batch 200/375 (53%)
  [Epoch 34] Batch 250/375 (67%)
  [Epoch 34] Batch 300/375 (80%)
  [Epoch 34] Batch 350/375 (93%)
[Epoch 34/700] train_loss=0.5835 val_loss=0.5755 lr=9.94e-04 (25s)
  [Epoch 35] Batch 50/375 (13%)
  [Epoch 35] Batch 100/375 (27%)
  [Epoch 35] Batch 150/375 (40%)
  [Epoch 35] Batch 200/375 (53%)
  [Epoch 35] Batch 250/375 (67%)
  [Epoch 35] Batch 300/375 (80%)
  [Epoch 35] Batch 350/375 (93%)
[Epoch 35/700] train_loss=0.5846 val_loss=0.5908 lr=9.94e-04 (25s)
  [Epoch 36] Batch 50/375 (13%)
  [Epoch 36] Batch 100/375 (27%)
  [Epoch 36] Batch 150/375 (40%)
  [Epoch 36] Batch 200/375 (53%)
  [Epoch 36] Batch 250/375 (67%)
  [Epoch 36] Batch 300/375 (80%)
  [Epoch 36] Batch 350/375 (93%)
[Epoch 36/700] train_loss=0.5825 val_loss=0.5839 lr=9.93e-04 (25s)
  [Epoch 37] Batch 50/375 (13%)
  [Epoch 37] Batch 100/375 (27%)
  [Epoch 37] Batch 150/375 (40%)
  [Epoch 37] Batch 200/375 (53%)
  [Epoch 37] Batch 250/375 (67%)
  [Epoch 37] Batch 300/375 (80%)
  [Epoch 37] Batch 350/375 (93%)
[Epoch 37/700] train_loss=0.5780 val_loss=0.5947 lr=9.93e-04 (30s)
  [Epoch 38] Batch 50/375 (13%)
  [Epoch 38] Batch 100/375 (27%)
  [Epoch 38] Batch 150/375 (40%)
  [Epoch 38] Batch 200/375 (53%)
  [Epoch 38] Batch 250/375 (67%)
  [Epoch 38] Batch 300/375 (80%)
  [Epoch 38] Batch 350/375 (93%)
[Epoch 38/700] train_loss=0.5791 val_loss=0.5849 lr=9.93e-04 (24s)
  [Epoch 39] Batch 50/375 (13%)
  [Epoch 39] Batch 100/375 (27%)
  [Epoch 39] Batch 150/375 (40%)
  [Epoch 39] Batch 200/375 (53%)
  [Epoch 39] Batch 250/375 (67%)
  [Epoch 39] Batch 300/375 (80%)
  [Epoch 39] Batch 350/375 (93%)
[Epoch 39/700] train_loss=0.5784 val_loss=0.5816 lr=9.92e-04 (25s)
  [Epoch 40] Batch 50/375 (13%)
  [Epoch 40] Batch 100/375 (27%)
  [Epoch 40] Batch 150/375 (40%)
  [Epoch 40] Batch 200/375 (53%)
  [Epoch 40] Batch 250/375 (67%)
  [Epoch 40] Batch 300/375 (80%)
  [Epoch 40] Batch 350/375 (93%)
[Epoch 40/700] train_loss=0.5792 val_loss=0.5738 lr=9.92e-04 (26s)
Metric val/loss improved by 0.000 >= min_delta = 0.0. New best score: 0.574
  [Epoch 41] Batch 50/375 (13%)
  [Epoch 41] Batch 100/375 (27%)
  [Epoch 41] Batch 150/375 (40%)
  [Epoch 41] Batch 200/375 (53%)
  [Epoch 41] Batch 250/375 (67%)
  [Epoch 41] Batch 300/375 (80%)
  [Epoch 41] Batch 350/375 (93%)
[Epoch 41/700] train_loss=0.5775 val_loss=0.6219 lr=9.92e-04 (25s)
  [Epoch 42] Batch 50/375 (13%)
  [Epoch 42] Batch 100/375 (27%)
  [Epoch 42] Batch 150/375 (40%)
  [Epoch 42] Batch 200/375 (53%)
  [Epoch 42] Batch 250/375 (67%)
  [Epoch 42] Batch 300/375 (80%)
  [Epoch 42] Batch 350/375 (93%)
[Epoch 42/700] train_loss=0.5757 val_loss=0.5904 lr=9.91e-04 (25s)
  [Epoch 43] Batch 50/375 (13%)
  [Epoch 43] Batch 100/375 (27%)
  [Epoch 43] Batch 150/375 (40%)
  [Epoch 43] Batch 200/375 (53%)
  [Epoch 43] Batch 250/375 (67%)
  [Epoch 43] Batch 300/375 (80%)
  [Epoch 43] Batch 350/375 (93%)
[Epoch 43/700] train_loss=0.5815 val_loss=0.5968 lr=9.91e-04 (27s)
  [Epoch 44] Batch 50/375 (13%)
  [Epoch 44] Batch 100/375 (27%)
  [Epoch 44] Batch 150/375 (40%)
  [Epoch 44] Batch 200/375 (53%)
  [Epoch 44] Batch 250/375 (67%)
  [Epoch 44] Batch 300/375 (80%)
  [Epoch 44] Batch 350/375 (93%)
[Epoch 44/700] train_loss=0.5750 val_loss=0.5837 lr=9.90e-04 (25s)
  [Epoch 45] Batch 50/375 (13%)
  [Epoch 45] Batch 100/375 (27%)
  [Epoch 45] Batch 150/375 (40%)
  [Epoch 45] Batch 200/375 (53%)
  [Epoch 45] Batch 250/375 (67%)
  [Epoch 45] Batch 300/375 (80%)
  [Epoch 45] Batch 350/375 (93%)
[Epoch 45/700] train_loss=0.5761 val_loss=0.5602 lr=9.90e-04 (25s)
Metric val/loss improved by 0.014 >= min_delta = 0.0. New best score: 0.560
  [Epoch 46] Batch 50/375 (13%)
  [Epoch 46] Batch 100/375 (27%)
  [Epoch 46] Batch 150/375 (40%)
  [Epoch 46] Batch 200/375 (53%)
  [Epoch 46] Batch 250/375 (67%)
  [Epoch 46] Batch 300/375 (80%)
  [Epoch 46] Batch 350/375 (93%)
[Epoch 46/700] train_loss=0.5696 val_loss=0.5773 lr=9.89e-04 (25s)
  [Epoch 47] Batch 50/375 (13%)
  [Epoch 47] Batch 100/375 (27%)
  [Epoch 47] Batch 150/375 (40%)
  [Epoch 47] Batch 200/375 (53%)
  [Epoch 47] Batch 250/375 (67%)
  [Epoch 47] Batch 300/375 (80%)
  [Epoch 47] Batch 350/375 (93%)
[Epoch 47/700] train_loss=0.5738 val_loss=0.5687 lr=9.89e-04 (25s)
  [Epoch 48] Batch 50/375 (13%)
  [Epoch 48] Batch 100/375 (27%)
  [Epoch 48] Batch 150/375 (40%)
  [Epoch 48] Batch 200/375 (53%)
  [Epoch 48] Batch 250/375 (67%)
  [Epoch 48] Batch 300/375 (80%)
  [Epoch 48] Batch 350/375 (93%)
[Epoch 48/700] train_loss=0.5692 val_loss=0.5683 lr=9.88e-04 (25s)
  [Epoch 49] Batch 50/375 (13%)
  [Epoch 49] Batch 100/375 (27%)
  [Epoch 49] Batch 150/375 (40%)
  [Epoch 49] Batch 200/375 (53%)
  [Epoch 49] Batch 250/375 (67%)
  [Epoch 49] Batch 300/375 (80%)
  [Epoch 49] Batch 350/375 (93%)
[Epoch 49/700] train_loss=0.5685 val_loss=0.5689 lr=9.88e-04 (25s)
  [Epoch 50] Batch 50/375 (13%)
  [Epoch 50] Batch 100/375 (27%)
  [Epoch 50] Batch 150/375 (40%)
  [Epoch 50] Batch 200/375 (53%)
  [Epoch 50] Batch 250/375 (67%)
  [Epoch 50] Batch 300/375 (80%)
  [Epoch 50] Batch 350/375 (93%)
[Epoch 50/700] train_loss=0.5746 val_loss=0.5632 lr=9.87e-04 (25s)
  [Epoch 51] Batch 50/375 (13%)
  [Epoch 51] Batch 100/375 (27%)
  [Epoch 51] Batch 150/375 (40%)
  [Epoch 51] Batch 200/375 (53%)
  [Epoch 51] Batch 250/375 (67%)
  [Epoch 51] Batch 300/375 (80%)
  [Epoch 51] Batch 350/375 (93%)
[Epoch 51/700] train_loss=0.5726 val_loss=0.5836 lr=9.87e-04 (26s)
  [Epoch 52] Batch 50/375 (13%)
  [Epoch 52] Batch 100/375 (27%)
  [Epoch 52] Batch 150/375 (40%)
  [Epoch 52] Batch 200/375 (53%)
  [Epoch 52] Batch 250/375 (67%)
  [Epoch 52] Batch 300/375 (80%)
  [Epoch 52] Batch 350/375 (93%)
[Epoch 52/700] train_loss=0.5652 val_loss=0.5771 lr=9.86e-04 (25s)
  [Epoch 53] Batch 50/375 (13%)
  [Epoch 53] Batch 100/375 (27%)
  [Epoch 53] Batch 150/375 (40%)
  [Epoch 53] Batch 200/375 (53%)
  [Epoch 53] Batch 250/375 (67%)
  [Epoch 53] Batch 300/375 (80%)
  [Epoch 53] Batch 350/375 (93%)
[Epoch 53/700] train_loss=0.5682 val_loss=0.5582 lr=9.86e-04 (25s)
Metric val/loss improved by 0.002 >= min_delta = 0.0. New best score: 0.558
  [Epoch 54] Batch 50/375 (13%)
  [Epoch 54] Batch 100/375 (27%)
  [Epoch 54] Batch 150/375 (40%)
  [Epoch 54] Batch 200/375 (53%)
  [Epoch 54] Batch 250/375 (67%)
  [Epoch 54] Batch 300/375 (80%)
  [Epoch 54] Batch 350/375 (93%)
[Epoch 54/700] train_loss=0.5707 val_loss=0.5755 lr=9.85e-04 (29s)
  [Epoch 55] Batch 50/375 (13%)
  [Epoch 55] Batch 100/375 (27%)
  [Epoch 55] Batch 150/375 (40%)
  [Epoch 55] Batch 200/375 (53%)
  [Epoch 55] Batch 250/375 (67%)
  [Epoch 55] Batch 300/375 (80%)
  [Epoch 55] Batch 350/375 (93%)
[Epoch 55/700] train_loss=0.5654 val_loss=0.5810 lr=9.85e-04 (26s)
  [Epoch 56] Batch 50/375 (13%)
  [Epoch 56] Batch 100/375 (27%)
  [Epoch 56] Batch 150/375 (40%)
  [Epoch 56] Batch 200/375 (53%)
  [Epoch 56] Batch 250/375 (67%)
  [Epoch 56] Batch 300/375 (80%)
  [Epoch 56] Batch 350/375 (93%)
[Epoch 56/700] train_loss=0.5681 val_loss=0.5737 lr=9.84e-04 (28s)
  [Epoch 57] Batch 50/375 (13%)
  [Epoch 57] Batch 100/375 (27%)
  [Epoch 57] Batch 150/375 (40%)
  [Epoch 57] Batch 200/375 (53%)
  [Epoch 57] Batch 250/375 (67%)
  [Epoch 57] Batch 300/375 (80%)
  [Epoch 57] Batch 350/375 (93%)
[Epoch 57/700] train_loss=0.5674 val_loss=0.5767 lr=9.84e-04 (26s)
  [Epoch 58] Batch 50/375 (13%)
  [Epoch 58] Batch 100/375 (27%)
  [Epoch 58] Batch 150/375 (40%)
  [Epoch 58] Batch 200/375 (53%)
  [Epoch 58] Batch 250/375 (67%)
  [Epoch 58] Batch 300/375 (80%)
  [Epoch 58] Batch 350/375 (93%)
[Epoch 58/700] train_loss=0.5636 val_loss=0.5666 lr=9.83e-04 (34s)
  [Epoch 59] Batch 50/375 (13%)
  [Epoch 59] Batch 100/375 (27%)
  [Epoch 59] Batch 150/375 (40%)
  [Epoch 59] Batch 200/375 (53%)
  [Epoch 59] Batch 250/375 (67%)
  [Epoch 59] Batch 300/375 (80%)
  [Epoch 59] Batch 350/375 (93%)
[Epoch 59/700] train_loss=0.5618 val_loss=0.5688 lr=9.83e-04 (26s)
  [Epoch 60] Batch 50/375 (13%)
  [Epoch 60] Batch 100/375 (27%)
  [Epoch 60] Batch 150/375 (40%)
  [Epoch 60] Batch 200/375 (53%)
  [Epoch 60] Batch 250/375 (67%)
  [Epoch 60] Batch 300/375 (80%)
  [Epoch 60] Batch 350/375 (93%)
[Epoch 60/700] train_loss=0.5654 val_loss=0.5607 lr=9.82e-04 (35s)
  [Epoch 61] Batch 50/375 (13%)
  [Epoch 61] Batch 100/375 (27%)
  [Epoch 61] Batch 150/375 (40%)
  [Epoch 61] Batch 200/375 (53%)
  [Epoch 61] Batch 250/375 (67%)
  [Epoch 61] Batch 300/375 (80%)
  [Epoch 61] Batch 350/375 (93%)
[Epoch 61/700] train_loss=0.5653 val_loss=0.5695 lr=9.81e-04 (25s)
  [Epoch 62] Batch 50/375 (13%)
  [Epoch 62] Batch 100/375 (27%)
  [Epoch 62] Batch 150/375 (40%)
  [Epoch 62] Batch 200/375 (53%)
  [Epoch 62] Batch 250/375 (67%)
  [Epoch 62] Batch 300/375 (80%)
  [Epoch 62] Batch 350/375 (93%)
[Epoch 62/700] train_loss=0.5589 val_loss=0.5741 lr=9.81e-04 (29s)
  [Epoch 63] Batch 50/375 (13%)
  [Epoch 63] Batch 100/375 (27%)
  [Epoch 63] Batch 150/375 (40%)
  [Epoch 63] Batch 200/375 (53%)
  [Epoch 63] Batch 250/375 (67%)
  [Epoch 63] Batch 300/375 (80%)
  [Epoch 63] Batch 350/375 (93%)
[Epoch 63/700] train_loss=0.5618 val_loss=0.5565 lr=9.80e-04 (30s)
Metric val/loss improved by 0.002 >= min_delta = 0.0. New best score: 0.557
  [Epoch 64] Batch 50/375 (13%)
  [Epoch 64] Batch 100/375 (27%)
  [Epoch 64] Batch 150/375 (40%)
  [Epoch 64] Batch 200/375 (53%)
  [Epoch 64] Batch 250/375 (67%)
  [Epoch 64] Batch 300/375 (80%)
  [Epoch 64] Batch 350/375 (93%)
[Epoch 64/700] train_loss=0.5577 val_loss=0.5582 lr=9.80e-04 (25s)
  [Epoch 65] Batch 50/375 (13%)
  [Epoch 65] Batch 100/375 (27%)
  [Epoch 65] Batch 150/375 (40%)
  [Epoch 65] Batch 200/375 (53%)
  [Epoch 65] Batch 250/375 (67%)
  [Epoch 65] Batch 300/375 (80%)
  [Epoch 65] Batch 350/375 (93%)
[Epoch 65/700] train_loss=0.5626 val_loss=0.5705 lr=9.79e-04 (28s)
  [Epoch 66] Batch 50/375 (13%)
  [Epoch 66] Batch 100/375 (27%)
  [Epoch 66] Batch 150/375 (40%)
  [Epoch 66] Batch 200/375 (53%)
  [Epoch 66] Batch 250/375 (67%)
  [Epoch 66] Batch 300/375 (80%)
  [Epoch 66] Batch 350/375 (93%)
[Epoch 66/700] train_loss=0.5614 val_loss=0.5674 lr=9.78e-04 (25s)
  [Epoch 67] Batch 50/375 (13%)
  [Epoch 67] Batch 100/375 (27%)
  [Epoch 67] Batch 150/375 (40%)
  [Epoch 67] Batch 200/375 (53%)
  [Epoch 67] Batch 250/375 (67%)
  [Epoch 67] Batch 300/375 (80%)
  [Epoch 67] Batch 350/375 (93%)
[Epoch 67/700] train_loss=0.5649 val_loss=0.5581 lr=9.78e-04 (24s)
  [Epoch 68] Batch 50/375 (13%)
  [Epoch 68] Batch 100/375 (27%)
  [Epoch 68] Batch 150/375 (40%)
  [Epoch 68] Batch 200/375 (53%)
  [Epoch 68] Batch 250/375 (67%)
  [Epoch 68] Batch 300/375 (80%)
  [Epoch 68] Batch 350/375 (93%)
[Epoch 68/700] train_loss=0.5655 val_loss=0.5588 lr=9.77e-04 (25s)
  [Epoch 69] Batch 50/375 (13%)
  [Epoch 69] Batch 100/375 (27%)
  [Epoch 69] Batch 150/375 (40%)
  [Epoch 69] Batch 200/375 (53%)
  [Epoch 69] Batch 250/375 (67%)
  [Epoch 69] Batch 300/375 (80%)
  [Epoch 69] Batch 350/375 (93%)
[Epoch 69/700] train_loss=0.5604 val_loss=0.5464 lr=9.76e-04 (29s)
Metric val/loss improved by 0.010 >= min_delta = 0.0. New best score: 0.546
  [Epoch 70] Batch 50/375 (13%)
  [Epoch 70] Batch 100/375 (27%)
  [Epoch 70] Batch 150/375 (40%)
  [Epoch 70] Batch 200/375 (53%)
  [Epoch 70] Batch 250/375 (67%)
  [Epoch 70] Batch 300/375 (80%)
  [Epoch 70] Batch 350/375 (93%)
[Epoch 70/700] train_loss=0.5564 val_loss=0.5666 lr=9.76e-04 (24s)
  [Epoch 71] Batch 50/375 (13%)
  [Epoch 71] Batch 100/375 (27%)
  [Epoch 71] Batch 150/375 (40%)
  [Epoch 71] Batch 200/375 (53%)
  [Epoch 71] Batch 250/375 (67%)
  [Epoch 71] Batch 300/375 (80%)
  [Epoch 71] Batch 350/375 (93%)
[Epoch 71/700] train_loss=0.5603 val_loss=0.5683 lr=9.75e-04 (25s)
  [Epoch 72] Batch 50/375 (13%)
  [Epoch 72] Batch 100/375 (27%)
  [Epoch 72] Batch 150/375 (40%)
  [Epoch 72] Batch 200/375 (53%)
  [Epoch 72] Batch 250/375 (67%)
  [Epoch 72] Batch 300/375 (80%)
  [Epoch 72] Batch 350/375 (93%)
[Epoch 72/700] train_loss=0.5591 val_loss=0.5547 lr=9.74e-04 (26s)
  [Epoch 73] Batch 50/375 (13%)
  [Epoch 73] Batch 100/375 (27%)
  [Epoch 73] Batch 150/375 (40%)
  [Epoch 73] Batch 200/375 (53%)
  [Epoch 73] Batch 250/375 (67%)
  [Epoch 73] Batch 300/375 (80%)
  [Epoch 73] Batch 350/375 (93%)
[Epoch 73/700] train_loss=0.5577 val_loss=0.5541 lr=9.73e-04 (25s)
  [Epoch 74] Batch 50/375 (13%)
  [Epoch 74] Batch 100/375 (27%)
  [Epoch 74] Batch 150/375 (40%)
  [Epoch 74] Batch 200/375 (53%)
  [Epoch 74] Batch 250/375 (67%)
  [Epoch 74] Batch 300/375 (80%)
  [Epoch 74] Batch 350/375 (93%)
[Epoch 74/700] train_loss=0.5538 val_loss=0.5525 lr=9.73e-04 (25s)
  [Epoch 75] Batch 50/375 (13%)
  [Epoch 75] Batch 100/375 (27%)
  [Epoch 75] Batch 150/375 (40%)
  [Epoch 75] Batch 200/375 (53%)
  [Epoch 75] Batch 250/375 (67%)
  [Epoch 75] Batch 300/375 (80%)
  [Epoch 75] Batch 350/375 (93%)
[Epoch 75/700] train_loss=0.5571 val_loss=0.5657 lr=9.72e-04 (24s)
  [Epoch 76] Batch 50/375 (13%)
  [Epoch 76] Batch 100/375 (27%)
  [Epoch 76] Batch 150/375 (40%)
  [Epoch 76] Batch 200/375 (53%)
  [Epoch 76] Batch 250/375 (67%)
  [Epoch 76] Batch 300/375 (80%)
  [Epoch 76] Batch 350/375 (93%)
[Epoch 76/700] train_loss=0.5524 val_loss=0.5542 lr=9.71e-04 (24s)
  [Epoch 77] Batch 50/375 (13%)
  [Epoch 77] Batch 100/375 (27%)
  [Epoch 77] Batch 150/375 (40%)
  [Epoch 77] Batch 200/375 (53%)
  [Epoch 77] Batch 250/375 (67%)
  [Epoch 77] Batch 300/375 (80%)
  [Epoch 77] Batch 350/375 (93%)
[Epoch 77/700] train_loss=0.5587 val_loss=0.5519 lr=9.70e-04 (25s)
  [Epoch 78] Batch 50/375 (13%)
  [Epoch 78] Batch 100/375 (27%)
  [Epoch 78] Batch 150/375 (40%)
  [Epoch 78] Batch 200/375 (53%)
  [Epoch 78] Batch 250/375 (67%)
  [Epoch 78] Batch 300/375 (80%)
  [Epoch 78] Batch 350/375 (93%)
[Epoch 78/700] train_loss=0.5587 val_loss=0.5549 lr=9.70e-04 (25s)
  [Epoch 79] Batch 50/375 (13%)
  [Epoch 79] Batch 100/375 (27%)
  [Epoch 79] Batch 150/375 (40%)
  [Epoch 79] Batch 200/375 (53%)
  [Epoch 79] Batch 250/375 (67%)
  [Epoch 79] Batch 300/375 (80%)
  [Epoch 79] Batch 350/375 (93%)
[Epoch 79/700] train_loss=0.5544 val_loss=0.5524 lr=9.69e-04 (29s)
  [Epoch 80] Batch 50/375 (13%)
  [Epoch 80] Batch 100/375 (27%)
  [Epoch 80] Batch 150/375 (40%)
  [Epoch 80] Batch 200/375 (53%)
  [Epoch 80] Batch 250/375 (67%)
  [Epoch 80] Batch 300/375 (80%)
  [Epoch 80] Batch 350/375 (93%)
[Epoch 80/700] train_loss=0.5542 val_loss=0.5636 lr=9.68e-04 (26s)
  [Epoch 81] Batch 50/375 (13%)
  [Epoch 81] Batch 100/375 (27%)
  [Epoch 81] Batch 150/375 (40%)
  [Epoch 81] Batch 200/375 (53%)
  [Epoch 81] Batch 250/375 (67%)
  [Epoch 81] Batch 300/375 (80%)
  [Epoch 81] Batch 350/375 (93%)
[Epoch 81/700] train_loss=0.5552 val_loss=0.5460 lr=9.67e-04 (33s)
Metric val/loss improved by 0.000 >= min_delta = 0.0. New best score: 0.546
  [Epoch 82] Batch 50/375 (13%)
  [Epoch 82] Batch 100/375 (27%)
  [Epoch 82] Batch 150/375 (40%)
  [Epoch 82] Batch 200/375 (53%)
  [Epoch 82] Batch 250/375 (67%)
  [Epoch 82] Batch 300/375 (80%)
  [Epoch 82] Batch 350/375 (93%)
[Epoch 82/700] train_loss=0.5490 val_loss=0.5590 lr=9.67e-04 (25s)
  [Epoch 83] Batch 50/375 (13%)
  [Epoch 83] Batch 100/375 (27%)
  [Epoch 83] Batch 150/375 (40%)
  [Epoch 83] Batch 200/375 (53%)
  [Epoch 83] Batch 250/375 (67%)
  [Epoch 83] Batch 300/375 (80%)
  [Epoch 83] Batch 350/375 (93%)
[Epoch 83/700] train_loss=0.5580 val_loss=0.5492 lr=9.66e-04 (27s)
  [Epoch 84] Batch 50/375 (13%)
  [Epoch 84] Batch 100/375 (27%)
  [Epoch 84] Batch 150/375 (40%)
  [Epoch 84] Batch 200/375 (53%)
  [Epoch 84] Batch 250/375 (67%)
  [Epoch 84] Batch 300/375 (80%)
  [Epoch 84] Batch 350/375 (93%)
[Epoch 84/700] train_loss=0.5500 val_loss=0.5573 lr=9.65e-04 (26s)
  [Epoch 85] Batch 50/375 (13%)
  [Epoch 85] Batch 100/375 (27%)
  [Epoch 85] Batch 150/375 (40%)
  [Epoch 85] Batch 200/375 (53%)
  [Epoch 85] Batch 250/375 (67%)
  [Epoch 85] Batch 300/375 (80%)
  [Epoch 85] Batch 350/375 (93%)
[Epoch 85/700] train_loss=0.5531 val_loss=0.5653 lr=9.64e-04 (26s)
  [Epoch 86] Batch 50/375 (13%)
  [Epoch 86] Batch 100/375 (27%)
  [Epoch 86] Batch 150/375 (40%)
  [Epoch 86] Batch 200/375 (53%)
  [Epoch 86] Batch 250/375 (67%)
  [Epoch 86] Batch 300/375 (80%)
  [Epoch 86] Batch 350/375 (93%)
[Epoch 86/700] train_loss=0.5509 val_loss=0.5480 lr=9.63e-04 (25s)
  [Epoch 87] Batch 50/375 (13%)
  [Epoch 87] Batch 100/375 (27%)
  [Epoch 87] Batch 150/375 (40%)
  [Epoch 87] Batch 200/375 (53%)
  [Epoch 87] Batch 250/375 (67%)
  [Epoch 87] Batch 300/375 (80%)
  [Epoch 87] Batch 350/375 (93%)
[Epoch 87/700] train_loss=0.5530 val_loss=0.5328 lr=9.62e-04 (25s)
Metric val/loss improved by 0.013 >= min_delta = 0.0. New best score: 0.533
  [Epoch 88] Batch 50/375 (13%)
  [Epoch 88] Batch 100/375 (27%)
  [Epoch 88] Batch 150/375 (40%)
  [Epoch 88] Batch 200/375 (53%)
  [Epoch 88] Batch 250/375 (67%)
  [Epoch 88] Batch 300/375 (80%)
  [Epoch 88] Batch 350/375 (93%)
[Epoch 88/700] train_loss=0.5539 val_loss=0.5516 lr=9.62e-04 (26s)
  [Epoch 89] Batch 50/375 (13%)
  [Epoch 89] Batch 100/375 (27%)
  [Epoch 89] Batch 150/375 (40%)
  [Epoch 89] Batch 200/375 (53%)
  [Epoch 89] Batch 250/375 (67%)
  [Epoch 89] Batch 300/375 (80%)
  [Epoch 89] Batch 350/375 (93%)
[Epoch 89/700] train_loss=0.5506 val_loss=0.5612 lr=9.61e-04 (24s)
  [Epoch 90] Batch 50/375 (13%)
  [Epoch 90] Batch 100/375 (27%)
  [Epoch 90] Batch 150/375 (40%)
  [Epoch 90] Batch 200/375 (53%)
  [Epoch 90] Batch 250/375 (67%)
  [Epoch 90] Batch 300/375 (80%)
  [Epoch 90] Batch 350/375 (93%)
[Epoch 90/700] train_loss=0.5470 val_loss=0.5552 lr=9.60e-04 (25s)
  [Epoch 91] Batch 50/375 (13%)
  [Epoch 91] Batch 100/375 (27%)
  [Epoch 91] Batch 150/375 (40%)
  [Epoch 91] Batch 200/375 (53%)
  [Epoch 91] Batch 250/375 (67%)
  [Epoch 91] Batch 300/375 (80%)
  [Epoch 91] Batch 350/375 (93%)
[Epoch 91/700] train_loss=0.5476 val_loss=0.5598 lr=9.59e-04 (25s)
  [Epoch 92] Batch 50/375 (13%)
  [Epoch 92] Batch 100/375 (27%)
  [Epoch 92] Batch 150/375 (40%)
  [Epoch 92] Batch 200/375 (53%)
  [Epoch 92] Batch 250/375 (67%)
  [Epoch 92] Batch 300/375 (80%)
  [Epoch 92] Batch 350/375 (93%)
[Epoch 92/700] train_loss=0.5498 val_loss=0.5474 lr=9.58e-04 (25s)
  [Epoch 93] Batch 50/375 (13%)
  [Epoch 93] Batch 100/375 (27%)
  [Epoch 93] Batch 150/375 (40%)
  [Epoch 93] Batch 200/375 (53%)
  [Epoch 93] Batch 250/375 (67%)
  [Epoch 93] Batch 300/375 (80%)
  [Epoch 93] Batch 350/375 (93%)
[Epoch 93/700] train_loss=0.5521 val_loss=0.5504 lr=9.57e-04 (24s)
  [Epoch 94] Batch 50/375 (13%)
  [Epoch 94] Batch 100/375 (27%)
  [Epoch 94] Batch 150/375 (40%)
  [Epoch 94] Batch 200/375 (53%)
  [Epoch 94] Batch 250/375 (67%)
  [Epoch 94] Batch 300/375 (80%)
  [Epoch 94] Batch 350/375 (93%)
[Epoch 94/700] train_loss=0.5445 val_loss=0.5534 lr=9.56e-04 (28s)
  [Epoch 95] Batch 50/375 (13%)
  [Epoch 95] Batch 100/375 (27%)
  [Epoch 95] Batch 150/375 (40%)
  [Epoch 95] Batch 200/375 (53%)
  [Epoch 95] Batch 250/375 (67%)
  [Epoch 95] Batch 300/375 (80%)
  [Epoch 95] Batch 350/375 (93%)
[Epoch 95/700] train_loss=0.5451 val_loss=0.5491 lr=9.55e-04 (25s)
  [Epoch 96] Batch 50/375 (13%)
  [Epoch 96] Batch 100/375 (27%)
  [Epoch 96] Batch 150/375 (40%)
  [Epoch 96] Batch 200/375 (53%)
  [Epoch 96] Batch 250/375 (67%)
  [Epoch 96] Batch 300/375 (80%)
  [Epoch 96] Batch 350/375 (93%)
[Epoch 96/700] train_loss=0.5482 val_loss=0.5532 lr=9.54e-04 (26s)
  [Epoch 97] Batch 50/375 (13%)
  [Epoch 97] Batch 100/375 (27%)
  [Epoch 97] Batch 150/375 (40%)
  [Epoch 97] Batch 200/375 (53%)
  [Epoch 97] Batch 250/375 (67%)
  [Epoch 97] Batch 300/375 (80%)
  [Epoch 97] Batch 350/375 (93%)
[Epoch 97/700] train_loss=0.5473 val_loss=0.5595 lr=9.53e-04 (25s)
  [Epoch 98] Batch 50/375 (13%)
  [Epoch 98] Batch 100/375 (27%)
  [Epoch 98] Batch 150/375 (40%)
  [Epoch 98] Batch 200/375 (53%)
  [Epoch 98] Batch 250/375 (67%)
  [Epoch 98] Batch 300/375 (80%)
  [Epoch 98] Batch 350/375 (93%)
[Epoch 98/700] train_loss=0.5497 val_loss=0.5635 lr=9.52e-04 (25s)
  [Epoch 99] Batch 50/375 (13%)
  [Epoch 99] Batch 100/375 (27%)
  [Epoch 99] Batch 150/375 (40%)
  [Epoch 99] Batch 200/375 (53%)
  [Epoch 99] Batch 250/375 (67%)
  [Epoch 99] Batch 300/375 (80%)
  [Epoch 99] Batch 350/375 (93%)
[Epoch 99/700] train_loss=0.5456 val_loss=0.5337 lr=9.51e-04 (26s)
  [Epoch 100] Batch 50/375 (13%)
  [Epoch 100] Batch 100/375 (27%)
  [Epoch 100] Batch 150/375 (40%)
  [Epoch 100] Batch 200/375 (53%)
  [Epoch 100] Batch 250/375 (67%)
  [Epoch 100] Batch 300/375 (80%)
  [Epoch 100] Batch 350/375 (93%)
[Epoch 100/700] train_loss=0.5458 val_loss=0.5543 lr=9.50e-04 (24s)
  [Epoch 101] Batch 50/375 (13%)
  [Epoch 101] Batch 100/375 (27%)
  [Epoch 101] Batch 150/375 (40%)
  [Epoch 101] Batch 200/375 (53%)
  [Epoch 101] Batch 250/375 (67%)
  [Epoch 101] Batch 300/375 (80%)
  [Epoch 101] Batch 350/375 (93%)
[Epoch 101/700] train_loss=0.5438 val_loss=0.5521 lr=9.50e-04 (25s)
  [Epoch 102] Batch 50/375 (13%)
  [Epoch 102] Batch 100/375 (27%)
  [Epoch 102] Batch 150/375 (40%)
  [Epoch 102] Batch 200/375 (53%)
  [Epoch 102] Batch 250/375 (67%)
  [Epoch 102] Batch 300/375 (80%)
  [Epoch 102] Batch 350/375 (93%)
[Epoch 102/700] train_loss=0.5415 val_loss=0.5532 lr=9.49e-04 (24s)
  [Epoch 103] Batch 50/375 (13%)
  [Epoch 103] Batch 100/375 (27%)
  [Epoch 103] Batch 150/375 (40%)
  [Epoch 103] Batch 200/375 (53%)
  [Epoch 103] Batch 250/375 (67%)
  [Epoch 103] Batch 300/375 (80%)
  [Epoch 103] Batch 350/375 (93%)
[Epoch 103/700] train_loss=0.5498 val_loss=0.5562 lr=9.48e-04 (43s)
  [Epoch 104] Batch 50/375 (13%)
  [Epoch 104] Batch 100/375 (27%)
  [Epoch 104] Batch 150/375 (40%)
  [Epoch 104] Batch 200/375 (53%)
  [Epoch 104] Batch 250/375 (67%)
  [Epoch 104] Batch 300/375 (80%)
  [Epoch 104] Batch 350/375 (93%)
[Epoch 104/700] train_loss=0.5485 val_loss=0.5496 lr=9.47e-04 (46s)
  [Epoch 105] Batch 50/375 (13%)
  [Epoch 105] Batch 100/375 (27%)
  [Epoch 105] Batch 150/375 (40%)
  [Epoch 105] Batch 200/375 (53%)
  [Epoch 105] Batch 250/375 (67%)
  [Epoch 105] Batch 300/375 (80%)
  [Epoch 105] Batch 350/375 (93%)
[Epoch 105/700] train_loss=0.5486 val_loss=0.5618 lr=9.46e-04 (45s)
  [Epoch 106] Batch 50/375 (13%)
  [Epoch 106] Batch 100/375 (27%)
  [Epoch 106] Batch 150/375 (40%)
  [Epoch 106] Batch 200/375 (53%)
  [Epoch 106] Batch 250/375 (67%)
  [Epoch 106] Batch 300/375 (80%)
  [Epoch 106] Batch 350/375 (93%)
[Epoch 106/700] train_loss=0.5420 val_loss=0.5498 lr=9.44e-04 (41s)
  [Epoch 107] Batch 50/375 (13%)
  [Epoch 107] Batch 100/375 (27%)
  [Epoch 107] Batch 150/375 (40%)
  [Epoch 107] Batch 200/375 (53%)
  [Epoch 107] Batch 250/375 (67%)
  [Epoch 107] Batch 300/375 (80%)
  [Epoch 107] Batch 350/375 (93%)
[Epoch 107/700] train_loss=0.5453 val_loss=0.5544 lr=9.43e-04 (46s)
  [Epoch 108] Batch 50/375 (13%)
  [Epoch 108] Batch 100/375 (27%)
  [Epoch 108] Batch 150/375 (40%)
  [Epoch 108] Batch 200/375 (53%)
  [Epoch 108] Batch 250/375 (67%)
  [Epoch 108] Batch 300/375 (80%)
  [Epoch 108] Batch 350/375 (93%)
[Epoch 108/700] train_loss=0.5383 val_loss=0.5410 lr=9.42e-04 (44s)
  [Epoch 109] Batch 50/375 (13%)
  [Epoch 109] Batch 100/375 (27%)
  [Epoch 109] Batch 150/375 (40%)
  [Epoch 109] Batch 200/375 (53%)
  [Epoch 109] Batch 250/375 (67%)
  [Epoch 109] Batch 300/375 (80%)
  [Epoch 109] Batch 350/375 (93%)
[Epoch 109/700] train_loss=0.5421 val_loss=0.5448 lr=9.41e-04 (45s)
  [Epoch 110] Batch 50/375 (13%)
  [Epoch 110] Batch 100/375 (27%)
  [Epoch 110] Batch 150/375 (40%)
  [Epoch 110] Batch 200/375 (53%)
  [Epoch 110] Batch 250/375 (67%)
  [Epoch 110] Batch 300/375 (80%)
  [Epoch 110] Batch 350/375 (93%)
[Epoch 110/700] train_loss=0.5449 val_loss=0.5552 lr=9.40e-04 (48s)
  [Epoch 111] Batch 50/375 (13%)
  [Epoch 111] Batch 100/375 (27%)
  [Epoch 111] Batch 150/375 (40%)
  [Epoch 111] Batch 200/375 (53%)
  [Epoch 111] Batch 250/375 (67%)
  [Epoch 111] Batch 300/375 (80%)
  [Epoch 111] Batch 350/375 (93%)
[Epoch 111/700] train_loss=0.5456 val_loss=0.5476 lr=9.39e-04 (48s)
  [Epoch 112] Batch 50/375 (13%)
  [Epoch 112] Batch 100/375 (27%)
  [Epoch 112] Batch 150/375 (40%)
  [Epoch 112] Batch 200/375 (53%)
  [Epoch 112] Batch 250/375 (67%)
  [Epoch 112] Batch 300/375 (80%)
  [Epoch 112] Batch 350/375 (93%)
[Epoch 112/700] train_loss=0.5445 val_loss=0.5550 lr=9.38e-04 (48s)
  [Epoch 113] Batch 50/375 (13%)
  [Epoch 113] Batch 100/375 (27%)
  [Epoch 113] Batch 150/375 (40%)
  [Epoch 113] Batch 200/375 (53%)
  [Epoch 113] Batch 250/375 (67%)
  [Epoch 113] Batch 300/375 (80%)
  [Epoch 113] Batch 350/375 (93%)
[Epoch 113/700] train_loss=0.5443 val_loss=0.5387 lr=9.37e-04 (36s)
  [Epoch 114] Batch 50/375 (13%)
  [Epoch 114] Batch 100/375 (27%)
  [Epoch 114] Batch 150/375 (40%)
  [Epoch 114] Batch 200/375 (53%)
  [Epoch 114] Batch 250/375 (67%)
  [Epoch 114] Batch 300/375 (80%)
  [Epoch 114] Batch 350/375 (93%)
[Epoch 114/700] train_loss=0.5472 val_loss=0.5449 lr=9.36e-04 (30s)
  [Epoch 115] Batch 50/375 (13%)
  [Epoch 115] Batch 100/375 (27%)
  [Epoch 115] Batch 150/375 (40%)
  [Epoch 115] Batch 200/375 (53%)
  [Epoch 115] Batch 250/375 (67%)
  [Epoch 115] Batch 300/375 (80%)
  [Epoch 115] Batch 350/375 (93%)
[Epoch 115/700] train_loss=0.5393 val_loss=0.5560 lr=9.35e-04 (26s)
  [Epoch 116] Batch 50/375 (13%)
  [Epoch 116] Batch 100/375 (27%)
  [Epoch 116] Batch 150/375 (40%)
  [Epoch 116] Batch 200/375 (53%)
  [Epoch 116] Batch 250/375 (67%)
  [Epoch 116] Batch 300/375 (80%)
  [Epoch 116] Batch 350/375 (93%)
[Epoch 116/700] train_loss=0.5465 val_loss=0.5535 lr=9.34e-04 (50s)
  [Epoch 117] Batch 50/375 (13%)
  [Epoch 117] Batch 100/375 (27%)
  [Epoch 117] Batch 150/375 (40%)
  [Epoch 117] Batch 200/375 (53%)
  [Epoch 117] Batch 250/375 (67%)
  [Epoch 117] Batch 300/375 (80%)
  [Epoch 117] Batch 350/375 (93%)
[Epoch 117/700] train_loss=0.5425 val_loss=0.5419 lr=9.33e-04 (51s)
  [Epoch 118] Batch 50/375 (13%)
  [Epoch 118] Batch 100/375 (27%)
  [Epoch 118] Batch 150/375 (40%)
  [Epoch 118] Batch 200/375 (53%)
  [Epoch 118] Batch 250/375 (67%)
  [Epoch 118] Batch 300/375 (80%)
  [Epoch 118] Batch 350/375 (93%)
[Epoch 118/700] train_loss=0.5370 val_loss=0.5578 lr=9.32e-04 (34s)
  [Epoch 119] Batch 50/375 (13%)
  [Epoch 119] Batch 100/375 (27%)
  [Epoch 119] Batch 150/375 (40%)
  [Epoch 119] Batch 200/375 (53%)
  [Epoch 119] Batch 250/375 (67%)
  [Epoch 119] Batch 300/375 (80%)
  [Epoch 119] Batch 350/375 (93%)
[Epoch 119/700] train_loss=0.5464 val_loss=0.5477 lr=9.30e-04 (38s)
  [Epoch 120] Batch 50/375 (13%)
  [Epoch 120] Batch 100/375 (27%)
  [Epoch 120] Batch 150/375 (40%)
  [Epoch 120] Batch 200/375 (53%)
  [Epoch 120] Batch 250/375 (67%)
  [Epoch 120] Batch 300/375 (80%)
  [Epoch 120] Batch 350/375 (93%)
[Epoch 120/700] train_loss=0.5428 val_loss=0.5374 lr=9.29e-04 (49s)
  [Epoch 121] Batch 50/375 (13%)
  [Epoch 121] Batch 100/375 (27%)
  [Epoch 121] Batch 150/375 (40%)
  [Epoch 121] Batch 200/375 (53%)
  [Epoch 121] Batch 250/375 (67%)
  [Epoch 121] Batch 300/375 (80%)
  [Epoch 121] Batch 350/375 (93%)
[Epoch 121/700] train_loss=0.5416 val_loss=0.5493 lr=9.28e-04 (50s)
  [Epoch 122] Batch 50/375 (13%)
  [Epoch 122] Batch 100/375 (27%)
  [Epoch 122] Batch 150/375 (40%)
  [Epoch 122] Batch 200/375 (53%)
  [Epoch 122] Batch 250/375 (67%)
  [Epoch 122] Batch 300/375 (80%)
  [Epoch 122] Batch 350/375 (93%)
[Epoch 122/700] train_loss=0.5421 val_loss=0.5461 lr=9.27e-04 (26s)
  [Epoch 123] Batch 50/375 (13%)
  [Epoch 123] Batch 100/375 (27%)
  [Epoch 123] Batch 150/375 (40%)
  [Epoch 123] Batch 200/375 (53%)
  [Epoch 123] Batch 250/375 (67%)
  [Epoch 123] Batch 300/375 (80%)
  [Epoch 123] Batch 350/375 (93%)
[Epoch 123/700] train_loss=0.5410 val_loss=0.5357 lr=9.26e-04 (24s)
  [Epoch 124] Batch 50/375 (13%)
  [Epoch 124] Batch 100/375 (27%)
  [Epoch 124] Batch 150/375 (40%)
  [Epoch 124] Batch 200/375 (53%)
  [Epoch 124] Batch 250/375 (67%)
  [Epoch 124] Batch 300/375 (80%)
  [Epoch 124] Batch 350/375 (93%)
[Epoch 124/700] train_loss=0.5415 val_loss=0.5424 lr=9.25e-04 (24s)
  [Epoch 125] Batch 50/375 (13%)
  [Epoch 125] Batch 100/375 (27%)
  [Epoch 125] Batch 150/375 (40%)
  [Epoch 125] Batch 200/375 (53%)
  [Epoch 125] Batch 250/375 (67%)
  [Epoch 125] Batch 300/375 (80%)
  [Epoch 125] Batch 350/375 (93%)
[Epoch 125/700] train_loss=0.5441 val_loss=0.5392 lr=9.23e-04 (24s)
  [Epoch 126] Batch 50/375 (13%)
  [Epoch 126] Batch 100/375 (27%)
  [Epoch 126] Batch 150/375 (40%)
  [Epoch 126] Batch 200/375 (53%)
  [Epoch 126] Batch 250/375 (67%)
  [Epoch 126] Batch 300/375 (80%)
  [Epoch 126] Batch 350/375 (93%)
[Epoch 126/700] train_loss=0.5412 val_loss=0.5431 lr=9.22e-04 (31s)
  [Epoch 127] Batch 50/375 (13%)
  [Epoch 127] Batch 100/375 (27%)
  [Epoch 127] Batch 150/375 (40%)
  [Epoch 127] Batch 200/375 (53%)
  [Epoch 127] Batch 250/375 (67%)
  [Epoch 127] Batch 300/375 (80%)
  [Epoch 127] Batch 350/375 (93%)
[Epoch 127/700] train_loss=0.5394 val_loss=0.5390 lr=9.21e-04 (48s)
  [Epoch 128] Batch 50/375 (13%)
  [Epoch 128] Batch 100/375 (27%)
  [Epoch 128] Batch 150/375 (40%)
  [Epoch 128] Batch 200/375 (53%)
  [Epoch 128] Batch 250/375 (67%)
  [Epoch 128] Batch 300/375 (80%)
  [Epoch 128] Batch 350/375 (93%)
[Epoch 128/700] train_loss=0.5432 val_loss=0.5495 lr=9.20e-04 (47s)
  [Epoch 129] Batch 50/375 (13%)
  [Epoch 129] Batch 100/375 (27%)
  [Epoch 129] Batch 150/375 (40%)
  [Epoch 129] Batch 200/375 (53%)
  [Epoch 129] Batch 250/375 (67%)
  [Epoch 129] Batch 300/375 (80%)
  [Epoch 129] Batch 350/375 (93%)
[Epoch 129/700] train_loss=0.5379 val_loss=0.5346 lr=9.19e-04 (35s)
  [Epoch 130] Batch 50/375 (13%)
  [Epoch 130] Batch 100/375 (27%)
  [Epoch 130] Batch 150/375 (40%)
  [Epoch 130] Batch 200/375 (53%)
  [Epoch 130] Batch 250/375 (67%)
  [Epoch 130] Batch 300/375 (80%)
  [Epoch 130] Batch 350/375 (93%)
[Epoch 130/700] train_loss=0.5436 val_loss=0.5518 lr=9.17e-04 (25s)
  [Epoch 131] Batch 50/375 (13%)
  [Epoch 131] Batch 100/375 (27%)
  [Epoch 131] Batch 150/375 (40%)
  [Epoch 131] Batch 200/375 (53%)
  [Epoch 131] Batch 250/375 (67%)
  [Epoch 131] Batch 300/375 (80%)
  [Epoch 131] Batch 350/375 (93%)
[Epoch 131/700] train_loss=0.5378 val_loss=0.5435 lr=9.16e-04 (29s)
  [Epoch 132] Batch 50/375 (13%)
  [Epoch 132] Batch 100/375 (27%)
  [Epoch 132] Batch 150/375 (40%)
  [Epoch 132] Batch 200/375 (53%)
  [Epoch 132] Batch 250/375 (67%)
  [Epoch 132] Batch 300/375 (80%)
  [Epoch 132] Batch 350/375 (93%)
[Epoch 132/700] train_loss=0.5395 val_loss=0.5596 lr=9.15e-04 (25s)
  [Epoch 133] Batch 50/375 (13%)
  [Epoch 133] Batch 100/375 (27%)
  [Epoch 133] Batch 150/375 (40%)
  [Epoch 133] Batch 200/375 (53%)
  [Epoch 133] Batch 250/375 (67%)
  [Epoch 133] Batch 300/375 (80%)
  [Epoch 133] Batch 350/375 (93%)
[Epoch 133/700] train_loss=0.5387 val_loss=0.5384 lr=9.14e-04 (26s)
  [Epoch 134] Batch 50/375 (13%)
  [Epoch 134] Batch 100/375 (27%)
  [Epoch 134] Batch 150/375 (40%)
  [Epoch 134] Batch 200/375 (53%)
  [Epoch 134] Batch 250/375 (67%)
  [Epoch 134] Batch 300/375 (80%)
  [Epoch 134] Batch 350/375 (93%)
[Epoch 134/700] train_loss=0.5373 val_loss=0.5400 lr=9.12e-04 (25s)
  [Epoch 135] Batch 50/375 (13%)
  [Epoch 135] Batch 100/375 (27%)
  [Epoch 135] Batch 150/375 (40%)
  [Epoch 135] Batch 200/375 (53%)
  [Epoch 135] Batch 250/375 (67%)
  [Epoch 135] Batch 300/375 (80%)
  [Epoch 135] Batch 350/375 (93%)
[Epoch 135/700] train_loss=0.5401 val_loss=0.5524 lr=9.11e-04 (27s)
  [Epoch 136] Batch 50/375 (13%)
  [Epoch 136] Batch 100/375 (27%)
  [Epoch 136] Batch 150/375 (40%)
  [Epoch 136] Batch 200/375 (53%)
  [Epoch 136] Batch 250/375 (67%)
  [Epoch 136] Batch 300/375 (80%)
  [Epoch 136] Batch 350/375 (93%)
[Epoch 136/700] train_loss=0.5355 val_loss=0.5389 lr=9.10e-04 (28s)
  [Epoch 137] Batch 50/375 (13%)
  [Epoch 137] Batch 100/375 (27%)
  [Epoch 137] Batch 150/375 (40%)
  [Epoch 137] Batch 200/375 (53%)
  [Epoch 137] Batch 250/375 (67%)
  [Epoch 137] Batch 300/375 (80%)
  [Epoch 137] Batch 350/375 (93%)
[Epoch 137/700] train_loss=0.5376 val_loss=0.5592 lr=9.08e-04 (29s)
Monitored metric val/loss did not improve in the last 50 records. Best score: 0.533. Signaling Trainer to stop.

[Training] Completed!

✓ Training completed!
  Final checkpoint: 
/public/home/xiongzhzh2023/PT4ConTSG/experiments/20260402_015908_synth-u_pt_factor_generator/checkpoints/finetune/finetune-epoch=86-val/loss=0.
5328.ckpt
  Experiment: experiments/20260402_015908_synth-u_pt_factor_generator

Running automatic evaluation...
Loading weights:   0%|          | 0/197 [00:00<?, ?it/s]Loading weights: 100%|██████████| 197/197 [00:00<00:00, 3380.90it/s]
[1mCLIPTextModelWithProjection LOAD REPORT[0m from: ./checkpoints/longclip
Key                                                            | Status     |  | 
---------------------------------------------------------------+------------+--+-
vision_model.encoder.layers.{0...23}.mlp.fc1.weight            | UNEXPECTED |  | 
vision_model.encoder.layers.{0...23}.self_attn.v_proj.weight   | UNEXPECTED |  | 
vision_model.encoder.layers.{0...23}.layer_norm2.weight        | UNEXPECTED |  | 
vision_model.encoder.layers.{0...23}.mlp.fc1.bias              | UNEXPECTED |  | 
vision_model.encoder.layers.{0...23}.layer_norm1.bias          | UNEXPECTED |  | 
visual_projection.weight                                       | UNEXPECTED |  | 
vision_model.encoder.layers.{0...23}.mlp.fc2.weight            | UNEXPECTED |  | 
vision_model.encoder.layers.{0...23}.self_attn.q_proj.bias     | UNEXPECTED |  | 
vision_model.pre_layrnorm.bias                                 | UNEXPECTED |  | 
vision_model.encoder.layers.{0...23}.self_attn.k_proj.bias     | UNEXPECTED |  | 
vision_model.encoder.layers.{0...23}.mlp.fc2.bias              | UNEXPECTED |  | 
vision_model.encoder.layers.{0...23}.self_attn.out_proj.weight | UNEXPECTED |  | 
vision_model.encoder.layers.{0...23}.self_attn.v_proj.bias     | UNEXPECTED |  | 
vision_model.encoder.layers.{0...23}.self_attn.out_proj.bias   | UNEXPECTED |  | 
vision_model.encoder.layers.{0...23}.self_attn.k_proj.weight   | UNEXPECTED |  | 
vision_model.encoder.layers.{0...23}.layer_norm2.bias          | UNEXPECTED |  | 
vision_model.embeddings.patch_embedding.weight                 | UNEXPECTED |  | 
vision_model.post_layernorm.weight                             | UNEXPECTED |  | 
vision_model.encoder.layers.{0...23}.self_attn.q_proj.weight   | UNEXPECTED |  | 
vision_model.encoder.layers.{0...23}.layer_norm1.weight        | UNEXPECTED |  | 
vision_model.embeddings.class_embedding                        | UNEXPECTED |  | 
vision_model.pre_layrnorm.weight                               | UNEXPECTED |  | 
vision_model.post_layernorm.bias                               | UNEXPECTED |  | 
vision_model.embeddings.position_embedding.weight              | UNEXPECTED |  | 
logit_scale                                                    | UNEXPECTED |  | 

[3mNotes:
- UNEXPECTED[3m	:can be ignored when loading from different task/architecture; not ok if you expect identical arch.[0m
[Evaluating (generating)] Starting (0/32)...
[Evaluating (generating)] 1/32 (3%)
[Evaluating (generating)] 4/32 (12%)
[Evaluating (generating)] 7/32 (22%)
[Evaluating (generating)] 10/32 (31%)
[Evaluating (generating)] 13/32 (41%)
[Evaluating (generating)] 16/32 (50%)
[Evaluating (generating)] 20/32 (62%)
[Evaluating (generating)] 23/32 (72%)
[Evaluating (generating)] 26/32 (81%)
[Evaluating (generating)] 29/32 (91%)
[Evaluating (generating)] 32/32 (100%)
[Evaluating (generating)] Completed (32 items)
Evaluation results saved to: experiments/20260402_015908_synth-u_pt_factor_generator/results/eval_results.json
          Evaluation Results           
┏━━━━━━━━━━━━━━━━━━━━━━━━━┳━━━━━━━━━━━┓
┃ Metric                  ┃     Value ┃
┡━━━━━━━━━━━━━━━━━━━━━━━━━╇━━━━━━━━━━━┩
│ dtw                     │  4.777017 │
│ wape                    │ 83.350266 │
│ ed                      │  8.504068 │
│ crps                    │  0.420388 │
│ acd                     │  0.066487 │
│ sd                      │  0.020232 │
│ kd                      │  0.341291 │
│ mdd                     │  0.015371 │
│ fid                     │ 22.749844 │
│ jftsd                   │ 24.933371 │
│ cttp                    │ 16.806876 │
│ disc_auc                │  0.978912 │
│ prdc_f1.f1              │  0.365538 │
│ prdc_f1.precision       │  0.543000 │
│ prdc_f1.recall          │  0.275500 │
│ joint_prdc_f1.f1        │  0.763258 │
│ joint_prdc_f1.precision │  0.841250 │
│ joint_prdc_f1.recall    │  0.698500 │
└─────────────────────────┴───────────┘
