Loading config from: configs/grid_search/ptfg_synth-m_lr1e-4_bs128_scF.yaml
Model schema mode: relaxed (no model-specific schema for 'pt_factor_generator')
         Configuration Summary         
┌───────────────┬─────────────────────┐
│ Dataset       │ synth-m             │
│ Model         │ pt_factor_generator │
│ Epochs        │ 700                 │
│ Batch Size    │ 128                 │
│ Learning Rate │ 0.0001              │
│ Device        │ cuda:0              │
│ Seed          │ 42                  │
└───────────────┴─────────────────────┘

Experiment directory: experiments/20260401_191620_synth-m_pt_factor_generator
Seed set to 42

Model: pt_factor_generator
Creating data module: synth-m

Starting multi-stage training (1 stage(s))...
  Stage 1: finetune (700 epochs, lr=0.0001)
/public/home/xiongzhzh2023/Anaconda/envs/contsg/lib/python3.12/site-packages/lightning_fabric/plugins/environments/slurm.py:204: The `srun` command is available on your system but is not used. HINT: If your intention is to run Lightning on SLURM, prepend your python command with `srun` like so: srun python3.1 /public/home/xiongzhzh2023/Anaconda/envs/contsg/b ...
GPU available: True (cuda), used: True
TPU available: False, using: 0 TPU cores
💡 Tip: For seamless cloud logging and experiment tracking, try installing [litlogger](https://pypi.org/project/litlogger/) to enable LitLogger, which logs metrics and artifacts automatically to the Lightning Experiments platform.
`Trainer(limit_train_batches=1.0)` was configured so 100% of the batches per epoch will be used..
`Trainer(limit_val_batches=1.0)` was configured so 100% of the batches will be used..
`Trainer(limit_test_batches=1.0)` was configured so 100% of the batches will be used..
`Trainer(val_check_interval=1.0)` was configured so validation will run at the end of the training epoch..
LOCAL_RANK: 0 - CUDA_VISIBLE_DEVICES: [0,1,2,3]
┏━━━┳━━━━━━━━━━━━━━┳━━━━━━━━━━━━━━━━━━━━━━━━┳━━━━━━━━┳━━━━━━━┳━━━━━━━┓
┃   ┃ Name         ┃ Type                   ┃ Params ┃ Mode  ┃ FLOPs ┃
┡━━━╇━━━━━━━━━━━━━━╇━━━━━━━━━━━━━━━━━━━━━━━━╇━━━━━━━━╇━━━━━━━╇━━━━━━━┩
│ 0 │ net          │ PTFactorNoisePredictor │  5.2 M │ train │     0 │
│   │ other params │ n/a                    │  1.0 K │ n/a   │   n/a │
└───┴──────────────┴────────────────────────┴────────┴───────┴───────┘
Trainable params: 5.2 M                                                                                                                                                                                                                                              
Non-trainable params: 0                                                                                                                                                                                                                                              
Total params: 5.2 M                                                                                                                                                                                                                                                  
Total estimated model params size (MB): 20                                                                                                                                                                                                                           
Modules in train mode: 195                                                                                                                                                                                                                                           
Modules in eval mode: 0                                                                                                                                                                                                                                              
Total FLOPs: 0                                                                                                                                                                                                                                                       
/public/home/xiongzhzh2023/Anaconda/envs/contsg/lib/python3.12/site-packages/pytorch_lightning/utilities/data.py:79: Trying to infer the `batch_size` from an ambiguous collection. The batch size we found is 128. To avoid any miscalculations, use `self.log(..., batch_size=batch_size)`.

[Training] Starting 700 epochs...
  [Epoch 1] Batch 50/187 (27%)
  [Epoch 1] Batch 100/187 (53%)
  [Epoch 1] Batch 150/187 (80%)
/public/home/xiongzhzh2023/Anaconda/envs/contsg/lib/python3.12/site-packages/pytorch_lightning/utilities/data.py:79: Trying to infer the `batch_size` from an ambiguous collection. The batch size we found is 32. To avoid any miscalculations, use `self.log(..., batch_size=batch_size)`.
[Epoch 1/700] train_loss=1.3020 val_loss=0.9667 lr=1.00e-04 (12s)
Metric val/loss improved. New best score: 0.967
  [Epoch 2] Batch 50/187 (27%)
  [Epoch 2] Batch 100/187 (53%)
  [Epoch 2] Batch 150/187 (80%)
[Epoch 2/700] train_loss=0.9467 val_loss=0.9098 lr=1.00e-04 (12s)
Metric val/loss improved by 0.057 >= min_delta = 0.0. New best score: 0.910
  [Epoch 3] Batch 50/187 (27%)
  [Epoch 3] Batch 100/187 (53%)
  [Epoch 3] Batch 150/187 (80%)
[Epoch 3/700] train_loss=0.9082 val_loss=0.8870 lr=1.00e-04 (12s)
Metric val/loss improved by 0.023 >= min_delta = 0.0. New best score: 0.887
  [Epoch 4] Batch 50/187 (27%)
  [Epoch 4] Batch 100/187 (53%)
  [Epoch 4] Batch 150/187 (80%)
[Epoch 4/700] train_loss=0.8816 val_loss=0.8672 lr=1.00e-04 (12s)
Metric val/loss improved by 0.020 >= min_delta = 0.0. New best score: 0.867
  [Epoch 5] Batch 50/187 (27%)
  [Epoch 5] Batch 100/187 (53%)
  [Epoch 5] Batch 150/187 (80%)
[Epoch 5/700] train_loss=0.8626 val_loss=0.8505 lr=1.00e-04 (12s)
Metric val/loss improved by 0.017 >= min_delta = 0.0. New best score: 0.850
  [Epoch 6] Batch 50/187 (27%)
  [Epoch 6] Batch 100/187 (53%)
  [Epoch 6] Batch 150/187 (80%)
[Epoch 6/700] train_loss=0.8555 val_loss=0.8438 lr=1.00e-04 (10s)
Metric val/loss improved by 0.007 >= min_delta = 0.0. New best score: 0.844
  [Epoch 7] Batch 50/187 (27%)
  [Epoch 7] Batch 100/187 (53%)
  [Epoch 7] Batch 150/187 (80%)
[Epoch 7/700] train_loss=0.8475 val_loss=0.8587 lr=1.00e-04 (12s)
  [Epoch 8] Batch 50/187 (27%)
  [Epoch 8] Batch 100/187 (53%)
  [Epoch 8] Batch 150/187 (80%)
[Epoch 8/700] train_loss=0.8426 val_loss=0.8262 lr=1.00e-04 (11s)
Metric val/loss improved by 0.018 >= min_delta = 0.0. New best score: 0.826
  [Epoch 9] Batch 50/187 (27%)
  [Epoch 9] Batch 100/187 (53%)
  [Epoch 9] Batch 150/187 (80%)
[Epoch 9/700] train_loss=0.8345 val_loss=0.8414 lr=1.00e-04 (12s)
  [Epoch 10] Batch 50/187 (27%)
  [Epoch 10] Batch 100/187 (53%)
  [Epoch 10] Batch 150/187 (80%)
[Epoch 10/700] train_loss=0.8361 val_loss=0.8306 lr=9.99e-05 (12s)
  [Epoch 11] Batch 50/187 (27%)
  [Epoch 11] Batch 100/187 (53%)
  [Epoch 11] Batch 150/187 (80%)
[Epoch 11/700] train_loss=0.8359 val_loss=0.8310 lr=9.99e-05 (12s)
  [Epoch 12] Batch 50/187 (27%)
  [Epoch 12] Batch 100/187 (53%)
  [Epoch 12] Batch 150/187 (80%)
[Epoch 12/700] train_loss=0.8272 val_loss=0.8158 lr=9.99e-05 (12s)
Metric val/loss improved by 0.010 >= min_delta = 0.0. New best score: 0.816
  [Epoch 13] Batch 50/187 (27%)
  [Epoch 13] Batch 100/187 (53%)
  [Epoch 13] Batch 150/187 (80%)
[Epoch 13/700] train_loss=0.8166 val_loss=0.8288 lr=9.99e-05 (12s)
  [Epoch 14] Batch 50/187 (27%)
  [Epoch 14] Batch 100/187 (53%)
  [Epoch 14] Batch 150/187 (80%)
[Epoch 14/700] train_loss=0.8149 val_loss=0.8123 lr=9.99e-05 (12s)
Metric val/loss improved by 0.003 >= min_delta = 0.0. New best score: 0.812
  [Epoch 15] Batch 50/187 (27%)
  [Epoch 15] Batch 100/187 (53%)
  [Epoch 15] Batch 150/187 (80%)
[Epoch 15/700] train_loss=0.8104 val_loss=0.8121 lr=9.99e-05 (12s)
Metric val/loss improved by 0.000 >= min_delta = 0.0. New best score: 0.812
  [Epoch 16] Batch 50/187 (27%)
  [Epoch 16] Batch 100/187 (53%)
  [Epoch 16] Batch 150/187 (80%)
[Epoch 16/700] train_loss=0.8025 val_loss=0.8129 lr=9.99e-05 (12s)
  [Epoch 17] Batch 50/187 (27%)
  [Epoch 17] Batch 100/187 (53%)
  [Epoch 17] Batch 150/187 (80%)
[Epoch 17/700] train_loss=0.8025 val_loss=0.8177 lr=9.99e-05 (12s)
  [Epoch 18] Batch 50/187 (27%)
  [Epoch 18] Batch 100/187 (53%)
  [Epoch 18] Batch 150/187 (80%)
[Epoch 18/700] train_loss=0.7971 val_loss=0.7848 lr=9.98e-05 (12s)
Metric val/loss improved by 0.027 >= min_delta = 0.0. New best score: 0.785
  [Epoch 19] Batch 50/187 (27%)
  [Epoch 19] Batch 100/187 (53%)
  [Epoch 19] Batch 150/187 (80%)
[Epoch 19/700] train_loss=0.7919 val_loss=0.7920 lr=9.98e-05 (12s)
  [Epoch 20] Batch 50/187 (27%)
  [Epoch 20] Batch 100/187 (53%)
  [Epoch 20] Batch 150/187 (80%)
[Epoch 20/700] train_loss=0.7845 val_loss=0.7901 lr=9.98e-05 (11s)
  [Epoch 21] Batch 50/187 (27%)
  [Epoch 21] Batch 100/187 (53%)
  [Epoch 21] Batch 150/187 (80%)
[Epoch 21/700] train_loss=0.7868 val_loss=0.7916 lr=9.98e-05 (12s)
  [Epoch 22] Batch 50/187 (27%)
  [Epoch 22] Batch 100/187 (53%)
  [Epoch 22] Batch 150/187 (80%)
[Epoch 22/700] train_loss=0.7834 val_loss=0.7824 lr=9.98e-05 (12s)
Metric val/loss improved by 0.002 >= min_delta = 0.0. New best score: 0.782
  [Epoch 23] Batch 50/187 (27%)
  [Epoch 23] Batch 100/187 (53%)
  [Epoch 23] Batch 150/187 (80%)
[Epoch 23/700] train_loss=0.7842 val_loss=0.7975 lr=9.97e-05 (12s)
  [Epoch 24] Batch 50/187 (27%)
  [Epoch 24] Batch 100/187 (53%)
  [Epoch 24] Batch 150/187 (80%)
[Epoch 24/700] train_loss=0.7838 val_loss=0.7828 lr=9.97e-05 (12s)
  [Epoch 25] Batch 50/187 (27%)
  [Epoch 25] Batch 100/187 (53%)
  [Epoch 25] Batch 150/187 (80%)
[Epoch 25/700] train_loss=0.7806 val_loss=0.7743 lr=9.97e-05 (12s)
Metric val/loss improved by 0.008 >= min_delta = 0.0. New best score: 0.774
  [Epoch 26] Batch 50/187 (27%)
  [Epoch 26] Batch 100/187 (53%)
  [Epoch 26] Batch 150/187 (80%)
[Epoch 26/700] train_loss=0.7804 val_loss=0.7687 lr=9.97e-05 (11s)
Metric val/loss improved by 0.006 >= min_delta = 0.0. New best score: 0.769
  [Epoch 27] Batch 50/187 (27%)
  [Epoch 27] Batch 100/187 (53%)
  [Epoch 27] Batch 150/187 (80%)
[Epoch 27/700] train_loss=0.7779 val_loss=0.7685 lr=9.96e-05 (10s)
Metric val/loss improved by 0.000 >= min_delta = 0.0. New best score: 0.769
  [Epoch 28] Batch 50/187 (27%)
  [Epoch 28] Batch 100/187 (53%)
  [Epoch 28] Batch 150/187 (80%)
[Epoch 28/700] train_loss=0.7739 val_loss=0.7681 lr=9.96e-05 (12s)
Metric val/loss improved by 0.000 >= min_delta = 0.0. New best score: 0.768
  [Epoch 29] Batch 50/187 (27%)
  [Epoch 29] Batch 100/187 (53%)
  [Epoch 29] Batch 150/187 (80%)
[Epoch 29/700] train_loss=0.7684 val_loss=0.7665 lr=9.96e-05 (12s)
Metric val/loss improved by 0.002 >= min_delta = 0.0. New best score: 0.767
  [Epoch 30] Batch 50/187 (27%)
  [Epoch 30] Batch 100/187 (53%)
  [Epoch 30] Batch 150/187 (80%)
[Epoch 30/700] train_loss=0.7679 val_loss=0.7583 lr=9.95e-05 (12s)
Metric val/loss improved by 0.008 >= min_delta = 0.0. New best score: 0.758
  [Epoch 31] Batch 50/187 (27%)
  [Epoch 31] Batch 100/187 (53%)
  [Epoch 31] Batch 150/187 (80%)
[Epoch 31/700] train_loss=0.7561 val_loss=0.7405 lr=9.95e-05 (12s)
Metric val/loss improved by 0.018 >= min_delta = 0.0. New best score: 0.741
  [Epoch 32] Batch 50/187 (27%)
  [Epoch 32] Batch 100/187 (53%)
  [Epoch 32] Batch 150/187 (80%)
[Epoch 32/700] train_loss=0.7512 val_loss=0.7498 lr=9.95e-05 (12s)
  [Epoch 33] Batch 50/187 (27%)
  [Epoch 33] Batch 100/187 (53%)
  [Epoch 33] Batch 150/187 (80%)
[Epoch 33/700] train_loss=0.7396 val_loss=0.7401 lr=9.95e-05 (12s)
Metric val/loss improved by 0.000 >= min_delta = 0.0. New best score: 0.740
  [Epoch 34] Batch 50/187 (27%)
  [Epoch 34] Batch 100/187 (53%)
  [Epoch 34] Batch 150/187 (80%)
[Epoch 34/700] train_loss=0.7371 val_loss=0.7254 lr=9.94e-05 (12s)
Metric val/loss improved by 0.015 >= min_delta = 0.0. New best score: 0.725
  [Epoch 35] Batch 50/187 (27%)
  [Epoch 35] Batch 100/187 (53%)
  [Epoch 35] Batch 150/187 (80%)
[Epoch 35/700] train_loss=0.7346 val_loss=0.7297 lr=9.94e-05 (12s)
  [Epoch 36] Batch 50/187 (27%)
  [Epoch 36] Batch 100/187 (53%)
  [Epoch 36] Batch 150/187 (80%)
[Epoch 36/700] train_loss=0.7251 val_loss=0.7242 lr=9.93e-05 (12s)
Metric val/loss improved by 0.001 >= min_delta = 0.0. New best score: 0.724
  [Epoch 37] Batch 50/187 (27%)
  [Epoch 37] Batch 100/187 (53%)
  [Epoch 37] Batch 150/187 (80%)
[Epoch 37/700] train_loss=0.7252 val_loss=0.7303 lr=9.93e-05 (12s)
  [Epoch 38] Batch 50/187 (27%)
  [Epoch 38] Batch 100/187 (53%)
  [Epoch 38] Batch 150/187 (80%)
[Epoch 38/700] train_loss=0.7231 val_loss=0.7220 lr=9.93e-05 (12s)
Metric val/loss improved by 0.002 >= min_delta = 0.0. New best score: 0.722
  [Epoch 39] Batch 50/187 (27%)
  [Epoch 39] Batch 100/187 (53%)
  [Epoch 39] Batch 150/187 (80%)
[Epoch 39/700] train_loss=0.7130 val_loss=0.7186 lr=9.92e-05 (12s)
Metric val/loss improved by 0.003 >= min_delta = 0.0. New best score: 0.719
  [Epoch 40] Batch 50/187 (27%)
  [Epoch 40] Batch 100/187 (53%)
  [Epoch 40] Batch 150/187 (80%)
[Epoch 40/700] train_loss=0.7138 val_loss=0.7094 lr=9.92e-05 (12s)
Metric val/loss improved by 0.009 >= min_delta = 0.0. New best score: 0.709
  [Epoch 41] Batch 50/187 (27%)
  [Epoch 41] Batch 100/187 (53%)
  [Epoch 41] Batch 150/187 (80%)
[Epoch 41/700] train_loss=0.7127 val_loss=0.7242 lr=9.92e-05 (11s)
  [Epoch 42] Batch 50/187 (27%)
  [Epoch 42] Batch 100/187 (53%)
  [Epoch 42] Batch 150/187 (80%)
[Epoch 42/700] train_loss=0.7089 val_loss=0.6995 lr=9.91e-05 (12s)
Metric val/loss improved by 0.010 >= min_delta = 0.0. New best score: 0.699
  [Epoch 43] Batch 50/187 (27%)
  [Epoch 43] Batch 100/187 (53%)
  [Epoch 43] Batch 150/187 (80%)
[Epoch 43/700] train_loss=0.7045 val_loss=0.7049 lr=9.91e-05 (12s)
  [Epoch 44] Batch 50/187 (27%)
  [Epoch 44] Batch 100/187 (53%)
  [Epoch 44] Batch 150/187 (80%)
[Epoch 44/700] train_loss=0.7035 val_loss=0.6963 lr=9.90e-05 (12s)
Metric val/loss improved by 0.003 >= min_delta = 0.0. New best score: 0.696
  [Epoch 45] Batch 50/187 (27%)
  [Epoch 45] Batch 100/187 (53%)
  [Epoch 45] Batch 150/187 (80%)
[Epoch 45/700] train_loss=0.6944 val_loss=0.6997 lr=9.90e-05 (12s)
  [Epoch 46] Batch 50/187 (27%)
  [Epoch 46] Batch 100/187 (53%)
  [Epoch 46] Batch 150/187 (80%)
[Epoch 46/700] train_loss=0.6978 val_loss=0.6977 lr=9.89e-05 (11s)
  [Epoch 47] Batch 50/187 (27%)
  [Epoch 47] Batch 100/187 (53%)
  [Epoch 47] Batch 150/187 (80%)
[Epoch 47/700] train_loss=0.7015 val_loss=0.7027 lr=9.89e-05 (12s)
  [Epoch 48] Batch 50/187 (27%)
  [Epoch 48] Batch 100/187 (53%)
  [Epoch 48] Batch 150/187 (80%)
[Epoch 48/700] train_loss=0.6946 val_loss=0.6866 lr=9.88e-05 (12s)
Metric val/loss improved by 0.010 >= min_delta = 0.0. New best score: 0.687
  [Epoch 49] Batch 50/187 (27%)
  [Epoch 49] Batch 100/187 (53%)
  [Epoch 49] Batch 150/187 (80%)
[Epoch 49/700] train_loss=0.6910 val_loss=0.6840 lr=9.88e-05 (12s)
Metric val/loss improved by 0.003 >= min_delta = 0.0. New best score: 0.684
  [Epoch 50] Batch 50/187 (27%)
  [Epoch 50] Batch 100/187 (53%)
  [Epoch 50] Batch 150/187 (80%)
[Epoch 50/700] train_loss=0.6865 val_loss=0.6941 lr=9.87e-05 (12s)
  [Epoch 51] Batch 50/187 (27%)
  [Epoch 51] Batch 100/187 (53%)
  [Epoch 51] Batch 150/187 (80%)
[Epoch 51/700] train_loss=0.6800 val_loss=0.6852 lr=9.87e-05 (12s)
  [Epoch 52] Batch 50/187 (27%)
  [Epoch 52] Batch 100/187 (53%)
  [Epoch 52] Batch 150/187 (80%)
[Epoch 52/700] train_loss=0.6812 val_loss=0.6760 lr=9.86e-05 (12s)
Metric val/loss improved by 0.008 >= min_delta = 0.0. New best score: 0.676
  [Epoch 53] Batch 50/187 (27%)
  [Epoch 53] Batch 100/187 (53%)
  [Epoch 53] Batch 150/187 (80%)
[Epoch 53/700] train_loss=0.6806 val_loss=0.6755 lr=9.86e-05 (12s)
Metric val/loss improved by 0.000 >= min_delta = 0.0. New best score: 0.675
  [Epoch 54] Batch 50/187 (27%)
  [Epoch 54] Batch 100/187 (53%)
  [Epoch 54] Batch 150/187 (80%)
[Epoch 54/700] train_loss=0.6787 val_loss=0.6616 lr=9.85e-05 (12s)
Metric val/loss improved by 0.014 >= min_delta = 0.0. New best score: 0.662
  [Epoch 55] Batch 50/187 (27%)
  [Epoch 55] Batch 100/187 (53%)
  [Epoch 55] Batch 150/187 (80%)
[Epoch 55/700] train_loss=0.6721 val_loss=0.6672 lr=9.85e-05 (12s)
  [Epoch 56] Batch 50/187 (27%)
  [Epoch 56] Batch 100/187 (53%)
  [Epoch 56] Batch 150/187 (80%)
[Epoch 56/700] train_loss=0.6728 val_loss=0.6739 lr=9.84e-05 (12s)
  [Epoch 57] Batch 50/187 (27%)
  [Epoch 57] Batch 100/187 (53%)
  [Epoch 57] Batch 150/187 (80%)
[Epoch 57/700] train_loss=0.6698 val_loss=0.6625 lr=9.84e-05 (12s)
  [Epoch 58] Batch 50/187 (27%)
  [Epoch 58] Batch 100/187 (53%)
  [Epoch 58] Batch 150/187 (80%)
[Epoch 58/700] train_loss=0.6660 val_loss=0.6531 lr=9.83e-05 (12s)
Metric val/loss improved by 0.008 >= min_delta = 0.0. New best score: 0.653
  [Epoch 59] Batch 50/187 (27%)
  [Epoch 59] Batch 100/187 (53%)
  [Epoch 59] Batch 150/187 (80%)
[Epoch 59/700] train_loss=0.6677 val_loss=0.6589 lr=9.83e-05 (12s)
  [Epoch 60] Batch 50/187 (27%)
  [Epoch 60] Batch 100/187 (53%)
  [Epoch 60] Batch 150/187 (80%)
[Epoch 60/700] train_loss=0.6587 val_loss=0.6586 lr=9.82e-05 (12s)
  [Epoch 61] Batch 50/187 (27%)
  [Epoch 61] Batch 100/187 (53%)
  [Epoch 61] Batch 150/187 (80%)
[Epoch 61/700] train_loss=0.6600 val_loss=0.6616 lr=9.81e-05 (12s)
  [Epoch 62] Batch 50/187 (27%)
  [Epoch 62] Batch 100/187 (53%)
  [Epoch 62] Batch 150/187 (80%)
[Epoch 62/700] train_loss=0.6579 val_loss=0.6665 lr=9.81e-05 (12s)
  [Epoch 63] Batch 50/187 (27%)
  [Epoch 63] Batch 100/187 (53%)
  [Epoch 63] Batch 150/187 (80%)
[Epoch 63/700] train_loss=0.6560 val_loss=0.6516 lr=9.80e-05 (12s)
Metric val/loss improved by 0.002 >= min_delta = 0.0. New best score: 0.652
  [Epoch 64] Batch 50/187 (27%)
  [Epoch 64] Batch 100/187 (53%)
  [Epoch 64] Batch 150/187 (80%)
[Epoch 64/700] train_loss=0.6562 val_loss=0.6522 lr=9.80e-05 (12s)
  [Epoch 65] Batch 50/187 (27%)
  [Epoch 65] Batch 100/187 (53%)
  [Epoch 65] Batch 150/187 (80%)
[Epoch 65/700] train_loss=0.6509 val_loss=0.6513 lr=9.79e-05 (12s)
Metric val/loss improved by 0.000 >= min_delta = 0.0. New best score: 0.651
  [Epoch 66] Batch 50/187 (27%)
  [Epoch 66] Batch 100/187 (53%)
  [Epoch 66] Batch 150/187 (80%)
[Epoch 66/700] train_loss=0.6529 val_loss=0.6603 lr=9.78e-05 (11s)
  [Epoch 67] Batch 50/187 (27%)
  [Epoch 67] Batch 100/187 (53%)
  [Epoch 67] Batch 150/187 (80%)
[Epoch 67/700] train_loss=0.6545 val_loss=0.6583 lr=9.78e-05 (12s)
  [Epoch 68] Batch 50/187 (27%)
  [Epoch 68] Batch 100/187 (53%)
  [Epoch 68] Batch 150/187 (80%)
[Epoch 68/700] train_loss=0.6567 val_loss=0.6525 lr=9.77e-05 (12s)
  [Epoch 69] Batch 50/187 (27%)
  [Epoch 69] Batch 100/187 (53%)
  [Epoch 69] Batch 150/187 (80%)
[Epoch 69/700] train_loss=0.6545 val_loss=0.6610 lr=9.76e-05 (12s)
  [Epoch 70] Batch 50/187 (27%)
  [Epoch 70] Batch 100/187 (53%)
  [Epoch 70] Batch 150/187 (80%)
[Epoch 70/700] train_loss=0.6532 val_loss=0.6524 lr=9.76e-05 (12s)
  [Epoch 71] Batch 50/187 (27%)
  [Epoch 71] Batch 100/187 (53%)
  [Epoch 71] Batch 150/187 (80%)
[Epoch 71/700] train_loss=0.6464 val_loss=0.6474 lr=9.75e-05 (12s)
Metric val/loss improved by 0.004 >= min_delta = 0.0. New best score: 0.647
  [Epoch 72] Batch 50/187 (27%)
  [Epoch 72] Batch 100/187 (53%)
  [Epoch 72] Batch 150/187 (80%)
[Epoch 72/700] train_loss=0.6473 val_loss=0.6393 lr=9.74e-05 (12s)
Metric val/loss improved by 0.008 >= min_delta = 0.0. New best score: 0.639
  [Epoch 73] Batch 50/187 (27%)
  [Epoch 73] Batch 100/187 (53%)
  [Epoch 73] Batch 150/187 (80%)
[Epoch 73/700] train_loss=0.6435 val_loss=0.6480 lr=9.73e-05 (12s)
  [Epoch 74] Batch 50/187 (27%)
  [Epoch 74] Batch 100/187 (53%)
  [Epoch 74] Batch 150/187 (80%)
[Epoch 74/700] train_loss=0.6402 val_loss=0.6427 lr=9.73e-05 (12s)
  [Epoch 75] Batch 50/187 (27%)
  [Epoch 75] Batch 100/187 (53%)
  [Epoch 75] Batch 150/187 (80%)
[Epoch 75/700] train_loss=0.6391 val_loss=0.6432 lr=9.72e-05 (12s)
  [Epoch 76] Batch 50/187 (27%)
  [Epoch 76] Batch 100/187 (53%)
  [Epoch 76] Batch 150/187 (80%)
[Epoch 76/700] train_loss=0.6450 val_loss=0.6409 lr=9.71e-05 (12s)
  [Epoch 77] Batch 50/187 (27%)
  [Epoch 77] Batch 100/187 (53%)
  [Epoch 77] Batch 150/187 (80%)
[Epoch 77/700] train_loss=0.6413 val_loss=0.6382 lr=9.70e-05 (12s)
Metric val/loss improved by 0.001 >= min_delta = 0.0. New best score: 0.638
  [Epoch 78] Batch 50/187 (27%)
  [Epoch 78] Batch 100/187 (53%)
  [Epoch 78] Batch 150/187 (80%)
[Epoch 78/700] train_loss=0.6368 val_loss=0.6447 lr=9.70e-05 (12s)
  [Epoch 79] Batch 50/187 (27%)
  [Epoch 79] Batch 100/187 (53%)
  [Epoch 79] Batch 150/187 (80%)
[Epoch 79/700] train_loss=0.6379 val_loss=0.6334 lr=9.69e-05 (12s)
Metric val/loss improved by 0.005 >= min_delta = 0.0. New best score: 0.633
  [Epoch 80] Batch 50/187 (27%)
  [Epoch 80] Batch 100/187 (53%)
  [Epoch 80] Batch 150/187 (80%)
[Epoch 80/700] train_loss=0.6388 val_loss=0.6436 lr=9.68e-05 (12s)
  [Epoch 81] Batch 50/187 (27%)
  [Epoch 81] Batch 100/187 (53%)
  [Epoch 81] Batch 150/187 (80%)
[Epoch 81/700] train_loss=0.6390 val_loss=0.6293 lr=9.67e-05 (12s)
Metric val/loss improved by 0.004 >= min_delta = 0.0. New best score: 0.629
  [Epoch 82] Batch 50/187 (27%)
  [Epoch 82] Batch 100/187 (53%)
  [Epoch 82] Batch 150/187 (80%)
[Epoch 82/700] train_loss=0.6319 val_loss=0.6437 lr=9.67e-05 (12s)
  [Epoch 83] Batch 50/187 (27%)
  [Epoch 83] Batch 100/187 (53%)
  [Epoch 83] Batch 150/187 (80%)
[Epoch 83/700] train_loss=0.6327 val_loss=0.6348 lr=9.66e-05 (12s)
  [Epoch 84] Batch 50/187 (27%)
  [Epoch 84] Batch 100/187 (53%)
  [Epoch 84] Batch 150/187 (80%)
[Epoch 84/700] train_loss=0.6361 val_loss=0.6345 lr=9.65e-05 (12s)
  [Epoch 85] Batch 50/187 (27%)
  [Epoch 85] Batch 100/187 (53%)
  [Epoch 85] Batch 150/187 (80%)
[Epoch 85/700] train_loss=0.6325 val_loss=0.6322 lr=9.64e-05 (12s)
  [Epoch 86] Batch 50/187 (27%)
  [Epoch 86] Batch 100/187 (53%)
  [Epoch 86] Batch 150/187 (80%)
[Epoch 86/700] train_loss=0.6287 val_loss=0.6196 lr=9.63e-05 (12s)
Metric val/loss improved by 0.010 >= min_delta = 0.0. New best score: 0.620
  [Epoch 87] Batch 50/187 (27%)
  [Epoch 87] Batch 100/187 (53%)
  [Epoch 87] Batch 150/187 (80%)
[Epoch 87/700] train_loss=0.6261 val_loss=0.6290 lr=9.62e-05 (12s)
  [Epoch 88] Batch 50/187 (27%)
  [Epoch 88] Batch 100/187 (53%)
  [Epoch 88] Batch 150/187 (80%)
[Epoch 88/700] train_loss=0.6298 val_loss=0.6390 lr=9.62e-05 (12s)
  [Epoch 89] Batch 50/187 (27%)
  [Epoch 89] Batch 100/187 (53%)
  [Epoch 89] Batch 150/187 (80%)
[Epoch 89/700] train_loss=0.6292 val_loss=0.6313 lr=9.61e-05 (12s)
  [Epoch 90] Batch 50/187 (27%)
  [Epoch 90] Batch 100/187 (53%)
  [Epoch 90] Batch 150/187 (80%)
[Epoch 90/700] train_loss=0.6325 val_loss=0.6177 lr=9.60e-05 (12s)
Metric val/loss improved by 0.002 >= min_delta = 0.0. New best score: 0.618
  [Epoch 91] Batch 50/187 (27%)
  [Epoch 91] Batch 100/187 (53%)
  [Epoch 91] Batch 150/187 (80%)
[Epoch 91/700] train_loss=0.6348 val_loss=0.6248 lr=9.59e-05 (12s)
  [Epoch 92] Batch 50/187 (27%)
  [Epoch 92] Batch 100/187 (53%)
  [Epoch 92] Batch 150/187 (80%)
[Epoch 92/700] train_loss=0.6268 val_loss=0.6337 lr=9.58e-05 (12s)
  [Epoch 93] Batch 50/187 (27%)
  [Epoch 93] Batch 100/187 (53%)
  [Epoch 93] Batch 150/187 (80%)
[Epoch 93/700] train_loss=0.6282 val_loss=0.6272 lr=9.57e-05 (12s)
  [Epoch 94] Batch 50/187 (27%)
  [Epoch 94] Batch 100/187 (53%)
  [Epoch 94] Batch 150/187 (80%)
[Epoch 94/700] train_loss=0.6271 val_loss=0.6448 lr=9.56e-05 (12s)
  [Epoch 95] Batch 50/187 (27%)
  [Epoch 95] Batch 100/187 (53%)
  [Epoch 95] Batch 150/187 (80%)
[Epoch 95/700] train_loss=0.6243 val_loss=0.6231 lr=9.55e-05 (12s)
  [Epoch 96] Batch 50/187 (27%)
  [Epoch 96] Batch 100/187 (53%)
  [Epoch 96] Batch 150/187 (80%)
[Epoch 96/700] train_loss=0.6288 val_loss=0.6255 lr=9.54e-05 (12s)
  [Epoch 97] Batch 50/187 (27%)
  [Epoch 97] Batch 100/187 (53%)
  [Epoch 97] Batch 150/187 (80%)
[Epoch 97/700] train_loss=0.6215 val_loss=0.6263 lr=9.53e-05 (12s)
  [Epoch 98] Batch 50/187 (27%)
  [Epoch 98] Batch 100/187 (53%)
  [Epoch 98] Batch 150/187 (80%)
[Epoch 98/700] train_loss=0.6266 val_loss=0.6244 lr=9.52e-05 (12s)
  [Epoch 99] Batch 50/187 (27%)
  [Epoch 99] Batch 100/187 (53%)
  [Epoch 99] Batch 150/187 (80%)
[Epoch 99/700] train_loss=0.6241 val_loss=0.6268 lr=9.51e-05 (12s)
  [Epoch 100] Batch 50/187 (27%)
  [Epoch 100] Batch 100/187 (53%)
  [Epoch 100] Batch 150/187 (80%)
[Epoch 100/700] train_loss=0.6206 val_loss=0.6161 lr=9.50e-05 (12s)
Metric val/loss improved by 0.002 >= min_delta = 0.0. New best score: 0.616
  [Epoch 101] Batch 50/187 (27%)
  [Epoch 101] Batch 100/187 (53%)
  [Epoch 101] Batch 150/187 (80%)
[Epoch 101/700] train_loss=0.6219 val_loss=0.6236 lr=9.50e-05 (12s)
  [Epoch 102] Batch 50/187 (27%)
  [Epoch 102] Batch 100/187 (53%)
  [Epoch 102] Batch 150/187 (80%)
[Epoch 102/700] train_loss=0.6196 val_loss=0.6191 lr=9.49e-05 (12s)
  [Epoch 103] Batch 50/187 (27%)
  [Epoch 103] Batch 100/187 (53%)
  [Epoch 103] Batch 150/187 (80%)
[Epoch 103/700] train_loss=0.6241 val_loss=0.6205 lr=9.48e-05 (12s)
  [Epoch 104] Batch 50/187 (27%)
  [Epoch 104] Batch 100/187 (53%)
  [Epoch 104] Batch 150/187 (80%)
[Epoch 104/700] train_loss=0.6161 val_loss=0.6213 lr=9.47e-05 (12s)
  [Epoch 105] Batch 50/187 (27%)
  [Epoch 105] Batch 100/187 (53%)
  [Epoch 105] Batch 150/187 (80%)
[Epoch 105/700] train_loss=0.6199 val_loss=0.6277 lr=9.46e-05 (12s)
  [Epoch 106] Batch 50/187 (27%)
  [Epoch 106] Batch 100/187 (53%)
  [Epoch 106] Batch 150/187 (80%)
[Epoch 106/700] train_loss=0.6238 val_loss=0.6263 lr=9.44e-05 (12s)
  [Epoch 107] Batch 50/187 (27%)
  [Epoch 107] Batch 100/187 (53%)
  [Epoch 107] Batch 150/187 (80%)
[Epoch 107/700] train_loss=0.6206 val_loss=0.6255 lr=9.43e-05 (12s)
  [Epoch 108] Batch 50/187 (27%)
  [Epoch 108] Batch 100/187 (53%)
  [Epoch 108] Batch 150/187 (80%)
[Epoch 108/700] train_loss=0.6165 val_loss=0.6232 lr=9.42e-05 (12s)
  [Epoch 109] Batch 50/187 (27%)
  [Epoch 109] Batch 100/187 (53%)
  [Epoch 109] Batch 150/187 (80%)
[Epoch 109/700] train_loss=0.6187 val_loss=0.6156 lr=9.41e-05 (12s)
Metric val/loss improved by 0.001 >= min_delta = 0.0. New best score: 0.616
  [Epoch 110] Batch 50/187 (27%)
  [Epoch 110] Batch 100/187 (53%)
  [Epoch 110] Batch 150/187 (80%)
[Epoch 110/700] train_loss=0.6197 val_loss=0.6166 lr=9.40e-05 (12s)
  [Epoch 111] Batch 50/187 (27%)
  [Epoch 111] Batch 100/187 (53%)
  [Epoch 111] Batch 150/187 (80%)
[Epoch 111/700] train_loss=0.6171 val_loss=0.6205 lr=9.39e-05 (12s)
  [Epoch 112] Batch 50/187 (27%)
  [Epoch 112] Batch 100/187 (53%)
  [Epoch 112] Batch 150/187 (80%)
[Epoch 112/700] train_loss=0.6202 val_loss=0.6270 lr=9.38e-05 (12s)
  [Epoch 113] Batch 50/187 (27%)
  [Epoch 113] Batch 100/187 (53%)
  [Epoch 113] Batch 150/187 (80%)
[Epoch 113/700] train_loss=0.6209 val_loss=0.6198 lr=9.37e-05 (12s)
  [Epoch 114] Batch 50/187 (27%)
  [Epoch 114] Batch 100/187 (53%)
  [Epoch 114] Batch 150/187 (80%)
[Epoch 114/700] train_loss=0.6189 val_loss=0.6233 lr=9.36e-05 (12s)
  [Epoch 115] Batch 50/187 (27%)
  [Epoch 115] Batch 100/187 (53%)
  [Epoch 115] Batch 150/187 (80%)
[Epoch 115/700] train_loss=0.6173 val_loss=0.6279 lr=9.35e-05 (12s)
  [Epoch 116] Batch 50/187 (27%)
  [Epoch 116] Batch 100/187 (53%)
  [Epoch 116] Batch 150/187 (80%)
[Epoch 116/700] train_loss=0.6117 val_loss=0.6153 lr=9.34e-05 (12s)
Metric val/loss improved by 0.000 >= min_delta = 0.0. New best score: 0.615
  [Epoch 117] Batch 50/187 (27%)
  [Epoch 117] Batch 100/187 (53%)
  [Epoch 117] Batch 150/187 (80%)
[Epoch 117/700] train_loss=0.6117 val_loss=0.6116 lr=9.33e-05 (12s)
Metric val/loss improved by 0.004 >= min_delta = 0.0. New best score: 0.612
  [Epoch 118] Batch 50/187 (27%)
  [Epoch 118] Batch 100/187 (53%)
  [Epoch 118] Batch 150/187 (80%)
[Epoch 118/700] train_loss=0.6157 val_loss=0.6045 lr=9.32e-05 (12s)
Metric val/loss improved by 0.007 >= min_delta = 0.0. New best score: 0.604
  [Epoch 119] Batch 50/187 (27%)
  [Epoch 119] Batch 100/187 (53%)
  [Epoch 119] Batch 150/187 (80%)
[Epoch 119/700] train_loss=0.6149 val_loss=0.6183 lr=9.30e-05 (12s)
  [Epoch 120] Batch 50/187 (27%)
  [Epoch 120] Batch 100/187 (53%)
  [Epoch 120] Batch 150/187 (80%)
[Epoch 120/700] train_loss=0.6093 val_loss=0.6194 lr=9.29e-05 (12s)
  [Epoch 121] Batch 50/187 (27%)
  [Epoch 121] Batch 100/187 (53%)
  [Epoch 121] Batch 150/187 (80%)
[Epoch 121/700] train_loss=0.6181 val_loss=0.6167 lr=9.28e-05 (12s)
  [Epoch 122] Batch 50/187 (27%)
  [Epoch 122] Batch 100/187 (53%)
  [Epoch 122] Batch 150/187 (80%)
[Epoch 122/700] train_loss=0.6128 val_loss=0.6189 lr=9.27e-05 (12s)
  [Epoch 123] Batch 50/187 (27%)
  [Epoch 123] Batch 100/187 (53%)
  [Epoch 123] Batch 150/187 (80%)
[Epoch 123/700] train_loss=0.6131 val_loss=0.6190 lr=9.26e-05 (12s)
  [Epoch 124] Batch 50/187 (27%)
  [Epoch 124] Batch 100/187 (53%)
  [Epoch 124] Batch 150/187 (80%)
[Epoch 124/700] train_loss=0.6086 val_loss=0.6264 lr=9.25e-05 (12s)
  [Epoch 125] Batch 50/187 (27%)
  [Epoch 125] Batch 100/187 (53%)
  [Epoch 125] Batch 150/187 (80%)
[Epoch 125/700] train_loss=0.6148 val_loss=0.6206 lr=9.23e-05 (12s)
  [Epoch 126] Batch 50/187 (27%)
  [Epoch 126] Batch 100/187 (53%)
  [Epoch 126] Batch 150/187 (80%)
[Epoch 126/700] train_loss=0.6163 val_loss=0.6202 lr=9.22e-05 (12s)
  [Epoch 127] Batch 50/187 (27%)
  [Epoch 127] Batch 100/187 (53%)
  [Epoch 127] Batch 150/187 (80%)
[Epoch 127/700] train_loss=0.6074 val_loss=0.6106 lr=9.21e-05 (11s)
  [Epoch 128] Batch 50/187 (27%)
  [Epoch 128] Batch 100/187 (53%)
  [Epoch 128] Batch 150/187 (80%)
[Epoch 128/700] train_loss=0.6087 val_loss=0.6017 lr=9.20e-05 (12s)
Metric val/loss improved by 0.003 >= min_delta = 0.0. New best score: 0.602
  [Epoch 129] Batch 50/187 (27%)
  [Epoch 129] Batch 100/187 (53%)
  [Epoch 129] Batch 150/187 (80%)
[Epoch 129/700] train_loss=0.6099 val_loss=0.6057 lr=9.19e-05 (12s)
  [Epoch 130] Batch 50/187 (27%)
  [Epoch 130] Batch 100/187 (53%)
  [Epoch 130] Batch 150/187 (80%)
[Epoch 130/700] train_loss=0.6044 val_loss=0.6157 lr=9.17e-05 (12s)
  [Epoch 131] Batch 50/187 (27%)
  [Epoch 131] Batch 100/187 (53%)
  [Epoch 131] Batch 150/187 (80%)
[Epoch 131/700] train_loss=0.6108 val_loss=0.6039 lr=9.16e-05 (12s)
  [Epoch 132] Batch 50/187 (27%)
  [Epoch 132] Batch 100/187 (53%)
  [Epoch 132] Batch 150/187 (80%)
[Epoch 132/700] train_loss=0.6100 val_loss=0.6074 lr=9.15e-05 (12s)
  [Epoch 133] Batch 50/187 (27%)
  [Epoch 133] Batch 100/187 (53%)
  [Epoch 133] Batch 150/187 (80%)
[Epoch 133/700] train_loss=0.6101 val_loss=0.6142 lr=9.14e-05 (12s)
  [Epoch 134] Batch 50/187 (27%)
  [Epoch 134] Batch 100/187 (53%)
  [Epoch 134] Batch 150/187 (80%)
[Epoch 134/700] train_loss=0.6125 val_loss=0.6197 lr=9.12e-05 (12s)
  [Epoch 135] Batch 50/187 (27%)
  [Epoch 135] Batch 100/187 (53%)
  [Epoch 135] Batch 150/187 (80%)
[Epoch 135/700] train_loss=0.6080 val_loss=0.6153 lr=9.11e-05 (12s)
  [Epoch 136] Batch 50/187 (27%)
  [Epoch 136] Batch 100/187 (53%)
  [Epoch 136] Batch 150/187 (80%)
[Epoch 136/700] train_loss=0.6065 val_loss=0.6065 lr=9.10e-05 (12s)
  [Epoch 137] Batch 50/187 (27%)
  [Epoch 137] Batch 100/187 (53%)
  [Epoch 137] Batch 150/187 (80%)
[Epoch 137/700] train_loss=0.6081 val_loss=0.6032 lr=9.08e-05 (12s)
  [Epoch 138] Batch 50/187 (27%)
  [Epoch 138] Batch 100/187 (53%)
  [Epoch 138] Batch 150/187 (80%)
[Epoch 138/700] train_loss=0.6060 val_loss=0.6043 lr=9.07e-05 (12s)
  [Epoch 139] Batch 50/187 (27%)
  [Epoch 139] Batch 100/187 (53%)
  [Epoch 139] Batch 150/187 (80%)
[Epoch 139/700] train_loss=0.6028 val_loss=0.5990 lr=9.06e-05 (12s)
Metric val/loss improved by 0.003 >= min_delta = 0.0. New best score: 0.599
  [Epoch 140] Batch 50/187 (27%)
  [Epoch 140] Batch 100/187 (53%)
  [Epoch 140] Batch 150/187 (80%)
[Epoch 140/700] train_loss=0.6040 val_loss=0.6080 lr=9.05e-05 (12s)
  [Epoch 141] Batch 50/187 (27%)
  [Epoch 141] Batch 100/187 (53%)
  [Epoch 141] Batch 150/187 (80%)
[Epoch 141/700] train_loss=0.6000 val_loss=0.6022 lr=9.03e-05 (12s)
  [Epoch 142] Batch 50/187 (27%)
  [Epoch 142] Batch 100/187 (53%)
  [Epoch 142] Batch 150/187 (80%)
[Epoch 142/700] train_loss=0.6065 val_loss=0.6044 lr=9.02e-05 (12s)
  [Epoch 143] Batch 50/187 (27%)
  [Epoch 143] Batch 100/187 (53%)
  [Epoch 143] Batch 150/187 (80%)
[Epoch 143/700] train_loss=0.6041 val_loss=0.6057 lr=9.01e-05 (12s)
  [Epoch 144] Batch 50/187 (27%)
  [Epoch 144] Batch 100/187 (53%)
  [Epoch 144] Batch 150/187 (80%)
[Epoch 144/700] train_loss=0.6059 val_loss=0.6171 lr=8.99e-05 (12s)
  [Epoch 145] Batch 50/187 (27%)
  [Epoch 145] Batch 100/187 (53%)
  [Epoch 145] Batch 150/187 (80%)
[Epoch 145/700] train_loss=0.6062 val_loss=0.6141 lr=8.98e-05 (12s)
  [Epoch 146] Batch 50/187 (27%)
  [Epoch 146] Batch 100/187 (53%)
  [Epoch 146] Batch 150/187 (80%)
[Epoch 146/700] train_loss=0.6073 val_loss=0.5974 lr=8.96e-05 (12s)
Metric val/loss improved by 0.002 >= min_delta = 0.0. New best score: 0.597
  [Epoch 147] Batch 50/187 (27%)
  [Epoch 147] Batch 100/187 (53%)
  [Epoch 147] Batch 150/187 (80%)
[Epoch 147/700] train_loss=0.6049 val_loss=0.6140 lr=8.95e-05 (12s)
  [Epoch 148] Batch 50/187 (27%)
  [Epoch 148] Batch 100/187 (53%)
  [Epoch 148] Batch 150/187 (80%)
[Epoch 148/700] train_loss=0.6021 val_loss=0.6134 lr=8.94e-05 (12s)
  [Epoch 149] Batch 50/187 (27%)
  [Epoch 149] Batch 100/187 (53%)
  [Epoch 149] Batch 150/187 (80%)
[Epoch 149/700] train_loss=0.6041 val_loss=0.5930 lr=8.92e-05 (12s)
Metric val/loss improved by 0.004 >= min_delta = 0.0. New best score: 0.593
  [Epoch 150] Batch 50/187 (27%)
  [Epoch 150] Batch 100/187 (53%)
  [Epoch 150] Batch 150/187 (80%)
[Epoch 150/700] train_loss=0.6007 val_loss=0.5993 lr=8.91e-05 (12s)
  [Epoch 151] Batch 50/187 (27%)
  [Epoch 151] Batch 100/187 (53%)
  [Epoch 151] Batch 150/187 (80%)
[Epoch 151/700] train_loss=0.6007 val_loss=0.6036 lr=8.90e-05 (12s)
  [Epoch 152] Batch 50/187 (27%)
  [Epoch 152] Batch 100/187 (53%)
  [Epoch 152] Batch 150/187 (80%)
[Epoch 152/700] train_loss=0.6010 val_loss=0.6020 lr=8.88e-05 (12s)
  [Epoch 153] Batch 50/187 (27%)
  [Epoch 153] Batch 100/187 (53%)
  [Epoch 153] Batch 150/187 (80%)
[Epoch 153/700] train_loss=0.6034 val_loss=0.6018 lr=8.87e-05 (12s)
  [Epoch 154] Batch 50/187 (27%)
  [Epoch 154] Batch 100/187 (53%)
  [Epoch 154] Batch 150/187 (80%)
[Epoch 154/700] train_loss=0.6037 val_loss=0.6083 lr=8.85e-05 (12s)
  [Epoch 155] Batch 50/187 (27%)
  [Epoch 155] Batch 100/187 (53%)
  [Epoch 155] Batch 150/187 (80%)
[Epoch 155/700] train_loss=0.6016 val_loss=0.6100 lr=8.84e-05 (12s)
  [Epoch 156] Batch 50/187 (27%)
  [Epoch 156] Batch 100/187 (53%)
  [Epoch 156] Batch 150/187 (80%)
[Epoch 156/700] train_loss=0.6029 val_loss=0.6064 lr=8.82e-05 (12s)
  [Epoch 157] Batch 50/187 (27%)
  [Epoch 157] Batch 100/187 (53%)
  [Epoch 157] Batch 150/187 (80%)
[Epoch 157/700] train_loss=0.6037 val_loss=0.6031 lr=8.81e-05 (12s)
  [Epoch 158] Batch 50/187 (27%)
  [Epoch 158] Batch 100/187 (53%)
  [Epoch 158] Batch 150/187 (80%)
[Epoch 158/700] train_loss=0.5983 val_loss=0.6054 lr=8.79e-05 (12s)
  [Epoch 159] Batch 50/187 (27%)
  [Epoch 159] Batch 100/187 (53%)
  [Epoch 159] Batch 150/187 (80%)
[Epoch 159/700] train_loss=0.5949 val_loss=0.6033 lr=8.78e-05 (12s)
  [Epoch 160] Batch 50/187 (27%)
  [Epoch 160] Batch 100/187 (53%)
  [Epoch 160] Batch 150/187 (80%)
[Epoch 160/700] train_loss=0.5992 val_loss=0.5987 lr=8.77e-05 (12s)
  [Epoch 161] Batch 50/187 (27%)
  [Epoch 161] Batch 100/187 (53%)
  [Epoch 161] Batch 150/187 (80%)
[Epoch 161/700] train_loss=0.6029 val_loss=0.5995 lr=8.75e-05 (12s)
  [Epoch 162] Batch 50/187 (27%)
  [Epoch 162] Batch 100/187 (53%)
  [Epoch 162] Batch 150/187 (80%)
[Epoch 162/700] train_loss=0.5946 val_loss=0.5950 lr=8.74e-05 (12s)
  [Epoch 163] Batch 50/187 (27%)
  [Epoch 163] Batch 100/187 (53%)
  [Epoch 163] Batch 150/187 (80%)
[Epoch 163/700] train_loss=0.5955 val_loss=0.5999 lr=8.72e-05 (12s)
  [Epoch 164] Batch 50/187 (27%)
  [Epoch 164] Batch 100/187 (53%)
  [Epoch 164] Batch 150/187 (80%)
[Epoch 164/700] train_loss=0.5917 val_loss=0.5946 lr=8.71e-05 (12s)
  [Epoch 165] Batch 50/187 (27%)
  [Epoch 165] Batch 100/187 (53%)
  [Epoch 165] Batch 150/187 (80%)
[Epoch 165/700] train_loss=0.5978 val_loss=0.5978 lr=8.69e-05 (12s)
  [Epoch 166] Batch 50/187 (27%)
  [Epoch 166] Batch 100/187 (53%)
  [Epoch 166] Batch 150/187 (80%)
[Epoch 166/700] train_loss=0.5953 val_loss=0.6051 lr=8.68e-05 (12s)
  [Epoch 167] Batch 50/187 (27%)
  [Epoch 167] Batch 100/187 (53%)
  [Epoch 167] Batch 150/187 (80%)
[Epoch 167/700] train_loss=0.5949 val_loss=0.6012 lr=8.66e-05 (12s)
  [Epoch 168] Batch 50/187 (27%)
  [Epoch 168] Batch 100/187 (53%)
  [Epoch 168] Batch 150/187 (80%)
[Epoch 168/700] train_loss=0.5966 val_loss=0.6047 lr=8.64e-05 (12s)
  [Epoch 169] Batch 50/187 (27%)
  [Epoch 169] Batch 100/187 (53%)
  [Epoch 169] Batch 150/187 (80%)
[Epoch 169/700] train_loss=0.5952 val_loss=0.5954 lr=8.63e-05 (12s)
  [Epoch 170] Batch 50/187 (27%)
  [Epoch 170] Batch 100/187 (53%)
  [Epoch 170] Batch 150/187 (80%)
[Epoch 170/700] train_loss=0.5935 val_loss=0.5992 lr=8.61e-05 (12s)
  [Epoch 171] Batch 50/187 (27%)
  [Epoch 171] Batch 100/187 (53%)
  [Epoch 171] Batch 150/187 (80%)
[Epoch 171/700] train_loss=0.5957 val_loss=0.6026 lr=8.60e-05 (12s)
  [Epoch 172] Batch 50/187 (27%)
  [Epoch 172] Batch 100/187 (53%)
  [Epoch 172] Batch 150/187 (80%)
[Epoch 172/700] train_loss=0.5965 val_loss=0.6054 lr=8.58e-05 (12s)
  [Epoch 173] Batch 50/187 (27%)
  [Epoch 173] Batch 100/187 (53%)
  [Epoch 173] Batch 150/187 (80%)
[Epoch 173/700] train_loss=0.5970 val_loss=0.6114 lr=8.57e-05 (12s)
  [Epoch 174] Batch 50/187 (27%)
  [Epoch 174] Batch 100/187 (53%)
  [Epoch 174] Batch 150/187 (80%)
[Epoch 174/700] train_loss=0.6002 val_loss=0.5935 lr=8.55e-05 (12s)
  [Epoch 175] Batch 50/187 (27%)
  [Epoch 175] Batch 100/187 (53%)
  [Epoch 175] Batch 150/187 (80%)
[Epoch 175/700] train_loss=0.5873 val_loss=0.6047 lr=8.54e-05 (12s)
  [Epoch 176] Batch 50/187 (27%)
  [Epoch 176] Batch 100/187 (53%)
  [Epoch 176] Batch 150/187 (80%)
[Epoch 176/700] train_loss=0.5940 val_loss=0.5931 lr=8.52e-05 (12s)
  [Epoch 177] Batch 50/187 (27%)
  [Epoch 177] Batch 100/187 (53%)
  [Epoch 177] Batch 150/187 (80%)
[Epoch 177/700] train_loss=0.5910 val_loss=0.6061 lr=8.50e-05 (12s)
  [Epoch 178] Batch 50/187 (27%)
  [Epoch 178] Batch 100/187 (53%)
  [Epoch 178] Batch 150/187 (80%)
[Epoch 178/700] train_loss=0.5921 val_loss=0.5917 lr=8.49e-05 (12s)
Metric val/loss improved by 0.001 >= min_delta = 0.0. New best score: 0.592
  [Epoch 179] Batch 50/187 (27%)
  [Epoch 179] Batch 100/187 (53%)
  [Epoch 179] Batch 150/187 (80%)
[Epoch 179/700] train_loss=0.5909 val_loss=0.5842 lr=8.47e-05 (12s)
Metric val/loss improved by 0.008 >= min_delta = 0.0. New best score: 0.584
  [Epoch 180] Batch 50/187 (27%)
  [Epoch 180] Batch 100/187 (53%)
  [Epoch 180] Batch 150/187 (80%)
[Epoch 180/700] train_loss=0.5919 val_loss=0.5977 lr=8.46e-05 (12s)
  [Epoch 181] Batch 50/187 (27%)
  [Epoch 181] Batch 100/187 (53%)
  [Epoch 181] Batch 150/187 (80%)
[Epoch 181/700] train_loss=0.5910 val_loss=0.6023 lr=8.44e-05 (12s)
  [Epoch 182] Batch 50/187 (27%)
  [Epoch 182] Batch 100/187 (53%)
  [Epoch 182] Batch 150/187 (80%)
[Epoch 182/700] train_loss=0.5917 val_loss=0.5947 lr=8.42e-05 (12s)
  [Epoch 183] Batch 50/187 (27%)
  [Epoch 183] Batch 100/187 (53%)
  [Epoch 183] Batch 150/187 (80%)
[Epoch 183/700] train_loss=0.5902 val_loss=0.6019 lr=8.41e-05 (12s)
  [Epoch 184] Batch 50/187 (27%)
  [Epoch 184] Batch 100/187 (53%)
  [Epoch 184] Batch 150/187 (80%)
[Epoch 184/700] train_loss=0.5963 val_loss=0.5852 lr=8.39e-05 (12s)
  [Epoch 185] Batch 50/187 (27%)
  [Epoch 185] Batch 100/187 (53%)
  [Epoch 185] Batch 150/187 (80%)
[Epoch 185/700] train_loss=0.5919 val_loss=0.5978 lr=8.37e-05 (12s)
  [Epoch 186] Batch 50/187 (27%)
  [Epoch 186] Batch 100/187 (53%)
  [Epoch 186] Batch 150/187 (80%)
[Epoch 186/700] train_loss=0.5886 val_loss=0.6009 lr=8.36e-05 (12s)
  [Epoch 187] Batch 50/187 (27%)
  [Epoch 187] Batch 100/187 (53%)
  [Epoch 187] Batch 150/187 (80%)
[Epoch 187/700] train_loss=0.5917 val_loss=0.6047 lr=8.34e-05 (12s)
  [Epoch 188] Batch 50/187 (27%)
  [Epoch 188] Batch 100/187 (53%)
  [Epoch 188] Batch 150/187 (80%)
[Epoch 188/700] train_loss=0.5942 val_loss=0.5883 lr=8.32e-05 (12s)
  [Epoch 189] Batch 50/187 (27%)
  [Epoch 189] Batch 100/187 (53%)
  [Epoch 189] Batch 150/187 (80%)
[Epoch 189/700] train_loss=0.5920 val_loss=0.5842 lr=8.31e-05 (12s)
  [Epoch 190] Batch 50/187 (27%)
  [Epoch 190] Batch 100/187 (53%)
  [Epoch 190] Batch 150/187 (80%)
[Epoch 190/700] train_loss=0.5882 val_loss=0.5970 lr=8.29e-05 (12s)
  [Epoch 191] Batch 50/187 (27%)
  [Epoch 191] Batch 100/187 (53%)
  [Epoch 191] Batch 150/187 (80%)
[Epoch 191/700] train_loss=0.5908 val_loss=0.5950 lr=8.27e-05 (12s)
  [Epoch 192] Batch 50/187 (27%)
  [Epoch 192] Batch 100/187 (53%)
  [Epoch 192] Batch 150/187 (80%)
[Epoch 192/700] train_loss=0.5915 val_loss=0.5969 lr=8.26e-05 (12s)
  [Epoch 193] Batch 50/187 (27%)
  [Epoch 193] Batch 100/187 (53%)
  [Epoch 193] Batch 150/187 (80%)
[Epoch 193/700] train_loss=0.5921 val_loss=0.5904 lr=8.24e-05 (12s)
  [Epoch 194] Batch 50/187 (27%)
  [Epoch 194] Batch 100/187 (53%)
  [Epoch 194] Batch 150/187 (80%)
[Epoch 194/700] train_loss=0.5916 val_loss=0.5883 lr=8.22e-05 (12s)
  [Epoch 195] Batch 50/187 (27%)
  [Epoch 195] Batch 100/187 (53%)
  [Epoch 195] Batch 150/187 (80%)
[Epoch 195/700] train_loss=0.5909 val_loss=0.6035 lr=8.20e-05 (11s)
  [Epoch 196] Batch 50/187 (27%)
  [Epoch 196] Batch 100/187 (53%)
  [Epoch 196] Batch 150/187 (80%)
[Epoch 196/700] train_loss=0.5855 val_loss=0.5946 lr=8.19e-05 (12s)
  [Epoch 197] Batch 50/187 (27%)
  [Epoch 197] Batch 100/187 (53%)
  [Epoch 197] Batch 150/187 (80%)
[Epoch 197/700] train_loss=0.5911 val_loss=0.5976 lr=8.17e-05 (12s)
  [Epoch 198] Batch 50/187 (27%)
  [Epoch 198] Batch 100/187 (53%)
  [Epoch 198] Batch 150/187 (80%)
[Epoch 198/700] train_loss=0.5897 val_loss=0.5948 lr=8.15e-05 (12s)
  [Epoch 199] Batch 50/187 (27%)
  [Epoch 199] Batch 100/187 (53%)
  [Epoch 199] Batch 150/187 (80%)
[Epoch 199/700] train_loss=0.5871 val_loss=0.5979 lr=8.13e-05 (12s)
  [Epoch 200] Batch 50/187 (27%)
  [Epoch 200] Batch 100/187 (53%)
  [Epoch 200] Batch 150/187 (80%)
[Epoch 200/700] train_loss=0.5858 val_loss=0.5971 lr=8.12e-05 (12s)
  [Epoch 201] Batch 50/187 (27%)
  [Epoch 201] Batch 100/187 (53%)
  [Epoch 201] Batch 150/187 (80%)
[Epoch 201/700] train_loss=0.5873 val_loss=0.5939 lr=8.10e-05 (12s)
  [Epoch 202] Batch 50/187 (27%)
  [Epoch 202] Batch 100/187 (53%)
  [Epoch 202] Batch 150/187 (80%)
[Epoch 202/700] train_loss=0.5874 val_loss=0.5913 lr=8.08e-05 (12s)
  [Epoch 203] Batch 50/187 (27%)
  [Epoch 203] Batch 100/187 (53%)
  [Epoch 203] Batch 150/187 (80%)
[Epoch 203/700] train_loss=0.5877 val_loss=0.5988 lr=8.06e-05 (12s)
  [Epoch 204] Batch 50/187 (27%)
  [Epoch 204] Batch 100/187 (53%)
  [Epoch 204] Batch 150/187 (80%)
[Epoch 204/700] train_loss=0.5862 val_loss=0.5818 lr=8.05e-05 (12s)
Metric val/loss improved by 0.002 >= min_delta = 0.0. New best score: 0.582
  [Epoch 205] Batch 50/187 (27%)
  [Epoch 205] Batch 100/187 (53%)
  [Epoch 205] Batch 150/187 (80%)
[Epoch 205/700] train_loss=0.5914 val_loss=0.5969 lr=8.03e-05 (12s)
  [Epoch 206] Batch 50/187 (27%)
  [Epoch 206] Batch 100/187 (53%)
  [Epoch 206] Batch 150/187 (80%)
[Epoch 206/700] train_loss=0.5851 val_loss=0.5927 lr=8.01e-05 (11s)
  [Epoch 207] Batch 50/187 (27%)
  [Epoch 207] Batch 100/187 (53%)
  [Epoch 207] Batch 150/187 (80%)
[Epoch 207/700] train_loss=0.5862 val_loss=0.5978 lr=7.99e-05 (10s)
  [Epoch 208] Batch 50/187 (27%)
  [Epoch 208] Batch 100/187 (53%)
  [Epoch 208] Batch 150/187 (80%)
[Epoch 208/700] train_loss=0.5863 val_loss=0.5963 lr=7.98e-05 (11s)
  [Epoch 209] Batch 50/187 (27%)
  [Epoch 209] Batch 100/187 (53%)
  [Epoch 209] Batch 150/187 (80%)
[Epoch 209/700] train_loss=0.5856 val_loss=0.5786 lr=7.96e-05 (12s)
Metric val/loss improved by 0.003 >= min_delta = 0.0. New best score: 0.579
  [Epoch 210] Batch 50/187 (27%)
  [Epoch 210] Batch 100/187 (53%)
  [Epoch 210] Batch 150/187 (80%)
[Epoch 210/700] train_loss=0.5864 val_loss=0.5896 lr=7.94e-05 (12s)
  [Epoch 211] Batch 50/187 (27%)
  [Epoch 211] Batch 100/187 (53%)
  [Epoch 211] Batch 150/187 (80%)
[Epoch 211/700] train_loss=0.5856 val_loss=0.5902 lr=7.92e-05 (12s)
  [Epoch 212] Batch 50/187 (27%)
  [Epoch 212] Batch 100/187 (53%)
  [Epoch 212] Batch 150/187 (80%)
[Epoch 212/700] train_loss=0.5844 val_loss=0.5973 lr=7.90e-05 (12s)
  [Epoch 213] Batch 50/187 (27%)
  [Epoch 213] Batch 100/187 (53%)
  [Epoch 213] Batch 150/187 (80%)
[Epoch 213/700] train_loss=0.5853 val_loss=0.5849 lr=7.88e-05 (11s)
  [Epoch 214] Batch 50/187 (27%)
  [Epoch 214] Batch 100/187 (53%)
  [Epoch 214] Batch 150/187 (80%)
[Epoch 214/700] train_loss=0.5852 val_loss=0.5958 lr=7.87e-05 (12s)
  [Epoch 215] Batch 50/187 (27%)
  [Epoch 215] Batch 100/187 (53%)
  [Epoch 215] Batch 150/187 (80%)
[Epoch 215/700] train_loss=0.5883 val_loss=0.6009 lr=7.85e-05 (12s)
  [Epoch 216] Batch 50/187 (27%)
  [Epoch 216] Batch 100/187 (53%)
  [Epoch 216] Batch 150/187 (80%)
[Epoch 216/700] train_loss=0.5785 val_loss=0.5863 lr=7.83e-05 (12s)
  [Epoch 217] Batch 50/187 (27%)
  [Epoch 217] Batch 100/187 (53%)
  [Epoch 217] Batch 150/187 (80%)
[Epoch 217/700] train_loss=0.5872 val_loss=0.5930 lr=7.81e-05 (12s)
  [Epoch 218] Batch 50/187 (27%)
  [Epoch 218] Batch 100/187 (53%)
  [Epoch 218] Batch 150/187 (80%)
[Epoch 218/700] train_loss=0.5851 val_loss=0.5872 lr=7.79e-05 (12s)
  [Epoch 219] Batch 50/187 (27%)
  [Epoch 219] Batch 100/187 (53%)
  [Epoch 219] Batch 150/187 (80%)
[Epoch 219/700] train_loss=0.5837 val_loss=0.5823 lr=7.77e-05 (12s)
  [Epoch 220] Batch 50/187 (27%)
  [Epoch 220] Batch 100/187 (53%)
  [Epoch 220] Batch 150/187 (80%)
[Epoch 220/700] train_loss=0.5853 val_loss=0.5828 lr=7.75e-05 (12s)
  [Epoch 221] Batch 50/187 (27%)
  [Epoch 221] Batch 100/187 (53%)
  [Epoch 221] Batch 150/187 (80%)
[Epoch 221/700] train_loss=0.5840 val_loss=0.5816 lr=7.74e-05 (12s)
  [Epoch 222] Batch 50/187 (27%)
  [Epoch 222] Batch 100/187 (53%)
  [Epoch 222] Batch 150/187 (80%)
[Epoch 222/700] train_loss=0.5811 val_loss=0.5835 lr=7.72e-05 (12s)
  [Epoch 223] Batch 50/187 (27%)
  [Epoch 223] Batch 100/187 (53%)
  [Epoch 223] Batch 150/187 (80%)
[Epoch 223/700] train_loss=0.5793 val_loss=0.5904 lr=7.70e-05 (12s)
  [Epoch 224] Batch 50/187 (27%)
  [Epoch 224] Batch 100/187 (53%)
  [Epoch 224] Batch 150/187 (80%)
[Epoch 224/700] train_loss=0.5803 val_loss=0.6025 lr=7.68e-05 (12s)
  [Epoch 225] Batch 50/187 (27%)
  [Epoch 225] Batch 100/187 (53%)
  [Epoch 225] Batch 150/187 (80%)
[Epoch 225/700] train_loss=0.5875 val_loss=0.6017 lr=7.66e-05 (11s)
  [Epoch 226] Batch 50/187 (27%)
  [Epoch 226] Batch 100/187 (53%)
  [Epoch 226] Batch 150/187 (80%)
[Epoch 226/700] train_loss=0.5873 val_loss=0.5897 lr=7.64e-05 (12s)
  [Epoch 227] Batch 50/187 (27%)
  [Epoch 227] Batch 100/187 (53%)
  [Epoch 227] Batch 150/187 (80%)
[Epoch 227/700] train_loss=0.5824 val_loss=0.5841 lr=7.62e-05 (12s)
  [Epoch 228] Batch 50/187 (27%)
  [Epoch 228] Batch 100/187 (53%)
  [Epoch 228] Batch 150/187 (80%)
[Epoch 228/700] train_loss=0.5798 val_loss=0.5923 lr=7.60e-05 (12s)
  [Epoch 229] Batch 50/187 (27%)
  [Epoch 229] Batch 100/187 (53%)
  [Epoch 229] Batch 150/187 (80%)
[Epoch 229/700] train_loss=0.5852 val_loss=0.5845 lr=7.58e-05 (12s)
  [Epoch 230] Batch 50/187 (27%)
  [Epoch 230] Batch 100/187 (53%)
  [Epoch 230] Batch 150/187 (80%)
[Epoch 230/700] train_loss=0.5846 val_loss=0.5853 lr=7.56e-05 (12s)
  [Epoch 231] Batch 50/187 (27%)
  [Epoch 231] Batch 100/187 (53%)
  [Epoch 231] Batch 150/187 (80%)
[Epoch 231/700] train_loss=0.5806 val_loss=0.5962 lr=7.55e-05 (12s)
  [Epoch 232] Batch 50/187 (27%)
  [Epoch 232] Batch 100/187 (53%)
  [Epoch 232] Batch 150/187 (80%)
[Epoch 232/700] train_loss=0.5814 val_loss=0.5896 lr=7.53e-05 (12s)
  [Epoch 233] Batch 50/187 (27%)
  [Epoch 233] Batch 100/187 (53%)
  [Epoch 233] Batch 150/187 (80%)
[Epoch 233/700] train_loss=0.5803 val_loss=0.5863 lr=7.51e-05 (12s)
  [Epoch 234] Batch 50/187 (27%)
  [Epoch 234] Batch 100/187 (53%)
  [Epoch 234] Batch 150/187 (80%)
[Epoch 234/700] train_loss=0.5804 val_loss=0.5773 lr=7.49e-05 (12s)
Metric val/loss improved by 0.001 >= min_delta = 0.0. New best score: 0.577
  [Epoch 235] Batch 50/187 (27%)
  [Epoch 235] Batch 100/187 (53%)
  [Epoch 235] Batch 150/187 (80%)
[Epoch 235/700] train_loss=0.5823 val_loss=0.5902 lr=7.47e-05 (12s)
  [Epoch 236] Batch 50/187 (27%)
  [Epoch 236] Batch 100/187 (53%)
  [Epoch 236] Batch 150/187 (80%)
[Epoch 236/700] train_loss=0.5837 val_loss=0.5921 lr=7.45e-05 (12s)
  [Epoch 237] Batch 50/187 (27%)
  [Epoch 237] Batch 100/187 (53%)
  [Epoch 237] Batch 150/187 (80%)
[Epoch 237/700] train_loss=0.5811 val_loss=0.5794 lr=7.43e-05 (11s)
  [Epoch 238] Batch 50/187 (27%)
  [Epoch 238] Batch 100/187 (53%)
  [Epoch 238] Batch 150/187 (80%)
[Epoch 238/700] train_loss=0.5772 val_loss=0.5797 lr=7.41e-05 (12s)
  [Epoch 239] Batch 50/187 (27%)
  [Epoch 239] Batch 100/187 (53%)
  [Epoch 239] Batch 150/187 (80%)
[Epoch 239/700] train_loss=0.5803 val_loss=0.5944 lr=7.39e-05 (12s)
  [Epoch 240] Batch 50/187 (27%)
  [Epoch 240] Batch 100/187 (53%)
  [Epoch 240] Batch 150/187 (80%)
[Epoch 240/700] train_loss=0.5838 val_loss=0.5902 lr=7.37e-05 (12s)
  [Epoch 241] Batch 50/187 (27%)
  [Epoch 241] Batch 100/187 (53%)
  [Epoch 241] Batch 150/187 (80%)
[Epoch 241/700] train_loss=0.5836 val_loss=0.5869 lr=7.35e-05 (11s)
  [Epoch 242] Batch 50/187 (27%)
  [Epoch 242] Batch 100/187 (53%)
  [Epoch 242] Batch 150/187 (80%)
[Epoch 242/700] train_loss=0.5811 val_loss=0.6019 lr=7.33e-05 (12s)
  [Epoch 243] Batch 50/187 (27%)
  [Epoch 243] Batch 100/187 (53%)
  [Epoch 243] Batch 150/187 (80%)
[Epoch 243/700] train_loss=0.5830 val_loss=0.5802 lr=7.31e-05 (12s)
  [Epoch 244] Batch 50/187 (27%)
  [Epoch 244] Batch 100/187 (53%)
  [Epoch 244] Batch 150/187 (80%)
[Epoch 244/700] train_loss=0.5886 val_loss=0.5898 lr=7.29e-05 (12s)
  [Epoch 245] Batch 50/187 (27%)
  [Epoch 245] Batch 100/187 (53%)
  [Epoch 245] Batch 150/187 (80%)
[Epoch 245/700] train_loss=0.5851 val_loss=0.5989 lr=7.27e-05 (12s)
  [Epoch 246] Batch 50/187 (27%)
  [Epoch 246] Batch 100/187 (53%)
  [Epoch 246] Batch 150/187 (80%)
[Epoch 246/700] train_loss=0.5885 val_loss=0.5937 lr=7.25e-05 (12s)
  [Epoch 247] Batch 50/187 (27%)
  [Epoch 247] Batch 100/187 (53%)
  [Epoch 247] Batch 150/187 (80%)
[Epoch 247/700] train_loss=0.5839 val_loss=0.5968 lr=7.23e-05 (12s)
  [Epoch 248] Batch 50/187 (27%)
  [Epoch 248] Batch 100/187 (53%)
  [Epoch 248] Batch 150/187 (80%)
[Epoch 248/700] train_loss=0.5884 val_loss=0.5939 lr=7.21e-05 (12s)
  [Epoch 249] Batch 50/187 (27%)
  [Epoch 249] Batch 100/187 (53%)
  [Epoch 249] Batch 150/187 (80%)
[Epoch 249/700] train_loss=0.5882 val_loss=0.6019 lr=7.19e-05 (12s)
  [Epoch 250] Batch 50/187 (27%)
  [Epoch 250] Batch 100/187 (53%)
  [Epoch 250] Batch 150/187 (80%)
[Epoch 250/700] train_loss=0.5820 val_loss=0.5840 lr=7.17e-05 (12s)
  [Epoch 251] Batch 50/187 (27%)
  [Epoch 251] Batch 100/187 (53%)
  [Epoch 251] Batch 150/187 (80%)
[Epoch 251/700] train_loss=0.5861 val_loss=0.5971 lr=7.15e-05 (12s)
  [Epoch 252] Batch 50/187 (27%)
  [Epoch 252] Batch 100/187 (53%)
  [Epoch 252] Batch 150/187 (80%)
[Epoch 252/700] train_loss=0.5849 val_loss=0.5996 lr=7.13e-05 (12s)
  [Epoch 253] Batch 50/187 (27%)
  [Epoch 253] Batch 100/187 (53%)
  [Epoch 253] Batch 150/187 (80%)
[Epoch 253/700] train_loss=0.5794 val_loss=0.5790 lr=7.11e-05 (12s)
  [Epoch 254] Batch 50/187 (27%)
  [Epoch 254] Batch 100/187 (53%)
  [Epoch 254] Batch 150/187 (80%)
[Epoch 254/700] train_loss=0.5807 val_loss=0.5823 lr=7.09e-05 (12s)
  [Epoch 255] Batch 50/187 (27%)
  [Epoch 255] Batch 100/187 (53%)
  [Epoch 255] Batch 150/187 (80%)
[Epoch 255/700] train_loss=0.5803 val_loss=0.6011 lr=7.07e-05 (12s)
  [Epoch 256] Batch 50/187 (27%)
  [Epoch 256] Batch 100/187 (53%)
  [Epoch 256] Batch 150/187 (80%)
[Epoch 256/700] train_loss=0.5751 val_loss=0.5815 lr=7.05e-05 (12s)
  [Epoch 257] Batch 50/187 (27%)
  [Epoch 257] Batch 100/187 (53%)
  [Epoch 257] Batch 150/187 (80%)
[Epoch 257/700] train_loss=0.5841 val_loss=0.5793 lr=7.03e-05 (12s)
  [Epoch 258] Batch 50/187 (27%)
  [Epoch 258] Batch 100/187 (53%)
  [Epoch 258] Batch 150/187 (80%)
[Epoch 258/700] train_loss=0.5776 val_loss=0.5901 lr=7.01e-05 (12s)
  [Epoch 259] Batch 50/187 (27%)
  [Epoch 259] Batch 100/187 (53%)
  [Epoch 259] Batch 150/187 (80%)
[Epoch 259/700] train_loss=0.5813 val_loss=0.5854 lr=6.99e-05 (12s)
  [Epoch 260] Batch 50/187 (27%)
  [Epoch 260] Batch 100/187 (53%)
  [Epoch 260] Batch 150/187 (80%)
[Epoch 260/700] train_loss=0.5791 val_loss=0.5808 lr=6.97e-05 (12s)
  [Epoch 261] Batch 50/187 (27%)
  [Epoch 261] Batch 100/187 (53%)
  [Epoch 261] Batch 150/187 (80%)
[Epoch 261/700] train_loss=0.5839 val_loss=0.5893 lr=6.94e-05 (12s)
  [Epoch 262] Batch 50/187 (27%)
  [Epoch 262] Batch 100/187 (53%)
  [Epoch 262] Batch 150/187 (80%)
[Epoch 262/700] train_loss=0.5815 val_loss=0.5882 lr=6.92e-05 (12s)
  [Epoch 263] Batch 50/187 (27%)
  [Epoch 263] Batch 100/187 (53%)
  [Epoch 263] Batch 150/187 (80%)
[Epoch 263/700] train_loss=0.5846 val_loss=0.5939 lr=6.90e-05 (12s)
  [Epoch 264] Batch 50/187 (27%)
  [Epoch 264] Batch 100/187 (53%)
  [Epoch 264] Batch 150/187 (80%)
[Epoch 264/700] train_loss=0.5847 val_loss=0.5909 lr=6.88e-05 (11s)
  [Epoch 265] Batch 50/187 (27%)
  [Epoch 265] Batch 100/187 (53%)
  [Epoch 265] Batch 150/187 (80%)
[Epoch 265/700] train_loss=0.5871 val_loss=0.5885 lr=6.86e-05 (12s)
  [Epoch 266] Batch 50/187 (27%)
  [Epoch 266] Batch 100/187 (53%)
  [Epoch 266] Batch 150/187 (80%)
[Epoch 266/700] train_loss=0.5894 val_loss=0.6003 lr=6.84e-05 (12s)
  [Epoch 267] Batch 50/187 (27%)
  [Epoch 267] Batch 100/187 (53%)
  [Epoch 267] Batch 150/187 (80%)
[Epoch 267/700] train_loss=0.5882 val_loss=0.5937 lr=6.82e-05 (12s)
  [Epoch 268] Batch 50/187 (27%)
  [Epoch 268] Batch 100/187 (53%)
  [Epoch 268] Batch 150/187 (80%)
[Epoch 268/700] train_loss=0.5865 val_loss=0.5839 lr=6.80e-05 (12s)
  [Epoch 269] Batch 50/187 (27%)
  [Epoch 269] Batch 100/187 (53%)
  [Epoch 269] Batch 150/187 (80%)
[Epoch 269/700] train_loss=0.5860 val_loss=0.5975 lr=6.78e-05 (12s)
  [Epoch 270] Batch 50/187 (27%)
  [Epoch 270] Batch 100/187 (53%)
  [Epoch 270] Batch 150/187 (80%)
[Epoch 270/700] train_loss=0.5841 val_loss=0.5841 lr=6.76e-05 (12s)
  [Epoch 271] Batch 50/187 (27%)
  [Epoch 271] Batch 100/187 (53%)
  [Epoch 271] Batch 150/187 (80%)
[Epoch 271/700] train_loss=0.5779 val_loss=0.5914 lr=6.74e-05 (12s)
  [Epoch 272] Batch 50/187 (27%)
  [Epoch 272] Batch 100/187 (53%)
  [Epoch 272] Batch 150/187 (80%)
[Epoch 272/700] train_loss=0.5797 val_loss=0.5757 lr=6.71e-05 (12s)
Metric val/loss improved by 0.002 >= min_delta = 0.0. New best score: 0.576
  [Epoch 273] Batch 50/187 (27%)
  [Epoch 273] Batch 100/187 (53%)
  [Epoch 273] Batch 150/187 (80%)
[Epoch 273/700] train_loss=0.5786 val_loss=0.5955 lr=6.69e-05 (12s)
  [Epoch 274] Batch 50/187 (27%)
  [Epoch 274] Batch 100/187 (53%)
  [Epoch 274] Batch 150/187 (80%)
[Epoch 274/700] train_loss=0.5799 val_loss=0.5810 lr=6.67e-05 (12s)
  [Epoch 275] Batch 50/187 (27%)
  [Epoch 275] Batch 100/187 (53%)
  [Epoch 275] Batch 150/187 (80%)
[Epoch 275/700] train_loss=0.5777 val_loss=0.5863 lr=6.65e-05 (12s)
  [Epoch 276] Batch 50/187 (27%)
  [Epoch 276] Batch 100/187 (53%)
  [Epoch 276] Batch 150/187 (80%)
[Epoch 276/700] train_loss=0.6097 val_loss=0.6214 lr=6.63e-05 (12s)
  [Epoch 277] Batch 50/187 (27%)
  [Epoch 277] Batch 100/187 (53%)
  [Epoch 277] Batch 150/187 (80%)
[Epoch 277/700] train_loss=0.5974 val_loss=0.5929 lr=6.61e-05 (12s)
  [Epoch 278] Batch 50/187 (27%)
  [Epoch 278] Batch 100/187 (53%)
  [Epoch 278] Batch 150/187 (80%)
[Epoch 278/700] train_loss=0.5862 val_loss=0.5891 lr=6.59e-05 (11s)
  [Epoch 279] Batch 50/187 (27%)
  [Epoch 279] Batch 100/187 (53%)
  [Epoch 279] Batch 150/187 (80%)
[Epoch 279/700] train_loss=0.5909 val_loss=0.5887 lr=6.57e-05 (12s)
  [Epoch 280] Batch 50/187 (27%)
  [Epoch 280] Batch 100/187 (53%)
  [Epoch 280] Batch 150/187 (80%)
[Epoch 280/700] train_loss=0.5881 val_loss=0.5973 lr=6.55e-05 (12s)
  [Epoch 281] Batch 50/187 (27%)
  [Epoch 281] Batch 100/187 (53%)
  [Epoch 281] Batch 150/187 (80%)
[Epoch 281/700] train_loss=0.5823 val_loss=0.5857 lr=6.52e-05 (11s)
  [Epoch 282] Batch 50/187 (27%)
  [Epoch 282] Batch 100/187 (53%)
  [Epoch 282] Batch 150/187 (80%)
[Epoch 282/700] train_loss=0.5825 val_loss=0.5858 lr=6.50e-05 (12s)
  [Epoch 283] Batch 50/187 (27%)
  [Epoch 283] Batch 100/187 (53%)
  [Epoch 283] Batch 150/187 (80%)
[Epoch 283/700] train_loss=0.5815 val_loss=0.6046 lr=6.48e-05 (12s)
  [Epoch 284] Batch 50/187 (27%)
  [Epoch 284] Batch 100/187 (53%)
  [Epoch 284] Batch 150/187 (80%)
[Epoch 284/700] train_loss=0.5853 val_loss=0.5779 lr=6.46e-05 (12s)
  [Epoch 285] Batch 50/187 (27%)
  [Epoch 285] Batch 100/187 (53%)
  [Epoch 285] Batch 150/187 (80%)
[Epoch 285/700] train_loss=0.5812 val_loss=0.5932 lr=6.44e-05 (12s)
  [Epoch 286] Batch 50/187 (27%)
  [Epoch 286] Batch 100/187 (53%)
  [Epoch 286] Batch 150/187 (80%)
[Epoch 286/700] train_loss=0.5815 val_loss=0.5849 lr=6.42e-05 (12s)
  [Epoch 287] Batch 50/187 (27%)
  [Epoch 287] Batch 100/187 (53%)
  [Epoch 287] Batch 150/187 (80%)
[Epoch 287/700] train_loss=0.5780 val_loss=0.5835 lr=6.39e-05 (11s)
  [Epoch 288] Batch 50/187 (27%)
  [Epoch 288] Batch 100/187 (53%)
  [Epoch 288] Batch 150/187 (80%)
[Epoch 288/700] train_loss=0.5806 val_loss=0.5787 lr=6.37e-05 (12s)
  [Epoch 289] Batch 50/187 (27%)
  [Epoch 289] Batch 100/187 (53%)
  [Epoch 289] Batch 150/187 (80%)
[Epoch 289/700] train_loss=0.5750 val_loss=0.5714 lr=6.35e-05 (12s)
Metric val/loss improved by 0.004 >= min_delta = 0.0. New best score: 0.571
  [Epoch 290] Batch 50/187 (27%)
  [Epoch 290] Batch 100/187 (53%)
  [Epoch 290] Batch 150/187 (80%)
[Epoch 290/700] train_loss=0.5773 val_loss=0.5848 lr=6.33e-05 (12s)
  [Epoch 291] Batch 50/187 (27%)
  [Epoch 291] Batch 100/187 (53%)
  [Epoch 291] Batch 150/187 (80%)
[Epoch 291/700] train_loss=0.5689 val_loss=0.5860 lr=6.31e-05 (12s)
  [Epoch 292] Batch 50/187 (27%)
  [Epoch 292] Batch 100/187 (53%)
  [Epoch 292] Batch 150/187 (80%)
[Epoch 292/700] train_loss=0.5725 val_loss=0.5888 lr=6.29e-05 (12s)
  [Epoch 293] Batch 50/187 (27%)
  [Epoch 293] Batch 100/187 (53%)
  [Epoch 293] Batch 150/187 (80%)
[Epoch 293/700] train_loss=0.5708 val_loss=0.5937 lr=6.27e-05 (12s)
  [Epoch 294] Batch 50/187 (27%)
  [Epoch 294] Batch 100/187 (53%)
  [Epoch 294] Batch 150/187 (80%)
[Epoch 294/700] train_loss=0.5733 val_loss=0.5803 lr=6.24e-05 (12s)
  [Epoch 295] Batch 50/187 (27%)
  [Epoch 295] Batch 100/187 (53%)
  [Epoch 295] Batch 150/187 (80%)
[Epoch 295/700] train_loss=0.5697 val_loss=0.5846 lr=6.22e-05 (12s)
  [Epoch 296] Batch 50/187 (27%)
  [Epoch 296] Batch 100/187 (53%)
  [Epoch 296] Batch 150/187 (80%)
[Epoch 296/700] train_loss=0.5734 val_loss=0.5767 lr=6.20e-05 (12s)
  [Epoch 297] Batch 50/187 (27%)
  [Epoch 297] Batch 100/187 (53%)
  [Epoch 297] Batch 150/187 (80%)
[Epoch 297/700] train_loss=0.5663 val_loss=0.5848 lr=6.18e-05 (12s)
  [Epoch 298] Batch 50/187 (27%)
  [Epoch 298] Batch 100/187 (53%)
  [Epoch 298] Batch 150/187 (80%)
[Epoch 298/700] train_loss=0.5707 val_loss=0.5932 lr=6.16e-05 (12s)
  [Epoch 299] Batch 50/187 (27%)
  [Epoch 299] Batch 100/187 (53%)
  [Epoch 299] Batch 150/187 (80%)
[Epoch 299/700] train_loss=0.5689 val_loss=0.5747 lr=6.13e-05 (12s)
  [Epoch 300] Batch 50/187 (27%)
  [Epoch 300] Batch 100/187 (53%)
  [Epoch 300] Batch 150/187 (80%)
[Epoch 300/700] train_loss=0.5705 val_loss=0.5877 lr=6.11e-05 (12s)
  [Epoch 301] Batch 50/187 (27%)
  [Epoch 301] Batch 100/187 (53%)
  [Epoch 301] Batch 150/187 (80%)
[Epoch 301/700] train_loss=0.5717 val_loss=0.5785 lr=6.09e-05 (12s)
  [Epoch 302] Batch 50/187 (27%)
  [Epoch 302] Batch 100/187 (53%)
  [Epoch 302] Batch 150/187 (80%)
[Epoch 302/700] train_loss=0.5706 val_loss=0.5748 lr=6.07e-05 (12s)
  [Epoch 303] Batch 50/187 (27%)
  [Epoch 303] Batch 100/187 (53%)
  [Epoch 303] Batch 150/187 (80%)
[Epoch 303/700] train_loss=0.5693 val_loss=0.5792 lr=6.05e-05 (12s)
  [Epoch 304] Batch 50/187 (27%)
  [Epoch 304] Batch 100/187 (53%)
  [Epoch 304] Batch 150/187 (80%)
[Epoch 304/700] train_loss=0.5721 val_loss=0.5735 lr=6.02e-05 (12s)
  [Epoch 305] Batch 50/187 (27%)
  [Epoch 305] Batch 100/187 (53%)
  [Epoch 305] Batch 150/187 (80%)
[Epoch 305/700] train_loss=0.5709 val_loss=0.5731 lr=6.00e-05 (12s)
  [Epoch 306] Batch 50/187 (27%)
  [Epoch 306] Batch 100/187 (53%)
  [Epoch 306] Batch 150/187 (80%)
[Epoch 306/700] train_loss=0.5707 val_loss=0.5743 lr=5.98e-05 (12s)
  [Epoch 307] Batch 50/187 (27%)
  [Epoch 307] Batch 100/187 (53%)
  [Epoch 307] Batch 150/187 (80%)
[Epoch 307/700] train_loss=0.5714 val_loss=0.5732 lr=5.96e-05 (12s)
  [Epoch 308] Batch 50/187 (27%)
  [Epoch 308] Batch 100/187 (53%)
  [Epoch 308] Batch 150/187 (80%)
[Epoch 308/700] train_loss=0.5713 val_loss=0.5784 lr=5.94e-05 (12s)
  [Epoch 309] Batch 50/187 (27%)
  [Epoch 309] Batch 100/187 (53%)
  [Epoch 309] Batch 150/187 (80%)
[Epoch 309/700] train_loss=0.5710 val_loss=0.5793 lr=5.91e-05 (12s)
  [Epoch 310] Batch 50/187 (27%)
  [Epoch 310] Batch 100/187 (53%)
  [Epoch 310] Batch 150/187 (80%)
[Epoch 310/700] train_loss=0.5702 val_loss=0.5689 lr=5.89e-05 (11s)
Metric val/loss improved by 0.002 >= min_delta = 0.0. New best score: 0.569
  [Epoch 311] Batch 50/187 (27%)
  [Epoch 311] Batch 100/187 (53%)
  [Epoch 311] Batch 150/187 (80%)
[Epoch 311/700] train_loss=0.5662 val_loss=0.5896 lr=5.87e-05 (12s)
  [Epoch 312] Batch 50/187 (27%)
  [Epoch 312] Batch 100/187 (53%)
  [Epoch 312] Batch 150/187 (80%)
[Epoch 312/700] train_loss=0.5643 val_loss=0.5830 lr=5.85e-05 (12s)
  [Epoch 313] Batch 50/187 (27%)
  [Epoch 313] Batch 100/187 (53%)
  [Epoch 313] Batch 150/187 (80%)
[Epoch 313/700] train_loss=0.5676 val_loss=0.5747 lr=5.83e-05 (12s)
  [Epoch 314] Batch 50/187 (27%)
  [Epoch 314] Batch 100/187 (53%)
  [Epoch 314] Batch 150/187 (80%)
[Epoch 314/700] train_loss=0.5701 val_loss=0.5790 lr=5.80e-05 (12s)
  [Epoch 315] Batch 50/187 (27%)
  [Epoch 315] Batch 100/187 (53%)
  [Epoch 315] Batch 150/187 (80%)
[Epoch 315/700] train_loss=0.5713 val_loss=0.5833 lr=5.78e-05 (12s)
  [Epoch 316] Batch 50/187 (27%)
  [Epoch 316] Batch 100/187 (53%)
  [Epoch 316] Batch 150/187 (80%)
[Epoch 316/700] train_loss=0.5657 val_loss=0.5887 lr=5.76e-05 (12s)
  [Epoch 317] Batch 50/187 (27%)
  [Epoch 317] Batch 100/187 (53%)
  [Epoch 317] Batch 150/187 (80%)
[Epoch 317/700] train_loss=0.5720 val_loss=0.5793 lr=5.74e-05 (12s)
  [Epoch 318] Batch 50/187 (27%)
  [Epoch 318] Batch 100/187 (53%)
  [Epoch 318] Batch 150/187 (80%)
[Epoch 318/700] train_loss=0.5707 val_loss=0.5834 lr=5.72e-05 (12s)
  [Epoch 319] Batch 50/187 (27%)
  [Epoch 319] Batch 100/187 (53%)
  [Epoch 319] Batch 150/187 (80%)
[Epoch 319/700] train_loss=0.5719 val_loss=0.5787 lr=5.69e-05 (12s)
  [Epoch 320] Batch 50/187 (27%)
  [Epoch 320] Batch 100/187 (53%)
  [Epoch 320] Batch 150/187 (80%)
[Epoch 320/700] train_loss=0.5729 val_loss=0.5783 lr=5.67e-05 (12s)
  [Epoch 321] Batch 50/187 (27%)
  [Epoch 321] Batch 100/187 (53%)
  [Epoch 321] Batch 150/187 (80%)
[Epoch 321/700] train_loss=0.5687 val_loss=0.5796 lr=5.65e-05 (12s)
  [Epoch 322] Batch 50/187 (27%)
  [Epoch 322] Batch 100/187 (53%)
  [Epoch 322] Batch 150/187 (80%)
[Epoch 322/700] train_loss=0.5682 val_loss=0.5746 lr=5.63e-05 (12s)
  [Epoch 323] Batch 50/187 (27%)
  [Epoch 323] Batch 100/187 (53%)
  [Epoch 323] Batch 150/187 (80%)
[Epoch 323/700] train_loss=0.5704 val_loss=0.5766 lr=5.60e-05 (12s)
  [Epoch 324] Batch 50/187 (27%)
  [Epoch 324] Batch 100/187 (53%)
  [Epoch 324] Batch 150/187 (80%)
[Epoch 324/700] train_loss=0.5682 val_loss=0.5797 lr=5.58e-05 (12s)
  [Epoch 325] Batch 50/187 (27%)
  [Epoch 325] Batch 100/187 (53%)
  [Epoch 325] Batch 150/187 (80%)
[Epoch 325/700] train_loss=0.5659 val_loss=0.5874 lr=5.56e-05 (12s)
  [Epoch 326] Batch 50/187 (27%)
  [Epoch 326] Batch 100/187 (53%)
  [Epoch 326] Batch 150/187 (80%)
[Epoch 326/700] train_loss=0.5720 val_loss=0.5764 lr=5.54e-05 (12s)
  [Epoch 327] Batch 50/187 (27%)
  [Epoch 327] Batch 100/187 (53%)
  [Epoch 327] Batch 150/187 (80%)
[Epoch 327/700] train_loss=0.5687 val_loss=0.5639 lr=5.52e-05 (12s)
Metric val/loss improved by 0.005 >= min_delta = 0.0. New best score: 0.564
  [Epoch 328] Batch 50/187 (27%)
  [Epoch 328] Batch 100/187 (53%)
  [Epoch 328] Batch 150/187 (80%)
[Epoch 328/700] train_loss=0.5681 val_loss=0.5783 lr=5.49e-05 (12s)
  [Epoch 329] Batch 50/187 (27%)
  [Epoch 329] Batch 100/187 (53%)
  [Epoch 329] Batch 150/187 (80%)
[Epoch 329/700] train_loss=0.5662 val_loss=0.5801 lr=5.47e-05 (12s)
  [Epoch 330] Batch 50/187 (27%)
  [Epoch 330] Batch 100/187 (53%)
  [Epoch 330] Batch 150/187 (80%)
[Epoch 330/700] train_loss=0.5645 val_loss=0.5745 lr=5.45e-05 (12s)
  [Epoch 331] Batch 50/187 (27%)
  [Epoch 331] Batch 100/187 (53%)
  [Epoch 331] Batch 150/187 (80%)
[Epoch 331/700] train_loss=0.5669 val_loss=0.5765 lr=5.43e-05 (12s)
  [Epoch 332] Batch 50/187 (27%)
  [Epoch 332] Batch 100/187 (53%)
  [Epoch 332] Batch 150/187 (80%)
[Epoch 332/700] train_loss=0.5618 val_loss=0.5820 lr=5.40e-05 (12s)
  [Epoch 333] Batch 50/187 (27%)
  [Epoch 333] Batch 100/187 (53%)
  [Epoch 333] Batch 150/187 (80%)
[Epoch 333/700] train_loss=0.5677 val_loss=0.5750 lr=5.38e-05 (12s)
  [Epoch 334] Batch 50/187 (27%)
  [Epoch 334] Batch 100/187 (53%)
  [Epoch 334] Batch 150/187 (80%)
[Epoch 334/700] train_loss=0.5683 val_loss=0.5758 lr=5.36e-05 (10s)
  [Epoch 335] Batch 50/187 (27%)
  [Epoch 335] Batch 100/187 (53%)
  [Epoch 335] Batch 150/187 (80%)
[Epoch 335/700] train_loss=0.5603 val_loss=0.5601 lr=5.34e-05 (12s)
Metric val/loss improved by 0.004 >= min_delta = 0.0. New best score: 0.560
  [Epoch 336] Batch 50/187 (27%)
  [Epoch 336] Batch 100/187 (53%)
  [Epoch 336] Batch 150/187 (80%)
[Epoch 336/700] train_loss=0.5676 val_loss=0.5937 lr=5.31e-05 (12s)
  [Epoch 337] Batch 50/187 (27%)
  [Epoch 337] Batch 100/187 (53%)
  [Epoch 337] Batch 150/187 (80%)
[Epoch 337/700] train_loss=0.5667 val_loss=0.5774 lr=5.29e-05 (12s)
  [Epoch 338] Batch 50/187 (27%)
  [Epoch 338] Batch 100/187 (53%)
  [Epoch 338] Batch 150/187 (80%)
[Epoch 338/700] train_loss=0.5643 val_loss=0.5697 lr=5.27e-05 (12s)
  [Epoch 339] Batch 50/187 (27%)
  [Epoch 339] Batch 100/187 (53%)
  [Epoch 339] Batch 150/187 (80%)
[Epoch 339/700] train_loss=0.5671 val_loss=0.5854 lr=5.25e-05 (12s)
  [Epoch 340] Batch 50/187 (27%)
  [Epoch 340] Batch 100/187 (53%)
  [Epoch 340] Batch 150/187 (80%)
[Epoch 340/700] train_loss=0.5655 val_loss=0.5695 lr=5.22e-05 (11s)
  [Epoch 341] Batch 50/187 (27%)
  [Epoch 341] Batch 100/187 (53%)
  [Epoch 341] Batch 150/187 (80%)
[Epoch 341/700] train_loss=0.5610 val_loss=0.5790 lr=5.20e-05 (12s)
  [Epoch 342] Batch 50/187 (27%)
  [Epoch 342] Batch 100/187 (53%)
  [Epoch 342] Batch 150/187 (80%)
[Epoch 342/700] train_loss=0.5637 val_loss=0.5728 lr=5.18e-05 (12s)
  [Epoch 343] Batch 50/187 (27%)
  [Epoch 343] Batch 100/187 (53%)
  [Epoch 343] Batch 150/187 (80%)
[Epoch 343/700] train_loss=0.5620 val_loss=0.5813 lr=5.16e-05 (12s)
  [Epoch 344] Batch 50/187 (27%)
  [Epoch 344] Batch 100/187 (53%)
  [Epoch 344] Batch 150/187 (80%)
[Epoch 344/700] train_loss=0.5648 val_loss=0.5746 lr=5.13e-05 (12s)
  [Epoch 345] Batch 50/187 (27%)
  [Epoch 345] Batch 100/187 (53%)
  [Epoch 345] Batch 150/187 (80%)
[Epoch 345/700] train_loss=0.5615 val_loss=0.5771 lr=5.11e-05 (12s)
  [Epoch 346] Batch 50/187 (27%)
  [Epoch 346] Batch 100/187 (53%)
  [Epoch 346] Batch 150/187 (80%)
[Epoch 346/700] train_loss=0.5625 val_loss=0.5814 lr=5.09e-05 (12s)
  [Epoch 347] Batch 50/187 (27%)
  [Epoch 347] Batch 100/187 (53%)
  [Epoch 347] Batch 150/187 (80%)
[Epoch 347/700] train_loss=0.5648 val_loss=0.5759 lr=5.07e-05 (12s)
  [Epoch 348] Batch 50/187 (27%)
  [Epoch 348] Batch 100/187 (53%)
  [Epoch 348] Batch 150/187 (80%)
[Epoch 348/700] train_loss=0.5627 val_loss=0.5792 lr=5.04e-05 (12s)
  [Epoch 349] Batch 50/187 (27%)
  [Epoch 349] Batch 100/187 (53%)
  [Epoch 349] Batch 150/187 (80%)
[Epoch 349/700] train_loss=0.5623 val_loss=0.5681 lr=5.02e-05 (12s)
  [Epoch 350] Batch 50/187 (27%)
  [Epoch 350] Batch 100/187 (53%)
  [Epoch 350] Batch 150/187 (80%)
[Epoch 350/700] train_loss=0.5641 val_loss=0.5680 lr=5.00e-05 (12s)
  [Epoch 351] Batch 50/187 (27%)
  [Epoch 351] Batch 100/187 (53%)
  [Epoch 351] Batch 150/187 (80%)
[Epoch 351/700] train_loss=0.5609 val_loss=0.5829 lr=4.98e-05 (12s)
  [Epoch 352] Batch 50/187 (27%)
  [Epoch 352] Batch 100/187 (53%)
  [Epoch 352] Batch 150/187 (80%)
[Epoch 352/700] train_loss=0.5662 val_loss=0.5837 lr=4.96e-05 (12s)
  [Epoch 353] Batch 50/187 (27%)
  [Epoch 353] Batch 100/187 (53%)
  [Epoch 353] Batch 150/187 (80%)
[Epoch 353/700] train_loss=0.5670 val_loss=0.5766 lr=4.93e-05 (12s)
  [Epoch 354] Batch 50/187 (27%)
  [Epoch 354] Batch 100/187 (53%)
  [Epoch 354] Batch 150/187 (80%)
[Epoch 354/700] train_loss=0.5658 val_loss=0.5765 lr=4.91e-05 (12s)
  [Epoch 355] Batch 50/187 (27%)
  [Epoch 355] Batch 100/187 (53%)
  [Epoch 355] Batch 150/187 (80%)
[Epoch 355/700] train_loss=0.5656 val_loss=0.5817 lr=4.89e-05 (12s)
  [Epoch 356] Batch 50/187 (27%)
  [Epoch 356] Batch 100/187 (53%)
  [Epoch 356] Batch 150/187 (80%)
[Epoch 356/700] train_loss=0.5675 val_loss=0.5664 lr=4.87e-05 (12s)
  [Epoch 357] Batch 50/187 (27%)
  [Epoch 357] Batch 100/187 (53%)
  [Epoch 357] Batch 150/187 (80%)
[Epoch 357/700] train_loss=0.5650 val_loss=0.5776 lr=4.84e-05 (12s)
  [Epoch 358] Batch 50/187 (27%)
  [Epoch 358] Batch 100/187 (53%)
  [Epoch 358] Batch 150/187 (80%)
[Epoch 358/700] train_loss=0.5662 val_loss=0.5676 lr=4.82e-05 (12s)
  [Epoch 359] Batch 50/187 (27%)
  [Epoch 359] Batch 100/187 (53%)
  [Epoch 359] Batch 150/187 (80%)
[Epoch 359/700] train_loss=0.5613 val_loss=0.5728 lr=4.80e-05 (12s)
  [Epoch 360] Batch 50/187 (27%)
  [Epoch 360] Batch 100/187 (53%)
  [Epoch 360] Batch 150/187 (80%)
[Epoch 360/700] train_loss=0.5575 val_loss=0.5747 lr=4.78e-05 (12s)
  [Epoch 361] Batch 50/187 (27%)
  [Epoch 361] Batch 100/187 (53%)
  [Epoch 361] Batch 150/187 (80%)
[Epoch 361/700] train_loss=0.5605 val_loss=0.5893 lr=4.75e-05 (12s)
  [Epoch 362] Batch 50/187 (27%)
  [Epoch 362] Batch 100/187 (53%)
  [Epoch 362] Batch 150/187 (80%)
[Epoch 362/700] train_loss=0.5641 val_loss=0.5697 lr=4.73e-05 (12s)
  [Epoch 363] Batch 50/187 (27%)
  [Epoch 363] Batch 100/187 (53%)
  [Epoch 363] Batch 150/187 (80%)
[Epoch 363/700] train_loss=0.5627 val_loss=0.5708 lr=4.71e-05 (12s)
  [Epoch 364] Batch 50/187 (27%)
  [Epoch 364] Batch 100/187 (53%)
  [Epoch 364] Batch 150/187 (80%)
[Epoch 364/700] train_loss=0.5569 val_loss=0.5798 lr=4.69e-05 (12s)
  [Epoch 365] Batch 50/187 (27%)
  [Epoch 365] Batch 100/187 (53%)
  [Epoch 365] Batch 150/187 (80%)
[Epoch 365/700] train_loss=0.5600 val_loss=0.5785 lr=4.66e-05 (12s)
  [Epoch 366] Batch 50/187 (27%)
  [Epoch 366] Batch 100/187 (53%)
  [Epoch 366] Batch 150/187 (80%)
[Epoch 366/700] train_loss=0.5570 val_loss=0.5724 lr=4.64e-05 (11s)
  [Epoch 367] Batch 50/187 (27%)
  [Epoch 367] Batch 100/187 (53%)
  [Epoch 367] Batch 150/187 (80%)
[Epoch 367/700] train_loss=0.5582 val_loss=0.5798 lr=4.62e-05 (12s)
  [Epoch 368] Batch 50/187 (27%)
  [Epoch 368] Batch 100/187 (53%)
  [Epoch 368] Batch 150/187 (80%)
[Epoch 368/700] train_loss=0.5621 val_loss=0.5703 lr=4.60e-05 (12s)
  [Epoch 369] Batch 50/187 (27%)
  [Epoch 369] Batch 100/187 (53%)
  [Epoch 369] Batch 150/187 (80%)
[Epoch 369/700] train_loss=0.5585 val_loss=0.5743 lr=4.57e-05 (12s)
  [Epoch 370] Batch 50/187 (27%)
  [Epoch 370] Batch 100/187 (53%)
  [Epoch 370] Batch 150/187 (80%)
[Epoch 370/700] train_loss=0.5614 val_loss=0.5738 lr=4.55e-05 (10s)
  [Epoch 371] Batch 50/187 (27%)
  [Epoch 371] Batch 100/187 (53%)
  [Epoch 371] Batch 150/187 (80%)
[Epoch 371/700] train_loss=0.5626 val_loss=0.5728 lr=4.53e-05 (12s)
  [Epoch 372] Batch 50/187 (27%)
  [Epoch 372] Batch 100/187 (53%)
  [Epoch 372] Batch 150/187 (80%)
[Epoch 372/700] train_loss=0.5596 val_loss=0.5871 lr=4.51e-05 (12s)
  [Epoch 373] Batch 50/187 (27%)
  [Epoch 373] Batch 100/187 (53%)
  [Epoch 373] Batch 150/187 (80%)
[Epoch 373/700] train_loss=0.5603 val_loss=0.5867 lr=4.48e-05 (12s)
  [Epoch 374] Batch 50/187 (27%)
  [Epoch 374] Batch 100/187 (53%)
  [Epoch 374] Batch 150/187 (80%)
[Epoch 374/700] train_loss=0.5577 val_loss=0.5719 lr=4.46e-05 (12s)
  [Epoch 375] Batch 50/187 (27%)
  [Epoch 375] Batch 100/187 (53%)
  [Epoch 375] Batch 150/187 (80%)
[Epoch 375/700] train_loss=0.5682 val_loss=0.5764 lr=4.44e-05 (12s)
  [Epoch 376] Batch 50/187 (27%)
  [Epoch 376] Batch 100/187 (53%)
  [Epoch 376] Batch 150/187 (80%)
[Epoch 376/700] train_loss=0.5672 val_loss=0.5690 lr=4.42e-05 (12s)
  [Epoch 377] Batch 50/187 (27%)
  [Epoch 377] Batch 100/187 (53%)
  [Epoch 377] Batch 150/187 (80%)
[Epoch 377/700] train_loss=0.5652 val_loss=0.5812 lr=4.40e-05 (12s)
  [Epoch 378] Batch 50/187 (27%)
  [Epoch 378] Batch 100/187 (53%)
  [Epoch 378] Batch 150/187 (80%)
[Epoch 378/700] train_loss=0.5651 val_loss=0.5695 lr=4.37e-05 (12s)
  [Epoch 379] Batch 50/187 (27%)
  [Epoch 379] Batch 100/187 (53%)
  [Epoch 379] Batch 150/187 (80%)
[Epoch 379/700] train_loss=0.5616 val_loss=0.5699 lr=4.35e-05 (12s)
  [Epoch 380] Batch 50/187 (27%)
  [Epoch 380] Batch 100/187 (53%)
  [Epoch 380] Batch 150/187 (80%)
[Epoch 380/700] train_loss=0.5628 val_loss=0.5737 lr=4.33e-05 (12s)
  [Epoch 381] Batch 50/187 (27%)
  [Epoch 381] Batch 100/187 (53%)
  [Epoch 381] Batch 150/187 (80%)
[Epoch 381/700] train_loss=0.5603 val_loss=0.5743 lr=4.31e-05 (12s)
  [Epoch 382] Batch 50/187 (27%)
  [Epoch 382] Batch 100/187 (53%)
  [Epoch 382] Batch 150/187 (80%)
[Epoch 382/700] train_loss=0.5566 val_loss=0.5632 lr=4.28e-05 (12s)
  [Epoch 383] Batch 50/187 (27%)
  [Epoch 383] Batch 100/187 (53%)
  [Epoch 383] Batch 150/187 (80%)
[Epoch 383/700] train_loss=0.5551 val_loss=0.5767 lr=4.26e-05 (12s)
  [Epoch 384] Batch 50/187 (27%)
  [Epoch 384] Batch 100/187 (53%)
  [Epoch 384] Batch 150/187 (80%)
[Epoch 384/700] train_loss=0.5585 val_loss=0.5625 lr=4.24e-05 (12s)
  [Epoch 385] Batch 50/187 (27%)
  [Epoch 385] Batch 100/187 (53%)
  [Epoch 385] Batch 150/187 (80%)
[Epoch 385/700] train_loss=0.5571 val_loss=0.5771 lr=4.22e-05 (12s)
Monitored metric val/loss did not improve in the last 50 records. Best score: 0.560. Signaling Trainer to stop.

[Training] Completed!

✓ Training completed!
  Final checkpoint: /public/home/xiongzhzh2023/PT4ConTSG/experiments/20260401_191620_synth-m_pt_factor_generator/checkpoints/finetune/finetune-epoch=334-val/loss=0.5601.ckpt
  Experiment: experiments/20260401_191620_synth-m_pt_factor_generator

Running automatic evaluation...
Loading weights:   0%|          | 0/197 [00:00<?, ?it/s]Loading weights: 100%|██████████| 197/197 [00:00<00:00, 3593.95it/s]
[1mCLIPTextModelWithProjection LOAD REPORT[0m from: ./checkpoints/longclip
Key                                                            | Status     |  | 
---------------------------------------------------------------+------------+--+-
vision_model.encoder.layers.{0...23}.self_attn.k_proj.weight   | UNEXPECTED |  | 
vision_model.encoder.layers.{0...23}.self_attn.out_proj.weight | UNEXPECTED |  | 
vision_model.encoder.layers.{0...23}.layer_norm1.bias          | UNEXPECTED |  | 
vision_model.encoder.layers.{0...23}.self_attn.q_proj.weight   | UNEXPECTED |  | 
vision_model.encoder.layers.{0...23}.layer_norm1.weight        | UNEXPECTED |  | 
vision_model.encoder.layers.{0...23}.self_attn.k_proj.bias     | UNEXPECTED |  | 
vision_model.encoder.layers.{0...23}.self_attn.v_proj.bias     | UNEXPECTED |  | 
vision_model.encoder.layers.{0...23}.mlp.fc2.bias              | UNEXPECTED |  | 
vision_model.encoder.layers.{0...23}.self_attn.out_proj.bias   | UNEXPECTED |  | 
vision_model.encoder.layers.{0...23}.layer_norm2.weight        | UNEXPECTED |  | 
vision_model.encoder.layers.{0...23}.layer_norm2.bias          | UNEXPECTED |  | 
vision_model.encoder.layers.{0...23}.self_attn.q_proj.bias     | UNEXPECTED |  | 
vision_model.encoder.layers.{0...23}.mlp.fc1.bias              | UNEXPECTED |  | 
vision_model.encoder.layers.{0...23}.mlp.fc2.weight            | UNEXPECTED |  | 
vision_model.encoder.layers.{0...23}.mlp.fc1.weight            | UNEXPECTED |  | 
vision_model.pre_layrnorm.weight                               | UNEXPECTED |  | 
vision_model.encoder.layers.{0...23}.self_attn.v_proj.weight   | UNEXPECTED |  | 
vision_model.embeddings.position_embedding.weight              | UNEXPECTED |  | 
vision_model.embeddings.class_embedding                        | UNEXPECTED |  | 
logit_scale                                                    | UNEXPECTED |  | 
vision_model.embeddings.patch_embedding.weight                 | UNEXPECTED |  | 
visual_projection.weight                                       | UNEXPECTED |  | 
vision_model.post_layernorm.weight                             | UNEXPECTED |  | 
vision_model.post_layernorm.bias                               | UNEXPECTED |  | 
vision_model.pre_layrnorm.bias                                 | UNEXPECTED |  | 

[3mNotes:
- UNEXPECTED[3m	:can be ignored when loading from different task/architecture; not ok if you expect identical arch.[0m
[Evaluating (generating)] Starting (0/32)...
[Evaluating (generating)] 1/32 (3%)
[Evaluating (generating)] 4/32 (12%)
[Evaluating (generating)] 7/32 (22%)
[Evaluating (generating)] 10/32 (31%)
[Evaluating (generating)] 13/32 (41%)
[Evaluating (generating)] 16/32 (50%)
[Evaluating (generating)] 20/32 (62%)
[Evaluating (generating)] 23/32 (72%)
[Evaluating (generating)] 26/32 (81%)
[Evaluating (generating)] 29/32 (91%)
[Evaluating (generating)] 32/32 (100%)
[Evaluating (generating)] Completed (32 items)
Evaluation results saved to: experiments/20260401_191620_synth-m_pt_factor_generator/results/eval_results.json
          Evaluation Results           
┏━━━━━━━━━━━━━━━━━━━━━━━━━┳━━━━━━━━━━━┓
┃ Metric                  ┃     Value ┃
┡━━━━━━━━━━━━━━━━━━━━━━━━━╇━━━━━━━━━━━┩
│ dtw                     │  9.422781 │
│ wape                    │ 83.222694 │
│ ed                      │ 12.266781 │
│ crps                    │  0.437645 │
│ acd                     │  0.065543 │
│ sd                      │  0.032055 │
│ kd                      │  0.330991 │
│ mdd                     │  0.013386 │
│ fid                     │ 41.104281 │
│ jftsd                   │ 43.381864 │
│ cttp                    │ 19.660996 │
│ disc_auc                │  0.995365 │
│ prdc_f1.f1              │  0.501498 │
│ prdc_f1.precision       │  0.471750 │
│ prdc_f1.recall          │  0.535250 │
│ joint_prdc_f1.f1        │  0.536513 │
│ joint_prdc_f1.precision │  0.519000 │
│ joint_prdc_f1.recall    │  0.555250 │
└─────────────────────────┴───────────┘
