Loading config from: configs/grid_search/ptfg_synth-u_lr1e-4_bs256_scF.yaml
Model schema mode: relaxed (no model-specific schema for 'pt_factor_generator')
         Configuration Summary         
┌───────────────┬─────────────────────┐
│ Dataset       │ synth-u             │
│ Model         │ pt_factor_generator │
│ Epochs        │ 700                 │
│ Batch Size    │ 256                 │
│ Learning Rate │ 0.0001              │
│ Device        │ cuda:0              │
│ Seed          │ 42                  │
└───────────────┴─────────────────────┘

Experiment directory: experiments/20260402_152251_synth-u_pt_factor_generator
Seed set to 42

Model: pt_factor_generator
Creating data module: synth-u

Starting multi-stage training (1 stage(s))...
  Stage 1: finetune (700 epochs, lr=0.0001)
/public/home/xiongzhzh2023/Anaconda/envs/contsg/lib/python3.12/site-packages/lightning_fabric/plugins/environments/slurm.py:204: The `srun` command is available on your system but is not used. HINT: If your intention is to run Lightning on SLURM, prepend your python command with `srun` like so: srun python3.1 /public/home/xiongzhzh2023/Anaconda/envs/contsg/b ...
GPU available: True (cuda), used: True
TPU available: False, using: 0 TPU cores
💡 Tip: For seamless cloud logging and experiment tracking, try installing [litlogger](https://pypi.org/project/litlogger/) to enable LitLogger, which logs metrics and artifacts automatically to the Lightning Experiments platform.
`Trainer(limit_train_batches=1.0)` was configured so 100% of the batches per epoch will be used..
`Trainer(limit_val_batches=1.0)` was configured so 100% of the batches will be used..
`Trainer(limit_test_batches=1.0)` was configured so 100% of the batches will be used..
`Trainer(val_check_interval=1.0)` was configured so validation will run at the end of the training epoch..
LOCAL_RANK: 0 - CUDA_VISIBLE_DEVICES: [0,1,2,3]
┏━━━┳━━━━━━━━━━━━━━┳━━━━━━━━━━━━━━━━━━━━━━━━┳━━━━━━━━┳━━━━━━━┳━━━━━━━┓
┃   ┃ Name         ┃ Type                   ┃ Params ┃ Mode  ┃ FLOPs ┃
┡━━━╇━━━━━━━━━━━━━━╇━━━━━━━━━━━━━━━━━━━━━━━━╇━━━━━━━━╇━━━━━━━╇━━━━━━━┩
│ 0 │ net          │ PTFactorNoisePredictor │  5.2 M │ train │     0 │
│   │ other params │ n/a                    │  1.0 K │ n/a   │   n/a │
└───┴──────────────┴────────────────────────┴────────┴───────┴───────┘
Trainable params: 5.2 M                                                                                                                        
Non-trainable params: 0                                                                                                                        
Total params: 5.2 M                                                                                                                            
Total estimated model params size (MB): 20                                                                                                     
Modules in train mode: 195                                                                                                                     
Modules in eval mode: 0                                                                                                                        
Total FLOPs: 0                                                                                                                                 
/public/home/xiongzhzh2023/Anaconda/envs/contsg/lib/python3.12/site-packages/pytorch_lightning/utilities/data.py:79: Trying to infer the `batch_size` from an ambiguous collection. The batch size we found is 256. To avoid any miscalculations, use `self.log(..., batch_size=batch_size)`.

[Training] Starting 700 epochs...
  [Epoch 1] Batch 50/93 (54%)
/public/home/xiongzhzh2023/Anaconda/envs/contsg/lib/python3.12/site-packages/pytorch_lightning/utilities/data.py:79: Trying to infer the `batch_size` from an ambiguous collection. The batch size we found is 160. To avoid any miscalculations, use `self.log(..., batch_size=batch_size)`.
[Epoch 1/700] train_loss=1.4784 val_loss=1.2134 lr=1.00e-04 (7s)
Metric val/loss improved. New best score: 1.213
  [Epoch 2] Batch 50/93 (54%)
[Epoch 2/700] train_loss=1.0295 val_loss=0.9038 lr=1.00e-04 (6s)
Metric val/loss improved by 0.310 >= min_delta = 0.0. New best score: 0.904
  [Epoch 3] Batch 50/93 (54%)
[Epoch 3/700] train_loss=0.9137 val_loss=0.8653 lr=1.00e-04 (6s)
Metric val/loss improved by 0.038 >= min_delta = 0.0. New best score: 0.865
  [Epoch 4] Batch 50/93 (54%)
[Epoch 4/700] train_loss=0.8731 val_loss=0.8331 lr=1.00e-04 (6s)
Metric val/loss improved by 0.032 >= min_delta = 0.0. New best score: 0.833
  [Epoch 5] Batch 50/93 (54%)
[Epoch 5/700] train_loss=0.8428 val_loss=0.8155 lr=1.00e-04 (6s)
Metric val/loss improved by 0.018 >= min_delta = 0.0. New best score: 0.816
  [Epoch 6] Batch 50/93 (54%)
[Epoch 6/700] train_loss=0.7956 val_loss=0.7549 lr=1.00e-04 (6s)
Metric val/loss improved by 0.061 >= min_delta = 0.0. New best score: 0.755
  [Epoch 7] Batch 50/93 (54%)
[Epoch 7/700] train_loss=0.7592 val_loss=0.7379 lr=1.00e-04 (6s)
Metric val/loss improved by 0.017 >= min_delta = 0.0. New best score: 0.738
  [Epoch 8] Batch 50/93 (54%)
[Epoch 8/700] train_loss=0.7414 val_loss=0.7105 lr=1.00e-04 (9s)
Metric val/loss improved by 0.027 >= min_delta = 0.0. New best score: 0.711
  [Epoch 9] Batch 50/93 (54%)
[Epoch 9/700] train_loss=0.7246 val_loss=0.7085 lr=1.00e-04 (8s)
Metric val/loss improved by 0.002 >= min_delta = 0.0. New best score: 0.708
  [Epoch 10] Batch 50/93 (54%)
[Epoch 10/700] train_loss=0.7090 val_loss=0.6990 lr=9.99e-05 (6s)
Metric val/loss improved by 0.009 >= min_delta = 0.0. New best score: 0.699
  [Epoch 11] Batch 50/93 (54%)
[Epoch 11/700] train_loss=0.7018 val_loss=0.6875 lr=9.99e-05 (6s)
Metric val/loss improved by 0.011 >= min_delta = 0.0. New best score: 0.688
  [Epoch 12] Batch 50/93 (54%)
[Epoch 12/700] train_loss=0.6987 val_loss=0.6790 lr=9.99e-05 (7s)
Metric val/loss improved by 0.009 >= min_delta = 0.0. New best score: 0.679
  [Epoch 13] Batch 50/93 (54%)
[Epoch 13/700] train_loss=0.6939 val_loss=0.6820 lr=9.99e-05 (10s)
  [Epoch 14] Batch 50/93 (54%)
[Epoch 14/700] train_loss=0.6881 val_loss=0.6702 lr=9.99e-05 (7s)
Metric val/loss improved by 0.009 >= min_delta = 0.0. New best score: 0.670
  [Epoch 15] Batch 50/93 (54%)
[Epoch 15/700] train_loss=0.6893 val_loss=0.6883 lr=9.99e-05 (9s)
  [Epoch 16] Batch 50/93 (54%)
[Epoch 16/700] train_loss=0.6821 val_loss=0.6692 lr=9.99e-05 (10s)
Metric val/loss improved by 0.001 >= min_delta = 0.0. New best score: 0.669
  [Epoch 17] Batch 50/93 (54%)
[Epoch 17/700] train_loss=0.6823 val_loss=0.6896 lr=9.99e-05 (8s)
  [Epoch 18] Batch 50/93 (54%)
[Epoch 18/700] train_loss=0.6816 val_loss=0.6744 lr=9.98e-05 (10s)
  [Epoch 19] Batch 50/93 (54%)
[Epoch 19/700] train_loss=0.6778 val_loss=0.6643 lr=9.98e-05 (10s)
Metric val/loss improved by 0.005 >= min_delta = 0.0. New best score: 0.664
  [Epoch 20] Batch 50/93 (54%)
[Epoch 20/700] train_loss=0.6753 val_loss=0.6866 lr=9.98e-05 (9s)
  [Epoch 21] Batch 50/93 (54%)
[Epoch 21/700] train_loss=0.6744 val_loss=0.6665 lr=9.98e-05 (8s)
  [Epoch 22] Batch 50/93 (54%)
[Epoch 22/700] train_loss=0.6689 val_loss=0.6583 lr=9.98e-05 (9s)
Metric val/loss improved by 0.006 >= min_delta = 0.0. New best score: 0.658
  [Epoch 23] Batch 50/93 (54%)
[Epoch 23/700] train_loss=0.6705 val_loss=0.6598 lr=9.97e-05 (10s)
  [Epoch 24] Batch 50/93 (54%)
[Epoch 24/700] train_loss=0.6718 val_loss=0.6626 lr=9.97e-05 (8s)
  [Epoch 25] Batch 50/93 (54%)
[Epoch 25/700] train_loss=0.6655 val_loss=0.6592 lr=9.97e-05 (9s)
  [Epoch 26] Batch 50/93 (54%)
[Epoch 26/700] train_loss=0.6617 val_loss=0.6550 lr=9.97e-05 (10s)
Metric val/loss improved by 0.003 >= min_delta = 0.0. New best score: 0.655
  [Epoch 27] Batch 50/93 (54%)
[Epoch 27/700] train_loss=0.6668 val_loss=0.6587 lr=9.96e-05 (9s)
  [Epoch 28] Batch 50/93 (54%)
[Epoch 28/700] train_loss=0.6606 val_loss=0.6651 lr=9.96e-05 (10s)
  [Epoch 29] Batch 50/93 (54%)
[Epoch 29/700] train_loss=0.6570 val_loss=0.6486 lr=9.96e-05 (9s)
Metric val/loss improved by 0.006 >= min_delta = 0.0. New best score: 0.649
  [Epoch 30] Batch 50/93 (54%)
[Epoch 30/700] train_loss=0.6589 val_loss=0.6572 lr=9.95e-05 (9s)
  [Epoch 31] Batch 50/93 (54%)
[Epoch 31/700] train_loss=0.6566 val_loss=0.6473 lr=9.95e-05 (9s)
Metric val/loss improved by 0.001 >= min_delta = 0.0. New best score: 0.647
  [Epoch 32] Batch 50/93 (54%)
[Epoch 32/700] train_loss=0.6618 val_loss=0.6629 lr=9.95e-05 (11s)
  [Epoch 33] Batch 50/93 (54%)
[Epoch 33/700] train_loss=0.6553 val_loss=0.6461 lr=9.95e-05 (8s)
Metric val/loss improved by 0.001 >= min_delta = 0.0. New best score: 0.646
  [Epoch 34] Batch 50/93 (54%)
[Epoch 34/700] train_loss=0.6523 val_loss=0.6497 lr=9.94e-05 (10s)
  [Epoch 35] Batch 50/93 (54%)
[Epoch 35/700] train_loss=0.6519 val_loss=0.6832 lr=9.94e-05 (10s)
  [Epoch 36] Batch 50/93 (54%)
[Epoch 36/700] train_loss=0.6573 val_loss=0.6426 lr=9.93e-05 (9s)
Metric val/loss improved by 0.003 >= min_delta = 0.0. New best score: 0.643
  [Epoch 37] Batch 50/93 (54%)
[Epoch 37/700] train_loss=0.6534 val_loss=0.6521 lr=9.93e-05 (9s)
  [Epoch 38] Batch 50/93 (54%)
[Epoch 38/700] train_loss=0.6454 val_loss=0.6468 lr=9.93e-05 (9s)
  [Epoch 39] Batch 50/93 (54%)
[Epoch 39/700] train_loss=0.6515 val_loss=0.6451 lr=9.92e-05 (9s)
  [Epoch 40] Batch 50/93 (54%)
[Epoch 40/700] train_loss=0.6487 val_loss=0.6477 lr=9.92e-05 (10s)
  [Epoch 41] Batch 50/93 (54%)
[Epoch 41/700] train_loss=0.6441 val_loss=0.6546 lr=9.92e-05 (7s)
  [Epoch 42] Batch 50/93 (54%)
[Epoch 42/700] train_loss=0.6466 val_loss=0.6480 lr=9.91e-05 (10s)
  [Epoch 43] Batch 50/93 (54%)
[Epoch 43/700] train_loss=0.6455 val_loss=0.6483 lr=9.91e-05 (7s)
  [Epoch 44] Batch 50/93 (54%)
[Epoch 44/700] train_loss=0.6443 val_loss=0.6356 lr=9.90e-05 (10s)
Metric val/loss improved by 0.007 >= min_delta = 0.0. New best score: 0.636
  [Epoch 45] Batch 50/93 (54%)
[Epoch 45/700] train_loss=0.6454 val_loss=0.6409 lr=9.90e-05 (9s)
  [Epoch 46] Batch 50/93 (54%)
[Epoch 46/700] train_loss=0.6426 val_loss=0.6400 lr=9.89e-05 (9s)
  [Epoch 47] Batch 50/93 (54%)
[Epoch 47/700] train_loss=0.6435 val_loss=0.6563 lr=9.89e-05 (10s)
  [Epoch 48] Batch 50/93 (54%)
[Epoch 48/700] train_loss=0.6437 val_loss=0.6450 lr=9.88e-05 (8s)
  [Epoch 49] Batch 50/93 (54%)
[Epoch 49/700] train_loss=0.6429 val_loss=0.6301 lr=9.88e-05 (9s)
Metric val/loss improved by 0.006 >= min_delta = 0.0. New best score: 0.630
  [Epoch 50] Batch 50/93 (54%)
[Epoch 50/700] train_loss=0.6408 val_loss=0.6486 lr=9.87e-05 (10s)
  [Epoch 51] Batch 50/93 (54%)
[Epoch 51/700] train_loss=0.6388 val_loss=0.6441 lr=9.87e-05 (9s)
  [Epoch 52] Batch 50/93 (54%)
[Epoch 52/700] train_loss=0.6407 val_loss=0.6270 lr=9.86e-05 (9s)
Metric val/loss improved by 0.003 >= min_delta = 0.0. New best score: 0.627
  [Epoch 53] Batch 50/93 (54%)
[Epoch 53/700] train_loss=0.6392 val_loss=0.6416 lr=9.86e-05 (8s)
  [Epoch 54] Batch 50/93 (54%)
[Epoch 54/700] train_loss=0.6392 val_loss=0.6354 lr=9.85e-05 (11s)
  [Epoch 55] Batch 50/93 (54%)
[Epoch 55/700] train_loss=0.6402 val_loss=0.6365 lr=9.85e-05 (9s)
  [Epoch 56] Batch 50/93 (54%)
[Epoch 56/700] train_loss=0.6397 val_loss=0.6274 lr=9.84e-05 (9s)
  [Epoch 57] Batch 50/93 (54%)
[Epoch 57/700] train_loss=0.6342 val_loss=0.6356 lr=9.84e-05 (7s)
  [Epoch 58] Batch 50/93 (54%)
[Epoch 58/700] train_loss=0.6364 val_loss=0.6372 lr=9.83e-05 (9s)
  [Epoch 59] Batch 50/93 (54%)
[Epoch 59/700] train_loss=0.6312 val_loss=0.6374 lr=9.83e-05 (6s)
  [Epoch 60] Batch 50/93 (54%)
[Epoch 60/700] train_loss=0.6314 val_loss=0.6411 lr=9.82e-05 (9s)
  [Epoch 61] Batch 50/93 (54%)
[Epoch 61/700] train_loss=0.6350 val_loss=0.6168 lr=9.81e-05 (10s)
Metric val/loss improved by 0.010 >= min_delta = 0.0. New best score: 0.617
  [Epoch 62] Batch 50/93 (54%)
[Epoch 62/700] train_loss=0.6296 val_loss=0.6422 lr=9.81e-05 (10s)
  [Epoch 63] Batch 50/93 (54%)
[Epoch 63/700] train_loss=0.6316 val_loss=0.6240 lr=9.80e-05 (9s)
  [Epoch 64] Batch 50/93 (54%)
[Epoch 64/700] train_loss=0.6325 val_loss=0.6402 lr=9.80e-05 (10s)
  [Epoch 65] Batch 50/93 (54%)
[Epoch 65/700] train_loss=0.6295 val_loss=0.6132 lr=9.79e-05 (9s)
Metric val/loss improved by 0.004 >= min_delta = 0.0. New best score: 0.613
  [Epoch 66] Batch 50/93 (54%)
[Epoch 66/700] train_loss=0.6285 val_loss=0.6308 lr=9.78e-05 (9s)
  [Epoch 67] Batch 50/93 (54%)
[Epoch 67/700] train_loss=0.6305 val_loss=0.6211 lr=9.78e-05 (8s)
  [Epoch 68] Batch 50/93 (54%)
[Epoch 68/700] train_loss=0.6268 val_loss=0.6199 lr=9.77e-05 (8s)
  [Epoch 69] Batch 50/93 (54%)
[Epoch 69/700] train_loss=0.6304 val_loss=0.6183 lr=9.76e-05 (9s)
  [Epoch 70] Batch 50/93 (54%)
[Epoch 70/700] train_loss=0.6238 val_loss=0.6159 lr=9.76e-05 (10s)
  [Epoch 71] Batch 50/93 (54%)
[Epoch 71/700] train_loss=0.6252 val_loss=0.6123 lr=9.75e-05 (11s)
Metric val/loss improved by 0.001 >= min_delta = 0.0. New best score: 0.612
  [Epoch 72] Batch 50/93 (54%)
[Epoch 72/700] train_loss=0.6230 val_loss=0.6265 lr=9.74e-05 (10s)
  [Epoch 73] Batch 50/93 (54%)
[Epoch 73/700] train_loss=0.6230 val_loss=0.6337 lr=9.73e-05 (11s)
  [Epoch 74] Batch 50/93 (54%)
[Epoch 74/700] train_loss=0.6253 val_loss=0.6295 lr=9.73e-05 (6s)
  [Epoch 75] Batch 50/93 (54%)
[Epoch 75/700] train_loss=0.6270 val_loss=0.6174 lr=9.72e-05 (9s)
  [Epoch 76] Batch 50/93 (54%)
[Epoch 76/700] train_loss=0.6261 val_loss=0.6197 lr=9.71e-05 (10s)
  [Epoch 77] Batch 50/93 (54%)
[Epoch 77/700] train_loss=0.6176 val_loss=0.6124 lr=9.70e-05 (9s)
  [Epoch 78] Batch 50/93 (54%)
[Epoch 78/700] train_loss=0.6214 val_loss=0.6229 lr=9.70e-05 (9s)
  [Epoch 79] Batch 50/93 (54%)
[Epoch 79/700] train_loss=0.6280 val_loss=0.6187 lr=9.69e-05 (10s)
  [Epoch 80] Batch 50/93 (54%)
[Epoch 80/700] train_loss=0.6173 val_loss=0.6228 lr=9.68e-05 (9s)
  [Epoch 81] Batch 50/93 (54%)
[Epoch 81/700] train_loss=0.6194 val_loss=0.6137 lr=9.67e-05 (9s)
  [Epoch 82] Batch 50/93 (54%)
[Epoch 82/700] train_loss=0.6139 val_loss=0.6194 lr=9.67e-05 (9s)
  [Epoch 83] Batch 50/93 (54%)
[Epoch 83/700] train_loss=0.6190 val_loss=0.6222 lr=9.66e-05 (10s)
  [Epoch 84] Batch 50/93 (54%)
[Epoch 84/700] train_loss=0.6199 val_loss=0.6172 lr=9.65e-05 (9s)
  [Epoch 85] Batch 50/93 (54%)
[Epoch 85/700] train_loss=0.6207 val_loss=0.6280 lr=9.64e-05 (10s)
  [Epoch 86] Batch 50/93 (54%)
[Epoch 86/700] train_loss=0.6160 val_loss=0.6138 lr=9.63e-05 (9s)
  [Epoch 87] Batch 50/93 (54%)
[Epoch 87/700] train_loss=0.6148 val_loss=0.6179 lr=9.62e-05 (9s)
  [Epoch 88] Batch 50/93 (54%)
[Epoch 88/700] train_loss=0.6211 val_loss=0.6154 lr=9.62e-05 (9s)
  [Epoch 89] Batch 50/93 (54%)
[Epoch 89/700] train_loss=0.6200 val_loss=0.6077 lr=9.61e-05 (10s)
Metric val/loss improved by 0.005 >= min_delta = 0.0. New best score: 0.608
  [Epoch 90] Batch 50/93 (54%)
[Epoch 90/700] train_loss=0.6207 val_loss=0.6113 lr=9.60e-05 (9s)
  [Epoch 91] Batch 50/93 (54%)
[Epoch 91/700] train_loss=0.6168 val_loss=0.6255 lr=9.59e-05 (9s)
  [Epoch 92] Batch 50/93 (54%)
[Epoch 92/700] train_loss=0.6175 val_loss=0.6134 lr=9.58e-05 (10s)
  [Epoch 93] Batch 50/93 (54%)
[Epoch 93/700] train_loss=0.6152 val_loss=0.6069 lr=9.57e-05 (9s)
Metric val/loss improved by 0.001 >= min_delta = 0.0. New best score: 0.607
  [Epoch 94] Batch 50/93 (54%)
[Epoch 94/700] train_loss=0.6182 val_loss=0.6139 lr=9.56e-05 (9s)
  [Epoch 95] Batch 50/93 (54%)
[Epoch 95/700] train_loss=0.6123 val_loss=0.6242 lr=9.55e-05 (8s)
  [Epoch 96] Batch 50/93 (54%)
[Epoch 96/700] train_loss=0.6098 val_loss=0.6160 lr=9.54e-05 (9s)
  [Epoch 97] Batch 50/93 (54%)
[Epoch 97/700] train_loss=0.6105 val_loss=0.6149 lr=9.53e-05 (9s)
  [Epoch 98] Batch 50/93 (54%)
[Epoch 98/700] train_loss=0.6159 val_loss=0.6035 lr=9.52e-05 (11s)
Metric val/loss improved by 0.003 >= min_delta = 0.0. New best score: 0.603
  [Epoch 99] Batch 50/93 (54%)
[Epoch 99/700] train_loss=0.6140 val_loss=0.6156 lr=9.51e-05 (10s)
  [Epoch 100] Batch 50/93 (54%)
[Epoch 100/700] train_loss=0.6048 val_loss=0.6075 lr=9.50e-05 (9s)
  [Epoch 101] Batch 50/93 (54%)
[Epoch 101/700] train_loss=0.6082 val_loss=0.6029 lr=9.50e-05 (9s)
Metric val/loss improved by 0.001 >= min_delta = 0.0. New best score: 0.603
  [Epoch 102] Batch 50/93 (54%)
[Epoch 102/700] train_loss=0.6108 val_loss=0.5963 lr=9.49e-05 (10s)
Metric val/loss improved by 0.007 >= min_delta = 0.0. New best score: 0.596
  [Epoch 103] Batch 50/93 (54%)
[Epoch 103/700] train_loss=0.6116 val_loss=0.6146 lr=9.48e-05 (10s)
  [Epoch 104] Batch 50/93 (54%)
[Epoch 104/700] train_loss=0.6081 val_loss=0.5989 lr=9.47e-05 (9s)
  [Epoch 105] Batch 50/93 (54%)
[Epoch 105/700] train_loss=0.6085 val_loss=0.6191 lr=9.46e-05 (10s)
  [Epoch 106] Batch 50/93 (54%)
[Epoch 106/700] train_loss=0.6093 val_loss=0.6087 lr=9.44e-05 (9s)
  [Epoch 107] Batch 50/93 (54%)
[Epoch 107/700] train_loss=0.6076 val_loss=0.5938 lr=9.43e-05 (9s)
Metric val/loss improved by 0.002 >= min_delta = 0.0. New best score: 0.594
  [Epoch 108] Batch 50/93 (54%)
[Epoch 108/700] train_loss=0.6056 val_loss=0.6045 lr=9.42e-05 (9s)
  [Epoch 109] Batch 50/93 (54%)
[Epoch 109/700] train_loss=0.6068 val_loss=0.5958 lr=9.41e-05 (10s)
  [Epoch 110] Batch 50/93 (54%)
[Epoch 110/700] train_loss=0.6018 val_loss=0.5982 lr=9.40e-05 (10s)
  [Epoch 111] Batch 50/93 (54%)
[Epoch 111/700] train_loss=0.6068 val_loss=0.5984 lr=9.39e-05 (10s)
  [Epoch 112] Batch 50/93 (54%)
[Epoch 112/700] train_loss=0.6089 val_loss=0.6111 lr=9.38e-05 (10s)
  [Epoch 113] Batch 50/93 (54%)
[Epoch 113/700] train_loss=0.6069 val_loss=0.6036 lr=9.37e-05 (9s)
  [Epoch 114] Batch 50/93 (54%)
[Epoch 114/700] train_loss=0.6083 val_loss=0.6069 lr=9.36e-05 (10s)
  [Epoch 115] Batch 50/93 (54%)
[Epoch 115/700] train_loss=0.5996 val_loss=0.6105 lr=9.35e-05 (11s)
  [Epoch 116] Batch 50/93 (54%)
[Epoch 116/700] train_loss=0.6068 val_loss=0.6014 lr=9.34e-05 (10s)
  [Epoch 117] Batch 50/93 (54%)
[Epoch 117/700] train_loss=0.6081 val_loss=0.6106 lr=9.33e-05 (9s)
  [Epoch 118] Batch 50/93 (54%)
[Epoch 118/700] train_loss=0.6004 val_loss=0.6005 lr=9.32e-05 (10s)
  [Epoch 119] Batch 50/93 (54%)
[Epoch 119/700] train_loss=0.5999 val_loss=0.6031 lr=9.30e-05 (10s)
  [Epoch 120] Batch 50/93 (54%)
[Epoch 120/700] train_loss=0.6022 val_loss=0.6052 lr=9.29e-05 (9s)
  [Epoch 121] Batch 50/93 (54%)
[Epoch 121/700] train_loss=0.6023 val_loss=0.5965 lr=9.28e-05 (9s)
  [Epoch 122] Batch 50/93 (54%)
[Epoch 122/700] train_loss=0.6003 val_loss=0.6039 lr=9.27e-05 (8s)
  [Epoch 123] Batch 50/93 (54%)
[Epoch 123/700] train_loss=0.6012 val_loss=0.6032 lr=9.26e-05 (10s)
  [Epoch 124] Batch 50/93 (54%)
[Epoch 124/700] train_loss=0.5995 val_loss=0.5988 lr=9.25e-05 (9s)
  [Epoch 125] Batch 50/93 (54%)
[Epoch 125/700] train_loss=0.6007 val_loss=0.5976 lr=9.23e-05 (8s)
  [Epoch 126] Batch 50/93 (54%)
[Epoch 126/700] train_loss=0.5970 val_loss=0.5992 lr=9.22e-05 (9s)
  [Epoch 127] Batch 50/93 (54%)
[Epoch 127/700] train_loss=0.5998 val_loss=0.6025 lr=9.21e-05 (9s)
  [Epoch 128] Batch 50/93 (54%)
[Epoch 128/700] train_loss=0.6031 val_loss=0.6029 lr=9.20e-05 (9s)
  [Epoch 129] Batch 50/93 (54%)
[Epoch 129/700] train_loss=0.6003 val_loss=0.6020 lr=9.19e-05 (9s)
  [Epoch 130] Batch 50/93 (54%)
[Epoch 130/700] train_loss=0.6008 val_loss=0.5959 lr=9.17e-05 (9s)
  [Epoch 131] Batch 50/93 (54%)
[Epoch 131/700] train_loss=0.5975 val_loss=0.5976 lr=9.16e-05 (9s)
  [Epoch 132] Batch 50/93 (54%)
[Epoch 132/700] train_loss=0.5993 val_loss=0.6043 lr=9.15e-05 (8s)
  [Epoch 133] Batch 50/93 (54%)
[Epoch 133/700] train_loss=0.6018 val_loss=0.5946 lr=9.14e-05 (8s)
  [Epoch 134] Batch 50/93 (54%)
[Epoch 134/700] train_loss=0.6036 val_loss=0.5947 lr=9.12e-05 (10s)
  [Epoch 135] Batch 50/93 (54%)
[Epoch 135/700] train_loss=0.5980 val_loss=0.5970 lr=9.11e-05 (10s)
  [Epoch 136] Batch 50/93 (54%)
[Epoch 136/700] train_loss=0.5947 val_loss=0.5953 lr=9.10e-05 (10s)
  [Epoch 137] Batch 50/93 (54%)
[Epoch 137/700] train_loss=0.5992 val_loss=0.5950 lr=9.08e-05 (10s)
  [Epoch 138] Batch 50/93 (54%)
[Epoch 138/700] train_loss=0.5941 val_loss=0.5985 lr=9.07e-05 (9s)
  [Epoch 139] Batch 50/93 (54%)
[Epoch 139/700] train_loss=0.6044 val_loss=0.5928 lr=9.06e-05 (9s)
Metric val/loss improved by 0.001 >= min_delta = 0.0. New best score: 0.593
  [Epoch 140] Batch 50/93 (54%)
[Epoch 140/700] train_loss=0.5951 val_loss=0.6005 lr=9.05e-05 (8s)
  [Epoch 141] Batch 50/93 (54%)
[Epoch 141/700] train_loss=0.5984 val_loss=0.5990 lr=9.03e-05 (9s)
  [Epoch 142] Batch 50/93 (54%)
[Epoch 142/700] train_loss=0.5941 val_loss=0.5957 lr=9.02e-05 (10s)
  [Epoch 143] Batch 50/93 (54%)
[Epoch 143/700] train_loss=0.5922 val_loss=0.5946 lr=9.01e-05 (9s)
  [Epoch 144] Batch 50/93 (54%)
[Epoch 144/700] train_loss=0.5949 val_loss=0.5936 lr=8.99e-05 (9s)
  [Epoch 145] Batch 50/93 (54%)
[Epoch 145/700] train_loss=0.5951 val_loss=0.6027 lr=8.98e-05 (9s)
  [Epoch 146] Batch 50/93 (54%)
[Epoch 146/700] train_loss=0.5976 val_loss=0.5998 lr=8.96e-05 (9s)
  [Epoch 147] Batch 50/93 (54%)
[Epoch 147/700] train_loss=0.5928 val_loss=0.5890 lr=8.95e-05 (9s)
Metric val/loss improved by 0.004 >= min_delta = 0.0. New best score: 0.589
  [Epoch 148] Batch 50/93 (54%)
[Epoch 148/700] train_loss=0.5939 val_loss=0.5988 lr=8.94e-05 (9s)
  [Epoch 149] Batch 50/93 (54%)
[Epoch 149/700] train_loss=0.5984 val_loss=0.5951 lr=8.92e-05 (10s)
  [Epoch 150] Batch 50/93 (54%)
[Epoch 150/700] train_loss=0.5988 val_loss=0.6031 lr=8.91e-05 (10s)
  [Epoch 151] Batch 50/93 (54%)
[Epoch 151/700] train_loss=0.5894 val_loss=0.5956 lr=8.90e-05 (10s)
  [Epoch 152] Batch 50/93 (54%)
[Epoch 152/700] train_loss=0.5958 val_loss=0.5871 lr=8.88e-05 (9s)
Metric val/loss improved by 0.002 >= min_delta = 0.0. New best score: 0.587
  [Epoch 153] Batch 50/93 (54%)
[Epoch 153/700] train_loss=0.5931 val_loss=0.6000 lr=8.87e-05 (9s)
  [Epoch 154] Batch 50/93 (54%)
[Epoch 154/700] train_loss=0.5878 val_loss=0.5946 lr=8.85e-05 (9s)
  [Epoch 155] Batch 50/93 (54%)
[Epoch 155/700] train_loss=0.5903 val_loss=0.5919 lr=8.84e-05 (9s)
  [Epoch 156] Batch 50/93 (54%)
[Epoch 156/700] train_loss=0.5927 val_loss=0.5963 lr=8.82e-05 (8s)
  [Epoch 157] Batch 50/93 (54%)
[Epoch 157/700] train_loss=0.5902 val_loss=0.5849 lr=8.81e-05 (11s)
Metric val/loss improved by 0.002 >= min_delta = 0.0. New best score: 0.585
  [Epoch 158] Batch 50/93 (54%)
[Epoch 158/700] train_loss=0.5914 val_loss=0.5903 lr=8.79e-05 (8s)
  [Epoch 159] Batch 50/93 (54%)
[Epoch 159/700] train_loss=0.5915 val_loss=0.6115 lr=8.78e-05 (10s)
  [Epoch 160] Batch 50/93 (54%)
[Epoch 160/700] train_loss=0.5902 val_loss=0.5989 lr=8.77e-05 (9s)
  [Epoch 161] Batch 50/93 (54%)
[Epoch 161/700] train_loss=0.5885 val_loss=0.5924 lr=8.75e-05 (10s)
  [Epoch 162] Batch 50/93 (54%)
[Epoch 162/700] train_loss=0.5972 val_loss=0.5999 lr=8.74e-05 (8s)
  [Epoch 163] Batch 50/93 (54%)
[Epoch 163/700] train_loss=0.5908 val_loss=0.5995 lr=8.72e-05 (11s)
  [Epoch 164] Batch 50/93 (54%)
[Epoch 164/700] train_loss=0.5916 val_loss=0.5887 lr=8.71e-05 (8s)
  [Epoch 165] Batch 50/93 (54%)
[Epoch 165/700] train_loss=0.5887 val_loss=0.5838 lr=8.69e-05 (9s)
Metric val/loss improved by 0.001 >= min_delta = 0.0. New best score: 0.584
  [Epoch 166] Batch 50/93 (54%)
[Epoch 166/700] train_loss=0.5868 val_loss=0.5793 lr=8.68e-05 (9s)
Metric val/loss improved by 0.005 >= min_delta = 0.0. New best score: 0.579
  [Epoch 167] Batch 50/93 (54%)
[Epoch 167/700] train_loss=0.5822 val_loss=0.5987 lr=8.66e-05 (9s)
  [Epoch 168] Batch 50/93 (54%)
[Epoch 168/700] train_loss=0.5900 val_loss=0.5839 lr=8.64e-05 (10s)
  [Epoch 169] Batch 50/93 (54%)
[Epoch 169/700] train_loss=0.5872 val_loss=0.5896 lr=8.63e-05 (10s)
  [Epoch 170] Batch 50/93 (54%)
[Epoch 170/700] train_loss=0.5837 val_loss=0.5975 lr=8.61e-05 (9s)
  [Epoch 171] Batch 50/93 (54%)
[Epoch 171/700] train_loss=0.5913 val_loss=0.5864 lr=8.60e-05 (9s)
  [Epoch 172] Batch 50/93 (54%)
[Epoch 172/700] train_loss=0.5848 val_loss=0.5994 lr=8.58e-05 (10s)
  [Epoch 173] Batch 50/93 (54%)
[Epoch 173/700] train_loss=0.5842 val_loss=0.5930 lr=8.57e-05 (9s)
  [Epoch 174] Batch 50/93 (54%)
[Epoch 174/700] train_loss=0.5833 val_loss=0.6027 lr=8.55e-05 (8s)
  [Epoch 175] Batch 50/93 (54%)
[Epoch 175/700] train_loss=0.5856 val_loss=0.5911 lr=8.54e-05 (10s)
  [Epoch 176] Batch 50/93 (54%)
[Epoch 176/700] train_loss=0.5851 val_loss=0.5835 lr=8.52e-05 (10s)
  [Epoch 177] Batch 50/93 (54%)
[Epoch 177/700] train_loss=0.5818 val_loss=0.5959 lr=8.50e-05 (8s)
  [Epoch 178] Batch 50/93 (54%)
[Epoch 178/700] train_loss=0.5845 val_loss=0.6012 lr=8.49e-05 (10s)
  [Epoch 179] Batch 50/93 (54%)
[Epoch 179/700] train_loss=0.5875 val_loss=0.5868 lr=8.47e-05 (10s)
  [Epoch 180] Batch 50/93 (54%)
[Epoch 180/700] train_loss=0.5883 val_loss=0.5878 lr=8.46e-05 (9s)
  [Epoch 181] Batch 50/93 (54%)
[Epoch 181/700] train_loss=0.5847 val_loss=0.5830 lr=8.44e-05 (10s)
  [Epoch 182] Batch 50/93 (54%)
[Epoch 182/700] train_loss=0.5886 val_loss=0.5976 lr=8.42e-05 (9s)
  [Epoch 183] Batch 50/93 (54%)
[Epoch 183/700] train_loss=0.5849 val_loss=0.5897 lr=8.41e-05 (10s)
  [Epoch 184] Batch 50/93 (54%)
[Epoch 184/700] train_loss=0.5841 val_loss=0.5851 lr=8.39e-05 (9s)
  [Epoch 185] Batch 50/93 (54%)
[Epoch 185/700] train_loss=0.5856 val_loss=0.5890 lr=8.37e-05 (10s)
  [Epoch 186] Batch 50/93 (54%)
[Epoch 186/700] train_loss=0.5805 val_loss=0.5862 lr=8.36e-05 (9s)
  [Epoch 187] Batch 50/93 (54%)
[Epoch 187/700] train_loss=0.5852 val_loss=0.5927 lr=8.34e-05 (9s)
  [Epoch 188] Batch 50/93 (54%)
[Epoch 188/700] train_loss=0.5814 val_loss=0.5848 lr=8.32e-05 (10s)
  [Epoch 189] Batch 50/93 (54%)
[Epoch 189/700] train_loss=0.5839 val_loss=0.5831 lr=8.31e-05 (9s)
  [Epoch 190] Batch 50/93 (54%)
[Epoch 190/700] train_loss=0.5840 val_loss=0.5926 lr=8.29e-05 (9s)
  [Epoch 191] Batch 50/93 (54%)
[Epoch 191/700] train_loss=0.5812 val_loss=0.5961 lr=8.27e-05 (10s)
  [Epoch 192] Batch 50/93 (54%)
[Epoch 192/700] train_loss=0.5829 val_loss=0.5840 lr=8.26e-05 (9s)
  [Epoch 193] Batch 50/93 (54%)
[Epoch 193/700] train_loss=0.5822 val_loss=0.5893 lr=8.24e-05 (10s)
  [Epoch 194] Batch 50/93 (54%)
[Epoch 194/700] train_loss=0.5837 val_loss=0.5905 lr=8.22e-05 (10s)
  [Epoch 195] Batch 50/93 (54%)
[Epoch 195/700] train_loss=0.5852 val_loss=0.5926 lr=8.20e-05 (10s)
  [Epoch 196] Batch 50/93 (54%)
[Epoch 196/700] train_loss=0.5878 val_loss=0.5876 lr=8.19e-05 (9s)
  [Epoch 197] Batch 50/93 (54%)
[Epoch 197/700] train_loss=0.5835 val_loss=0.5841 lr=8.17e-05 (9s)
  [Epoch 198] Batch 50/93 (54%)
[Epoch 198/700] train_loss=0.5834 val_loss=0.5955 lr=8.15e-05 (10s)
  [Epoch 199] Batch 50/93 (54%)
[Epoch 199/700] train_loss=0.5828 val_loss=0.5868 lr=8.13e-05 (10s)
  [Epoch 200] Batch 50/93 (54%)
[Epoch 200/700] train_loss=0.5772 val_loss=0.5870 lr=8.12e-05 (10s)
  [Epoch 201] Batch 50/93 (54%)
[Epoch 201/700] train_loss=0.5794 val_loss=0.5884 lr=8.10e-05 (10s)
  [Epoch 202] Batch 50/93 (54%)
[Epoch 202/700] train_loss=0.5762 val_loss=0.6042 lr=8.08e-05 (10s)
  [Epoch 203] Batch 50/93 (54%)
[Epoch 203/700] train_loss=0.5765 val_loss=0.5830 lr=8.06e-05 (10s)
  [Epoch 204] Batch 50/93 (54%)
[Epoch 204/700] train_loss=0.5753 val_loss=0.6034 lr=8.05e-05 (9s)
  [Epoch 205] Batch 50/93 (54%)
[Epoch 205/700] train_loss=0.5864 val_loss=0.5780 lr=8.03e-05 (10s)
Metric val/loss improved by 0.001 >= min_delta = 0.0. New best score: 0.578
  [Epoch 206] Batch 50/93 (54%)
[Epoch 206/700] train_loss=0.5811 val_loss=0.5944 lr=8.01e-05 (9s)
  [Epoch 207] Batch 50/93 (54%)
[Epoch 207/700] train_loss=0.5784 val_loss=0.5940 lr=7.99e-05 (9s)
  [Epoch 208] Batch 50/93 (54%)
[Epoch 208/700] train_loss=0.5814 val_loss=0.5993 lr=7.98e-05 (9s)
  [Epoch 209] Batch 50/93 (54%)
[Epoch 209/700] train_loss=0.5762 val_loss=0.5827 lr=7.96e-05 (9s)
  [Epoch 210] Batch 50/93 (54%)
[Epoch 210/700] train_loss=0.5840 val_loss=0.5836 lr=7.94e-05 (10s)
  [Epoch 211] Batch 50/93 (54%)
[Epoch 211/700] train_loss=0.5809 val_loss=0.5941 lr=7.92e-05 (9s)
  [Epoch 212] Batch 50/93 (54%)
[Epoch 212/700] train_loss=0.5795 val_loss=0.5757 lr=7.90e-05 (9s)
Metric val/loss improved by 0.002 >= min_delta = 0.0. New best score: 0.576
  [Epoch 213] Batch 50/93 (54%)
[Epoch 213/700] train_loss=0.5797 val_loss=0.5907 lr=7.88e-05 (10s)
  [Epoch 214] Batch 50/93 (54%)
[Epoch 214/700] train_loss=0.5776 val_loss=0.5948 lr=7.87e-05 (11s)
  [Epoch 215] Batch 50/93 (54%)
[Epoch 215/700] train_loss=0.5772 val_loss=0.5817 lr=7.85e-05 (9s)
  [Epoch 216] Batch 50/93 (54%)
[Epoch 216/700] train_loss=0.5787 val_loss=0.5860 lr=7.83e-05 (8s)
  [Epoch 217] Batch 50/93 (54%)
[Epoch 217/700] train_loss=0.5775 val_loss=0.5868 lr=7.81e-05 (8s)
  [Epoch 218] Batch 50/93 (54%)
[Epoch 218/700] train_loss=0.5741 val_loss=0.5763 lr=7.79e-05 (10s)
  [Epoch 219] Batch 50/93 (54%)
[Epoch 219/700] train_loss=0.5860 val_loss=0.5811 lr=7.77e-05 (9s)
  [Epoch 220] Batch 50/93 (54%)
[Epoch 220/700] train_loss=0.5791 val_loss=0.5808 lr=7.75e-05 (10s)
  [Epoch 221] Batch 50/93 (54%)
[Epoch 221/700] train_loss=0.5786 val_loss=0.5805 lr=7.74e-05 (10s)
  [Epoch 222] Batch 50/93 (54%)
[Epoch 222/700] train_loss=0.5768 val_loss=0.5845 lr=7.72e-05 (9s)
  [Epoch 223] Batch 50/93 (54%)
[Epoch 223/700] train_loss=0.5729 val_loss=0.5876 lr=7.70e-05 (9s)
  [Epoch 224] Batch 50/93 (54%)
[Epoch 224/700] train_loss=0.5785 val_loss=0.5786 lr=7.68e-05 (9s)
  [Epoch 225] Batch 50/93 (54%)
[Epoch 225/700] train_loss=0.5756 val_loss=0.5847 lr=7.66e-05 (9s)
  [Epoch 226] Batch 50/93 (54%)
[Epoch 226/700] train_loss=0.5754 val_loss=0.5843 lr=7.64e-05 (6s)
  [Epoch 227] Batch 50/93 (54%)
[Epoch 227/700] train_loss=0.5735 val_loss=0.5850 lr=7.62e-05 (10s)
  [Epoch 228] Batch 50/93 (54%)
[Epoch 228/700] train_loss=0.5687 val_loss=0.5907 lr=7.60e-05 (10s)
  [Epoch 229] Batch 50/93 (54%)
[Epoch 229/700] train_loss=0.5828 val_loss=0.5868 lr=7.58e-05 (9s)
  [Epoch 230] Batch 50/93 (54%)
[Epoch 230/700] train_loss=0.5744 val_loss=0.5848 lr=7.56e-05 (8s)
  [Epoch 231] Batch 50/93 (54%)
[Epoch 231/700] train_loss=0.5729 val_loss=0.5872 lr=7.55e-05 (9s)
  [Epoch 232] Batch 50/93 (54%)
[Epoch 232/700] train_loss=0.5764 val_loss=0.5913 lr=7.53e-05 (10s)
  [Epoch 233] Batch 50/93 (54%)
[Epoch 233/700] train_loss=0.5744 val_loss=0.5878 lr=7.51e-05 (11s)
  [Epoch 234] Batch 50/93 (54%)
[Epoch 234/700] train_loss=0.5802 val_loss=0.5901 lr=7.49e-05 (9s)
  [Epoch 235] Batch 50/93 (54%)
[Epoch 235/700] train_loss=0.5734 val_loss=0.5817 lr=7.47e-05 (10s)
  [Epoch 236] Batch 50/93 (54%)
[Epoch 236/700] train_loss=0.5769 val_loss=0.5824 lr=7.45e-05 (9s)
  [Epoch 237] Batch 50/93 (54%)
[Epoch 237/700] train_loss=0.5741 val_loss=0.5713 lr=7.43e-05 (10s)
Metric val/loss improved by 0.004 >= min_delta = 0.0. New best score: 0.571
  [Epoch 238] Batch 50/93 (54%)
[Epoch 238/700] train_loss=0.5680 val_loss=0.5878 lr=7.41e-05 (11s)
  [Epoch 239] Batch 50/93 (54%)
[Epoch 239/700] train_loss=0.5785 val_loss=0.5899 lr=7.39e-05 (9s)
  [Epoch 240] Batch 50/93 (54%)
[Epoch 240/700] train_loss=0.5759 val_loss=0.5865 lr=7.37e-05 (9s)
  [Epoch 241] Batch 50/93 (54%)
[Epoch 241/700] train_loss=0.5733 val_loss=0.5724 lr=7.35e-05 (9s)
  [Epoch 242] Batch 50/93 (54%)
[Epoch 242/700] train_loss=0.5733 val_loss=0.5802 lr=7.33e-05 (10s)
  [Epoch 243] Batch 50/93 (54%)
[Epoch 243/700] train_loss=0.5729 val_loss=0.5831 lr=7.31e-05 (9s)
  [Epoch 244] Batch 50/93 (54%)
[Epoch 244/700] train_loss=0.5724 val_loss=0.5989 lr=7.29e-05 (10s)
  [Epoch 245] Batch 50/93 (54%)
[Epoch 245/700] train_loss=0.5763 val_loss=0.5782 lr=7.27e-05 (7s)
  [Epoch 246] Batch 50/93 (54%)
[Epoch 246/700] train_loss=0.5746 val_loss=0.5849 lr=7.25e-05 (9s)
  [Epoch 247] Batch 50/93 (54%)
[Epoch 247/700] train_loss=0.5702 val_loss=0.5788 lr=7.23e-05 (9s)
  [Epoch 248] Batch 50/93 (54%)
[Epoch 248/700] train_loss=0.5736 val_loss=0.5858 lr=7.21e-05 (9s)
  [Epoch 249] Batch 50/93 (54%)
[Epoch 249/700] train_loss=0.5744 val_loss=0.5884 lr=7.19e-05 (9s)
  [Epoch 250] Batch 50/93 (54%)
[Epoch 250/700] train_loss=0.5700 val_loss=0.5778 lr=7.17e-05 (10s)
  [Epoch 251] Batch 50/93 (54%)
[Epoch 251/700] train_loss=0.5719 val_loss=0.5867 lr=7.15e-05 (10s)
  [Epoch 252] Batch 50/93 (54%)
[Epoch 252/700] train_loss=0.5715 val_loss=0.5850 lr=7.13e-05 (9s)
  [Epoch 253] Batch 50/93 (54%)
[Epoch 253/700] train_loss=0.5692 val_loss=0.5745 lr=7.11e-05 (9s)
  [Epoch 254] Batch 50/93 (54%)
[Epoch 254/700] train_loss=0.5677 val_loss=0.5800 lr=7.09e-05 (10s)
  [Epoch 255] Batch 50/93 (54%)
[Epoch 255/700] train_loss=0.5715 val_loss=0.5782 lr=7.07e-05 (8s)
  [Epoch 256] Batch 50/93 (54%)
[Epoch 256/700] train_loss=0.5727 val_loss=0.5857 lr=7.05e-05 (10s)
  [Epoch 257] Batch 50/93 (54%)
[Epoch 257/700] train_loss=0.5697 val_loss=0.5753 lr=7.03e-05 (8s)
  [Epoch 258] Batch 50/93 (54%)
[Epoch 258/700] train_loss=0.5731 val_loss=0.5754 lr=7.01e-05 (9s)
  [Epoch 259] Batch 50/93 (54%)
[Epoch 259/700] train_loss=0.5676 val_loss=0.5914 lr=6.99e-05 (9s)
  [Epoch 260] Batch 50/93 (54%)
[Epoch 260/700] train_loss=0.5717 val_loss=0.5750 lr=6.97e-05 (8s)
  [Epoch 261] Batch 50/93 (54%)
[Epoch 261/700] train_loss=0.5677 val_loss=0.5942 lr=6.94e-05 (8s)
  [Epoch 262] Batch 50/93 (54%)
[Epoch 262/700] train_loss=0.5673 val_loss=0.5748 lr=6.92e-05 (10s)
  [Epoch 263] Batch 50/93 (54%)
[Epoch 263/700] train_loss=0.5639 val_loss=0.5825 lr=6.90e-05 (8s)
  [Epoch 264] Batch 50/93 (54%)
[Epoch 264/700] train_loss=0.5668 val_loss=0.5822 lr=6.88e-05 (10s)
  [Epoch 265] Batch 50/93 (54%)
[Epoch 265/700] train_loss=0.5701 val_loss=0.5834 lr=6.86e-05 (9s)
  [Epoch 266] Batch 50/93 (54%)
[Epoch 266/700] train_loss=0.5656 val_loss=0.5790 lr=6.84e-05 (9s)
  [Epoch 267] Batch 50/93 (54%)
[Epoch 267/700] train_loss=0.5701 val_loss=0.5892 lr=6.82e-05 (8s)
  [Epoch 268] Batch 50/93 (54%)
[Epoch 268/700] train_loss=0.5671 val_loss=0.5800 lr=6.80e-05 (10s)
  [Epoch 269] Batch 50/93 (54%)
[Epoch 269/700] train_loss=0.5726 val_loss=0.5760 lr=6.78e-05 (7s)
  [Epoch 270] Batch 50/93 (54%)
[Epoch 270/700] train_loss=0.5671 val_loss=0.5916 lr=6.76e-05 (9s)
  [Epoch 271] Batch 50/93 (54%)
[Epoch 271/700] train_loss=0.5639 val_loss=0.5850 lr=6.74e-05 (9s)
  [Epoch 272] Batch 50/93 (54%)
[Epoch 272/700] train_loss=0.5695 val_loss=0.5814 lr=6.71e-05 (9s)
  [Epoch 273] Batch 50/93 (54%)
[Epoch 273/700] train_loss=0.5664 val_loss=0.5915 lr=6.69e-05 (9s)
  [Epoch 274] Batch 50/93 (54%)
[Epoch 274/700] train_loss=0.5670 val_loss=0.5815 lr=6.67e-05 (9s)
  [Epoch 275] Batch 50/93 (54%)
[Epoch 275/700] train_loss=0.5696 val_loss=0.5930 lr=6.65e-05 (9s)
  [Epoch 276] Batch 50/93 (54%)
[Epoch 276/700] train_loss=0.5634 val_loss=0.5966 lr=6.63e-05 (10s)
  [Epoch 277] Batch 50/93 (54%)
[Epoch 277/700] train_loss=0.5641 val_loss=0.5741 lr=6.61e-05 (10s)
  [Epoch 278] Batch 50/93 (54%)
[Epoch 278/700] train_loss=0.5654 val_loss=0.5784 lr=6.59e-05 (10s)
  [Epoch 279] Batch 50/93 (54%)
[Epoch 279/700] train_loss=0.5650 val_loss=0.5908 lr=6.57e-05 (8s)
  [Epoch 280] Batch 50/93 (54%)
[Epoch 280/700] train_loss=0.5691 val_loss=0.5709 lr=6.55e-05 (10s)
Metric val/loss improved by 0.000 >= min_delta = 0.0. New best score: 0.571
  [Epoch 281] Batch 50/93 (54%)
[Epoch 281/700] train_loss=0.5649 val_loss=0.5752 lr=6.52e-05 (9s)
  [Epoch 282] Batch 50/93 (54%)
[Epoch 282/700] train_loss=0.5605 val_loss=0.5891 lr=6.50e-05 (9s)
  [Epoch 283] Batch 50/93 (54%)
[Epoch 283/700] train_loss=0.5685 val_loss=0.5855 lr=6.48e-05 (9s)
  [Epoch 284] Batch 50/93 (54%)
[Epoch 284/700] train_loss=0.5667 val_loss=0.5893 lr=6.46e-05 (8s)
  [Epoch 285] Batch 50/93 (54%)
[Epoch 285/700] train_loss=0.5652 val_loss=0.5794 lr=6.44e-05 (9s)
  [Epoch 286] Batch 50/93 (54%)
[Epoch 286/700] train_loss=0.5671 val_loss=0.5677 lr=6.42e-05 (10s)
Metric val/loss improved by 0.003 >= min_delta = 0.0. New best score: 0.568
  [Epoch 287] Batch 50/93 (54%)
[Epoch 287/700] train_loss=0.5631 val_loss=0.5855 lr=6.39e-05 (9s)
  [Epoch 288] Batch 50/93 (54%)
[Epoch 288/700] train_loss=0.5624 val_loss=0.5827 lr=6.37e-05 (9s)
  [Epoch 289] Batch 50/93 (54%)
[Epoch 289/700] train_loss=0.5610 val_loss=0.5859 lr=6.35e-05 (9s)
  [Epoch 290] Batch 50/93 (54%)
[Epoch 290/700] train_loss=0.5640 val_loss=0.5780 lr=6.33e-05 (10s)
  [Epoch 291] Batch 50/93 (54%)
[Epoch 291/700] train_loss=0.5662 val_loss=0.5837 lr=6.31e-05 (9s)
  [Epoch 292] Batch 50/93 (54%)
[Epoch 292/700] train_loss=0.5709 val_loss=0.5785 lr=6.29e-05 (9s)
  [Epoch 293] Batch 50/93 (54%)
[Epoch 293/700] train_loss=0.5620 val_loss=0.5774 lr=6.27e-05 (10s)
  [Epoch 294] Batch 50/93 (54%)
[Epoch 294/700] train_loss=0.5588 val_loss=0.5719 lr=6.24e-05 (9s)
  [Epoch 295] Batch 50/93 (54%)
[Epoch 295/700] train_loss=0.5655 val_loss=0.5773 lr=6.22e-05 (9s)
  [Epoch 296] Batch 50/93 (54%)
[Epoch 296/700] train_loss=0.5669 val_loss=0.5769 lr=6.20e-05 (9s)
  [Epoch 297] Batch 50/93 (54%)
[Epoch 297/700] train_loss=0.5595 val_loss=0.5870 lr=6.18e-05 (9s)
  [Epoch 298] Batch 50/93 (54%)
[Epoch 298/700] train_loss=0.5656 val_loss=0.5791 lr=6.16e-05 (9s)
  [Epoch 299] Batch 50/93 (54%)
[Epoch 299/700] train_loss=0.5652 val_loss=0.5901 lr=6.13e-05 (11s)
  [Epoch 300] Batch 50/93 (54%)
[Epoch 300/700] train_loss=0.5652 val_loss=0.5725 lr=6.11e-05 (9s)
  [Epoch 301] Batch 50/93 (54%)
[Epoch 301/700] train_loss=0.5636 val_loss=0.5842 lr=6.09e-05 (7s)
  [Epoch 302] Batch 50/93 (54%)
[Epoch 302/700] train_loss=0.5610 val_loss=0.5867 lr=6.07e-05 (6s)
  [Epoch 303] Batch 50/93 (54%)
[Epoch 303/700] train_loss=0.5674 val_loss=0.5975 lr=6.05e-05 (9s)
  [Epoch 304] Batch 50/93 (54%)
[Epoch 304/700] train_loss=0.5626 val_loss=0.5748 lr=6.02e-05 (9s)
  [Epoch 305] Batch 50/93 (54%)
[Epoch 305/700] train_loss=0.5623 val_loss=0.5836 lr=6.00e-05 (10s)
  [Epoch 306] Batch 50/93 (54%)
[Epoch 306/700] train_loss=0.5618 val_loss=0.5783 lr=5.98e-05 (9s)
  [Epoch 307] Batch 50/93 (54%)
[Epoch 307/700] train_loss=0.5607 val_loss=0.5797 lr=5.96e-05 (8s)
  [Epoch 308] Batch 50/93 (54%)
[Epoch 308/700] train_loss=0.5626 val_loss=0.5791 lr=5.94e-05 (10s)
  [Epoch 309] Batch 50/93 (54%)
[Epoch 309/700] train_loss=0.5631 val_loss=0.5850 lr=5.91e-05 (8s)
  [Epoch 310] Batch 50/93 (54%)
[Epoch 310/700] train_loss=0.5617 val_loss=0.5827 lr=5.89e-05 (10s)
  [Epoch 311] Batch 50/93 (54%)
[Epoch 311/700] train_loss=0.5594 val_loss=0.5639 lr=5.87e-05 (9s)
Metric val/loss improved by 0.004 >= min_delta = 0.0. New best score: 0.564
  [Epoch 312] Batch 50/93 (54%)
[Epoch 312/700] train_loss=0.5656 val_loss=0.5777 lr=5.85e-05 (10s)
  [Epoch 313] Batch 50/93 (54%)
[Epoch 313/700] train_loss=0.5591 val_loss=0.5812 lr=5.83e-05 (10s)
  [Epoch 314] Batch 50/93 (54%)
[Epoch 314/700] train_loss=0.5618 val_loss=0.5737 lr=5.80e-05 (10s)
  [Epoch 315] Batch 50/93 (54%)
[Epoch 315/700] train_loss=0.5613 val_loss=0.5748 lr=5.78e-05 (8s)
  [Epoch 316] Batch 50/93 (54%)
[Epoch 316/700] train_loss=0.5607 val_loss=0.5716 lr=5.76e-05 (11s)
  [Epoch 317] Batch 50/93 (54%)
[Epoch 317/700] train_loss=0.5627 val_loss=0.5786 lr=5.74e-05 (10s)
  [Epoch 318] Batch 50/93 (54%)
[Epoch 318/700] train_loss=0.5606 val_loss=0.5920 lr=5.72e-05 (9s)
  [Epoch 319] Batch 50/93 (54%)
[Epoch 319/700] train_loss=0.5615 val_loss=0.5755 lr=5.69e-05 (9s)
  [Epoch 320] Batch 50/93 (54%)
[Epoch 320/700] train_loss=0.5557 val_loss=0.5883 lr=5.67e-05 (9s)
  [Epoch 321] Batch 50/93 (54%)
[Epoch 321/700] train_loss=0.5611 val_loss=0.5801 lr=5.65e-05 (10s)
  [Epoch 322] Batch 50/93 (54%)
[Epoch 322/700] train_loss=0.5623 val_loss=0.5725 lr=5.63e-05 (9s)
  [Epoch 323] Batch 50/93 (54%)
[Epoch 323/700] train_loss=0.5610 val_loss=0.5722 lr=5.60e-05 (9s)
  [Epoch 324] Batch 50/93 (54%)
[Epoch 324/700] train_loss=0.5613 val_loss=0.5887 lr=5.58e-05 (6s)
  [Epoch 325] Batch 50/93 (54%)
[Epoch 325/700] train_loss=0.5621 val_loss=0.5817 lr=5.56e-05 (8s)
  [Epoch 326] Batch 50/93 (54%)
[Epoch 326/700] train_loss=0.5624 val_loss=0.5778 lr=5.54e-05 (9s)
  [Epoch 327] Batch 50/93 (54%)
[Epoch 327/700] train_loss=0.5537 val_loss=0.5635 lr=5.52e-05 (9s)
Metric val/loss improved by 0.000 >= min_delta = 0.0. New best score: 0.564
  [Epoch 328] Batch 50/93 (54%)
[Epoch 328/700] train_loss=0.5556 val_loss=0.5772 lr=5.49e-05 (9s)
  [Epoch 329] Batch 50/93 (54%)
[Epoch 329/700] train_loss=0.5577 val_loss=0.5822 lr=5.47e-05 (10s)
  [Epoch 330] Batch 50/93 (54%)
[Epoch 330/700] train_loss=0.5547 val_loss=0.5811 lr=5.45e-05 (10s)
  [Epoch 331] Batch 50/93 (54%)
[Epoch 331/700] train_loss=0.5602 val_loss=0.5894 lr=5.43e-05 (9s)
  [Epoch 332] Batch 50/93 (54%)
[Epoch 332/700] train_loss=0.5552 val_loss=0.5662 lr=5.40e-05 (10s)
  [Epoch 333] Batch 50/93 (54%)
[Epoch 333/700] train_loss=0.5551 val_loss=0.5677 lr=5.38e-05 (9s)
  [Epoch 334] Batch 50/93 (54%)
[Epoch 334/700] train_loss=0.5617 val_loss=0.5900 lr=5.36e-05 (10s)
  [Epoch 335] Batch 50/93 (54%)
[Epoch 335/700] train_loss=0.5585 val_loss=0.5828 lr=5.34e-05 (10s)
  [Epoch 336] Batch 50/93 (54%)
[Epoch 336/700] train_loss=0.5596 val_loss=0.5750 lr=5.31e-05 (9s)
  [Epoch 337] Batch 50/93 (54%)
[Epoch 337/700] train_loss=0.5563 val_loss=0.5807 lr=5.29e-05 (10s)
  [Epoch 338] Batch 50/93 (54%)
[Epoch 338/700] train_loss=0.5571 val_loss=0.5860 lr=5.27e-05 (10s)
  [Epoch 339] Batch 50/93 (54%)
[Epoch 339/700] train_loss=0.5590 val_loss=0.5775 lr=5.25e-05 (10s)
  [Epoch 340] Batch 50/93 (54%)
[Epoch 340/700] train_loss=0.5622 val_loss=0.5800 lr=5.22e-05 (10s)
  [Epoch 341] Batch 50/93 (54%)
[Epoch 341/700] train_loss=0.5578 val_loss=0.5883 lr=5.20e-05 (10s)
  [Epoch 342] Batch 50/93 (54%)
[Epoch 342/700] train_loss=0.5543 val_loss=0.5817 lr=5.18e-05 (9s)
  [Epoch 343] Batch 50/93 (54%)
[Epoch 343/700] train_loss=0.5551 val_loss=0.5851 lr=5.16e-05 (9s)
  [Epoch 344] Batch 50/93 (54%)
[Epoch 344/700] train_loss=0.5557 val_loss=0.5875 lr=5.13e-05 (10s)
  [Epoch 345] Batch 50/93 (54%)
[Epoch 345/700] train_loss=0.5554 val_loss=0.5888 lr=5.11e-05 (9s)
  [Epoch 346] Batch 50/93 (54%)
[Epoch 346/700] train_loss=0.5543 val_loss=0.5784 lr=5.09e-05 (9s)
  [Epoch 347] Batch 50/93 (54%)
[Epoch 347/700] train_loss=0.5550 val_loss=0.5763 lr=5.07e-05 (9s)
  [Epoch 348] Batch 50/93 (54%)
[Epoch 348/700] train_loss=0.5530 val_loss=0.5707 lr=5.04e-05 (10s)
  [Epoch 349] Batch 50/93 (54%)
[Epoch 349/700] train_loss=0.5535 val_loss=0.5873 lr=5.02e-05 (10s)
  [Epoch 350] Batch 50/93 (54%)
[Epoch 350/700] train_loss=0.5557 val_loss=0.5851 lr=5.00e-05 (10s)
  [Epoch 351] Batch 50/93 (54%)
[Epoch 351/700] train_loss=0.5545 val_loss=0.5809 lr=4.98e-05 (8s)
  [Epoch 352] Batch 50/93 (54%)
[Epoch 352/700] train_loss=0.5536 val_loss=0.5776 lr=4.96e-05 (10s)
  [Epoch 353] Batch 50/93 (54%)
[Epoch 353/700] train_loss=0.5553 val_loss=0.5804 lr=4.93e-05 (9s)
  [Epoch 354] Batch 50/93 (54%)
[Epoch 354/700] train_loss=0.5561 val_loss=0.5891 lr=4.91e-05 (9s)
  [Epoch 355] Batch 50/93 (54%)
[Epoch 355/700] train_loss=0.5528 val_loss=0.5941 lr=4.89e-05 (10s)
  [Epoch 356] Batch 50/93 (54%)
[Epoch 356/700] train_loss=0.5565 val_loss=0.5735 lr=4.87e-05 (11s)
  [Epoch 357] Batch 50/93 (54%)
[Epoch 357/700] train_loss=0.5543 val_loss=0.5876 lr=4.84e-05 (9s)
  [Epoch 358] Batch 50/93 (54%)
[Epoch 358/700] train_loss=0.5570 val_loss=0.5750 lr=4.82e-05 (10s)
  [Epoch 359] Batch 50/93 (54%)
[Epoch 359/700] train_loss=0.5529 val_loss=0.6012 lr=4.80e-05 (11s)
  [Epoch 360] Batch 50/93 (54%)
[Epoch 360/700] train_loss=0.5542 val_loss=0.5767 lr=4.78e-05 (9s)
  [Epoch 361] Batch 50/93 (54%)
[Epoch 361/700] train_loss=0.5563 val_loss=0.5907 lr=4.75e-05 (10s)
  [Epoch 362] Batch 50/93 (54%)
[Epoch 362/700] train_loss=0.5533 val_loss=0.5856 lr=4.73e-05 (9s)
  [Epoch 363] Batch 50/93 (54%)
[Epoch 363/700] train_loss=0.5570 val_loss=0.5819 lr=4.71e-05 (9s)
  [Epoch 364] Batch 50/93 (54%)
[Epoch 364/700] train_loss=0.5564 val_loss=0.5806 lr=4.69e-05 (8s)
  [Epoch 365] Batch 50/93 (54%)
[Epoch 365/700] train_loss=0.5549 val_loss=0.5724 lr=4.66e-05 (6s)
  [Epoch 366] Batch 50/93 (54%)
[Epoch 366/700] train_loss=0.5500 val_loss=0.5852 lr=4.64e-05 (9s)
  [Epoch 367] Batch 50/93 (54%)
[Epoch 367/700] train_loss=0.5518 val_loss=0.5902 lr=4.62e-05 (9s)
  [Epoch 368] Batch 50/93 (54%)
[Epoch 368/700] train_loss=0.5527 val_loss=0.5757 lr=4.60e-05 (9s)
  [Epoch 369] Batch 50/93 (54%)
[Epoch 369/700] train_loss=0.5496 val_loss=0.6009 lr=4.57e-05 (10s)
  [Epoch 370] Batch 50/93 (54%)
[Epoch 370/700] train_loss=0.5494 val_loss=0.5842 lr=4.55e-05 (10s)
  [Epoch 371] Batch 50/93 (54%)
[Epoch 371/700] train_loss=0.5539 val_loss=0.5801 lr=4.53e-05 (9s)
  [Epoch 372] Batch 50/93 (54%)
[Epoch 372/700] train_loss=0.5483 val_loss=0.5845 lr=4.51e-05 (10s)
  [Epoch 373] Batch 50/93 (54%)
[Epoch 373/700] train_loss=0.5573 val_loss=0.5961 lr=4.48e-05 (9s)
  [Epoch 374] Batch 50/93 (54%)
[Epoch 374/700] train_loss=0.5529 val_loss=0.5864 lr=4.46e-05 (9s)
  [Epoch 375] Batch 50/93 (54%)
[Epoch 375/700] train_loss=0.5549 val_loss=0.5760 lr=4.44e-05 (9s)
  [Epoch 376] Batch 50/93 (54%)
[Epoch 376/700] train_loss=0.5524 val_loss=0.5840 lr=4.42e-05 (9s)
  [Epoch 377] Batch 50/93 (54%)
[Epoch 377/700] train_loss=0.5559 val_loss=0.5810 lr=4.40e-05 (10s)
Monitored metric val/loss did not improve in the last 50 records. Best score: 0.564. Signaling Trainer to stop.

[Training] Completed!

✓ Training completed!
  Final checkpoint: 
/public/home/xiongzhzh2023/PT4ConTSG/experiments/20260402_152251_synth-u_pt_factor_generator/checkpoints/finetune/finetune-epoch=326-val/loss=0
.5635.ckpt
  Experiment: experiments/20260402_152251_synth-u_pt_factor_generator

Running automatic evaluation...
Loading weights:   0%|          | 0/197 [00:00<?, ?it/s]Loading weights: 100%|██████████| 197/197 [00:00<00:00, 4180.74it/s]
[1mCLIPTextModelWithProjection LOAD REPORT[0m from: ./checkpoints/longclip
Key                                                            | Status     |  | 
---------------------------------------------------------------+------------+--+-
vision_model.encoder.layers.{0...23}.mlp.fc2.bias              | UNEXPECTED |  | 
vision_model.encoder.layers.{0...23}.layer_norm1.bias          | UNEXPECTED |  | 
vision_model.encoder.layers.{0...23}.layer_norm1.weight        | UNEXPECTED |  | 
vision_model.encoder.layers.{0...23}.mlp.fc2.weight            | UNEXPECTED |  | 
vision_model.encoder.layers.{0...23}.self_attn.k_proj.bias     | UNEXPECTED |  | 
vision_model.encoder.layers.{0...23}.self_attn.k_proj.weight   | UNEXPECTED |  | 
vision_model.encoder.layers.{0...23}.layer_norm2.weight        | UNEXPECTED |  | 
vision_model.encoder.layers.{0...23}.self_attn.q_proj.bias     | UNEXPECTED |  | 
vision_model.encoder.layers.{0...23}.self_attn.q_proj.weight   | UNEXPECTED |  | 
vision_model.encoder.layers.{0...23}.self_attn.out_proj.weight | UNEXPECTED |  | 
vision_model.encoder.layers.{0...23}.layer_norm2.bias          | UNEXPECTED |  | 
vision_model.encoder.layers.{0...23}.mlp.fc1.weight            | UNEXPECTED |  | 
vision_model.encoder.layers.{0...23}.self_attn.v_proj.bias     | UNEXPECTED |  | 
vision_model.encoder.layers.{0...23}.self_attn.out_proj.bias   | UNEXPECTED |  | 
vision_model.encoder.layers.{0...23}.mlp.fc1.bias              | UNEXPECTED |  | 
vision_model.encoder.layers.{0...23}.self_attn.v_proj.weight   | UNEXPECTED |  | 
logit_scale                                                    | UNEXPECTED |  | 
vision_model.post_layernorm.weight                             | UNEXPECTED |  | 
visual_projection.weight                                       | UNEXPECTED |  | 
vision_model.post_layernorm.bias                               | UNEXPECTED |  | 
vision_model.embeddings.class_embedding                        | UNEXPECTED |  | 
vision_model.embeddings.position_embedding.weight              | UNEXPECTED |  | 
vision_model.pre_layrnorm.bias                                 | UNEXPECTED |  | 
vision_model.embeddings.patch_embedding.weight                 | UNEXPECTED |  | 
vision_model.pre_layrnorm.weight                               | UNEXPECTED |  | 

[3mNotes:
- UNEXPECTED[3m	:can be ignored when loading from different task/architecture; not ok if you expect identical arch.[0m
[Evaluating (generating)] Starting (0/32)...
[Evaluating (generating)] 1/32 (3%)
[Evaluating (generating)] 4/32 (12%)
[Evaluating (generating)] 7/32 (22%)
[Evaluating (generating)] 10/32 (31%)
[Evaluating (generating)] 13/32 (41%)
[Evaluating (generating)] 16/32 (50%)
[Evaluating (generating)] 20/32 (62%)
[Evaluating (generating)] 23/32 (72%)
[Evaluating (generating)] 26/32 (81%)
[Evaluating (generating)] 29/32 (91%)
[Evaluating (generating)] 32/32 (100%)
[Evaluating (generating)] Completed (32 items)
Evaluation results saved to: experiments/20260402_152251_synth-u_pt_factor_generator/results/eval_results.json
          Evaluation Results           
┏━━━━━━━━━━━━━━━━━━━━━━━━━┳━━━━━━━━━━━┓
┃ Metric                  ┃     Value ┃
┡━━━━━━━━━━━━━━━━━━━━━━━━━╇━━━━━━━━━━━┩
│ dtw                     │  4.828878 │
│ wape                    │ 82.513138 │
│ ed                      │  8.443729 │
│ crps                    │  0.431917 │
│ acd                     │  0.073240 │
│ sd                      │  0.037484 │
│ kd                      │  0.335373 │
│ mdd                     │  0.013334 │
│ fid                     │ 35.380526 │
│ jftsd                   │ 37.990209 │
│ cttp                    │ 13.641420 │
│ disc_auc                │  0.988762 │
│ prdc_f1.f1              │  0.228379 │
│ prdc_f1.precision       │  0.517750 │
│ prdc_f1.recall          │  0.146500 │
│ joint_prdc_f1.f1        │  0.568433 │
│ joint_prdc_f1.precision │  0.723750 │
│ joint_prdc_f1.recall    │  0.468000 │
└─────────────────────────┴───────────┘
