Loading config from: configs/grid_search/ptfg_synth-u_lr1e-3_bs64_scF.yaml
Model schema mode: relaxed (no model-specific schema for 'pt_factor_generator')
         Configuration Summary         
┌───────────────┬─────────────────────┐
│ Dataset       │ synth-u             │
│ Model         │ pt_factor_generator │
│ Epochs        │ 700                 │
│ Batch Size    │ 64                  │
│ Learning Rate │ 0.001               │
│ Device        │ cuda:0              │
│ Seed          │ 42                  │
└───────────────┴─────────────────────┘

Experiment directory: experiments/20260402_030946_synth-u_pt_factor_generator
Seed set to 42

Model: pt_factor_generator
Creating data module: synth-u

Starting multi-stage training (1 stage(s))...
  Stage 1: finetune (700 epochs, lr=0.001)
/public/home/xiongzhzh2023/Anaconda/envs/contsg/lib/python3.12/site-packages/lightning_fabric/plugins/environments/slurm.py:204: The `srun` command is available on your system but is not used. HINT: If your intention is to run Lightning on SLURM, prepend your python command with `srun` like so: srun python3.1 /public/home/xiongzhzh2023/Anaconda/envs/contsg/b ...
GPU available: True (cuda), used: True
TPU available: False, using: 0 TPU cores
💡 Tip: For seamless cloud logging and experiment tracking, try installing [litlogger](https://pypi.org/project/litlogger/) to enable LitLogger, which logs metrics and artifacts automatically to the Lightning Experiments platform.
`Trainer(limit_train_batches=1.0)` was configured so 100% of the batches per epoch will be used..
`Trainer(limit_val_batches=1.0)` was configured so 100% of the batches will be used..
`Trainer(limit_test_batches=1.0)` was configured so 100% of the batches will be used..
`Trainer(val_check_interval=1.0)` was configured so validation will run at the end of the training epoch..
LOCAL_RANK: 0 - CUDA_VISIBLE_DEVICES: [0,1,2,3]
┏━━━┳━━━━━━━━━━━━━━┳━━━━━━━━━━━━━━━━━━━━━━━━┳━━━━━━━━┳━━━━━━━┳━━━━━━━┓
┃   ┃ Name         ┃ Type                   ┃ Params ┃ Mode  ┃ FLOPs ┃
┡━━━╇━━━━━━━━━━━━━━╇━━━━━━━━━━━━━━━━━━━━━━━━╇━━━━━━━━╇━━━━━━━╇━━━━━━━┩
│ 0 │ net          │ PTFactorNoisePredictor │  5.2 M │ train │     0 │
│   │ other params │ n/a                    │  1.0 K │ n/a   │   n/a │
└───┴──────────────┴────────────────────────┴────────┴───────┴───────┘
Trainable params: 5.2 M                                                                                                                        
Non-trainable params: 0                                                                                                                        
Total params: 5.2 M                                                                                                                            
Total estimated model params size (MB): 20                                                                                                     
Modules in train mode: 195                                                                                                                     
Modules in eval mode: 0                                                                                                                        
Total FLOPs: 0                                                                                                                                 
/public/home/xiongzhzh2023/Anaconda/envs/contsg/lib/python3.12/site-packages/pytorch_lightning/utilities/data.py:79: Trying to infer the `batch_size` from an ambiguous collection. The batch size we found is 64. To avoid any miscalculations, use `self.log(..., batch_size=batch_size)`.

[Training] Starting 700 epochs...
  [Epoch 1] Batch 50/375 (13%)
  [Epoch 1] Batch 100/375 (27%)
  [Epoch 1] Batch 150/375 (40%)
  [Epoch 1] Batch 200/375 (53%)
  [Epoch 1] Batch 250/375 (67%)
  [Epoch 1] Batch 300/375 (80%)
  [Epoch 1] Batch 350/375 (93%)
/public/home/xiongzhzh2023/Anaconda/envs/contsg/lib/python3.12/site-packages/pytorch_lightning/utilities/data.py:79: Trying to infer the `batch_size` from an ambiguous collection. The batch size we found is 32. To avoid any miscalculations, use `self.log(..., batch_size=batch_size)`.
[Epoch 1/700] train_loss=1.0072 val_loss=0.7886 lr=1.00e-03 (32s)
Metric val/loss improved. New best score: 0.789
  [Epoch 2] Batch 50/375 (13%)
  [Epoch 2] Batch 100/375 (27%)
  [Epoch 2] Batch 150/375 (40%)
  [Epoch 2] Batch 200/375 (53%)
  [Epoch 2] Batch 250/375 (67%)
  [Epoch 2] Batch 300/375 (80%)
  [Epoch 2] Batch 350/375 (93%)
[Epoch 2/700] train_loss=0.7412 val_loss=0.7111 lr=1.00e-03 (23s)
Metric val/loss improved by 0.077 >= min_delta = 0.0. New best score: 0.711
  [Epoch 3] Batch 50/375 (13%)
  [Epoch 3] Batch 100/375 (27%)
  [Epoch 3] Batch 150/375 (40%)
  [Epoch 3] Batch 200/375 (53%)
  [Epoch 3] Batch 250/375 (67%)
  [Epoch 3] Batch 300/375 (80%)
  [Epoch 3] Batch 350/375 (93%)
[Epoch 3/700] train_loss=0.7073 val_loss=0.7046 lr=1.00e-03 (23s)
Metric val/loss improved by 0.007 >= min_delta = 0.0. New best score: 0.705
  [Epoch 4] Batch 50/375 (13%)
  [Epoch 4] Batch 100/375 (27%)
  [Epoch 4] Batch 150/375 (40%)
  [Epoch 4] Batch 200/375 (53%)
  [Epoch 4] Batch 250/375 (67%)
  [Epoch 4] Batch 300/375 (80%)
  [Epoch 4] Batch 350/375 (93%)
[Epoch 4/700] train_loss=0.6886 val_loss=0.6787 lr=1.00e-03 (24s)
Metric val/loss improved by 0.026 >= min_delta = 0.0. New best score: 0.679
  [Epoch 5] Batch 50/375 (13%)
  [Epoch 5] Batch 100/375 (27%)
  [Epoch 5] Batch 150/375 (40%)
  [Epoch 5] Batch 200/375 (53%)
  [Epoch 5] Batch 250/375 (67%)
  [Epoch 5] Batch 300/375 (80%)
  [Epoch 5] Batch 350/375 (93%)
[Epoch 5/700] train_loss=0.6774 val_loss=0.6811 lr=1.00e-03 (33s)
  [Epoch 6] Batch 50/375 (13%)
  [Epoch 6] Batch 100/375 (27%)
  [Epoch 6] Batch 150/375 (40%)
  [Epoch 6] Batch 200/375 (53%)
  [Epoch 6] Batch 250/375 (67%)
  [Epoch 6] Batch 300/375 (80%)
  [Epoch 6] Batch 350/375 (93%)
[Epoch 6/700] train_loss=0.6644 val_loss=0.6819 lr=1.00e-03 (23s)
  [Epoch 7] Batch 50/375 (13%)
  [Epoch 7] Batch 100/375 (27%)
  [Epoch 7] Batch 150/375 (40%)
  [Epoch 7] Batch 200/375 (53%)
  [Epoch 7] Batch 250/375 (67%)
  [Epoch 7] Batch 300/375 (80%)
  [Epoch 7] Batch 350/375 (93%)
[Epoch 7/700] train_loss=0.6618 val_loss=0.6464 lr=1.00e-03 (24s)
Metric val/loss improved by 0.032 >= min_delta = 0.0. New best score: 0.646
  [Epoch 8] Batch 50/375 (13%)
  [Epoch 8] Batch 100/375 (27%)
  [Epoch 8] Batch 150/375 (40%)
  [Epoch 8] Batch 200/375 (53%)
  [Epoch 8] Batch 250/375 (67%)
  [Epoch 8] Batch 300/375 (80%)
  [Epoch 8] Batch 350/375 (93%)
[Epoch 8/700] train_loss=0.6509 val_loss=0.6461 lr=1.00e-03 (23s)
Metric val/loss improved by 0.000 >= min_delta = 0.0. New best score: 0.646
  [Epoch 9] Batch 50/375 (13%)
  [Epoch 9] Batch 100/375 (27%)
  [Epoch 9] Batch 150/375 (40%)
  [Epoch 9] Batch 200/375 (53%)
  [Epoch 9] Batch 250/375 (67%)
  [Epoch 9] Batch 300/375 (80%)
  [Epoch 9] Batch 350/375 (93%)
[Epoch 9/700] train_loss=0.6455 val_loss=0.6345 lr=1.00e-03 (22s)
Metric val/loss improved by 0.012 >= min_delta = 0.0. New best score: 0.635
  [Epoch 10] Batch 50/375 (13%)
  [Epoch 10] Batch 100/375 (27%)
  [Epoch 10] Batch 150/375 (40%)
  [Epoch 10] Batch 200/375 (53%)
  [Epoch 10] Batch 250/375 (67%)
  [Epoch 10] Batch 300/375 (80%)
  [Epoch 10] Batch 350/375 (93%)
[Epoch 10/700] train_loss=0.6426 val_loss=0.6295 lr=9.99e-04 (38s)
Metric val/loss improved by 0.005 >= min_delta = 0.0. New best score: 0.629
  [Epoch 11] Batch 50/375 (13%)
  [Epoch 11] Batch 100/375 (27%)
  [Epoch 11] Batch 150/375 (40%)
  [Epoch 11] Batch 200/375 (53%)
  [Epoch 11] Batch 250/375 (67%)
  [Epoch 11] Batch 300/375 (80%)
  [Epoch 11] Batch 350/375 (93%)
[Epoch 11/700] train_loss=0.6374 val_loss=0.6230 lr=9.99e-04 (23s)
Metric val/loss improved by 0.007 >= min_delta = 0.0. New best score: 0.623
  [Epoch 12] Batch 50/375 (13%)
  [Epoch 12] Batch 100/375 (27%)
  [Epoch 12] Batch 150/375 (40%)
  [Epoch 12] Batch 200/375 (53%)
  [Epoch 12] Batch 250/375 (67%)
  [Epoch 12] Batch 300/375 (80%)
  [Epoch 12] Batch 350/375 (93%)
[Epoch 12/700] train_loss=0.6353 val_loss=0.6270 lr=9.99e-04 (35s)
  [Epoch 13] Batch 50/375 (13%)
  [Epoch 13] Batch 100/375 (27%)
  [Epoch 13] Batch 150/375 (40%)
  [Epoch 13] Batch 200/375 (53%)
  [Epoch 13] Batch 250/375 (67%)
  [Epoch 13] Batch 300/375 (80%)
  [Epoch 13] Batch 350/375 (93%)
[Epoch 13/700] train_loss=0.6274 val_loss=0.6224 lr=9.99e-04 (31s)
Metric val/loss improved by 0.001 >= min_delta = 0.0. New best score: 0.622
  [Epoch 14] Batch 50/375 (13%)
  [Epoch 14] Batch 100/375 (27%)
  [Epoch 14] Batch 150/375 (40%)
  [Epoch 14] Batch 200/375 (53%)
  [Epoch 14] Batch 250/375 (67%)
  [Epoch 14] Batch 300/375 (80%)
  [Epoch 14] Batch 350/375 (93%)
[Epoch 14/700] train_loss=0.6267 val_loss=0.6242 lr=9.99e-04 (22s)
  [Epoch 15] Batch 50/375 (13%)
  [Epoch 15] Batch 100/375 (27%)
  [Epoch 15] Batch 150/375 (40%)
  [Epoch 15] Batch 200/375 (53%)
  [Epoch 15] Batch 250/375 (67%)
  [Epoch 15] Batch 300/375 (80%)
  [Epoch 15] Batch 350/375 (93%)
[Epoch 15/700] train_loss=0.6203 val_loss=0.6228 lr=9.99e-04 (22s)
  [Epoch 16] Batch 50/375 (13%)
  [Epoch 16] Batch 100/375 (27%)
  [Epoch 16] Batch 150/375 (40%)
  [Epoch 16] Batch 200/375 (53%)
  [Epoch 16] Batch 250/375 (67%)
  [Epoch 16] Batch 300/375 (80%)
  [Epoch 16] Batch 350/375 (93%)
[Epoch 16/700] train_loss=0.6172 val_loss=0.6162 lr=9.99e-04 (30s)
Metric val/loss improved by 0.006 >= min_delta = 0.0. New best score: 0.616
  [Epoch 17] Batch 50/375 (13%)
  [Epoch 17] Batch 100/375 (27%)
  [Epoch 17] Batch 150/375 (40%)
  [Epoch 17] Batch 200/375 (53%)
  [Epoch 17] Batch 250/375 (67%)
  [Epoch 17] Batch 300/375 (80%)
  [Epoch 17] Batch 350/375 (93%)
[Epoch 17/700] train_loss=0.6164 val_loss=0.6101 lr=9.99e-04 (22s)
Metric val/loss improved by 0.006 >= min_delta = 0.0. New best score: 0.610
  [Epoch 18] Batch 50/375 (13%)
  [Epoch 18] Batch 100/375 (27%)
  [Epoch 18] Batch 150/375 (40%)
  [Epoch 18] Batch 200/375 (53%)
  [Epoch 18] Batch 250/375 (67%)
  [Epoch 18] Batch 300/375 (80%)
  [Epoch 18] Batch 350/375 (93%)
[Epoch 18/700] train_loss=0.6119 val_loss=0.6179 lr=9.98e-04 (23s)
  [Epoch 19] Batch 50/375 (13%)
  [Epoch 19] Batch 100/375 (27%)
  [Epoch 19] Batch 150/375 (40%)
  [Epoch 19] Batch 200/375 (53%)
  [Epoch 19] Batch 250/375 (67%)
  [Epoch 19] Batch 300/375 (80%)
  [Epoch 19] Batch 350/375 (93%)
[Epoch 19/700] train_loss=0.6081 val_loss=0.5983 lr=9.98e-04 (22s)
Metric val/loss improved by 0.012 >= min_delta = 0.0. New best score: 0.598
  [Epoch 20] Batch 50/375 (13%)
  [Epoch 20] Batch 100/375 (27%)
  [Epoch 20] Batch 150/375 (40%)
  [Epoch 20] Batch 200/375 (53%)
  [Epoch 20] Batch 250/375 (67%)
  [Epoch 20] Batch 300/375 (80%)
  [Epoch 20] Batch 350/375 (93%)
[Epoch 20/700] train_loss=0.6032 val_loss=0.5934 lr=9.98e-04 (24s)
Metric val/loss improved by 0.005 >= min_delta = 0.0. New best score: 0.593
  [Epoch 21] Batch 50/375 (13%)
  [Epoch 21] Batch 100/375 (27%)
  [Epoch 21] Batch 150/375 (40%)
  [Epoch 21] Batch 200/375 (53%)
  [Epoch 21] Batch 250/375 (67%)
  [Epoch 21] Batch 300/375 (80%)
  [Epoch 21] Batch 350/375 (93%)
[Epoch 21/700] train_loss=0.6003 val_loss=0.6114 lr=9.98e-04 (23s)
  [Epoch 22] Batch 50/375 (13%)
  [Epoch 22] Batch 100/375 (27%)
  [Epoch 22] Batch 150/375 (40%)
  [Epoch 22] Batch 200/375 (53%)
  [Epoch 22] Batch 250/375 (67%)
  [Epoch 22] Batch 300/375 (80%)
  [Epoch 22] Batch 350/375 (93%)
[Epoch 22/700] train_loss=0.6002 val_loss=0.5951 lr=9.98e-04 (22s)
  [Epoch 23] Batch 50/375 (13%)
  [Epoch 23] Batch 100/375 (27%)
  [Epoch 23] Batch 150/375 (40%)
  [Epoch 23] Batch 200/375 (53%)
  [Epoch 23] Batch 250/375 (67%)
  [Epoch 23] Batch 300/375 (80%)
  [Epoch 23] Batch 350/375 (93%)
[Epoch 23/700] train_loss=0.5899 val_loss=0.6041 lr=9.97e-04 (23s)
  [Epoch 24] Batch 50/375 (13%)
  [Epoch 24] Batch 100/375 (27%)
  [Epoch 24] Batch 150/375 (40%)
  [Epoch 24] Batch 200/375 (53%)
  [Epoch 24] Batch 250/375 (67%)
  [Epoch 24] Batch 300/375 (80%)
  [Epoch 24] Batch 350/375 (93%)
[Epoch 24/700] train_loss=0.5938 val_loss=0.5854 lr=9.97e-04 (24s)
Metric val/loss improved by 0.008 >= min_delta = 0.0. New best score: 0.585
  [Epoch 25] Batch 50/375 (13%)
  [Epoch 25] Batch 100/375 (27%)
  [Epoch 25] Batch 150/375 (40%)
  [Epoch 25] Batch 200/375 (53%)
  [Epoch 25] Batch 250/375 (67%)
  [Epoch 25] Batch 300/375 (80%)
  [Epoch 25] Batch 350/375 (93%)
[Epoch 25/700] train_loss=0.5870 val_loss=0.5867 lr=9.97e-04 (22s)
  [Epoch 26] Batch 50/375 (13%)
  [Epoch 26] Batch 100/375 (27%)
  [Epoch 26] Batch 150/375 (40%)
  [Epoch 26] Batch 200/375 (53%)
  [Epoch 26] Batch 250/375 (67%)
  [Epoch 26] Batch 300/375 (80%)
  [Epoch 26] Batch 350/375 (93%)
[Epoch 26/700] train_loss=0.5933 val_loss=0.5932 lr=9.97e-04 (22s)
  [Epoch 27] Batch 50/375 (13%)
  [Epoch 27] Batch 100/375 (27%)
  [Epoch 27] Batch 150/375 (40%)
  [Epoch 27] Batch 200/375 (53%)
  [Epoch 27] Batch 250/375 (67%)
  [Epoch 27] Batch 300/375 (80%)
  [Epoch 27] Batch 350/375 (93%)
[Epoch 27/700] train_loss=0.5873 val_loss=0.5844 lr=9.96e-04 (22s)
Metric val/loss improved by 0.001 >= min_delta = 0.0. New best score: 0.584
  [Epoch 28] Batch 50/375 (13%)
  [Epoch 28] Batch 100/375 (27%)
  [Epoch 28] Batch 150/375 (40%)
  [Epoch 28] Batch 200/375 (53%)
  [Epoch 28] Batch 250/375 (67%)
  [Epoch 28] Batch 300/375 (80%)
  [Epoch 28] Batch 350/375 (93%)
[Epoch 28/700] train_loss=0.5863 val_loss=0.5907 lr=9.96e-04 (22s)
  [Epoch 29] Batch 50/375 (13%)
  [Epoch 29] Batch 100/375 (27%)
  [Epoch 29] Batch 150/375 (40%)
  [Epoch 29] Batch 200/375 (53%)
  [Epoch 29] Batch 250/375 (67%)
  [Epoch 29] Batch 300/375 (80%)
  [Epoch 29] Batch 350/375 (93%)
[Epoch 29/700] train_loss=0.5858 val_loss=0.5790 lr=9.96e-04 (24s)
Metric val/loss improved by 0.005 >= min_delta = 0.0. New best score: 0.579
  [Epoch 30] Batch 50/375 (13%)
  [Epoch 30] Batch 100/375 (27%)
  [Epoch 30] Batch 150/375 (40%)
  [Epoch 30] Batch 200/375 (53%)
  [Epoch 30] Batch 250/375 (67%)
  [Epoch 30] Batch 300/375 (80%)
  [Epoch 30] Batch 350/375 (93%)
[Epoch 30/700] train_loss=0.5886 val_loss=0.5906 lr=9.95e-04 (23s)
  [Epoch 31] Batch 50/375 (13%)
  [Epoch 31] Batch 100/375 (27%)
  [Epoch 31] Batch 150/375 (40%)
  [Epoch 31] Batch 200/375 (53%)
  [Epoch 31] Batch 250/375 (67%)
  [Epoch 31] Batch 300/375 (80%)
  [Epoch 31] Batch 350/375 (93%)
[Epoch 31/700] train_loss=0.5854 val_loss=0.5817 lr=9.95e-04 (24s)
  [Epoch 32] Batch 50/375 (13%)
  [Epoch 32] Batch 100/375 (27%)
  [Epoch 32] Batch 150/375 (40%)
  [Epoch 32] Batch 200/375 (53%)
  [Epoch 32] Batch 250/375 (67%)
  [Epoch 32] Batch 300/375 (80%)
  [Epoch 32] Batch 350/375 (93%)
[Epoch 32/700] train_loss=0.5794 val_loss=0.5679 lr=9.95e-04 (23s)
Metric val/loss improved by 0.011 >= min_delta = 0.0. New best score: 0.568
  [Epoch 33] Batch 50/375 (13%)
  [Epoch 33] Batch 100/375 (27%)
  [Epoch 33] Batch 150/375 (40%)
  [Epoch 33] Batch 200/375 (53%)
  [Epoch 33] Batch 250/375 (67%)
  [Epoch 33] Batch 300/375 (80%)
  [Epoch 33] Batch 350/375 (93%)
[Epoch 33/700] train_loss=0.5790 val_loss=0.5779 lr=9.95e-04 (22s)
  [Epoch 34] Batch 50/375 (13%)
  [Epoch 34] Batch 100/375 (27%)
  [Epoch 34] Batch 150/375 (40%)
  [Epoch 34] Batch 200/375 (53%)
  [Epoch 34] Batch 250/375 (67%)
  [Epoch 34] Batch 300/375 (80%)
  [Epoch 34] Batch 350/375 (93%)
[Epoch 34/700] train_loss=0.5813 val_loss=0.5753 lr=9.94e-04 (25s)
  [Epoch 35] Batch 50/375 (13%)
  [Epoch 35] Batch 100/375 (27%)
  [Epoch 35] Batch 150/375 (40%)
  [Epoch 35] Batch 200/375 (53%)
  [Epoch 35] Batch 250/375 (67%)
  [Epoch 35] Batch 300/375 (80%)
  [Epoch 35] Batch 350/375 (93%)
[Epoch 35/700] train_loss=0.5851 val_loss=0.5837 lr=9.94e-04 (23s)
  [Epoch 36] Batch 50/375 (13%)
  [Epoch 36] Batch 100/375 (27%)
  [Epoch 36] Batch 150/375 (40%)
  [Epoch 36] Batch 200/375 (53%)
  [Epoch 36] Batch 250/375 (67%)
  [Epoch 36] Batch 300/375 (80%)
  [Epoch 36] Batch 350/375 (93%)
[Epoch 36/700] train_loss=0.5796 val_loss=0.5722 lr=9.93e-04 (23s)
  [Epoch 37] Batch 50/375 (13%)
  [Epoch 37] Batch 100/375 (27%)
  [Epoch 37] Batch 150/375 (40%)
  [Epoch 37] Batch 200/375 (53%)
  [Epoch 37] Batch 250/375 (67%)
  [Epoch 37] Batch 300/375 (80%)
  [Epoch 37] Batch 350/375 (93%)
[Epoch 37/700] train_loss=0.5740 val_loss=0.5793 lr=9.93e-04 (23s)
  [Epoch 38] Batch 50/375 (13%)
  [Epoch 38] Batch 100/375 (27%)
  [Epoch 38] Batch 150/375 (40%)
  [Epoch 38] Batch 200/375 (53%)
  [Epoch 38] Batch 250/375 (67%)
  [Epoch 38] Batch 300/375 (80%)
  [Epoch 38] Batch 350/375 (93%)
[Epoch 38/700] train_loss=0.5812 val_loss=0.5752 lr=9.93e-04 (24s)
  [Epoch 39] Batch 50/375 (13%)
  [Epoch 39] Batch 100/375 (27%)
  [Epoch 39] Batch 150/375 (40%)
  [Epoch 39] Batch 200/375 (53%)
  [Epoch 39] Batch 250/375 (67%)
  [Epoch 39] Batch 300/375 (80%)
  [Epoch 39] Batch 350/375 (93%)
[Epoch 39/700] train_loss=0.5786 val_loss=0.5822 lr=9.92e-04 (24s)
  [Epoch 40] Batch 50/375 (13%)
  [Epoch 40] Batch 100/375 (27%)
  [Epoch 40] Batch 150/375 (40%)
  [Epoch 40] Batch 200/375 (53%)
  [Epoch 40] Batch 250/375 (67%)
  [Epoch 40] Batch 300/375 (80%)
  [Epoch 40] Batch 350/375 (93%)
[Epoch 40/700] train_loss=0.5749 val_loss=0.5748 lr=9.92e-04 (22s)
  [Epoch 41] Batch 50/375 (13%)
  [Epoch 41] Batch 100/375 (27%)
  [Epoch 41] Batch 150/375 (40%)
  [Epoch 41] Batch 200/375 (53%)
  [Epoch 41] Batch 250/375 (67%)
  [Epoch 41] Batch 300/375 (80%)
  [Epoch 41] Batch 350/375 (93%)
[Epoch 41/700] train_loss=0.5741 val_loss=0.5638 lr=9.92e-04 (24s)
Metric val/loss improved by 0.004 >= min_delta = 0.0. New best score: 0.564
  [Epoch 42] Batch 50/375 (13%)
  [Epoch 42] Batch 100/375 (27%)
  [Epoch 42] Batch 150/375 (40%)
  [Epoch 42] Batch 200/375 (53%)
  [Epoch 42] Batch 250/375 (67%)
  [Epoch 42] Batch 300/375 (80%)
  [Epoch 42] Batch 350/375 (93%)
[Epoch 42/700] train_loss=0.5729 val_loss=0.5763 lr=9.91e-04 (40s)
  [Epoch 43] Batch 50/375 (13%)
  [Epoch 43] Batch 100/375 (27%)
  [Epoch 43] Batch 150/375 (40%)
  [Epoch 43] Batch 200/375 (53%)
  [Epoch 43] Batch 250/375 (67%)
  [Epoch 43] Batch 300/375 (80%)
  [Epoch 43] Batch 350/375 (93%)
[Epoch 43/700] train_loss=0.5762 val_loss=0.5744 lr=9.91e-04 (32s)
  [Epoch 44] Batch 50/375 (13%)
  [Epoch 44] Batch 100/375 (27%)
  [Epoch 44] Batch 150/375 (40%)
  [Epoch 44] Batch 200/375 (53%)
  [Epoch 44] Batch 250/375 (67%)
  [Epoch 44] Batch 300/375 (80%)
  [Epoch 44] Batch 350/375 (93%)
[Epoch 44/700] train_loss=0.5743 val_loss=0.5766 lr=9.90e-04 (23s)
  [Epoch 45] Batch 50/375 (13%)
  [Epoch 45] Batch 100/375 (27%)
  [Epoch 45] Batch 150/375 (40%)
  [Epoch 45] Batch 200/375 (53%)
  [Epoch 45] Batch 250/375 (67%)
  [Epoch 45] Batch 300/375 (80%)
  [Epoch 45] Batch 350/375 (93%)
[Epoch 45/700] train_loss=0.5747 val_loss=0.5817 lr=9.90e-04 (23s)
  [Epoch 46] Batch 50/375 (13%)
  [Epoch 46] Batch 100/375 (27%)
  [Epoch 46] Batch 150/375 (40%)
  [Epoch 46] Batch 200/375 (53%)
  [Epoch 46] Batch 250/375 (67%)
  [Epoch 46] Batch 300/375 (80%)
  [Epoch 46] Batch 350/375 (93%)
[Epoch 46/700] train_loss=0.5736 val_loss=0.5660 lr=9.89e-04 (23s)
  [Epoch 47] Batch 50/375 (13%)
  [Epoch 47] Batch 100/375 (27%)
  [Epoch 47] Batch 150/375 (40%)
  [Epoch 47] Batch 200/375 (53%)
  [Epoch 47] Batch 250/375 (67%)
  [Epoch 47] Batch 300/375 (80%)
  [Epoch 47] Batch 350/375 (93%)
[Epoch 47/700] train_loss=0.5736 val_loss=0.5713 lr=9.89e-04 (23s)
  [Epoch 48] Batch 50/375 (13%)
  [Epoch 48] Batch 100/375 (27%)
  [Epoch 48] Batch 150/375 (40%)
  [Epoch 48] Batch 200/375 (53%)
  [Epoch 48] Batch 250/375 (67%)
  [Epoch 48] Batch 300/375 (80%)
  [Epoch 48] Batch 350/375 (93%)
[Epoch 48/700] train_loss=0.5709 val_loss=0.5614 lr=9.88e-04 (22s)
Metric val/loss improved by 0.002 >= min_delta = 0.0. New best score: 0.561
  [Epoch 49] Batch 50/375 (13%)
  [Epoch 49] Batch 100/375 (27%)
  [Epoch 49] Batch 150/375 (40%)
  [Epoch 49] Batch 200/375 (53%)
  [Epoch 49] Batch 250/375 (67%)
  [Epoch 49] Batch 300/375 (80%)
  [Epoch 49] Batch 350/375 (93%)
[Epoch 49/700] train_loss=0.5702 val_loss=0.5691 lr=9.88e-04 (23s)
  [Epoch 50] Batch 50/375 (13%)
  [Epoch 50] Batch 100/375 (27%)
  [Epoch 50] Batch 150/375 (40%)
  [Epoch 50] Batch 200/375 (53%)
  [Epoch 50] Batch 250/375 (67%)
  [Epoch 50] Batch 300/375 (80%)
  [Epoch 50] Batch 350/375 (93%)
[Epoch 50/700] train_loss=0.5683 val_loss=0.5701 lr=9.87e-04 (22s)
  [Epoch 51] Batch 50/375 (13%)
  [Epoch 51] Batch 100/375 (27%)
  [Epoch 51] Batch 150/375 (40%)
  [Epoch 51] Batch 200/375 (53%)
  [Epoch 51] Batch 250/375 (67%)
  [Epoch 51] Batch 300/375 (80%)
  [Epoch 51] Batch 350/375 (93%)
[Epoch 51/700] train_loss=0.5677 val_loss=0.5619 lr=9.87e-04 (22s)
  [Epoch 52] Batch 50/375 (13%)
  [Epoch 52] Batch 100/375 (27%)
  [Epoch 52] Batch 150/375 (40%)
  [Epoch 52] Batch 200/375 (53%)
  [Epoch 52] Batch 250/375 (67%)
  [Epoch 52] Batch 300/375 (80%)
  [Epoch 52] Batch 350/375 (93%)
[Epoch 52/700] train_loss=0.5662 val_loss=0.5716 lr=9.86e-04 (22s)
  [Epoch 53] Batch 50/375 (13%)
  [Epoch 53] Batch 100/375 (27%)
  [Epoch 53] Batch 150/375 (40%)
  [Epoch 53] Batch 200/375 (53%)
  [Epoch 53] Batch 250/375 (67%)
  [Epoch 53] Batch 300/375 (80%)
  [Epoch 53] Batch 350/375 (93%)
[Epoch 53/700] train_loss=0.5679 val_loss=0.5542 lr=9.86e-04 (23s)
Metric val/loss improved by 0.007 >= min_delta = 0.0. New best score: 0.554
  [Epoch 54] Batch 50/375 (13%)
  [Epoch 54] Batch 100/375 (27%)
  [Epoch 54] Batch 150/375 (40%)
  [Epoch 54] Batch 200/375 (53%)
  [Epoch 54] Batch 250/375 (67%)
  [Epoch 54] Batch 300/375 (80%)
  [Epoch 54] Batch 350/375 (93%)
[Epoch 54/700] train_loss=0.5642 val_loss=0.5748 lr=9.85e-04 (30s)
  [Epoch 55] Batch 50/375 (13%)
  [Epoch 55] Batch 100/375 (27%)
  [Epoch 55] Batch 150/375 (40%)
  [Epoch 55] Batch 200/375 (53%)
  [Epoch 55] Batch 250/375 (67%)
  [Epoch 55] Batch 300/375 (80%)
  [Epoch 55] Batch 350/375 (93%)
[Epoch 55/700] train_loss=0.5653 val_loss=0.5640 lr=9.85e-04 (24s)
  [Epoch 56] Batch 50/375 (13%)
  [Epoch 56] Batch 100/375 (27%)
  [Epoch 56] Batch 150/375 (40%)
  [Epoch 56] Batch 200/375 (53%)
  [Epoch 56] Batch 250/375 (67%)
  [Epoch 56] Batch 300/375 (80%)
  [Epoch 56] Batch 350/375 (93%)
[Epoch 56/700] train_loss=0.5674 val_loss=0.5523 lr=9.84e-04 (24s)
Metric val/loss improved by 0.002 >= min_delta = 0.0. New best score: 0.552
  [Epoch 57] Batch 50/375 (13%)
  [Epoch 57] Batch 100/375 (27%)
  [Epoch 57] Batch 150/375 (40%)
  [Epoch 57] Batch 200/375 (53%)
  [Epoch 57] Batch 250/375 (67%)
  [Epoch 57] Batch 300/375 (80%)
  [Epoch 57] Batch 350/375 (93%)
[Epoch 57/700] train_loss=0.5683 val_loss=0.5665 lr=9.84e-04 (23s)
  [Epoch 58] Batch 50/375 (13%)
  [Epoch 58] Batch 100/375 (27%)
  [Epoch 58] Batch 150/375 (40%)
  [Epoch 58] Batch 200/375 (53%)
  [Epoch 58] Batch 250/375 (67%)
  [Epoch 58] Batch 300/375 (80%)
  [Epoch 58] Batch 350/375 (93%)
[Epoch 58/700] train_loss=0.5620 val_loss=0.5688 lr=9.83e-04 (24s)
  [Epoch 59] Batch 50/375 (13%)
  [Epoch 59] Batch 100/375 (27%)
  [Epoch 59] Batch 150/375 (40%)
  [Epoch 59] Batch 200/375 (53%)
  [Epoch 59] Batch 250/375 (67%)
  [Epoch 59] Batch 300/375 (80%)
  [Epoch 59] Batch 350/375 (93%)
[Epoch 59/700] train_loss=0.5639 val_loss=0.5532 lr=9.83e-04 (22s)
  [Epoch 60] Batch 50/375 (13%)
  [Epoch 60] Batch 100/375 (27%)
  [Epoch 60] Batch 150/375 (40%)
  [Epoch 60] Batch 200/375 (53%)
  [Epoch 60] Batch 250/375 (67%)
  [Epoch 60] Batch 300/375 (80%)
  [Epoch 60] Batch 350/375 (93%)
[Epoch 60/700] train_loss=0.5646 val_loss=0.5577 lr=9.82e-04 (24s)
  [Epoch 61] Batch 50/375 (13%)
  [Epoch 61] Batch 100/375 (27%)
  [Epoch 61] Batch 150/375 (40%)
  [Epoch 61] Batch 200/375 (53%)
  [Epoch 61] Batch 250/375 (67%)
  [Epoch 61] Batch 300/375 (80%)
  [Epoch 61] Batch 350/375 (93%)
[Epoch 61/700] train_loss=0.5600 val_loss=0.5664 lr=9.81e-04 (22s)
  [Epoch 62] Batch 50/375 (13%)
  [Epoch 62] Batch 100/375 (27%)
  [Epoch 62] Batch 150/375 (40%)
  [Epoch 62] Batch 200/375 (53%)
  [Epoch 62] Batch 250/375 (67%)
  [Epoch 62] Batch 300/375 (80%)
  [Epoch 62] Batch 350/375 (93%)
[Epoch 62/700] train_loss=0.5641 val_loss=0.5671 lr=9.81e-04 (22s)
  [Epoch 63] Batch 50/375 (13%)
  [Epoch 63] Batch 100/375 (27%)
  [Epoch 63] Batch 150/375 (40%)
  [Epoch 63] Batch 200/375 (53%)
  [Epoch 63] Batch 250/375 (67%)
  [Epoch 63] Batch 300/375 (80%)
  [Epoch 63] Batch 350/375 (93%)
[Epoch 63/700] train_loss=0.5650 val_loss=0.5596 lr=9.80e-04 (22s)
  [Epoch 64] Batch 50/375 (13%)
  [Epoch 64] Batch 100/375 (27%)
  [Epoch 64] Batch 150/375 (40%)
  [Epoch 64] Batch 200/375 (53%)
  [Epoch 64] Batch 250/375 (67%)
  [Epoch 64] Batch 300/375 (80%)
  [Epoch 64] Batch 350/375 (93%)
[Epoch 64/700] train_loss=0.5630 val_loss=0.5706 lr=9.80e-04 (22s)
  [Epoch 65] Batch 50/375 (13%)
  [Epoch 65] Batch 100/375 (27%)
  [Epoch 65] Batch 150/375 (40%)
  [Epoch 65] Batch 200/375 (53%)
  [Epoch 65] Batch 250/375 (67%)
  [Epoch 65] Batch 300/375 (80%)
  [Epoch 65] Batch 350/375 (93%)
[Epoch 65/700] train_loss=0.5664 val_loss=0.5567 lr=9.79e-04 (25s)
  [Epoch 66] Batch 50/375 (13%)
  [Epoch 66] Batch 100/375 (27%)
  [Epoch 66] Batch 150/375 (40%)
  [Epoch 66] Batch 200/375 (53%)
  [Epoch 66] Batch 250/375 (67%)
  [Epoch 66] Batch 300/375 (80%)
  [Epoch 66] Batch 350/375 (93%)
[Epoch 66/700] train_loss=0.5598 val_loss=0.5590 lr=9.78e-04 (23s)
  [Epoch 67] Batch 50/375 (13%)
  [Epoch 67] Batch 100/375 (27%)
  [Epoch 67] Batch 150/375 (40%)
  [Epoch 67] Batch 200/375 (53%)
  [Epoch 67] Batch 250/375 (67%)
  [Epoch 67] Batch 300/375 (80%)
  [Epoch 67] Batch 350/375 (93%)
[Epoch 67/700] train_loss=0.5578 val_loss=0.5543 lr=9.78e-04 (24s)
  [Epoch 68] Batch 50/375 (13%)
  [Epoch 68] Batch 100/375 (27%)
  [Epoch 68] Batch 150/375 (40%)
  [Epoch 68] Batch 200/375 (53%)
  [Epoch 68] Batch 250/375 (67%)
  [Epoch 68] Batch 300/375 (80%)
  [Epoch 68] Batch 350/375 (93%)
[Epoch 68/700] train_loss=0.5609 val_loss=0.5558 lr=9.77e-04 (22s)
  [Epoch 69] Batch 50/375 (13%)
  [Epoch 69] Batch 100/375 (27%)
  [Epoch 69] Batch 150/375 (40%)
  [Epoch 69] Batch 200/375 (53%)
  [Epoch 69] Batch 250/375 (67%)
  [Epoch 69] Batch 300/375 (80%)
  [Epoch 69] Batch 350/375 (93%)
[Epoch 69/700] train_loss=0.5564 val_loss=0.5585 lr=9.76e-04 (22s)
  [Epoch 70] Batch 50/375 (13%)
  [Epoch 70] Batch 100/375 (27%)
  [Epoch 70] Batch 150/375 (40%)
  [Epoch 70] Batch 200/375 (53%)
  [Epoch 70] Batch 250/375 (67%)
  [Epoch 70] Batch 300/375 (80%)
  [Epoch 70] Batch 350/375 (93%)
[Epoch 70/700] train_loss=0.5639 val_loss=0.5540 lr=9.76e-04 (22s)
  [Epoch 71] Batch 50/375 (13%)
  [Epoch 71] Batch 100/375 (27%)
  [Epoch 71] Batch 150/375 (40%)
  [Epoch 71] Batch 200/375 (53%)
  [Epoch 71] Batch 250/375 (67%)
  [Epoch 71] Batch 300/375 (80%)
  [Epoch 71] Batch 350/375 (93%)
[Epoch 71/700] train_loss=0.5573 val_loss=0.5578 lr=9.75e-04 (27s)
  [Epoch 72] Batch 50/375 (13%)
  [Epoch 72] Batch 100/375 (27%)
  [Epoch 72] Batch 150/375 (40%)
  [Epoch 72] Batch 200/375 (53%)
  [Epoch 72] Batch 250/375 (67%)
  [Epoch 72] Batch 300/375 (80%)
  [Epoch 72] Batch 350/375 (93%)
[Epoch 72/700] train_loss=0.5551 val_loss=0.5588 lr=9.74e-04 (23s)
  [Epoch 73] Batch 50/375 (13%)
  [Epoch 73] Batch 100/375 (27%)
  [Epoch 73] Batch 150/375 (40%)
  [Epoch 73] Batch 200/375 (53%)
  [Epoch 73] Batch 250/375 (67%)
  [Epoch 73] Batch 300/375 (80%)
  [Epoch 73] Batch 350/375 (93%)
[Epoch 73/700] train_loss=0.5558 val_loss=0.5541 lr=9.73e-04 (24s)
  [Epoch 74] Batch 50/375 (13%)
  [Epoch 74] Batch 100/375 (27%)
  [Epoch 74] Batch 150/375 (40%)
  [Epoch 74] Batch 200/375 (53%)
  [Epoch 74] Batch 250/375 (67%)
  [Epoch 74] Batch 300/375 (80%)
  [Epoch 74] Batch 350/375 (93%)
[Epoch 74/700] train_loss=0.5593 val_loss=0.5559 lr=9.73e-04 (22s)
  [Epoch 75] Batch 50/375 (13%)
  [Epoch 75] Batch 100/375 (27%)
  [Epoch 75] Batch 150/375 (40%)
  [Epoch 75] Batch 200/375 (53%)
  [Epoch 75] Batch 250/375 (67%)
  [Epoch 75] Batch 300/375 (80%)
  [Epoch 75] Batch 350/375 (93%)
[Epoch 75/700] train_loss=0.5555 val_loss=0.5513 lr=9.72e-04 (23s)
Metric val/loss improved by 0.001 >= min_delta = 0.0. New best score: 0.551
  [Epoch 76] Batch 50/375 (13%)
  [Epoch 76] Batch 100/375 (27%)
  [Epoch 76] Batch 150/375 (40%)
  [Epoch 76] Batch 200/375 (53%)
  [Epoch 76] Batch 250/375 (67%)
  [Epoch 76] Batch 300/375 (80%)
  [Epoch 76] Batch 350/375 (93%)
[Epoch 76/700] train_loss=0.5579 val_loss=0.5531 lr=9.71e-04 (22s)
  [Epoch 77] Batch 50/375 (13%)
  [Epoch 77] Batch 100/375 (27%)
  [Epoch 77] Batch 150/375 (40%)
  [Epoch 77] Batch 200/375 (53%)
  [Epoch 77] Batch 250/375 (67%)
  [Epoch 77] Batch 300/375 (80%)
  [Epoch 77] Batch 350/375 (93%)
[Epoch 77/700] train_loss=0.5589 val_loss=0.5578 lr=9.70e-04 (22s)
  [Epoch 78] Batch 50/375 (13%)
  [Epoch 78] Batch 100/375 (27%)
  [Epoch 78] Batch 150/375 (40%)
  [Epoch 78] Batch 200/375 (53%)
  [Epoch 78] Batch 250/375 (67%)
  [Epoch 78] Batch 300/375 (80%)
  [Epoch 78] Batch 350/375 (93%)
[Epoch 78/700] train_loss=0.5562 val_loss=0.5607 lr=9.70e-04 (23s)
  [Epoch 79] Batch 50/375 (13%)
  [Epoch 79] Batch 100/375 (27%)
  [Epoch 79] Batch 150/375 (40%)
  [Epoch 79] Batch 200/375 (53%)
  [Epoch 79] Batch 250/375 (67%)
  [Epoch 79] Batch 300/375 (80%)
  [Epoch 79] Batch 350/375 (93%)
[Epoch 79/700] train_loss=0.5586 val_loss=0.5496 lr=9.69e-04 (23s)
Metric val/loss improved by 0.002 >= min_delta = 0.0. New best score: 0.550
  [Epoch 80] Batch 50/375 (13%)
  [Epoch 80] Batch 100/375 (27%)
  [Epoch 80] Batch 150/375 (40%)
  [Epoch 80] Batch 200/375 (53%)
  [Epoch 80] Batch 250/375 (67%)
  [Epoch 80] Batch 300/375 (80%)
  [Epoch 80] Batch 350/375 (93%)
[Epoch 80/700] train_loss=0.5622 val_loss=0.5601 lr=9.68e-04 (22s)
  [Epoch 81] Batch 50/375 (13%)
  [Epoch 81] Batch 100/375 (27%)
  [Epoch 81] Batch 150/375 (40%)
  [Epoch 81] Batch 200/375 (53%)
  [Epoch 81] Batch 250/375 (67%)
  [Epoch 81] Batch 300/375 (80%)
  [Epoch 81] Batch 350/375 (93%)
[Epoch 81/700] train_loss=0.5543 val_loss=0.5516 lr=9.67e-04 (23s)
  [Epoch 82] Batch 50/375 (13%)
  [Epoch 82] Batch 100/375 (27%)
  [Epoch 82] Batch 150/375 (40%)
  [Epoch 82] Batch 200/375 (53%)
  [Epoch 82] Batch 250/375 (67%)
  [Epoch 82] Batch 300/375 (80%)
  [Epoch 82] Batch 350/375 (93%)
[Epoch 82/700] train_loss=0.5569 val_loss=0.5579 lr=9.67e-04 (24s)
  [Epoch 83] Batch 50/375 (13%)
  [Epoch 83] Batch 100/375 (27%)
  [Epoch 83] Batch 150/375 (40%)
  [Epoch 83] Batch 200/375 (53%)
  [Epoch 83] Batch 250/375 (67%)
  [Epoch 83] Batch 300/375 (80%)
  [Epoch 83] Batch 350/375 (93%)
[Epoch 83/700] train_loss=0.5515 val_loss=0.5469 lr=9.66e-04 (23s)
Metric val/loss improved by 0.003 >= min_delta = 0.0. New best score: 0.547
  [Epoch 84] Batch 50/375 (13%)
  [Epoch 84] Batch 100/375 (27%)
  [Epoch 84] Batch 150/375 (40%)
  [Epoch 84] Batch 200/375 (53%)
  [Epoch 84] Batch 250/375 (67%)
  [Epoch 84] Batch 300/375 (80%)
  [Epoch 84] Batch 350/375 (93%)
[Epoch 84/700] train_loss=0.5515 val_loss=0.5549 lr=9.65e-04 (25s)
  [Epoch 85] Batch 50/375 (13%)
  [Epoch 85] Batch 100/375 (27%)
  [Epoch 85] Batch 150/375 (40%)
  [Epoch 85] Batch 200/375 (53%)
  [Epoch 85] Batch 250/375 (67%)
  [Epoch 85] Batch 300/375 (80%)
  [Epoch 85] Batch 350/375 (93%)
[Epoch 85/700] train_loss=0.5530 val_loss=0.5584 lr=9.64e-04 (24s)
  [Epoch 86] Batch 50/375 (13%)
  [Epoch 86] Batch 100/375 (27%)
  [Epoch 86] Batch 150/375 (40%)
  [Epoch 86] Batch 200/375 (53%)
  [Epoch 86] Batch 250/375 (67%)
  [Epoch 86] Batch 300/375 (80%)
  [Epoch 86] Batch 350/375 (93%)
[Epoch 86/700] train_loss=0.5497 val_loss=0.5519 lr=9.63e-04 (22s)
  [Epoch 87] Batch 50/375 (13%)
  [Epoch 87] Batch 100/375 (27%)
  [Epoch 87] Batch 150/375 (40%)
  [Epoch 87] Batch 200/375 (53%)
  [Epoch 87] Batch 250/375 (67%)
  [Epoch 87] Batch 300/375 (80%)
  [Epoch 87] Batch 350/375 (93%)
[Epoch 87/700] train_loss=0.5550 val_loss=0.5492 lr=9.62e-04 (23s)
  [Epoch 88] Batch 50/375 (13%)
  [Epoch 88] Batch 100/375 (27%)
  [Epoch 88] Batch 150/375 (40%)
  [Epoch 88] Batch 200/375 (53%)
  [Epoch 88] Batch 250/375 (67%)
  [Epoch 88] Batch 300/375 (80%)
  [Epoch 88] Batch 350/375 (93%)
[Epoch 88/700] train_loss=0.5529 val_loss=0.5527 lr=9.62e-04 (23s)
  [Epoch 89] Batch 50/375 (13%)
  [Epoch 89] Batch 100/375 (27%)
  [Epoch 89] Batch 150/375 (40%)
  [Epoch 89] Batch 200/375 (53%)
  [Epoch 89] Batch 250/375 (67%)
  [Epoch 89] Batch 300/375 (80%)
  [Epoch 89] Batch 350/375 (93%)
[Epoch 89/700] train_loss=0.5510 val_loss=0.5546 lr=9.61e-04 (23s)
  [Epoch 90] Batch 50/375 (13%)
  [Epoch 90] Batch 100/375 (27%)
  [Epoch 90] Batch 150/375 (40%)
  [Epoch 90] Batch 200/375 (53%)
  [Epoch 90] Batch 250/375 (67%)
  [Epoch 90] Batch 300/375 (80%)
  [Epoch 90] Batch 350/375 (93%)
[Epoch 90/700] train_loss=0.5541 val_loss=0.5556 lr=9.60e-04 (23s)
  [Epoch 91] Batch 50/375 (13%)
  [Epoch 91] Batch 100/375 (27%)
  [Epoch 91] Batch 150/375 (40%)
  [Epoch 91] Batch 200/375 (53%)
  [Epoch 91] Batch 250/375 (67%)
  [Epoch 91] Batch 300/375 (80%)
  [Epoch 91] Batch 350/375 (93%)
[Epoch 91/700] train_loss=0.5541 val_loss=0.5543 lr=9.59e-04 (22s)
  [Epoch 92] Batch 50/375 (13%)
  [Epoch 92] Batch 100/375 (27%)
  [Epoch 92] Batch 150/375 (40%)
  [Epoch 92] Batch 200/375 (53%)
  [Epoch 92] Batch 250/375 (67%)
  [Epoch 92] Batch 300/375 (80%)
  [Epoch 92] Batch 350/375 (93%)
[Epoch 92/700] train_loss=0.5544 val_loss=0.5548 lr=9.58e-04 (22s)
  [Epoch 93] Batch 50/375 (13%)
  [Epoch 93] Batch 100/375 (27%)
  [Epoch 93] Batch 150/375 (40%)
  [Epoch 93] Batch 200/375 (53%)
  [Epoch 93] Batch 250/375 (67%)
  [Epoch 93] Batch 300/375 (80%)
  [Epoch 93] Batch 350/375 (93%)
[Epoch 93/700] train_loss=0.5537 val_loss=0.5482 lr=9.57e-04 (22s)
  [Epoch 94] Batch 50/375 (13%)
  [Epoch 94] Batch 100/375 (27%)
  [Epoch 94] Batch 150/375 (40%)
  [Epoch 94] Batch 200/375 (53%)
  [Epoch 94] Batch 250/375 (67%)
  [Epoch 94] Batch 300/375 (80%)
  [Epoch 94] Batch 350/375 (93%)
[Epoch 94/700] train_loss=0.5439 val_loss=0.5558 lr=9.56e-04 (23s)
  [Epoch 95] Batch 50/375 (13%)
  [Epoch 95] Batch 100/375 (27%)
  [Epoch 95] Batch 150/375 (40%)
  [Epoch 95] Batch 200/375 (53%)
  [Epoch 95] Batch 250/375 (67%)
  [Epoch 95] Batch 300/375 (80%)
  [Epoch 95] Batch 350/375 (93%)
[Epoch 95/700] train_loss=0.5483 val_loss=0.5503 lr=9.55e-04 (23s)
  [Epoch 96] Batch 50/375 (13%)
  [Epoch 96] Batch 100/375 (27%)
  [Epoch 96] Batch 150/375 (40%)
  [Epoch 96] Batch 200/375 (53%)
  [Epoch 96] Batch 250/375 (67%)
  [Epoch 96] Batch 300/375 (80%)
  [Epoch 96] Batch 350/375 (93%)
[Epoch 96/700] train_loss=0.5523 val_loss=0.5395 lr=9.54e-04 (22s)
Metric val/loss improved by 0.007 >= min_delta = 0.0. New best score: 0.539
  [Epoch 97] Batch 50/375 (13%)
  [Epoch 97] Batch 100/375 (27%)
  [Epoch 97] Batch 150/375 (40%)
  [Epoch 97] Batch 200/375 (53%)
  [Epoch 97] Batch 250/375 (67%)
  [Epoch 97] Batch 300/375 (80%)
  [Epoch 97] Batch 350/375 (93%)
[Epoch 97/700] train_loss=0.5528 val_loss=0.5348 lr=9.53e-04 (23s)
Metric val/loss improved by 0.005 >= min_delta = 0.0. New best score: 0.535
  [Epoch 98] Batch 50/375 (13%)
  [Epoch 98] Batch 100/375 (27%)
  [Epoch 98] Batch 150/375 (40%)
  [Epoch 98] Batch 200/375 (53%)
  [Epoch 98] Batch 250/375 (67%)
  [Epoch 98] Batch 300/375 (80%)
  [Epoch 98] Batch 350/375 (93%)
[Epoch 98/700] train_loss=0.5496 val_loss=0.5396 lr=9.52e-04 (23s)
  [Epoch 99] Batch 50/375 (13%)
  [Epoch 99] Batch 100/375 (27%)
  [Epoch 99] Batch 150/375 (40%)
  [Epoch 99] Batch 200/375 (53%)
  [Epoch 99] Batch 250/375 (67%)
  [Epoch 99] Batch 300/375 (80%)
  [Epoch 99] Batch 350/375 (93%)
[Epoch 99/700] train_loss=0.5492 val_loss=0.5373 lr=9.51e-04 (23s)
  [Epoch 100] Batch 50/375 (13%)
  [Epoch 100] Batch 100/375 (27%)
  [Epoch 100] Batch 150/375 (40%)
  [Epoch 100] Batch 200/375 (53%)
  [Epoch 100] Batch 250/375 (67%)
  [Epoch 100] Batch 300/375 (80%)
  [Epoch 100] Batch 350/375 (93%)
[Epoch 100/700] train_loss=0.5443 val_loss=0.5507 lr=9.50e-04 (23s)
  [Epoch 101] Batch 50/375 (13%)
  [Epoch 101] Batch 100/375 (27%)
  [Epoch 101] Batch 150/375 (40%)
  [Epoch 101] Batch 200/375 (53%)
  [Epoch 101] Batch 250/375 (67%)
  [Epoch 101] Batch 300/375 (80%)
  [Epoch 101] Batch 350/375 (93%)
[Epoch 101/700] train_loss=0.5495 val_loss=0.5529 lr=9.50e-04 (23s)
  [Epoch 102] Batch 50/375 (13%)
  [Epoch 102] Batch 100/375 (27%)
  [Epoch 102] Batch 150/375 (40%)
  [Epoch 102] Batch 200/375 (53%)
  [Epoch 102] Batch 250/375 (67%)
  [Epoch 102] Batch 300/375 (80%)
  [Epoch 102] Batch 350/375 (93%)
[Epoch 102/700] train_loss=0.5452 val_loss=0.5500 lr=9.49e-04 (23s)
  [Epoch 103] Batch 50/375 (13%)
  [Epoch 103] Batch 100/375 (27%)
  [Epoch 103] Batch 150/375 (40%)
  [Epoch 103] Batch 200/375 (53%)
  [Epoch 103] Batch 250/375 (67%)
  [Epoch 103] Batch 300/375 (80%)
  [Epoch 103] Batch 350/375 (93%)
[Epoch 103/700] train_loss=0.5485 val_loss=0.5502 lr=9.48e-04 (23s)
  [Epoch 104] Batch 50/375 (13%)
  [Epoch 104] Batch 100/375 (27%)
  [Epoch 104] Batch 150/375 (40%)
  [Epoch 104] Batch 200/375 (53%)
  [Epoch 104] Batch 250/375 (67%)
  [Epoch 104] Batch 300/375 (80%)
  [Epoch 104] Batch 350/375 (93%)
[Epoch 104/700] train_loss=0.5500 val_loss=0.5571 lr=9.47e-04 (23s)
  [Epoch 105] Batch 50/375 (13%)
  [Epoch 105] Batch 100/375 (27%)
  [Epoch 105] Batch 150/375 (40%)
  [Epoch 105] Batch 200/375 (53%)
  [Epoch 105] Batch 250/375 (67%)
  [Epoch 105] Batch 300/375 (80%)
  [Epoch 105] Batch 350/375 (93%)
[Epoch 105/700] train_loss=0.5496 val_loss=0.5546 lr=9.46e-04 (22s)
  [Epoch 106] Batch 50/375 (13%)
  [Epoch 106] Batch 100/375 (27%)
  [Epoch 106] Batch 150/375 (40%)
  [Epoch 106] Batch 200/375 (53%)
  [Epoch 106] Batch 250/375 (67%)
  [Epoch 106] Batch 300/375 (80%)
  [Epoch 106] Batch 350/375 (93%)
[Epoch 106/700] train_loss=0.5457 val_loss=0.5451 lr=9.44e-04 (22s)
  [Epoch 107] Batch 50/375 (13%)
  [Epoch 107] Batch 100/375 (27%)
  [Epoch 107] Batch 150/375 (40%)
  [Epoch 107] Batch 200/375 (53%)
  [Epoch 107] Batch 250/375 (67%)
  [Epoch 107] Batch 300/375 (80%)
  [Epoch 107] Batch 350/375 (93%)
[Epoch 107/700] train_loss=0.5468 val_loss=0.5428 lr=9.43e-04 (22s)
  [Epoch 108] Batch 50/375 (13%)
  [Epoch 108] Batch 100/375 (27%)
  [Epoch 108] Batch 150/375 (40%)
  [Epoch 108] Batch 200/375 (53%)
  [Epoch 108] Batch 250/375 (67%)
  [Epoch 108] Batch 300/375 (80%)
  [Epoch 108] Batch 350/375 (93%)
[Epoch 108/700] train_loss=0.5470 val_loss=0.5524 lr=9.42e-04 (23s)
  [Epoch 109] Batch 50/375 (13%)
  [Epoch 109] Batch 100/375 (27%)
  [Epoch 109] Batch 150/375 (40%)
  [Epoch 109] Batch 200/375 (53%)
  [Epoch 109] Batch 250/375 (67%)
  [Epoch 109] Batch 300/375 (80%)
  [Epoch 109] Batch 350/375 (93%)
[Epoch 109/700] train_loss=0.5473 val_loss=0.5428 lr=9.41e-04 (22s)
  [Epoch 110] Batch 50/375 (13%)
  [Epoch 110] Batch 100/375 (27%)
  [Epoch 110] Batch 150/375 (40%)
  [Epoch 110] Batch 200/375 (53%)
  [Epoch 110] Batch 250/375 (67%)
  [Epoch 110] Batch 300/375 (80%)
  [Epoch 110] Batch 350/375 (93%)
[Epoch 110/700] train_loss=0.5434 val_loss=0.5389 lr=9.40e-04 (24s)
  [Epoch 111] Batch 50/375 (13%)
  [Epoch 111] Batch 100/375 (27%)
  [Epoch 111] Batch 150/375 (40%)
  [Epoch 111] Batch 200/375 (53%)
  [Epoch 111] Batch 250/375 (67%)
  [Epoch 111] Batch 300/375 (80%)
  [Epoch 111] Batch 350/375 (93%)
[Epoch 111/700] train_loss=0.5457 val_loss=0.5506 lr=9.39e-04 (22s)
  [Epoch 112] Batch 50/375 (13%)
  [Epoch 112] Batch 100/375 (27%)
  [Epoch 112] Batch 150/375 (40%)
  [Epoch 112] Batch 200/375 (53%)
  [Epoch 112] Batch 250/375 (67%)
  [Epoch 112] Batch 300/375 (80%)
  [Epoch 112] Batch 350/375 (93%)
[Epoch 112/700] train_loss=0.5418 val_loss=0.5488 lr=9.38e-04 (22s)
  [Epoch 113] Batch 50/375 (13%)
  [Epoch 113] Batch 100/375 (27%)
  [Epoch 113] Batch 150/375 (40%)
  [Epoch 113] Batch 200/375 (53%)
  [Epoch 113] Batch 250/375 (67%)
  [Epoch 113] Batch 300/375 (80%)
  [Epoch 113] Batch 350/375 (93%)
[Epoch 113/700] train_loss=0.5434 val_loss=0.5431 lr=9.37e-04 (23s)
  [Epoch 114] Batch 50/375 (13%)
  [Epoch 114] Batch 100/375 (27%)
  [Epoch 114] Batch 150/375 (40%)
  [Epoch 114] Batch 200/375 (53%)
  [Epoch 114] Batch 250/375 (67%)
  [Epoch 114] Batch 300/375 (80%)
  [Epoch 114] Batch 350/375 (93%)
[Epoch 114/700] train_loss=0.5466 val_loss=0.5438 lr=9.36e-04 (23s)
  [Epoch 115] Batch 50/375 (13%)
  [Epoch 115] Batch 100/375 (27%)
  [Epoch 115] Batch 150/375 (40%)
  [Epoch 115] Batch 200/375 (53%)
  [Epoch 115] Batch 250/375 (67%)
  [Epoch 115] Batch 300/375 (80%)
  [Epoch 115] Batch 350/375 (93%)
[Epoch 115/700] train_loss=0.5431 val_loss=0.5406 lr=9.35e-04 (22s)
  [Epoch 116] Batch 50/375 (13%)
  [Epoch 116] Batch 100/375 (27%)
  [Epoch 116] Batch 150/375 (40%)
  [Epoch 116] Batch 200/375 (53%)
  [Epoch 116] Batch 250/375 (67%)
  [Epoch 116] Batch 300/375 (80%)
  [Epoch 116] Batch 350/375 (93%)
[Epoch 116/700] train_loss=0.5403 val_loss=0.5546 lr=9.34e-04 (22s)
  [Epoch 117] Batch 50/375 (13%)
  [Epoch 117] Batch 100/375 (27%)
  [Epoch 117] Batch 150/375 (40%)
  [Epoch 117] Batch 200/375 (53%)
  [Epoch 117] Batch 250/375 (67%)
  [Epoch 117] Batch 300/375 (80%)
  [Epoch 117] Batch 350/375 (93%)
[Epoch 117/700] train_loss=0.5435 val_loss=0.5439 lr=9.33e-04 (23s)
  [Epoch 118] Batch 50/375 (13%)
  [Epoch 118] Batch 100/375 (27%)
  [Epoch 118] Batch 150/375 (40%)
  [Epoch 118] Batch 200/375 (53%)
  [Epoch 118] Batch 250/375 (67%)
  [Epoch 118] Batch 300/375 (80%)
  [Epoch 118] Batch 350/375 (93%)
[Epoch 118/700] train_loss=0.5431 val_loss=0.5363 lr=9.32e-04 (22s)
  [Epoch 119] Batch 50/375 (13%)
  [Epoch 119] Batch 100/375 (27%)
  [Epoch 119] Batch 150/375 (40%)
  [Epoch 119] Batch 200/375 (53%)
  [Epoch 119] Batch 250/375 (67%)
  [Epoch 119] Batch 300/375 (80%)
  [Epoch 119] Batch 350/375 (93%)
[Epoch 119/700] train_loss=0.5423 val_loss=0.5520 lr=9.30e-04 (23s)
  [Epoch 120] Batch 50/375 (13%)
  [Epoch 120] Batch 100/375 (27%)
  [Epoch 120] Batch 150/375 (40%)
  [Epoch 120] Batch 200/375 (53%)
  [Epoch 120] Batch 250/375 (67%)
  [Epoch 120] Batch 300/375 (80%)
  [Epoch 120] Batch 350/375 (93%)
[Epoch 120/700] train_loss=0.5418 val_loss=0.5431 lr=9.29e-04 (24s)
  [Epoch 121] Batch 50/375 (13%)
  [Epoch 121] Batch 100/375 (27%)
  [Epoch 121] Batch 150/375 (40%)
  [Epoch 121] Batch 200/375 (53%)
  [Epoch 121] Batch 250/375 (67%)
  [Epoch 121] Batch 300/375 (80%)
  [Epoch 121] Batch 350/375 (93%)
[Epoch 121/700] train_loss=0.5418 val_loss=0.5588 lr=9.28e-04 (24s)
  [Epoch 122] Batch 50/375 (13%)
  [Epoch 122] Batch 100/375 (27%)
  [Epoch 122] Batch 150/375 (40%)
  [Epoch 122] Batch 200/375 (53%)
  [Epoch 122] Batch 250/375 (67%)
  [Epoch 122] Batch 300/375 (80%)
  [Epoch 122] Batch 350/375 (93%)
[Epoch 122/700] train_loss=0.5407 val_loss=0.5544 lr=9.27e-04 (23s)
  [Epoch 123] Batch 50/375 (13%)
  [Epoch 123] Batch 100/375 (27%)
  [Epoch 123] Batch 150/375 (40%)
  [Epoch 123] Batch 200/375 (53%)
  [Epoch 123] Batch 250/375 (67%)
  [Epoch 123] Batch 300/375 (80%)
  [Epoch 123] Batch 350/375 (93%)
[Epoch 123/700] train_loss=0.5433 val_loss=0.5429 lr=9.26e-04 (22s)
  [Epoch 124] Batch 50/375 (13%)
  [Epoch 124] Batch 100/375 (27%)
  [Epoch 124] Batch 150/375 (40%)
  [Epoch 124] Batch 200/375 (53%)
  [Epoch 124] Batch 250/375 (67%)
  [Epoch 124] Batch 300/375 (80%)
  [Epoch 124] Batch 350/375 (93%)
[Epoch 124/700] train_loss=0.5437 val_loss=0.5401 lr=9.25e-04 (24s)
  [Epoch 125] Batch 50/375 (13%)
  [Epoch 125] Batch 100/375 (27%)
  [Epoch 125] Batch 150/375 (40%)
  [Epoch 125] Batch 200/375 (53%)
  [Epoch 125] Batch 250/375 (67%)
  [Epoch 125] Batch 300/375 (80%)
  [Epoch 125] Batch 350/375 (93%)
[Epoch 125/700] train_loss=0.5414 val_loss=0.5524 lr=9.23e-04 (22s)
  [Epoch 126] Batch 50/375 (13%)
  [Epoch 126] Batch 100/375 (27%)
  [Epoch 126] Batch 150/375 (40%)
  [Epoch 126] Batch 200/375 (53%)
  [Epoch 126] Batch 250/375 (67%)
  [Epoch 126] Batch 300/375 (80%)
  [Epoch 126] Batch 350/375 (93%)
[Epoch 126/700] train_loss=0.5471 val_loss=0.5426 lr=9.22e-04 (23s)
  [Epoch 127] Batch 50/375 (13%)
  [Epoch 127] Batch 100/375 (27%)
  [Epoch 127] Batch 150/375 (40%)
  [Epoch 127] Batch 200/375 (53%)
  [Epoch 127] Batch 250/375 (67%)
  [Epoch 127] Batch 300/375 (80%)
  [Epoch 127] Batch 350/375 (93%)
[Epoch 127/700] train_loss=0.5398 val_loss=0.5442 lr=9.21e-04 (23s)
  [Epoch 128] Batch 50/375 (13%)
  [Epoch 128] Batch 100/375 (27%)
  [Epoch 128] Batch 150/375 (40%)
  [Epoch 128] Batch 200/375 (53%)
  [Epoch 128] Batch 250/375 (67%)
  [Epoch 128] Batch 300/375 (80%)
  [Epoch 128] Batch 350/375 (93%)
[Epoch 128/700] train_loss=0.5377 val_loss=0.5471 lr=9.20e-04 (24s)
  [Epoch 129] Batch 50/375 (13%)
  [Epoch 129] Batch 100/375 (27%)
  [Epoch 129] Batch 150/375 (40%)
  [Epoch 129] Batch 200/375 (53%)
  [Epoch 129] Batch 250/375 (67%)
  [Epoch 129] Batch 300/375 (80%)
  [Epoch 129] Batch 350/375 (93%)
[Epoch 129/700] train_loss=0.5424 val_loss=0.5418 lr=9.19e-04 (23s)
  [Epoch 130] Batch 50/375 (13%)
  [Epoch 130] Batch 100/375 (27%)
  [Epoch 130] Batch 150/375 (40%)
  [Epoch 130] Batch 200/375 (53%)
  [Epoch 130] Batch 250/375 (67%)
  [Epoch 130] Batch 300/375 (80%)
  [Epoch 130] Batch 350/375 (93%)
[Epoch 130/700] train_loss=0.5405 val_loss=0.5472 lr=9.17e-04 (23s)
  [Epoch 131] Batch 50/375 (13%)
  [Epoch 131] Batch 100/375 (27%)
  [Epoch 131] Batch 150/375 (40%)
  [Epoch 131] Batch 200/375 (53%)
  [Epoch 131] Batch 250/375 (67%)
  [Epoch 131] Batch 300/375 (80%)
  [Epoch 131] Batch 350/375 (93%)
[Epoch 131/700] train_loss=0.5406 val_loss=0.5531 lr=9.16e-04 (23s)
  [Epoch 132] Batch 50/375 (13%)
  [Epoch 132] Batch 100/375 (27%)
  [Epoch 132] Batch 150/375 (40%)
  [Epoch 132] Batch 200/375 (53%)
  [Epoch 132] Batch 250/375 (67%)
  [Epoch 132] Batch 300/375 (80%)
  [Epoch 132] Batch 350/375 (93%)
[Epoch 132/700] train_loss=0.5380 val_loss=0.5306 lr=9.15e-04 (23s)
Metric val/loss improved by 0.004 >= min_delta = 0.0. New best score: 0.531
  [Epoch 133] Batch 50/375 (13%)
  [Epoch 133] Batch 100/375 (27%)
  [Epoch 133] Batch 150/375 (40%)
  [Epoch 133] Batch 200/375 (53%)
  [Epoch 133] Batch 250/375 (67%)
  [Epoch 133] Batch 300/375 (80%)
  [Epoch 133] Batch 350/375 (93%)
[Epoch 133/700] train_loss=0.5365 val_loss=0.5287 lr=9.14e-04 (23s)
Metric val/loss improved by 0.002 >= min_delta = 0.0. New best score: 0.529
  [Epoch 134] Batch 50/375 (13%)
  [Epoch 134] Batch 100/375 (27%)
  [Epoch 134] Batch 150/375 (40%)
  [Epoch 134] Batch 200/375 (53%)
  [Epoch 134] Batch 250/375 (67%)
  [Epoch 134] Batch 300/375 (80%)
  [Epoch 134] Batch 350/375 (93%)
[Epoch 134/700] train_loss=0.5424 val_loss=0.5560 lr=9.12e-04 (22s)
  [Epoch 135] Batch 50/375 (13%)
  [Epoch 135] Batch 100/375 (27%)
  [Epoch 135] Batch 150/375 (40%)
  [Epoch 135] Batch 200/375 (53%)
  [Epoch 135] Batch 250/375 (67%)
  [Epoch 135] Batch 300/375 (80%)
  [Epoch 135] Batch 350/375 (93%)
[Epoch 135/700] train_loss=0.5404 val_loss=0.5447 lr=9.11e-04 (22s)
  [Epoch 136] Batch 50/375 (13%)
  [Epoch 136] Batch 100/375 (27%)
  [Epoch 136] Batch 150/375 (40%)
  [Epoch 136] Batch 200/375 (53%)
  [Epoch 136] Batch 250/375 (67%)
  [Epoch 136] Batch 300/375 (80%)
  [Epoch 136] Batch 350/375 (93%)
[Epoch 136/700] train_loss=0.5315 val_loss=0.5415 lr=9.10e-04 (23s)
  [Epoch 137] Batch 50/375 (13%)
  [Epoch 137] Batch 100/375 (27%)
  [Epoch 137] Batch 150/375 (40%)
  [Epoch 137] Batch 200/375 (53%)
  [Epoch 137] Batch 250/375 (67%)
  [Epoch 137] Batch 300/375 (80%)
  [Epoch 137] Batch 350/375 (93%)
[Epoch 137/700] train_loss=0.5438 val_loss=0.5467 lr=9.08e-04 (22s)
  [Epoch 138] Batch 50/375 (13%)
  [Epoch 138] Batch 100/375 (27%)
  [Epoch 138] Batch 150/375 (40%)
  [Epoch 138] Batch 200/375 (53%)
  [Epoch 138] Batch 250/375 (67%)
  [Epoch 138] Batch 300/375 (80%)
  [Epoch 138] Batch 350/375 (93%)
[Epoch 138/700] train_loss=0.5366 val_loss=0.5381 lr=9.07e-04 (22s)
  [Epoch 139] Batch 50/375 (13%)
  [Epoch 139] Batch 100/375 (27%)
  [Epoch 139] Batch 150/375 (40%)
  [Epoch 139] Batch 200/375 (53%)
  [Epoch 139] Batch 250/375 (67%)
  [Epoch 139] Batch 300/375 (80%)
  [Epoch 139] Batch 350/375 (93%)
[Epoch 139/700] train_loss=0.5359 val_loss=0.5408 lr=9.06e-04 (24s)
  [Epoch 140] Batch 50/375 (13%)
  [Epoch 140] Batch 100/375 (27%)
  [Epoch 140] Batch 150/375 (40%)
  [Epoch 140] Batch 200/375 (53%)
  [Epoch 140] Batch 250/375 (67%)
  [Epoch 140] Batch 300/375 (80%)
  [Epoch 140] Batch 350/375 (93%)
[Epoch 140/700] train_loss=0.5368 val_loss=0.5343 lr=9.05e-04 (23s)
  [Epoch 141] Batch 50/375 (13%)
  [Epoch 141] Batch 100/375 (27%)
  [Epoch 141] Batch 150/375 (40%)
  [Epoch 141] Batch 200/375 (53%)
  [Epoch 141] Batch 250/375 (67%)
  [Epoch 141] Batch 300/375 (80%)
  [Epoch 141] Batch 350/375 (93%)
[Epoch 141/700] train_loss=0.5394 val_loss=0.5388 lr=9.03e-04 (23s)
  [Epoch 142] Batch 50/375 (13%)
  [Epoch 142] Batch 100/375 (27%)
  [Epoch 142] Batch 150/375 (40%)
  [Epoch 142] Batch 200/375 (53%)
  [Epoch 142] Batch 250/375 (67%)
  [Epoch 142] Batch 300/375 (80%)
  [Epoch 142] Batch 350/375 (93%)
[Epoch 142/700] train_loss=0.5378 val_loss=0.5360 lr=9.02e-04 (24s)
  [Epoch 143] Batch 50/375 (13%)
  [Epoch 143] Batch 100/375 (27%)
  [Epoch 143] Batch 150/375 (40%)
  [Epoch 143] Batch 200/375 (53%)
  [Epoch 143] Batch 250/375 (67%)
  [Epoch 143] Batch 300/375 (80%)
  [Epoch 143] Batch 350/375 (93%)
[Epoch 143/700] train_loss=0.5363 val_loss=0.5343 lr=9.01e-04 (22s)
  [Epoch 144] Batch 50/375 (13%)
  [Epoch 144] Batch 100/375 (27%)
  [Epoch 144] Batch 150/375 (40%)
  [Epoch 144] Batch 200/375 (53%)
  [Epoch 144] Batch 250/375 (67%)
  [Epoch 144] Batch 300/375 (80%)
  [Epoch 144] Batch 350/375 (93%)
[Epoch 144/700] train_loss=0.5380 val_loss=0.5474 lr=8.99e-04 (23s)
  [Epoch 145] Batch 50/375 (13%)
  [Epoch 145] Batch 100/375 (27%)
  [Epoch 145] Batch 150/375 (40%)
  [Epoch 145] Batch 200/375 (53%)
  [Epoch 145] Batch 250/375 (67%)
  [Epoch 145] Batch 300/375 (80%)
  [Epoch 145] Batch 350/375 (93%)
[Epoch 145/700] train_loss=0.5374 val_loss=0.5381 lr=8.98e-04 (23s)
  [Epoch 146] Batch 50/375 (13%)
  [Epoch 146] Batch 100/375 (27%)
  [Epoch 146] Batch 150/375 (40%)
  [Epoch 146] Batch 200/375 (53%)
  [Epoch 146] Batch 250/375 (67%)
  [Epoch 146] Batch 300/375 (80%)
  [Epoch 146] Batch 350/375 (93%)
[Epoch 146/700] train_loss=0.5337 val_loss=0.5481 lr=8.96e-04 (24s)
  [Epoch 147] Batch 50/375 (13%)
  [Epoch 147] Batch 100/375 (27%)
  [Epoch 147] Batch 150/375 (40%)
  [Epoch 147] Batch 200/375 (53%)
  [Epoch 147] Batch 250/375 (67%)
  [Epoch 147] Batch 300/375 (80%)
  [Epoch 147] Batch 350/375 (93%)
[Epoch 147/700] train_loss=0.5364 val_loss=0.5364 lr=8.95e-04 (23s)
  [Epoch 148] Batch 50/375 (13%)
  [Epoch 148] Batch 100/375 (27%)
  [Epoch 148] Batch 150/375 (40%)
  [Epoch 148] Batch 200/375 (53%)
  [Epoch 148] Batch 250/375 (67%)
  [Epoch 148] Batch 300/375 (80%)
  [Epoch 148] Batch 350/375 (93%)
[Epoch 148/700] train_loss=0.5343 val_loss=0.5423 lr=8.94e-04 (23s)
  [Epoch 149] Batch 50/375 (13%)
  [Epoch 149] Batch 100/375 (27%)
  [Epoch 149] Batch 150/375 (40%)
  [Epoch 149] Batch 200/375 (53%)
  [Epoch 149] Batch 250/375 (67%)
  [Epoch 149] Batch 300/375 (80%)
  [Epoch 149] Batch 350/375 (93%)
[Epoch 149/700] train_loss=0.5349 val_loss=0.5351 lr=8.92e-04 (24s)
  [Epoch 150] Batch 50/375 (13%)
  [Epoch 150] Batch 100/375 (27%)
  [Epoch 150] Batch 150/375 (40%)
  [Epoch 150] Batch 200/375 (53%)
  [Epoch 150] Batch 250/375 (67%)
  [Epoch 150] Batch 300/375 (80%)
  [Epoch 150] Batch 350/375 (93%)
[Epoch 150/700] train_loss=0.5375 val_loss=0.5413 lr=8.91e-04 (22s)
  [Epoch 151] Batch 50/375 (13%)
  [Epoch 151] Batch 100/375 (27%)
  [Epoch 151] Batch 150/375 (40%)
  [Epoch 151] Batch 200/375 (53%)
  [Epoch 151] Batch 250/375 (67%)
  [Epoch 151] Batch 300/375 (80%)
  [Epoch 151] Batch 350/375 (93%)
[Epoch 151/700] train_loss=0.5337 val_loss=0.5511 lr=8.90e-04 (23s)
  [Epoch 152] Batch 50/375 (13%)
  [Epoch 152] Batch 100/375 (27%)
  [Epoch 152] Batch 150/375 (40%)
  [Epoch 152] Batch 200/375 (53%)
  [Epoch 152] Batch 250/375 (67%)
  [Epoch 152] Batch 300/375 (80%)
  [Epoch 152] Batch 350/375 (93%)
[Epoch 152/700] train_loss=0.5353 val_loss=0.5397 lr=8.88e-04 (23s)
  [Epoch 153] Batch 50/375 (13%)
  [Epoch 153] Batch 100/375 (27%)
  [Epoch 153] Batch 150/375 (40%)
  [Epoch 153] Batch 200/375 (53%)
  [Epoch 153] Batch 250/375 (67%)
  [Epoch 153] Batch 300/375 (80%)
  [Epoch 153] Batch 350/375 (93%)
[Epoch 153/700] train_loss=0.5393 val_loss=0.5314 lr=8.87e-04 (23s)
  [Epoch 154] Batch 50/375 (13%)
  [Epoch 154] Batch 100/375 (27%)
  [Epoch 154] Batch 150/375 (40%)
  [Epoch 154] Batch 200/375 (53%)
  [Epoch 154] Batch 250/375 (67%)
  [Epoch 154] Batch 300/375 (80%)
  [Epoch 154] Batch 350/375 (93%)
[Epoch 154/700] train_loss=0.5347 val_loss=0.5391 lr=8.85e-04 (23s)
  [Epoch 155] Batch 50/375 (13%)
  [Epoch 155] Batch 100/375 (27%)
  [Epoch 155] Batch 150/375 (40%)
  [Epoch 155] Batch 200/375 (53%)
  [Epoch 155] Batch 250/375 (67%)
  [Epoch 155] Batch 300/375 (80%)
  [Epoch 155] Batch 350/375 (93%)
[Epoch 155/700] train_loss=0.5327 val_loss=0.5424 lr=8.84e-04 (23s)
  [Epoch 156] Batch 50/375 (13%)
  [Epoch 156] Batch 100/375 (27%)
  [Epoch 156] Batch 150/375 (40%)
  [Epoch 156] Batch 200/375 (53%)
  [Epoch 156] Batch 250/375 (67%)
  [Epoch 156] Batch 300/375 (80%)
  [Epoch 156] Batch 350/375 (93%)
[Epoch 156/700] train_loss=0.5319 val_loss=0.5428 lr=8.82e-04 (22s)
  [Epoch 157] Batch 50/375 (13%)
  [Epoch 157] Batch 100/375 (27%)
  [Epoch 157] Batch 150/375 (40%)
  [Epoch 157] Batch 200/375 (53%)
  [Epoch 157] Batch 250/375 (67%)
  [Epoch 157] Batch 300/375 (80%)
  [Epoch 157] Batch 350/375 (93%)
[Epoch 157/700] train_loss=0.5316 val_loss=0.5383 lr=8.81e-04 (22s)
  [Epoch 158] Batch 50/375 (13%)
  [Epoch 158] Batch 100/375 (27%)
  [Epoch 158] Batch 150/375 (40%)
  [Epoch 158] Batch 200/375 (53%)
  [Epoch 158] Batch 250/375 (67%)
  [Epoch 158] Batch 300/375 (80%)
  [Epoch 158] Batch 350/375 (93%)
[Epoch 158/700] train_loss=0.5324 val_loss=0.5388 lr=8.79e-04 (22s)
  [Epoch 159] Batch 50/375 (13%)
  [Epoch 159] Batch 100/375 (27%)
  [Epoch 159] Batch 150/375 (40%)
  [Epoch 159] Batch 200/375 (53%)
  [Epoch 159] Batch 250/375 (67%)
  [Epoch 159] Batch 300/375 (80%)
  [Epoch 159] Batch 350/375 (93%)
[Epoch 159/700] train_loss=0.5340 val_loss=0.5287 lr=8.78e-04 (24s)
  [Epoch 160] Batch 50/375 (13%)
  [Epoch 160] Batch 100/375 (27%)
  [Epoch 160] Batch 150/375 (40%)
  [Epoch 160] Batch 200/375 (53%)
  [Epoch 160] Batch 250/375 (67%)
  [Epoch 160] Batch 300/375 (80%)
  [Epoch 160] Batch 350/375 (93%)
[Epoch 160/700] train_loss=0.5331 val_loss=0.5427 lr=8.77e-04 (24s)
  [Epoch 161] Batch 50/375 (13%)
  [Epoch 161] Batch 100/375 (27%)
  [Epoch 161] Batch 150/375 (40%)
  [Epoch 161] Batch 200/375 (53%)
  [Epoch 161] Batch 250/375 (67%)
  [Epoch 161] Batch 300/375 (80%)
  [Epoch 161] Batch 350/375 (93%)
[Epoch 161/700] train_loss=0.5384 val_loss=0.5461 lr=8.75e-04 (23s)
  [Epoch 162] Batch 50/375 (13%)
  [Epoch 162] Batch 100/375 (27%)
  [Epoch 162] Batch 150/375 (40%)
  [Epoch 162] Batch 200/375 (53%)
  [Epoch 162] Batch 250/375 (67%)
  [Epoch 162] Batch 300/375 (80%)
  [Epoch 162] Batch 350/375 (93%)
[Epoch 162/700] train_loss=0.5354 val_loss=0.5432 lr=8.74e-04 (24s)
  [Epoch 163] Batch 50/375 (13%)
  [Epoch 163] Batch 100/375 (27%)
  [Epoch 163] Batch 150/375 (40%)
  [Epoch 163] Batch 200/375 (53%)
  [Epoch 163] Batch 250/375 (67%)
  [Epoch 163] Batch 300/375 (80%)
  [Epoch 163] Batch 350/375 (93%)
[Epoch 163/700] train_loss=0.5309 val_loss=0.5474 lr=8.72e-04 (24s)
  [Epoch 164] Batch 50/375 (13%)
  [Epoch 164] Batch 100/375 (27%)
  [Epoch 164] Batch 150/375 (40%)
  [Epoch 164] Batch 200/375 (53%)
  [Epoch 164] Batch 250/375 (67%)
  [Epoch 164] Batch 300/375 (80%)
  [Epoch 164] Batch 350/375 (93%)
[Epoch 164/700] train_loss=0.5356 val_loss=0.5359 lr=8.71e-04 (22s)
  [Epoch 165] Batch 50/375 (13%)
  [Epoch 165] Batch 100/375 (27%)
  [Epoch 165] Batch 150/375 (40%)
  [Epoch 165] Batch 200/375 (53%)
  [Epoch 165] Batch 250/375 (67%)
  [Epoch 165] Batch 300/375 (80%)
  [Epoch 165] Batch 350/375 (93%)
[Epoch 165/700] train_loss=0.5323 val_loss=0.5475 lr=8.69e-04 (23s)
  [Epoch 166] Batch 50/375 (13%)
  [Epoch 166] Batch 100/375 (27%)
  [Epoch 166] Batch 150/375 (40%)
  [Epoch 166] Batch 200/375 (53%)
  [Epoch 166] Batch 250/375 (67%)
  [Epoch 166] Batch 300/375 (80%)
  [Epoch 166] Batch 350/375 (93%)
[Epoch 166/700] train_loss=0.5346 val_loss=0.5430 lr=8.68e-04 (24s)
  [Epoch 167] Batch 50/375 (13%)
  [Epoch 167] Batch 100/375 (27%)
  [Epoch 167] Batch 150/375 (40%)
  [Epoch 167] Batch 200/375 (53%)
  [Epoch 167] Batch 250/375 (67%)
  [Epoch 167] Batch 300/375 (80%)
  [Epoch 167] Batch 350/375 (93%)
[Epoch 167/700] train_loss=0.5323 val_loss=0.5337 lr=8.66e-04 (22s)
  [Epoch 168] Batch 50/375 (13%)
  [Epoch 168] Batch 100/375 (27%)
  [Epoch 168] Batch 150/375 (40%)
  [Epoch 168] Batch 200/375 (53%)
  [Epoch 168] Batch 250/375 (67%)
  [Epoch 168] Batch 300/375 (80%)
  [Epoch 168] Batch 350/375 (93%)
[Epoch 168/700] train_loss=0.5338 val_loss=0.5307 lr=8.64e-04 (22s)
  [Epoch 169] Batch 50/375 (13%)
  [Epoch 169] Batch 100/375 (27%)
  [Epoch 169] Batch 150/375 (40%)
  [Epoch 169] Batch 200/375 (53%)
  [Epoch 169] Batch 250/375 (67%)
  [Epoch 169] Batch 300/375 (80%)
  [Epoch 169] Batch 350/375 (93%)
[Epoch 169/700] train_loss=0.5308 val_loss=0.5386 lr=8.63e-04 (21s)
  [Epoch 170] Batch 50/375 (13%)
  [Epoch 170] Batch 100/375 (27%)
  [Epoch 170] Batch 150/375 (40%)
  [Epoch 170] Batch 200/375 (53%)
  [Epoch 170] Batch 250/375 (67%)
  [Epoch 170] Batch 300/375 (80%)
  [Epoch 170] Batch 350/375 (93%)
[Epoch 170/700] train_loss=0.5319 val_loss=0.5305 lr=8.61e-04 (24s)
  [Epoch 171] Batch 50/375 (13%)
  [Epoch 171] Batch 100/375 (27%)
  [Epoch 171] Batch 150/375 (40%)
  [Epoch 171] Batch 200/375 (53%)
  [Epoch 171] Batch 250/375 (67%)
  [Epoch 171] Batch 300/375 (80%)
  [Epoch 171] Batch 350/375 (93%)
[Epoch 171/700] train_loss=0.5336 val_loss=0.5324 lr=8.60e-04 (22s)
  [Epoch 172] Batch 50/375 (13%)
  [Epoch 172] Batch 100/375 (27%)
  [Epoch 172] Batch 150/375 (40%)
  [Epoch 172] Batch 200/375 (53%)
  [Epoch 172] Batch 250/375 (67%)
  [Epoch 172] Batch 300/375 (80%)
  [Epoch 172] Batch 350/375 (93%)
[Epoch 172/700] train_loss=0.5292 val_loss=0.5327 lr=8.58e-04 (22s)
  [Epoch 173] Batch 50/375 (13%)
  [Epoch 173] Batch 100/375 (27%)
  [Epoch 173] Batch 150/375 (40%)
  [Epoch 173] Batch 200/375 (53%)
  [Epoch 173] Batch 250/375 (67%)
  [Epoch 173] Batch 300/375 (80%)
  [Epoch 173] Batch 350/375 (93%)
[Epoch 173/700] train_loss=0.5315 val_loss=0.5327 lr=8.57e-04 (22s)
  [Epoch 174] Batch 50/375 (13%)
  [Epoch 174] Batch 100/375 (27%)
  [Epoch 174] Batch 150/375 (40%)
  [Epoch 174] Batch 200/375 (53%)
  [Epoch 174] Batch 250/375 (67%)
  [Epoch 174] Batch 300/375 (80%)
  [Epoch 174] Batch 350/375 (93%)
[Epoch 174/700] train_loss=0.5285 val_loss=0.5394 lr=8.55e-04 (24s)
  [Epoch 175] Batch 50/375 (13%)
  [Epoch 175] Batch 100/375 (27%)
  [Epoch 175] Batch 150/375 (40%)
  [Epoch 175] Batch 200/375 (53%)
  [Epoch 175] Batch 250/375 (67%)
  [Epoch 175] Batch 300/375 (80%)
  [Epoch 175] Batch 350/375 (93%)
[Epoch 175/700] train_loss=0.5285 val_loss=0.5416 lr=8.54e-04 (22s)
  [Epoch 176] Batch 50/375 (13%)
  [Epoch 176] Batch 100/375 (27%)
  [Epoch 176] Batch 150/375 (40%)
  [Epoch 176] Batch 200/375 (53%)
  [Epoch 176] Batch 250/375 (67%)
  [Epoch 176] Batch 300/375 (80%)
  [Epoch 176] Batch 350/375 (93%)
[Epoch 176/700] train_loss=0.5303 val_loss=0.5576 lr=8.52e-04 (23s)
  [Epoch 177] Batch 50/375 (13%)
  [Epoch 177] Batch 100/375 (27%)
  [Epoch 177] Batch 150/375 (40%)
  [Epoch 177] Batch 200/375 (53%)
  [Epoch 177] Batch 250/375 (67%)
  [Epoch 177] Batch 300/375 (80%)
  [Epoch 177] Batch 350/375 (93%)
[Epoch 177/700] train_loss=0.5310 val_loss=0.5299 lr=8.50e-04 (24s)
  [Epoch 178] Batch 50/375 (13%)
  [Epoch 178] Batch 100/375 (27%)
  [Epoch 178] Batch 150/375 (40%)
  [Epoch 178] Batch 200/375 (53%)
  [Epoch 178] Batch 250/375 (67%)
  [Epoch 178] Batch 300/375 (80%)
  [Epoch 178] Batch 350/375 (93%)
[Epoch 178/700] train_loss=0.5302 val_loss=0.5382 lr=8.49e-04 (22s)
  [Epoch 179] Batch 50/375 (13%)
  [Epoch 179] Batch 100/375 (27%)
  [Epoch 179] Batch 150/375 (40%)
  [Epoch 179] Batch 200/375 (53%)
  [Epoch 179] Batch 250/375 (67%)
  [Epoch 179] Batch 300/375 (80%)
  [Epoch 179] Batch 350/375 (93%)
[Epoch 179/700] train_loss=0.5260 val_loss=0.5376 lr=8.47e-04 (24s)
  [Epoch 180] Batch 50/375 (13%)
  [Epoch 180] Batch 100/375 (27%)
  [Epoch 180] Batch 150/375 (40%)
  [Epoch 180] Batch 200/375 (53%)
  [Epoch 180] Batch 250/375 (67%)
  [Epoch 180] Batch 300/375 (80%)
  [Epoch 180] Batch 350/375 (93%)
[Epoch 180/700] train_loss=0.5323 val_loss=0.5325 lr=8.46e-04 (22s)
  [Epoch 181] Batch 50/375 (13%)
  [Epoch 181] Batch 100/375 (27%)
  [Epoch 181] Batch 150/375 (40%)
  [Epoch 181] Batch 200/375 (53%)
  [Epoch 181] Batch 250/375 (67%)
  [Epoch 181] Batch 300/375 (80%)
  [Epoch 181] Batch 350/375 (93%)
[Epoch 181/700] train_loss=0.5320 val_loss=0.5400 lr=8.44e-04 (23s)
  [Epoch 182] Batch 50/375 (13%)
  [Epoch 182] Batch 100/375 (27%)
  [Epoch 182] Batch 150/375 (40%)
  [Epoch 182] Batch 200/375 (53%)
  [Epoch 182] Batch 250/375 (67%)
  [Epoch 182] Batch 300/375 (80%)
  [Epoch 182] Batch 350/375 (93%)
[Epoch 182/700] train_loss=0.5297 val_loss=0.5375 lr=8.42e-04 (22s)
  [Epoch 183] Batch 50/375 (13%)
  [Epoch 183] Batch 100/375 (27%)
  [Epoch 183] Batch 150/375 (40%)
  [Epoch 183] Batch 200/375 (53%)
  [Epoch 183] Batch 250/375 (67%)
  [Epoch 183] Batch 300/375 (80%)
  [Epoch 183] Batch 350/375 (93%)
[Epoch 183/700] train_loss=0.5273 val_loss=0.5236 lr=8.41e-04 (23s)
Metric val/loss improved by 0.005 >= min_delta = 0.0. New best score: 0.524
  [Epoch 184] Batch 50/375 (13%)
  [Epoch 184] Batch 100/375 (27%)
  [Epoch 184] Batch 150/375 (40%)
  [Epoch 184] Batch 200/375 (53%)
  [Epoch 184] Batch 250/375 (67%)
  [Epoch 184] Batch 300/375 (80%)
  [Epoch 184] Batch 350/375 (93%)
[Epoch 184/700] train_loss=0.5294 val_loss=0.5453 lr=8.39e-04 (24s)
  [Epoch 185] Batch 50/375 (13%)
  [Epoch 185] Batch 100/375 (27%)
  [Epoch 185] Batch 150/375 (40%)
  [Epoch 185] Batch 200/375 (53%)
  [Epoch 185] Batch 250/375 (67%)
  [Epoch 185] Batch 300/375 (80%)
  [Epoch 185] Batch 350/375 (93%)
[Epoch 185/700] train_loss=0.5294 val_loss=0.5378 lr=8.37e-04 (22s)
  [Epoch 186] Batch 50/375 (13%)
  [Epoch 186] Batch 100/375 (27%)
  [Epoch 186] Batch 150/375 (40%)
  [Epoch 186] Batch 200/375 (53%)
  [Epoch 186] Batch 250/375 (67%)
  [Epoch 186] Batch 300/375 (80%)
  [Epoch 186] Batch 350/375 (93%)
[Epoch 186/700] train_loss=0.5260 val_loss=0.5405 lr=8.36e-04 (23s)
  [Epoch 187] Batch 50/375 (13%)
  [Epoch 187] Batch 100/375 (27%)
  [Epoch 187] Batch 150/375 (40%)
  [Epoch 187] Batch 200/375 (53%)
  [Epoch 187] Batch 250/375 (67%)
  [Epoch 187] Batch 300/375 (80%)
  [Epoch 187] Batch 350/375 (93%)
[Epoch 187/700] train_loss=0.5305 val_loss=0.5297 lr=8.34e-04 (24s)
  [Epoch 188] Batch 50/375 (13%)
  [Epoch 188] Batch 100/375 (27%)
  [Epoch 188] Batch 150/375 (40%)
  [Epoch 188] Batch 200/375 (53%)
  [Epoch 188] Batch 250/375 (67%)
  [Epoch 188] Batch 300/375 (80%)
  [Epoch 188] Batch 350/375 (93%)
[Epoch 188/700] train_loss=0.5241 val_loss=0.5494 lr=8.32e-04 (22s)
  [Epoch 189] Batch 50/375 (13%)
  [Epoch 189] Batch 100/375 (27%)
  [Epoch 189] Batch 150/375 (40%)
  [Epoch 189] Batch 200/375 (53%)
  [Epoch 189] Batch 250/375 (67%)
  [Epoch 189] Batch 300/375 (80%)
  [Epoch 189] Batch 350/375 (93%)
[Epoch 189/700] train_loss=0.5294 val_loss=0.5345 lr=8.31e-04 (23s)
  [Epoch 190] Batch 50/375 (13%)
  [Epoch 190] Batch 100/375 (27%)
  [Epoch 190] Batch 150/375 (40%)
  [Epoch 190] Batch 200/375 (53%)
  [Epoch 190] Batch 250/375 (67%)
  [Epoch 190] Batch 300/375 (80%)
  [Epoch 190] Batch 350/375 (93%)
[Epoch 190/700] train_loss=0.5243 val_loss=0.5262 lr=8.29e-04 (22s)
  [Epoch 191] Batch 50/375 (13%)
  [Epoch 191] Batch 100/375 (27%)
  [Epoch 191] Batch 150/375 (40%)
  [Epoch 191] Batch 200/375 (53%)
  [Epoch 191] Batch 250/375 (67%)
  [Epoch 191] Batch 300/375 (80%)
  [Epoch 191] Batch 350/375 (93%)
[Epoch 191/700] train_loss=0.5311 val_loss=0.5248 lr=8.27e-04 (22s)
  [Epoch 192] Batch 50/375 (13%)
  [Epoch 192] Batch 100/375 (27%)
  [Epoch 192] Batch 150/375 (40%)
  [Epoch 192] Batch 200/375 (53%)
  [Epoch 192] Batch 250/375 (67%)
  [Epoch 192] Batch 300/375 (80%)
  [Epoch 192] Batch 350/375 (93%)
[Epoch 192/700] train_loss=0.5239 val_loss=0.5417 lr=8.26e-04 (23s)
  [Epoch 193] Batch 50/375 (13%)
  [Epoch 193] Batch 100/375 (27%)
  [Epoch 193] Batch 150/375 (40%)
  [Epoch 193] Batch 200/375 (53%)
  [Epoch 193] Batch 250/375 (67%)
  [Epoch 193] Batch 300/375 (80%)
  [Epoch 193] Batch 350/375 (93%)
[Epoch 193/700] train_loss=0.5263 val_loss=0.5316 lr=8.24e-04 (23s)
  [Epoch 194] Batch 50/375 (13%)
  [Epoch 194] Batch 100/375 (27%)
  [Epoch 194] Batch 150/375 (40%)
  [Epoch 194] Batch 200/375 (53%)
  [Epoch 194] Batch 250/375 (67%)
  [Epoch 194] Batch 300/375 (80%)
  [Epoch 194] Batch 350/375 (93%)
[Epoch 194/700] train_loss=0.5260 val_loss=0.5385 lr=8.22e-04 (22s)
  [Epoch 195] Batch 50/375 (13%)
  [Epoch 195] Batch 100/375 (27%)
  [Epoch 195] Batch 150/375 (40%)
  [Epoch 195] Batch 200/375 (53%)
  [Epoch 195] Batch 250/375 (67%)
  [Epoch 195] Batch 300/375 (80%)
  [Epoch 195] Batch 350/375 (93%)
[Epoch 195/700] train_loss=0.5271 val_loss=0.5434 lr=8.20e-04 (23s)
  [Epoch 196] Batch 50/375 (13%)
  [Epoch 196] Batch 100/375 (27%)
  [Epoch 196] Batch 150/375 (40%)
  [Epoch 196] Batch 200/375 (53%)
  [Epoch 196] Batch 250/375 (67%)
  [Epoch 196] Batch 300/375 (80%)
  [Epoch 196] Batch 350/375 (93%)
[Epoch 196/700] train_loss=0.5267 val_loss=0.5437 lr=8.19e-04 (23s)
  [Epoch 197] Batch 50/375 (13%)
  [Epoch 197] Batch 100/375 (27%)
  [Epoch 197] Batch 150/375 (40%)
  [Epoch 197] Batch 200/375 (53%)
  [Epoch 197] Batch 250/375 (67%)
  [Epoch 197] Batch 300/375 (80%)
  [Epoch 197] Batch 350/375 (93%)
[Epoch 197/700] train_loss=0.5248 val_loss=0.5395 lr=8.17e-04 (26s)
  [Epoch 198] Batch 50/375 (13%)
  [Epoch 198] Batch 100/375 (27%)
  [Epoch 198] Batch 150/375 (40%)
  [Epoch 198] Batch 200/375 (53%)
  [Epoch 198] Batch 250/375 (67%)
  [Epoch 198] Batch 300/375 (80%)
  [Epoch 198] Batch 350/375 (93%)
[Epoch 198/700] train_loss=0.5285 val_loss=0.5371 lr=8.15e-04 (22s)
  [Epoch 199] Batch 50/375 (13%)
  [Epoch 199] Batch 100/375 (27%)
  [Epoch 199] Batch 150/375 (40%)
  [Epoch 199] Batch 200/375 (53%)
  [Epoch 199] Batch 250/375 (67%)
  [Epoch 199] Batch 300/375 (80%)
  [Epoch 199] Batch 350/375 (93%)
[Epoch 199/700] train_loss=0.5259 val_loss=0.5291 lr=8.13e-04 (23s)
  [Epoch 200] Batch 50/375 (13%)
  [Epoch 200] Batch 100/375 (27%)
  [Epoch 200] Batch 150/375 (40%)
  [Epoch 200] Batch 200/375 (53%)
  [Epoch 200] Batch 250/375 (67%)
  [Epoch 200] Batch 300/375 (80%)
  [Epoch 200] Batch 350/375 (93%)
[Epoch 200/700] train_loss=0.5278 val_loss=0.5373 lr=8.12e-04 (23s)
  [Epoch 201] Batch 50/375 (13%)
  [Epoch 201] Batch 100/375 (27%)
  [Epoch 201] Batch 150/375 (40%)
  [Epoch 201] Batch 200/375 (53%)
  [Epoch 201] Batch 250/375 (67%)
  [Epoch 201] Batch 300/375 (80%)
  [Epoch 201] Batch 350/375 (93%)
[Epoch 201/700] train_loss=0.5293 val_loss=0.5395 lr=8.10e-04 (23s)
  [Epoch 202] Batch 50/375 (13%)
  [Epoch 202] Batch 100/375 (27%)
  [Epoch 202] Batch 150/375 (40%)
  [Epoch 202] Batch 200/375 (53%)
  [Epoch 202] Batch 250/375 (67%)
  [Epoch 202] Batch 300/375 (80%)
  [Epoch 202] Batch 350/375 (93%)
[Epoch 202/700] train_loss=0.5302 val_loss=0.5281 lr=8.08e-04 (22s)
  [Epoch 203] Batch 50/375 (13%)
  [Epoch 203] Batch 100/375 (27%)
  [Epoch 203] Batch 150/375 (40%)
  [Epoch 203] Batch 200/375 (53%)
  [Epoch 203] Batch 250/375 (67%)
  [Epoch 203] Batch 300/375 (80%)
  [Epoch 203] Batch 350/375 (93%)
[Epoch 203/700] train_loss=0.5210 val_loss=0.5321 lr=8.06e-04 (22s)
  [Epoch 204] Batch 50/375 (13%)
  [Epoch 204] Batch 100/375 (27%)
  [Epoch 204] Batch 150/375 (40%)
  [Epoch 204] Batch 200/375 (53%)
  [Epoch 204] Batch 250/375 (67%)
  [Epoch 204] Batch 300/375 (80%)
  [Epoch 204] Batch 350/375 (93%)
[Epoch 204/700] train_loss=0.5204 val_loss=0.5374 lr=8.05e-04 (22s)
  [Epoch 205] Batch 50/375 (13%)
  [Epoch 205] Batch 100/375 (27%)
  [Epoch 205] Batch 150/375 (40%)
  [Epoch 205] Batch 200/375 (53%)
  [Epoch 205] Batch 250/375 (67%)
  [Epoch 205] Batch 300/375 (80%)
  [Epoch 205] Batch 350/375 (93%)
[Epoch 205/700] train_loss=0.5243 val_loss=0.5375 lr=8.03e-04 (25s)
  [Epoch 206] Batch 50/375 (13%)
  [Epoch 206] Batch 100/375 (27%)
  [Epoch 206] Batch 150/375 (40%)
  [Epoch 206] Batch 200/375 (53%)
  [Epoch 206] Batch 250/375 (67%)
  [Epoch 206] Batch 300/375 (80%)
  [Epoch 206] Batch 350/375 (93%)
[Epoch 206/700] train_loss=0.5259 val_loss=0.5382 lr=8.01e-04 (23s)
  [Epoch 207] Batch 50/375 (13%)
  [Epoch 207] Batch 100/375 (27%)
  [Epoch 207] Batch 150/375 (40%)
  [Epoch 207] Batch 200/375 (53%)
  [Epoch 207] Batch 250/375 (67%)
  [Epoch 207] Batch 300/375 (80%)
  [Epoch 207] Batch 350/375 (93%)
[Epoch 207/700] train_loss=0.5258 val_loss=0.5410 lr=7.99e-04 (25s)
  [Epoch 208] Batch 50/375 (13%)
  [Epoch 208] Batch 100/375 (27%)
  [Epoch 208] Batch 150/375 (40%)
  [Epoch 208] Batch 200/375 (53%)
  [Epoch 208] Batch 250/375 (67%)
  [Epoch 208] Batch 300/375 (80%)
  [Epoch 208] Batch 350/375 (93%)
[Epoch 208/700] train_loss=0.5251 val_loss=0.5325 lr=7.98e-04 (28s)
  [Epoch 209] Batch 50/375 (13%)
  [Epoch 209] Batch 100/375 (27%)
  [Epoch 209] Batch 150/375 (40%)
  [Epoch 209] Batch 200/375 (53%)
  [Epoch 209] Batch 250/375 (67%)
  [Epoch 209] Batch 300/375 (80%)
  [Epoch 209] Batch 350/375 (93%)
[Epoch 209/700] train_loss=0.5201 val_loss=0.5392 lr=7.96e-04 (41s)
  [Epoch 210] Batch 50/375 (13%)
  [Epoch 210] Batch 100/375 (27%)
  [Epoch 210] Batch 150/375 (40%)
  [Epoch 210] Batch 200/375 (53%)
  [Epoch 210] Batch 250/375 (67%)
  [Epoch 210] Batch 300/375 (80%)
  [Epoch 210] Batch 350/375 (93%)
[Epoch 210/700] train_loss=0.5266 val_loss=0.5340 lr=7.94e-04 (22s)
  [Epoch 211] Batch 50/375 (13%)
  [Epoch 211] Batch 100/375 (27%)
  [Epoch 211] Batch 150/375 (40%)
  [Epoch 211] Batch 200/375 (53%)
  [Epoch 211] Batch 250/375 (67%)
  [Epoch 211] Batch 300/375 (80%)
  [Epoch 211] Batch 350/375 (93%)
[Epoch 211/700] train_loss=0.5268 val_loss=0.5428 lr=7.92e-04 (22s)
  [Epoch 212] Batch 50/375 (13%)
  [Epoch 212] Batch 100/375 (27%)
  [Epoch 212] Batch 150/375 (40%)
  [Epoch 212] Batch 200/375 (53%)
  [Epoch 212] Batch 250/375 (67%)
  [Epoch 212] Batch 300/375 (80%)
  [Epoch 212] Batch 350/375 (93%)
[Epoch 212/700] train_loss=0.5255 val_loss=0.5294 lr=7.90e-04 (22s)
  [Epoch 213] Batch 50/375 (13%)
  [Epoch 213] Batch 100/375 (27%)
  [Epoch 213] Batch 150/375 (40%)
  [Epoch 213] Batch 200/375 (53%)
  [Epoch 213] Batch 250/375 (67%)
  [Epoch 213] Batch 300/375 (80%)
  [Epoch 213] Batch 350/375 (93%)
[Epoch 213/700] train_loss=0.5254 val_loss=0.5421 lr=7.88e-04 (23s)
  [Epoch 214] Batch 50/375 (13%)
  [Epoch 214] Batch 100/375 (27%)
  [Epoch 214] Batch 150/375 (40%)
  [Epoch 214] Batch 200/375 (53%)
  [Epoch 214] Batch 250/375 (67%)
  [Epoch 214] Batch 300/375 (80%)
  [Epoch 214] Batch 350/375 (93%)
[Epoch 214/700] train_loss=0.5194 val_loss=0.5220 lr=7.87e-04 (23s)
Metric val/loss improved by 0.002 >= min_delta = 0.0. New best score: 0.522
  [Epoch 215] Batch 50/375 (13%)
  [Epoch 215] Batch 100/375 (27%)
  [Epoch 215] Batch 150/375 (40%)
  [Epoch 215] Batch 200/375 (53%)
  [Epoch 215] Batch 250/375 (67%)
  [Epoch 215] Batch 300/375 (80%)
  [Epoch 215] Batch 350/375 (93%)
[Epoch 215/700] train_loss=0.5223 val_loss=0.5425 lr=7.85e-04 (22s)
  [Epoch 216] Batch 50/375 (13%)
  [Epoch 216] Batch 100/375 (27%)
  [Epoch 216] Batch 150/375 (40%)
  [Epoch 216] Batch 200/375 (53%)
  [Epoch 216] Batch 250/375 (67%)
  [Epoch 216] Batch 300/375 (80%)
  [Epoch 216] Batch 350/375 (93%)
[Epoch 216/700] train_loss=0.5264 val_loss=0.5389 lr=7.83e-04 (22s)
  [Epoch 217] Batch 50/375 (13%)
  [Epoch 217] Batch 100/375 (27%)
  [Epoch 217] Batch 150/375 (40%)
  [Epoch 217] Batch 200/375 (53%)
  [Epoch 217] Batch 250/375 (67%)
  [Epoch 217] Batch 300/375 (80%)
  [Epoch 217] Batch 350/375 (93%)
[Epoch 217/700] train_loss=0.5201 val_loss=0.5442 lr=7.81e-04 (22s)
  [Epoch 218] Batch 50/375 (13%)
  [Epoch 218] Batch 100/375 (27%)
  [Epoch 218] Batch 150/375 (40%)
  [Epoch 218] Batch 200/375 (53%)
  [Epoch 218] Batch 250/375 (67%)
  [Epoch 218] Batch 300/375 (80%)
  [Epoch 218] Batch 350/375 (93%)
[Epoch 218/700] train_loss=0.5249 val_loss=0.5304 lr=7.79e-04 (23s)
  [Epoch 219] Batch 50/375 (13%)
  [Epoch 219] Batch 100/375 (27%)
  [Epoch 219] Batch 150/375 (40%)
  [Epoch 219] Batch 200/375 (53%)
  [Epoch 219] Batch 250/375 (67%)
  [Epoch 219] Batch 300/375 (80%)
  [Epoch 219] Batch 350/375 (93%)
[Epoch 219/700] train_loss=0.5225 val_loss=0.5322 lr=7.77e-04 (22s)
  [Epoch 220] Batch 50/375 (13%)
  [Epoch 220] Batch 100/375 (27%)
  [Epoch 220] Batch 150/375 (40%)
  [Epoch 220] Batch 200/375 (53%)
  [Epoch 220] Batch 250/375 (67%)
  [Epoch 220] Batch 300/375 (80%)
  [Epoch 220] Batch 350/375 (93%)
[Epoch 220/700] train_loss=0.5252 val_loss=0.5349 lr=7.75e-04 (23s)
  [Epoch 221] Batch 50/375 (13%)
  [Epoch 221] Batch 100/375 (27%)
  [Epoch 221] Batch 150/375 (40%)
  [Epoch 221] Batch 200/375 (53%)
  [Epoch 221] Batch 250/375 (67%)
  [Epoch 221] Batch 300/375 (80%)
  [Epoch 221] Batch 350/375 (93%)
[Epoch 221/700] train_loss=0.5245 val_loss=0.5369 lr=7.74e-04 (23s)
  [Epoch 222] Batch 50/375 (13%)
  [Epoch 222] Batch 100/375 (27%)
  [Epoch 222] Batch 150/375 (40%)
  [Epoch 222] Batch 200/375 (53%)
  [Epoch 222] Batch 250/375 (67%)
  [Epoch 222] Batch 300/375 (80%)
  [Epoch 222] Batch 350/375 (93%)
[Epoch 222/700] train_loss=0.5194 val_loss=0.5388 lr=7.72e-04 (22s)
  [Epoch 223] Batch 50/375 (13%)
  [Epoch 223] Batch 100/375 (27%)
  [Epoch 223] Batch 150/375 (40%)
  [Epoch 223] Batch 200/375 (53%)
  [Epoch 223] Batch 250/375 (67%)
  [Epoch 223] Batch 300/375 (80%)
  [Epoch 223] Batch 350/375 (93%)
[Epoch 223/700] train_loss=0.5259 val_loss=0.5282 lr=7.70e-04 (22s)
  [Epoch 224] Batch 50/375 (13%)
  [Epoch 224] Batch 100/375 (27%)
  [Epoch 224] Batch 150/375 (40%)
  [Epoch 224] Batch 200/375 (53%)
  [Epoch 224] Batch 250/375 (67%)
  [Epoch 224] Batch 300/375 (80%)
  [Epoch 224] Batch 350/375 (93%)
[Epoch 224/700] train_loss=0.5252 val_loss=0.5377 lr=7.68e-04 (23s)
  [Epoch 225] Batch 50/375 (13%)
  [Epoch 225] Batch 100/375 (27%)
  [Epoch 225] Batch 150/375 (40%)
  [Epoch 225] Batch 200/375 (53%)
  [Epoch 225] Batch 250/375 (67%)
  [Epoch 225] Batch 300/375 (80%)
  [Epoch 225] Batch 350/375 (93%)
[Epoch 225/700] train_loss=0.5193 val_loss=0.5409 lr=7.66e-04 (23s)
  [Epoch 226] Batch 50/375 (13%)
  [Epoch 226] Batch 100/375 (27%)
  [Epoch 226] Batch 150/375 (40%)
  [Epoch 226] Batch 200/375 (53%)
  [Epoch 226] Batch 250/375 (67%)
  [Epoch 226] Batch 300/375 (80%)
  [Epoch 226] Batch 350/375 (93%)
[Epoch 226/700] train_loss=0.5199 val_loss=0.5428 lr=7.64e-04 (24s)
  [Epoch 227] Batch 50/375 (13%)
  [Epoch 227] Batch 100/375 (27%)
  [Epoch 227] Batch 150/375 (40%)
  [Epoch 227] Batch 200/375 (53%)
  [Epoch 227] Batch 250/375 (67%)
  [Epoch 227] Batch 300/375 (80%)
  [Epoch 227] Batch 350/375 (93%)
[Epoch 227/700] train_loss=0.5233 val_loss=0.5447 lr=7.62e-04 (24s)
  [Epoch 228] Batch 50/375 (13%)
  [Epoch 228] Batch 100/375 (27%)
  [Epoch 228] Batch 150/375 (40%)
  [Epoch 228] Batch 200/375 (53%)
  [Epoch 228] Batch 250/375 (67%)
  [Epoch 228] Batch 300/375 (80%)
  [Epoch 228] Batch 350/375 (93%)
[Epoch 228/700] train_loss=0.5221 val_loss=0.5445 lr=7.60e-04 (23s)
  [Epoch 229] Batch 50/375 (13%)
  [Epoch 229] Batch 100/375 (27%)
  [Epoch 229] Batch 150/375 (40%)
  [Epoch 229] Batch 200/375 (53%)
  [Epoch 229] Batch 250/375 (67%)
  [Epoch 229] Batch 300/375 (80%)
  [Epoch 229] Batch 350/375 (93%)
[Epoch 229/700] train_loss=0.5257 val_loss=0.5271 lr=7.58e-04 (22s)
  [Epoch 230] Batch 50/375 (13%)
  [Epoch 230] Batch 100/375 (27%)
  [Epoch 230] Batch 150/375 (40%)
  [Epoch 230] Batch 200/375 (53%)
  [Epoch 230] Batch 250/375 (67%)
  [Epoch 230] Batch 300/375 (80%)
  [Epoch 230] Batch 350/375 (93%)
[Epoch 230/700] train_loss=0.5270 val_loss=0.5412 lr=7.56e-04 (23s)
  [Epoch 231] Batch 50/375 (13%)
  [Epoch 231] Batch 100/375 (27%)
  [Epoch 231] Batch 150/375 (40%)
  [Epoch 231] Batch 200/375 (53%)
  [Epoch 231] Batch 250/375 (67%)
  [Epoch 231] Batch 300/375 (80%)
  [Epoch 231] Batch 350/375 (93%)
[Epoch 231/700] train_loss=0.5224 val_loss=0.5344 lr=7.55e-04 (23s)
  [Epoch 232] Batch 50/375 (13%)
  [Epoch 232] Batch 100/375 (27%)
  [Epoch 232] Batch 150/375 (40%)
  [Epoch 232] Batch 200/375 (53%)
  [Epoch 232] Batch 250/375 (67%)
  [Epoch 232] Batch 300/375 (80%)
  [Epoch 232] Batch 350/375 (93%)
[Epoch 232/700] train_loss=0.5225 val_loss=0.5301 lr=7.53e-04 (23s)
  [Epoch 233] Batch 50/375 (13%)
  [Epoch 233] Batch 100/375 (27%)
  [Epoch 233] Batch 150/375 (40%)
  [Epoch 233] Batch 200/375 (53%)
  [Epoch 233] Batch 250/375 (67%)
  [Epoch 233] Batch 300/375 (80%)
  [Epoch 233] Batch 350/375 (93%)
[Epoch 233/700] train_loss=0.5203 val_loss=0.5232 lr=7.51e-04 (22s)
  [Epoch 234] Batch 50/375 (13%)
  [Epoch 234] Batch 100/375 (27%)
  [Epoch 234] Batch 150/375 (40%)
  [Epoch 234] Batch 200/375 (53%)
  [Epoch 234] Batch 250/375 (67%)
  [Epoch 234] Batch 300/375 (80%)
  [Epoch 234] Batch 350/375 (93%)
[Epoch 234/700] train_loss=0.5195 val_loss=0.5357 lr=7.49e-04 (23s)
  [Epoch 235] Batch 50/375 (13%)
  [Epoch 235] Batch 100/375 (27%)
  [Epoch 235] Batch 150/375 (40%)
  [Epoch 235] Batch 200/375 (53%)
  [Epoch 235] Batch 250/375 (67%)
  [Epoch 235] Batch 300/375 (80%)
  [Epoch 235] Batch 350/375 (93%)
[Epoch 235/700] train_loss=0.5165 val_loss=0.5342 lr=7.47e-04 (22s)
  [Epoch 236] Batch 50/375 (13%)
  [Epoch 236] Batch 100/375 (27%)
  [Epoch 236] Batch 150/375 (40%)
  [Epoch 236] Batch 200/375 (53%)
  [Epoch 236] Batch 250/375 (67%)
  [Epoch 236] Batch 300/375 (80%)
  [Epoch 236] Batch 350/375 (93%)
[Epoch 236/700] train_loss=0.5182 val_loss=0.5312 lr=7.45e-04 (22s)
  [Epoch 237] Batch 50/375 (13%)
  [Epoch 237] Batch 100/375 (27%)
  [Epoch 237] Batch 150/375 (40%)
  [Epoch 237] Batch 200/375 (53%)
  [Epoch 237] Batch 250/375 (67%)
  [Epoch 237] Batch 300/375 (80%)
  [Epoch 237] Batch 350/375 (93%)
[Epoch 237/700] train_loss=0.5182 val_loss=0.5362 lr=7.43e-04 (23s)
  [Epoch 238] Batch 50/375 (13%)
  [Epoch 238] Batch 100/375 (27%)
  [Epoch 238] Batch 150/375 (40%)
  [Epoch 238] Batch 200/375 (53%)
  [Epoch 238] Batch 250/375 (67%)
  [Epoch 238] Batch 300/375 (80%)
  [Epoch 238] Batch 350/375 (93%)
[Epoch 238/700] train_loss=0.5135 val_loss=0.5386 lr=7.41e-04 (22s)
  [Epoch 239] Batch 50/375 (13%)
  [Epoch 239] Batch 100/375 (27%)
  [Epoch 239] Batch 150/375 (40%)
  [Epoch 239] Batch 200/375 (53%)
  [Epoch 239] Batch 250/375 (67%)
  [Epoch 239] Batch 300/375 (80%)
  [Epoch 239] Batch 350/375 (93%)
[Epoch 239/700] train_loss=0.5208 val_loss=0.5336 lr=7.39e-04 (24s)
  [Epoch 240] Batch 50/375 (13%)
  [Epoch 240] Batch 100/375 (27%)
  [Epoch 240] Batch 150/375 (40%)
  [Epoch 240] Batch 200/375 (53%)
  [Epoch 240] Batch 250/375 (67%)
  [Epoch 240] Batch 300/375 (80%)
  [Epoch 240] Batch 350/375 (93%)
[Epoch 240/700] train_loss=0.5206 val_loss=0.5354 lr=7.37e-04 (23s)
  [Epoch 241] Batch 50/375 (13%)
  [Epoch 241] Batch 100/375 (27%)
  [Epoch 241] Batch 150/375 (40%)
  [Epoch 241] Batch 200/375 (53%)
  [Epoch 241] Batch 250/375 (67%)
  [Epoch 241] Batch 300/375 (80%)
  [Epoch 241] Batch 350/375 (93%)
[Epoch 241/700] train_loss=0.5191 val_loss=0.5372 lr=7.35e-04 (23s)
  [Epoch 242] Batch 50/375 (13%)
  [Epoch 242] Batch 100/375 (27%)
  [Epoch 242] Batch 150/375 (40%)
  [Epoch 242] Batch 200/375 (53%)
  [Epoch 242] Batch 250/375 (67%)
  [Epoch 242] Batch 300/375 (80%)
  [Epoch 242] Batch 350/375 (93%)
[Epoch 242/700] train_loss=0.5206 val_loss=0.5373 lr=7.33e-04 (22s)
  [Epoch 243] Batch 50/375 (13%)
  [Epoch 243] Batch 100/375 (27%)
  [Epoch 243] Batch 150/375 (40%)
  [Epoch 243] Batch 200/375 (53%)
  [Epoch 243] Batch 250/375 (67%)
  [Epoch 243] Batch 300/375 (80%)
  [Epoch 243] Batch 350/375 (93%)
[Epoch 243/700] train_loss=0.5175 val_loss=0.5394 lr=7.31e-04 (24s)
  [Epoch 244] Batch 50/375 (13%)
  [Epoch 244] Batch 100/375 (27%)
  [Epoch 244] Batch 150/375 (40%)
  [Epoch 244] Batch 200/375 (53%)
  [Epoch 244] Batch 250/375 (67%)
  [Epoch 244] Batch 300/375 (80%)
  [Epoch 244] Batch 350/375 (93%)
[Epoch 244/700] train_loss=0.5201 val_loss=0.5307 lr=7.29e-04 (24s)
  [Epoch 245] Batch 50/375 (13%)
  [Epoch 245] Batch 100/375 (27%)
  [Epoch 245] Batch 150/375 (40%)
  [Epoch 245] Batch 200/375 (53%)
  [Epoch 245] Batch 250/375 (67%)
  [Epoch 245] Batch 300/375 (80%)
  [Epoch 245] Batch 350/375 (93%)
[Epoch 245/700] train_loss=0.5155 val_loss=0.5399 lr=7.27e-04 (23s)
  [Epoch 246] Batch 50/375 (13%)
  [Epoch 246] Batch 100/375 (27%)
  [Epoch 246] Batch 150/375 (40%)
  [Epoch 246] Batch 200/375 (53%)
  [Epoch 246] Batch 250/375 (67%)
  [Epoch 246] Batch 300/375 (80%)
  [Epoch 246] Batch 350/375 (93%)
[Epoch 246/700] train_loss=0.5144 val_loss=0.5410 lr=7.25e-04 (22s)
  [Epoch 247] Batch 50/375 (13%)
  [Epoch 247] Batch 100/375 (27%)
  [Epoch 247] Batch 150/375 (40%)
  [Epoch 247] Batch 200/375 (53%)
  [Epoch 247] Batch 250/375 (67%)
  [Epoch 247] Batch 300/375 (80%)
  [Epoch 247] Batch 350/375 (93%)
[Epoch 247/700] train_loss=0.5170 val_loss=0.5291 lr=7.23e-04 (22s)
  [Epoch 248] Batch 50/375 (13%)
  [Epoch 248] Batch 100/375 (27%)
  [Epoch 248] Batch 150/375 (40%)
  [Epoch 248] Batch 200/375 (53%)
  [Epoch 248] Batch 250/375 (67%)
  [Epoch 248] Batch 300/375 (80%)
  [Epoch 248] Batch 350/375 (93%)
[Epoch 248/700] train_loss=0.5208 val_loss=0.5436 lr=7.21e-04 (23s)
  [Epoch 249] Batch 50/375 (13%)
  [Epoch 249] Batch 100/375 (27%)
  [Epoch 249] Batch 150/375 (40%)
  [Epoch 249] Batch 200/375 (53%)
  [Epoch 249] Batch 250/375 (67%)
  [Epoch 249] Batch 300/375 (80%)
  [Epoch 249] Batch 350/375 (93%)
[Epoch 249/700] train_loss=0.5171 val_loss=0.5438 lr=7.19e-04 (23s)
  [Epoch 250] Batch 50/375 (13%)
  [Epoch 250] Batch 100/375 (27%)
  [Epoch 250] Batch 150/375 (40%)
  [Epoch 250] Batch 200/375 (53%)
  [Epoch 250] Batch 250/375 (67%)
  [Epoch 250] Batch 300/375 (80%)
  [Epoch 250] Batch 350/375 (93%)
[Epoch 250/700] train_loss=0.5151 val_loss=0.5421 lr=7.17e-04 (23s)
  [Epoch 251] Batch 50/375 (13%)
  [Epoch 251] Batch 100/375 (27%)
  [Epoch 251] Batch 150/375 (40%)
  [Epoch 251] Batch 200/375 (53%)
  [Epoch 251] Batch 250/375 (67%)
  [Epoch 251] Batch 300/375 (80%)
  [Epoch 251] Batch 350/375 (93%)
[Epoch 251/700] train_loss=0.5175 val_loss=0.5365 lr=7.15e-04 (22s)
  [Epoch 252] Batch 50/375 (13%)
  [Epoch 252] Batch 100/375 (27%)
  [Epoch 252] Batch 150/375 (40%)
  [Epoch 252] Batch 200/375 (53%)
  [Epoch 252] Batch 250/375 (67%)
  [Epoch 252] Batch 300/375 (80%)
  [Epoch 252] Batch 350/375 (93%)
[Epoch 252/700] train_loss=0.5115 val_loss=0.5316 lr=7.13e-04 (23s)
  [Epoch 253] Batch 50/375 (13%)
  [Epoch 253] Batch 100/375 (27%)
  [Epoch 253] Batch 150/375 (40%)
  [Epoch 253] Batch 200/375 (53%)
  [Epoch 253] Batch 250/375 (67%)
  [Epoch 253] Batch 300/375 (80%)
  [Epoch 253] Batch 350/375 (93%)
[Epoch 253/700] train_loss=0.5146 val_loss=0.5379 lr=7.11e-04 (22s)
  [Epoch 254] Batch 50/375 (13%)
  [Epoch 254] Batch 100/375 (27%)
  [Epoch 254] Batch 150/375 (40%)
  [Epoch 254] Batch 200/375 (53%)
  [Epoch 254] Batch 250/375 (67%)
  [Epoch 254] Batch 300/375 (80%)
  [Epoch 254] Batch 350/375 (93%)
[Epoch 254/700] train_loss=0.5113 val_loss=0.5386 lr=7.09e-04 (23s)
  [Epoch 255] Batch 50/375 (13%)
  [Epoch 255] Batch 100/375 (27%)
  [Epoch 255] Batch 150/375 (40%)
  [Epoch 255] Batch 200/375 (53%)
  [Epoch 255] Batch 250/375 (67%)
  [Epoch 255] Batch 300/375 (80%)
  [Epoch 255] Batch 350/375 (93%)
[Epoch 255/700] train_loss=0.5185 val_loss=0.5245 lr=7.07e-04 (22s)
  [Epoch 256] Batch 50/375 (13%)
  [Epoch 256] Batch 100/375 (27%)
  [Epoch 256] Batch 150/375 (40%)
  [Epoch 256] Batch 200/375 (53%)
  [Epoch 256] Batch 250/375 (67%)
  [Epoch 256] Batch 300/375 (80%)
  [Epoch 256] Batch 350/375 (93%)
[Epoch 256/700] train_loss=0.5125 val_loss=0.5434 lr=7.05e-04 (22s)
  [Epoch 257] Batch 50/375 (13%)
  [Epoch 257] Batch 100/375 (27%)
  [Epoch 257] Batch 150/375 (40%)
  [Epoch 257] Batch 200/375 (53%)
  [Epoch 257] Batch 250/375 (67%)
  [Epoch 257] Batch 300/375 (80%)
  [Epoch 257] Batch 350/375 (93%)
[Epoch 257/700] train_loss=0.5184 val_loss=0.5382 lr=7.03e-04 (23s)
  [Epoch 258] Batch 50/375 (13%)
  [Epoch 258] Batch 100/375 (27%)
  [Epoch 258] Batch 150/375 (40%)
  [Epoch 258] Batch 200/375 (53%)
  [Epoch 258] Batch 250/375 (67%)
  [Epoch 258] Batch 300/375 (80%)
  [Epoch 258] Batch 350/375 (93%)
[Epoch 258/700] train_loss=0.5159 val_loss=0.5355 lr=7.01e-04 (25s)
  [Epoch 259] Batch 50/375 (13%)
  [Epoch 259] Batch 100/375 (27%)
  [Epoch 259] Batch 150/375 (40%)
  [Epoch 259] Batch 200/375 (53%)
  [Epoch 259] Batch 250/375 (67%)
  [Epoch 259] Batch 300/375 (80%)
  [Epoch 259] Batch 350/375 (93%)
[Epoch 259/700] train_loss=0.5177 val_loss=0.5261 lr=6.99e-04 (23s)
  [Epoch 260] Batch 50/375 (13%)
  [Epoch 260] Batch 100/375 (27%)
  [Epoch 260] Batch 150/375 (40%)
  [Epoch 260] Batch 200/375 (53%)
  [Epoch 260] Batch 250/375 (67%)
  [Epoch 260] Batch 300/375 (80%)
  [Epoch 260] Batch 350/375 (93%)
[Epoch 260/700] train_loss=0.5099 val_loss=0.5383 lr=6.97e-04 (23s)
  [Epoch 261] Batch 50/375 (13%)
  [Epoch 261] Batch 100/375 (27%)
  [Epoch 261] Batch 150/375 (40%)
  [Epoch 261] Batch 200/375 (53%)
  [Epoch 261] Batch 250/375 (67%)
  [Epoch 261] Batch 300/375 (80%)
  [Epoch 261] Batch 350/375 (93%)
[Epoch 261/700] train_loss=0.5108 val_loss=0.5285 lr=6.94e-04 (23s)
  [Epoch 262] Batch 50/375 (13%)
  [Epoch 262] Batch 100/375 (27%)
  [Epoch 262] Batch 150/375 (40%)
  [Epoch 262] Batch 200/375 (53%)
  [Epoch 262] Batch 250/375 (67%)
  [Epoch 262] Batch 300/375 (80%)
  [Epoch 262] Batch 350/375 (93%)
[Epoch 262/700] train_loss=0.5159 val_loss=0.5311 lr=6.92e-04 (22s)
  [Epoch 263] Batch 50/375 (13%)
  [Epoch 263] Batch 100/375 (27%)
  [Epoch 263] Batch 150/375 (40%)
  [Epoch 263] Batch 200/375 (53%)
  [Epoch 263] Batch 250/375 (67%)
  [Epoch 263] Batch 300/375 (80%)
  [Epoch 263] Batch 350/375 (93%)
[Epoch 263/700] train_loss=0.5087 val_loss=0.5436 lr=6.90e-04 (23s)
  [Epoch 264] Batch 50/375 (13%)
  [Epoch 264] Batch 100/375 (27%)
  [Epoch 264] Batch 150/375 (40%)
  [Epoch 264] Batch 200/375 (53%)
  [Epoch 264] Batch 250/375 (67%)
  [Epoch 264] Batch 300/375 (80%)
  [Epoch 264] Batch 350/375 (93%)
[Epoch 264/700] train_loss=0.5127 val_loss=0.5454 lr=6.88e-04 (23s)
Monitored metric val/loss did not improve in the last 50 records. Best score: 0.522. Signaling Trainer to stop.

[Training] Completed!

✓ Training completed!
  Final checkpoint: 
/public/home/xiongzhzh2023/PT4ConTSG/experiments/20260402_030946_synth-u_pt_factor_generator/checkpoints/finetune/finetune-epoch=213-val/loss=0
.5220.ckpt
  Experiment: experiments/20260402_030946_synth-u_pt_factor_generator

Running automatic evaluation...
Loading weights:   0%|          | 0/197 [00:00<?, ?it/s]Loading weights: 100%|██████████| 197/197 [00:00<00:00, 3418.52it/s]
[1mCLIPTextModelWithProjection LOAD REPORT[0m from: ./checkpoints/longclip
Key                                                            | Status     |  | 
---------------------------------------------------------------+------------+--+-
vision_model.encoder.layers.{0...23}.self_attn.out_proj.bias   | UNEXPECTED |  | 
vision_model.encoder.layers.{0...23}.mlp.fc1.weight            | UNEXPECTED |  | 
vision_model.encoder.layers.{0...23}.mlp.fc1.bias              | UNEXPECTED |  | 
vision_model.encoder.layers.{0...23}.self_attn.v_proj.bias     | UNEXPECTED |  | 
vision_model.encoder.layers.{0...23}.self_attn.k_proj.weight   | UNEXPECTED |  | 
vision_model.encoder.layers.{0...23}.self_attn.out_proj.weight | UNEXPECTED |  | 
vision_model.encoder.layers.{0...23}.mlp.fc2.weight            | UNEXPECTED |  | 
vision_model.embeddings.class_embedding                        | UNEXPECTED |  | 
vision_model.encoder.layers.{0...23}.self_attn.q_proj.weight   | UNEXPECTED |  | 
vision_model.encoder.layers.{0...23}.self_attn.k_proj.bias     | UNEXPECTED |  | 
vision_model.encoder.layers.{0...23}.layer_norm1.bias          | UNEXPECTED |  | 
vision_model.encoder.layers.{0...23}.mlp.fc2.bias              | UNEXPECTED |  | 
vision_model.encoder.layers.{0...23}.self_attn.v_proj.weight   | UNEXPECTED |  | 
vision_model.encoder.layers.{0...23}.layer_norm2.weight        | UNEXPECTED |  | 
vision_model.encoder.layers.{0...23}.self_attn.q_proj.bias     | UNEXPECTED |  | 
vision_model.encoder.layers.{0...23}.layer_norm1.weight        | UNEXPECTED |  | 
vision_model.encoder.layers.{0...23}.layer_norm2.bias          | UNEXPECTED |  | 
vision_model.pre_layrnorm.weight                               | UNEXPECTED |  | 
vision_model.post_layernorm.bias                               | UNEXPECTED |  | 
visual_projection.weight                                       | UNEXPECTED |  | 
vision_model.embeddings.patch_embedding.weight                 | UNEXPECTED |  | 
vision_model.pre_layrnorm.bias                                 | UNEXPECTED |  | 
logit_scale                                                    | UNEXPECTED |  | 
vision_model.embeddings.position_embedding.weight              | UNEXPECTED |  | 
vision_model.post_layernorm.weight                             | UNEXPECTED |  | 

[3mNotes:
- UNEXPECTED[3m	:can be ignored when loading from different task/architecture; not ok if you expect identical arch.[0m
[Evaluating (generating)] Starting (0/32)...
[Evaluating (generating)] 1/32 (3%)
[Evaluating (generating)] 4/32 (12%)
[Evaluating (generating)] 7/32 (22%)
[Evaluating (generating)] 10/32 (31%)
[Evaluating (generating)] 13/32 (41%)
[Evaluating (generating)] 16/32 (50%)
[Evaluating (generating)] 20/32 (62%)
[Evaluating (generating)] 23/32 (72%)
[Evaluating (generating)] 26/32 (81%)
[Evaluating (generating)] 29/32 (91%)
[Evaluating (generating)] 32/32 (100%)
[Evaluating (generating)] Completed (32 items)
Evaluation results saved to: experiments/20260402_030946_synth-u_pt_factor_generator/results/eval_results.json
          Evaluation Results           
┏━━━━━━━━━━━━━━━━━━━━━━━━━┳━━━━━━━━━━━┓
┃ Metric                  ┃     Value ┃
┡━━━━━━━━━━━━━━━━━━━━━━━━━╇━━━━━━━━━━━┩
│ dtw                     │  4.712008 │
│ wape                    │ 81.655190 │
│ ed                      │  8.333614 │
│ crps                    │  0.419081 │
│ acd                     │  0.057338 │
│ sd                      │  0.031386 │
│ kd                      │  0.364292 │
│ mdd                     │  0.014350 │
│ fid                     │ 22.190392 │
│ jftsd                   │ 24.312592 │
│ cttp                    │ 16.861148 │
│ disc_auc                │  0.982418 │
│ prdc_f1.f1              │  0.382720 │
│ prdc_f1.precision       │  0.576250 │
│ prdc_f1.recall          │  0.286500 │
│ joint_prdc_f1.f1        │  0.779638 │
│ joint_prdc_f1.precision │  0.852500 │
│ joint_prdc_f1.recall    │  0.718250 │
└─────────────────────────┴───────────┘
