Loading config from: configs/grid_search/ptfg_synth-m_lr1e-4_bs256_scT.yaml
Model schema mode: relaxed (no model-specific schema for 'pt_factor_generator')
         Configuration Summary         
┌───────────────┬─────────────────────┐
│ Dataset       │ synth-m             │
│ Model         │ pt_factor_generator │
│ Epochs        │ 700                 │
│ Batch Size    │ 256                 │
│ Learning Rate │ 0.0001              │
│ Device        │ cuda:0              │
│ Seed          │ 42                  │
└───────────────┴─────────────────────┘

Experiment directory: experiments/20260401_214959_synth-m_pt_factor_generator
Seed set to 42

Model: pt_factor_generator
Creating data module: synth-m

Starting multi-stage training (1 stage(s))...
  Stage 1: finetune (700 epochs, lr=0.0001)
/public/home/xiongzhzh2023/Anaconda/envs/contsg/lib/python3.12/site-packages/lightning_fabric/plugins/environments/slurm.py:204: The `srun` command is available on your system but is not used. HINT: If your intention is to run Lightning on SLURM, prepend your python command with `srun` like so: srun python3.1 /public/home/xiongzhzh2023/Anaconda/envs/contsg/b ...
GPU available: True (cuda), used: True
TPU available: False, using: 0 TPU cores
💡 Tip: For seamless cloud logging and experiment tracking, try installing [litlogger](https://pypi.org/project/litlogger/) to enable LitLogger, which logs metrics and artifacts automatically to the Lightning Experiments platform.
`Trainer(limit_train_batches=1.0)` was configured so 100% of the batches per epoch will be used..
`Trainer(limit_val_batches=1.0)` was configured so 100% of the batches will be used..
`Trainer(limit_test_batches=1.0)` was configured so 100% of the batches will be used..
`Trainer(val_check_interval=1.0)` was configured so validation will run at the end of the training epoch..
LOCAL_RANK: 0 - CUDA_VISIBLE_DEVICES: [0,1,2,3]
┏━━━┳━━━━━━━━━━━━━━┳━━━━━━━━━━━━━━━━━━━━━━━━┳━━━━━━━━┳━━━━━━━┳━━━━━━━┓
┃   ┃ Name         ┃ Type                   ┃ Params ┃ Mode  ┃ FLOPs ┃
┡━━━╇━━━━━━━━━━━━━━╇━━━━━━━━━━━━━━━━━━━━━━━━╇━━━━━━━━╇━━━━━━━╇━━━━━━━┩
│ 0 │ net          │ PTFactorNoisePredictor │  5.2 M │ train │     0 │
│   │ other params │ n/a                    │  1.0 K │ n/a   │   n/a │
└───┴──────────────┴────────────────────────┴────────┴───────┴───────┘
Trainable params: 5.2 M                                                                                                                                                                                                                                              
Non-trainable params: 0                                                                                                                                                                                                                                              
Total params: 5.2 M                                                                                                                                                                                                                                                  
Total estimated model params size (MB): 20                                                                                                                                                                                                                           
Modules in train mode: 195                                                                                                                                                                                                                                           
Modules in eval mode: 0                                                                                                                                                                                                                                              
Total FLOPs: 0                                                                                                                                                                                                                                                       
/public/home/xiongzhzh2023/Anaconda/envs/contsg/lib/python3.12/site-packages/pytorch_lightning/utilities/data.py:79: Trying to infer the `batch_size` from an ambiguous collection. The batch size we found is 256. To avoid any miscalculations, use `self.log(..., batch_size=batch_size)`.

[Training] Starting 700 epochs...
  [Epoch 1] Batch 50/93 (54%)
/public/home/xiongzhzh2023/Anaconda/envs/contsg/lib/python3.12/site-packages/pytorch_lightning/utilities/data.py:79: Trying to infer the `batch_size` from an ambiguous collection. The batch size we found is 160. To avoid any miscalculations, use `self.log(..., batch_size=batch_size)`.
[Epoch 1/700] train_loss=1.5780 val_loss=1.4530 lr=1.00e-04 (7s)
Metric val/loss improved. New best score: 1.453
  [Epoch 2] Batch 50/93 (54%)
[Epoch 2/700] train_loss=1.1552 val_loss=1.0198 lr=1.00e-04 (7s)
Metric val/loss improved by 0.433 >= min_delta = 0.0. New best score: 1.020
  [Epoch 3] Batch 50/93 (54%)
[Epoch 3/700] train_loss=0.9746 val_loss=0.9333 lr=1.00e-04 (7s)
Metric val/loss improved by 0.087 >= min_delta = 0.0. New best score: 0.933
  [Epoch 4] Batch 50/93 (54%)
[Epoch 4/700] train_loss=0.9345 val_loss=0.9255 lr=1.00e-04 (7s)
Metric val/loss improved by 0.008 >= min_delta = 0.0. New best score: 0.926
  [Epoch 5] Batch 50/93 (54%)
[Epoch 5/700] train_loss=0.9160 val_loss=0.8927 lr=1.00e-04 (7s)
Metric val/loss improved by 0.033 >= min_delta = 0.0. New best score: 0.893
  [Epoch 6] Batch 50/93 (54%)
[Epoch 6/700] train_loss=0.8961 val_loss=0.8832 lr=1.00e-04 (7s)
Metric val/loss improved by 0.009 >= min_delta = 0.0. New best score: 0.883
  [Epoch 7] Batch 50/93 (54%)
[Epoch 7/700] train_loss=0.8861 val_loss=0.8719 lr=1.00e-04 (7s)
Metric val/loss improved by 0.011 >= min_delta = 0.0. New best score: 0.872
  [Epoch 8] Batch 50/93 (54%)
[Epoch 8/700] train_loss=0.8732 val_loss=0.8600 lr=1.00e-04 (7s)
Metric val/loss improved by 0.012 >= min_delta = 0.0. New best score: 0.860
  [Epoch 9] Batch 50/93 (54%)
[Epoch 9/700] train_loss=0.8641 val_loss=0.8507 lr=1.00e-04 (7s)
Metric val/loss improved by 0.009 >= min_delta = 0.0. New best score: 0.851
  [Epoch 10] Batch 50/93 (54%)
[Epoch 10/700] train_loss=0.8553 val_loss=0.8505 lr=9.99e-05 (7s)
Metric val/loss improved by 0.000 >= min_delta = 0.0. New best score: 0.850
  [Epoch 11] Batch 50/93 (54%)
[Epoch 11/700] train_loss=0.8500 val_loss=0.8489 lr=9.99e-05 (7s)
Metric val/loss improved by 0.002 >= min_delta = 0.0. New best score: 0.849
  [Epoch 12] Batch 50/93 (54%)
[Epoch 12/700] train_loss=0.8491 val_loss=0.8470 lr=9.99e-05 (7s)
Metric val/loss improved by 0.002 >= min_delta = 0.0. New best score: 0.847
  [Epoch 13] Batch 50/93 (54%)
[Epoch 13/700] train_loss=0.8445 val_loss=0.8356 lr=9.99e-05 (7s)
Metric val/loss improved by 0.011 >= min_delta = 0.0. New best score: 0.836
  [Epoch 14] Batch 50/93 (54%)
[Epoch 14/700] train_loss=0.8393 val_loss=0.8471 lr=9.99e-05 (7s)
  [Epoch 15] Batch 50/93 (54%)
[Epoch 15/700] train_loss=0.8368 val_loss=0.8295 lr=9.99e-05 (7s)
Metric val/loss improved by 0.006 >= min_delta = 0.0. New best score: 0.829
  [Epoch 16] Batch 50/93 (54%)
[Epoch 16/700] train_loss=0.8372 val_loss=0.8360 lr=9.99e-05 (7s)
  [Epoch 17] Batch 50/93 (54%)
[Epoch 17/700] train_loss=0.8282 val_loss=0.8239 lr=9.99e-05 (7s)
Metric val/loss improved by 0.006 >= min_delta = 0.0. New best score: 0.824
  [Epoch 18] Batch 50/93 (54%)
[Epoch 18/700] train_loss=0.8229 val_loss=0.8286 lr=9.98e-05 (7s)
  [Epoch 19] Batch 50/93 (54%)
[Epoch 19/700] train_loss=0.8283 val_loss=0.8082 lr=9.98e-05 (7s)
Metric val/loss improved by 0.016 >= min_delta = 0.0. New best score: 0.808
  [Epoch 20] Batch 50/93 (54%)
[Epoch 20/700] train_loss=0.8208 val_loss=0.8147 lr=9.98e-05 (7s)
  [Epoch 21] Batch 50/93 (54%)
[Epoch 21/700] train_loss=0.8237 val_loss=0.8093 lr=9.98e-05 (7s)
  [Epoch 22] Batch 50/93 (54%)
[Epoch 22/700] train_loss=0.8184 val_loss=0.8306 lr=9.98e-05 (7s)
  [Epoch 23] Batch 50/93 (54%)
[Epoch 23/700] train_loss=0.8174 val_loss=0.8214 lr=9.97e-05 (7s)
  [Epoch 24] Batch 50/93 (54%)
[Epoch 24/700] train_loss=0.8231 val_loss=0.8158 lr=9.97e-05 (7s)
  [Epoch 25] Batch 50/93 (54%)
[Epoch 25/700] train_loss=0.8150 val_loss=0.8277 lr=9.97e-05 (7s)
  [Epoch 26] Batch 50/93 (54%)
[Epoch 26/700] train_loss=0.8162 val_loss=0.8075 lr=9.97e-05 (7s)
Metric val/loss improved by 0.001 >= min_delta = 0.0. New best score: 0.808
  [Epoch 27] Batch 50/93 (54%)
[Epoch 27/700] train_loss=0.8113 val_loss=0.8106 lr=9.96e-05 (7s)
  [Epoch 28] Batch 50/93 (54%)
[Epoch 28/700] train_loss=0.8090 val_loss=0.8081 lr=9.96e-05 (7s)
  [Epoch 29] Batch 50/93 (54%)
[Epoch 29/700] train_loss=0.8073 val_loss=0.8100 lr=9.96e-05 (7s)
  [Epoch 30] Batch 50/93 (54%)
[Epoch 30/700] train_loss=0.8052 val_loss=0.8147 lr=9.95e-05 (7s)
  [Epoch 31] Batch 50/93 (54%)
[Epoch 31/700] train_loss=0.7998 val_loss=0.7996 lr=9.95e-05 (7s)
Metric val/loss improved by 0.008 >= min_delta = 0.0. New best score: 0.800
  [Epoch 32] Batch 50/93 (54%)
[Epoch 32/700] train_loss=0.7923 val_loss=0.7977 lr=9.95e-05 (7s)
Metric val/loss improved by 0.002 >= min_delta = 0.0. New best score: 0.798
  [Epoch 33] Batch 50/93 (54%)
[Epoch 33/700] train_loss=0.7894 val_loss=0.8022 lr=9.95e-05 (7s)
  [Epoch 34] Batch 50/93 (54%)
[Epoch 34/700] train_loss=0.7892 val_loss=0.8005 lr=9.94e-05 (7s)
  [Epoch 35] Batch 50/93 (54%)
[Epoch 35/700] train_loss=0.7831 val_loss=0.8001 lr=9.94e-05 (7s)
  [Epoch 36] Batch 50/93 (54%)
[Epoch 36/700] train_loss=0.7889 val_loss=0.7834 lr=9.93e-05 (7s)
Metric val/loss improved by 0.014 >= min_delta = 0.0. New best score: 0.783
  [Epoch 37] Batch 50/93 (54%)
[Epoch 37/700] train_loss=0.7814 val_loss=0.7933 lr=9.93e-05 (7s)
  [Epoch 38] Batch 50/93 (54%)
[Epoch 38/700] train_loss=0.7837 val_loss=0.7873 lr=9.93e-05 (6s)
  [Epoch 39] Batch 50/93 (54%)
[Epoch 39/700] train_loss=0.7842 val_loss=0.7799 lr=9.92e-05 (7s)
Metric val/loss improved by 0.003 >= min_delta = 0.0. New best score: 0.780
  [Epoch 40] Batch 50/93 (54%)
[Epoch 40/700] train_loss=0.7784 val_loss=0.7612 lr=9.92e-05 (7s)
Metric val/loss improved by 0.019 >= min_delta = 0.0. New best score: 0.761
  [Epoch 41] Batch 50/93 (54%)
[Epoch 41/700] train_loss=0.7764 val_loss=0.7709 lr=9.92e-05 (7s)
  [Epoch 42] Batch 50/93 (54%)
[Epoch 42/700] train_loss=0.7772 val_loss=0.7703 lr=9.91e-05 (7s)
  [Epoch 43] Batch 50/93 (54%)
[Epoch 43/700] train_loss=0.7814 val_loss=0.7745 lr=9.91e-05 (6s)
  [Epoch 44] Batch 50/93 (54%)
[Epoch 44/700] train_loss=0.7753 val_loss=0.7736 lr=9.90e-05 (7s)
  [Epoch 45] Batch 50/93 (54%)
[Epoch 45/700] train_loss=0.7749 val_loss=0.7797 lr=9.90e-05 (7s)
  [Epoch 46] Batch 50/93 (54%)
[Epoch 46/700] train_loss=0.7666 val_loss=0.7672 lr=9.89e-05 (7s)
  [Epoch 47] Batch 50/93 (54%)
[Epoch 47/700] train_loss=0.7681 val_loss=0.7614 lr=9.89e-05 (7s)
  [Epoch 48] Batch 50/93 (54%)
[Epoch 48/700] train_loss=0.7669 val_loss=0.7720 lr=9.88e-05 (7s)
  [Epoch 49] Batch 50/93 (54%)
[Epoch 49/700] train_loss=0.7685 val_loss=0.7648 lr=9.88e-05 (7s)
  [Epoch 50] Batch 50/93 (54%)
[Epoch 50/700] train_loss=0.7658 val_loss=0.7683 lr=9.87e-05 (6s)
  [Epoch 51] Batch 50/93 (54%)
[Epoch 51/700] train_loss=0.7594 val_loss=0.7796 lr=9.87e-05 (7s)
  [Epoch 52] Batch 50/93 (54%)
[Epoch 52/700] train_loss=0.7586 val_loss=0.7667 lr=9.86e-05 (7s)
  [Epoch 53] Batch 50/93 (54%)
[Epoch 53/700] train_loss=0.7602 val_loss=0.7600 lr=9.86e-05 (7s)
Metric val/loss improved by 0.001 >= min_delta = 0.0. New best score: 0.760
  [Epoch 54] Batch 50/93 (54%)
[Epoch 54/700] train_loss=0.7586 val_loss=0.7702 lr=9.85e-05 (7s)
  [Epoch 55] Batch 50/93 (54%)
[Epoch 55/700] train_loss=0.7578 val_loss=0.7552 lr=9.85e-05 (7s)
Metric val/loss improved by 0.005 >= min_delta = 0.0. New best score: 0.755
  [Epoch 56] Batch 50/93 (54%)
[Epoch 56/700] train_loss=0.7575 val_loss=0.7613 lr=9.84e-05 (7s)
  [Epoch 57] Batch 50/93 (54%)
[Epoch 57/700] train_loss=0.7517 val_loss=0.7487 lr=9.84e-05 (7s)
Metric val/loss improved by 0.007 >= min_delta = 0.0. New best score: 0.749
  [Epoch 58] Batch 50/93 (54%)
[Epoch 58/700] train_loss=0.7540 val_loss=0.7507 lr=9.83e-05 (7s)
  [Epoch 59] Batch 50/93 (54%)
[Epoch 59/700] train_loss=0.7510 val_loss=0.7525 lr=9.83e-05 (7s)
  [Epoch 60] Batch 50/93 (54%)
[Epoch 60/700] train_loss=0.7514 val_loss=0.7413 lr=9.82e-05 (7s)
Metric val/loss improved by 0.007 >= min_delta = 0.0. New best score: 0.741
  [Epoch 61] Batch 50/93 (54%)
[Epoch 61/700] train_loss=0.7426 val_loss=0.7448 lr=9.81e-05 (7s)
  [Epoch 62] Batch 50/93 (54%)
[Epoch 62/700] train_loss=0.7442 val_loss=0.7394 lr=9.81e-05 (7s)
Metric val/loss improved by 0.002 >= min_delta = 0.0. New best score: 0.739
  [Epoch 63] Batch 50/93 (54%)
[Epoch 63/700] train_loss=0.7433 val_loss=0.7487 lr=9.80e-05 (7s)
  [Epoch 64] Batch 50/93 (54%)
[Epoch 64/700] train_loss=0.7326 val_loss=0.7358 lr=9.80e-05 (7s)
Metric val/loss improved by 0.004 >= min_delta = 0.0. New best score: 0.736
  [Epoch 65] Batch 50/93 (54%)
[Epoch 65/700] train_loss=0.7336 val_loss=0.7321 lr=9.79e-05 (7s)
Metric val/loss improved by 0.004 >= min_delta = 0.0. New best score: 0.732
  [Epoch 66] Batch 50/93 (54%)
[Epoch 66/700] train_loss=0.7245 val_loss=0.7383 lr=9.78e-05 (7s)
  [Epoch 67] Batch 50/93 (54%)
[Epoch 67/700] train_loss=0.7217 val_loss=0.7195 lr=9.78e-05 (7s)
Metric val/loss improved by 0.013 >= min_delta = 0.0. New best score: 0.719
  [Epoch 68] Batch 50/93 (54%)
[Epoch 68/700] train_loss=0.7199 val_loss=0.7225 lr=9.77e-05 (7s)
  [Epoch 69] Batch 50/93 (54%)
[Epoch 69/700] train_loss=0.7148 val_loss=0.7213 lr=9.76e-05 (7s)
  [Epoch 70] Batch 50/93 (54%)
[Epoch 70/700] train_loss=0.7136 val_loss=0.7202 lr=9.76e-05 (7s)
  [Epoch 71] Batch 50/93 (54%)
[Epoch 71/700] train_loss=0.7100 val_loss=0.7176 lr=9.75e-05 (7s)
Metric val/loss improved by 0.002 >= min_delta = 0.0. New best score: 0.718
  [Epoch 72] Batch 50/93 (54%)
[Epoch 72/700] train_loss=0.7058 val_loss=0.7011 lr=9.74e-05 (7s)
Metric val/loss improved by 0.017 >= min_delta = 0.0. New best score: 0.701
  [Epoch 73] Batch 50/93 (54%)
[Epoch 73/700] train_loss=0.7027 val_loss=0.7040 lr=9.73e-05 (7s)
  [Epoch 74] Batch 50/93 (54%)
[Epoch 74/700] train_loss=0.7053 val_loss=0.7082 lr=9.73e-05 (7s)
  [Epoch 75] Batch 50/93 (54%)
[Epoch 75/700] train_loss=0.7014 val_loss=0.7191 lr=9.72e-05 (7s)
  [Epoch 76] Batch 50/93 (54%)
[Epoch 76/700] train_loss=0.7010 val_loss=0.6954 lr=9.71e-05 (7s)
Metric val/loss improved by 0.006 >= min_delta = 0.0. New best score: 0.695
  [Epoch 77] Batch 50/93 (54%)
[Epoch 77/700] train_loss=0.6999 val_loss=0.7015 lr=9.70e-05 (7s)
  [Epoch 78] Batch 50/93 (54%)
[Epoch 78/700] train_loss=0.6942 val_loss=0.6956 lr=9.70e-05 (7s)
  [Epoch 79] Batch 50/93 (54%)
[Epoch 79/700] train_loss=0.6895 val_loss=0.6867 lr=9.69e-05 (6s)
Metric val/loss improved by 0.009 >= min_delta = 0.0. New best score: 0.687
  [Epoch 80] Batch 50/93 (54%)
[Epoch 80/700] train_loss=0.6960 val_loss=0.6905 lr=9.68e-05 (7s)
  [Epoch 81] Batch 50/93 (54%)
[Epoch 81/700] train_loss=0.6914 val_loss=0.6974 lr=9.67e-05 (7s)
  [Epoch 82] Batch 50/93 (54%)
[Epoch 82/700] train_loss=0.6876 val_loss=0.6978 lr=9.67e-05 (7s)
  [Epoch 83] Batch 50/93 (54%)
[Epoch 83/700] train_loss=0.6950 val_loss=0.6973 lr=9.66e-05 (7s)
  [Epoch 84] Batch 50/93 (54%)
[Epoch 84/700] train_loss=0.6848 val_loss=0.6917 lr=9.65e-05 (7s)
  [Epoch 85] Batch 50/93 (54%)
[Epoch 85/700] train_loss=0.6868 val_loss=0.6869 lr=9.64e-05 (7s)
  [Epoch 86] Batch 50/93 (54%)
[Epoch 86/700] train_loss=0.6879 val_loss=0.6850 lr=9.63e-05 (7s)
Metric val/loss improved by 0.002 >= min_delta = 0.0. New best score: 0.685
  [Epoch 87] Batch 50/93 (54%)
[Epoch 87/700] train_loss=0.6826 val_loss=0.6856 lr=9.62e-05 (7s)
  [Epoch 88] Batch 50/93 (54%)
[Epoch 88/700] train_loss=0.6844 val_loss=0.6822 lr=9.62e-05 (7s)
Metric val/loss improved by 0.003 >= min_delta = 0.0. New best score: 0.682
  [Epoch 89] Batch 50/93 (54%)
[Epoch 89/700] train_loss=0.6811 val_loss=0.6867 lr=9.61e-05 (7s)
  [Epoch 90] Batch 50/93 (54%)
[Epoch 90/700] train_loss=0.6873 val_loss=0.6846 lr=9.60e-05 (7s)
  [Epoch 91] Batch 50/93 (54%)
[Epoch 91/700] train_loss=0.6805 val_loss=0.6986 lr=9.59e-05 (7s)
  [Epoch 92] Batch 50/93 (54%)
[Epoch 92/700] train_loss=0.6788 val_loss=0.6955 lr=9.58e-05 (7s)
  [Epoch 93] Batch 50/93 (54%)
[Epoch 93/700] train_loss=0.6831 val_loss=0.6905 lr=9.57e-05 (7s)
  [Epoch 94] Batch 50/93 (54%)
[Epoch 94/700] train_loss=0.6807 val_loss=0.6822 lr=9.56e-05 (7s)
  [Epoch 95] Batch 50/93 (54%)
[Epoch 95/700] train_loss=0.6748 val_loss=0.6950 lr=9.55e-05 (7s)
  [Epoch 96] Batch 50/93 (54%)
[Epoch 96/700] train_loss=0.6755 val_loss=0.6683 lr=9.54e-05 (7s)
Metric val/loss improved by 0.014 >= min_delta = 0.0. New best score: 0.668
  [Epoch 97] Batch 50/93 (54%)
[Epoch 97/700] train_loss=0.6762 val_loss=0.6804 lr=9.53e-05 (7s)
  [Epoch 98] Batch 50/93 (54%)
[Epoch 98/700] train_loss=0.6749 val_loss=0.6790 lr=9.52e-05 (7s)
  [Epoch 99] Batch 50/93 (54%)
[Epoch 99/700] train_loss=0.6736 val_loss=0.6779 lr=9.51e-05 (7s)
  [Epoch 100] Batch 50/93 (54%)
[Epoch 100/700] train_loss=0.6703 val_loss=0.6654 lr=9.50e-05 (7s)
Metric val/loss improved by 0.003 >= min_delta = 0.0. New best score: 0.665
  [Epoch 101] Batch 50/93 (54%)
[Epoch 101/700] train_loss=0.6732 val_loss=0.6754 lr=9.50e-05 (7s)
  [Epoch 102] Batch 50/93 (54%)
[Epoch 102/700] train_loss=0.6703 val_loss=0.6743 lr=9.49e-05 (7s)
  [Epoch 103] Batch 50/93 (54%)
[Epoch 103/700] train_loss=0.6690 val_loss=0.6749 lr=9.48e-05 (7s)
  [Epoch 104] Batch 50/93 (54%)
[Epoch 104/700] train_loss=0.6659 val_loss=0.6764 lr=9.47e-05 (7s)
  [Epoch 105] Batch 50/93 (54%)
[Epoch 105/700] train_loss=0.6679 val_loss=0.6734 lr=9.46e-05 (7s)
  [Epoch 106] Batch 50/93 (54%)
[Epoch 106/700] train_loss=0.6656 val_loss=0.6544 lr=9.44e-05 (7s)
Metric val/loss improved by 0.011 >= min_delta = 0.0. New best score: 0.654
  [Epoch 107] Batch 50/93 (54%)
[Epoch 107/700] train_loss=0.6653 val_loss=0.6621 lr=9.43e-05 (7s)
  [Epoch 108] Batch 50/93 (54%)
[Epoch 108/700] train_loss=0.6605 val_loss=0.6641 lr=9.42e-05 (7s)
  [Epoch 109] Batch 50/93 (54%)
[Epoch 109/700] train_loss=0.6652 val_loss=0.6704 lr=9.41e-05 (7s)
  [Epoch 110] Batch 50/93 (54%)
[Epoch 110/700] train_loss=0.6634 val_loss=0.6718 lr=9.40e-05 (7s)
  [Epoch 111] Batch 50/93 (54%)
[Epoch 111/700] train_loss=0.6643 val_loss=0.6714 lr=9.39e-05 (7s)
  [Epoch 112] Batch 50/93 (54%)
[Epoch 112/700] train_loss=0.6603 val_loss=0.6713 lr=9.38e-05 (7s)
  [Epoch 113] Batch 50/93 (54%)
[Epoch 113/700] train_loss=0.6595 val_loss=0.6549 lr=9.37e-05 (7s)
  [Epoch 114] Batch 50/93 (54%)
[Epoch 114/700] train_loss=0.6565 val_loss=0.6536 lr=9.36e-05 (7s)
Metric val/loss improved by 0.001 >= min_delta = 0.0. New best score: 0.654
  [Epoch 115] Batch 50/93 (54%)
[Epoch 115/700] train_loss=0.6556 val_loss=0.6529 lr=9.35e-05 (7s)
Metric val/loss improved by 0.001 >= min_delta = 0.0. New best score: 0.653
  [Epoch 116] Batch 50/93 (54%)
[Epoch 116/700] train_loss=0.6509 val_loss=0.6442 lr=9.34e-05 (7s)
Metric val/loss improved by 0.009 >= min_delta = 0.0. New best score: 0.644
  [Epoch 117] Batch 50/93 (54%)
[Epoch 117/700] train_loss=0.6507 val_loss=0.6600 lr=9.33e-05 (7s)
  [Epoch 118] Batch 50/93 (54%)
[Epoch 118/700] train_loss=0.6504 val_loss=0.6594 lr=9.32e-05 (7s)
  [Epoch 119] Batch 50/93 (54%)
[Epoch 119/700] train_loss=0.6518 val_loss=0.6511 lr=9.30e-05 (7s)
  [Epoch 120] Batch 50/93 (54%)
[Epoch 120/700] train_loss=0.6482 val_loss=0.6600 lr=9.29e-05 (7s)
  [Epoch 121] Batch 50/93 (54%)
[Epoch 121/700] train_loss=0.6454 val_loss=0.6425 lr=9.28e-05 (7s)
Metric val/loss improved by 0.002 >= min_delta = 0.0. New best score: 0.643
  [Epoch 122] Batch 50/93 (54%)
[Epoch 122/700] train_loss=0.6462 val_loss=0.6618 lr=9.27e-05 (7s)
  [Epoch 123] Batch 50/93 (54%)
[Epoch 123/700] train_loss=0.6470 val_loss=0.6384 lr=9.26e-05 (7s)
Metric val/loss improved by 0.004 >= min_delta = 0.0. New best score: 0.638
  [Epoch 124] Batch 50/93 (54%)
[Epoch 124/700] train_loss=0.6512 val_loss=0.6564 lr=9.25e-05 (7s)
  [Epoch 125] Batch 50/93 (54%)
[Epoch 125/700] train_loss=0.6392 val_loss=0.6506 lr=9.23e-05 (7s)
  [Epoch 126] Batch 50/93 (54%)
[Epoch 126/700] train_loss=0.6430 val_loss=0.6559 lr=9.22e-05 (7s)
  [Epoch 127] Batch 50/93 (54%)
[Epoch 127/700] train_loss=0.6383 val_loss=0.6384 lr=9.21e-05 (7s)
Metric val/loss improved by 0.000 >= min_delta = 0.0. New best score: 0.638
  [Epoch 128] Batch 50/93 (54%)
[Epoch 128/700] train_loss=0.6424 val_loss=0.6500 lr=9.20e-05 (7s)
  [Epoch 129] Batch 50/93 (54%)
[Epoch 129/700] train_loss=0.6438 val_loss=0.6404 lr=9.19e-05 (7s)
  [Epoch 130] Batch 50/93 (54%)
[Epoch 130/700] train_loss=0.6388 val_loss=0.6470 lr=9.17e-05 (7s)
  [Epoch 131] Batch 50/93 (54%)
[Epoch 131/700] train_loss=0.6339 val_loss=0.6460 lr=9.16e-05 (7s)
  [Epoch 132] Batch 50/93 (54%)
[Epoch 132/700] train_loss=0.6403 val_loss=0.6341 lr=9.15e-05 (6s)
Metric val/loss improved by 0.004 >= min_delta = 0.0. New best score: 0.634
  [Epoch 133] Batch 50/93 (54%)
[Epoch 133/700] train_loss=0.6340 val_loss=0.6459 lr=9.14e-05 (7s)
  [Epoch 134] Batch 50/93 (54%)
[Epoch 134/700] train_loss=0.6358 val_loss=0.6359 lr=9.12e-05 (7s)
  [Epoch 135] Batch 50/93 (54%)
[Epoch 135/700] train_loss=0.6362 val_loss=0.6393 lr=9.11e-05 (7s)
  [Epoch 136] Batch 50/93 (54%)
[Epoch 136/700] train_loss=0.6337 val_loss=0.6543 lr=9.10e-05 (7s)
  [Epoch 137] Batch 50/93 (54%)
[Epoch 137/700] train_loss=0.6333 val_loss=0.6437 lr=9.08e-05 (7s)
  [Epoch 138] Batch 50/93 (54%)
[Epoch 138/700] train_loss=0.6369 val_loss=0.6334 lr=9.07e-05 (7s)
Metric val/loss improved by 0.001 >= min_delta = 0.0. New best score: 0.633
  [Epoch 139] Batch 50/93 (54%)
[Epoch 139/700] train_loss=0.6293 val_loss=0.6365 lr=9.06e-05 (7s)
  [Epoch 140] Batch 50/93 (54%)
[Epoch 140/700] train_loss=0.6311 val_loss=0.6232 lr=9.05e-05 (7s)
Metric val/loss improved by 0.010 >= min_delta = 0.0. New best score: 0.623
  [Epoch 141] Batch 50/93 (54%)
[Epoch 141/700] train_loss=0.6324 val_loss=0.6440 lr=9.03e-05 (7s)
  [Epoch 142] Batch 50/93 (54%)
[Epoch 142/700] train_loss=0.6305 val_loss=0.6391 lr=9.02e-05 (7s)
  [Epoch 143] Batch 50/93 (54%)
[Epoch 143/700] train_loss=0.6296 val_loss=0.6414 lr=9.01e-05 (7s)
  [Epoch 144] Batch 50/93 (54%)
[Epoch 144/700] train_loss=0.6300 val_loss=0.6477 lr=8.99e-05 (7s)
  [Epoch 145] Batch 50/93 (54%)
[Epoch 145/700] train_loss=0.6289 val_loss=0.6340 lr=8.98e-05 (7s)
  [Epoch 146] Batch 50/93 (54%)
[Epoch 146/700] train_loss=0.6278 val_loss=0.6400 lr=8.96e-05 (7s)
  [Epoch 147] Batch 50/93 (54%)
[Epoch 147/700] train_loss=0.6282 val_loss=0.6313 lr=8.95e-05 (7s)
  [Epoch 148] Batch 50/93 (54%)
[Epoch 148/700] train_loss=0.6277 val_loss=0.6323 lr=8.94e-05 (7s)
  [Epoch 149] Batch 50/93 (54%)
[Epoch 149/700] train_loss=0.6282 val_loss=0.6315 lr=8.92e-05 (7s)
  [Epoch 150] Batch 50/93 (54%)
[Epoch 150/700] train_loss=0.6252 val_loss=0.6270 lr=8.91e-05 (7s)
  [Epoch 151] Batch 50/93 (54%)
[Epoch 151/700] train_loss=0.6253 val_loss=0.6384 lr=8.90e-05 (7s)
  [Epoch 152] Batch 50/93 (54%)
[Epoch 152/700] train_loss=0.6303 val_loss=0.6271 lr=8.88e-05 (7s)
  [Epoch 153] Batch 50/93 (54%)
[Epoch 153/700] train_loss=0.6239 val_loss=0.6257 lr=8.87e-05 (7s)
  [Epoch 154] Batch 50/93 (54%)
[Epoch 154/700] train_loss=0.6214 val_loss=0.6289 lr=8.85e-05 (7s)
  [Epoch 155] Batch 50/93 (54%)
[Epoch 155/700] train_loss=0.6217 val_loss=0.6296 lr=8.84e-05 (7s)
  [Epoch 156] Batch 50/93 (54%)
[Epoch 156/700] train_loss=0.6236 val_loss=0.6377 lr=8.82e-05 (7s)
  [Epoch 157] Batch 50/93 (54%)
[Epoch 157/700] train_loss=0.6252 val_loss=0.6242 lr=8.81e-05 (7s)
  [Epoch 158] Batch 50/93 (54%)
[Epoch 158/700] train_loss=0.6236 val_loss=0.6364 lr=8.79e-05 (7s)
  [Epoch 159] Batch 50/93 (54%)
[Epoch 159/700] train_loss=0.6220 val_loss=0.6258 lr=8.78e-05 (7s)
  [Epoch 160] Batch 50/93 (54%)
[Epoch 160/700] train_loss=0.6217 val_loss=0.6322 lr=8.77e-05 (7s)
  [Epoch 161] Batch 50/93 (54%)
[Epoch 161/700] train_loss=0.6213 val_loss=0.6218 lr=8.75e-05 (7s)
Metric val/loss improved by 0.001 >= min_delta = 0.0. New best score: 0.622
  [Epoch 162] Batch 50/93 (54%)
[Epoch 162/700] train_loss=0.6241 val_loss=0.6256 lr=8.74e-05 (7s)
  [Epoch 163] Batch 50/93 (54%)
[Epoch 163/700] train_loss=0.6208 val_loss=0.6264 lr=8.72e-05 (7s)
  [Epoch 164] Batch 50/93 (54%)
[Epoch 164/700] train_loss=0.6229 val_loss=0.6267 lr=8.71e-05 (7s)
  [Epoch 165] Batch 50/93 (54%)
[Epoch 165/700] train_loss=0.6239 val_loss=0.6241 lr=8.69e-05 (7s)
  [Epoch 166] Batch 50/93 (54%)
[Epoch 166/700] train_loss=0.6239 val_loss=0.6269 lr=8.68e-05 (7s)
  [Epoch 167] Batch 50/93 (54%)
[Epoch 167/700] train_loss=0.6183 val_loss=0.6195 lr=8.66e-05 (7s)
Metric val/loss improved by 0.002 >= min_delta = 0.0. New best score: 0.620
  [Epoch 168] Batch 50/93 (54%)
[Epoch 168/700] train_loss=0.6200 val_loss=0.6289 lr=8.64e-05 (6s)
  [Epoch 169] Batch 50/93 (54%)
[Epoch 169/700] train_loss=0.6218 val_loss=0.6184 lr=8.63e-05 (7s)
Metric val/loss improved by 0.001 >= min_delta = 0.0. New best score: 0.618
  [Epoch 170] Batch 50/93 (54%)
[Epoch 170/700] train_loss=0.6198 val_loss=0.6257 lr=8.61e-05 (7s)
  [Epoch 171] Batch 50/93 (54%)
[Epoch 171/700] train_loss=0.6138 val_loss=0.6191 lr=8.60e-05 (7s)
  [Epoch 172] Batch 50/93 (54%)
[Epoch 172/700] train_loss=0.6173 val_loss=0.6226 lr=8.58e-05 (7s)
  [Epoch 173] Batch 50/93 (54%)
[Epoch 173/700] train_loss=0.6189 val_loss=0.6199 lr=8.57e-05 (7s)
  [Epoch 174] Batch 50/93 (54%)
[Epoch 174/700] train_loss=0.6170 val_loss=0.6180 lr=8.55e-05 (7s)
Metric val/loss improved by 0.000 >= min_delta = 0.0. New best score: 0.618
  [Epoch 175] Batch 50/93 (54%)
[Epoch 175/700] train_loss=0.6145 val_loss=0.6207 lr=8.54e-05 (7s)
  [Epoch 176] Batch 50/93 (54%)
[Epoch 176/700] train_loss=0.6156 val_loss=0.6202 lr=8.52e-05 (7s)
  [Epoch 177] Batch 50/93 (54%)
[Epoch 177/700] train_loss=0.6154 val_loss=0.6174 lr=8.50e-05 (7s)
Metric val/loss improved by 0.001 >= min_delta = 0.0. New best score: 0.617
  [Epoch 178] Batch 50/93 (54%)
[Epoch 178/700] train_loss=0.6190 val_loss=0.6217 lr=8.49e-05 (7s)
  [Epoch 179] Batch 50/93 (54%)
[Epoch 179/700] train_loss=0.6135 val_loss=0.6150 lr=8.47e-05 (7s)
Metric val/loss improved by 0.002 >= min_delta = 0.0. New best score: 0.615
  [Epoch 180] Batch 50/93 (54%)
[Epoch 180/700] train_loss=0.6184 val_loss=0.6221 lr=8.46e-05 (7s)
  [Epoch 181] Batch 50/93 (54%)
[Epoch 181/700] train_loss=0.6152 val_loss=0.6197 lr=8.44e-05 (7s)
  [Epoch 182] Batch 50/93 (54%)
[Epoch 182/700] train_loss=0.6126 val_loss=0.6227 lr=8.42e-05 (7s)
  [Epoch 183] Batch 50/93 (54%)
[Epoch 183/700] train_loss=0.6181 val_loss=0.6184 lr=8.41e-05 (7s)
  [Epoch 184] Batch 50/93 (54%)
[Epoch 184/700] train_loss=0.6124 val_loss=0.6033 lr=8.39e-05 (7s)
Metric val/loss improved by 0.012 >= min_delta = 0.0. New best score: 0.603
  [Epoch 185] Batch 50/93 (54%)
[Epoch 185/700] train_loss=0.6159 val_loss=0.6097 lr=8.37e-05 (7s)
  [Epoch 186] Batch 50/93 (54%)
[Epoch 186/700] train_loss=0.6158 val_loss=0.6221 lr=8.36e-05 (7s)
  [Epoch 187] Batch 50/93 (54%)
[Epoch 187/700] train_loss=0.6113 val_loss=0.6196 lr=8.34e-05 (7s)
  [Epoch 188] Batch 50/93 (54%)
[Epoch 188/700] train_loss=0.6093 val_loss=0.6282 lr=8.32e-05 (7s)
  [Epoch 189] Batch 50/93 (54%)
[Epoch 189/700] train_loss=0.6122 val_loss=0.6209 lr=8.31e-05 (7s)
  [Epoch 190] Batch 50/93 (54%)
[Epoch 190/700] train_loss=0.6111 val_loss=0.6107 lr=8.29e-05 (7s)
  [Epoch 191] Batch 50/93 (54%)
[Epoch 191/700] train_loss=0.6111 val_loss=0.6140 lr=8.27e-05 (7s)
  [Epoch 192] Batch 50/93 (54%)
[Epoch 192/700] train_loss=0.6112 val_loss=0.6160 lr=8.26e-05 (7s)
  [Epoch 193] Batch 50/93 (54%)
[Epoch 193/700] train_loss=0.6079 val_loss=0.6166 lr=8.24e-05 (7s)
  [Epoch 194] Batch 50/93 (54%)
[Epoch 194/700] train_loss=0.6131 val_loss=0.6196 lr=8.22e-05 (7s)
  [Epoch 195] Batch 50/93 (54%)
[Epoch 195/700] train_loss=0.6097 val_loss=0.6170 lr=8.20e-05 (7s)
  [Epoch 196] Batch 50/93 (54%)
[Epoch 196/700] train_loss=0.6091 val_loss=0.6129 lr=8.19e-05 (7s)
  [Epoch 197] Batch 50/93 (54%)
[Epoch 197/700] train_loss=0.6059 val_loss=0.6168 lr=8.17e-05 (7s)
  [Epoch 198] Batch 50/93 (54%)
[Epoch 198/700] train_loss=0.6076 val_loss=0.6206 lr=8.15e-05 (7s)
  [Epoch 199] Batch 50/93 (54%)
[Epoch 199/700] train_loss=0.6033 val_loss=0.6060 lr=8.13e-05 (7s)
  [Epoch 200] Batch 50/93 (54%)
[Epoch 200/700] train_loss=0.6053 val_loss=0.6193 lr=8.12e-05 (7s)
  [Epoch 201] Batch 50/93 (54%)
[Epoch 201/700] train_loss=0.6047 val_loss=0.6114 lr=8.10e-05 (7s)
  [Epoch 202] Batch 50/93 (54%)
[Epoch 202/700] train_loss=0.6069 val_loss=0.6190 lr=8.08e-05 (7s)
  [Epoch 203] Batch 50/93 (54%)
[Epoch 203/700] train_loss=0.6081 val_loss=0.6180 lr=8.06e-05 (7s)
  [Epoch 204] Batch 50/93 (54%)
[Epoch 204/700] train_loss=0.6087 val_loss=0.6014 lr=8.05e-05 (7s)
Metric val/loss improved by 0.002 >= min_delta = 0.0. New best score: 0.601
  [Epoch 205] Batch 50/93 (54%)
[Epoch 205/700] train_loss=0.6074 val_loss=0.6063 lr=8.03e-05 (7s)
  [Epoch 206] Batch 50/93 (54%)
[Epoch 206/700] train_loss=0.6083 val_loss=0.6188 lr=8.01e-05 (7s)
  [Epoch 207] Batch 50/93 (54%)
[Epoch 207/700] train_loss=0.6051 val_loss=0.6101 lr=7.99e-05 (7s)
  [Epoch 208] Batch 50/93 (54%)
[Epoch 208/700] train_loss=0.6078 val_loss=0.6154 lr=7.98e-05 (6s)
  [Epoch 209] Batch 50/93 (54%)
[Epoch 209/700] train_loss=0.6023 val_loss=0.6138 lr=7.96e-05 (7s)
  [Epoch 210] Batch 50/93 (54%)
[Epoch 210/700] train_loss=0.6035 val_loss=0.6152 lr=7.94e-05 (7s)
  [Epoch 211] Batch 50/93 (54%)
[Epoch 211/700] train_loss=0.6084 val_loss=0.6030 lr=7.92e-05 (7s)
  [Epoch 212] Batch 50/93 (54%)
[Epoch 212/700] train_loss=0.6037 val_loss=0.6066 lr=7.90e-05 (7s)
  [Epoch 213] Batch 50/93 (54%)
[Epoch 213/700] train_loss=0.6027 val_loss=0.6001 lr=7.88e-05 (7s)
Metric val/loss improved by 0.001 >= min_delta = 0.0. New best score: 0.600
  [Epoch 214] Batch 50/93 (54%)
[Epoch 214/700] train_loss=0.6041 val_loss=0.6086 lr=7.87e-05 (7s)
  [Epoch 215] Batch 50/93 (54%)
[Epoch 215/700] train_loss=0.6043 val_loss=0.6147 lr=7.85e-05 (7s)
  [Epoch 216] Batch 50/93 (54%)
[Epoch 216/700] train_loss=0.6026 val_loss=0.6066 lr=7.83e-05 (7s)
  [Epoch 217] Batch 50/93 (54%)
[Epoch 217/700] train_loss=0.6016 val_loss=0.6158 lr=7.81e-05 (7s)
  [Epoch 218] Batch 50/93 (54%)
[Epoch 218/700] train_loss=0.6023 val_loss=0.6161 lr=7.79e-05 (7s)
  [Epoch 219] Batch 50/93 (54%)
[Epoch 219/700] train_loss=0.6063 val_loss=0.6061 lr=7.77e-05 (7s)
  [Epoch 220] Batch 50/93 (54%)
[Epoch 220/700] train_loss=0.6061 val_loss=0.6165 lr=7.75e-05 (7s)
  [Epoch 221] Batch 50/93 (54%)
[Epoch 221/700] train_loss=0.6024 val_loss=0.6089 lr=7.74e-05 (7s)
  [Epoch 222] Batch 50/93 (54%)
[Epoch 222/700] train_loss=0.6012 val_loss=0.6163 lr=7.72e-05 (7s)
  [Epoch 223] Batch 50/93 (54%)
[Epoch 223/700] train_loss=0.6078 val_loss=0.6116 lr=7.70e-05 (7s)
  [Epoch 224] Batch 50/93 (54%)
[Epoch 224/700] train_loss=0.5966 val_loss=0.6034 lr=7.68e-05 (7s)
  [Epoch 225] Batch 50/93 (54%)
[Epoch 225/700] train_loss=0.5986 val_loss=0.6041 lr=7.66e-05 (7s)
  [Epoch 226] Batch 50/93 (54%)
[Epoch 226/700] train_loss=0.5945 val_loss=0.6019 lr=7.64e-05 (7s)
  [Epoch 227] Batch 50/93 (54%)
[Epoch 227/700] train_loss=0.5983 val_loss=0.6099 lr=7.62e-05 (7s)
  [Epoch 228] Batch 50/93 (54%)
[Epoch 228/700] train_loss=0.5998 val_loss=0.6007 lr=7.60e-05 (6s)
  [Epoch 229] Batch 50/93 (54%)
[Epoch 229/700] train_loss=0.5984 val_loss=0.6056 lr=7.58e-05 (7s)
  [Epoch 230] Batch 50/93 (54%)
[Epoch 230/700] train_loss=0.6005 val_loss=0.6045 lr=7.56e-05 (7s)
  [Epoch 231] Batch 50/93 (54%)
[Epoch 231/700] train_loss=0.6010 val_loss=0.6014 lr=7.55e-05 (7s)
  [Epoch 232] Batch 50/93 (54%)
[Epoch 232/700] train_loss=0.5978 val_loss=0.5987 lr=7.53e-05 (7s)
Metric val/loss improved by 0.001 >= min_delta = 0.0. New best score: 0.599
  [Epoch 233] Batch 50/93 (54%)
[Epoch 233/700] train_loss=0.5997 val_loss=0.6108 lr=7.51e-05 (7s)
  [Epoch 234] Batch 50/93 (54%)
[Epoch 234/700] train_loss=0.6002 val_loss=0.6138 lr=7.49e-05 (7s)
  [Epoch 235] Batch 50/93 (54%)
[Epoch 235/700] train_loss=0.5996 val_loss=0.6107 lr=7.47e-05 (7s)
  [Epoch 236] Batch 50/93 (54%)
[Epoch 236/700] train_loss=0.5942 val_loss=0.6100 lr=7.45e-05 (7s)
  [Epoch 237] Batch 50/93 (54%)
[Epoch 237/700] train_loss=0.5987 val_loss=0.6074 lr=7.43e-05 (7s)
  [Epoch 238] Batch 50/93 (54%)
[Epoch 238/700] train_loss=0.5998 val_loss=0.5992 lr=7.41e-05 (7s)
  [Epoch 239] Batch 50/93 (54%)
[Epoch 239/700] train_loss=0.6014 val_loss=0.6038 lr=7.39e-05 (7s)
  [Epoch 240] Batch 50/93 (54%)
[Epoch 240/700] train_loss=0.6026 val_loss=0.6109 lr=7.37e-05 (7s)
  [Epoch 241] Batch 50/93 (54%)
[Epoch 241/700] train_loss=0.5981 val_loss=0.6098 lr=7.35e-05 (7s)
  [Epoch 242] Batch 50/93 (54%)
[Epoch 242/700] train_loss=0.5970 val_loss=0.6024 lr=7.33e-05 (7s)
  [Epoch 243] Batch 50/93 (54%)
[Epoch 243/700] train_loss=0.5946 val_loss=0.6006 lr=7.31e-05 (7s)
  [Epoch 244] Batch 50/93 (54%)
[Epoch 244/700] train_loss=0.6003 val_loss=0.6021 lr=7.29e-05 (7s)
  [Epoch 245] Batch 50/93 (54%)
[Epoch 245/700] train_loss=0.5943 val_loss=0.6102 lr=7.27e-05 (7s)
  [Epoch 246] Batch 50/93 (54%)
[Epoch 246/700] train_loss=0.5932 val_loss=0.6012 lr=7.25e-05 (6s)
  [Epoch 247] Batch 50/93 (54%)
[Epoch 247/700] train_loss=0.5975 val_loss=0.5973 lr=7.23e-05 (7s)
Metric val/loss improved by 0.001 >= min_delta = 0.0. New best score: 0.597
  [Epoch 248] Batch 50/93 (54%)
[Epoch 248/700] train_loss=0.6004 val_loss=0.6096 lr=7.21e-05 (7s)
  [Epoch 249] Batch 50/93 (54%)
[Epoch 249/700] train_loss=0.5933 val_loss=0.5910 lr=7.19e-05 (7s)
Metric val/loss improved by 0.006 >= min_delta = 0.0. New best score: 0.591
  [Epoch 250] Batch 50/93 (54%)
[Epoch 250/700] train_loss=0.5963 val_loss=0.6058 lr=7.17e-05 (7s)
  [Epoch 251] Batch 50/93 (54%)
[Epoch 251/700] train_loss=0.5942 val_loss=0.6021 lr=7.15e-05 (7s)
  [Epoch 252] Batch 50/93 (54%)
[Epoch 252/700] train_loss=0.5920 val_loss=0.6025 lr=7.13e-05 (7s)
  [Epoch 253] Batch 50/93 (54%)
[Epoch 253/700] train_loss=0.5962 val_loss=0.6028 lr=7.11e-05 (7s)
  [Epoch 254] Batch 50/93 (54%)
[Epoch 254/700] train_loss=0.5927 val_loss=0.6058 lr=7.09e-05 (7s)
  [Epoch 255] Batch 50/93 (54%)
[Epoch 255/700] train_loss=0.5971 val_loss=0.6027 lr=7.07e-05 (7s)
  [Epoch 256] Batch 50/93 (54%)
[Epoch 256/700] train_loss=0.5908 val_loss=0.5998 lr=7.05e-05 (7s)
  [Epoch 257] Batch 50/93 (54%)
[Epoch 257/700] train_loss=0.5908 val_loss=0.5992 lr=7.03e-05 (6s)
  [Epoch 258] Batch 50/93 (54%)
[Epoch 258/700] train_loss=0.5928 val_loss=0.6016 lr=7.01e-05 (7s)
  [Epoch 259] Batch 50/93 (54%)
[Epoch 259/700] train_loss=0.5927 val_loss=0.6062 lr=6.99e-05 (7s)
  [Epoch 260] Batch 50/93 (54%)
[Epoch 260/700] train_loss=0.5889 val_loss=0.5959 lr=6.97e-05 (7s)
  [Epoch 261] Batch 50/93 (54%)
[Epoch 261/700] train_loss=0.5944 val_loss=0.6037 lr=6.94e-05 (7s)
  [Epoch 262] Batch 50/93 (54%)
[Epoch 262/700] train_loss=0.5906 val_loss=0.5988 lr=6.92e-05 (7s)
  [Epoch 263] Batch 50/93 (54%)
[Epoch 263/700] train_loss=0.5966 val_loss=0.6037 lr=6.90e-05 (7s)
  [Epoch 264] Batch 50/93 (54%)
[Epoch 264/700] train_loss=0.5904 val_loss=0.6052 lr=6.88e-05 (7s)
  [Epoch 265] Batch 50/93 (54%)
[Epoch 265/700] train_loss=0.5961 val_loss=0.5863 lr=6.86e-05 (7s)
Metric val/loss improved by 0.005 >= min_delta = 0.0. New best score: 0.586
  [Epoch 266] Batch 50/93 (54%)
[Epoch 266/700] train_loss=0.5929 val_loss=0.5948 lr=6.84e-05 (7s)
  [Epoch 267] Batch 50/93 (54%)
[Epoch 267/700] train_loss=0.5949 val_loss=0.6049 lr=6.82e-05 (6s)
  [Epoch 268] Batch 50/93 (54%)
[Epoch 268/700] train_loss=0.5966 val_loss=0.6075 lr=6.80e-05 (7s)
  [Epoch 269] Batch 50/93 (54%)
[Epoch 269/700] train_loss=0.5943 val_loss=0.5908 lr=6.78e-05 (7s)
  [Epoch 270] Batch 50/93 (54%)
[Epoch 270/700] train_loss=0.5911 val_loss=0.6031 lr=6.76e-05 (7s)
  [Epoch 271] Batch 50/93 (54%)
[Epoch 271/700] train_loss=0.5914 val_loss=0.6007 lr=6.74e-05 (7s)
  [Epoch 272] Batch 50/93 (54%)
[Epoch 272/700] train_loss=0.5947 val_loss=0.5944 lr=6.71e-05 (7s)
  [Epoch 273] Batch 50/93 (54%)
[Epoch 273/700] train_loss=0.5933 val_loss=0.5882 lr=6.69e-05 (7s)
  [Epoch 274] Batch 50/93 (54%)
[Epoch 274/700] train_loss=0.5901 val_loss=0.6033 lr=6.67e-05 (7s)
  [Epoch 275] Batch 50/93 (54%)
[Epoch 275/700] train_loss=0.5922 val_loss=0.5886 lr=6.65e-05 (7s)
  [Epoch 276] Batch 50/93 (54%)
[Epoch 276/700] train_loss=0.5884 val_loss=0.5956 lr=6.63e-05 (7s)
  [Epoch 277] Batch 50/93 (54%)
[Epoch 277/700] train_loss=0.5896 val_loss=0.6035 lr=6.61e-05 (7s)
  [Epoch 278] Batch 50/93 (54%)
[Epoch 278/700] train_loss=0.5899 val_loss=0.6066 lr=6.59e-05 (7s)
  [Epoch 279] Batch 50/93 (54%)
[Epoch 279/700] train_loss=0.5885 val_loss=0.6077 lr=6.57e-05 (7s)
  [Epoch 280] Batch 50/93 (54%)
[Epoch 280/700] train_loss=0.5882 val_loss=0.5924 lr=6.55e-05 (7s)
  [Epoch 281] Batch 50/93 (54%)
[Epoch 281/700] train_loss=0.5927 val_loss=0.5953 lr=6.52e-05 (7s)
  [Epoch 282] Batch 50/93 (54%)
[Epoch 282/700] train_loss=0.5905 val_loss=0.6011 lr=6.50e-05 (7s)
  [Epoch 283] Batch 50/93 (54%)
[Epoch 283/700] train_loss=0.5897 val_loss=0.6016 lr=6.48e-05 (7s)
  [Epoch 284] Batch 50/93 (54%)
[Epoch 284/700] train_loss=0.5916 val_loss=0.5983 lr=6.46e-05 (7s)
  [Epoch 285] Batch 50/93 (54%)
[Epoch 285/700] train_loss=0.5903 val_loss=0.5920 lr=6.44e-05 (7s)
  [Epoch 286] Batch 50/93 (54%)
[Epoch 286/700] train_loss=0.5940 val_loss=0.5965 lr=6.42e-05 (7s)
  [Epoch 287] Batch 50/93 (54%)
[Epoch 287/700] train_loss=0.5922 val_loss=0.5852 lr=6.39e-05 (7s)
Metric val/loss improved by 0.001 >= min_delta = 0.0. New best score: 0.585
  [Epoch 288] Batch 50/93 (54%)
[Epoch 288/700] train_loss=0.5842 val_loss=0.5999 lr=6.37e-05 (7s)
  [Epoch 289] Batch 50/93 (54%)
[Epoch 289/700] train_loss=0.5861 val_loss=0.6000 lr=6.35e-05 (7s)
  [Epoch 290] Batch 50/93 (54%)
[Epoch 290/700] train_loss=0.5902 val_loss=0.6017 lr=6.33e-05 (7s)
  [Epoch 291] Batch 50/93 (54%)
[Epoch 291/700] train_loss=0.5832 val_loss=0.5930 lr=6.31e-05 (7s)
  [Epoch 292] Batch 50/93 (54%)
[Epoch 292/700] train_loss=0.5885 val_loss=0.5979 lr=6.29e-05 (7s)
  [Epoch 293] Batch 50/93 (54%)
[Epoch 293/700] train_loss=0.5868 val_loss=0.5991 lr=6.27e-05 (7s)
  [Epoch 294] Batch 50/93 (54%)
[Epoch 294/700] train_loss=0.5866 val_loss=0.5876 lr=6.24e-05 (7s)
  [Epoch 295] Batch 50/93 (54%)
[Epoch 295/700] train_loss=0.5850 val_loss=0.5969 lr=6.22e-05 (7s)
  [Epoch 296] Batch 50/93 (54%)
[Epoch 296/700] train_loss=0.5878 val_loss=0.5999 lr=6.20e-05 (7s)
  [Epoch 297] Batch 50/93 (54%)
[Epoch 297/700] train_loss=0.5867 val_loss=0.5952 lr=6.18e-05 (7s)
  [Epoch 298] Batch 50/93 (54%)
[Epoch 298/700] train_loss=0.5890 val_loss=0.6009 lr=6.16e-05 (7s)
  [Epoch 299] Batch 50/93 (54%)
[Epoch 299/700] train_loss=0.5847 val_loss=0.5939 lr=6.13e-05 (7s)
  [Epoch 300] Batch 50/93 (54%)
[Epoch 300/700] train_loss=0.5904 val_loss=0.5875 lr=6.11e-05 (7s)
  [Epoch 301] Batch 50/93 (54%)
[Epoch 301/700] train_loss=0.5901 val_loss=0.5958 lr=6.09e-05 (7s)
  [Epoch 302] Batch 50/93 (54%)
[Epoch 302/700] train_loss=0.5886 val_loss=0.6031 lr=6.07e-05 (7s)
  [Epoch 303] Batch 50/93 (54%)
[Epoch 303/700] train_loss=0.5877 val_loss=0.5889 lr=6.05e-05 (7s)
  [Epoch 304] Batch 50/93 (54%)
[Epoch 304/700] train_loss=0.5865 val_loss=0.5930 lr=6.02e-05 (7s)
  [Epoch 305] Batch 50/93 (54%)
[Epoch 305/700] train_loss=0.5878 val_loss=0.5985 lr=6.00e-05 (7s)
  [Epoch 306] Batch 50/93 (54%)
[Epoch 306/700] train_loss=0.5843 val_loss=0.6053 lr=5.98e-05 (7s)
  [Epoch 307] Batch 50/93 (54%)
[Epoch 307/700] train_loss=0.5843 val_loss=0.5968 lr=5.96e-05 (7s)
  [Epoch 308] Batch 50/93 (54%)
[Epoch 308/700] train_loss=0.5857 val_loss=0.6052 lr=5.94e-05 (7s)
  [Epoch 309] Batch 50/93 (54%)
[Epoch 309/700] train_loss=0.5858 val_loss=0.5913 lr=5.91e-05 (7s)
  [Epoch 310] Batch 50/93 (54%)
[Epoch 310/700] train_loss=0.5833 val_loss=0.5863 lr=5.89e-05 (6s)
  [Epoch 311] Batch 50/93 (54%)
[Epoch 311/700] train_loss=0.5849 val_loss=0.5923 lr=5.87e-05 (7s)
  [Epoch 312] Batch 50/93 (54%)
[Epoch 312/700] train_loss=0.5825 val_loss=0.5894 lr=5.85e-05 (7s)
  [Epoch 313] Batch 50/93 (54%)
[Epoch 313/700] train_loss=0.5851 val_loss=0.5951 lr=5.83e-05 (7s)
  [Epoch 314] Batch 50/93 (54%)
[Epoch 314/700] train_loss=0.5820 val_loss=0.5861 lr=5.80e-05 (7s)
  [Epoch 315] Batch 50/93 (54%)
[Epoch 315/700] train_loss=0.5839 val_loss=0.5890 lr=5.78e-05 (7s)
  [Epoch 316] Batch 50/93 (54%)
[Epoch 316/700] train_loss=0.5872 val_loss=0.5957 lr=5.76e-05 (7s)
  [Epoch 317] Batch 50/93 (54%)
[Epoch 317/700] train_loss=0.5852 val_loss=0.6019 lr=5.74e-05 (7s)
  [Epoch 318] Batch 50/93 (54%)
[Epoch 318/700] train_loss=0.5871 val_loss=0.5904 lr=5.72e-05 (7s)
  [Epoch 319] Batch 50/93 (54%)
[Epoch 319/700] train_loss=0.5840 val_loss=0.6015 lr=5.69e-05 (6s)
  [Epoch 320] Batch 50/93 (54%)
[Epoch 320/700] train_loss=0.5837 val_loss=0.5910 lr=5.67e-05 (7s)
  [Epoch 321] Batch 50/93 (54%)
[Epoch 321/700] train_loss=0.5810 val_loss=0.5930 lr=5.65e-05 (7s)
  [Epoch 322] Batch 50/93 (54%)
[Epoch 322/700] train_loss=0.5857 val_loss=0.5924 lr=5.63e-05 (7s)
  [Epoch 323] Batch 50/93 (54%)
[Epoch 323/700] train_loss=0.5835 val_loss=0.6082 lr=5.60e-05 (7s)
  [Epoch 324] Batch 50/93 (54%)
[Epoch 324/700] train_loss=0.5850 val_loss=0.5914 lr=5.58e-05 (7s)
  [Epoch 325] Batch 50/93 (54%)
[Epoch 325/700] train_loss=0.5905 val_loss=0.5905 lr=5.56e-05 (6s)
  [Epoch 326] Batch 50/93 (54%)
[Epoch 326/700] train_loss=0.5789 val_loss=0.5958 lr=5.54e-05 (7s)
  [Epoch 327] Batch 50/93 (54%)
[Epoch 327/700] train_loss=0.5793 val_loss=0.6004 lr=5.52e-05 (7s)
  [Epoch 328] Batch 50/93 (54%)
[Epoch 328/700] train_loss=0.5824 val_loss=0.5985 lr=5.49e-05 (7s)
  [Epoch 329] Batch 50/93 (54%)
[Epoch 329/700] train_loss=0.5852 val_loss=0.5920 lr=5.47e-05 (7s)
  [Epoch 330] Batch 50/93 (54%)
[Epoch 330/700] train_loss=0.5788 val_loss=0.5941 lr=5.45e-05 (7s)
  [Epoch 331] Batch 50/93 (54%)
[Epoch 331/700] train_loss=0.5773 val_loss=0.5997 lr=5.43e-05 (7s)
  [Epoch 332] Batch 50/93 (54%)
[Epoch 332/700] train_loss=0.5799 val_loss=0.5922 lr=5.40e-05 (7s)
  [Epoch 333] Batch 50/93 (54%)
[Epoch 333/700] train_loss=0.5835 val_loss=0.5881 lr=5.38e-05 (7s)
  [Epoch 334] Batch 50/93 (54%)
[Epoch 334/700] train_loss=0.5818 val_loss=0.5907 lr=5.36e-05 (7s)
  [Epoch 335] Batch 50/93 (54%)
[Epoch 335/700] train_loss=0.5871 val_loss=0.5793 lr=5.34e-05 (6s)
Metric val/loss improved by 0.006 >= min_delta = 0.0. New best score: 0.579
  [Epoch 336] Batch 50/93 (54%)
[Epoch 336/700] train_loss=0.5817 val_loss=0.5914 lr=5.31e-05 (7s)
  [Epoch 337] Batch 50/93 (54%)
[Epoch 337/700] train_loss=0.5814 val_loss=0.5851 lr=5.29e-05 (7s)
  [Epoch 338] Batch 50/93 (54%)
[Epoch 338/700] train_loss=0.5811 val_loss=0.5903 lr=5.27e-05 (7s)
  [Epoch 339] Batch 50/93 (54%)
[Epoch 339/700] train_loss=0.5808 val_loss=0.5924 lr=5.25e-05 (7s)
  [Epoch 340] Batch 50/93 (54%)
[Epoch 340/700] train_loss=0.5805 val_loss=0.5932 lr=5.22e-05 (7s)
  [Epoch 341] Batch 50/93 (54%)
[Epoch 341/700] train_loss=0.5815 val_loss=0.5949 lr=5.20e-05 (7s)
  [Epoch 342] Batch 50/93 (54%)
[Epoch 342/700] train_loss=0.5772 val_loss=0.5912 lr=5.18e-05 (7s)
  [Epoch 343] Batch 50/93 (54%)
[Epoch 343/700] train_loss=0.5804 val_loss=0.5964 lr=5.16e-05 (7s)
  [Epoch 344] Batch 50/93 (54%)
[Epoch 344/700] train_loss=0.5795 val_loss=0.5865 lr=5.13e-05 (7s)
  [Epoch 345] Batch 50/93 (54%)
[Epoch 345/700] train_loss=0.5809 val_loss=0.5948 lr=5.11e-05 (7s)
  [Epoch 346] Batch 50/93 (54%)
[Epoch 346/700] train_loss=0.5809 val_loss=0.5751 lr=5.09e-05 (7s)
Metric val/loss improved by 0.004 >= min_delta = 0.0. New best score: 0.575
  [Epoch 347] Batch 50/93 (54%)
[Epoch 347/700] train_loss=0.5782 val_loss=0.5923 lr=5.07e-05 (7s)
  [Epoch 348] Batch 50/93 (54%)
[Epoch 348/700] train_loss=0.5841 val_loss=0.5864 lr=5.04e-05 (7s)
  [Epoch 349] Batch 50/93 (54%)
[Epoch 349/700] train_loss=0.5805 val_loss=0.6023 lr=5.02e-05 (7s)
  [Epoch 350] Batch 50/93 (54%)
[Epoch 350/700] train_loss=0.5813 val_loss=0.5935 lr=5.00e-05 (7s)
  [Epoch 351] Batch 50/93 (54%)
[Epoch 351/700] train_loss=0.5810 val_loss=0.5810 lr=4.98e-05 (7s)
  [Epoch 352] Batch 50/93 (54%)
[Epoch 352/700] train_loss=0.5788 val_loss=0.5896 lr=4.96e-05 (7s)
  [Epoch 353] Batch 50/93 (54%)
[Epoch 353/700] train_loss=0.5829 val_loss=0.5962 lr=4.93e-05 (7s)
  [Epoch 354] Batch 50/93 (54%)
[Epoch 354/700] train_loss=0.5791 val_loss=0.5930 lr=4.91e-05 (7s)
  [Epoch 355] Batch 50/93 (54%)
[Epoch 355/700] train_loss=0.5771 val_loss=0.5904 lr=4.89e-05 (7s)
  [Epoch 356] Batch 50/93 (54%)
[Epoch 356/700] train_loss=0.5792 val_loss=0.5946 lr=4.87e-05 (7s)
  [Epoch 357] Batch 50/93 (54%)
[Epoch 357/700] train_loss=0.5790 val_loss=0.6027 lr=4.84e-05 (7s)
  [Epoch 358] Batch 50/93 (54%)
[Epoch 358/700] train_loss=0.5819 val_loss=0.5954 lr=4.82e-05 (7s)
  [Epoch 359] Batch 50/93 (54%)
[Epoch 359/700] train_loss=0.5783 val_loss=0.5936 lr=4.80e-05 (7s)
  [Epoch 360] Batch 50/93 (54%)
[Epoch 360/700] train_loss=0.5758 val_loss=0.5860 lr=4.78e-05 (7s)
  [Epoch 361] Batch 50/93 (54%)
[Epoch 361/700] train_loss=0.5795 val_loss=0.5982 lr=4.75e-05 (7s)
  [Epoch 362] Batch 50/93 (54%)
[Epoch 362/700] train_loss=0.5750 val_loss=0.5904 lr=4.73e-05 (6s)
  [Epoch 363] Batch 50/93 (54%)
[Epoch 363/700] train_loss=0.5768 val_loss=0.5930 lr=4.71e-05 (7s)
  [Epoch 364] Batch 50/93 (54%)
[Epoch 364/700] train_loss=0.5767 val_loss=0.5883 lr=4.69e-05 (7s)
  [Epoch 365] Batch 50/93 (54%)
[Epoch 365/700] train_loss=0.5815 val_loss=0.5863 lr=4.66e-05 (7s)
  [Epoch 366] Batch 50/93 (54%)
[Epoch 366/700] train_loss=0.5773 val_loss=0.6010 lr=4.64e-05 (7s)
  [Epoch 367] Batch 50/93 (54%)
[Epoch 367/700] train_loss=0.5779 val_loss=0.5938 lr=4.62e-05 (7s)
  [Epoch 368] Batch 50/93 (54%)
[Epoch 368/700] train_loss=0.5768 val_loss=0.5873 lr=4.60e-05 (7s)
  [Epoch 369] Batch 50/93 (54%)
[Epoch 369/700] train_loss=0.5779 val_loss=0.5787 lr=4.57e-05 (7s)
  [Epoch 370] Batch 50/93 (54%)
[Epoch 370/700] train_loss=0.5754 val_loss=0.5887 lr=4.55e-05 (7s)
  [Epoch 371] Batch 50/93 (54%)
[Epoch 371/700] train_loss=0.5777 val_loss=0.5888 lr=4.53e-05 (7s)
  [Epoch 372] Batch 50/93 (54%)
[Epoch 372/700] train_loss=0.5842 val_loss=0.6008 lr=4.51e-05 (7s)
  [Epoch 373] Batch 50/93 (54%)
[Epoch 373/700] train_loss=0.5769 val_loss=0.5872 lr=4.48e-05 (7s)
  [Epoch 374] Batch 50/93 (54%)
[Epoch 374/700] train_loss=0.5769 val_loss=0.5936 lr=4.46e-05 (6s)
  [Epoch 375] Batch 50/93 (54%)
[Epoch 375/700] train_loss=0.5787 val_loss=0.5877 lr=4.44e-05 (7s)
  [Epoch 376] Batch 50/93 (54%)
[Epoch 376/700] train_loss=0.5793 val_loss=0.5919 lr=4.42e-05 (7s)
  [Epoch 377] Batch 50/93 (54%)
[Epoch 377/700] train_loss=0.5711 val_loss=0.5832 lr=4.40e-05 (7s)
  [Epoch 378] Batch 50/93 (54%)
[Epoch 378/700] train_loss=0.5718 val_loss=0.5964 lr=4.37e-05 (7s)
  [Epoch 379] Batch 50/93 (54%)
[Epoch 379/700] train_loss=0.5731 val_loss=0.5935 lr=4.35e-05 (7s)
  [Epoch 380] Batch 50/93 (54%)
[Epoch 380/700] train_loss=0.5739 val_loss=0.5812 lr=4.33e-05 (7s)
  [Epoch 381] Batch 50/93 (54%)
[Epoch 381/700] train_loss=0.5761 val_loss=0.5836 lr=4.31e-05 (7s)
  [Epoch 382] Batch 50/93 (54%)
[Epoch 382/700] train_loss=0.5716 val_loss=0.5983 lr=4.28e-05 (7s)
  [Epoch 383] Batch 50/93 (54%)
[Epoch 383/700] train_loss=0.5740 val_loss=0.5823 lr=4.26e-05 (7s)
  [Epoch 384] Batch 50/93 (54%)
[Epoch 384/700] train_loss=0.5727 val_loss=0.5866 lr=4.24e-05 (7s)
  [Epoch 385] Batch 50/93 (54%)
[Epoch 385/700] train_loss=0.5766 val_loss=0.5884 lr=4.22e-05 (7s)
  [Epoch 386] Batch 50/93 (54%)
[Epoch 386/700] train_loss=0.5791 val_loss=0.5766 lr=4.20e-05 (7s)
  [Epoch 387] Batch 50/93 (54%)
[Epoch 387/700] train_loss=0.5813 val_loss=0.5986 lr=4.17e-05 (7s)
  [Epoch 388] Batch 50/93 (54%)
[Epoch 388/700] train_loss=0.5732 val_loss=0.5810 lr=4.15e-05 (7s)
  [Epoch 389] Batch 50/93 (54%)
[Epoch 389/700] train_loss=0.5748 val_loss=0.5949 lr=4.13e-05 (7s)
  [Epoch 390] Batch 50/93 (54%)
[Epoch 390/700] train_loss=0.5757 val_loss=0.5954 lr=4.11e-05 (7s)
  [Epoch 391] Batch 50/93 (54%)
[Epoch 391/700] train_loss=0.5731 val_loss=0.5914 lr=4.09e-05 (6s)
  [Epoch 392] Batch 50/93 (54%)
[Epoch 392/700] train_loss=0.5770 val_loss=0.5938 lr=4.06e-05 (7s)
  [Epoch 393] Batch 50/93 (54%)
[Epoch 393/700] train_loss=0.5749 val_loss=0.5934 lr=4.04e-05 (6s)
  [Epoch 394] Batch 50/93 (54%)
[Epoch 394/700] train_loss=0.5740 val_loss=0.5800 lr=4.02e-05 (7s)
  [Epoch 395] Batch 50/93 (54%)
[Epoch 395/700] train_loss=0.5768 val_loss=0.5952 lr=4.00e-05 (7s)
  [Epoch 396] Batch 50/93 (54%)
[Epoch 396/700] train_loss=0.5760 val_loss=0.5886 lr=3.98e-05 (7s)
Monitored metric val/loss did not improve in the last 50 records. Best score: 0.575. Signaling Trainer to stop.

[Training] Completed!

✓ Training completed!
  Final checkpoint: /public/home/xiongzhzh2023/PT4ConTSG/experiments/20260401_214959_synth-m_pt_factor_generator/checkpoints/finetune/finetune-epoch=345-val/loss=0.5751.ckpt
  Experiment: experiments/20260401_214959_synth-m_pt_factor_generator

Running automatic evaluation...
Loading weights:   0%|          | 0/197 [00:00<?, ?it/s]Loading weights: 100%|██████████| 197/197 [00:00<00:00, 3622.83it/s]
[1mCLIPTextModelWithProjection LOAD REPORT[0m from: ./checkpoints/longclip
Key                                                            | Status     |  | 
---------------------------------------------------------------+------------+--+-
vision_model.encoder.layers.{0...23}.mlp.fc1.bias              | UNEXPECTED |  | 
vision_model.encoder.layers.{0...23}.mlp.fc2.bias              | UNEXPECTED |  | 
vision_model.encoder.layers.{0...23}.layer_norm2.weight        | UNEXPECTED |  | 
vision_model.encoder.layers.{0...23}.mlp.fc1.weight            | UNEXPECTED |  | 
vision_model.encoder.layers.{0...23}.layer_norm1.bias          | UNEXPECTED |  | 
vision_model.encoder.layers.{0...23}.self_attn.q_proj.weight   | UNEXPECTED |  | 
vision_model.encoder.layers.{0...23}.self_attn.q_proj.bias     | UNEXPECTED |  | 
vision_model.encoder.layers.{0...23}.self_attn.k_proj.weight   | UNEXPECTED |  | 
vision_model.encoder.layers.{0...23}.self_attn.v_proj.weight   | UNEXPECTED |  | 
vision_model.encoder.layers.{0...23}.mlp.fc2.weight            | UNEXPECTED |  | 
vision_model.encoder.layers.{0...23}.self_attn.out_proj.weight | UNEXPECTED |  | 
vision_model.encoder.layers.{0...23}.self_attn.v_proj.bias     | UNEXPECTED |  | 
vision_model.encoder.layers.{0...23}.layer_norm1.weight        | UNEXPECTED |  | 
vision_model.encoder.layers.{0...23}.self_attn.out_proj.bias   | UNEXPECTED |  | 
vision_model.encoder.layers.{0...23}.self_attn.k_proj.bias     | UNEXPECTED |  | 
vision_model.encoder.layers.{0...23}.layer_norm2.bias          | UNEXPECTED |  | 
vision_model.pre_layrnorm.bias                                 | UNEXPECTED |  | 
vision_model.embeddings.position_embedding.weight              | UNEXPECTED |  | 
vision_model.embeddings.class_embedding                        | UNEXPECTED |  | 
vision_model.post_layernorm.bias                               | UNEXPECTED |  | 
vision_model.post_layernorm.weight                             | UNEXPECTED |  | 
logit_scale                                                    | UNEXPECTED |  | 
visual_projection.weight                                       | UNEXPECTED |  | 
vision_model.pre_layrnorm.weight                               | UNEXPECTED |  | 
vision_model.embeddings.patch_embedding.weight                 | UNEXPECTED |  | 

[3mNotes:
- UNEXPECTED[3m	:can be ignored when loading from different task/architecture; not ok if you expect identical arch.[0m
[Evaluating (generating)] Starting (0/32)...
[Evaluating (generating)] 1/32 (3%)
[Evaluating (generating)] 4/32 (12%)
[Evaluating (generating)] 7/32 (22%)
[Evaluating (generating)] 10/32 (31%)
[Evaluating (generating)] 13/32 (41%)
[Evaluating (generating)] 16/32 (50%)
[Evaluating (generating)] 20/32 (62%)
[Evaluating (generating)] 23/32 (72%)
[Evaluating (generating)] 26/32 (81%)
[Evaluating (generating)] 29/32 (91%)
[Evaluating (generating)] 32/32 (100%)
[Evaluating (generating)] Completed (32 items)
Evaluation results saved to: experiments/20260401_214959_synth-m_pt_factor_generator/results/eval_results.json
          Evaluation Results           
┏━━━━━━━━━━━━━━━━━━━━━━━━━┳━━━━━━━━━━━┓
┃ Metric                  ┃     Value ┃
┡━━━━━━━━━━━━━━━━━━━━━━━━━╇━━━━━━━━━━━┩
│ dtw                     │  9.387193 │
│ wape                    │ 83.314034 │
│ ed                      │ 12.311419 │
│ crps                    │  0.431614 │
│ acd                     │  0.067207 │
│ sd                      │  0.008755 │
│ kd                      │  0.289326 │
│ mdd                     │  0.012977 │
│ fid                     │ 41.215553 │
│ jftsd                   │ 43.558701 │
│ cttp                    │ 19.255271 │
│ disc_auc                │  0.995042 │
│ prdc_f1.f1              │  0.478108 │
│ prdc_f1.precision       │  0.475250 │
│ prdc_f1.recall          │  0.481000 │
│ joint_prdc_f1.f1        │  0.534748 │
│ joint_prdc_f1.precision │  0.533750 │
│ joint_prdc_f1.recall    │  0.535750 │
└─────────────────────────┴───────────┘
