Loading config from: configs/grid_search/ptfg_synth-u_lr1e-4_bs64_scF.yaml
Model schema mode: relaxed (no model-specific schema for 'pt_factor_generator')
         Configuration Summary         
┌───────────────┬─────────────────────┐
│ Dataset       │ synth-u             │
│ Model         │ pt_factor_generator │
│ Epochs        │ 700                 │
│ Batch Size    │ 64                  │
│ Learning Rate │ 0.0001              │
│ Device        │ cuda:0              │
│ Seed          │ 42                  │
└───────────────┴─────────────────────┘

Experiment directory: experiments/20260402_070117_synth-u_pt_factor_generator
Seed set to 42

Model: pt_factor_generator
Creating data module: synth-u

Starting multi-stage training (1 stage(s))...
  Stage 1: finetune (700 epochs, lr=0.0001)
/public/home/xiongzhzh2023/Anaconda/envs/contsg/lib/python3.12/site-packages/lightning_fabric/plugins/environments/slurm.py:204: The `srun` command is available on your system but is not used. HINT: If your intention is to run Lightning on SLURM, prepend your python command with `srun` like so: srun python3.1 /public/home/xiongzhzh2023/Anaconda/envs/contsg/b ...
GPU available: True (cuda), used: True
TPU available: False, using: 0 TPU cores
💡 Tip: For seamless cloud logging and experiment tracking, try installing [litlogger](https://pypi.org/project/litlogger/) to enable LitLogger, which logs metrics and artifacts automatically to the Lightning Experiments platform.
`Trainer(limit_train_batches=1.0)` was configured so 100% of the batches per epoch will be used..
`Trainer(limit_val_batches=1.0)` was configured so 100% of the batches will be used..
`Trainer(limit_test_batches=1.0)` was configured so 100% of the batches will be used..
`Trainer(val_check_interval=1.0)` was configured so validation will run at the end of the training epoch..
LOCAL_RANK: 0 - CUDA_VISIBLE_DEVICES: [0,1,2,3]
┏━━━┳━━━━━━━━━━━━━━┳━━━━━━━━━━━━━━━━━━━━━━━━┳━━━━━━━━┳━━━━━━━┳━━━━━━━┓
┃   ┃ Name         ┃ Type                   ┃ Params ┃ Mode  ┃ FLOPs ┃
┡━━━╇━━━━━━━━━━━━━━╇━━━━━━━━━━━━━━━━━━━━━━━━╇━━━━━━━━╇━━━━━━━╇━━━━━━━┩
│ 0 │ net          │ PTFactorNoisePredictor │  5.2 M │ train │     0 │
│   │ other params │ n/a                    │  1.0 K │ n/a   │   n/a │
└───┴──────────────┴────────────────────────┴────────┴───────┴───────┘
Trainable params: 5.2 M                                                                                                                        
Non-trainable params: 0                                                                                                                        
Total params: 5.2 M                                                                                                                            
Total estimated model params size (MB): 20                                                                                                     
Modules in train mode: 195                                                                                                                     
Modules in eval mode: 0                                                                                                                        
Total FLOPs: 0                                                                                                                                 
/public/home/xiongzhzh2023/Anaconda/envs/contsg/lib/python3.12/site-packages/pytorch_lightning/utilities/data.py:79: Trying to infer the `batch_size` from an ambiguous collection. The batch size we found is 64. To avoid any miscalculations, use `self.log(..., batch_size=batch_size)`.

[Training] Starting 700 epochs...
  [Epoch 1] Batch 50/375 (13%)
  [Epoch 1] Batch 100/375 (27%)
  [Epoch 1] Batch 150/375 (40%)
  [Epoch 1] Batch 200/375 (53%)
  [Epoch 1] Batch 250/375 (67%)
  [Epoch 1] Batch 300/375 (80%)
  [Epoch 1] Batch 350/375 (93%)
/public/home/xiongzhzh2023/Anaconda/envs/contsg/lib/python3.12/site-packages/pytorch_lightning/utilities/data.py:79: Trying to infer the `batch_size` from an ambiguous collection. The batch size we found is 32. To avoid any miscalculations, use `self.log(..., batch_size=batch_size)`.
[Epoch 1/700] train_loss=1.1446 val_loss=0.8954 lr=1.00e-04 (27s)
Metric val/loss improved. New best score: 0.895
  [Epoch 2] Batch 50/375 (13%)
  [Epoch 2] Batch 100/375 (27%)
  [Epoch 2] Batch 150/375 (40%)
  [Epoch 2] Batch 200/375 (53%)
  [Epoch 2] Batch 250/375 (67%)
  [Epoch 2] Batch 300/375 (80%)
  [Epoch 2] Batch 350/375 (93%)
[Epoch 2/700] train_loss=0.8707 val_loss=0.8212 lr=1.00e-04 (41s)
Metric val/loss improved by 0.074 >= min_delta = 0.0. New best score: 0.821
  [Epoch 3] Batch 50/375 (13%)
  [Epoch 3] Batch 100/375 (27%)
  [Epoch 3] Batch 150/375 (40%)
  [Epoch 3] Batch 200/375 (53%)
  [Epoch 3] Batch 250/375 (67%)
  [Epoch 3] Batch 300/375 (80%)
  [Epoch 3] Batch 350/375 (93%)
[Epoch 3/700] train_loss=0.7879 val_loss=0.7305 lr=1.00e-04 (42s)
Metric val/loss improved by 0.091 >= min_delta = 0.0. New best score: 0.731
  [Epoch 4] Batch 50/375 (13%)
  [Epoch 4] Batch 100/375 (27%)
  [Epoch 4] Batch 150/375 (40%)
  [Epoch 4] Batch 200/375 (53%)
  [Epoch 4] Batch 250/375 (67%)
  [Epoch 4] Batch 300/375 (80%)
  [Epoch 4] Batch 350/375 (93%)
[Epoch 4/700] train_loss=0.7357 val_loss=0.7042 lr=1.00e-04 (32s)
Metric val/loss improved by 0.026 >= min_delta = 0.0. New best score: 0.704
  [Epoch 5] Batch 50/375 (13%)
  [Epoch 5] Batch 100/375 (27%)
  [Epoch 5] Batch 150/375 (40%)
  [Epoch 5] Batch 200/375 (53%)
  [Epoch 5] Batch 250/375 (67%)
  [Epoch 5] Batch 300/375 (80%)
  [Epoch 5] Batch 350/375 (93%)
[Epoch 5/700] train_loss=0.7149 val_loss=0.7129 lr=1.00e-04 (25s)
  [Epoch 6] Batch 50/375 (13%)
  [Epoch 6] Batch 100/375 (27%)
  [Epoch 6] Batch 150/375 (40%)
  [Epoch 6] Batch 200/375 (53%)
  [Epoch 6] Batch 250/375 (67%)
  [Epoch 6] Batch 300/375 (80%)
  [Epoch 6] Batch 350/375 (93%)
[Epoch 6/700] train_loss=0.6988 val_loss=0.7094 lr=1.00e-04 (22s)
  [Epoch 7] Batch 50/375 (13%)
  [Epoch 7] Batch 100/375 (27%)
  [Epoch 7] Batch 150/375 (40%)
  [Epoch 7] Batch 200/375 (53%)
  [Epoch 7] Batch 250/375 (67%)
  [Epoch 7] Batch 300/375 (80%)
  [Epoch 7] Batch 350/375 (93%)
[Epoch 7/700] train_loss=0.6962 val_loss=0.6820 lr=1.00e-04 (22s)
Metric val/loss improved by 0.022 >= min_delta = 0.0. New best score: 0.682
  [Epoch 8] Batch 50/375 (13%)
  [Epoch 8] Batch 100/375 (27%)
  [Epoch 8] Batch 150/375 (40%)
  [Epoch 8] Batch 200/375 (53%)
  [Epoch 8] Batch 250/375 (67%)
  [Epoch 8] Batch 300/375 (80%)
  [Epoch 8] Batch 350/375 (93%)
[Epoch 8/700] train_loss=0.6847 val_loss=0.6750 lr=1.00e-04 (22s)
Metric val/loss improved by 0.007 >= min_delta = 0.0. New best score: 0.675
  [Epoch 9] Batch 50/375 (13%)
  [Epoch 9] Batch 100/375 (27%)
  [Epoch 9] Batch 150/375 (40%)
  [Epoch 9] Batch 200/375 (53%)
  [Epoch 9] Batch 250/375 (67%)
  [Epoch 9] Batch 300/375 (80%)
  [Epoch 9] Batch 350/375 (93%)
[Epoch 9/700] train_loss=0.6807 val_loss=0.6693 lr=1.00e-04 (23s)
Metric val/loss improved by 0.006 >= min_delta = 0.0. New best score: 0.669
  [Epoch 10] Batch 50/375 (13%)
  [Epoch 10] Batch 100/375 (27%)
  [Epoch 10] Batch 150/375 (40%)
  [Epoch 10] Batch 200/375 (53%)
  [Epoch 10] Batch 250/375 (67%)
  [Epoch 10] Batch 300/375 (80%)
  [Epoch 10] Batch 350/375 (93%)
[Epoch 10/700] train_loss=0.6777 val_loss=0.6655 lr=9.99e-05 (22s)
Metric val/loss improved by 0.004 >= min_delta = 0.0. New best score: 0.666
  [Epoch 11] Batch 50/375 (13%)
  [Epoch 11] Batch 100/375 (27%)
  [Epoch 11] Batch 150/375 (40%)
  [Epoch 11] Batch 200/375 (53%)
  [Epoch 11] Batch 250/375 (67%)
  [Epoch 11] Batch 300/375 (80%)
  [Epoch 11] Batch 350/375 (93%)
[Epoch 11/700] train_loss=0.6742 val_loss=0.6640 lr=9.99e-05 (21s)
Metric val/loss improved by 0.002 >= min_delta = 0.0. New best score: 0.664
  [Epoch 12] Batch 50/375 (13%)
  [Epoch 12] Batch 100/375 (27%)
  [Epoch 12] Batch 150/375 (40%)
  [Epoch 12] Batch 200/375 (53%)
  [Epoch 12] Batch 250/375 (67%)
  [Epoch 12] Batch 300/375 (80%)
  [Epoch 12] Batch 350/375 (93%)
[Epoch 12/700] train_loss=0.6720 val_loss=0.6529 lr=9.99e-05 (23s)
Metric val/loss improved by 0.011 >= min_delta = 0.0. New best score: 0.653
  [Epoch 13] Batch 50/375 (13%)
  [Epoch 13] Batch 100/375 (27%)
  [Epoch 13] Batch 150/375 (40%)
  [Epoch 13] Batch 200/375 (53%)
  [Epoch 13] Batch 250/375 (67%)
  [Epoch 13] Batch 300/375 (80%)
  [Epoch 13] Batch 350/375 (93%)
[Epoch 13/700] train_loss=0.6657 val_loss=0.6564 lr=9.99e-05 (22s)
  [Epoch 14] Batch 50/375 (13%)
  [Epoch 14] Batch 100/375 (27%)
  [Epoch 14] Batch 150/375 (40%)
  [Epoch 14] Batch 200/375 (53%)
  [Epoch 14] Batch 250/375 (67%)
  [Epoch 14] Batch 300/375 (80%)
  [Epoch 14] Batch 350/375 (93%)
[Epoch 14/700] train_loss=0.6639 val_loss=0.6608 lr=9.99e-05 (21s)
  [Epoch 15] Batch 50/375 (13%)
  [Epoch 15] Batch 100/375 (27%)
  [Epoch 15] Batch 150/375 (40%)
  [Epoch 15] Batch 200/375 (53%)
  [Epoch 15] Batch 250/375 (67%)
  [Epoch 15] Batch 300/375 (80%)
  [Epoch 15] Batch 350/375 (93%)
[Epoch 15/700] train_loss=0.6609 val_loss=0.6598 lr=9.99e-05 (23s)
  [Epoch 16] Batch 50/375 (13%)
  [Epoch 16] Batch 100/375 (27%)
  [Epoch 16] Batch 150/375 (40%)
  [Epoch 16] Batch 200/375 (53%)
  [Epoch 16] Batch 250/375 (67%)
  [Epoch 16] Batch 300/375 (80%)
  [Epoch 16] Batch 350/375 (93%)
[Epoch 16/700] train_loss=0.6592 val_loss=0.6578 lr=9.99e-05 (22s)
  [Epoch 17] Batch 50/375 (13%)
  [Epoch 17] Batch 100/375 (27%)
  [Epoch 17] Batch 150/375 (40%)
  [Epoch 17] Batch 200/375 (53%)
  [Epoch 17] Batch 250/375 (67%)
  [Epoch 17] Batch 300/375 (80%)
  [Epoch 17] Batch 350/375 (93%)
[Epoch 17/700] train_loss=0.6598 val_loss=0.6553 lr=9.99e-05 (23s)
  [Epoch 18] Batch 50/375 (13%)
  [Epoch 18] Batch 100/375 (27%)
  [Epoch 18] Batch 150/375 (40%)
  [Epoch 18] Batch 200/375 (53%)
  [Epoch 18] Batch 250/375 (67%)
  [Epoch 18] Batch 300/375 (80%)
  [Epoch 18] Batch 350/375 (93%)
[Epoch 18/700] train_loss=0.6581 val_loss=0.6549 lr=9.98e-05 (22s)
  [Epoch 19] Batch 50/375 (13%)
  [Epoch 19] Batch 100/375 (27%)
  [Epoch 19] Batch 150/375 (40%)
  [Epoch 19] Batch 200/375 (53%)
  [Epoch 19] Batch 250/375 (67%)
  [Epoch 19] Batch 300/375 (80%)
  [Epoch 19] Batch 350/375 (93%)
[Epoch 19/700] train_loss=0.6529 val_loss=0.6387 lr=9.98e-05 (22s)
Metric val/loss improved by 0.014 >= min_delta = 0.0. New best score: 0.639
  [Epoch 20] Batch 50/375 (13%)
  [Epoch 20] Batch 100/375 (27%)
  [Epoch 20] Batch 150/375 (40%)
  [Epoch 20] Batch 200/375 (53%)
  [Epoch 20] Batch 250/375 (67%)
  [Epoch 20] Batch 300/375 (80%)
  [Epoch 20] Batch 350/375 (93%)
[Epoch 20/700] train_loss=0.6500 val_loss=0.6427 lr=9.98e-05 (22s)
  [Epoch 21] Batch 50/375 (13%)
  [Epoch 21] Batch 100/375 (27%)
  [Epoch 21] Batch 150/375 (40%)
  [Epoch 21] Batch 200/375 (53%)
  [Epoch 21] Batch 250/375 (67%)
  [Epoch 21] Batch 300/375 (80%)
  [Epoch 21] Batch 350/375 (93%)
[Epoch 21/700] train_loss=0.6478 val_loss=0.6539 lr=9.98e-05 (22s)
  [Epoch 22] Batch 50/375 (13%)
  [Epoch 22] Batch 100/375 (27%)
  [Epoch 22] Batch 150/375 (40%)
  [Epoch 22] Batch 200/375 (53%)
  [Epoch 22] Batch 250/375 (67%)
  [Epoch 22] Batch 300/375 (80%)
  [Epoch 22] Batch 350/375 (93%)
[Epoch 22/700] train_loss=0.6467 val_loss=0.6402 lr=9.98e-05 (22s)
  [Epoch 23] Batch 50/375 (13%)
  [Epoch 23] Batch 100/375 (27%)
  [Epoch 23] Batch 150/375 (40%)
  [Epoch 23] Batch 200/375 (53%)
  [Epoch 23] Batch 250/375 (67%)
  [Epoch 23] Batch 300/375 (80%)
  [Epoch 23] Batch 350/375 (93%)
[Epoch 23/700] train_loss=0.6376 val_loss=0.6514 lr=9.97e-05 (22s)
  [Epoch 24] Batch 50/375 (13%)
  [Epoch 24] Batch 100/375 (27%)
  [Epoch 24] Batch 150/375 (40%)
  [Epoch 24] Batch 200/375 (53%)
  [Epoch 24] Batch 250/375 (67%)
  [Epoch 24] Batch 300/375 (80%)
  [Epoch 24] Batch 350/375 (93%)
[Epoch 24/700] train_loss=0.6399 val_loss=0.6300 lr=9.97e-05 (21s)
Metric val/loss improved by 0.009 >= min_delta = 0.0. New best score: 0.630
  [Epoch 25] Batch 50/375 (13%)
  [Epoch 25] Batch 100/375 (27%)
  [Epoch 25] Batch 150/375 (40%)
  [Epoch 25] Batch 200/375 (53%)
  [Epoch 25] Batch 250/375 (67%)
  [Epoch 25] Batch 300/375 (80%)
  [Epoch 25] Batch 350/375 (93%)
[Epoch 25/700] train_loss=0.6334 val_loss=0.6276 lr=9.97e-05 (22s)
Metric val/loss improved by 0.002 >= min_delta = 0.0. New best score: 0.628
  [Epoch 26] Batch 50/375 (13%)
  [Epoch 26] Batch 100/375 (27%)
  [Epoch 26] Batch 150/375 (40%)
  [Epoch 26] Batch 200/375 (53%)
  [Epoch 26] Batch 250/375 (67%)
  [Epoch 26] Batch 300/375 (80%)
  [Epoch 26] Batch 350/375 (93%)
[Epoch 26/700] train_loss=0.6380 val_loss=0.6412 lr=9.97e-05 (22s)
  [Epoch 27] Batch 50/375 (13%)
  [Epoch 27] Batch 100/375 (27%)
  [Epoch 27] Batch 150/375 (40%)
  [Epoch 27] Batch 200/375 (53%)
  [Epoch 27] Batch 250/375 (67%)
  [Epoch 27] Batch 300/375 (80%)
  [Epoch 27] Batch 350/375 (93%)
[Epoch 27/700] train_loss=0.6329 val_loss=0.6287 lr=9.96e-05 (21s)
  [Epoch 28] Batch 50/375 (13%)
  [Epoch 28] Batch 100/375 (27%)
  [Epoch 28] Batch 150/375 (40%)
  [Epoch 28] Batch 200/375 (53%)
  [Epoch 28] Batch 250/375 (67%)
  [Epoch 28] Batch 300/375 (80%)
  [Epoch 28] Batch 350/375 (93%)
[Epoch 28/700] train_loss=0.6319 val_loss=0.6367 lr=9.96e-05 (21s)
  [Epoch 29] Batch 50/375 (13%)
  [Epoch 29] Batch 100/375 (27%)
  [Epoch 29] Batch 150/375 (40%)
  [Epoch 29] Batch 200/375 (53%)
  [Epoch 29] Batch 250/375 (67%)
  [Epoch 29] Batch 300/375 (80%)
  [Epoch 29] Batch 350/375 (93%)
[Epoch 29/700] train_loss=0.6310 val_loss=0.6227 lr=9.96e-05 (22s)
Metric val/loss improved by 0.005 >= min_delta = 0.0. New best score: 0.623
  [Epoch 30] Batch 50/375 (13%)
  [Epoch 30] Batch 100/375 (27%)
  [Epoch 30] Batch 150/375 (40%)
  [Epoch 30] Batch 200/375 (53%)
  [Epoch 30] Batch 250/375 (67%)
  [Epoch 30] Batch 300/375 (80%)
  [Epoch 30] Batch 350/375 (93%)
[Epoch 30/700] train_loss=0.6328 val_loss=0.6336 lr=9.95e-05 (21s)
  [Epoch 31] Batch 50/375 (13%)
  [Epoch 31] Batch 100/375 (27%)
  [Epoch 31] Batch 150/375 (40%)
  [Epoch 31] Batch 200/375 (53%)
  [Epoch 31] Batch 250/375 (67%)
  [Epoch 31] Batch 300/375 (80%)
  [Epoch 31] Batch 350/375 (93%)
[Epoch 31/700] train_loss=0.6301 val_loss=0.6283 lr=9.95e-05 (21s)
  [Epoch 32] Batch 50/375 (13%)
  [Epoch 32] Batch 100/375 (27%)
  [Epoch 32] Batch 150/375 (40%)
  [Epoch 32] Batch 200/375 (53%)
  [Epoch 32] Batch 250/375 (67%)
  [Epoch 32] Batch 300/375 (80%)
  [Epoch 32] Batch 350/375 (93%)
[Epoch 32/700] train_loss=0.6234 val_loss=0.6103 lr=9.95e-05 (22s)
Metric val/loss improved by 0.012 >= min_delta = 0.0. New best score: 0.610
  [Epoch 33] Batch 50/375 (13%)
  [Epoch 33] Batch 100/375 (27%)
  [Epoch 33] Batch 150/375 (40%)
  [Epoch 33] Batch 200/375 (53%)
  [Epoch 33] Batch 250/375 (67%)
  [Epoch 33] Batch 300/375 (80%)
  [Epoch 33] Batch 350/375 (93%)
[Epoch 33/700] train_loss=0.6219 val_loss=0.6177 lr=9.95e-05 (22s)
  [Epoch 34] Batch 50/375 (13%)
  [Epoch 34] Batch 100/375 (27%)
  [Epoch 34] Batch 150/375 (40%)
  [Epoch 34] Batch 200/375 (53%)
  [Epoch 34] Batch 250/375 (67%)
  [Epoch 34] Batch 300/375 (80%)
  [Epoch 34] Batch 350/375 (93%)
[Epoch 34/700] train_loss=0.6241 val_loss=0.6130 lr=9.94e-05 (21s)
  [Epoch 35] Batch 50/375 (13%)
  [Epoch 35] Batch 100/375 (27%)
  [Epoch 35] Batch 150/375 (40%)
  [Epoch 35] Batch 200/375 (53%)
  [Epoch 35] Batch 250/375 (67%)
  [Epoch 35] Batch 300/375 (80%)
  [Epoch 35] Batch 350/375 (93%)
[Epoch 35/700] train_loss=0.6246 val_loss=0.6197 lr=9.94e-05 (22s)
  [Epoch 36] Batch 50/375 (13%)
  [Epoch 36] Batch 100/375 (27%)
  [Epoch 36] Batch 150/375 (40%)
  [Epoch 36] Batch 200/375 (53%)
  [Epoch 36] Batch 250/375 (67%)
  [Epoch 36] Batch 300/375 (80%)
  [Epoch 36] Batch 350/375 (93%)
[Epoch 36/700] train_loss=0.6198 val_loss=0.6173 lr=9.93e-05 (22s)
  [Epoch 37] Batch 50/375 (13%)
  [Epoch 37] Batch 100/375 (27%)
  [Epoch 37] Batch 150/375 (40%)
  [Epoch 37] Batch 200/375 (53%)
  [Epoch 37] Batch 250/375 (67%)
  [Epoch 37] Batch 300/375 (80%)
  [Epoch 37] Batch 350/375 (93%)
[Epoch 37/700] train_loss=0.6155 val_loss=0.6151 lr=9.93e-05 (22s)
  [Epoch 38] Batch 50/375 (13%)
  [Epoch 38] Batch 100/375 (27%)
  [Epoch 38] Batch 150/375 (40%)
  [Epoch 38] Batch 200/375 (53%)
  [Epoch 38] Batch 250/375 (67%)
  [Epoch 38] Batch 300/375 (80%)
  [Epoch 38] Batch 350/375 (93%)
[Epoch 38/700] train_loss=0.6215 val_loss=0.6132 lr=9.93e-05 (22s)
  [Epoch 39] Batch 50/375 (13%)
  [Epoch 39] Batch 100/375 (27%)
  [Epoch 39] Batch 150/375 (40%)
  [Epoch 39] Batch 200/375 (53%)
  [Epoch 39] Batch 250/375 (67%)
  [Epoch 39] Batch 300/375 (80%)
  [Epoch 39] Batch 350/375 (93%)
[Epoch 39/700] train_loss=0.6185 val_loss=0.6243 lr=9.92e-05 (22s)
  [Epoch 40] Batch 50/375 (13%)
  [Epoch 40] Batch 100/375 (27%)
  [Epoch 40] Batch 150/375 (40%)
  [Epoch 40] Batch 200/375 (53%)
  [Epoch 40] Batch 250/375 (67%)
  [Epoch 40] Batch 300/375 (80%)
  [Epoch 40] Batch 350/375 (93%)
[Epoch 40/700] train_loss=0.6129 val_loss=0.6107 lr=9.92e-05 (23s)
  [Epoch 41] Batch 50/375 (13%)
  [Epoch 41] Batch 100/375 (27%)
  [Epoch 41] Batch 150/375 (40%)
  [Epoch 41] Batch 200/375 (53%)
  [Epoch 41] Batch 250/375 (67%)
  [Epoch 41] Batch 300/375 (80%)
  [Epoch 41] Batch 350/375 (93%)
[Epoch 41/700] train_loss=0.6135 val_loss=0.5995 lr=9.92e-05 (21s)
Metric val/loss improved by 0.011 >= min_delta = 0.0. New best score: 0.599
  [Epoch 42] Batch 50/375 (13%)
  [Epoch 42] Batch 100/375 (27%)
  [Epoch 42] Batch 150/375 (40%)
  [Epoch 42] Batch 200/375 (53%)
  [Epoch 42] Batch 250/375 (67%)
  [Epoch 42] Batch 300/375 (80%)
  [Epoch 42] Batch 350/375 (93%)
[Epoch 42/700] train_loss=0.6118 val_loss=0.6105 lr=9.91e-05 (22s)
  [Epoch 43] Batch 50/375 (13%)
  [Epoch 43] Batch 100/375 (27%)
  [Epoch 43] Batch 150/375 (40%)
  [Epoch 43] Batch 200/375 (53%)
  [Epoch 43] Batch 250/375 (67%)
  [Epoch 43] Batch 300/375 (80%)
  [Epoch 43] Batch 350/375 (93%)
[Epoch 43/700] train_loss=0.6139 val_loss=0.6101 lr=9.91e-05 (21s)
  [Epoch 44] Batch 50/375 (13%)
  [Epoch 44] Batch 100/375 (27%)
  [Epoch 44] Batch 150/375 (40%)
  [Epoch 44] Batch 200/375 (53%)
  [Epoch 44] Batch 250/375 (67%)
  [Epoch 44] Batch 300/375 (80%)
  [Epoch 44] Batch 350/375 (93%)
[Epoch 44/700] train_loss=0.6114 val_loss=0.6167 lr=9.90e-05 (22s)
  [Epoch 45] Batch 50/375 (13%)
  [Epoch 45] Batch 100/375 (27%)
  [Epoch 45] Batch 150/375 (40%)
  [Epoch 45] Batch 200/375 (53%)
  [Epoch 45] Batch 250/375 (67%)
  [Epoch 45] Batch 300/375 (80%)
  [Epoch 45] Batch 350/375 (93%)
[Epoch 45/700] train_loss=0.6116 val_loss=0.6095 lr=9.90e-05 (22s)
  [Epoch 46] Batch 50/375 (13%)
  [Epoch 46] Batch 100/375 (27%)
  [Epoch 46] Batch 150/375 (40%)
  [Epoch 46] Batch 200/375 (53%)
  [Epoch 46] Batch 250/375 (67%)
  [Epoch 46] Batch 300/375 (80%)
  [Epoch 46] Batch 350/375 (93%)
[Epoch 46/700] train_loss=0.6105 val_loss=0.6017 lr=9.89e-05 (21s)
  [Epoch 47] Batch 50/375 (13%)
  [Epoch 47] Batch 100/375 (27%)
  [Epoch 47] Batch 150/375 (40%)
  [Epoch 47] Batch 200/375 (53%)
  [Epoch 47] Batch 250/375 (67%)
  [Epoch 47] Batch 300/375 (80%)
  [Epoch 47] Batch 350/375 (93%)
[Epoch 47/700] train_loss=0.6100 val_loss=0.6046 lr=9.89e-05 (25s)
  [Epoch 48] Batch 50/375 (13%)
  [Epoch 48] Batch 100/375 (27%)
  [Epoch 48] Batch 150/375 (40%)
  [Epoch 48] Batch 200/375 (53%)
  [Epoch 48] Batch 250/375 (67%)
  [Epoch 48] Batch 300/375 (80%)
  [Epoch 48] Batch 350/375 (93%)
[Epoch 48/700] train_loss=0.6062 val_loss=0.5979 lr=9.88e-05 (22s)
Metric val/loss improved by 0.002 >= min_delta = 0.0. New best score: 0.598
  [Epoch 49] Batch 50/375 (13%)
  [Epoch 49] Batch 100/375 (27%)
  [Epoch 49] Batch 150/375 (40%)
  [Epoch 49] Batch 200/375 (53%)
  [Epoch 49] Batch 250/375 (67%)
  [Epoch 49] Batch 300/375 (80%)
  [Epoch 49] Batch 350/375 (93%)
[Epoch 49/700] train_loss=0.6060 val_loss=0.6059 lr=9.88e-05 (22s)
  [Epoch 50] Batch 50/375 (13%)
  [Epoch 50] Batch 100/375 (27%)
  [Epoch 50] Batch 150/375 (40%)
  [Epoch 50] Batch 200/375 (53%)
  [Epoch 50] Batch 250/375 (67%)
  [Epoch 50] Batch 300/375 (80%)
  [Epoch 50] Batch 350/375 (93%)
[Epoch 50/700] train_loss=0.6051 val_loss=0.6012 lr=9.87e-05 (22s)
  [Epoch 51] Batch 50/375 (13%)
  [Epoch 51] Batch 100/375 (27%)
  [Epoch 51] Batch 150/375 (40%)
  [Epoch 51] Batch 200/375 (53%)
  [Epoch 51] Batch 250/375 (67%)
  [Epoch 51] Batch 300/375 (80%)
  [Epoch 51] Batch 350/375 (93%)
[Epoch 51/700] train_loss=0.6036 val_loss=0.5955 lr=9.87e-05 (22s)
Metric val/loss improved by 0.002 >= min_delta = 0.0. New best score: 0.595
  [Epoch 52] Batch 50/375 (13%)
  [Epoch 52] Batch 100/375 (27%)
  [Epoch 52] Batch 150/375 (40%)
  [Epoch 52] Batch 200/375 (53%)
  [Epoch 52] Batch 250/375 (67%)
  [Epoch 52] Batch 300/375 (80%)
  [Epoch 52] Batch 350/375 (93%)
[Epoch 52/700] train_loss=0.6020 val_loss=0.6049 lr=9.86e-05 (23s)
  [Epoch 53] Batch 50/375 (13%)
  [Epoch 53] Batch 100/375 (27%)
  [Epoch 53] Batch 150/375 (40%)
  [Epoch 53] Batch 200/375 (53%)
  [Epoch 53] Batch 250/375 (67%)
  [Epoch 53] Batch 300/375 (80%)
  [Epoch 53] Batch 350/375 (93%)
[Epoch 53/700] train_loss=0.6034 val_loss=0.5931 lr=9.86e-05 (23s)
Metric val/loss improved by 0.002 >= min_delta = 0.0. New best score: 0.593
  [Epoch 54] Batch 50/375 (13%)
  [Epoch 54] Batch 100/375 (27%)
  [Epoch 54] Batch 150/375 (40%)
  [Epoch 54] Batch 200/375 (53%)
  [Epoch 54] Batch 250/375 (67%)
  [Epoch 54] Batch 300/375 (80%)
  [Epoch 54] Batch 350/375 (93%)
[Epoch 54/700] train_loss=0.5997 val_loss=0.6050 lr=9.85e-05 (22s)
  [Epoch 55] Batch 50/375 (13%)
  [Epoch 55] Batch 100/375 (27%)
  [Epoch 55] Batch 150/375 (40%)
  [Epoch 55] Batch 200/375 (53%)
  [Epoch 55] Batch 250/375 (67%)
  [Epoch 55] Batch 300/375 (80%)
  [Epoch 55] Batch 350/375 (93%)
[Epoch 55/700] train_loss=0.5997 val_loss=0.5971 lr=9.85e-05 (22s)
  [Epoch 56] Batch 50/375 (13%)
  [Epoch 56] Batch 100/375 (27%)
  [Epoch 56] Batch 150/375 (40%)
  [Epoch 56] Batch 200/375 (53%)
  [Epoch 56] Batch 250/375 (67%)
  [Epoch 56] Batch 300/375 (80%)
  [Epoch 56] Batch 350/375 (93%)
[Epoch 56/700] train_loss=0.6026 val_loss=0.5903 lr=9.84e-05 (22s)
Metric val/loss improved by 0.003 >= min_delta = 0.0. New best score: 0.590
  [Epoch 57] Batch 50/375 (13%)
  [Epoch 57] Batch 100/375 (27%)
  [Epoch 57] Batch 150/375 (40%)
  [Epoch 57] Batch 200/375 (53%)
  [Epoch 57] Batch 250/375 (67%)
  [Epoch 57] Batch 300/375 (80%)
  [Epoch 57] Batch 350/375 (93%)
[Epoch 57/700] train_loss=0.6040 val_loss=0.5993 lr=9.84e-05 (25s)
  [Epoch 58] Batch 50/375 (13%)
  [Epoch 58] Batch 100/375 (27%)
  [Epoch 58] Batch 150/375 (40%)
  [Epoch 58] Batch 200/375 (53%)
  [Epoch 58] Batch 250/375 (67%)
  [Epoch 58] Batch 300/375 (80%)
  [Epoch 58] Batch 350/375 (93%)
[Epoch 58/700] train_loss=0.5977 val_loss=0.6027 lr=9.83e-05 (22s)
  [Epoch 59] Batch 50/375 (13%)
  [Epoch 59] Batch 100/375 (27%)
  [Epoch 59] Batch 150/375 (40%)
  [Epoch 59] Batch 200/375 (53%)
  [Epoch 59] Batch 250/375 (67%)
  [Epoch 59] Batch 300/375 (80%)
  [Epoch 59] Batch 350/375 (93%)
[Epoch 59/700] train_loss=0.5993 val_loss=0.5921 lr=9.83e-05 (22s)
  [Epoch 60] Batch 50/375 (13%)
  [Epoch 60] Batch 100/375 (27%)
  [Epoch 60] Batch 150/375 (40%)
  [Epoch 60] Batch 200/375 (53%)
  [Epoch 60] Batch 250/375 (67%)
  [Epoch 60] Batch 300/375 (80%)
  [Epoch 60] Batch 350/375 (93%)
[Epoch 60/700] train_loss=0.5993 val_loss=0.5909 lr=9.82e-05 (21s)
  [Epoch 61] Batch 50/375 (13%)
  [Epoch 61] Batch 100/375 (27%)
  [Epoch 61] Batch 150/375 (40%)
  [Epoch 61] Batch 200/375 (53%)
  [Epoch 61] Batch 250/375 (67%)
  [Epoch 61] Batch 300/375 (80%)
  [Epoch 61] Batch 350/375 (93%)
[Epoch 61/700] train_loss=0.5952 val_loss=0.5998 lr=9.81e-05 (22s)
  [Epoch 62] Batch 50/375 (13%)
  [Epoch 62] Batch 100/375 (27%)
  [Epoch 62] Batch 150/375 (40%)
  [Epoch 62] Batch 200/375 (53%)
  [Epoch 62] Batch 250/375 (67%)
  [Epoch 62] Batch 300/375 (80%)
  [Epoch 62] Batch 350/375 (93%)
[Epoch 62/700] train_loss=0.5996 val_loss=0.6052 lr=9.81e-05 (22s)
  [Epoch 63] Batch 50/375 (13%)
  [Epoch 63] Batch 100/375 (27%)
  [Epoch 63] Batch 150/375 (40%)
  [Epoch 63] Batch 200/375 (53%)
  [Epoch 63] Batch 250/375 (67%)
  [Epoch 63] Batch 300/375 (80%)
  [Epoch 63] Batch 350/375 (93%)
[Epoch 63/700] train_loss=0.5993 val_loss=0.5947 lr=9.80e-05 (22s)
  [Epoch 64] Batch 50/375 (13%)
  [Epoch 64] Batch 100/375 (27%)
  [Epoch 64] Batch 150/375 (40%)
  [Epoch 64] Batch 200/375 (53%)
  [Epoch 64] Batch 250/375 (67%)
  [Epoch 64] Batch 300/375 (80%)
  [Epoch 64] Batch 350/375 (93%)
[Epoch 64/700] train_loss=0.5978 val_loss=0.6001 lr=9.80e-05 (21s)
  [Epoch 65] Batch 50/375 (13%)
  [Epoch 65] Batch 100/375 (27%)
  [Epoch 65] Batch 150/375 (40%)
  [Epoch 65] Batch 200/375 (53%)
  [Epoch 65] Batch 250/375 (67%)
  [Epoch 65] Batch 300/375 (80%)
  [Epoch 65] Batch 350/375 (93%)
[Epoch 65/700] train_loss=0.6015 val_loss=0.5910 lr=9.79e-05 (22s)
  [Epoch 66] Batch 50/375 (13%)
  [Epoch 66] Batch 100/375 (27%)
  [Epoch 66] Batch 150/375 (40%)
  [Epoch 66] Batch 200/375 (53%)
  [Epoch 66] Batch 250/375 (67%)
  [Epoch 66] Batch 300/375 (80%)
  [Epoch 66] Batch 350/375 (93%)
[Epoch 66/700] train_loss=0.5936 val_loss=0.5905 lr=9.78e-05 (21s)
  [Epoch 67] Batch 50/375 (13%)
  [Epoch 67] Batch 100/375 (27%)
  [Epoch 67] Batch 150/375 (40%)
  [Epoch 67] Batch 200/375 (53%)
  [Epoch 67] Batch 250/375 (67%)
  [Epoch 67] Batch 300/375 (80%)
  [Epoch 67] Batch 350/375 (93%)
[Epoch 67/700] train_loss=0.5930 val_loss=0.5893 lr=9.78e-05 (22s)
Metric val/loss improved by 0.001 >= min_delta = 0.0. New best score: 0.589
  [Epoch 68] Batch 50/375 (13%)
  [Epoch 68] Batch 100/375 (27%)
  [Epoch 68] Batch 150/375 (40%)
  [Epoch 68] Batch 200/375 (53%)
  [Epoch 68] Batch 250/375 (67%)
  [Epoch 68] Batch 300/375 (80%)
  [Epoch 68] Batch 350/375 (93%)
[Epoch 68/700] train_loss=0.5952 val_loss=0.5885 lr=9.77e-05 (21s)
Metric val/loss improved by 0.001 >= min_delta = 0.0. New best score: 0.588
  [Epoch 69] Batch 50/375 (13%)
  [Epoch 69] Batch 100/375 (27%)
  [Epoch 69] Batch 150/375 (40%)
  [Epoch 69] Batch 200/375 (53%)
  [Epoch 69] Batch 250/375 (67%)
  [Epoch 69] Batch 300/375 (80%)
  [Epoch 69] Batch 350/375 (93%)
[Epoch 69/700] train_loss=0.5901 val_loss=0.5942 lr=9.76e-05 (22s)
  [Epoch 70] Batch 50/375 (13%)
  [Epoch 70] Batch 100/375 (27%)
  [Epoch 70] Batch 150/375 (40%)
  [Epoch 70] Batch 200/375 (53%)
  [Epoch 70] Batch 250/375 (67%)
  [Epoch 70] Batch 300/375 (80%)
  [Epoch 70] Batch 350/375 (93%)
[Epoch 70/700] train_loss=0.5977 val_loss=0.5916 lr=9.76e-05 (22s)
  [Epoch 71] Batch 50/375 (13%)
  [Epoch 71] Batch 100/375 (27%)
  [Epoch 71] Batch 150/375 (40%)
  [Epoch 71] Batch 200/375 (53%)
  [Epoch 71] Batch 250/375 (67%)
  [Epoch 71] Batch 300/375 (80%)
  [Epoch 71] Batch 350/375 (93%)
[Epoch 71/700] train_loss=0.5917 val_loss=0.5877 lr=9.75e-05 (23s)
Metric val/loss improved by 0.001 >= min_delta = 0.0. New best score: 0.588
  [Epoch 72] Batch 50/375 (13%)
  [Epoch 72] Batch 100/375 (27%)
  [Epoch 72] Batch 150/375 (40%)
  [Epoch 72] Batch 200/375 (53%)
  [Epoch 72] Batch 250/375 (67%)
  [Epoch 72] Batch 300/375 (80%)
  [Epoch 72] Batch 350/375 (93%)
[Epoch 72/700] train_loss=0.5894 val_loss=0.5909 lr=9.74e-05 (22s)
  [Epoch 73] Batch 50/375 (13%)
  [Epoch 73] Batch 100/375 (27%)
  [Epoch 73] Batch 150/375 (40%)
  [Epoch 73] Batch 200/375 (53%)
  [Epoch 73] Batch 250/375 (67%)
  [Epoch 73] Batch 300/375 (80%)
  [Epoch 73] Batch 350/375 (93%)
[Epoch 73/700] train_loss=0.5894 val_loss=0.5816 lr=9.73e-05 (23s)
Metric val/loss improved by 0.006 >= min_delta = 0.0. New best score: 0.582
  [Epoch 74] Batch 50/375 (13%)
  [Epoch 74] Batch 100/375 (27%)
  [Epoch 74] Batch 150/375 (40%)
  [Epoch 74] Batch 200/375 (53%)
  [Epoch 74] Batch 250/375 (67%)
  [Epoch 74] Batch 300/375 (80%)
  [Epoch 74] Batch 350/375 (93%)
[Epoch 74/700] train_loss=0.5926 val_loss=0.5891 lr=9.73e-05 (21s)
  [Epoch 75] Batch 50/375 (13%)
  [Epoch 75] Batch 100/375 (27%)
  [Epoch 75] Batch 150/375 (40%)
  [Epoch 75] Batch 200/375 (53%)
  [Epoch 75] Batch 250/375 (67%)
  [Epoch 75] Batch 300/375 (80%)
  [Epoch 75] Batch 350/375 (93%)
[Epoch 75/700] train_loss=0.5899 val_loss=0.5864 lr=9.72e-05 (22s)
  [Epoch 76] Batch 50/375 (13%)
  [Epoch 76] Batch 100/375 (27%)
  [Epoch 76] Batch 150/375 (40%)
  [Epoch 76] Batch 200/375 (53%)
  [Epoch 76] Batch 250/375 (67%)
  [Epoch 76] Batch 300/375 (80%)
  [Epoch 76] Batch 350/375 (93%)
[Epoch 76/700] train_loss=0.5922 val_loss=0.5885 lr=9.71e-05 (22s)
  [Epoch 77] Batch 50/375 (13%)
  [Epoch 77] Batch 100/375 (27%)
  [Epoch 77] Batch 150/375 (40%)
  [Epoch 77] Batch 200/375 (53%)
  [Epoch 77] Batch 250/375 (67%)
  [Epoch 77] Batch 300/375 (80%)
  [Epoch 77] Batch 350/375 (93%)
[Epoch 77/700] train_loss=0.5925 val_loss=0.5922 lr=9.70e-05 (22s)
  [Epoch 78] Batch 50/375 (13%)
  [Epoch 78] Batch 100/375 (27%)
  [Epoch 78] Batch 150/375 (40%)
  [Epoch 78] Batch 200/375 (53%)
  [Epoch 78] Batch 250/375 (67%)
  [Epoch 78] Batch 300/375 (80%)
  [Epoch 78] Batch 350/375 (93%)
[Epoch 78/700] train_loss=0.5912 val_loss=0.5883 lr=9.70e-05 (22s)
  [Epoch 79] Batch 50/375 (13%)
  [Epoch 79] Batch 100/375 (27%)
  [Epoch 79] Batch 150/375 (40%)
  [Epoch 79] Batch 200/375 (53%)
  [Epoch 79] Batch 250/375 (67%)
  [Epoch 79] Batch 300/375 (80%)
  [Epoch 79] Batch 350/375 (93%)
[Epoch 79/700] train_loss=0.5929 val_loss=0.5824 lr=9.69e-05 (24s)
  [Epoch 80] Batch 50/375 (13%)
  [Epoch 80] Batch 100/375 (27%)
  [Epoch 80] Batch 150/375 (40%)
  [Epoch 80] Batch 200/375 (53%)
  [Epoch 80] Batch 250/375 (67%)
  [Epoch 80] Batch 300/375 (80%)
  [Epoch 80] Batch 350/375 (93%)
[Epoch 80/700] train_loss=0.5957 val_loss=0.5960 lr=9.68e-05 (21s)
  [Epoch 81] Batch 50/375 (13%)
  [Epoch 81] Batch 100/375 (27%)
  [Epoch 81] Batch 150/375 (40%)
  [Epoch 81] Batch 200/375 (53%)
  [Epoch 81] Batch 250/375 (67%)
  [Epoch 81] Batch 300/375 (80%)
  [Epoch 81] Batch 350/375 (93%)
[Epoch 81/700] train_loss=0.5874 val_loss=0.5882 lr=9.67e-05 (21s)
  [Epoch 82] Batch 50/375 (13%)
  [Epoch 82] Batch 100/375 (27%)
  [Epoch 82] Batch 150/375 (40%)
  [Epoch 82] Batch 200/375 (53%)
  [Epoch 82] Batch 250/375 (67%)
  [Epoch 82] Batch 300/375 (80%)
  [Epoch 82] Batch 350/375 (93%)
[Epoch 82/700] train_loss=0.5904 val_loss=0.5937 lr=9.67e-05 (22s)
  [Epoch 83] Batch 50/375 (13%)
  [Epoch 83] Batch 100/375 (27%)
  [Epoch 83] Batch 150/375 (40%)
  [Epoch 83] Batch 200/375 (53%)
  [Epoch 83] Batch 250/375 (67%)
  [Epoch 83] Batch 300/375 (80%)
  [Epoch 83] Batch 350/375 (93%)
[Epoch 83/700] train_loss=0.5857 val_loss=0.5771 lr=9.66e-05 (22s)
Metric val/loss improved by 0.005 >= min_delta = 0.0. New best score: 0.577
  [Epoch 84] Batch 50/375 (13%)
  [Epoch 84] Batch 100/375 (27%)
  [Epoch 84] Batch 150/375 (40%)
  [Epoch 84] Batch 200/375 (53%)
  [Epoch 84] Batch 250/375 (67%)
  [Epoch 84] Batch 300/375 (80%)
  [Epoch 84] Batch 350/375 (93%)
[Epoch 84/700] train_loss=0.5858 val_loss=0.5859 lr=9.65e-05 (21s)
  [Epoch 85] Batch 50/375 (13%)
  [Epoch 85] Batch 100/375 (27%)
  [Epoch 85] Batch 150/375 (40%)
  [Epoch 85] Batch 200/375 (53%)
  [Epoch 85] Batch 250/375 (67%)
  [Epoch 85] Batch 300/375 (80%)
  [Epoch 85] Batch 350/375 (93%)
[Epoch 85/700] train_loss=0.5884 val_loss=0.5919 lr=9.64e-05 (22s)
  [Epoch 86] Batch 50/375 (13%)
  [Epoch 86] Batch 100/375 (27%)
  [Epoch 86] Batch 150/375 (40%)
  [Epoch 86] Batch 200/375 (53%)
  [Epoch 86] Batch 250/375 (67%)
  [Epoch 86] Batch 300/375 (80%)
  [Epoch 86] Batch 350/375 (93%)
[Epoch 86/700] train_loss=0.5834 val_loss=0.5866 lr=9.63e-05 (22s)
  [Epoch 87] Batch 50/375 (13%)
  [Epoch 87] Batch 100/375 (27%)
  [Epoch 87] Batch 150/375 (40%)
  [Epoch 87] Batch 200/375 (53%)
  [Epoch 87] Batch 250/375 (67%)
  [Epoch 87] Batch 300/375 (80%)
  [Epoch 87] Batch 350/375 (93%)
[Epoch 87/700] train_loss=0.5873 val_loss=0.5844 lr=9.62e-05 (21s)
  [Epoch 88] Batch 50/375 (13%)
  [Epoch 88] Batch 100/375 (27%)
  [Epoch 88] Batch 150/375 (40%)
  [Epoch 88] Batch 200/375 (53%)
  [Epoch 88] Batch 250/375 (67%)
  [Epoch 88] Batch 300/375 (80%)
  [Epoch 88] Batch 350/375 (93%)
[Epoch 88/700] train_loss=0.5869 val_loss=0.5842 lr=9.62e-05 (22s)
  [Epoch 89] Batch 50/375 (13%)
  [Epoch 89] Batch 100/375 (27%)
  [Epoch 89] Batch 150/375 (40%)
  [Epoch 89] Batch 200/375 (53%)
  [Epoch 89] Batch 250/375 (67%)
  [Epoch 89] Batch 300/375 (80%)
  [Epoch 89] Batch 350/375 (93%)
[Epoch 89/700] train_loss=0.5840 val_loss=0.5877 lr=9.61e-05 (21s)
  [Epoch 90] Batch 50/375 (13%)
  [Epoch 90] Batch 100/375 (27%)
  [Epoch 90] Batch 150/375 (40%)
  [Epoch 90] Batch 200/375 (53%)
  [Epoch 90] Batch 250/375 (67%)
  [Epoch 90] Batch 300/375 (80%)
  [Epoch 90] Batch 350/375 (93%)
[Epoch 90/700] train_loss=0.5879 val_loss=0.5898 lr=9.60e-05 (22s)
  [Epoch 91] Batch 50/375 (13%)
  [Epoch 91] Batch 100/375 (27%)
  [Epoch 91] Batch 150/375 (40%)
  [Epoch 91] Batch 200/375 (53%)
  [Epoch 91] Batch 250/375 (67%)
  [Epoch 91] Batch 300/375 (80%)
  [Epoch 91] Batch 350/375 (93%)
[Epoch 91/700] train_loss=0.5876 val_loss=0.5856 lr=9.59e-05 (21s)
  [Epoch 92] Batch 50/375 (13%)
  [Epoch 92] Batch 100/375 (27%)
  [Epoch 92] Batch 150/375 (40%)
  [Epoch 92] Batch 200/375 (53%)
  [Epoch 92] Batch 250/375 (67%)
  [Epoch 92] Batch 300/375 (80%)
  [Epoch 92] Batch 350/375 (93%)
[Epoch 92/700] train_loss=0.5874 val_loss=0.5873 lr=9.58e-05 (22s)
  [Epoch 93] Batch 50/375 (13%)
  [Epoch 93] Batch 100/375 (27%)
  [Epoch 93] Batch 150/375 (40%)
  [Epoch 93] Batch 200/375 (53%)
  [Epoch 93] Batch 250/375 (67%)
  [Epoch 93] Batch 300/375 (80%)
  [Epoch 93] Batch 350/375 (93%)
[Epoch 93/700] train_loss=0.5868 val_loss=0.5836 lr=9.57e-05 (22s)
  [Epoch 94] Batch 50/375 (13%)
  [Epoch 94] Batch 100/375 (27%)
  [Epoch 94] Batch 150/375 (40%)
  [Epoch 94] Batch 200/375 (53%)
  [Epoch 94] Batch 250/375 (67%)
  [Epoch 94] Batch 300/375 (80%)
  [Epoch 94] Batch 350/375 (93%)
[Epoch 94/700] train_loss=0.5771 val_loss=0.5916 lr=9.56e-05 (21s)
  [Epoch 95] Batch 50/375 (13%)
  [Epoch 95] Batch 100/375 (27%)
  [Epoch 95] Batch 150/375 (40%)
  [Epoch 95] Batch 200/375 (53%)
  [Epoch 95] Batch 250/375 (67%)
  [Epoch 95] Batch 300/375 (80%)
  [Epoch 95] Batch 350/375 (93%)
[Epoch 95/700] train_loss=0.5816 val_loss=0.5838 lr=9.55e-05 (23s)
  [Epoch 96] Batch 50/375 (13%)
  [Epoch 96] Batch 100/375 (27%)
  [Epoch 96] Batch 150/375 (40%)
  [Epoch 96] Batch 200/375 (53%)
  [Epoch 96] Batch 250/375 (67%)
  [Epoch 96] Batch 300/375 (80%)
  [Epoch 96] Batch 350/375 (93%)
[Epoch 96/700] train_loss=0.5852 val_loss=0.5722 lr=9.54e-05 (23s)
Metric val/loss improved by 0.005 >= min_delta = 0.0. New best score: 0.572
  [Epoch 97] Batch 50/375 (13%)
  [Epoch 97] Batch 100/375 (27%)
  [Epoch 97] Batch 150/375 (40%)
  [Epoch 97] Batch 200/375 (53%)
  [Epoch 97] Batch 250/375 (67%)
  [Epoch 97] Batch 300/375 (80%)
  [Epoch 97] Batch 350/375 (93%)
[Epoch 97/700] train_loss=0.5842 val_loss=0.5701 lr=9.53e-05 (25s)
Metric val/loss improved by 0.002 >= min_delta = 0.0. New best score: 0.570
  [Epoch 98] Batch 50/375 (13%)
  [Epoch 98] Batch 100/375 (27%)
  [Epoch 98] Batch 150/375 (40%)
  [Epoch 98] Batch 200/375 (53%)
  [Epoch 98] Batch 250/375 (67%)
  [Epoch 98] Batch 300/375 (80%)
  [Epoch 98] Batch 350/375 (93%)
[Epoch 98/700] train_loss=0.5815 val_loss=0.5717 lr=9.52e-05 (22s)
  [Epoch 99] Batch 50/375 (13%)
  [Epoch 99] Batch 100/375 (27%)
  [Epoch 99] Batch 150/375 (40%)
  [Epoch 99] Batch 200/375 (53%)
  [Epoch 99] Batch 250/375 (67%)
  [Epoch 99] Batch 300/375 (80%)
  [Epoch 99] Batch 350/375 (93%)
[Epoch 99/700] train_loss=0.5806 val_loss=0.5676 lr=9.51e-05 (21s)
Metric val/loss improved by 0.003 >= min_delta = 0.0. New best score: 0.568
  [Epoch 100] Batch 50/375 (13%)
  [Epoch 100] Batch 100/375 (27%)
  [Epoch 100] Batch 150/375 (40%)
  [Epoch 100] Batch 200/375 (53%)
  [Epoch 100] Batch 250/375 (67%)
  [Epoch 100] Batch 300/375 (80%)
  [Epoch 100] Batch 350/375 (93%)
[Epoch 100/700] train_loss=0.5762 val_loss=0.5818 lr=9.50e-05 (21s)
  [Epoch 101] Batch 50/375 (13%)
  [Epoch 101] Batch 100/375 (27%)
  [Epoch 101] Batch 150/375 (40%)
  [Epoch 101] Batch 200/375 (53%)
  [Epoch 101] Batch 250/375 (67%)
  [Epoch 101] Batch 300/375 (80%)
  [Epoch 101] Batch 350/375 (93%)
[Epoch 101/700] train_loss=0.5816 val_loss=0.5845 lr=9.50e-05 (22s)
  [Epoch 102] Batch 50/375 (13%)
  [Epoch 102] Batch 100/375 (27%)
  [Epoch 102] Batch 150/375 (40%)
  [Epoch 102] Batch 200/375 (53%)
  [Epoch 102] Batch 250/375 (67%)
  [Epoch 102] Batch 300/375 (80%)
  [Epoch 102] Batch 350/375 (93%)
[Epoch 102/700] train_loss=0.5776 val_loss=0.5790 lr=9.49e-05 (22s)
  [Epoch 103] Batch 50/375 (13%)
  [Epoch 103] Batch 100/375 (27%)
  [Epoch 103] Batch 150/375 (40%)
  [Epoch 103] Batch 200/375 (53%)
  [Epoch 103] Batch 250/375 (67%)
  [Epoch 103] Batch 300/375 (80%)
  [Epoch 103] Batch 350/375 (93%)
[Epoch 103/700] train_loss=0.5807 val_loss=0.5828 lr=9.48e-05 (22s)
  [Epoch 104] Batch 50/375 (13%)
  [Epoch 104] Batch 100/375 (27%)
  [Epoch 104] Batch 150/375 (40%)
  [Epoch 104] Batch 200/375 (53%)
  [Epoch 104] Batch 250/375 (67%)
  [Epoch 104] Batch 300/375 (80%)
  [Epoch 104] Batch 350/375 (93%)
[Epoch 104/700] train_loss=0.5815 val_loss=0.5859 lr=9.47e-05 (22s)
  [Epoch 105] Batch 50/375 (13%)
  [Epoch 105] Batch 100/375 (27%)
  [Epoch 105] Batch 150/375 (40%)
  [Epoch 105] Batch 200/375 (53%)
  [Epoch 105] Batch 250/375 (67%)
  [Epoch 105] Batch 300/375 (80%)
  [Epoch 105] Batch 350/375 (93%)
[Epoch 105/700] train_loss=0.5807 val_loss=0.5863 lr=9.46e-05 (21s)
  [Epoch 106] Batch 50/375 (13%)
  [Epoch 106] Batch 100/375 (27%)
  [Epoch 106] Batch 150/375 (40%)
  [Epoch 106] Batch 200/375 (53%)
  [Epoch 106] Batch 250/375 (67%)
  [Epoch 106] Batch 300/375 (80%)
  [Epoch 106] Batch 350/375 (93%)
[Epoch 106/700] train_loss=0.5763 val_loss=0.5773 lr=9.44e-05 (22s)
  [Epoch 107] Batch 50/375 (13%)
  [Epoch 107] Batch 100/375 (27%)
  [Epoch 107] Batch 150/375 (40%)
  [Epoch 107] Batch 200/375 (53%)
  [Epoch 107] Batch 250/375 (67%)
  [Epoch 107] Batch 300/375 (80%)
  [Epoch 107] Batch 350/375 (93%)
[Epoch 107/700] train_loss=0.5781 val_loss=0.5719 lr=9.43e-05 (22s)
  [Epoch 108] Batch 50/375 (13%)
  [Epoch 108] Batch 100/375 (27%)
  [Epoch 108] Batch 150/375 (40%)
  [Epoch 108] Batch 200/375 (53%)
  [Epoch 108] Batch 250/375 (67%)
  [Epoch 108] Batch 300/375 (80%)
  [Epoch 108] Batch 350/375 (93%)
[Epoch 108/700] train_loss=0.5778 val_loss=0.5839 lr=9.42e-05 (21s)
  [Epoch 109] Batch 50/375 (13%)
  [Epoch 109] Batch 100/375 (27%)
  [Epoch 109] Batch 150/375 (40%)
  [Epoch 109] Batch 200/375 (53%)
  [Epoch 109] Batch 250/375 (67%)
  [Epoch 109] Batch 300/375 (80%)
  [Epoch 109] Batch 350/375 (93%)
[Epoch 109/700] train_loss=0.5778 val_loss=0.5752 lr=9.41e-05 (22s)
  [Epoch 110] Batch 50/375 (13%)
  [Epoch 110] Batch 100/375 (27%)
  [Epoch 110] Batch 150/375 (40%)
  [Epoch 110] Batch 200/375 (53%)
  [Epoch 110] Batch 250/375 (67%)
  [Epoch 110] Batch 300/375 (80%)
  [Epoch 110] Batch 350/375 (93%)
[Epoch 110/700] train_loss=0.5757 val_loss=0.5723 lr=9.40e-05 (26s)
  [Epoch 111] Batch 50/375 (13%)
  [Epoch 111] Batch 100/375 (27%)
  [Epoch 111] Batch 150/375 (40%)
  [Epoch 111] Batch 200/375 (53%)
  [Epoch 111] Batch 250/375 (67%)
  [Epoch 111] Batch 300/375 (80%)
  [Epoch 111] Batch 350/375 (93%)
[Epoch 111/700] train_loss=0.5766 val_loss=0.5771 lr=9.39e-05 (21s)
  [Epoch 112] Batch 50/375 (13%)
  [Epoch 112] Batch 100/375 (27%)
  [Epoch 112] Batch 150/375 (40%)
  [Epoch 112] Batch 200/375 (53%)
  [Epoch 112] Batch 250/375 (67%)
  [Epoch 112] Batch 300/375 (80%)
  [Epoch 112] Batch 350/375 (93%)
[Epoch 112/700] train_loss=0.5738 val_loss=0.5757 lr=9.38e-05 (22s)
  [Epoch 113] Batch 50/375 (13%)
  [Epoch 113] Batch 100/375 (27%)
  [Epoch 113] Batch 150/375 (40%)
  [Epoch 113] Batch 200/375 (53%)
  [Epoch 113] Batch 250/375 (67%)
  [Epoch 113] Batch 300/375 (80%)
  [Epoch 113] Batch 350/375 (93%)
[Epoch 113/700] train_loss=0.5746 val_loss=0.5749 lr=9.37e-05 (22s)
  [Epoch 114] Batch 50/375 (13%)
  [Epoch 114] Batch 100/375 (27%)
  [Epoch 114] Batch 150/375 (40%)
  [Epoch 114] Batch 200/375 (53%)
  [Epoch 114] Batch 250/375 (67%)
  [Epoch 114] Batch 300/375 (80%)
  [Epoch 114] Batch 350/375 (93%)
[Epoch 114/700] train_loss=0.5770 val_loss=0.5737 lr=9.36e-05 (22s)
  [Epoch 115] Batch 50/375 (13%)
  [Epoch 115] Batch 100/375 (27%)
  [Epoch 115] Batch 150/375 (40%)
  [Epoch 115] Batch 200/375 (53%)
  [Epoch 115] Batch 250/375 (67%)
  [Epoch 115] Batch 300/375 (80%)
  [Epoch 115] Batch 350/375 (93%)
[Epoch 115/700] train_loss=0.5734 val_loss=0.5720 lr=9.35e-05 (21s)
  [Epoch 116] Batch 50/375 (13%)
  [Epoch 116] Batch 100/375 (27%)
  [Epoch 116] Batch 150/375 (40%)
  [Epoch 116] Batch 200/375 (53%)
  [Epoch 116] Batch 250/375 (67%)
  [Epoch 116] Batch 300/375 (80%)
  [Epoch 116] Batch 350/375 (93%)
[Epoch 116/700] train_loss=0.5703 val_loss=0.5830 lr=9.34e-05 (22s)
  [Epoch 117] Batch 50/375 (13%)
  [Epoch 117] Batch 100/375 (27%)
  [Epoch 117] Batch 150/375 (40%)
  [Epoch 117] Batch 200/375 (53%)
  [Epoch 117] Batch 250/375 (67%)
  [Epoch 117] Batch 300/375 (80%)
  [Epoch 117] Batch 350/375 (93%)
[Epoch 117/700] train_loss=0.5744 val_loss=0.5706 lr=9.33e-05 (22s)
  [Epoch 118] Batch 50/375 (13%)
  [Epoch 118] Batch 100/375 (27%)
  [Epoch 118] Batch 150/375 (40%)
  [Epoch 118] Batch 200/375 (53%)
  [Epoch 118] Batch 250/375 (67%)
  [Epoch 118] Batch 300/375 (80%)
  [Epoch 118] Batch 350/375 (93%)
[Epoch 118/700] train_loss=0.5730 val_loss=0.5667 lr=9.32e-05 (21s)
Metric val/loss improved by 0.001 >= min_delta = 0.0. New best score: 0.567
  [Epoch 119] Batch 50/375 (13%)
  [Epoch 119] Batch 100/375 (27%)
  [Epoch 119] Batch 150/375 (40%)
  [Epoch 119] Batch 200/375 (53%)
  [Epoch 119] Batch 250/375 (67%)
  [Epoch 119] Batch 300/375 (80%)
  [Epoch 119] Batch 350/375 (93%)
[Epoch 119/700] train_loss=0.5724 val_loss=0.5850 lr=9.30e-05 (22s)
  [Epoch 120] Batch 50/375 (13%)
  [Epoch 120] Batch 100/375 (27%)
  [Epoch 120] Batch 150/375 (40%)
  [Epoch 120] Batch 200/375 (53%)
  [Epoch 120] Batch 250/375 (67%)
  [Epoch 120] Batch 300/375 (80%)
  [Epoch 120] Batch 350/375 (93%)
[Epoch 120/700] train_loss=0.5732 val_loss=0.5707 lr=9.29e-05 (21s)
  [Epoch 121] Batch 50/375 (13%)
  [Epoch 121] Batch 100/375 (27%)
  [Epoch 121] Batch 150/375 (40%)
  [Epoch 121] Batch 200/375 (53%)
  [Epoch 121] Batch 250/375 (67%)
  [Epoch 121] Batch 300/375 (80%)
  [Epoch 121] Batch 350/375 (93%)
[Epoch 121/700] train_loss=0.5724 val_loss=0.5909 lr=9.28e-05 (22s)
  [Epoch 122] Batch 50/375 (13%)
  [Epoch 122] Batch 100/375 (27%)
  [Epoch 122] Batch 150/375 (40%)
  [Epoch 122] Batch 200/375 (53%)
  [Epoch 122] Batch 250/375 (67%)
  [Epoch 122] Batch 300/375 (80%)
  [Epoch 122] Batch 350/375 (93%)
[Epoch 122/700] train_loss=0.5702 val_loss=0.5814 lr=9.27e-05 (22s)
  [Epoch 123] Batch 50/375 (13%)
  [Epoch 123] Batch 100/375 (27%)
  [Epoch 123] Batch 150/375 (40%)
  [Epoch 123] Batch 200/375 (53%)
  [Epoch 123] Batch 250/375 (67%)
  [Epoch 123] Batch 300/375 (80%)
  [Epoch 123] Batch 350/375 (93%)
[Epoch 123/700] train_loss=0.5734 val_loss=0.5751 lr=9.26e-05 (21s)
  [Epoch 124] Batch 50/375 (13%)
  [Epoch 124] Batch 100/375 (27%)
  [Epoch 124] Batch 150/375 (40%)
  [Epoch 124] Batch 200/375 (53%)
  [Epoch 124] Batch 250/375 (67%)
  [Epoch 124] Batch 300/375 (80%)
  [Epoch 124] Batch 350/375 (93%)
[Epoch 124/700] train_loss=0.5744 val_loss=0.5738 lr=9.25e-05 (21s)
  [Epoch 125] Batch 50/375 (13%)
  [Epoch 125] Batch 100/375 (27%)
  [Epoch 125] Batch 150/375 (40%)
  [Epoch 125] Batch 200/375 (53%)
  [Epoch 125] Batch 250/375 (67%)
  [Epoch 125] Batch 300/375 (80%)
  [Epoch 125] Batch 350/375 (93%)
[Epoch 125/700] train_loss=0.5715 val_loss=0.5821 lr=9.23e-05 (22s)
  [Epoch 126] Batch 50/375 (13%)
  [Epoch 126] Batch 100/375 (27%)
  [Epoch 126] Batch 150/375 (40%)
  [Epoch 126] Batch 200/375 (53%)
  [Epoch 126] Batch 250/375 (67%)
  [Epoch 126] Batch 300/375 (80%)
  [Epoch 126] Batch 350/375 (93%)
[Epoch 126/700] train_loss=0.5771 val_loss=0.5734 lr=9.22e-05 (21s)
  [Epoch 127] Batch 50/375 (13%)
  [Epoch 127] Batch 100/375 (27%)
  [Epoch 127] Batch 150/375 (40%)
  [Epoch 127] Batch 200/375 (53%)
  [Epoch 127] Batch 250/375 (67%)
  [Epoch 127] Batch 300/375 (80%)
  [Epoch 127] Batch 350/375 (93%)
[Epoch 127/700] train_loss=0.5700 val_loss=0.5729 lr=9.21e-05 (21s)
  [Epoch 128] Batch 50/375 (13%)
  [Epoch 128] Batch 100/375 (27%)
  [Epoch 128] Batch 150/375 (40%)
  [Epoch 128] Batch 200/375 (53%)
  [Epoch 128] Batch 250/375 (67%)
  [Epoch 128] Batch 300/375 (80%)
  [Epoch 128] Batch 350/375 (93%)
[Epoch 128/700] train_loss=0.5678 val_loss=0.5753 lr=9.20e-05 (23s)
  [Epoch 129] Batch 50/375 (13%)
  [Epoch 129] Batch 100/375 (27%)
  [Epoch 129] Batch 150/375 (40%)
  [Epoch 129] Batch 200/375 (53%)
  [Epoch 129] Batch 250/375 (67%)
  [Epoch 129] Batch 300/375 (80%)
  [Epoch 129] Batch 350/375 (93%)
[Epoch 129/700] train_loss=0.5721 val_loss=0.5764 lr=9.19e-05 (22s)
  [Epoch 130] Batch 50/375 (13%)
  [Epoch 130] Batch 100/375 (27%)
  [Epoch 130] Batch 150/375 (40%)
  [Epoch 130] Batch 200/375 (53%)
  [Epoch 130] Batch 250/375 (67%)
  [Epoch 130] Batch 300/375 (80%)
  [Epoch 130] Batch 350/375 (93%)
[Epoch 130/700] train_loss=0.5703 val_loss=0.5781 lr=9.17e-05 (22s)
  [Epoch 131] Batch 50/375 (13%)
  [Epoch 131] Batch 100/375 (27%)
  [Epoch 131] Batch 150/375 (40%)
  [Epoch 131] Batch 200/375 (53%)
  [Epoch 131] Batch 250/375 (67%)
  [Epoch 131] Batch 300/375 (80%)
  [Epoch 131] Batch 350/375 (93%)
[Epoch 131/700] train_loss=0.5705 val_loss=0.5848 lr=9.16e-05 (22s)
  [Epoch 132] Batch 50/375 (13%)
  [Epoch 132] Batch 100/375 (27%)
  [Epoch 132] Batch 150/375 (40%)
  [Epoch 132] Batch 200/375 (53%)
  [Epoch 132] Batch 250/375 (67%)
  [Epoch 132] Batch 300/375 (80%)
  [Epoch 132] Batch 350/375 (93%)
[Epoch 132/700] train_loss=0.5677 val_loss=0.5609 lr=9.15e-05 (22s)
Metric val/loss improved by 0.006 >= min_delta = 0.0. New best score: 0.561
  [Epoch 133] Batch 50/375 (13%)
  [Epoch 133] Batch 100/375 (27%)
  [Epoch 133] Batch 150/375 (40%)
  [Epoch 133] Batch 200/375 (53%)
  [Epoch 133] Batch 250/375 (67%)
  [Epoch 133] Batch 300/375 (80%)
  [Epoch 133] Batch 350/375 (93%)
[Epoch 133/700] train_loss=0.5666 val_loss=0.5603 lr=9.14e-05 (21s)
Metric val/loss improved by 0.001 >= min_delta = 0.0. New best score: 0.560
  [Epoch 134] Batch 50/375 (13%)
  [Epoch 134] Batch 100/375 (27%)
  [Epoch 134] Batch 150/375 (40%)
  [Epoch 134] Batch 200/375 (53%)
  [Epoch 134] Batch 250/375 (67%)
  [Epoch 134] Batch 300/375 (80%)
  [Epoch 134] Batch 350/375 (93%)
[Epoch 134/700] train_loss=0.5723 val_loss=0.5871 lr=9.12e-05 (23s)
  [Epoch 135] Batch 50/375 (13%)
  [Epoch 135] Batch 100/375 (27%)
  [Epoch 135] Batch 150/375 (40%)
  [Epoch 135] Batch 200/375 (53%)
  [Epoch 135] Batch 250/375 (67%)
  [Epoch 135] Batch 300/375 (80%)
  [Epoch 135] Batch 350/375 (93%)
[Epoch 135/700] train_loss=0.5708 val_loss=0.5724 lr=9.11e-05 (22s)
  [Epoch 136] Batch 50/375 (13%)
  [Epoch 136] Batch 100/375 (27%)
  [Epoch 136] Batch 150/375 (40%)
  [Epoch 136] Batch 200/375 (53%)
  [Epoch 136] Batch 250/375 (67%)
  [Epoch 136] Batch 300/375 (80%)
  [Epoch 136] Batch 350/375 (93%)
[Epoch 136/700] train_loss=0.5613 val_loss=0.5717 lr=9.10e-05 (21s)
  [Epoch 137] Batch 50/375 (13%)
  [Epoch 137] Batch 100/375 (27%)
  [Epoch 137] Batch 150/375 (40%)
  [Epoch 137] Batch 200/375 (53%)
  [Epoch 137] Batch 250/375 (67%)
  [Epoch 137] Batch 300/375 (80%)
  [Epoch 137] Batch 350/375 (93%)
[Epoch 137/700] train_loss=0.5742 val_loss=0.5773 lr=9.08e-05 (22s)
  [Epoch 138] Batch 50/375 (13%)
  [Epoch 138] Batch 100/375 (27%)
  [Epoch 138] Batch 150/375 (40%)
  [Epoch 138] Batch 200/375 (53%)
  [Epoch 138] Batch 250/375 (67%)
  [Epoch 138] Batch 300/375 (80%)
  [Epoch 138] Batch 350/375 (93%)
[Epoch 138/700] train_loss=0.5668 val_loss=0.5674 lr=9.07e-05 (24s)
  [Epoch 139] Batch 50/375 (13%)
  [Epoch 139] Batch 100/375 (27%)
  [Epoch 139] Batch 150/375 (40%)
  [Epoch 139] Batch 200/375 (53%)
  [Epoch 139] Batch 250/375 (67%)
  [Epoch 139] Batch 300/375 (80%)
  [Epoch 139] Batch 350/375 (93%)
[Epoch 139/700] train_loss=0.5655 val_loss=0.5726 lr=9.06e-05 (22s)
  [Epoch 140] Batch 50/375 (13%)
  [Epoch 140] Batch 100/375 (27%)
  [Epoch 140] Batch 150/375 (40%)
  [Epoch 140] Batch 200/375 (53%)
  [Epoch 140] Batch 250/375 (67%)
  [Epoch 140] Batch 300/375 (80%)
  [Epoch 140] Batch 350/375 (93%)
[Epoch 140/700] train_loss=0.5669 val_loss=0.5624 lr=9.05e-05 (22s)
  [Epoch 141] Batch 50/375 (13%)
  [Epoch 141] Batch 100/375 (27%)
  [Epoch 141] Batch 150/375 (40%)
  [Epoch 141] Batch 200/375 (53%)
  [Epoch 141] Batch 250/375 (67%)
  [Epoch 141] Batch 300/375 (80%)
  [Epoch 141] Batch 350/375 (93%)
[Epoch 141/700] train_loss=0.5696 val_loss=0.5727 lr=9.03e-05 (22s)
  [Epoch 142] Batch 50/375 (13%)
  [Epoch 142] Batch 100/375 (27%)
  [Epoch 142] Batch 150/375 (40%)
  [Epoch 142] Batch 200/375 (53%)
  [Epoch 142] Batch 250/375 (67%)
  [Epoch 142] Batch 300/375 (80%)
  [Epoch 142] Batch 350/375 (93%)
[Epoch 142/700] train_loss=0.5673 val_loss=0.5668 lr=9.02e-05 (21s)
  [Epoch 143] Batch 50/375 (13%)
  [Epoch 143] Batch 100/375 (27%)
  [Epoch 143] Batch 150/375 (40%)
  [Epoch 143] Batch 200/375 (53%)
  [Epoch 143] Batch 250/375 (67%)
  [Epoch 143] Batch 300/375 (80%)
  [Epoch 143] Batch 350/375 (93%)
[Epoch 143/700] train_loss=0.5668 val_loss=0.5609 lr=9.01e-05 (23s)
  [Epoch 144] Batch 50/375 (13%)
  [Epoch 144] Batch 100/375 (27%)
  [Epoch 144] Batch 150/375 (40%)
  [Epoch 144] Batch 200/375 (53%)
  [Epoch 144] Batch 250/375 (67%)
  [Epoch 144] Batch 300/375 (80%)
  [Epoch 144] Batch 350/375 (93%)
[Epoch 144/700] train_loss=0.5675 val_loss=0.5748 lr=8.99e-05 (23s)
  [Epoch 145] Batch 50/375 (13%)
  [Epoch 145] Batch 100/375 (27%)
  [Epoch 145] Batch 150/375 (40%)
  [Epoch 145] Batch 200/375 (53%)
  [Epoch 145] Batch 250/375 (67%)
  [Epoch 145] Batch 300/375 (80%)
  [Epoch 145] Batch 350/375 (93%)
[Epoch 145/700] train_loss=0.5672 val_loss=0.5718 lr=8.98e-05 (22s)
  [Epoch 146] Batch 50/375 (13%)
  [Epoch 146] Batch 100/375 (27%)
  [Epoch 146] Batch 150/375 (40%)
  [Epoch 146] Batch 200/375 (53%)
  [Epoch 146] Batch 250/375 (67%)
  [Epoch 146] Batch 300/375 (80%)
  [Epoch 146] Batch 350/375 (93%)
[Epoch 146/700] train_loss=0.5632 val_loss=0.5792 lr=8.96e-05 (22s)
  [Epoch 147] Batch 50/375 (13%)
  [Epoch 147] Batch 100/375 (27%)
  [Epoch 147] Batch 150/375 (40%)
  [Epoch 147] Batch 200/375 (53%)
  [Epoch 147] Batch 250/375 (67%)
  [Epoch 147] Batch 300/375 (80%)
  [Epoch 147] Batch 350/375 (93%)
[Epoch 147/700] train_loss=0.5661 val_loss=0.5686 lr=8.95e-05 (22s)
  [Epoch 148] Batch 50/375 (13%)
  [Epoch 148] Batch 100/375 (27%)
  [Epoch 148] Batch 150/375 (40%)
  [Epoch 148] Batch 200/375 (53%)
  [Epoch 148] Batch 250/375 (67%)
  [Epoch 148] Batch 300/375 (80%)
  [Epoch 148] Batch 350/375 (93%)
[Epoch 148/700] train_loss=0.5633 val_loss=0.5728 lr=8.94e-05 (21s)
  [Epoch 149] Batch 50/375 (13%)
  [Epoch 149] Batch 100/375 (27%)
  [Epoch 149] Batch 150/375 (40%)
  [Epoch 149] Batch 200/375 (53%)
  [Epoch 149] Batch 250/375 (67%)
  [Epoch 149] Batch 300/375 (80%)
  [Epoch 149] Batch 350/375 (93%)
[Epoch 149/700] train_loss=0.5652 val_loss=0.5656 lr=8.92e-05 (22s)
  [Epoch 150] Batch 50/375 (13%)
  [Epoch 150] Batch 100/375 (27%)
  [Epoch 150] Batch 150/375 (40%)
  [Epoch 150] Batch 200/375 (53%)
  [Epoch 150] Batch 250/375 (67%)
  [Epoch 150] Batch 300/375 (80%)
  [Epoch 150] Batch 350/375 (93%)
[Epoch 150/700] train_loss=0.5662 val_loss=0.5675 lr=8.91e-05 (21s)
  [Epoch 151] Batch 50/375 (13%)
  [Epoch 151] Batch 100/375 (27%)
  [Epoch 151] Batch 150/375 (40%)
  [Epoch 151] Batch 200/375 (53%)
  [Epoch 151] Batch 250/375 (67%)
  [Epoch 151] Batch 300/375 (80%)
  [Epoch 151] Batch 350/375 (93%)
[Epoch 151/700] train_loss=0.5632 val_loss=0.5792 lr=8.90e-05 (22s)
  [Epoch 152] Batch 50/375 (13%)
  [Epoch 152] Batch 100/375 (27%)
  [Epoch 152] Batch 150/375 (40%)
  [Epoch 152] Batch 200/375 (53%)
  [Epoch 152] Batch 250/375 (67%)
  [Epoch 152] Batch 300/375 (80%)
  [Epoch 152] Batch 350/375 (93%)
[Epoch 152/700] train_loss=0.5646 val_loss=0.5676 lr=8.88e-05 (22s)
  [Epoch 153] Batch 50/375 (13%)
  [Epoch 153] Batch 100/375 (27%)
  [Epoch 153] Batch 150/375 (40%)
  [Epoch 153] Batch 200/375 (53%)
  [Epoch 153] Batch 250/375 (67%)
  [Epoch 153] Batch 300/375 (80%)
  [Epoch 153] Batch 350/375 (93%)
[Epoch 153/700] train_loss=0.5685 val_loss=0.5579 lr=8.87e-05 (22s)
Metric val/loss improved by 0.002 >= min_delta = 0.0. New best score: 0.558
  [Epoch 154] Batch 50/375 (13%)
  [Epoch 154] Batch 100/375 (27%)
  [Epoch 154] Batch 150/375 (40%)
  [Epoch 154] Batch 200/375 (53%)
  [Epoch 154] Batch 250/375 (67%)
  [Epoch 154] Batch 300/375 (80%)
  [Epoch 154] Batch 350/375 (93%)
[Epoch 154/700] train_loss=0.5640 val_loss=0.5717 lr=8.85e-05 (22s)
  [Epoch 155] Batch 50/375 (13%)
  [Epoch 155] Batch 100/375 (27%)
  [Epoch 155] Batch 150/375 (40%)
  [Epoch 155] Batch 200/375 (53%)
  [Epoch 155] Batch 250/375 (67%)
  [Epoch 155] Batch 300/375 (80%)
  [Epoch 155] Batch 350/375 (93%)
[Epoch 155/700] train_loss=0.5621 val_loss=0.5715 lr=8.84e-05 (22s)
  [Epoch 156] Batch 50/375 (13%)
  [Epoch 156] Batch 100/375 (27%)
  [Epoch 156] Batch 150/375 (40%)
  [Epoch 156] Batch 200/375 (53%)
  [Epoch 156] Batch 250/375 (67%)
  [Epoch 156] Batch 300/375 (80%)
  [Epoch 156] Batch 350/375 (93%)
[Epoch 156/700] train_loss=0.5609 val_loss=0.5718 lr=8.82e-05 (23s)
  [Epoch 157] Batch 50/375 (13%)
  [Epoch 157] Batch 100/375 (27%)
  [Epoch 157] Batch 150/375 (40%)
  [Epoch 157] Batch 200/375 (53%)
  [Epoch 157] Batch 250/375 (67%)
  [Epoch 157] Batch 300/375 (80%)
  [Epoch 157] Batch 350/375 (93%)
[Epoch 157/700] train_loss=0.5608 val_loss=0.5705 lr=8.81e-05 (23s)
  [Epoch 158] Batch 50/375 (13%)
  [Epoch 158] Batch 100/375 (27%)
  [Epoch 158] Batch 150/375 (40%)
  [Epoch 158] Batch 200/375 (53%)
  [Epoch 158] Batch 250/375 (67%)
  [Epoch 158] Batch 300/375 (80%)
  [Epoch 158] Batch 350/375 (93%)
[Epoch 158/700] train_loss=0.5623 val_loss=0.5697 lr=8.79e-05 (22s)
  [Epoch 159] Batch 50/375 (13%)
  [Epoch 159] Batch 100/375 (27%)
  [Epoch 159] Batch 150/375 (40%)
  [Epoch 159] Batch 200/375 (53%)
  [Epoch 159] Batch 250/375 (67%)
  [Epoch 159] Batch 300/375 (80%)
  [Epoch 159] Batch 350/375 (93%)
[Epoch 159/700] train_loss=0.5636 val_loss=0.5582 lr=8.78e-05 (22s)
  [Epoch 160] Batch 50/375 (13%)
  [Epoch 160] Batch 100/375 (27%)
  [Epoch 160] Batch 150/375 (40%)
  [Epoch 160] Batch 200/375 (53%)
  [Epoch 160] Batch 250/375 (67%)
  [Epoch 160] Batch 300/375 (80%)
  [Epoch 160] Batch 350/375 (93%)
[Epoch 160/700] train_loss=0.5627 val_loss=0.5714 lr=8.77e-05 (22s)
  [Epoch 161] Batch 50/375 (13%)
  [Epoch 161] Batch 100/375 (27%)
  [Epoch 161] Batch 150/375 (40%)
  [Epoch 161] Batch 200/375 (53%)
  [Epoch 161] Batch 250/375 (67%)
  [Epoch 161] Batch 300/375 (80%)
  [Epoch 161] Batch 350/375 (93%)
[Epoch 161/700] train_loss=0.5676 val_loss=0.5748 lr=8.75e-05 (25s)
  [Epoch 162] Batch 50/375 (13%)
  [Epoch 162] Batch 100/375 (27%)
  [Epoch 162] Batch 150/375 (40%)
  [Epoch 162] Batch 200/375 (53%)
  [Epoch 162] Batch 250/375 (67%)
  [Epoch 162] Batch 300/375 (80%)
  [Epoch 162] Batch 350/375 (93%)
[Epoch 162/700] train_loss=0.5641 val_loss=0.5735 lr=8.74e-05 (21s)
  [Epoch 163] Batch 50/375 (13%)
  [Epoch 163] Batch 100/375 (27%)
  [Epoch 163] Batch 150/375 (40%)
  [Epoch 163] Batch 200/375 (53%)
  [Epoch 163] Batch 250/375 (67%)
  [Epoch 163] Batch 300/375 (80%)
  [Epoch 163] Batch 350/375 (93%)
[Epoch 163/700] train_loss=0.5601 val_loss=0.5762 lr=8.72e-05 (21s)
  [Epoch 164] Batch 50/375 (13%)
  [Epoch 164] Batch 100/375 (27%)
  [Epoch 164] Batch 150/375 (40%)
  [Epoch 164] Batch 200/375 (53%)
  [Epoch 164] Batch 250/375 (67%)
  [Epoch 164] Batch 300/375 (80%)
  [Epoch 164] Batch 350/375 (93%)
[Epoch 164/700] train_loss=0.5646 val_loss=0.5694 lr=8.71e-05 (21s)
  [Epoch 165] Batch 50/375 (13%)
  [Epoch 165] Batch 100/375 (27%)
  [Epoch 165] Batch 150/375 (40%)
  [Epoch 165] Batch 200/375 (53%)
  [Epoch 165] Batch 250/375 (67%)
  [Epoch 165] Batch 300/375 (80%)
  [Epoch 165] Batch 350/375 (93%)
[Epoch 165/700] train_loss=0.5618 val_loss=0.5747 lr=8.69e-05 (21s)
  [Epoch 166] Batch 50/375 (13%)
  [Epoch 166] Batch 100/375 (27%)
  [Epoch 166] Batch 150/375 (40%)
  [Epoch 166] Batch 200/375 (53%)
  [Epoch 166] Batch 250/375 (67%)
  [Epoch 166] Batch 300/375 (80%)
  [Epoch 166] Batch 350/375 (93%)
[Epoch 166/700] train_loss=0.5633 val_loss=0.5708 lr=8.68e-05 (21s)
  [Epoch 167] Batch 50/375 (13%)
  [Epoch 167] Batch 100/375 (27%)
  [Epoch 167] Batch 150/375 (40%)
  [Epoch 167] Batch 200/375 (53%)
  [Epoch 167] Batch 250/375 (67%)
  [Epoch 167] Batch 300/375 (80%)
  [Epoch 167] Batch 350/375 (93%)
[Epoch 167/700] train_loss=0.5612 val_loss=0.5649 lr=8.66e-05 (22s)
  [Epoch 168] Batch 50/375 (13%)
  [Epoch 168] Batch 100/375 (27%)
  [Epoch 168] Batch 150/375 (40%)
  [Epoch 168] Batch 200/375 (53%)
  [Epoch 168] Batch 250/375 (67%)
  [Epoch 168] Batch 300/375 (80%)
  [Epoch 168] Batch 350/375 (93%)
[Epoch 168/700] train_loss=0.5621 val_loss=0.5618 lr=8.64e-05 (23s)
  [Epoch 169] Batch 50/375 (13%)
  [Epoch 169] Batch 100/375 (27%)
  [Epoch 169] Batch 150/375 (40%)
  [Epoch 169] Batch 200/375 (53%)
  [Epoch 169] Batch 250/375 (67%)
  [Epoch 169] Batch 300/375 (80%)
  [Epoch 169] Batch 350/375 (93%)
[Epoch 169/700] train_loss=0.5601 val_loss=0.5644 lr=8.63e-05 (22s)
  [Epoch 170] Batch 50/375 (13%)
  [Epoch 170] Batch 100/375 (27%)
  [Epoch 170] Batch 150/375 (40%)
  [Epoch 170] Batch 200/375 (53%)
  [Epoch 170] Batch 250/375 (67%)
  [Epoch 170] Batch 300/375 (80%)
  [Epoch 170] Batch 350/375 (93%)
[Epoch 170/700] train_loss=0.5614 val_loss=0.5607 lr=8.61e-05 (21s)
  [Epoch 171] Batch 50/375 (13%)
  [Epoch 171] Batch 100/375 (27%)
  [Epoch 171] Batch 150/375 (40%)
  [Epoch 171] Batch 200/375 (53%)
  [Epoch 171] Batch 250/375 (67%)
  [Epoch 171] Batch 300/375 (80%)
  [Epoch 171] Batch 350/375 (93%)
[Epoch 171/700] train_loss=0.5619 val_loss=0.5622 lr=8.60e-05 (23s)
  [Epoch 172] Batch 50/375 (13%)
  [Epoch 172] Batch 100/375 (27%)
  [Epoch 172] Batch 150/375 (40%)
  [Epoch 172] Batch 200/375 (53%)
  [Epoch 172] Batch 250/375 (67%)
  [Epoch 172] Batch 300/375 (80%)
  [Epoch 172] Batch 350/375 (93%)
[Epoch 172/700] train_loss=0.5577 val_loss=0.5614 lr=8.58e-05 (22s)
  [Epoch 173] Batch 50/375 (13%)
  [Epoch 173] Batch 100/375 (27%)
  [Epoch 173] Batch 150/375 (40%)
  [Epoch 173] Batch 200/375 (53%)
  [Epoch 173] Batch 250/375 (67%)
  [Epoch 173] Batch 300/375 (80%)
  [Epoch 173] Batch 350/375 (93%)
[Epoch 173/700] train_loss=0.5597 val_loss=0.5583 lr=8.57e-05 (23s)
  [Epoch 174] Batch 50/375 (13%)
  [Epoch 174] Batch 100/375 (27%)
  [Epoch 174] Batch 150/375 (40%)
  [Epoch 174] Batch 200/375 (53%)
  [Epoch 174] Batch 250/375 (67%)
  [Epoch 174] Batch 300/375 (80%)
  [Epoch 174] Batch 350/375 (93%)
[Epoch 174/700] train_loss=0.5582 val_loss=0.5689 lr=8.55e-05 (22s)
  [Epoch 175] Batch 50/375 (13%)
  [Epoch 175] Batch 100/375 (27%)
  [Epoch 175] Batch 150/375 (40%)
  [Epoch 175] Batch 200/375 (53%)
  [Epoch 175] Batch 250/375 (67%)
  [Epoch 175] Batch 300/375 (80%)
  [Epoch 175] Batch 350/375 (93%)
[Epoch 175/700] train_loss=0.5573 val_loss=0.5701 lr=8.54e-05 (21s)
  [Epoch 176] Batch 50/375 (13%)
  [Epoch 176] Batch 100/375 (27%)
  [Epoch 176] Batch 150/375 (40%)
  [Epoch 176] Batch 200/375 (53%)
  [Epoch 176] Batch 250/375 (67%)
  [Epoch 176] Batch 300/375 (80%)
  [Epoch 176] Batch 350/375 (93%)
[Epoch 176/700] train_loss=0.5585 val_loss=0.5812 lr=8.52e-05 (24s)
  [Epoch 177] Batch 50/375 (13%)
  [Epoch 177] Batch 100/375 (27%)
  [Epoch 177] Batch 150/375 (40%)
  [Epoch 177] Batch 200/375 (53%)
  [Epoch 177] Batch 250/375 (67%)
  [Epoch 177] Batch 300/375 (80%)
  [Epoch 177] Batch 350/375 (93%)
[Epoch 177/700] train_loss=0.5599 val_loss=0.5569 lr=8.50e-05 (22s)
Metric val/loss improved by 0.001 >= min_delta = 0.0. New best score: 0.557
  [Epoch 178] Batch 50/375 (13%)
  [Epoch 178] Batch 100/375 (27%)
  [Epoch 178] Batch 150/375 (40%)
  [Epoch 178] Batch 200/375 (53%)
  [Epoch 178] Batch 250/375 (67%)
  [Epoch 178] Batch 300/375 (80%)
  [Epoch 178] Batch 350/375 (93%)
[Epoch 178/700] train_loss=0.5589 val_loss=0.5614 lr=8.49e-05 (23s)
  [Epoch 179] Batch 50/375 (13%)
  [Epoch 179] Batch 100/375 (27%)
  [Epoch 179] Batch 150/375 (40%)
  [Epoch 179] Batch 200/375 (53%)
  [Epoch 179] Batch 250/375 (67%)
  [Epoch 179] Batch 300/375 (80%)
  [Epoch 179] Batch 350/375 (93%)
[Epoch 179/700] train_loss=0.5547 val_loss=0.5657 lr=8.47e-05 (37s)
  [Epoch 180] Batch 50/375 (13%)
  [Epoch 180] Batch 100/375 (27%)
  [Epoch 180] Batch 150/375 (40%)
  [Epoch 180] Batch 200/375 (53%)
  [Epoch 180] Batch 250/375 (67%)
  [Epoch 180] Batch 300/375 (80%)
  [Epoch 180] Batch 350/375 (93%)
[Epoch 180/700] train_loss=0.5609 val_loss=0.5616 lr=8.46e-05 (32s)
  [Epoch 181] Batch 50/375 (13%)
  [Epoch 181] Batch 100/375 (27%)
  [Epoch 181] Batch 150/375 (40%)
  [Epoch 181] Batch 200/375 (53%)
  [Epoch 181] Batch 250/375 (67%)
  [Epoch 181] Batch 300/375 (80%)
  [Epoch 181] Batch 350/375 (93%)
[Epoch 181/700] train_loss=0.5606 val_loss=0.5713 lr=8.44e-05 (22s)
  [Epoch 182] Batch 50/375 (13%)
  [Epoch 182] Batch 100/375 (27%)
  [Epoch 182] Batch 150/375 (40%)
  [Epoch 182] Batch 200/375 (53%)
  [Epoch 182] Batch 250/375 (67%)
  [Epoch 182] Batch 300/375 (80%)
  [Epoch 182] Batch 350/375 (93%)
[Epoch 182/700] train_loss=0.5585 val_loss=0.5675 lr=8.42e-05 (22s)
  [Epoch 183] Batch 50/375 (13%)
  [Epoch 183] Batch 100/375 (27%)
  [Epoch 183] Batch 150/375 (40%)
  [Epoch 183] Batch 200/375 (53%)
  [Epoch 183] Batch 250/375 (67%)
  [Epoch 183] Batch 300/375 (80%)
  [Epoch 183] Batch 350/375 (93%)
[Epoch 183/700] train_loss=0.5558 val_loss=0.5513 lr=8.41e-05 (22s)
Metric val/loss improved by 0.006 >= min_delta = 0.0. New best score: 0.551
  [Epoch 184] Batch 50/375 (13%)
  [Epoch 184] Batch 100/375 (27%)
  [Epoch 184] Batch 150/375 (40%)
  [Epoch 184] Batch 200/375 (53%)
  [Epoch 184] Batch 250/375 (67%)
  [Epoch 184] Batch 300/375 (80%)
  [Epoch 184] Batch 350/375 (93%)
[Epoch 184/700] train_loss=0.5578 val_loss=0.5733 lr=8.39e-05 (23s)
  [Epoch 185] Batch 50/375 (13%)
  [Epoch 185] Batch 100/375 (27%)
  [Epoch 185] Batch 150/375 (40%)
  [Epoch 185] Batch 200/375 (53%)
  [Epoch 185] Batch 250/375 (67%)
  [Epoch 185] Batch 300/375 (80%)
  [Epoch 185] Batch 350/375 (93%)
[Epoch 185/700] train_loss=0.5576 val_loss=0.5666 lr=8.37e-05 (23s)
  [Epoch 186] Batch 50/375 (13%)
  [Epoch 186] Batch 100/375 (27%)
  [Epoch 186] Batch 150/375 (40%)
  [Epoch 186] Batch 200/375 (53%)
  [Epoch 186] Batch 250/375 (67%)
  [Epoch 186] Batch 300/375 (80%)
  [Epoch 186] Batch 350/375 (93%)
[Epoch 186/700] train_loss=0.5550 val_loss=0.5682 lr=8.36e-05 (23s)
  [Epoch 187] Batch 50/375 (13%)
  [Epoch 187] Batch 100/375 (27%)
  [Epoch 187] Batch 150/375 (40%)
  [Epoch 187] Batch 200/375 (53%)
  [Epoch 187] Batch 250/375 (67%)
  [Epoch 187] Batch 300/375 (80%)
  [Epoch 187] Batch 350/375 (93%)
[Epoch 187/700] train_loss=0.5597 val_loss=0.5568 lr=8.34e-05 (22s)
  [Epoch 188] Batch 50/375 (13%)
  [Epoch 188] Batch 100/375 (27%)
  [Epoch 188] Batch 150/375 (40%)
  [Epoch 188] Batch 200/375 (53%)
  [Epoch 188] Batch 250/375 (67%)
  [Epoch 188] Batch 300/375 (80%)
  [Epoch 188] Batch 350/375 (93%)
[Epoch 188/700] train_loss=0.5523 val_loss=0.5765 lr=8.32e-05 (22s)
  [Epoch 189] Batch 50/375 (13%)
  [Epoch 189] Batch 100/375 (27%)
  [Epoch 189] Batch 150/375 (40%)
  [Epoch 189] Batch 200/375 (53%)
  [Epoch 189] Batch 250/375 (67%)
  [Epoch 189] Batch 300/375 (80%)
  [Epoch 189] Batch 350/375 (93%)
[Epoch 189/700] train_loss=0.5575 val_loss=0.5640 lr=8.31e-05 (21s)
  [Epoch 190] Batch 50/375 (13%)
  [Epoch 190] Batch 100/375 (27%)
  [Epoch 190] Batch 150/375 (40%)
  [Epoch 190] Batch 200/375 (53%)
  [Epoch 190] Batch 250/375 (67%)
  [Epoch 190] Batch 300/375 (80%)
  [Epoch 190] Batch 350/375 (93%)
[Epoch 190/700] train_loss=0.5533 val_loss=0.5584 lr=8.29e-05 (25s)
  [Epoch 191] Batch 50/375 (13%)
  [Epoch 191] Batch 100/375 (27%)
  [Epoch 191] Batch 150/375 (40%)
  [Epoch 191] Batch 200/375 (53%)
  [Epoch 191] Batch 250/375 (67%)
  [Epoch 191] Batch 300/375 (80%)
  [Epoch 191] Batch 350/375 (93%)
[Epoch 191/700] train_loss=0.5590 val_loss=0.5537 lr=8.27e-05 (22s)
  [Epoch 192] Batch 50/375 (13%)
  [Epoch 192] Batch 100/375 (27%)
  [Epoch 192] Batch 150/375 (40%)
  [Epoch 192] Batch 200/375 (53%)
  [Epoch 192] Batch 250/375 (67%)
  [Epoch 192] Batch 300/375 (80%)
  [Epoch 192] Batch 350/375 (93%)
[Epoch 192/700] train_loss=0.5519 val_loss=0.5695 lr=8.26e-05 (23s)
  [Epoch 193] Batch 50/375 (13%)
  [Epoch 193] Batch 100/375 (27%)
  [Epoch 193] Batch 150/375 (40%)
  [Epoch 193] Batch 200/375 (53%)
  [Epoch 193] Batch 250/375 (67%)
  [Epoch 193] Batch 300/375 (80%)
  [Epoch 193] Batch 350/375 (93%)
[Epoch 193/700] train_loss=0.5552 val_loss=0.5620 lr=8.24e-05 (23s)
  [Epoch 194] Batch 50/375 (13%)
  [Epoch 194] Batch 100/375 (27%)
  [Epoch 194] Batch 150/375 (40%)
  [Epoch 194] Batch 200/375 (53%)
  [Epoch 194] Batch 250/375 (67%)
  [Epoch 194] Batch 300/375 (80%)
  [Epoch 194] Batch 350/375 (93%)
[Epoch 194/700] train_loss=0.5539 val_loss=0.5707 lr=8.22e-05 (23s)
  [Epoch 195] Batch 50/375 (13%)
  [Epoch 195] Batch 100/375 (27%)
  [Epoch 195] Batch 150/375 (40%)
  [Epoch 195] Batch 200/375 (53%)
  [Epoch 195] Batch 250/375 (67%)
  [Epoch 195] Batch 300/375 (80%)
  [Epoch 195] Batch 350/375 (93%)
[Epoch 195/700] train_loss=0.5554 val_loss=0.5723 lr=8.20e-05 (22s)
  [Epoch 196] Batch 50/375 (13%)
  [Epoch 196] Batch 100/375 (27%)
  [Epoch 196] Batch 150/375 (40%)
  [Epoch 196] Batch 200/375 (53%)
  [Epoch 196] Batch 250/375 (67%)
  [Epoch 196] Batch 300/375 (80%)
  [Epoch 196] Batch 350/375 (93%)
[Epoch 196/700] train_loss=0.5547 val_loss=0.5693 lr=8.19e-05 (23s)
  [Epoch 197] Batch 50/375 (13%)
  [Epoch 197] Batch 100/375 (27%)
  [Epoch 197] Batch 150/375 (40%)
  [Epoch 197] Batch 200/375 (53%)
  [Epoch 197] Batch 250/375 (67%)
  [Epoch 197] Batch 300/375 (80%)
  [Epoch 197] Batch 350/375 (93%)
[Epoch 197/700] train_loss=0.5522 val_loss=0.5673 lr=8.17e-05 (24s)
  [Epoch 198] Batch 50/375 (13%)
  [Epoch 198] Batch 100/375 (27%)
  [Epoch 198] Batch 150/375 (40%)
  [Epoch 198] Batch 200/375 (53%)
  [Epoch 198] Batch 250/375 (67%)
  [Epoch 198] Batch 300/375 (80%)
  [Epoch 198] Batch 350/375 (93%)
[Epoch 198/700] train_loss=0.5563 val_loss=0.5625 lr=8.15e-05 (22s)
  [Epoch 199] Batch 50/375 (13%)
  [Epoch 199] Batch 100/375 (27%)
  [Epoch 199] Batch 150/375 (40%)
  [Epoch 199] Batch 200/375 (53%)
  [Epoch 199] Batch 250/375 (67%)
  [Epoch 199] Batch 300/375 (80%)
  [Epoch 199] Batch 350/375 (93%)
[Epoch 199/700] train_loss=0.5541 val_loss=0.5588 lr=8.13e-05 (22s)
  [Epoch 200] Batch 50/375 (13%)
  [Epoch 200] Batch 100/375 (27%)
  [Epoch 200] Batch 150/375 (40%)
  [Epoch 200] Batch 200/375 (53%)
  [Epoch 200] Batch 250/375 (67%)
  [Epoch 200] Batch 300/375 (80%)
  [Epoch 200] Batch 350/375 (93%)
[Epoch 200/700] train_loss=0.5549 val_loss=0.5642 lr=8.12e-05 (22s)
  [Epoch 201] Batch 50/375 (13%)
  [Epoch 201] Batch 100/375 (27%)
  [Epoch 201] Batch 150/375 (40%)
  [Epoch 201] Batch 200/375 (53%)
  [Epoch 201] Batch 250/375 (67%)
  [Epoch 201] Batch 300/375 (80%)
  [Epoch 201] Batch 350/375 (93%)
[Epoch 201/700] train_loss=0.5566 val_loss=0.5657 lr=8.10e-05 (22s)
  [Epoch 202] Batch 50/375 (13%)
  [Epoch 202] Batch 100/375 (27%)
  [Epoch 202] Batch 150/375 (40%)
  [Epoch 202] Batch 200/375 (53%)
  [Epoch 202] Batch 250/375 (67%)
  [Epoch 202] Batch 300/375 (80%)
  [Epoch 202] Batch 350/375 (93%)
[Epoch 202/700] train_loss=0.5593 val_loss=0.5542 lr=8.08e-05 (23s)
  [Epoch 203] Batch 50/375 (13%)
  [Epoch 203] Batch 100/375 (27%)
  [Epoch 203] Batch 150/375 (40%)
  [Epoch 203] Batch 200/375 (53%)
  [Epoch 203] Batch 250/375 (67%)
  [Epoch 203] Batch 300/375 (80%)
  [Epoch 203] Batch 350/375 (93%)
[Epoch 203/700] train_loss=0.5493 val_loss=0.5585 lr=8.06e-05 (22s)
  [Epoch 204] Batch 50/375 (13%)
  [Epoch 204] Batch 100/375 (27%)
  [Epoch 204] Batch 150/375 (40%)
  [Epoch 204] Batch 200/375 (53%)
  [Epoch 204] Batch 250/375 (67%)
  [Epoch 204] Batch 300/375 (80%)
  [Epoch 204] Batch 350/375 (93%)
[Epoch 204/700] train_loss=0.5478 val_loss=0.5645 lr=8.05e-05 (22s)
  [Epoch 205] Batch 50/375 (13%)
  [Epoch 205] Batch 100/375 (27%)
  [Epoch 205] Batch 150/375 (40%)
  [Epoch 205] Batch 200/375 (53%)
  [Epoch 205] Batch 250/375 (67%)
  [Epoch 205] Batch 300/375 (80%)
  [Epoch 205] Batch 350/375 (93%)
[Epoch 205/700] train_loss=0.5525 val_loss=0.5662 lr=8.03e-05 (23s)
  [Epoch 206] Batch 50/375 (13%)
  [Epoch 206] Batch 100/375 (27%)
  [Epoch 206] Batch 150/375 (40%)
  [Epoch 206] Batch 200/375 (53%)
  [Epoch 206] Batch 250/375 (67%)
  [Epoch 206] Batch 300/375 (80%)
  [Epoch 206] Batch 350/375 (93%)
[Epoch 206/700] train_loss=0.5548 val_loss=0.5648 lr=8.01e-05 (22s)
  [Epoch 207] Batch 50/375 (13%)
  [Epoch 207] Batch 100/375 (27%)
  [Epoch 207] Batch 150/375 (40%)
  [Epoch 207] Batch 200/375 (53%)
  [Epoch 207] Batch 250/375 (67%)
  [Epoch 207] Batch 300/375 (80%)
  [Epoch 207] Batch 350/375 (93%)
[Epoch 207/700] train_loss=0.5530 val_loss=0.5690 lr=7.99e-05 (23s)
  [Epoch 208] Batch 50/375 (13%)
  [Epoch 208] Batch 100/375 (27%)
  [Epoch 208] Batch 150/375 (40%)
  [Epoch 208] Batch 200/375 (53%)
  [Epoch 208] Batch 250/375 (67%)
  [Epoch 208] Batch 300/375 (80%)
  [Epoch 208] Batch 350/375 (93%)
[Epoch 208/700] train_loss=0.5524 val_loss=0.5557 lr=7.98e-05 (22s)
  [Epoch 209] Batch 50/375 (13%)
  [Epoch 209] Batch 100/375 (27%)
  [Epoch 209] Batch 150/375 (40%)
  [Epoch 209] Batch 200/375 (53%)
  [Epoch 209] Batch 250/375 (67%)
  [Epoch 209] Batch 300/375 (80%)
  [Epoch 209] Batch 350/375 (93%)
[Epoch 209/700] train_loss=0.5486 val_loss=0.5682 lr=7.96e-05 (22s)
  [Epoch 210] Batch 50/375 (13%)
  [Epoch 210] Batch 100/375 (27%)
  [Epoch 210] Batch 150/375 (40%)
  [Epoch 210] Batch 200/375 (53%)
  [Epoch 210] Batch 250/375 (67%)
  [Epoch 210] Batch 300/375 (80%)
  [Epoch 210] Batch 350/375 (93%)
[Epoch 210/700] train_loss=0.5557 val_loss=0.5621 lr=7.94e-05 (22s)
  [Epoch 211] Batch 50/375 (13%)
  [Epoch 211] Batch 100/375 (27%)
  [Epoch 211] Batch 150/375 (40%)
  [Epoch 211] Batch 200/375 (53%)
  [Epoch 211] Batch 250/375 (67%)
  [Epoch 211] Batch 300/375 (80%)
  [Epoch 211] Batch 350/375 (93%)
[Epoch 211/700] train_loss=0.5539 val_loss=0.5680 lr=7.92e-05 (21s)
  [Epoch 212] Batch 50/375 (13%)
  [Epoch 212] Batch 100/375 (27%)
  [Epoch 212] Batch 150/375 (40%)
  [Epoch 212] Batch 200/375 (53%)
  [Epoch 212] Batch 250/375 (67%)
  [Epoch 212] Batch 300/375 (80%)
  [Epoch 212] Batch 350/375 (93%)
[Epoch 212/700] train_loss=0.5525 val_loss=0.5569 lr=7.90e-05 (22s)
  [Epoch 213] Batch 50/375 (13%)
  [Epoch 213] Batch 100/375 (27%)
  [Epoch 213] Batch 150/375 (40%)
  [Epoch 213] Batch 200/375 (53%)
  [Epoch 213] Batch 250/375 (67%)
  [Epoch 213] Batch 300/375 (80%)
  [Epoch 213] Batch 350/375 (93%)
[Epoch 213/700] train_loss=0.5533 val_loss=0.5666 lr=7.88e-05 (21s)
  [Epoch 214] Batch 50/375 (13%)
  [Epoch 214] Batch 100/375 (27%)
  [Epoch 214] Batch 150/375 (40%)
  [Epoch 214] Batch 200/375 (53%)
  [Epoch 214] Batch 250/375 (67%)
  [Epoch 214] Batch 300/375 (80%)
  [Epoch 214] Batch 350/375 (93%)
[Epoch 214/700] train_loss=0.5467 val_loss=0.5501 lr=7.87e-05 (22s)
Metric val/loss improved by 0.001 >= min_delta = 0.0. New best score: 0.550
  [Epoch 215] Batch 50/375 (13%)
  [Epoch 215] Batch 100/375 (27%)
  [Epoch 215] Batch 150/375 (40%)
  [Epoch 215] Batch 200/375 (53%)
  [Epoch 215] Batch 250/375 (67%)
  [Epoch 215] Batch 300/375 (80%)
  [Epoch 215] Batch 350/375 (93%)
[Epoch 215/700] train_loss=0.5506 val_loss=0.5689 lr=7.85e-05 (22s)
  [Epoch 216] Batch 50/375 (13%)
  [Epoch 216] Batch 100/375 (27%)
  [Epoch 216] Batch 150/375 (40%)
  [Epoch 216] Batch 200/375 (53%)
  [Epoch 216] Batch 250/375 (67%)
  [Epoch 216] Batch 300/375 (80%)
  [Epoch 216] Batch 350/375 (93%)
[Epoch 216/700] train_loss=0.5543 val_loss=0.5662 lr=7.83e-05 (22s)
  [Epoch 217] Batch 50/375 (13%)
  [Epoch 217] Batch 100/375 (27%)
  [Epoch 217] Batch 150/375 (40%)
  [Epoch 217] Batch 200/375 (53%)
  [Epoch 217] Batch 250/375 (67%)
  [Epoch 217] Batch 300/375 (80%)
  [Epoch 217] Batch 350/375 (93%)
[Epoch 217/700] train_loss=0.5478 val_loss=0.5689 lr=7.81e-05 (22s)
  [Epoch 218] Batch 50/375 (13%)
  [Epoch 218] Batch 100/375 (27%)
  [Epoch 218] Batch 150/375 (40%)
  [Epoch 218] Batch 200/375 (53%)
  [Epoch 218] Batch 250/375 (67%)
  [Epoch 218] Batch 300/375 (80%)
  [Epoch 218] Batch 350/375 (93%)
[Epoch 218/700] train_loss=0.5529 val_loss=0.5569 lr=7.79e-05 (22s)
  [Epoch 219] Batch 50/375 (13%)
  [Epoch 219] Batch 100/375 (27%)
  [Epoch 219] Batch 150/375 (40%)
  [Epoch 219] Batch 200/375 (53%)
  [Epoch 219] Batch 250/375 (67%)
  [Epoch 219] Batch 300/375 (80%)
  [Epoch 219] Batch 350/375 (93%)
[Epoch 219/700] train_loss=0.5513 val_loss=0.5612 lr=7.77e-05 (21s)
  [Epoch 220] Batch 50/375 (13%)
  [Epoch 220] Batch 100/375 (27%)
  [Epoch 220] Batch 150/375 (40%)
  [Epoch 220] Batch 200/375 (53%)
  [Epoch 220] Batch 250/375 (67%)
  [Epoch 220] Batch 300/375 (80%)
  [Epoch 220] Batch 350/375 (93%)
[Epoch 220/700] train_loss=0.5522 val_loss=0.5635 lr=7.75e-05 (22s)
  [Epoch 221] Batch 50/375 (13%)
  [Epoch 221] Batch 100/375 (27%)
  [Epoch 221] Batch 150/375 (40%)
  [Epoch 221] Batch 200/375 (53%)
  [Epoch 221] Batch 250/375 (67%)
  [Epoch 221] Batch 300/375 (80%)
  [Epoch 221] Batch 350/375 (93%)
[Epoch 221/700] train_loss=0.5524 val_loss=0.5631 lr=7.74e-05 (22s)
  [Epoch 222] Batch 50/375 (13%)
  [Epoch 222] Batch 100/375 (27%)
  [Epoch 222] Batch 150/375 (40%)
  [Epoch 222] Batch 200/375 (53%)
  [Epoch 222] Batch 250/375 (67%)
  [Epoch 222] Batch 300/375 (80%)
  [Epoch 222] Batch 350/375 (93%)
[Epoch 222/700] train_loss=0.5486 val_loss=0.5629 lr=7.72e-05 (21s)
  [Epoch 223] Batch 50/375 (13%)
  [Epoch 223] Batch 100/375 (27%)
  [Epoch 223] Batch 150/375 (40%)
  [Epoch 223] Batch 200/375 (53%)
  [Epoch 223] Batch 250/375 (67%)
  [Epoch 223] Batch 300/375 (80%)
  [Epoch 223] Batch 350/375 (93%)
[Epoch 223/700] train_loss=0.5533 val_loss=0.5572 lr=7.70e-05 (21s)
  [Epoch 224] Batch 50/375 (13%)
  [Epoch 224] Batch 100/375 (27%)
  [Epoch 224] Batch 150/375 (40%)
  [Epoch 224] Batch 200/375 (53%)
  [Epoch 224] Batch 250/375 (67%)
  [Epoch 224] Batch 300/375 (80%)
  [Epoch 224] Batch 350/375 (93%)
[Epoch 224/700] train_loss=0.5525 val_loss=0.5627 lr=7.68e-05 (23s)
  [Epoch 225] Batch 50/375 (13%)
  [Epoch 225] Batch 100/375 (27%)
  [Epoch 225] Batch 150/375 (40%)
  [Epoch 225] Batch 200/375 (53%)
  [Epoch 225] Batch 250/375 (67%)
  [Epoch 225] Batch 300/375 (80%)
  [Epoch 225] Batch 350/375 (93%)
[Epoch 225/700] train_loss=0.5475 val_loss=0.5678 lr=7.66e-05 (22s)
  [Epoch 226] Batch 50/375 (13%)
  [Epoch 226] Batch 100/375 (27%)
  [Epoch 226] Batch 150/375 (40%)
  [Epoch 226] Batch 200/375 (53%)
  [Epoch 226] Batch 250/375 (67%)
  [Epoch 226] Batch 300/375 (80%)
  [Epoch 226] Batch 350/375 (93%)
[Epoch 226/700] train_loss=0.5471 val_loss=0.5595 lr=7.64e-05 (23s)
  [Epoch 227] Batch 50/375 (13%)
  [Epoch 227] Batch 100/375 (27%)
  [Epoch 227] Batch 150/375 (40%)
  [Epoch 227] Batch 200/375 (53%)
  [Epoch 227] Batch 250/375 (67%)
  [Epoch 227] Batch 300/375 (80%)
  [Epoch 227] Batch 350/375 (93%)
[Epoch 227/700] train_loss=0.5506 val_loss=0.5674 lr=7.62e-05 (22s)
  [Epoch 228] Batch 50/375 (13%)
  [Epoch 228] Batch 100/375 (27%)
  [Epoch 228] Batch 150/375 (40%)
  [Epoch 228] Batch 200/375 (53%)
  [Epoch 228] Batch 250/375 (67%)
  [Epoch 228] Batch 300/375 (80%)
  [Epoch 228] Batch 350/375 (93%)
[Epoch 228/700] train_loss=0.5505 val_loss=0.5662 lr=7.60e-05 (22s)
  [Epoch 229] Batch 50/375 (13%)
  [Epoch 229] Batch 100/375 (27%)
  [Epoch 229] Batch 150/375 (40%)
  [Epoch 229] Batch 200/375 (53%)
  [Epoch 229] Batch 250/375 (67%)
  [Epoch 229] Batch 300/375 (80%)
  [Epoch 229] Batch 350/375 (93%)
[Epoch 229/700] train_loss=0.5541 val_loss=0.5533 lr=7.58e-05 (23s)
  [Epoch 230] Batch 50/375 (13%)
  [Epoch 230] Batch 100/375 (27%)
  [Epoch 230] Batch 150/375 (40%)
  [Epoch 230] Batch 200/375 (53%)
  [Epoch 230] Batch 250/375 (67%)
  [Epoch 230] Batch 300/375 (80%)
  [Epoch 230] Batch 350/375 (93%)
[Epoch 230/700] train_loss=0.5539 val_loss=0.5654 lr=7.56e-05 (23s)
  [Epoch 231] Batch 50/375 (13%)
  [Epoch 231] Batch 100/375 (27%)
  [Epoch 231] Batch 150/375 (40%)
  [Epoch 231] Batch 200/375 (53%)
  [Epoch 231] Batch 250/375 (67%)
  [Epoch 231] Batch 300/375 (80%)
  [Epoch 231] Batch 350/375 (93%)
[Epoch 231/700] train_loss=0.5489 val_loss=0.5612 lr=7.55e-05 (22s)
  [Epoch 232] Batch 50/375 (13%)
  [Epoch 232] Batch 100/375 (27%)
  [Epoch 232] Batch 150/375 (40%)
  [Epoch 232] Batch 200/375 (53%)
  [Epoch 232] Batch 250/375 (67%)
  [Epoch 232] Batch 300/375 (80%)
  [Epoch 232] Batch 350/375 (93%)
[Epoch 232/700] train_loss=0.5501 val_loss=0.5560 lr=7.53e-05 (22s)
  [Epoch 233] Batch 50/375 (13%)
  [Epoch 233] Batch 100/375 (27%)
  [Epoch 233] Batch 150/375 (40%)
  [Epoch 233] Batch 200/375 (53%)
  [Epoch 233] Batch 250/375 (67%)
  [Epoch 233] Batch 300/375 (80%)
  [Epoch 233] Batch 350/375 (93%)
[Epoch 233/700] train_loss=0.5477 val_loss=0.5482 lr=7.51e-05 (23s)
Metric val/loss improved by 0.002 >= min_delta = 0.0. New best score: 0.548
  [Epoch 234] Batch 50/375 (13%)
  [Epoch 234] Batch 100/375 (27%)
  [Epoch 234] Batch 150/375 (40%)
  [Epoch 234] Batch 200/375 (53%)
  [Epoch 234] Batch 250/375 (67%)
  [Epoch 234] Batch 300/375 (80%)
  [Epoch 234] Batch 350/375 (93%)
[Epoch 234/700] train_loss=0.5462 val_loss=0.5609 lr=7.49e-05 (22s)
  [Epoch 235] Batch 50/375 (13%)
  [Epoch 235] Batch 100/375 (27%)
  [Epoch 235] Batch 150/375 (40%)
  [Epoch 235] Batch 200/375 (53%)
  [Epoch 235] Batch 250/375 (67%)
  [Epoch 235] Batch 300/375 (80%)
  [Epoch 235] Batch 350/375 (93%)
[Epoch 235/700] train_loss=0.5436 val_loss=0.5599 lr=7.47e-05 (22s)
  [Epoch 236] Batch 50/375 (13%)
  [Epoch 236] Batch 100/375 (27%)
  [Epoch 236] Batch 150/375 (40%)
  [Epoch 236] Batch 200/375 (53%)
  [Epoch 236] Batch 250/375 (67%)
  [Epoch 236] Batch 300/375 (80%)
  [Epoch 236] Batch 350/375 (93%)
[Epoch 236/700] train_loss=0.5454 val_loss=0.5568 lr=7.45e-05 (22s)
  [Epoch 237] Batch 50/375 (13%)
  [Epoch 237] Batch 100/375 (27%)
  [Epoch 237] Batch 150/375 (40%)
  [Epoch 237] Batch 200/375 (53%)
  [Epoch 237] Batch 250/375 (67%)
  [Epoch 237] Batch 300/375 (80%)
  [Epoch 237] Batch 350/375 (93%)
[Epoch 237/700] train_loss=0.5453 val_loss=0.5587 lr=7.43e-05 (21s)
  [Epoch 238] Batch 50/375 (13%)
  [Epoch 238] Batch 100/375 (27%)
  [Epoch 238] Batch 150/375 (40%)
  [Epoch 238] Batch 200/375 (53%)
  [Epoch 238] Batch 250/375 (67%)
  [Epoch 238] Batch 300/375 (80%)
  [Epoch 238] Batch 350/375 (93%)
[Epoch 238/700] train_loss=0.5417 val_loss=0.5632 lr=7.41e-05 (22s)
  [Epoch 239] Batch 50/375 (13%)
  [Epoch 239] Batch 100/375 (27%)
  [Epoch 239] Batch 150/375 (40%)
  [Epoch 239] Batch 200/375 (53%)
  [Epoch 239] Batch 250/375 (67%)
  [Epoch 239] Batch 300/375 (80%)
  [Epoch 239] Batch 350/375 (93%)
[Epoch 239/700] train_loss=0.5487 val_loss=0.5603 lr=7.39e-05 (22s)
  [Epoch 240] Batch 50/375 (13%)
  [Epoch 240] Batch 100/375 (27%)
  [Epoch 240] Batch 150/375 (40%)
  [Epoch 240] Batch 200/375 (53%)
  [Epoch 240] Batch 250/375 (67%)
  [Epoch 240] Batch 300/375 (80%)
  [Epoch 240] Batch 350/375 (93%)
[Epoch 240/700] train_loss=0.5480 val_loss=0.5613 lr=7.37e-05 (23s)
  [Epoch 241] Batch 50/375 (13%)
  [Epoch 241] Batch 100/375 (27%)
  [Epoch 241] Batch 150/375 (40%)
  [Epoch 241] Batch 200/375 (53%)
  [Epoch 241] Batch 250/375 (67%)
  [Epoch 241] Batch 300/375 (80%)
  [Epoch 241] Batch 350/375 (93%)
[Epoch 241/700] train_loss=0.5473 val_loss=0.5612 lr=7.35e-05 (22s)
  [Epoch 242] Batch 50/375 (13%)
  [Epoch 242] Batch 100/375 (27%)
  [Epoch 242] Batch 150/375 (40%)
  [Epoch 242] Batch 200/375 (53%)
  [Epoch 242] Batch 250/375 (67%)
  [Epoch 242] Batch 300/375 (80%)
  [Epoch 242] Batch 350/375 (93%)
[Epoch 242/700] train_loss=0.5481 val_loss=0.5585 lr=7.33e-05 (22s)
  [Epoch 243] Batch 50/375 (13%)
  [Epoch 243] Batch 100/375 (27%)
  [Epoch 243] Batch 150/375 (40%)
  [Epoch 243] Batch 200/375 (53%)
  [Epoch 243] Batch 250/375 (67%)
  [Epoch 243] Batch 300/375 (80%)
  [Epoch 243] Batch 350/375 (93%)
[Epoch 243/700] train_loss=0.5448 val_loss=0.5648 lr=7.31e-05 (22s)
  [Epoch 244] Batch 50/375 (13%)
  [Epoch 244] Batch 100/375 (27%)
  [Epoch 244] Batch 150/375 (40%)
  [Epoch 244] Batch 200/375 (53%)
  [Epoch 244] Batch 250/375 (67%)
  [Epoch 244] Batch 300/375 (80%)
  [Epoch 244] Batch 350/375 (93%)
[Epoch 244/700] train_loss=0.5486 val_loss=0.5606 lr=7.29e-05 (22s)
  [Epoch 245] Batch 50/375 (13%)
  [Epoch 245] Batch 100/375 (27%)
  [Epoch 245] Batch 150/375 (40%)
  [Epoch 245] Batch 200/375 (53%)
  [Epoch 245] Batch 250/375 (67%)
  [Epoch 245] Batch 300/375 (80%)
  [Epoch 245] Batch 350/375 (93%)
[Epoch 245/700] train_loss=0.5428 val_loss=0.5627 lr=7.27e-05 (23s)
  [Epoch 246] Batch 50/375 (13%)
  [Epoch 246] Batch 100/375 (27%)
  [Epoch 246] Batch 150/375 (40%)
  [Epoch 246] Batch 200/375 (53%)
  [Epoch 246] Batch 250/375 (67%)
  [Epoch 246] Batch 300/375 (80%)
  [Epoch 246] Batch 350/375 (93%)
[Epoch 246/700] train_loss=0.5422 val_loss=0.5683 lr=7.25e-05 (21s)
  [Epoch 247] Batch 50/375 (13%)
  [Epoch 247] Batch 100/375 (27%)
  [Epoch 247] Batch 150/375 (40%)
  [Epoch 247] Batch 200/375 (53%)
  [Epoch 247] Batch 250/375 (67%)
  [Epoch 247] Batch 300/375 (80%)
  [Epoch 247] Batch 350/375 (93%)
[Epoch 247/700] train_loss=0.5455 val_loss=0.5571 lr=7.23e-05 (22s)
  [Epoch 248] Batch 50/375 (13%)
  [Epoch 248] Batch 100/375 (27%)
  [Epoch 248] Batch 150/375 (40%)
  [Epoch 248] Batch 200/375 (53%)
  [Epoch 248] Batch 250/375 (67%)
  [Epoch 248] Batch 300/375 (80%)
  [Epoch 248] Batch 350/375 (93%)
[Epoch 248/700] train_loss=0.5476 val_loss=0.5673 lr=7.21e-05 (22s)
  [Epoch 249] Batch 50/375 (13%)
  [Epoch 249] Batch 100/375 (27%)
  [Epoch 249] Batch 150/375 (40%)
  [Epoch 249] Batch 200/375 (53%)
  [Epoch 249] Batch 250/375 (67%)
  [Epoch 249] Batch 300/375 (80%)
  [Epoch 249] Batch 350/375 (93%)
[Epoch 249/700] train_loss=0.5443 val_loss=0.5699 lr=7.19e-05 (22s)
  [Epoch 250] Batch 50/375 (13%)
  [Epoch 250] Batch 100/375 (27%)
  [Epoch 250] Batch 150/375 (40%)
  [Epoch 250] Batch 200/375 (53%)
  [Epoch 250] Batch 250/375 (67%)
  [Epoch 250] Batch 300/375 (80%)
  [Epoch 250] Batch 350/375 (93%)
[Epoch 250/700] train_loss=0.5429 val_loss=0.5677 lr=7.17e-05 (22s)
  [Epoch 251] Batch 50/375 (13%)
  [Epoch 251] Batch 100/375 (27%)
  [Epoch 251] Batch 150/375 (40%)
  [Epoch 251] Batch 200/375 (53%)
  [Epoch 251] Batch 250/375 (67%)
  [Epoch 251] Batch 300/375 (80%)
  [Epoch 251] Batch 350/375 (93%)
[Epoch 251/700] train_loss=0.5464 val_loss=0.5623 lr=7.15e-05 (22s)
  [Epoch 252] Batch 50/375 (13%)
  [Epoch 252] Batch 100/375 (27%)
  [Epoch 252] Batch 150/375 (40%)
  [Epoch 252] Batch 200/375 (53%)
  [Epoch 252] Batch 250/375 (67%)
  [Epoch 252] Batch 300/375 (80%)
  [Epoch 252] Batch 350/375 (93%)
[Epoch 252/700] train_loss=0.5391 val_loss=0.5663 lr=7.13e-05 (21s)
  [Epoch 253] Batch 50/375 (13%)
  [Epoch 253] Batch 100/375 (27%)
  [Epoch 253] Batch 150/375 (40%)
  [Epoch 253] Batch 200/375 (53%)
  [Epoch 253] Batch 250/375 (67%)
  [Epoch 253] Batch 300/375 (80%)
  [Epoch 253] Batch 350/375 (93%)
[Epoch 253/700] train_loss=0.5420 val_loss=0.5649 lr=7.11e-05 (22s)
  [Epoch 254] Batch 50/375 (13%)
  [Epoch 254] Batch 100/375 (27%)
  [Epoch 254] Batch 150/375 (40%)
  [Epoch 254] Batch 200/375 (53%)
  [Epoch 254] Batch 250/375 (67%)
  [Epoch 254] Batch 300/375 (80%)
  [Epoch 254] Batch 350/375 (93%)
[Epoch 254/700] train_loss=0.5392 val_loss=0.5595 lr=7.09e-05 (22s)
  [Epoch 255] Batch 50/375 (13%)
  [Epoch 255] Batch 100/375 (27%)
  [Epoch 255] Batch 150/375 (40%)
  [Epoch 255] Batch 200/375 (53%)
  [Epoch 255] Batch 250/375 (67%)
  [Epoch 255] Batch 300/375 (80%)
  [Epoch 255] Batch 350/375 (93%)
[Epoch 255/700] train_loss=0.5445 val_loss=0.5508 lr=7.07e-05 (24s)
  [Epoch 256] Batch 50/375 (13%)
  [Epoch 256] Batch 100/375 (27%)
  [Epoch 256] Batch 150/375 (40%)
  [Epoch 256] Batch 200/375 (53%)
  [Epoch 256] Batch 250/375 (67%)
  [Epoch 256] Batch 300/375 (80%)
  [Epoch 256] Batch 350/375 (93%)
[Epoch 256/700] train_loss=0.5396 val_loss=0.5645 lr=7.05e-05 (22s)
  [Epoch 257] Batch 50/375 (13%)
  [Epoch 257] Batch 100/375 (27%)
  [Epoch 257] Batch 150/375 (40%)
  [Epoch 257] Batch 200/375 (53%)
  [Epoch 257] Batch 250/375 (67%)
  [Epoch 257] Batch 300/375 (80%)
  [Epoch 257] Batch 350/375 (93%)
[Epoch 257/700] train_loss=0.5455 val_loss=0.5624 lr=7.03e-05 (22s)
  [Epoch 258] Batch 50/375 (13%)
  [Epoch 258] Batch 100/375 (27%)
  [Epoch 258] Batch 150/375 (40%)
  [Epoch 258] Batch 200/375 (53%)
  [Epoch 258] Batch 250/375 (67%)
  [Epoch 258] Batch 300/375 (80%)
  [Epoch 258] Batch 350/375 (93%)
[Epoch 258/700] train_loss=0.5432 val_loss=0.5603 lr=7.01e-05 (23s)
  [Epoch 259] Batch 50/375 (13%)
  [Epoch 259] Batch 100/375 (27%)
  [Epoch 259] Batch 150/375 (40%)
  [Epoch 259] Batch 200/375 (53%)
  [Epoch 259] Batch 250/375 (67%)
  [Epoch 259] Batch 300/375 (80%)
  [Epoch 259] Batch 350/375 (93%)
[Epoch 259/700] train_loss=0.5457 val_loss=0.5491 lr=6.99e-05 (22s)
  [Epoch 260] Batch 50/375 (13%)
  [Epoch 260] Batch 100/375 (27%)
  [Epoch 260] Batch 150/375 (40%)
  [Epoch 260] Batch 200/375 (53%)
  [Epoch 260] Batch 250/375 (67%)
  [Epoch 260] Batch 300/375 (80%)
  [Epoch 260] Batch 350/375 (93%)
[Epoch 260/700] train_loss=0.5383 val_loss=0.5613 lr=6.97e-05 (22s)
  [Epoch 261] Batch 50/375 (13%)
  [Epoch 261] Batch 100/375 (27%)
  [Epoch 261] Batch 150/375 (40%)
  [Epoch 261] Batch 200/375 (53%)
  [Epoch 261] Batch 250/375 (67%)
  [Epoch 261] Batch 300/375 (80%)
  [Epoch 261] Batch 350/375 (93%)
[Epoch 261/700] train_loss=0.5379 val_loss=0.5501 lr=6.94e-05 (22s)
  [Epoch 262] Batch 50/375 (13%)
  [Epoch 262] Batch 100/375 (27%)
  [Epoch 262] Batch 150/375 (40%)
  [Epoch 262] Batch 200/375 (53%)
  [Epoch 262] Batch 250/375 (67%)
  [Epoch 262] Batch 300/375 (80%)
  [Epoch 262] Batch 350/375 (93%)
[Epoch 262/700] train_loss=0.5431 val_loss=0.5553 lr=6.92e-05 (26s)
  [Epoch 263] Batch 50/375 (13%)
  [Epoch 263] Batch 100/375 (27%)
  [Epoch 263] Batch 150/375 (40%)
  [Epoch 263] Batch 200/375 (53%)
  [Epoch 263] Batch 250/375 (67%)
  [Epoch 263] Batch 300/375 (80%)
  [Epoch 263] Batch 350/375 (93%)
[Epoch 263/700] train_loss=0.5368 val_loss=0.5669 lr=6.90e-05 (22s)
  [Epoch 264] Batch 50/375 (13%)
  [Epoch 264] Batch 100/375 (27%)
  [Epoch 264] Batch 150/375 (40%)
  [Epoch 264] Batch 200/375 (53%)
  [Epoch 264] Batch 250/375 (67%)
  [Epoch 264] Batch 300/375 (80%)
  [Epoch 264] Batch 350/375 (93%)
[Epoch 264/700] train_loss=0.5396 val_loss=0.5694 lr=6.88e-05 (22s)
  [Epoch 265] Batch 50/375 (13%)
  [Epoch 265] Batch 100/375 (27%)
  [Epoch 265] Batch 150/375 (40%)
  [Epoch 265] Batch 200/375 (53%)
  [Epoch 265] Batch 250/375 (67%)
  [Epoch 265] Batch 300/375 (80%)
  [Epoch 265] Batch 350/375 (93%)
[Epoch 265/700] train_loss=0.5396 val_loss=0.5497 lr=6.86e-05 (22s)
  [Epoch 266] Batch 50/375 (13%)
  [Epoch 266] Batch 100/375 (27%)
  [Epoch 266] Batch 150/375 (40%)
  [Epoch 266] Batch 200/375 (53%)
  [Epoch 266] Batch 250/375 (67%)
  [Epoch 266] Batch 300/375 (80%)
  [Epoch 266] Batch 350/375 (93%)
[Epoch 266/700] train_loss=0.5439 val_loss=0.5598 lr=6.84e-05 (22s)
  [Epoch 267] Batch 50/375 (13%)
  [Epoch 267] Batch 100/375 (27%)
  [Epoch 267] Batch 150/375 (40%)
  [Epoch 267] Batch 200/375 (53%)
  [Epoch 267] Batch 250/375 (67%)
  [Epoch 267] Batch 300/375 (80%)
  [Epoch 267] Batch 350/375 (93%)
[Epoch 267/700] train_loss=0.5415 val_loss=0.5629 lr=6.82e-05 (22s)
  [Epoch 268] Batch 50/375 (13%)
  [Epoch 268] Batch 100/375 (27%)
  [Epoch 268] Batch 150/375 (40%)
  [Epoch 268] Batch 200/375 (53%)
  [Epoch 268] Batch 250/375 (67%)
  [Epoch 268] Batch 300/375 (80%)
  [Epoch 268] Batch 350/375 (93%)
[Epoch 268/700] train_loss=0.5372 val_loss=0.5508 lr=6.80e-05 (22s)
  [Epoch 269] Batch 50/375 (13%)
  [Epoch 269] Batch 100/375 (27%)
  [Epoch 269] Batch 150/375 (40%)
  [Epoch 269] Batch 200/375 (53%)
  [Epoch 269] Batch 250/375 (67%)
  [Epoch 269] Batch 300/375 (80%)
  [Epoch 269] Batch 350/375 (93%)
[Epoch 269/700] train_loss=0.5437 val_loss=0.5628 lr=6.78e-05 (23s)
  [Epoch 270] Batch 50/375 (13%)
  [Epoch 270] Batch 100/375 (27%)
  [Epoch 270] Batch 150/375 (40%)
  [Epoch 270] Batch 200/375 (53%)
  [Epoch 270] Batch 250/375 (67%)
  [Epoch 270] Batch 300/375 (80%)
  [Epoch 270] Batch 350/375 (93%)
[Epoch 270/700] train_loss=0.5423 val_loss=0.5698 lr=6.76e-05 (22s)
  [Epoch 271] Batch 50/375 (13%)
  [Epoch 271] Batch 100/375 (27%)
  [Epoch 271] Batch 150/375 (40%)
  [Epoch 271] Batch 200/375 (53%)
  [Epoch 271] Batch 250/375 (67%)
  [Epoch 271] Batch 300/375 (80%)
  [Epoch 271] Batch 350/375 (93%)
[Epoch 271/700] train_loss=0.5372 val_loss=0.5669 lr=6.74e-05 (32s)
  [Epoch 272] Batch 50/375 (13%)
  [Epoch 272] Batch 100/375 (27%)
  [Epoch 272] Batch 150/375 (40%)
  [Epoch 272] Batch 200/375 (53%)
  [Epoch 272] Batch 250/375 (67%)
  [Epoch 272] Batch 300/375 (80%)
  [Epoch 272] Batch 350/375 (93%)
[Epoch 272/700] train_loss=0.5397 val_loss=0.5582 lr=6.71e-05 (40s)
  [Epoch 273] Batch 50/375 (13%)
  [Epoch 273] Batch 100/375 (27%)
  [Epoch 273] Batch 150/375 (40%)
  [Epoch 273] Batch 200/375 (53%)
  [Epoch 273] Batch 250/375 (67%)
  [Epoch 273] Batch 300/375 (80%)
  [Epoch 273] Batch 350/375 (93%)
[Epoch 273/700] train_loss=0.5419 val_loss=0.5740 lr=6.69e-05 (28s)
  [Epoch 274] Batch 50/375 (13%)
  [Epoch 274] Batch 100/375 (27%)
  [Epoch 274] Batch 150/375 (40%)
  [Epoch 274] Batch 200/375 (53%)
  [Epoch 274] Batch 250/375 (67%)
  [Epoch 274] Batch 300/375 (80%)
  [Epoch 274] Batch 350/375 (93%)
[Epoch 274/700] train_loss=0.5419 val_loss=0.5602 lr=6.67e-05 (39s)
  [Epoch 275] Batch 50/375 (13%)
  [Epoch 275] Batch 100/375 (27%)
  [Epoch 275] Batch 150/375 (40%)
  [Epoch 275] Batch 200/375 (53%)
  [Epoch 275] Batch 250/375 (67%)
  [Epoch 275] Batch 300/375 (80%)
  [Epoch 275] Batch 350/375 (93%)
[Epoch 275/700] train_loss=0.5395 val_loss=0.5632 lr=6.65e-05 (40s)
  [Epoch 276] Batch 50/375 (13%)
  [Epoch 276] Batch 100/375 (27%)
  [Epoch 276] Batch 150/375 (40%)
  [Epoch 276] Batch 200/375 (53%)
  [Epoch 276] Batch 250/375 (67%)
  [Epoch 276] Batch 300/375 (80%)
  [Epoch 276] Batch 350/375 (93%)
[Epoch 276/700] train_loss=0.5377 val_loss=0.5672 lr=6.63e-05 (39s)
  [Epoch 277] Batch 50/375 (13%)
  [Epoch 277] Batch 100/375 (27%)
  [Epoch 277] Batch 150/375 (40%)
  [Epoch 277] Batch 200/375 (53%)
  [Epoch 277] Batch 250/375 (67%)
  [Epoch 277] Batch 300/375 (80%)
  [Epoch 277] Batch 350/375 (93%)
[Epoch 277/700] train_loss=0.5423 val_loss=0.5582 lr=6.61e-05 (44s)
  [Epoch 278] Batch 50/375 (13%)
  [Epoch 278] Batch 100/375 (27%)
  [Epoch 278] Batch 150/375 (40%)
  [Epoch 278] Batch 200/375 (53%)
  [Epoch 278] Batch 250/375 (67%)
  [Epoch 278] Batch 300/375 (80%)
  [Epoch 278] Batch 350/375 (93%)
[Epoch 278/700] train_loss=0.5409 val_loss=0.5661 lr=6.59e-05 (40s)
  [Epoch 279] Batch 50/375 (13%)
  [Epoch 279] Batch 100/375 (27%)
  [Epoch 279] Batch 150/375 (40%)
  [Epoch 279] Batch 200/375 (53%)
  [Epoch 279] Batch 250/375 (67%)
  [Epoch 279] Batch 300/375 (80%)
  [Epoch 279] Batch 350/375 (93%)
[Epoch 279/700] train_loss=0.5380 val_loss=0.5587 lr=6.57e-05 (41s)
  [Epoch 280] Batch 50/375 (13%)
  [Epoch 280] Batch 100/375 (27%)
  [Epoch 280] Batch 150/375 (40%)
  [Epoch 280] Batch 200/375 (53%)
  [Epoch 280] Batch 250/375 (67%)
  [Epoch 280] Batch 300/375 (80%)
  [Epoch 280] Batch 350/375 (93%)
[Epoch 280/700] train_loss=0.5408 val_loss=0.5615 lr=6.55e-05 (37s)
  [Epoch 281] Batch 50/375 (13%)
  [Epoch 281] Batch 100/375 (27%)
  [Epoch 281] Batch 150/375 (40%)
  [Epoch 281] Batch 200/375 (53%)
  [Epoch 281] Batch 250/375 (67%)
  [Epoch 281] Batch 300/375 (80%)
  [Epoch 281] Batch 350/375 (93%)
[Epoch 281/700] train_loss=0.5371 val_loss=0.5561 lr=6.52e-05 (41s)
  [Epoch 282] Batch 50/375 (13%)
  [Epoch 282] Batch 100/375 (27%)
  [Epoch 282] Batch 150/375 (40%)
  [Epoch 282] Batch 200/375 (53%)
  [Epoch 282] Batch 250/375 (67%)
  [Epoch 282] Batch 300/375 (80%)
  [Epoch 282] Batch 350/375 (93%)
[Epoch 282/700] train_loss=0.5389 val_loss=0.5565 lr=6.50e-05 (38s)
  [Epoch 283] Batch 50/375 (13%)
  [Epoch 283] Batch 100/375 (27%)
  [Epoch 283] Batch 150/375 (40%)
  [Epoch 283] Batch 200/375 (53%)
  [Epoch 283] Batch 250/375 (67%)
  [Epoch 283] Batch 300/375 (80%)
  [Epoch 283] Batch 350/375 (93%)
[Epoch 283/700] train_loss=0.5404 val_loss=0.5535 lr=6.48e-05 (23s)
Monitored metric val/loss did not improve in the last 50 records. Best score: 0.548. Signaling Trainer to stop.

[Training] Completed!

✓ Training completed!
  Final checkpoint: 
/public/home/xiongzhzh2023/PT4ConTSG/experiments/20260402_070117_synth-u_pt_factor_generator/checkpoints/finetune/finetune-epoch=232-val/loss=0
.5482.ckpt
  Experiment: experiments/20260402_070117_synth-u_pt_factor_generator

Running automatic evaluation...
Loading weights:   0%|          | 0/197 [00:00<?, ?it/s]Loading weights: 100%|██████████| 197/197 [00:00<00:00, 3069.34it/s]
[1mCLIPTextModelWithProjection LOAD REPORT[0m from: ./checkpoints/longclip
Key                                                            | Status     |  | 
---------------------------------------------------------------+------------+--+-
vision_model.encoder.layers.{0...23}.layer_norm2.weight        | UNEXPECTED |  | 
vision_model.encoder.layers.{0...23}.mlp.fc1.bias              | UNEXPECTED |  | 
vision_model.encoder.layers.{0...23}.self_attn.out_proj.bias   | UNEXPECTED |  | 
vision_model.encoder.layers.{0...23}.layer_norm1.bias          | UNEXPECTED |  | 
vision_model.encoder.layers.{0...23}.layer_norm1.weight        | UNEXPECTED |  | 
vision_model.encoder.layers.{0...23}.self_attn.k_proj.bias     | UNEXPECTED |  | 
vision_model.encoder.layers.{0...23}.self_attn.v_proj.weight   | UNEXPECTED |  | 
vision_model.embeddings.position_embedding.weight              | UNEXPECTED |  | 
vision_model.encoder.layers.{0...23}.self_attn.k_proj.weight   | UNEXPECTED |  | 
vision_model.encoder.layers.{0...23}.self_attn.out_proj.weight | UNEXPECTED |  | 
vision_model.encoder.layers.{0...23}.self_attn.v_proj.bias     | UNEXPECTED |  | 
vision_model.encoder.layers.{0...23}.mlp.fc1.weight            | UNEXPECTED |  | 
vision_model.encoder.layers.{0...23}.mlp.fc2.weight            | UNEXPECTED |  | 
vision_model.encoder.layers.{0...23}.self_attn.q_proj.weight   | UNEXPECTED |  | 
vision_model.encoder.layers.{0...23}.layer_norm2.bias          | UNEXPECTED |  | 
vision_model.encoder.layers.{0...23}.self_attn.q_proj.bias     | UNEXPECTED |  | 
vision_model.post_layernorm.bias                               | UNEXPECTED |  | 
vision_model.encoder.layers.{0...23}.mlp.fc2.bias              | UNEXPECTED |  | 
logit_scale                                                    | UNEXPECTED |  | 
vision_model.embeddings.class_embedding                        | UNEXPECTED |  | 
vision_model.pre_layrnorm.bias                                 | UNEXPECTED |  | 
vision_model.pre_layrnorm.weight                               | UNEXPECTED |  | 
visual_projection.weight                                       | UNEXPECTED |  | 
vision_model.embeddings.patch_embedding.weight                 | UNEXPECTED |  | 
vision_model.post_layernorm.weight                             | UNEXPECTED |  | 

[3mNotes:
- UNEXPECTED[3m	:can be ignored when loading from different task/architecture; not ok if you expect identical arch.[0m
[Evaluating (generating)] Starting (0/32)...
[Evaluating (generating)] 1/32 (3%)
[Evaluating (generating)] 4/32 (12%)
[Evaluating (generating)] 7/32 (22%)
[Evaluating (generating)] 10/32 (31%)
[Evaluating (generating)] 13/32 (41%)
[Evaluating (generating)] 16/32 (50%)
[Evaluating (generating)] 20/32 (62%)
[Evaluating (generating)] 23/32 (72%)
[Evaluating (generating)] 26/32 (81%)
[Evaluating (generating)] 29/32 (91%)
[Evaluating (generating)] 32/32 (100%)
[Evaluating (generating)] Completed (32 items)
Evaluation results saved to: experiments/20260402_070117_synth-u_pt_factor_generator/results/eval_results.json
          Evaluation Results           
┏━━━━━━━━━━━━━━━━━━━━━━━━━┳━━━━━━━━━━━┓
┃ Metric                  ┃     Value ┃
┡━━━━━━━━━━━━━━━━━━━━━━━━━╇━━━━━━━━━━━┩
│ dtw                     │  4.903765 │
│ wape                    │ 84.047279 │
│ ed                      │  8.575473 │
│ crps                    │  0.431040 │
│ acd                     │  0.065239 │
│ sd                      │  0.012639 │
│ kd                      │  0.365398 │
│ mdd                     │  0.012724 │
│ fid                     │ 29.934613 │
│ jftsd                   │ 32.396180 │
│ cttp                    │ 14.485437 │
│ disc_auc                │  0.984066 │
│ prdc_f1.f1              │  0.325951 │
│ prdc_f1.precision       │  0.563750 │
│ prdc_f1.recall          │  0.229250 │
│ joint_prdc_f1.f1        │  0.655845 │
│ joint_prdc_f1.precision │  0.781500 │
│ joint_prdc_f1.recall    │  0.565000 │
└─────────────────────────┴───────────┘
