Loading config from: configs/grid_search/ptfg_synth-u_lr1e-4_bs128_scT.yaml
Model schema mode: relaxed (no model-specific schema for 'pt_factor_generator')
         Configuration Summary         
┌───────────────┬─────────────────────┐
│ Dataset       │ synth-u             │
│ Model         │ pt_factor_generator │
│ Epochs        │ 700                 │
│ Batch Size    │ 128                 │
│ Learning Rate │ 0.0001              │
│ Device        │ cuda:0              │
│ Seed          │ 42                  │
└───────────────┴─────────────────────┘

Experiment directory: experiments/20260402_102606_synth-u_pt_factor_generator
Seed set to 42

Model: pt_factor_generator
Creating data module: synth-u

Starting multi-stage training (1 stage(s))...
  Stage 1: finetune (700 epochs, lr=0.0001)
/public/home/xiongzhzh2023/Anaconda/envs/contsg/lib/python3.12/site-packages/lightning_fabric/plugins/environments/slurm.py:204: The `srun` command is available on your system but is not used. HINT: If your intention is to run Lightning on SLURM, prepend your python command with `srun` like so: srun python3.1 /public/home/xiongzhzh2023/Anaconda/envs/contsg/b ...
GPU available: True (cuda), used: True
TPU available: False, using: 0 TPU cores
💡 Tip: For seamless cloud logging and experiment tracking, try installing [litlogger](https://pypi.org/project/litlogger/) to enable LitLogger, which logs metrics and artifacts automatically to the Lightning Experiments platform.
`Trainer(limit_train_batches=1.0)` was configured so 100% of the batches per epoch will be used..
`Trainer(limit_val_batches=1.0)` was configured so 100% of the batches will be used..
`Trainer(limit_test_batches=1.0)` was configured so 100% of the batches will be used..
`Trainer(val_check_interval=1.0)` was configured so validation will run at the end of the training epoch..
LOCAL_RANK: 0 - CUDA_VISIBLE_DEVICES: [0,1,2,3]
┏━━━┳━━━━━━━━━━━━━━┳━━━━━━━━━━━━━━━━━━━━━━━━┳━━━━━━━━┳━━━━━━━┳━━━━━━━┓
┃   ┃ Name         ┃ Type                   ┃ Params ┃ Mode  ┃ FLOPs ┃
┡━━━╇━━━━━━━━━━━━━━╇━━━━━━━━━━━━━━━━━━━━━━━━╇━━━━━━━━╇━━━━━━━╇━━━━━━━┩
│ 0 │ net          │ PTFactorNoisePredictor │  5.2 M │ train │     0 │
│   │ other params │ n/a                    │  1.0 K │ n/a   │   n/a │
└───┴──────────────┴────────────────────────┴────────┴───────┴───────┘
Trainable params: 5.2 M                                                                                                                        
Non-trainable params: 0                                                                                                                        
Total params: 5.2 M                                                                                                                            
Total estimated model params size (MB): 20                                                                                                     
Modules in train mode: 195                                                                                                                     
Modules in eval mode: 0                                                                                                                        
Total FLOPs: 0                                                                                                                                 
/public/home/xiongzhzh2023/Anaconda/envs/contsg/lib/python3.12/site-packages/pytorch_lightning/utilities/data.py:79: Trying to infer the `batch_size` from an ambiguous collection. The batch size we found is 128. To avoid any miscalculations, use `self.log(..., batch_size=batch_size)`.

[Training] Starting 700 epochs...
  [Epoch 1] Batch 50/187 (27%)
  [Epoch 1] Batch 100/187 (53%)
  [Epoch 1] Batch 150/187 (80%)
/public/home/xiongzhzh2023/Anaconda/envs/contsg/lib/python3.12/site-packages/pytorch_lightning/utilities/data.py:79: Trying to infer the `batch_size` from an ambiguous collection. The batch size we found is 32. To avoid any miscalculations, use `self.log(..., batch_size=batch_size)`.
[Epoch 1/700] train_loss=1.3452 val_loss=1.0547 lr=1.00e-04 (20s)
Metric val/loss improved. New best score: 1.055
  [Epoch 2] Batch 50/187 (27%)
  [Epoch 2] Batch 100/187 (53%)
  [Epoch 2] Batch 150/187 (80%)
[Epoch 2/700] train_loss=0.9521 val_loss=0.9014 lr=1.00e-04 (22s)
Metric val/loss improved by 0.153 >= min_delta = 0.0. New best score: 0.901
  [Epoch 3] Batch 50/187 (27%)
  [Epoch 3] Batch 100/187 (53%)
  [Epoch 3] Batch 150/187 (80%)
[Epoch 3/700] train_loss=0.8850 val_loss=0.8646 lr=1.00e-04 (22s)
Metric val/loss improved by 0.037 >= min_delta = 0.0. New best score: 0.865
  [Epoch 4] Batch 50/187 (27%)
  [Epoch 4] Batch 100/187 (53%)
  [Epoch 4] Batch 150/187 (80%)
[Epoch 4/700] train_loss=0.8444 val_loss=0.8253 lr=1.00e-04 (24s)
Metric val/loss improved by 0.039 >= min_delta = 0.0. New best score: 0.825
  [Epoch 5] Batch 50/187 (27%)
  [Epoch 5] Batch 100/187 (53%)
  [Epoch 5] Batch 150/187 (80%)
[Epoch 5/700] train_loss=0.8037 val_loss=0.7787 lr=1.00e-04 (23s)
Metric val/loss improved by 0.047 >= min_delta = 0.0. New best score: 0.779
  [Epoch 6] Batch 50/187 (27%)
  [Epoch 6] Batch 100/187 (53%)
  [Epoch 6] Batch 150/187 (80%)
[Epoch 6/700] train_loss=0.7574 val_loss=0.7331 lr=1.00e-04 (22s)
Metric val/loss improved by 0.046 >= min_delta = 0.0. New best score: 0.733
  [Epoch 7] Batch 50/187 (27%)
  [Epoch 7] Batch 100/187 (53%)
  [Epoch 7] Batch 150/187 (80%)
[Epoch 7/700] train_loss=0.7315 val_loss=0.7078 lr=1.00e-04 (22s)
Metric val/loss improved by 0.025 >= min_delta = 0.0. New best score: 0.708
  [Epoch 8] Batch 50/187 (27%)
  [Epoch 8] Batch 100/187 (53%)
  [Epoch 8] Batch 150/187 (80%)
[Epoch 8/700] train_loss=0.7091 val_loss=0.7038 lr=1.00e-04 (24s)
Metric val/loss improved by 0.004 >= min_delta = 0.0. New best score: 0.704
  [Epoch 9] Batch 50/187 (27%)
  [Epoch 9] Batch 100/187 (53%)
  [Epoch 9] Batch 150/187 (80%)
[Epoch 9/700] train_loss=0.7098 val_loss=0.6960 lr=1.00e-04 (22s)
Metric val/loss improved by 0.008 >= min_delta = 0.0. New best score: 0.696
  [Epoch 10] Batch 50/187 (27%)
  [Epoch 10] Batch 100/187 (53%)
  [Epoch 10] Batch 150/187 (80%)
[Epoch 10/700] train_loss=0.6951 val_loss=0.6813 lr=9.99e-05 (22s)
Metric val/loss improved by 0.015 >= min_delta = 0.0. New best score: 0.681
  [Epoch 11] Batch 50/187 (27%)
  [Epoch 11] Batch 100/187 (53%)
  [Epoch 11] Batch 150/187 (80%)
[Epoch 11/700] train_loss=0.6909 val_loss=0.6841 lr=9.99e-05 (23s)
  [Epoch 12] Batch 50/187 (27%)
  [Epoch 12] Batch 100/187 (53%)
  [Epoch 12] Batch 150/187 (80%)
[Epoch 12/700] train_loss=0.6863 val_loss=0.6904 lr=9.99e-05 (13s)
  [Epoch 13] Batch 50/187 (27%)
  [Epoch 13] Batch 100/187 (53%)
  [Epoch 13] Batch 150/187 (80%)
[Epoch 13/700] train_loss=0.6773 val_loss=0.6706 lr=9.99e-05 (13s)
Metric val/loss improved by 0.011 >= min_delta = 0.0. New best score: 0.671
  [Epoch 14] Batch 50/187 (27%)
  [Epoch 14] Batch 100/187 (53%)
  [Epoch 14] Batch 150/187 (80%)
[Epoch 14/700] train_loss=0.6795 val_loss=0.6566 lr=9.99e-05 (23s)
Metric val/loss improved by 0.014 >= min_delta = 0.0. New best score: 0.657
  [Epoch 15] Batch 50/187 (27%)
  [Epoch 15] Batch 100/187 (53%)
  [Epoch 15] Batch 150/187 (80%)
[Epoch 15/700] train_loss=0.6794 val_loss=0.6694 lr=9.99e-05 (24s)
  [Epoch 16] Batch 50/187 (27%)
  [Epoch 16] Batch 100/187 (53%)
  [Epoch 16] Batch 150/187 (80%)
[Epoch 16/700] train_loss=0.6738 val_loss=0.6635 lr=9.99e-05 (23s)
  [Epoch 17] Batch 50/187 (27%)
  [Epoch 17] Batch 100/187 (53%)
  [Epoch 17] Batch 150/187 (80%)
[Epoch 17/700] train_loss=0.6780 val_loss=0.6738 lr=9.99e-05 (22s)
  [Epoch 18] Batch 50/187 (27%)
  [Epoch 18] Batch 100/187 (53%)
  [Epoch 18] Batch 150/187 (80%)
[Epoch 18/700] train_loss=0.6709 val_loss=0.6594 lr=9.98e-05 (20s)
  [Epoch 19] Batch 50/187 (27%)
  [Epoch 19] Batch 100/187 (53%)
  [Epoch 19] Batch 150/187 (80%)
[Epoch 19/700] train_loss=0.6659 val_loss=0.6648 lr=9.98e-05 (20s)
  [Epoch 20] Batch 50/187 (27%)
  [Epoch 20] Batch 100/187 (53%)
  [Epoch 20] Batch 150/187 (80%)
[Epoch 20/700] train_loss=0.6652 val_loss=0.6460 lr=9.98e-05 (17s)
Metric val/loss improved by 0.011 >= min_delta = 0.0. New best score: 0.646
  [Epoch 21] Batch 50/187 (27%)
  [Epoch 21] Batch 100/187 (53%)
  [Epoch 21] Batch 150/187 (80%)
[Epoch 21/700] train_loss=0.6664 val_loss=0.6667 lr=9.98e-05 (23s)
  [Epoch 22] Batch 50/187 (27%)
  [Epoch 22] Batch 100/187 (53%)
  [Epoch 22] Batch 150/187 (80%)
[Epoch 22/700] train_loss=0.6627 val_loss=0.6711 lr=9.98e-05 (22s)
  [Epoch 23] Batch 50/187 (27%)
  [Epoch 23] Batch 100/187 (53%)
  [Epoch 23] Batch 150/187 (80%)
[Epoch 23/700] train_loss=0.6596 val_loss=0.6582 lr=9.97e-05 (21s)
  [Epoch 24] Batch 50/187 (27%)
  [Epoch 24] Batch 100/187 (53%)
  [Epoch 24] Batch 150/187 (80%)
[Epoch 24/700] train_loss=0.6626 val_loss=0.6453 lr=9.97e-05 (22s)
Metric val/loss improved by 0.001 >= min_delta = 0.0. New best score: 0.645
  [Epoch 25] Batch 50/187 (27%)
  [Epoch 25] Batch 100/187 (53%)
  [Epoch 25] Batch 150/187 (80%)
[Epoch 25/700] train_loss=0.6580 val_loss=0.6521 lr=9.97e-05 (23s)
  [Epoch 26] Batch 50/187 (27%)
  [Epoch 26] Batch 100/187 (53%)
  [Epoch 26] Batch 150/187 (80%)
[Epoch 26/700] train_loss=0.6560 val_loss=0.6604 lr=9.97e-05 (23s)
  [Epoch 27] Batch 50/187 (27%)
  [Epoch 27] Batch 100/187 (53%)
  [Epoch 27] Batch 150/187 (80%)
[Epoch 27/700] train_loss=0.6543 val_loss=0.6462 lr=9.96e-05 (25s)
  [Epoch 28] Batch 50/187 (27%)
  [Epoch 28] Batch 100/187 (53%)
  [Epoch 28] Batch 150/187 (80%)
[Epoch 28/700] train_loss=0.6468 val_loss=0.6383 lr=9.96e-05 (22s)
Metric val/loss improved by 0.007 >= min_delta = 0.0. New best score: 0.638
  [Epoch 29] Batch 50/187 (27%)
  [Epoch 29] Batch 100/187 (53%)
  [Epoch 29] Batch 150/187 (80%)
[Epoch 29/700] train_loss=0.6493 val_loss=0.6551 lr=9.96e-05 (23s)
  [Epoch 30] Batch 50/187 (27%)
  [Epoch 30] Batch 100/187 (53%)
  [Epoch 30] Batch 150/187 (80%)
[Epoch 30/700] train_loss=0.6479 val_loss=0.6459 lr=9.95e-05 (13s)
  [Epoch 31] Batch 50/187 (27%)
  [Epoch 31] Batch 100/187 (53%)
  [Epoch 31] Batch 150/187 (80%)
[Epoch 31/700] train_loss=0.6474 val_loss=0.6383 lr=9.95e-05 (13s)
  [Epoch 32] Batch 50/187 (27%)
  [Epoch 32] Batch 100/187 (53%)
  [Epoch 32] Batch 150/187 (80%)
[Epoch 32/700] train_loss=0.6477 val_loss=0.6451 lr=9.95e-05 (13s)
  [Epoch 33] Batch 50/187 (27%)
  [Epoch 33] Batch 100/187 (53%)
  [Epoch 33] Batch 150/187 (80%)
[Epoch 33/700] train_loss=0.6447 val_loss=0.6618 lr=9.95e-05 (13s)
  [Epoch 34] Batch 50/187 (27%)
  [Epoch 34] Batch 100/187 (53%)
  [Epoch 34] Batch 150/187 (80%)
[Epoch 34/700] train_loss=0.6475 val_loss=0.6418 lr=9.94e-05 (13s)
  [Epoch 35] Batch 50/187 (27%)
  [Epoch 35] Batch 100/187 (53%)
  [Epoch 35] Batch 150/187 (80%)
[Epoch 35/700] train_loss=0.6466 val_loss=0.6339 lr=9.94e-05 (13s)
Metric val/loss improved by 0.004 >= min_delta = 0.0. New best score: 0.634
  [Epoch 36] Batch 50/187 (27%)
  [Epoch 36] Batch 100/187 (53%)
  [Epoch 36] Batch 150/187 (80%)
[Epoch 36/700] train_loss=0.6410 val_loss=0.6423 lr=9.93e-05 (13s)
  [Epoch 37] Batch 50/187 (27%)
  [Epoch 37] Batch 100/187 (53%)
  [Epoch 37] Batch 150/187 (80%)
[Epoch 37/700] train_loss=0.6387 val_loss=0.6468 lr=9.93e-05 (13s)
  [Epoch 38] Batch 50/187 (27%)
  [Epoch 38] Batch 100/187 (53%)
  [Epoch 38] Batch 150/187 (80%)
[Epoch 38/700] train_loss=0.6489 val_loss=0.6300 lr=9.93e-05 (23s)
Metric val/loss improved by 0.004 >= min_delta = 0.0. New best score: 0.630
  [Epoch 39] Batch 50/187 (27%)
  [Epoch 39] Batch 100/187 (53%)
  [Epoch 39] Batch 150/187 (80%)
[Epoch 39/700] train_loss=0.6440 val_loss=0.6469 lr=9.92e-05 (24s)
  [Epoch 40] Batch 50/187 (27%)
  [Epoch 40] Batch 100/187 (53%)
  [Epoch 40] Batch 150/187 (80%)
[Epoch 40/700] train_loss=0.6384 val_loss=0.6317 lr=9.92e-05 (25s)
  [Epoch 41] Batch 50/187 (27%)
  [Epoch 41] Batch 100/187 (53%)
  [Epoch 41] Batch 150/187 (80%)
[Epoch 41/700] train_loss=0.6392 val_loss=0.6380 lr=9.92e-05 (20s)
  [Epoch 42] Batch 50/187 (27%)
  [Epoch 42] Batch 100/187 (53%)
  [Epoch 42] Batch 150/187 (80%)
[Epoch 42/700] train_loss=0.6395 val_loss=0.6325 lr=9.91e-05 (23s)
  [Epoch 43] Batch 50/187 (27%)
  [Epoch 43] Batch 100/187 (53%)
  [Epoch 43] Batch 150/187 (80%)
[Epoch 43/700] train_loss=0.6407 val_loss=0.6329 lr=9.91e-05 (21s)
  [Epoch 44] Batch 50/187 (27%)
  [Epoch 44] Batch 100/187 (53%)
  [Epoch 44] Batch 150/187 (80%)
[Epoch 44/700] train_loss=0.6340 val_loss=0.6368 lr=9.90e-05 (13s)
  [Epoch 45] Batch 50/187 (27%)
  [Epoch 45] Batch 100/187 (53%)
  [Epoch 45] Batch 150/187 (80%)
[Epoch 45/700] train_loss=0.6341 val_loss=0.6264 lr=9.90e-05 (13s)
Metric val/loss improved by 0.004 >= min_delta = 0.0. New best score: 0.626
  [Epoch 46] Batch 50/187 (27%)
  [Epoch 46] Batch 100/187 (53%)
  [Epoch 46] Batch 150/187 (80%)
[Epoch 46/700] train_loss=0.6360 val_loss=0.6265 lr=9.89e-05 (13s)
  [Epoch 47] Batch 50/187 (27%)
  [Epoch 47] Batch 100/187 (53%)
  [Epoch 47] Batch 150/187 (80%)
[Epoch 47/700] train_loss=0.6381 val_loss=0.6417 lr=9.89e-05 (14s)
  [Epoch 48] Batch 50/187 (27%)
  [Epoch 48] Batch 100/187 (53%)
  [Epoch 48] Batch 150/187 (80%)
[Epoch 48/700] train_loss=0.6283 val_loss=0.6214 lr=9.88e-05 (13s)
Metric val/loss improved by 0.005 >= min_delta = 0.0. New best score: 0.621
  [Epoch 49] Batch 50/187 (27%)
  [Epoch 49] Batch 100/187 (53%)
  [Epoch 49] Batch 150/187 (80%)
[Epoch 49/700] train_loss=0.6313 val_loss=0.6314 lr=9.88e-05 (14s)
  [Epoch 50] Batch 50/187 (27%)
  [Epoch 50] Batch 100/187 (53%)
  [Epoch 50] Batch 150/187 (80%)
[Epoch 50/700] train_loss=0.6315 val_loss=0.6315 lr=9.87e-05 (12s)
  [Epoch 51] Batch 50/187 (27%)
  [Epoch 51] Batch 100/187 (53%)
  [Epoch 51] Batch 150/187 (80%)
[Epoch 51/700] train_loss=0.6271 val_loss=0.6274 lr=9.87e-05 (13s)
  [Epoch 52] Batch 50/187 (27%)
  [Epoch 52] Batch 100/187 (53%)
  [Epoch 52] Batch 150/187 (80%)
[Epoch 52/700] train_loss=0.6343 val_loss=0.6167 lr=9.86e-05 (13s)
Metric val/loss improved by 0.005 >= min_delta = 0.0. New best score: 0.617
  [Epoch 53] Batch 50/187 (27%)
  [Epoch 53] Batch 100/187 (53%)
  [Epoch 53] Batch 150/187 (80%)
[Epoch 53/700] train_loss=0.6249 val_loss=0.6184 lr=9.86e-05 (12s)
  [Epoch 54] Batch 50/187 (27%)
  [Epoch 54] Batch 100/187 (53%)
  [Epoch 54] Batch 150/187 (80%)
[Epoch 54/700] train_loss=0.6288 val_loss=0.6250 lr=9.85e-05 (13s)
  [Epoch 55] Batch 50/187 (27%)
  [Epoch 55] Batch 100/187 (53%)
  [Epoch 55] Batch 150/187 (80%)
[Epoch 55/700] train_loss=0.6243 val_loss=0.6263 lr=9.85e-05 (12s)
  [Epoch 56] Batch 50/187 (27%)
  [Epoch 56] Batch 100/187 (53%)
  [Epoch 56] Batch 150/187 (80%)
[Epoch 56/700] train_loss=0.6218 val_loss=0.6282 lr=9.84e-05 (12s)
  [Epoch 57] Batch 50/187 (27%)
  [Epoch 57] Batch 100/187 (53%)
  [Epoch 57] Batch 150/187 (80%)
[Epoch 57/700] train_loss=0.6226 val_loss=0.6317 lr=9.84e-05 (13s)
  [Epoch 58] Batch 50/187 (27%)
  [Epoch 58] Batch 100/187 (53%)
  [Epoch 58] Batch 150/187 (80%)
[Epoch 58/700] train_loss=0.6197 val_loss=0.6136 lr=9.83e-05 (13s)
Metric val/loss improved by 0.003 >= min_delta = 0.0. New best score: 0.614
  [Epoch 59] Batch 50/187 (27%)
  [Epoch 59] Batch 100/187 (53%)
  [Epoch 59] Batch 150/187 (80%)
[Epoch 59/700] train_loss=0.6203 val_loss=0.6181 lr=9.83e-05 (13s)
  [Epoch 60] Batch 50/187 (27%)
  [Epoch 60] Batch 100/187 (53%)
  [Epoch 60] Batch 150/187 (80%)
[Epoch 60/700] train_loss=0.6214 val_loss=0.6205 lr=9.82e-05 (13s)
  [Epoch 61] Batch 50/187 (27%)
  [Epoch 61] Batch 100/187 (53%)
  [Epoch 61] Batch 150/187 (80%)
[Epoch 61/700] train_loss=0.6175 val_loss=0.6092 lr=9.81e-05 (12s)
Metric val/loss improved by 0.004 >= min_delta = 0.0. New best score: 0.609
  [Epoch 62] Batch 50/187 (27%)
  [Epoch 62] Batch 100/187 (53%)
  [Epoch 62] Batch 150/187 (80%)
[Epoch 62/700] train_loss=0.6186 val_loss=0.6245 lr=9.81e-05 (12s)
  [Epoch 63] Batch 50/187 (27%)
  [Epoch 63] Batch 100/187 (53%)
  [Epoch 63] Batch 150/187 (80%)
[Epoch 63/700] train_loss=0.6177 val_loss=0.6275 lr=9.80e-05 (13s)
  [Epoch 64] Batch 50/187 (27%)
  [Epoch 64] Batch 100/187 (53%)
  [Epoch 64] Batch 150/187 (80%)
[Epoch 64/700] train_loss=0.6176 val_loss=0.6275 lr=9.80e-05 (13s)
  [Epoch 65] Batch 50/187 (27%)
  [Epoch 65] Batch 100/187 (53%)
  [Epoch 65] Batch 150/187 (80%)
[Epoch 65/700] train_loss=0.6217 val_loss=0.5994 lr=9.79e-05 (13s)
Metric val/loss improved by 0.010 >= min_delta = 0.0. New best score: 0.599
  [Epoch 66] Batch 50/187 (27%)
  [Epoch 66] Batch 100/187 (53%)
  [Epoch 66] Batch 150/187 (80%)
[Epoch 66/700] train_loss=0.6100 val_loss=0.6232 lr=9.78e-05 (13s)
  [Epoch 67] Batch 50/187 (27%)
  [Epoch 67] Batch 100/187 (53%)
  [Epoch 67] Batch 150/187 (80%)
[Epoch 67/700] train_loss=0.6127 val_loss=0.6228 lr=9.78e-05 (12s)
  [Epoch 68] Batch 50/187 (27%)
  [Epoch 68] Batch 100/187 (53%)
  [Epoch 68] Batch 150/187 (80%)
[Epoch 68/700] train_loss=0.6117 val_loss=0.6120 lr=9.77e-05 (13s)
  [Epoch 69] Batch 50/187 (27%)
  [Epoch 69] Batch 100/187 (53%)
  [Epoch 69] Batch 150/187 (80%)
[Epoch 69/700] train_loss=0.6096 val_loss=0.6181 lr=9.76e-05 (14s)
  [Epoch 70] Batch 50/187 (27%)
  [Epoch 70] Batch 100/187 (53%)
  [Epoch 70] Batch 150/187 (80%)
[Epoch 70/700] train_loss=0.6111 val_loss=0.6121 lr=9.76e-05 (13s)
  [Epoch 71] Batch 50/187 (27%)
  [Epoch 71] Batch 100/187 (53%)
  [Epoch 71] Batch 150/187 (80%)
[Epoch 71/700] train_loss=0.6125 val_loss=0.5993 lr=9.75e-05 (13s)
Metric val/loss improved by 0.000 >= min_delta = 0.0. New best score: 0.599
  [Epoch 72] Batch 50/187 (27%)
  [Epoch 72] Batch 100/187 (53%)
  [Epoch 72] Batch 150/187 (80%)
[Epoch 72/700] train_loss=0.6093 val_loss=0.6064 lr=9.74e-05 (13s)
  [Epoch 73] Batch 50/187 (27%)
  [Epoch 73] Batch 100/187 (53%)
  [Epoch 73] Batch 150/187 (80%)
[Epoch 73/700] train_loss=0.6059 val_loss=0.6140 lr=9.73e-05 (12s)
  [Epoch 74] Batch 50/187 (27%)
  [Epoch 74] Batch 100/187 (53%)
  [Epoch 74] Batch 150/187 (80%)
[Epoch 74/700] train_loss=0.6069 val_loss=0.6026 lr=9.73e-05 (12s)
  [Epoch 75] Batch 50/187 (27%)
  [Epoch 75] Batch 100/187 (53%)
  [Epoch 75] Batch 150/187 (80%)
[Epoch 75/700] train_loss=0.6065 val_loss=0.6065 lr=9.72e-05 (13s)
  [Epoch 76] Batch 50/187 (27%)
  [Epoch 76] Batch 100/187 (53%)
  [Epoch 76] Batch 150/187 (80%)
[Epoch 76/700] train_loss=0.6096 val_loss=0.6044 lr=9.71e-05 (13s)
  [Epoch 77] Batch 50/187 (27%)
  [Epoch 77] Batch 100/187 (53%)
  [Epoch 77] Batch 150/187 (80%)
[Epoch 77/700] train_loss=0.6104 val_loss=0.6110 lr=9.70e-05 (12s)
  [Epoch 78] Batch 50/187 (27%)
  [Epoch 78] Batch 100/187 (53%)
  [Epoch 78] Batch 150/187 (80%)
[Epoch 78/700] train_loss=0.6062 val_loss=0.5992 lr=9.70e-05 (13s)
Metric val/loss improved by 0.000 >= min_delta = 0.0. New best score: 0.599
  [Epoch 79] Batch 50/187 (27%)
  [Epoch 79] Batch 100/187 (53%)
  [Epoch 79] Batch 150/187 (80%)
[Epoch 79/700] train_loss=0.6077 val_loss=0.6012 lr=9.69e-05 (13s)
  [Epoch 80] Batch 50/187 (27%)
  [Epoch 80] Batch 100/187 (53%)
  [Epoch 80] Batch 150/187 (80%)
[Epoch 80/700] train_loss=0.6042 val_loss=0.6012 lr=9.68e-05 (14s)
  [Epoch 81] Batch 50/187 (27%)
  [Epoch 81] Batch 100/187 (53%)
  [Epoch 81] Batch 150/187 (80%)
[Epoch 81/700] train_loss=0.6042 val_loss=0.6037 lr=9.67e-05 (13s)
  [Epoch 82] Batch 50/187 (27%)
  [Epoch 82] Batch 100/187 (53%)
  [Epoch 82] Batch 150/187 (80%)
[Epoch 82/700] train_loss=0.6065 val_loss=0.6129 lr=9.67e-05 (13s)
  [Epoch 83] Batch 50/187 (27%)
  [Epoch 83] Batch 100/187 (53%)
  [Epoch 83] Batch 150/187 (80%)
[Epoch 83/700] train_loss=0.6017 val_loss=0.6117 lr=9.66e-05 (13s)
  [Epoch 84] Batch 50/187 (27%)
  [Epoch 84] Batch 100/187 (53%)
  [Epoch 84] Batch 150/187 (80%)
[Epoch 84/700] train_loss=0.5999 val_loss=0.6100 lr=9.65e-05 (16s)
  [Epoch 85] Batch 50/187 (27%)
  [Epoch 85] Batch 100/187 (53%)
  [Epoch 85] Batch 150/187 (80%)
[Epoch 85/700] train_loss=0.6029 val_loss=0.6090 lr=9.64e-05 (25s)
  [Epoch 86] Batch 50/187 (27%)
  [Epoch 86] Batch 100/187 (53%)
  [Epoch 86] Batch 150/187 (80%)
[Epoch 86/700] train_loss=0.6014 val_loss=0.5974 lr=9.63e-05 (23s)
Metric val/loss improved by 0.002 >= min_delta = 0.0. New best score: 0.597
  [Epoch 87] Batch 50/187 (27%)
  [Epoch 87] Batch 100/187 (53%)
  [Epoch 87] Batch 150/187 (80%)
[Epoch 87/700] train_loss=0.5968 val_loss=0.6129 lr=9.62e-05 (22s)
  [Epoch 88] Batch 50/187 (27%)
  [Epoch 88] Batch 100/187 (53%)
  [Epoch 88] Batch 150/187 (80%)
[Epoch 88/700] train_loss=0.6036 val_loss=0.6136 lr=9.62e-05 (21s)
  [Epoch 89] Batch 50/187 (27%)
  [Epoch 89] Batch 100/187 (53%)
  [Epoch 89] Batch 150/187 (80%)
[Epoch 89/700] train_loss=0.6083 val_loss=0.5913 lr=9.61e-05 (23s)
Metric val/loss improved by 0.006 >= min_delta = 0.0. New best score: 0.591
  [Epoch 90] Batch 50/187 (27%)
  [Epoch 90] Batch 100/187 (53%)
  [Epoch 90] Batch 150/187 (80%)
[Epoch 90/700] train_loss=0.6030 val_loss=0.6287 lr=9.60e-05 (18s)
  [Epoch 91] Batch 50/187 (27%)
  [Epoch 91] Batch 100/187 (53%)
  [Epoch 91] Batch 150/187 (80%)
[Epoch 91/700] train_loss=0.6061 val_loss=0.6098 lr=9.59e-05 (13s)
  [Epoch 92] Batch 50/187 (27%)
  [Epoch 92] Batch 100/187 (53%)
  [Epoch 92] Batch 150/187 (80%)
[Epoch 92/700] train_loss=0.6012 val_loss=0.5963 lr=9.58e-05 (12s)
  [Epoch 93] Batch 50/187 (27%)
  [Epoch 93] Batch 100/187 (53%)
  [Epoch 93] Batch 150/187 (80%)
[Epoch 93/700] train_loss=0.6016 val_loss=0.6058 lr=9.57e-05 (15s)
  [Epoch 94] Batch 50/187 (27%)
  [Epoch 94] Batch 100/187 (53%)
  [Epoch 94] Batch 150/187 (80%)
[Epoch 94/700] train_loss=0.5967 val_loss=0.5995 lr=9.56e-05 (13s)
  [Epoch 95] Batch 50/187 (27%)
  [Epoch 95] Batch 100/187 (53%)
  [Epoch 95] Batch 150/187 (80%)
[Epoch 95/700] train_loss=0.5964 val_loss=0.6001 lr=9.55e-05 (12s)
  [Epoch 96] Batch 50/187 (27%)
  [Epoch 96] Batch 100/187 (53%)
  [Epoch 96] Batch 150/187 (80%)
[Epoch 96/700] train_loss=0.5944 val_loss=0.5930 lr=9.54e-05 (12s)
  [Epoch 97] Batch 50/187 (27%)
  [Epoch 97] Batch 100/187 (53%)
  [Epoch 97] Batch 150/187 (80%)
[Epoch 97/700] train_loss=0.5959 val_loss=0.6010 lr=9.53e-05 (12s)
  [Epoch 98] Batch 50/187 (27%)
  [Epoch 98] Batch 100/187 (53%)
  [Epoch 98] Batch 150/187 (80%)
[Epoch 98/700] train_loss=0.5983 val_loss=0.5997 lr=9.52e-05 (12s)
  [Epoch 99] Batch 50/187 (27%)
  [Epoch 99] Batch 100/187 (53%)
  [Epoch 99] Batch 150/187 (80%)
[Epoch 99/700] train_loss=0.5935 val_loss=0.6023 lr=9.51e-05 (14s)
  [Epoch 100] Batch 50/187 (27%)
  [Epoch 100] Batch 100/187 (53%)
  [Epoch 100] Batch 150/187 (80%)
[Epoch 100/700] train_loss=0.5988 val_loss=0.5847 lr=9.50e-05 (12s)
Metric val/loss improved by 0.007 >= min_delta = 0.0. New best score: 0.585
  [Epoch 101] Batch 50/187 (27%)
  [Epoch 101] Batch 100/187 (53%)
  [Epoch 101] Batch 150/187 (80%)
[Epoch 101/700] train_loss=0.5986 val_loss=0.5874 lr=9.50e-05 (16s)
  [Epoch 102] Batch 50/187 (27%)
  [Epoch 102] Batch 100/187 (53%)
  [Epoch 102] Batch 150/187 (80%)
[Epoch 102/700] train_loss=0.5951 val_loss=0.5876 lr=9.49e-05 (14s)
  [Epoch 103] Batch 50/187 (27%)
  [Epoch 103] Batch 100/187 (53%)
  [Epoch 103] Batch 150/187 (80%)
[Epoch 103/700] train_loss=0.5959 val_loss=0.5907 lr=9.48e-05 (13s)
  [Epoch 104] Batch 50/187 (27%)
  [Epoch 104] Batch 100/187 (53%)
  [Epoch 104] Batch 150/187 (80%)
[Epoch 104/700] train_loss=0.5941 val_loss=0.5977 lr=9.47e-05 (13s)
  [Epoch 105] Batch 50/187 (27%)
  [Epoch 105] Batch 100/187 (53%)
  [Epoch 105] Batch 150/187 (80%)
[Epoch 105/700] train_loss=0.5955 val_loss=0.5935 lr=9.46e-05 (12s)
  [Epoch 106] Batch 50/187 (27%)
  [Epoch 106] Batch 100/187 (53%)
  [Epoch 106] Batch 150/187 (80%)
[Epoch 106/700] train_loss=0.6000 val_loss=0.6017 lr=9.44e-05 (13s)
  [Epoch 107] Batch 50/187 (27%)
  [Epoch 107] Batch 100/187 (53%)
  [Epoch 107] Batch 150/187 (80%)
[Epoch 107/700] train_loss=0.5906 val_loss=0.5961 lr=9.43e-05 (13s)
  [Epoch 108] Batch 50/187 (27%)
  [Epoch 108] Batch 100/187 (53%)
  [Epoch 108] Batch 150/187 (80%)
[Epoch 108/700] train_loss=0.5919 val_loss=0.5919 lr=9.42e-05 (14s)
  [Epoch 109] Batch 50/187 (27%)
  [Epoch 109] Batch 100/187 (53%)
  [Epoch 109] Batch 150/187 (80%)
[Epoch 109/700] train_loss=0.5908 val_loss=0.5884 lr=9.41e-05 (13s)
  [Epoch 110] Batch 50/187 (27%)
  [Epoch 110] Batch 100/187 (53%)
  [Epoch 110] Batch 150/187 (80%)
[Epoch 110/700] train_loss=0.5903 val_loss=0.5941 lr=9.40e-05 (13s)
  [Epoch 111] Batch 50/187 (27%)
  [Epoch 111] Batch 100/187 (53%)
  [Epoch 111] Batch 150/187 (80%)
[Epoch 111/700] train_loss=0.5935 val_loss=0.5954 lr=9.39e-05 (13s)
  [Epoch 112] Batch 50/187 (27%)
  [Epoch 112] Batch 100/187 (53%)
  [Epoch 112] Batch 150/187 (80%)
[Epoch 112/700] train_loss=0.5915 val_loss=0.5939 lr=9.38e-05 (12s)
  [Epoch 113] Batch 50/187 (27%)
  [Epoch 113] Batch 100/187 (53%)
  [Epoch 113] Batch 150/187 (80%)
[Epoch 113/700] train_loss=0.5917 val_loss=0.5851 lr=9.37e-05 (13s)
  [Epoch 114] Batch 50/187 (27%)
  [Epoch 114] Batch 100/187 (53%)
  [Epoch 114] Batch 150/187 (80%)
[Epoch 114/700] train_loss=0.5898 val_loss=0.6030 lr=9.36e-05 (14s)
  [Epoch 115] Batch 50/187 (27%)
  [Epoch 115] Batch 100/187 (53%)
  [Epoch 115] Batch 150/187 (80%)
[Epoch 115/700] train_loss=0.5914 val_loss=0.6047 lr=9.35e-05 (13s)
  [Epoch 116] Batch 50/187 (27%)
  [Epoch 116] Batch 100/187 (53%)
  [Epoch 116] Batch 150/187 (80%)
[Epoch 116/700] train_loss=0.5885 val_loss=0.6086 lr=9.34e-05 (12s)
  [Epoch 117] Batch 50/187 (27%)
  [Epoch 117] Batch 100/187 (53%)
  [Epoch 117] Batch 150/187 (80%)
[Epoch 117/700] train_loss=0.5941 val_loss=0.5903 lr=9.33e-05 (12s)
  [Epoch 118] Batch 50/187 (27%)
  [Epoch 118] Batch 100/187 (53%)
  [Epoch 118] Batch 150/187 (80%)
[Epoch 118/700] train_loss=0.5877 val_loss=0.5936 lr=9.32e-05 (13s)
  [Epoch 119] Batch 50/187 (27%)
  [Epoch 119] Batch 100/187 (53%)
  [Epoch 119] Batch 150/187 (80%)
[Epoch 119/700] train_loss=0.5921 val_loss=0.5834 lr=9.30e-05 (22s)
Metric val/loss improved by 0.001 >= min_delta = 0.0. New best score: 0.583
  [Epoch 120] Batch 50/187 (27%)
  [Epoch 120] Batch 100/187 (53%)
  [Epoch 120] Batch 150/187 (80%)
[Epoch 120/700] train_loss=0.5919 val_loss=0.5945 lr=9.29e-05 (23s)
  [Epoch 121] Batch 50/187 (27%)
  [Epoch 121] Batch 100/187 (53%)
  [Epoch 121] Batch 150/187 (80%)
[Epoch 121/700] train_loss=0.5875 val_loss=0.5942 lr=9.28e-05 (23s)
  [Epoch 122] Batch 50/187 (27%)
  [Epoch 122] Batch 100/187 (53%)
  [Epoch 122] Batch 150/187 (80%)
[Epoch 122/700] train_loss=0.5882 val_loss=0.5910 lr=9.27e-05 (24s)
  [Epoch 123] Batch 50/187 (27%)
  [Epoch 123] Batch 100/187 (53%)
  [Epoch 123] Batch 150/187 (80%)
[Epoch 123/700] train_loss=0.5874 val_loss=0.5969 lr=9.26e-05 (24s)
  [Epoch 124] Batch 50/187 (27%)
  [Epoch 124] Batch 100/187 (53%)
  [Epoch 124] Batch 150/187 (80%)
[Epoch 124/700] train_loss=0.5885 val_loss=0.5940 lr=9.25e-05 (25s)
  [Epoch 125] Batch 50/187 (27%)
  [Epoch 125] Batch 100/187 (53%)
  [Epoch 125] Batch 150/187 (80%)
[Epoch 125/700] train_loss=0.5865 val_loss=0.5902 lr=9.23e-05 (20s)
  [Epoch 126] Batch 50/187 (27%)
  [Epoch 126] Batch 100/187 (53%)
  [Epoch 126] Batch 150/187 (80%)
[Epoch 126/700] train_loss=0.5885 val_loss=0.5951 lr=9.22e-05 (13s)
  [Epoch 127] Batch 50/187 (27%)
  [Epoch 127] Batch 100/187 (53%)
  [Epoch 127] Batch 150/187 (80%)
[Epoch 127/700] train_loss=0.5882 val_loss=0.5897 lr=9.21e-05 (13s)
  [Epoch 128] Batch 50/187 (27%)
  [Epoch 128] Batch 100/187 (53%)
  [Epoch 128] Batch 150/187 (80%)
[Epoch 128/700] train_loss=0.5864 val_loss=0.5965 lr=9.20e-05 (13s)
  [Epoch 129] Batch 50/187 (27%)
  [Epoch 129] Batch 100/187 (53%)
  [Epoch 129] Batch 150/187 (80%)
[Epoch 129/700] train_loss=0.5867 val_loss=0.5886 lr=9.19e-05 (15s)
  [Epoch 130] Batch 50/187 (27%)
  [Epoch 130] Batch 100/187 (53%)
  [Epoch 130] Batch 150/187 (80%)
[Epoch 130/700] train_loss=0.5838 val_loss=0.5856 lr=9.17e-05 (13s)
  [Epoch 131] Batch 50/187 (27%)
  [Epoch 131] Batch 100/187 (53%)
  [Epoch 131] Batch 150/187 (80%)
[Epoch 131/700] train_loss=0.5832 val_loss=0.5849 lr=9.16e-05 (15s)
  [Epoch 132] Batch 50/187 (27%)
  [Epoch 132] Batch 100/187 (53%)
  [Epoch 132] Batch 150/187 (80%)
[Epoch 132/700] train_loss=0.5799 val_loss=0.5869 lr=9.15e-05 (20s)
  [Epoch 133] Batch 50/187 (27%)
  [Epoch 133] Batch 100/187 (53%)
  [Epoch 133] Batch 150/187 (80%)
[Epoch 133/700] train_loss=0.5827 val_loss=0.5950 lr=9.14e-05 (23s)
  [Epoch 134] Batch 50/187 (27%)
  [Epoch 134] Batch 100/187 (53%)
  [Epoch 134] Batch 150/187 (80%)
[Epoch 134/700] train_loss=0.5841 val_loss=0.5913 lr=9.12e-05 (23s)
  [Epoch 135] Batch 50/187 (27%)
  [Epoch 135] Batch 100/187 (53%)
  [Epoch 135] Batch 150/187 (80%)
[Epoch 135/700] train_loss=0.5853 val_loss=0.5980 lr=9.11e-05 (22s)
  [Epoch 136] Batch 50/187 (27%)
  [Epoch 136] Batch 100/187 (53%)
  [Epoch 136] Batch 150/187 (80%)
[Epoch 136/700] train_loss=0.5816 val_loss=0.5747 lr=9.10e-05 (20s)
Metric val/loss improved by 0.009 >= min_delta = 0.0. New best score: 0.575
  [Epoch 137] Batch 50/187 (27%)
  [Epoch 137] Batch 100/187 (53%)
  [Epoch 137] Batch 150/187 (80%)
[Epoch 137/700] train_loss=0.5782 val_loss=0.5858 lr=9.08e-05 (20s)
  [Epoch 138] Batch 50/187 (27%)
  [Epoch 138] Batch 100/187 (53%)
  [Epoch 138] Batch 150/187 (80%)
[Epoch 138/700] train_loss=0.5841 val_loss=0.5936 lr=9.07e-05 (24s)
  [Epoch 139] Batch 50/187 (27%)
  [Epoch 139] Batch 100/187 (53%)
  [Epoch 139] Batch 150/187 (80%)
[Epoch 139/700] train_loss=0.5802 val_loss=0.5956 lr=9.06e-05 (22s)
  [Epoch 140] Batch 50/187 (27%)
  [Epoch 140] Batch 100/187 (53%)
  [Epoch 140] Batch 150/187 (80%)
[Epoch 140/700] train_loss=0.5787 val_loss=0.5830 lr=9.05e-05 (22s)
  [Epoch 141] Batch 50/187 (27%)
  [Epoch 141] Batch 100/187 (53%)
  [Epoch 141] Batch 150/187 (80%)
[Epoch 141/700] train_loss=0.5836 val_loss=0.5889 lr=9.03e-05 (22s)
  [Epoch 142] Batch 50/187 (27%)
  [Epoch 142] Batch 100/187 (53%)
  [Epoch 142] Batch 150/187 (80%)
[Epoch 142/700] train_loss=0.5803 val_loss=0.5870 lr=9.02e-05 (22s)
  [Epoch 143] Batch 50/187 (27%)
  [Epoch 143] Batch 100/187 (53%)
  [Epoch 143] Batch 150/187 (80%)
[Epoch 143/700] train_loss=0.5792 val_loss=0.6009 lr=9.01e-05 (21s)
  [Epoch 144] Batch 50/187 (27%)
  [Epoch 144] Batch 100/187 (53%)
  [Epoch 144] Batch 150/187 (80%)
[Epoch 144/700] train_loss=0.5758 val_loss=0.5936 lr=8.99e-05 (20s)
  [Epoch 145] Batch 50/187 (27%)
  [Epoch 145] Batch 100/187 (53%)
  [Epoch 145] Batch 150/187 (80%)
[Epoch 145/700] train_loss=0.5802 val_loss=0.5792 lr=8.98e-05 (21s)
  [Epoch 146] Batch 50/187 (27%)
  [Epoch 146] Batch 100/187 (53%)
  [Epoch 146] Batch 150/187 (80%)
[Epoch 146/700] train_loss=0.5748 val_loss=0.5802 lr=8.96e-05 (24s)
  [Epoch 147] Batch 50/187 (27%)
  [Epoch 147] Batch 100/187 (53%)
  [Epoch 147] Batch 150/187 (80%)
[Epoch 147/700] train_loss=0.5822 val_loss=0.5897 lr=8.95e-05 (13s)
  [Epoch 148] Batch 50/187 (27%)
  [Epoch 148] Batch 100/187 (53%)
  [Epoch 148] Batch 150/187 (80%)
[Epoch 148/700] train_loss=0.5817 val_loss=0.5900 lr=8.94e-05 (14s)
  [Epoch 149] Batch 50/187 (27%)
  [Epoch 149] Batch 100/187 (53%)
  [Epoch 149] Batch 150/187 (80%)
[Epoch 149/700] train_loss=0.5767 val_loss=0.5811 lr=8.92e-05 (13s)
  [Epoch 150] Batch 50/187 (27%)
  [Epoch 150] Batch 100/187 (53%)
  [Epoch 150] Batch 150/187 (80%)
[Epoch 150/700] train_loss=0.5800 val_loss=0.5867 lr=8.91e-05 (24s)
  [Epoch 151] Batch 50/187 (27%)
  [Epoch 151] Batch 100/187 (53%)
  [Epoch 151] Batch 150/187 (80%)
[Epoch 151/700] train_loss=0.5794 val_loss=0.5728 lr=8.90e-05 (24s)
Metric val/loss improved by 0.002 >= min_delta = 0.0. New best score: 0.573
  [Epoch 152] Batch 50/187 (27%)
  [Epoch 152] Batch 100/187 (53%)
  [Epoch 152] Batch 150/187 (80%)
[Epoch 152/700] train_loss=0.5761 val_loss=0.5875 lr=8.88e-05 (23s)
  [Epoch 153] Batch 50/187 (27%)
  [Epoch 153] Batch 100/187 (53%)
  [Epoch 153] Batch 150/187 (80%)
[Epoch 153/700] train_loss=0.5720 val_loss=0.5953 lr=8.87e-05 (24s)
  [Epoch 154] Batch 50/187 (27%)
  [Epoch 154] Batch 100/187 (53%)
  [Epoch 154] Batch 150/187 (80%)
[Epoch 154/700] train_loss=0.5819 val_loss=0.5843 lr=8.85e-05 (16s)
  [Epoch 155] Batch 50/187 (27%)
  [Epoch 155] Batch 100/187 (53%)
  [Epoch 155] Batch 150/187 (80%)
[Epoch 155/700] train_loss=0.5768 val_loss=0.5836 lr=8.84e-05 (14s)
  [Epoch 156] Batch 50/187 (27%)
  [Epoch 156] Batch 100/187 (53%)
  [Epoch 156] Batch 150/187 (80%)
[Epoch 156/700] train_loss=0.5791 val_loss=0.5888 lr=8.82e-05 (13s)
  [Epoch 157] Batch 50/187 (27%)
  [Epoch 157] Batch 100/187 (53%)
  [Epoch 157] Batch 150/187 (80%)
[Epoch 157/700] train_loss=0.5756 val_loss=0.5842 lr=8.81e-05 (13s)
  [Epoch 158] Batch 50/187 (27%)
  [Epoch 158] Batch 100/187 (53%)
  [Epoch 158] Batch 150/187 (80%)
[Epoch 158/700] train_loss=0.5761 val_loss=0.5776 lr=8.79e-05 (13s)
  [Epoch 159] Batch 50/187 (27%)
  [Epoch 159] Batch 100/187 (53%)
  [Epoch 159] Batch 150/187 (80%)
[Epoch 159/700] train_loss=0.5777 val_loss=0.5745 lr=8.78e-05 (13s)
  [Epoch 160] Batch 50/187 (27%)
  [Epoch 160] Batch 100/187 (53%)
  [Epoch 160] Batch 150/187 (80%)
[Epoch 160/700] train_loss=0.5708 val_loss=0.5836 lr=8.77e-05 (13s)
  [Epoch 161] Batch 50/187 (27%)
  [Epoch 161] Batch 100/187 (53%)
  [Epoch 161] Batch 150/187 (80%)
[Epoch 161/700] train_loss=0.5752 val_loss=0.5826 lr=8.75e-05 (13s)
  [Epoch 162] Batch 50/187 (27%)
  [Epoch 162] Batch 100/187 (53%)
  [Epoch 162] Batch 150/187 (80%)
[Epoch 162/700] train_loss=0.5727 val_loss=0.5741 lr=8.74e-05 (14s)
  [Epoch 163] Batch 50/187 (27%)
  [Epoch 163] Batch 100/187 (53%)
  [Epoch 163] Batch 150/187 (80%)
[Epoch 163/700] train_loss=0.5791 val_loss=0.5871 lr=8.72e-05 (13s)
  [Epoch 164] Batch 50/187 (27%)
  [Epoch 164] Batch 100/187 (53%)
  [Epoch 164] Batch 150/187 (80%)
[Epoch 164/700] train_loss=0.5765 val_loss=0.5825 lr=8.71e-05 (14s)
  [Epoch 165] Batch 50/187 (27%)
  [Epoch 165] Batch 100/187 (53%)
  [Epoch 165] Batch 150/187 (80%)
[Epoch 165/700] train_loss=0.5730 val_loss=0.5718 lr=8.69e-05 (12s)
Metric val/loss improved by 0.001 >= min_delta = 0.0. New best score: 0.572
  [Epoch 166] Batch 50/187 (27%)
  [Epoch 166] Batch 100/187 (53%)
  [Epoch 166] Batch 150/187 (80%)
[Epoch 166/700] train_loss=0.5696 val_loss=0.5760 lr=8.68e-05 (12s)
  [Epoch 167] Batch 50/187 (27%)
  [Epoch 167] Batch 100/187 (53%)
  [Epoch 167] Batch 150/187 (80%)
[Epoch 167/700] train_loss=0.5719 val_loss=0.5769 lr=8.66e-05 (13s)
  [Epoch 168] Batch 50/187 (27%)
  [Epoch 168] Batch 100/187 (53%)
  [Epoch 168] Batch 150/187 (80%)
[Epoch 168/700] train_loss=0.5737 val_loss=0.5970 lr=8.64e-05 (14s)
  [Epoch 169] Batch 50/187 (27%)
  [Epoch 169] Batch 100/187 (53%)
  [Epoch 169] Batch 150/187 (80%)
[Epoch 169/700] train_loss=0.5728 val_loss=0.5720 lr=8.63e-05 (12s)
  [Epoch 170] Batch 50/187 (27%)
  [Epoch 170] Batch 100/187 (53%)
  [Epoch 170] Batch 150/187 (80%)
[Epoch 170/700] train_loss=0.5745 val_loss=0.5730 lr=8.61e-05 (12s)
  [Epoch 171] Batch 50/187 (27%)
  [Epoch 171] Batch 100/187 (53%)
  [Epoch 171] Batch 150/187 (80%)
[Epoch 171/700] train_loss=0.5707 val_loss=0.5758 lr=8.60e-05 (12s)
  [Epoch 172] Batch 50/187 (27%)
  [Epoch 172] Batch 100/187 (53%)
  [Epoch 172] Batch 150/187 (80%)
[Epoch 172/700] train_loss=0.5719 val_loss=0.5793 lr=8.58e-05 (13s)
  [Epoch 173] Batch 50/187 (27%)
  [Epoch 173] Batch 100/187 (53%)
  [Epoch 173] Batch 150/187 (80%)
[Epoch 173/700] train_loss=0.5727 val_loss=0.5785 lr=8.57e-05 (12s)
  [Epoch 174] Batch 50/187 (27%)
  [Epoch 174] Batch 100/187 (53%)
  [Epoch 174] Batch 150/187 (80%)
[Epoch 174/700] train_loss=0.5727 val_loss=0.5850 lr=8.55e-05 (13s)
  [Epoch 175] Batch 50/187 (27%)
  [Epoch 175] Batch 100/187 (53%)
  [Epoch 175] Batch 150/187 (80%)
[Epoch 175/700] train_loss=0.5705 val_loss=0.5761 lr=8.54e-05 (20s)
  [Epoch 176] Batch 50/187 (27%)
  [Epoch 176] Batch 100/187 (53%)
  [Epoch 176] Batch 150/187 (80%)
[Epoch 176/700] train_loss=0.5727 val_loss=0.5817 lr=8.52e-05 (17s)
  [Epoch 177] Batch 50/187 (27%)
  [Epoch 177] Batch 100/187 (53%)
  [Epoch 177] Batch 150/187 (80%)
[Epoch 177/700] train_loss=0.5745 val_loss=0.5708 lr=8.50e-05 (12s)
Metric val/loss improved by 0.001 >= min_delta = 0.0. New best score: 0.571
  [Epoch 178] Batch 50/187 (27%)
  [Epoch 178] Batch 100/187 (53%)
  [Epoch 178] Batch 150/187 (80%)
[Epoch 178/700] train_loss=0.5711 val_loss=0.5621 lr=8.49e-05 (13s)
Metric val/loss improved by 0.009 >= min_delta = 0.0. New best score: 0.562
  [Epoch 179] Batch 50/187 (27%)
  [Epoch 179] Batch 100/187 (53%)
  [Epoch 179] Batch 150/187 (80%)
[Epoch 179/700] train_loss=0.5697 val_loss=0.5743 lr=8.47e-05 (13s)
  [Epoch 180] Batch 50/187 (27%)
  [Epoch 180] Batch 100/187 (53%)
  [Epoch 180] Batch 150/187 (80%)
[Epoch 180/700] train_loss=0.5691 val_loss=0.5822 lr=8.46e-05 (13s)
  [Epoch 181] Batch 50/187 (27%)
  [Epoch 181] Batch 100/187 (53%)
  [Epoch 181] Batch 150/187 (80%)
[Epoch 181/700] train_loss=0.5664 val_loss=0.5802 lr=8.44e-05 (14s)
  [Epoch 182] Batch 50/187 (27%)
  [Epoch 182] Batch 100/187 (53%)
  [Epoch 182] Batch 150/187 (80%)
[Epoch 182/700] train_loss=0.5694 val_loss=0.5805 lr=8.42e-05 (13s)
  [Epoch 183] Batch 50/187 (27%)
  [Epoch 183] Batch 100/187 (53%)
  [Epoch 183] Batch 150/187 (80%)
[Epoch 183/700] train_loss=0.5691 val_loss=0.5792 lr=8.41e-05 (14s)
  [Epoch 184] Batch 50/187 (27%)
  [Epoch 184] Batch 100/187 (53%)
  [Epoch 184] Batch 150/187 (80%)
[Epoch 184/700] train_loss=0.5675 val_loss=0.5846 lr=8.39e-05 (13s)
  [Epoch 185] Batch 50/187 (27%)
  [Epoch 185] Batch 100/187 (53%)
  [Epoch 185] Batch 150/187 (80%)
[Epoch 185/700] train_loss=0.5685 val_loss=0.5839 lr=8.37e-05 (13s)
  [Epoch 186] Batch 50/187 (27%)
  [Epoch 186] Batch 100/187 (53%)
  [Epoch 186] Batch 150/187 (80%)
[Epoch 186/700] train_loss=0.5706 val_loss=0.5721 lr=8.36e-05 (13s)
  [Epoch 187] Batch 50/187 (27%)
  [Epoch 187] Batch 100/187 (53%)
  [Epoch 187] Batch 150/187 (80%)
[Epoch 187/700] train_loss=0.5651 val_loss=0.5872 lr=8.34e-05 (13s)
  [Epoch 188] Batch 50/187 (27%)
  [Epoch 188] Batch 100/187 (53%)
  [Epoch 188] Batch 150/187 (80%)
[Epoch 188/700] train_loss=0.5697 val_loss=0.5814 lr=8.32e-05 (13s)
  [Epoch 189] Batch 50/187 (27%)
  [Epoch 189] Batch 100/187 (53%)
  [Epoch 189] Batch 150/187 (80%)
[Epoch 189/700] train_loss=0.5680 val_loss=0.5735 lr=8.31e-05 (12s)
  [Epoch 190] Batch 50/187 (27%)
  [Epoch 190] Batch 100/187 (53%)
  [Epoch 190] Batch 150/187 (80%)
[Epoch 190/700] train_loss=0.5632 val_loss=0.5741 lr=8.29e-05 (14s)
  [Epoch 191] Batch 50/187 (27%)
  [Epoch 191] Batch 100/187 (53%)
  [Epoch 191] Batch 150/187 (80%)
[Epoch 191/700] train_loss=0.5626 val_loss=0.5786 lr=8.27e-05 (15s)
  [Epoch 192] Batch 50/187 (27%)
  [Epoch 192] Batch 100/187 (53%)
  [Epoch 192] Batch 150/187 (80%)
[Epoch 192/700] train_loss=0.5667 val_loss=0.5754 lr=8.26e-05 (13s)
  [Epoch 193] Batch 50/187 (27%)
  [Epoch 193] Batch 100/187 (53%)
  [Epoch 193] Batch 150/187 (80%)
[Epoch 193/700] train_loss=0.5684 val_loss=0.5650 lr=8.24e-05 (12s)
  [Epoch 194] Batch 50/187 (27%)
  [Epoch 194] Batch 100/187 (53%)
  [Epoch 194] Batch 150/187 (80%)
[Epoch 194/700] train_loss=0.5652 val_loss=0.5729 lr=8.22e-05 (13s)
  [Epoch 195] Batch 50/187 (27%)
  [Epoch 195] Batch 100/187 (53%)
  [Epoch 195] Batch 150/187 (80%)
[Epoch 195/700] train_loss=0.5668 val_loss=0.5773 lr=8.20e-05 (13s)
  [Epoch 196] Batch 50/187 (27%)
  [Epoch 196] Batch 100/187 (53%)
  [Epoch 196] Batch 150/187 (80%)
[Epoch 196/700] train_loss=0.5683 val_loss=0.5690 lr=8.19e-05 (13s)
  [Epoch 197] Batch 50/187 (27%)
  [Epoch 197] Batch 100/187 (53%)
  [Epoch 197] Batch 150/187 (80%)
[Epoch 197/700] train_loss=0.5686 val_loss=0.5638 lr=8.17e-05 (15s)
  [Epoch 198] Batch 50/187 (27%)
  [Epoch 198] Batch 100/187 (53%)
  [Epoch 198] Batch 150/187 (80%)
[Epoch 198/700] train_loss=0.5647 val_loss=0.5865 lr=8.15e-05 (13s)
  [Epoch 199] Batch 50/187 (27%)
  [Epoch 199] Batch 100/187 (53%)
  [Epoch 199] Batch 150/187 (80%)
[Epoch 199/700] train_loss=0.5671 val_loss=0.5675 lr=8.13e-05 (13s)
  [Epoch 200] Batch 50/187 (27%)
  [Epoch 200] Batch 100/187 (53%)
  [Epoch 200] Batch 150/187 (80%)
[Epoch 200/700] train_loss=0.5674 val_loss=0.5853 lr=8.12e-05 (13s)
  [Epoch 201] Batch 50/187 (27%)
  [Epoch 201] Batch 100/187 (53%)
  [Epoch 201] Batch 150/187 (80%)
[Epoch 201/700] train_loss=0.5631 val_loss=0.5817 lr=8.10e-05 (13s)
  [Epoch 202] Batch 50/187 (27%)
  [Epoch 202] Batch 100/187 (53%)
  [Epoch 202] Batch 150/187 (80%)
[Epoch 202/700] train_loss=0.5626 val_loss=0.5708 lr=8.08e-05 (14s)
  [Epoch 203] Batch 50/187 (27%)
  [Epoch 203] Batch 100/187 (53%)
  [Epoch 203] Batch 150/187 (80%)
[Epoch 203/700] train_loss=0.5713 val_loss=0.5736 lr=8.06e-05 (13s)
  [Epoch 204] Batch 50/187 (27%)
  [Epoch 204] Batch 100/187 (53%)
  [Epoch 204] Batch 150/187 (80%)
[Epoch 204/700] train_loss=0.5677 val_loss=0.5733 lr=8.05e-05 (14s)
  [Epoch 205] Batch 50/187 (27%)
  [Epoch 205] Batch 100/187 (53%)
  [Epoch 205] Batch 150/187 (80%)
[Epoch 205/700] train_loss=0.5654 val_loss=0.5612 lr=8.03e-05 (13s)
Metric val/loss improved by 0.001 >= min_delta = 0.0. New best score: 0.561
  [Epoch 206] Batch 50/187 (27%)
  [Epoch 206] Batch 100/187 (53%)
  [Epoch 206] Batch 150/187 (80%)
[Epoch 206/700] train_loss=0.5659 val_loss=0.5722 lr=8.01e-05 (13s)
  [Epoch 207] Batch 50/187 (27%)
  [Epoch 207] Batch 100/187 (53%)
  [Epoch 207] Batch 150/187 (80%)
[Epoch 207/700] train_loss=0.5662 val_loss=0.5903 lr=7.99e-05 (13s)
  [Epoch 208] Batch 50/187 (27%)
  [Epoch 208] Batch 100/187 (53%)
  [Epoch 208] Batch 150/187 (80%)
[Epoch 208/700] train_loss=0.5625 val_loss=0.5825 lr=7.98e-05 (14s)
  [Epoch 209] Batch 50/187 (27%)
  [Epoch 209] Batch 100/187 (53%)
  [Epoch 209] Batch 150/187 (80%)
[Epoch 209/700] train_loss=0.5597 val_loss=0.5741 lr=7.96e-05 (13s)
  [Epoch 210] Batch 50/187 (27%)
  [Epoch 210] Batch 100/187 (53%)
  [Epoch 210] Batch 150/187 (80%)
[Epoch 210/700] train_loss=0.5636 val_loss=0.5752 lr=7.94e-05 (13s)
  [Epoch 211] Batch 50/187 (27%)
  [Epoch 211] Batch 100/187 (53%)
  [Epoch 211] Batch 150/187 (80%)
[Epoch 211/700] train_loss=0.5626 val_loss=0.5721 lr=7.92e-05 (13s)
  [Epoch 212] Batch 50/187 (27%)
  [Epoch 212] Batch 100/187 (53%)
  [Epoch 212] Batch 150/187 (80%)
[Epoch 212/700] train_loss=0.5626 val_loss=0.5754 lr=7.90e-05 (13s)
  [Epoch 213] Batch 50/187 (27%)
  [Epoch 213] Batch 100/187 (53%)
  [Epoch 213] Batch 150/187 (80%)
[Epoch 213/700] train_loss=0.5637 val_loss=0.5785 lr=7.88e-05 (15s)
  [Epoch 214] Batch 50/187 (27%)
  [Epoch 214] Batch 100/187 (53%)
  [Epoch 214] Batch 150/187 (80%)
[Epoch 214/700] train_loss=0.5684 val_loss=0.5781 lr=7.87e-05 (13s)
  [Epoch 215] Batch 50/187 (27%)
  [Epoch 215] Batch 100/187 (53%)
  [Epoch 215] Batch 150/187 (80%)
[Epoch 215/700] train_loss=0.5618 val_loss=0.5731 lr=7.85e-05 (13s)
  [Epoch 216] Batch 50/187 (27%)
  [Epoch 216] Batch 100/187 (53%)
  [Epoch 216] Batch 150/187 (80%)
[Epoch 216/700] train_loss=0.5644 val_loss=0.5762 lr=7.83e-05 (18s)
  [Epoch 217] Batch 50/187 (27%)
  [Epoch 217] Batch 100/187 (53%)
  [Epoch 217] Batch 150/187 (80%)
[Epoch 217/700] train_loss=0.5616 val_loss=0.5731 lr=7.81e-05 (21s)
  [Epoch 218] Batch 50/187 (27%)
  [Epoch 218] Batch 100/187 (53%)
  [Epoch 218] Batch 150/187 (80%)
[Epoch 218/700] train_loss=0.5591 val_loss=0.5587 lr=7.79e-05 (22s)
Metric val/loss improved by 0.003 >= min_delta = 0.0. New best score: 0.559
  [Epoch 219] Batch 50/187 (27%)
  [Epoch 219] Batch 100/187 (53%)
  [Epoch 219] Batch 150/187 (80%)
[Epoch 219/700] train_loss=0.5618 val_loss=0.5805 lr=7.77e-05 (21s)
  [Epoch 220] Batch 50/187 (27%)
  [Epoch 220] Batch 100/187 (53%)
  [Epoch 220] Batch 150/187 (80%)
[Epoch 220/700] train_loss=0.5605 val_loss=0.5634 lr=7.75e-05 (23s)
  [Epoch 221] Batch 50/187 (27%)
  [Epoch 221] Batch 100/187 (53%)
  [Epoch 221] Batch 150/187 (80%)
[Epoch 221/700] train_loss=0.5589 val_loss=0.5769 lr=7.74e-05 (24s)
  [Epoch 222] Batch 50/187 (27%)
  [Epoch 222] Batch 100/187 (53%)
  [Epoch 222] Batch 150/187 (80%)
[Epoch 222/700] train_loss=0.5646 val_loss=0.5816 lr=7.72e-05 (25s)
  [Epoch 223] Batch 50/187 (27%)
  [Epoch 223] Batch 100/187 (53%)
  [Epoch 223] Batch 150/187 (80%)
[Epoch 223/700] train_loss=0.5602 val_loss=0.5807 lr=7.70e-05 (25s)
  [Epoch 224] Batch 50/187 (27%)
  [Epoch 224] Batch 100/187 (53%)
  [Epoch 224] Batch 150/187 (80%)
[Epoch 224/700] train_loss=0.5596 val_loss=0.5705 lr=7.68e-05 (23s)
  [Epoch 225] Batch 50/187 (27%)
  [Epoch 225] Batch 100/187 (53%)
  [Epoch 225] Batch 150/187 (80%)
[Epoch 225/700] train_loss=0.5628 val_loss=0.5620 lr=7.66e-05 (23s)
  [Epoch 226] Batch 50/187 (27%)
  [Epoch 226] Batch 100/187 (53%)
  [Epoch 226] Batch 150/187 (80%)
[Epoch 226/700] train_loss=0.5590 val_loss=0.5764 lr=7.64e-05 (21s)
  [Epoch 227] Batch 50/187 (27%)
  [Epoch 227] Batch 100/187 (53%)
  [Epoch 227] Batch 150/187 (80%)
[Epoch 227/700] train_loss=0.5637 val_loss=0.5801 lr=7.62e-05 (22s)
  [Epoch 228] Batch 50/187 (27%)
  [Epoch 228] Batch 100/187 (53%)
  [Epoch 228] Batch 150/187 (80%)
[Epoch 228/700] train_loss=0.5596 val_loss=0.5747 lr=7.60e-05 (21s)
  [Epoch 229] Batch 50/187 (27%)
  [Epoch 229] Batch 100/187 (53%)
  [Epoch 229] Batch 150/187 (80%)
[Epoch 229/700] train_loss=0.5588 val_loss=0.5688 lr=7.58e-05 (22s)
  [Epoch 230] Batch 50/187 (27%)
  [Epoch 230] Batch 100/187 (53%)
  [Epoch 230] Batch 150/187 (80%)
[Epoch 230/700] train_loss=0.5571 val_loss=0.5736 lr=7.56e-05 (20s)
  [Epoch 231] Batch 50/187 (27%)
  [Epoch 231] Batch 100/187 (53%)
  [Epoch 231] Batch 150/187 (80%)
[Epoch 231/700] train_loss=0.5647 val_loss=0.5769 lr=7.55e-05 (21s)
  [Epoch 232] Batch 50/187 (27%)
  [Epoch 232] Batch 100/187 (53%)
  [Epoch 232] Batch 150/187 (80%)
[Epoch 232/700] train_loss=0.5590 val_loss=0.5766 lr=7.53e-05 (23s)
  [Epoch 233] Batch 50/187 (27%)
  [Epoch 233] Batch 100/187 (53%)
  [Epoch 233] Batch 150/187 (80%)
[Epoch 233/700] train_loss=0.5567 val_loss=0.5806 lr=7.51e-05 (18s)
  [Epoch 234] Batch 50/187 (27%)
  [Epoch 234] Batch 100/187 (53%)
  [Epoch 234] Batch 150/187 (80%)
[Epoch 234/700] train_loss=0.5578 val_loss=0.5870 lr=7.49e-05 (13s)
  [Epoch 235] Batch 50/187 (27%)
  [Epoch 235] Batch 100/187 (53%)
  [Epoch 235] Batch 150/187 (80%)
[Epoch 235/700] train_loss=0.5608 val_loss=0.5751 lr=7.47e-05 (13s)
  [Epoch 236] Batch 50/187 (27%)
  [Epoch 236] Batch 100/187 (53%)
  [Epoch 236] Batch 150/187 (80%)
[Epoch 236/700] train_loss=0.5575 val_loss=0.5713 lr=7.45e-05 (16s)
  [Epoch 237] Batch 50/187 (27%)
  [Epoch 237] Batch 100/187 (53%)
  [Epoch 237] Batch 150/187 (80%)
[Epoch 237/700] train_loss=0.5548 val_loss=0.5604 lr=7.43e-05 (13s)
  [Epoch 238] Batch 50/187 (27%)
  [Epoch 238] Batch 100/187 (53%)
  [Epoch 238] Batch 150/187 (80%)
[Epoch 238/700] train_loss=0.5599 val_loss=0.5836 lr=7.41e-05 (12s)
  [Epoch 239] Batch 50/187 (27%)
  [Epoch 239] Batch 100/187 (53%)
  [Epoch 239] Batch 150/187 (80%)
[Epoch 239/700] train_loss=0.5596 val_loss=0.5766 lr=7.39e-05 (13s)
  [Epoch 240] Batch 50/187 (27%)
  [Epoch 240] Batch 100/187 (53%)
  [Epoch 240] Batch 150/187 (80%)
[Epoch 240/700] train_loss=0.5587 val_loss=0.5736 lr=7.37e-05 (12s)
  [Epoch 241] Batch 50/187 (27%)
  [Epoch 241] Batch 100/187 (53%)
  [Epoch 241] Batch 150/187 (80%)
[Epoch 241/700] train_loss=0.5586 val_loss=0.5749 lr=7.35e-05 (24s)
  [Epoch 242] Batch 50/187 (27%)
  [Epoch 242] Batch 100/187 (53%)
  [Epoch 242] Batch 150/187 (80%)
[Epoch 242/700] train_loss=0.5616 val_loss=0.5770 lr=7.33e-05 (12s)
  [Epoch 243] Batch 50/187 (27%)
  [Epoch 243] Batch 100/187 (53%)
  [Epoch 243] Batch 150/187 (80%)
[Epoch 243/700] train_loss=0.5582 val_loss=0.5774 lr=7.31e-05 (15s)
  [Epoch 244] Batch 50/187 (27%)
  [Epoch 244] Batch 100/187 (53%)
  [Epoch 244] Batch 150/187 (80%)
[Epoch 244/700] train_loss=0.5582 val_loss=0.5606 lr=7.29e-05 (22s)
  [Epoch 245] Batch 50/187 (27%)
  [Epoch 245] Batch 100/187 (53%)
  [Epoch 245] Batch 150/187 (80%)
[Epoch 245/700] train_loss=0.5584 val_loss=0.5706 lr=7.27e-05 (21s)
  [Epoch 246] Batch 50/187 (27%)
  [Epoch 246] Batch 100/187 (53%)
  [Epoch 246] Batch 150/187 (80%)
[Epoch 246/700] train_loss=0.5567 val_loss=0.5731 lr=7.25e-05 (23s)
  [Epoch 247] Batch 50/187 (27%)
  [Epoch 247] Batch 100/187 (53%)
  [Epoch 247] Batch 150/187 (80%)
[Epoch 247/700] train_loss=0.5568 val_loss=0.5686 lr=7.23e-05 (23s)
  [Epoch 248] Batch 50/187 (27%)
  [Epoch 248] Batch 100/187 (53%)
  [Epoch 248] Batch 150/187 (80%)
[Epoch 248/700] train_loss=0.5574 val_loss=0.5622 lr=7.21e-05 (24s)
  [Epoch 249] Batch 50/187 (27%)
  [Epoch 249] Batch 100/187 (53%)
  [Epoch 249] Batch 150/187 (80%)
[Epoch 249/700] train_loss=0.5615 val_loss=0.5819 lr=7.19e-05 (24s)
  [Epoch 250] Batch 50/187 (27%)
  [Epoch 250] Batch 100/187 (53%)
  [Epoch 250] Batch 150/187 (80%)
[Epoch 250/700] train_loss=0.5580 val_loss=0.5713 lr=7.17e-05 (22s)
  [Epoch 251] Batch 50/187 (27%)
  [Epoch 251] Batch 100/187 (53%)
  [Epoch 251] Batch 150/187 (80%)
[Epoch 251/700] train_loss=0.5560 val_loss=0.5717 lr=7.15e-05 (22s)
  [Epoch 252] Batch 50/187 (27%)
  [Epoch 252] Batch 100/187 (53%)
  [Epoch 252] Batch 150/187 (80%)
[Epoch 252/700] train_loss=0.5528 val_loss=0.5676 lr=7.13e-05 (23s)
  [Epoch 253] Batch 50/187 (27%)
  [Epoch 253] Batch 100/187 (53%)
  [Epoch 253] Batch 150/187 (80%)
[Epoch 253/700] train_loss=0.5540 val_loss=0.5724 lr=7.11e-05 (20s)
  [Epoch 254] Batch 50/187 (27%)
  [Epoch 254] Batch 100/187 (53%)
  [Epoch 254] Batch 150/187 (80%)
[Epoch 254/700] train_loss=0.5563 val_loss=0.5703 lr=7.09e-05 (24s)
  [Epoch 255] Batch 50/187 (27%)
  [Epoch 255] Batch 100/187 (53%)
  [Epoch 255] Batch 150/187 (80%)
[Epoch 255/700] train_loss=0.5520 val_loss=0.5792 lr=7.07e-05 (22s)
  [Epoch 256] Batch 50/187 (27%)
  [Epoch 256] Batch 100/187 (53%)
  [Epoch 256] Batch 150/187 (80%)
[Epoch 256/700] train_loss=0.5565 val_loss=0.5788 lr=7.05e-05 (22s)
  [Epoch 257] Batch 50/187 (27%)
  [Epoch 257] Batch 100/187 (53%)
  [Epoch 257] Batch 150/187 (80%)
[Epoch 257/700] train_loss=0.5546 val_loss=0.5748 lr=7.03e-05 (23s)
  [Epoch 258] Batch 50/187 (27%)
  [Epoch 258] Batch 100/187 (53%)
  [Epoch 258] Batch 150/187 (80%)
[Epoch 258/700] train_loss=0.5546 val_loss=0.5718 lr=7.01e-05 (23s)
  [Epoch 259] Batch 50/187 (27%)
  [Epoch 259] Batch 100/187 (53%)
  [Epoch 259] Batch 150/187 (80%)
[Epoch 259/700] train_loss=0.5558 val_loss=0.5738 lr=6.99e-05 (20s)
  [Epoch 260] Batch 50/187 (27%)
  [Epoch 260] Batch 100/187 (53%)
  [Epoch 260] Batch 150/187 (80%)
[Epoch 260/700] train_loss=0.5556 val_loss=0.5668 lr=6.97e-05 (23s)
  [Epoch 261] Batch 50/187 (27%)
  [Epoch 261] Batch 100/187 (53%)
  [Epoch 261] Batch 150/187 (80%)
[Epoch 261/700] train_loss=0.5541 val_loss=0.5716 lr=6.94e-05 (21s)
  [Epoch 262] Batch 50/187 (27%)
  [Epoch 262] Batch 100/187 (53%)
  [Epoch 262] Batch 150/187 (80%)
[Epoch 262/700] train_loss=0.5525 val_loss=0.5719 lr=6.92e-05 (24s)
  [Epoch 263] Batch 50/187 (27%)
  [Epoch 263] Batch 100/187 (53%)
  [Epoch 263] Batch 150/187 (80%)
[Epoch 263/700] train_loss=0.5578 val_loss=0.5738 lr=6.90e-05 (23s)
  [Epoch 264] Batch 50/187 (27%)
  [Epoch 264] Batch 100/187 (53%)
  [Epoch 264] Batch 150/187 (80%)
[Epoch 264/700] train_loss=0.5530 val_loss=0.5778 lr=6.88e-05 (22s)
  [Epoch 265] Batch 50/187 (27%)
  [Epoch 265] Batch 100/187 (53%)
  [Epoch 265] Batch 150/187 (80%)
[Epoch 265/700] train_loss=0.5534 val_loss=0.5603 lr=6.86e-05 (24s)
  [Epoch 266] Batch 50/187 (27%)
  [Epoch 266] Batch 100/187 (53%)
  [Epoch 266] Batch 150/187 (80%)
[Epoch 266/700] train_loss=0.5522 val_loss=0.5694 lr=6.84e-05 (24s)
  [Epoch 267] Batch 50/187 (27%)
  [Epoch 267] Batch 100/187 (53%)
  [Epoch 267] Batch 150/187 (80%)
[Epoch 267/700] train_loss=0.5572 val_loss=0.5674 lr=6.82e-05 (22s)
  [Epoch 268] Batch 50/187 (27%)
  [Epoch 268] Batch 100/187 (53%)
  [Epoch 268] Batch 150/187 (80%)
[Epoch 268/700] train_loss=0.5508 val_loss=0.5694 lr=6.80e-05 (21s)
Monitored metric val/loss did not improve in the last 50 records. Best score: 0.559. Signaling Trainer to stop.

[Training] Completed!

✓ Training completed!
  Final checkpoint: 
/public/home/xiongzhzh2023/PT4ConTSG/experiments/20260402_102606_synth-u_pt_factor_generator/checkpoints/finetune/finetune-epoch=217-val/loss=0
.5587.ckpt
  Experiment: experiments/20260402_102606_synth-u_pt_factor_generator

Running automatic evaluation...
Loading weights:   0%|          | 0/197 [00:00<?, ?it/s]Loading weights: 100%|██████████| 197/197 [00:00<00:00, 3298.45it/s]
[1mCLIPTextModelWithProjection LOAD REPORT[0m from: ./checkpoints/longclip
Key                                                            | Status     |  | 
---------------------------------------------------------------+------------+--+-
vision_model.pre_layrnorm.weight                               | UNEXPECTED |  | 
vision_model.encoder.layers.{0...23}.self_attn.out_proj.weight | UNEXPECTED |  | 
vision_model.encoder.layers.{0...23}.mlp.fc2.bias              | UNEXPECTED |  | 
vision_model.encoder.layers.{0...23}.mlp.fc1.weight            | UNEXPECTED |  | 
vision_model.encoder.layers.{0...23}.self_attn.q_proj.weight   | UNEXPECTED |  | 
vision_model.encoder.layers.{0...23}.layer_norm1.weight        | UNEXPECTED |  | 
vision_model.encoder.layers.{0...23}.self_attn.k_proj.bias     | UNEXPECTED |  | 
vision_model.encoder.layers.{0...23}.self_attn.out_proj.bias   | UNEXPECTED |  | 
vision_model.encoder.layers.{0...23}.layer_norm2.weight        | UNEXPECTED |  | 
vision_model.encoder.layers.{0...23}.self_attn.k_proj.weight   | UNEXPECTED |  | 
vision_model.encoder.layers.{0...23}.self_attn.v_proj.weight   | UNEXPECTED |  | 
vision_model.encoder.layers.{0...23}.mlp.fc2.weight            | UNEXPECTED |  | 
vision_model.encoder.layers.{0...23}.layer_norm1.bias          | UNEXPECTED |  | 
vision_model.encoder.layers.{0...23}.layer_norm2.bias          | UNEXPECTED |  | 
vision_model.encoder.layers.{0...23}.self_attn.q_proj.bias     | UNEXPECTED |  | 
vision_model.embeddings.position_embedding.weight              | UNEXPECTED |  | 
vision_model.encoder.layers.{0...23}.mlp.fc1.bias              | UNEXPECTED |  | 
vision_model.encoder.layers.{0...23}.self_attn.v_proj.bias     | UNEXPECTED |  | 
vision_model.post_layernorm.weight                             | UNEXPECTED |  | 
logit_scale                                                    | UNEXPECTED |  | 
vision_model.embeddings.patch_embedding.weight                 | UNEXPECTED |  | 
vision_model.pre_layrnorm.bias                                 | UNEXPECTED |  | 
vision_model.embeddings.class_embedding                        | UNEXPECTED |  | 
visual_projection.weight                                       | UNEXPECTED |  | 
vision_model.post_layernorm.bias                               | UNEXPECTED |  | 

[3mNotes:
- UNEXPECTED[3m	:can be ignored when loading from different task/architecture; not ok if you expect identical arch.[0m
[Evaluating (generating)] Starting (0/32)...
[Evaluating (generating)] 1/32 (3%)
[Evaluating (generating)] 4/32 (12%)
[Evaluating (generating)] 7/32 (22%)
[Evaluating (generating)] 10/32 (31%)
[Evaluating (generating)] 13/32 (41%)
[Evaluating (generating)] 16/32 (50%)
[Evaluating (generating)] 20/32 (62%)
[Evaluating (generating)] 23/32 (72%)
[Evaluating (generating)] 26/32 (81%)
[Evaluating (generating)] 29/32 (91%)
[Evaluating (generating)] 32/32 (100%)
[Evaluating (generating)] Completed (32 items)
Evaluation results saved to: experiments/20260402_102606_synth-u_pt_factor_generator/results/eval_results.json
          Evaluation Results           
┏━━━━━━━━━━━━━━━━━━━━━━━━━┳━━━━━━━━━━━┓
┃ Metric                  ┃     Value ┃
┡━━━━━━━━━━━━━━━━━━━━━━━━━╇━━━━━━━━━━━┩
│ dtw                     │  4.824513 │
│ wape                    │ 83.304474 │
│ ed                      │  8.528559 │
│ crps                    │  0.427142 │
│ acd                     │  0.065806 │
│ sd                      │  0.014632 │
│ kd                      │  0.410272 │
│ mdd                     │  0.014123 │
│ fid                     │ 28.324449 │
│ jftsd                   │ 30.904491 │
│ cttp                    │ 14.800793 │
│ disc_auc                │  0.983893 │
│ prdc_f1.f1              │  0.315976 │
│ prdc_f1.precision       │  0.514500 │
│ prdc_f1.recall          │  0.228000 │
│ joint_prdc_f1.f1        │  0.658162 │
│ joint_prdc_f1.precision │  0.769000 │
│ joint_prdc_f1.recall    │  0.575250 │
└─────────────────────────┴───────────┘
