Loading config from: configs/grid_search/ptfg_synth-m_lr1e-3_bs64_scT.yaml
Model schema mode: relaxed (no model-specific schema for 'pt_factor_generator')
         Configuration Summary         
┌───────────────┬─────────────────────┐
│ Dataset       │ synth-m             │
│ Model         │ pt_factor_generator │
│ Epochs        │ 700                 │
│ Batch Size    │ 64                  │
│ Learning Rate │ 0.001               │
│ Device        │ cuda:0              │
│ Seed          │ 42                  │
└───────────────┴─────────────────────┘

Experiment directory: experiments/20260401_053956_synth-m_pt_factor_generator
Seed set to 42

Model: pt_factor_generator
Creating data module: synth-m

Starting multi-stage training (1 stage(s))...
  Stage 1: finetune (700 epochs, lr=0.001)
/public/home/xiongzhzh2023/Anaconda/envs/contsg/lib/python3.12/site-packages/lightning_fabric/plugins/environments/slurm.py:204: The `srun` command is available on your system but is not used. HINT: If your intention is to run Lightning on SLURM, prepend your python command with `srun` like so: srun python3.1 /public/home/xiongzhzh2023/Anaconda/envs/contsg/b ...
GPU available: True (cuda), used: True
TPU available: False, using: 0 TPU cores
💡 Tip: For seamless cloud logging and experiment tracking, try installing [litlogger](https://pypi.org/project/litlogger/) to enable LitLogger, which logs metrics and artifacts automatically to the Lightning Experiments platform.
`Trainer(limit_train_batches=1.0)` was configured so 100% of the batches per epoch will be used..
`Trainer(limit_val_batches=1.0)` was configured so 100% of the batches will be used..
`Trainer(limit_test_batches=1.0)` was configured so 100% of the batches will be used..
`Trainer(val_check_interval=1.0)` was configured so validation will run at the end of the training epoch..
LOCAL_RANK: 0 - CUDA_VISIBLE_DEVICES: [0,1,2,3]
┏━━━┳━━━━━━━━━━━━━━┳━━━━━━━━━━━━━━━━━━━━━━━━┳━━━━━━━━┳━━━━━━━┳━━━━━━━┓
┃   ┃ Name         ┃ Type                   ┃ Params ┃ Mode  ┃ FLOPs ┃
┡━━━╇━━━━━━━━━━━━━━╇━━━━━━━━━━━━━━━━━━━━━━━━╇━━━━━━━━╇━━━━━━━╇━━━━━━━┩
│ 0 │ net          │ PTFactorNoisePredictor │  5.2 M │ train │     0 │
│   │ other params │ n/a                    │  1.0 K │ n/a   │   n/a │
└───┴──────────────┴────────────────────────┴────────┴───────┴───────┘
Trainable params: 5.2 M                                                                                                                                                                                                               
Non-trainable params: 0                                                                                                                                                                                                               
Total params: 5.2 M                                                                                                                                                                                                                   
Total estimated model params size (MB): 20                                                                                                                                                                                            
Modules in train mode: 195                                                                                                                                                                                                            
Modules in eval mode: 0                                                                                                                                                                                                               
Total FLOPs: 0                                                                                                                                                                                                                        
/public/home/xiongzhzh2023/Anaconda/envs/contsg/lib/python3.12/site-packages/pytorch_lightning/utilities/data.py:79: Trying to infer the `batch_size` from an ambiguous collection. The batch size we found is 64. To avoid any miscalculations, use `self.log(..., batch_size=batch_size)`.

[Training] Starting 700 epochs...
  [Epoch 1] Batch 50/375 (13%)
  [Epoch 1] Batch 100/375 (27%)
  [Epoch 1] Batch 150/375 (40%)
  [Epoch 1] Batch 200/375 (53%)
  [Epoch 1] Batch 250/375 (67%)
  [Epoch 1] Batch 300/375 (80%)
  [Epoch 1] Batch 350/375 (93%)
/public/home/xiongzhzh2023/Anaconda/envs/contsg/lib/python3.12/site-packages/pytorch_lightning/utilities/data.py:79: Trying to infer the `batch_size` from an ambiguous collection. The batch size we found is 32. To avoid any miscalculations, use `self.log(..., batch_size=batch_size)`.
[Epoch 1/700] train_loss=1.0995 val_loss=0.9739 lr=1.00e-03 (25s)
Metric val/loss improved. New best score: 0.974
  [Epoch 2] Batch 50/375 (13%)
  [Epoch 2] Batch 100/375 (27%)
  [Epoch 2] Batch 150/375 (40%)
  [Epoch 2] Batch 200/375 (53%)
  [Epoch 2] Batch 250/375 (67%)
  [Epoch 2] Batch 300/375 (80%)
  [Epoch 2] Batch 350/375 (93%)
[Epoch 2/700] train_loss=0.9079 val_loss=0.9194 lr=1.00e-03 (25s)
Metric val/loss improved by 0.054 >= min_delta = 0.0. New best score: 0.919
  [Epoch 3] Batch 50/375 (13%)
  [Epoch 3] Batch 100/375 (27%)
  [Epoch 3] Batch 150/375 (40%)
  [Epoch 3] Batch 200/375 (53%)
  [Epoch 3] Batch 250/375 (67%)
  [Epoch 3] Batch 300/375 (80%)
  [Epoch 3] Batch 350/375 (93%)
[Epoch 3/700] train_loss=0.8703 val_loss=0.8679 lr=1.00e-03 (26s)
Metric val/loss improved by 0.052 >= min_delta = 0.0. New best score: 0.868
  [Epoch 4] Batch 50/375 (13%)
  [Epoch 4] Batch 100/375 (27%)
  [Epoch 4] Batch 150/375 (40%)
  [Epoch 4] Batch 200/375 (53%)
  [Epoch 4] Batch 250/375 (67%)
  [Epoch 4] Batch 300/375 (80%)
  [Epoch 4] Batch 350/375 (93%)
[Epoch 4/700] train_loss=0.8411 val_loss=0.8344 lr=1.00e-03 (25s)
Metric val/loss improved by 0.034 >= min_delta = 0.0. New best score: 0.834
  [Epoch 5] Batch 50/375 (13%)
  [Epoch 5] Batch 100/375 (27%)
  [Epoch 5] Batch 150/375 (40%)
  [Epoch 5] Batch 200/375 (53%)
  [Epoch 5] Batch 250/375 (67%)
  [Epoch 5] Batch 300/375 (80%)
  [Epoch 5] Batch 350/375 (93%)
[Epoch 5/700] train_loss=0.8195 val_loss=0.8025 lr=1.00e-03 (25s)
Metric val/loss improved by 0.032 >= min_delta = 0.0. New best score: 0.803
  [Epoch 6] Batch 50/375 (13%)
  [Epoch 6] Batch 100/375 (27%)
  [Epoch 6] Batch 150/375 (40%)
  [Epoch 6] Batch 200/375 (53%)
  [Epoch 6] Batch 250/375 (67%)
  [Epoch 6] Batch 300/375 (80%)
  [Epoch 6] Batch 350/375 (93%)
[Epoch 6/700] train_loss=0.8005 val_loss=0.7835 lr=1.00e-03 (25s)
Metric val/loss improved by 0.019 >= min_delta = 0.0. New best score: 0.784
  [Epoch 7] Batch 50/375 (13%)
  [Epoch 7] Batch 100/375 (27%)
  [Epoch 7] Batch 150/375 (40%)
  [Epoch 7] Batch 200/375 (53%)
  [Epoch 7] Batch 250/375 (67%)
  [Epoch 7] Batch 300/375 (80%)
  [Epoch 7] Batch 350/375 (93%)
[Epoch 7/700] train_loss=0.7776 val_loss=0.7750 lr=1.00e-03 (26s)
Metric val/loss improved by 0.009 >= min_delta = 0.0. New best score: 0.775
  [Epoch 8] Batch 50/375 (13%)
  [Epoch 8] Batch 100/375 (27%)
  [Epoch 8] Batch 150/375 (40%)
  [Epoch 8] Batch 200/375 (53%)
  [Epoch 8] Batch 250/375 (67%)
  [Epoch 8] Batch 300/375 (80%)
  [Epoch 8] Batch 350/375 (93%)
[Epoch 8/700] train_loss=0.7698 val_loss=0.7682 lr=1.00e-03 (25s)
Metric val/loss improved by 0.007 >= min_delta = 0.0. New best score: 0.768
  [Epoch 9] Batch 50/375 (13%)
  [Epoch 9] Batch 100/375 (27%)
  [Epoch 9] Batch 150/375 (40%)
  [Epoch 9] Batch 200/375 (53%)
  [Epoch 9] Batch 250/375 (67%)
  [Epoch 9] Batch 300/375 (80%)
  [Epoch 9] Batch 350/375 (93%)
[Epoch 9/700] train_loss=0.7505 val_loss=0.7476 lr=1.00e-03 (25s)
Metric val/loss improved by 0.021 >= min_delta = 0.0. New best score: 0.748
  [Epoch 10] Batch 50/375 (13%)
  [Epoch 10] Batch 100/375 (27%)
  [Epoch 10] Batch 150/375 (40%)
  [Epoch 10] Batch 200/375 (53%)
  [Epoch 10] Batch 250/375 (67%)
  [Epoch 10] Batch 300/375 (80%)
  [Epoch 10] Batch 350/375 (93%)
[Epoch 10/700] train_loss=0.7230 val_loss=0.7290 lr=9.99e-04 (25s)
Metric val/loss improved by 0.019 >= min_delta = 0.0. New best score: 0.729
  [Epoch 11] Batch 50/375 (13%)
  [Epoch 11] Batch 100/375 (27%)
  [Epoch 11] Batch 150/375 (40%)
  [Epoch 11] Batch 200/375 (53%)
  [Epoch 11] Batch 250/375 (67%)
  [Epoch 11] Batch 300/375 (80%)
  [Epoch 11] Batch 350/375 (93%)
[Epoch 11/700] train_loss=0.7062 val_loss=0.7141 lr=9.99e-04 (25s)
Metric val/loss improved by 0.015 >= min_delta = 0.0. New best score: 0.714
  [Epoch 12] Batch 50/375 (13%)
  [Epoch 12] Batch 100/375 (27%)
  [Epoch 12] Batch 150/375 (40%)
  [Epoch 12] Batch 200/375 (53%)
  [Epoch 12] Batch 250/375 (67%)
  [Epoch 12] Batch 300/375 (80%)
  [Epoch 12] Batch 350/375 (93%)
[Epoch 12/700] train_loss=0.7067 val_loss=0.7266 lr=9.99e-04 (26s)
  [Epoch 13] Batch 50/375 (13%)
  [Epoch 13] Batch 100/375 (27%)
  [Epoch 13] Batch 150/375 (40%)
  [Epoch 13] Batch 200/375 (53%)
  [Epoch 13] Batch 250/375 (67%)
  [Epoch 13] Batch 300/375 (80%)
  [Epoch 13] Batch 350/375 (93%)
[Epoch 13/700] train_loss=0.6886 val_loss=0.6876 lr=9.99e-04 (25s)
Metric val/loss improved by 0.027 >= min_delta = 0.0. New best score: 0.688
  [Epoch 14] Batch 50/375 (13%)
  [Epoch 14] Batch 100/375 (27%)
  [Epoch 14] Batch 150/375 (40%)
  [Epoch 14] Batch 200/375 (53%)
  [Epoch 14] Batch 250/375 (67%)
  [Epoch 14] Batch 300/375 (80%)
  [Epoch 14] Batch 350/375 (93%)
[Epoch 14/700] train_loss=0.6752 val_loss=0.6735 lr=9.99e-04 (26s)
Metric val/loss improved by 0.014 >= min_delta = 0.0. New best score: 0.673
  [Epoch 15] Batch 50/375 (13%)
  [Epoch 15] Batch 100/375 (27%)
  [Epoch 15] Batch 150/375 (40%)
  [Epoch 15] Batch 200/375 (53%)
  [Epoch 15] Batch 250/375 (67%)
  [Epoch 15] Batch 300/375 (80%)
  [Epoch 15] Batch 350/375 (93%)
[Epoch 15/700] train_loss=0.6693 val_loss=0.6701 lr=9.99e-04 (25s)
Metric val/loss improved by 0.003 >= min_delta = 0.0. New best score: 0.670
  [Epoch 16] Batch 50/375 (13%)
  [Epoch 16] Batch 100/375 (27%)
  [Epoch 16] Batch 150/375 (40%)
  [Epoch 16] Batch 200/375 (53%)
  [Epoch 16] Batch 250/375 (67%)
  [Epoch 16] Batch 300/375 (80%)
  [Epoch 16] Batch 350/375 (93%)
[Epoch 16/700] train_loss=0.6558 val_loss=0.6519 lr=9.99e-04 (25s)
Metric val/loss improved by 0.018 >= min_delta = 0.0. New best score: 0.652
  [Epoch 17] Batch 50/375 (13%)
  [Epoch 17] Batch 100/375 (27%)
  [Epoch 17] Batch 150/375 (40%)
  [Epoch 17] Batch 200/375 (53%)
  [Epoch 17] Batch 250/375 (67%)
  [Epoch 17] Batch 300/375 (80%)
  [Epoch 17] Batch 350/375 (93%)
[Epoch 17/700] train_loss=0.6505 val_loss=0.6373 lr=9.99e-04 (25s)
Metric val/loss improved by 0.015 >= min_delta = 0.0. New best score: 0.637
  [Epoch 18] Batch 50/375 (13%)
  [Epoch 18] Batch 100/375 (27%)
  [Epoch 18] Batch 150/375 (40%)
  [Epoch 18] Batch 200/375 (53%)
  [Epoch 18] Batch 250/375 (67%)
  [Epoch 18] Batch 300/375 (80%)
  [Epoch 18] Batch 350/375 (93%)
[Epoch 18/700] train_loss=0.6470 val_loss=0.6627 lr=9.98e-04 (25s)
  [Epoch 19] Batch 50/375 (13%)
  [Epoch 19] Batch 100/375 (27%)
  [Epoch 19] Batch 150/375 (40%)
  [Epoch 19] Batch 200/375 (53%)
  [Epoch 19] Batch 250/375 (67%)
  [Epoch 19] Batch 300/375 (80%)
  [Epoch 19] Batch 350/375 (93%)
[Epoch 19/700] train_loss=0.6448 val_loss=0.6585 lr=9.98e-04 (25s)
  [Epoch 20] Batch 50/375 (13%)
  [Epoch 20] Batch 100/375 (27%)
  [Epoch 20] Batch 150/375 (40%)
  [Epoch 20] Batch 200/375 (53%)
  [Epoch 20] Batch 250/375 (67%)
  [Epoch 20] Batch 300/375 (80%)
  [Epoch 20] Batch 350/375 (93%)
[Epoch 20/700] train_loss=0.6396 val_loss=0.6382 lr=9.98e-04 (25s)
  [Epoch 21] Batch 50/375 (13%)
  [Epoch 21] Batch 100/375 (27%)
  [Epoch 21] Batch 150/375 (40%)
  [Epoch 21] Batch 200/375 (53%)
  [Epoch 21] Batch 250/375 (67%)
  [Epoch 21] Batch 300/375 (80%)
  [Epoch 21] Batch 350/375 (93%)
[Epoch 21/700] train_loss=0.6358 val_loss=0.6344 lr=9.98e-04 (25s)
Metric val/loss improved by 0.003 >= min_delta = 0.0. New best score: 0.634
  [Epoch 22] Batch 50/375 (13%)
  [Epoch 22] Batch 100/375 (27%)
  [Epoch 22] Batch 150/375 (40%)
  [Epoch 22] Batch 200/375 (53%)
  [Epoch 22] Batch 250/375 (67%)
  [Epoch 22] Batch 300/375 (80%)
  [Epoch 22] Batch 350/375 (93%)
[Epoch 22/700] train_loss=0.6331 val_loss=0.6357 lr=9.98e-04 (25s)
  [Epoch 23] Batch 50/375 (13%)
  [Epoch 23] Batch 100/375 (27%)
  [Epoch 23] Batch 150/375 (40%)
  [Epoch 23] Batch 200/375 (53%)
  [Epoch 23] Batch 250/375 (67%)
  [Epoch 23] Batch 300/375 (80%)
  [Epoch 23] Batch 350/375 (93%)
[Epoch 23/700] train_loss=0.6374 val_loss=0.6330 lr=9.97e-04 (26s)
Metric val/loss improved by 0.001 >= min_delta = 0.0. New best score: 0.633
  [Epoch 24] Batch 50/375 (13%)
  [Epoch 24] Batch 100/375 (27%)
  [Epoch 24] Batch 150/375 (40%)
  [Epoch 24] Batch 200/375 (53%)
  [Epoch 24] Batch 250/375 (67%)
  [Epoch 24] Batch 300/375 (80%)
  [Epoch 24] Batch 350/375 (93%)
[Epoch 24/700] train_loss=0.6348 val_loss=0.6436 lr=9.97e-04 (25s)
  [Epoch 25] Batch 50/375 (13%)
  [Epoch 25] Batch 100/375 (27%)
  [Epoch 25] Batch 150/375 (40%)
  [Epoch 25] Batch 200/375 (53%)
  [Epoch 25] Batch 250/375 (67%)
  [Epoch 25] Batch 300/375 (80%)
  [Epoch 25] Batch 350/375 (93%)
[Epoch 25/700] train_loss=0.6266 val_loss=0.6331 lr=9.97e-04 (25s)
  [Epoch 26] Batch 50/375 (13%)
  [Epoch 26] Batch 100/375 (27%)
  [Epoch 26] Batch 150/375 (40%)
  [Epoch 26] Batch 200/375 (53%)
  [Epoch 26] Batch 250/375 (67%)
  [Epoch 26] Batch 300/375 (80%)
  [Epoch 26] Batch 350/375 (93%)
[Epoch 26/700] train_loss=0.6261 val_loss=0.6338 lr=9.97e-04 (25s)
  [Epoch 27] Batch 50/375 (13%)
  [Epoch 27] Batch 100/375 (27%)
  [Epoch 27] Batch 150/375 (40%)
  [Epoch 27] Batch 200/375 (53%)
  [Epoch 27] Batch 250/375 (67%)
  [Epoch 27] Batch 300/375 (80%)
  [Epoch 27] Batch 350/375 (93%)
[Epoch 27/700] train_loss=0.6259 val_loss=0.6396 lr=9.96e-04 (25s)
  [Epoch 28] Batch 50/375 (13%)
  [Epoch 28] Batch 100/375 (27%)
  [Epoch 28] Batch 150/375 (40%)
  [Epoch 28] Batch 200/375 (53%)
  [Epoch 28] Batch 250/375 (67%)
  [Epoch 28] Batch 300/375 (80%)
  [Epoch 28] Batch 350/375 (93%)
[Epoch 28/700] train_loss=0.6259 val_loss=0.6309 lr=9.96e-04 (25s)
Metric val/loss improved by 0.002 >= min_delta = 0.0. New best score: 0.631
  [Epoch 29] Batch 50/375 (13%)
  [Epoch 29] Batch 100/375 (27%)
  [Epoch 29] Batch 150/375 (40%)
  [Epoch 29] Batch 200/375 (53%)
  [Epoch 29] Batch 250/375 (67%)
  [Epoch 29] Batch 300/375 (80%)
  [Epoch 29] Batch 350/375 (93%)
[Epoch 29/700] train_loss=0.6202 val_loss=0.6344 lr=9.96e-04 (25s)
  [Epoch 30] Batch 50/375 (13%)
  [Epoch 30] Batch 100/375 (27%)
  [Epoch 30] Batch 150/375 (40%)
  [Epoch 30] Batch 200/375 (53%)
  [Epoch 30] Batch 250/375 (67%)
  [Epoch 30] Batch 300/375 (80%)
  [Epoch 30] Batch 350/375 (93%)
[Epoch 30/700] train_loss=0.6219 val_loss=0.6234 lr=9.95e-04 (25s)
Metric val/loss improved by 0.007 >= min_delta = 0.0. New best score: 0.623
  [Epoch 31] Batch 50/375 (13%)
  [Epoch 31] Batch 100/375 (27%)
  [Epoch 31] Batch 150/375 (40%)
  [Epoch 31] Batch 200/375 (53%)
  [Epoch 31] Batch 250/375 (67%)
  [Epoch 31] Batch 300/375 (80%)
  [Epoch 31] Batch 350/375 (93%)
[Epoch 31/700] train_loss=0.6172 val_loss=0.6264 lr=9.95e-04 (25s)
  [Epoch 32] Batch 50/375 (13%)
  [Epoch 32] Batch 100/375 (27%)
  [Epoch 32] Batch 150/375 (40%)
  [Epoch 32] Batch 200/375 (53%)
  [Epoch 32] Batch 250/375 (67%)
  [Epoch 32] Batch 300/375 (80%)
  [Epoch 32] Batch 350/375 (93%)
[Epoch 32/700] train_loss=0.6238 val_loss=0.6247 lr=9.95e-04 (25s)
  [Epoch 33] Batch 50/375 (13%)
  [Epoch 33] Batch 100/375 (27%)
  [Epoch 33] Batch 150/375 (40%)
  [Epoch 33] Batch 200/375 (53%)
  [Epoch 33] Batch 250/375 (67%)
  [Epoch 33] Batch 300/375 (80%)
  [Epoch 33] Batch 350/375 (93%)
[Epoch 33/700] train_loss=0.6133 val_loss=0.6151 lr=9.95e-04 (25s)
Metric val/loss improved by 0.008 >= min_delta = 0.0. New best score: 0.615
  [Epoch 34] Batch 50/375 (13%)
  [Epoch 34] Batch 100/375 (27%)
  [Epoch 34] Batch 150/375 (40%)
  [Epoch 34] Batch 200/375 (53%)
  [Epoch 34] Batch 250/375 (67%)
  [Epoch 34] Batch 300/375 (80%)
  [Epoch 34] Batch 350/375 (93%)
[Epoch 34/700] train_loss=0.6142 val_loss=0.6272 lr=9.94e-04 (25s)
  [Epoch 35] Batch 50/375 (13%)
  [Epoch 35] Batch 100/375 (27%)
  [Epoch 35] Batch 150/375 (40%)
  [Epoch 35] Batch 200/375 (53%)
  [Epoch 35] Batch 250/375 (67%)
  [Epoch 35] Batch 300/375 (80%)
  [Epoch 35] Batch 350/375 (93%)
[Epoch 35/700] train_loss=0.6217 val_loss=0.6170 lr=9.94e-04 (25s)
  [Epoch 36] Batch 50/375 (13%)
  [Epoch 36] Batch 100/375 (27%)
  [Epoch 36] Batch 150/375 (40%)
  [Epoch 36] Batch 200/375 (53%)
  [Epoch 36] Batch 250/375 (67%)
  [Epoch 36] Batch 300/375 (80%)
  [Epoch 36] Batch 350/375 (93%)
[Epoch 36/700] train_loss=0.6151 val_loss=0.6119 lr=9.93e-04 (26s)
Metric val/loss improved by 0.003 >= min_delta = 0.0. New best score: 0.612
  [Epoch 37] Batch 50/375 (13%)
  [Epoch 37] Batch 100/375 (27%)
  [Epoch 37] Batch 150/375 (40%)
  [Epoch 37] Batch 200/375 (53%)
  [Epoch 37] Batch 250/375 (67%)
  [Epoch 37] Batch 300/375 (80%)
  [Epoch 37] Batch 350/375 (93%)
[Epoch 37/700] train_loss=0.6082 val_loss=0.6208 lr=9.93e-04 (25s)
  [Epoch 38] Batch 50/375 (13%)
  [Epoch 38] Batch 100/375 (27%)
  [Epoch 38] Batch 150/375 (40%)
  [Epoch 38] Batch 200/375 (53%)
  [Epoch 38] Batch 250/375 (67%)
  [Epoch 38] Batch 300/375 (80%)
  [Epoch 38] Batch 350/375 (93%)
[Epoch 38/700] train_loss=0.6106 val_loss=0.6256 lr=9.93e-04 (26s)
  [Epoch 39] Batch 50/375 (13%)
  [Epoch 39] Batch 100/375 (27%)
  [Epoch 39] Batch 150/375 (40%)
  [Epoch 39] Batch 200/375 (53%)
  [Epoch 39] Batch 250/375 (67%)
  [Epoch 39] Batch 300/375 (80%)
  [Epoch 39] Batch 350/375 (93%)
[Epoch 39/700] train_loss=0.6116 val_loss=0.6114 lr=9.92e-04 (25s)
Metric val/loss improved by 0.000 >= min_delta = 0.0. New best score: 0.611
  [Epoch 40] Batch 50/375 (13%)
  [Epoch 40] Batch 100/375 (27%)
  [Epoch 40] Batch 150/375 (40%)
  [Epoch 40] Batch 200/375 (53%)
  [Epoch 40] Batch 250/375 (67%)
  [Epoch 40] Batch 300/375 (80%)
  [Epoch 40] Batch 350/375 (93%)
[Epoch 40/700] train_loss=0.6067 val_loss=0.5963 lr=9.92e-04 (25s)
Metric val/loss improved by 0.015 >= min_delta = 0.0. New best score: 0.596
  [Epoch 41] Batch 50/375 (13%)
  [Epoch 41] Batch 100/375 (27%)
  [Epoch 41] Batch 150/375 (40%)
  [Epoch 41] Batch 200/375 (53%)
  [Epoch 41] Batch 250/375 (67%)
  [Epoch 41] Batch 300/375 (80%)
  [Epoch 41] Batch 350/375 (93%)
[Epoch 41/700] train_loss=0.6026 val_loss=0.6103 lr=9.92e-04 (26s)
  [Epoch 42] Batch 50/375 (13%)
  [Epoch 42] Batch 100/375 (27%)
  [Epoch 42] Batch 150/375 (40%)
  [Epoch 42] Batch 200/375 (53%)
  [Epoch 42] Batch 250/375 (67%)
  [Epoch 42] Batch 300/375 (80%)
  [Epoch 42] Batch 350/375 (93%)
[Epoch 42/700] train_loss=0.6006 val_loss=0.6100 lr=9.91e-04 (25s)
  [Epoch 43] Batch 50/375 (13%)
  [Epoch 43] Batch 100/375 (27%)
  [Epoch 43] Batch 150/375 (40%)
  [Epoch 43] Batch 200/375 (53%)
  [Epoch 43] Batch 250/375 (67%)
  [Epoch 43] Batch 300/375 (80%)
  [Epoch 43] Batch 350/375 (93%)
[Epoch 43/700] train_loss=0.6113 val_loss=0.6233 lr=9.91e-04 (25s)
  [Epoch 44] Batch 50/375 (13%)
  [Epoch 44] Batch 100/375 (27%)
  [Epoch 44] Batch 150/375 (40%)
  [Epoch 44] Batch 200/375 (53%)
  [Epoch 44] Batch 250/375 (67%)
  [Epoch 44] Batch 300/375 (80%)
  [Epoch 44] Batch 350/375 (93%)
[Epoch 44/700] train_loss=0.6014 val_loss=0.6184 lr=9.90e-04 (25s)
  [Epoch 45] Batch 50/375 (13%)
  [Epoch 45] Batch 100/375 (27%)
  [Epoch 45] Batch 150/375 (40%)
  [Epoch 45] Batch 200/375 (53%)
  [Epoch 45] Batch 250/375 (67%)
  [Epoch 45] Batch 300/375 (80%)
  [Epoch 45] Batch 350/375 (93%)
[Epoch 45/700] train_loss=0.6014 val_loss=0.5874 lr=9.90e-04 (25s)
Metric val/loss improved by 0.009 >= min_delta = 0.0. New best score: 0.587
  [Epoch 46] Batch 50/375 (13%)
  [Epoch 46] Batch 100/375 (27%)
  [Epoch 46] Batch 150/375 (40%)
  [Epoch 46] Batch 200/375 (53%)
  [Epoch 46] Batch 250/375 (67%)
  [Epoch 46] Batch 300/375 (80%)
  [Epoch 46] Batch 350/375 (93%)
[Epoch 46/700] train_loss=0.5966 val_loss=0.6053 lr=9.89e-04 (25s)
  [Epoch 47] Batch 50/375 (13%)
  [Epoch 47] Batch 100/375 (27%)
  [Epoch 47] Batch 150/375 (40%)
  [Epoch 47] Batch 200/375 (53%)
  [Epoch 47] Batch 250/375 (67%)
  [Epoch 47] Batch 300/375 (80%)
  [Epoch 47] Batch 350/375 (93%)
[Epoch 47/700] train_loss=0.5959 val_loss=0.5969 lr=9.89e-04 (25s)
  [Epoch 48] Batch 50/375 (13%)
  [Epoch 48] Batch 100/375 (27%)
  [Epoch 48] Batch 150/375 (40%)
  [Epoch 48] Batch 200/375 (53%)
  [Epoch 48] Batch 250/375 (67%)
  [Epoch 48] Batch 300/375 (80%)
  [Epoch 48] Batch 350/375 (93%)
[Epoch 48/700] train_loss=0.5921 val_loss=0.5981 lr=9.88e-04 (25s)
  [Epoch 49] Batch 50/375 (13%)
  [Epoch 49] Batch 100/375 (27%)
  [Epoch 49] Batch 150/375 (40%)
  [Epoch 49] Batch 200/375 (53%)
  [Epoch 49] Batch 250/375 (67%)
  [Epoch 49] Batch 300/375 (80%)
  [Epoch 49] Batch 350/375 (93%)
[Epoch 49/700] train_loss=0.5954 val_loss=0.5948 lr=9.88e-04 (23s)
  [Epoch 50] Batch 50/375 (13%)
  [Epoch 50] Batch 100/375 (27%)
  [Epoch 50] Batch 150/375 (40%)
  [Epoch 50] Batch 200/375 (53%)
  [Epoch 50] Batch 250/375 (67%)
  [Epoch 50] Batch 300/375 (80%)
  [Epoch 50] Batch 350/375 (93%)
[Epoch 50/700] train_loss=0.5960 val_loss=0.5962 lr=9.87e-04 (25s)
  [Epoch 51] Batch 50/375 (13%)
  [Epoch 51] Batch 100/375 (27%)
  [Epoch 51] Batch 150/375 (40%)
  [Epoch 51] Batch 200/375 (53%)
  [Epoch 51] Batch 250/375 (67%)
  [Epoch 51] Batch 300/375 (80%)
  [Epoch 51] Batch 350/375 (93%)
[Epoch 51/700] train_loss=0.5955 val_loss=0.6053 lr=9.87e-04 (26s)
  [Epoch 52] Batch 50/375 (13%)
  [Epoch 52] Batch 100/375 (27%)
  [Epoch 52] Batch 150/375 (40%)
  [Epoch 52] Batch 200/375 (53%)
  [Epoch 52] Batch 250/375 (67%)
  [Epoch 52] Batch 300/375 (80%)
  [Epoch 52] Batch 350/375 (93%)
[Epoch 52/700] train_loss=0.5864 val_loss=0.5980 lr=9.86e-04 (25s)
  [Epoch 53] Batch 50/375 (13%)
  [Epoch 53] Batch 100/375 (27%)
  [Epoch 53] Batch 150/375 (40%)
  [Epoch 53] Batch 200/375 (53%)
  [Epoch 53] Batch 250/375 (67%)
  [Epoch 53] Batch 300/375 (80%)
  [Epoch 53] Batch 350/375 (93%)
[Epoch 53/700] train_loss=0.5874 val_loss=0.5828 lr=9.86e-04 (23s)
Metric val/loss improved by 0.005 >= min_delta = 0.0. New best score: 0.583
  [Epoch 54] Batch 50/375 (13%)
  [Epoch 54] Batch 100/375 (27%)
  [Epoch 54] Batch 150/375 (40%)
  [Epoch 54] Batch 200/375 (53%)
  [Epoch 54] Batch 250/375 (67%)
  [Epoch 54] Batch 300/375 (80%)
  [Epoch 54] Batch 350/375 (93%)
[Epoch 54/700] train_loss=0.5872 val_loss=0.5940 lr=9.85e-04 (25s)
  [Epoch 55] Batch 50/375 (13%)
  [Epoch 55] Batch 100/375 (27%)
  [Epoch 55] Batch 150/375 (40%)
  [Epoch 55] Batch 200/375 (53%)
  [Epoch 55] Batch 250/375 (67%)
  [Epoch 55] Batch 300/375 (80%)
  [Epoch 55] Batch 350/375 (93%)
[Epoch 55/700] train_loss=0.5867 val_loss=0.6015 lr=9.85e-04 (25s)
  [Epoch 56] Batch 50/375 (13%)
  [Epoch 56] Batch 100/375 (27%)
  [Epoch 56] Batch 150/375 (40%)
  [Epoch 56] Batch 200/375 (53%)
  [Epoch 56] Batch 250/375 (67%)
  [Epoch 56] Batch 300/375 (80%)
  [Epoch 56] Batch 350/375 (93%)
[Epoch 56/700] train_loss=0.5823 val_loss=0.5951 lr=9.84e-04 (25s)
  [Epoch 57] Batch 50/375 (13%)
  [Epoch 57] Batch 100/375 (27%)
  [Epoch 57] Batch 150/375 (40%)
  [Epoch 57] Batch 200/375 (53%)
  [Epoch 57] Batch 250/375 (67%)
  [Epoch 57] Batch 300/375 (80%)
  [Epoch 57] Batch 350/375 (93%)
[Epoch 57/700] train_loss=0.5904 val_loss=0.5980 lr=9.84e-04 (25s)
  [Epoch 58] Batch 50/375 (13%)
  [Epoch 58] Batch 100/375 (27%)
  [Epoch 58] Batch 150/375 (40%)
  [Epoch 58] Batch 200/375 (53%)
  [Epoch 58] Batch 250/375 (67%)
  [Epoch 58] Batch 300/375 (80%)
  [Epoch 58] Batch 350/375 (93%)
[Epoch 58/700] train_loss=0.5814 val_loss=0.5970 lr=9.83e-04 (26s)
  [Epoch 59] Batch 50/375 (13%)
  [Epoch 59] Batch 100/375 (27%)
  [Epoch 59] Batch 150/375 (40%)
  [Epoch 59] Batch 200/375 (53%)
  [Epoch 59] Batch 250/375 (67%)
  [Epoch 59] Batch 300/375 (80%)
  [Epoch 59] Batch 350/375 (93%)
[Epoch 59/700] train_loss=0.5800 val_loss=0.5817 lr=9.83e-04 (25s)
Metric val/loss improved by 0.001 >= min_delta = 0.0. New best score: 0.582
  [Epoch 60] Batch 50/375 (13%)
  [Epoch 60] Batch 100/375 (27%)
  [Epoch 60] Batch 150/375 (40%)
  [Epoch 60] Batch 200/375 (53%)
  [Epoch 60] Batch 250/375 (67%)
  [Epoch 60] Batch 300/375 (80%)
  [Epoch 60] Batch 350/375 (93%)
[Epoch 60/700] train_loss=0.5815 val_loss=0.5839 lr=9.82e-04 (25s)
  [Epoch 61] Batch 50/375 (13%)
  [Epoch 61] Batch 100/375 (27%)
  [Epoch 61] Batch 150/375 (40%)
  [Epoch 61] Batch 200/375 (53%)
  [Epoch 61] Batch 250/375 (67%)
  [Epoch 61] Batch 300/375 (80%)
  [Epoch 61] Batch 350/375 (93%)
[Epoch 61/700] train_loss=0.5851 val_loss=0.5922 lr=9.81e-04 (25s)
  [Epoch 62] Batch 50/375 (13%)
  [Epoch 62] Batch 100/375 (27%)
  [Epoch 62] Batch 150/375 (40%)
  [Epoch 62] Batch 200/375 (53%)
  [Epoch 62] Batch 250/375 (67%)
  [Epoch 62] Batch 300/375 (80%)
  [Epoch 62] Batch 350/375 (93%)
[Epoch 62/700] train_loss=0.5816 val_loss=0.5938 lr=9.81e-04 (25s)
  [Epoch 63] Batch 50/375 (13%)
  [Epoch 63] Batch 100/375 (27%)
  [Epoch 63] Batch 150/375 (40%)
  [Epoch 63] Batch 200/375 (53%)
  [Epoch 63] Batch 250/375 (67%)
  [Epoch 63] Batch 300/375 (80%)
  [Epoch 63] Batch 350/375 (93%)
[Epoch 63/700] train_loss=0.5861 val_loss=0.6091 lr=9.80e-04 (25s)
  [Epoch 64] Batch 50/375 (13%)
  [Epoch 64] Batch 100/375 (27%)
  [Epoch 64] Batch 150/375 (40%)
  [Epoch 64] Batch 200/375 (53%)
  [Epoch 64] Batch 250/375 (67%)
  [Epoch 64] Batch 300/375 (80%)
  [Epoch 64] Batch 350/375 (93%)
[Epoch 64/700] train_loss=0.5849 val_loss=0.5822 lr=9.80e-04 (25s)
  [Epoch 65] Batch 50/375 (13%)
  [Epoch 65] Batch 100/375 (27%)
  [Epoch 65] Batch 150/375 (40%)
  [Epoch 65] Batch 200/375 (53%)
  [Epoch 65] Batch 250/375 (67%)
  [Epoch 65] Batch 300/375 (80%)
  [Epoch 65] Batch 350/375 (93%)
[Epoch 65/700] train_loss=0.5793 val_loss=0.5842 lr=9.79e-04 (25s)
  [Epoch 66] Batch 50/375 (13%)
  [Epoch 66] Batch 100/375 (27%)
  [Epoch 66] Batch 150/375 (40%)
  [Epoch 66] Batch 200/375 (53%)
  [Epoch 66] Batch 250/375 (67%)
  [Epoch 66] Batch 300/375 (80%)
  [Epoch 66] Batch 350/375 (93%)
[Epoch 66/700] train_loss=0.5800 val_loss=0.5897 lr=9.78e-04 (25s)
  [Epoch 67] Batch 50/375 (13%)
  [Epoch 67] Batch 100/375 (27%)
  [Epoch 67] Batch 150/375 (40%)
  [Epoch 67] Batch 200/375 (53%)
  [Epoch 67] Batch 250/375 (67%)
  [Epoch 67] Batch 300/375 (80%)
  [Epoch 67] Batch 350/375 (93%)
[Epoch 67/700] train_loss=0.5776 val_loss=0.5855 lr=9.78e-04 (25s)
  [Epoch 68] Batch 50/375 (13%)
  [Epoch 68] Batch 100/375 (27%)
  [Epoch 68] Batch 150/375 (40%)
  [Epoch 68] Batch 200/375 (53%)
  [Epoch 68] Batch 250/375 (67%)
  [Epoch 68] Batch 300/375 (80%)
  [Epoch 68] Batch 350/375 (93%)
[Epoch 68/700] train_loss=0.5785 val_loss=0.5843 lr=9.77e-04 (25s)
  [Epoch 69] Batch 50/375 (13%)
  [Epoch 69] Batch 100/375 (27%)
  [Epoch 69] Batch 150/375 (40%)
  [Epoch 69] Batch 200/375 (53%)
  [Epoch 69] Batch 250/375 (67%)
  [Epoch 69] Batch 300/375 (80%)
  [Epoch 69] Batch 350/375 (93%)
[Epoch 69/700] train_loss=0.5848 val_loss=0.5758 lr=9.76e-04 (25s)
Metric val/loss improved by 0.006 >= min_delta = 0.0. New best score: 0.576
  [Epoch 70] Batch 50/375 (13%)
  [Epoch 70] Batch 100/375 (27%)
  [Epoch 70] Batch 150/375 (40%)
  [Epoch 70] Batch 200/375 (53%)
  [Epoch 70] Batch 250/375 (67%)
  [Epoch 70] Batch 300/375 (80%)
  [Epoch 70] Batch 350/375 (93%)
[Epoch 70/700] train_loss=0.5813 val_loss=0.5866 lr=9.76e-04 (25s)
  [Epoch 71] Batch 50/375 (13%)
  [Epoch 71] Batch 100/375 (27%)
  [Epoch 71] Batch 150/375 (40%)
  [Epoch 71] Batch 200/375 (53%)
  [Epoch 71] Batch 250/375 (67%)
  [Epoch 71] Batch 300/375 (80%)
  [Epoch 71] Batch 350/375 (93%)
[Epoch 71/700] train_loss=0.5792 val_loss=0.5823 lr=9.75e-04 (25s)
  [Epoch 72] Batch 50/375 (13%)
  [Epoch 72] Batch 100/375 (27%)
  [Epoch 72] Batch 150/375 (40%)
  [Epoch 72] Batch 200/375 (53%)
  [Epoch 72] Batch 250/375 (67%)
  [Epoch 72] Batch 300/375 (80%)
  [Epoch 72] Batch 350/375 (93%)
[Epoch 72/700] train_loss=0.5782 val_loss=0.5702 lr=9.74e-04 (25s)
Metric val/loss improved by 0.006 >= min_delta = 0.0. New best score: 0.570
  [Epoch 73] Batch 50/375 (13%)
  [Epoch 73] Batch 100/375 (27%)
  [Epoch 73] Batch 150/375 (40%)
  [Epoch 73] Batch 200/375 (53%)
  [Epoch 73] Batch 250/375 (67%)
  [Epoch 73] Batch 300/375 (80%)
  [Epoch 73] Batch 350/375 (93%)
[Epoch 73/700] train_loss=0.5756 val_loss=0.5704 lr=9.73e-04 (25s)
  [Epoch 74] Batch 50/375 (13%)
  [Epoch 74] Batch 100/375 (27%)
  [Epoch 74] Batch 150/375 (40%)
  [Epoch 74] Batch 200/375 (53%)
  [Epoch 74] Batch 250/375 (67%)
  [Epoch 74] Batch 300/375 (80%)
  [Epoch 74] Batch 350/375 (93%)
[Epoch 74/700] train_loss=0.5723 val_loss=0.5780 lr=9.73e-04 (25s)
  [Epoch 75] Batch 50/375 (13%)
  [Epoch 75] Batch 100/375 (27%)
  [Epoch 75] Batch 150/375 (40%)
  [Epoch 75] Batch 200/375 (53%)
  [Epoch 75] Batch 250/375 (67%)
  [Epoch 75] Batch 300/375 (80%)
  [Epoch 75] Batch 350/375 (93%)
[Epoch 75/700] train_loss=0.5761 val_loss=0.5843 lr=9.72e-04 (25s)
  [Epoch 76] Batch 50/375 (13%)
  [Epoch 76] Batch 100/375 (27%)
  [Epoch 76] Batch 150/375 (40%)
  [Epoch 76] Batch 200/375 (53%)
  [Epoch 76] Batch 250/375 (67%)
  [Epoch 76] Batch 300/375 (80%)
  [Epoch 76] Batch 350/375 (93%)
[Epoch 76/700] train_loss=0.5684 val_loss=0.5723 lr=9.71e-04 (26s)
  [Epoch 77] Batch 50/375 (13%)
  [Epoch 77] Batch 100/375 (27%)
  [Epoch 77] Batch 150/375 (40%)
  [Epoch 77] Batch 200/375 (53%)
  [Epoch 77] Batch 250/375 (67%)
  [Epoch 77] Batch 300/375 (80%)
  [Epoch 77] Batch 350/375 (93%)
[Epoch 77/700] train_loss=0.5720 val_loss=0.5744 lr=9.70e-04 (25s)
  [Epoch 78] Batch 50/375 (13%)
  [Epoch 78] Batch 100/375 (27%)
  [Epoch 78] Batch 150/375 (40%)
  [Epoch 78] Batch 200/375 (53%)
  [Epoch 78] Batch 250/375 (67%)
  [Epoch 78] Batch 300/375 (80%)
  [Epoch 78] Batch 350/375 (93%)
[Epoch 78/700] train_loss=0.5734 val_loss=0.5749 lr=9.70e-04 (25s)
  [Epoch 79] Batch 50/375 (13%)
  [Epoch 79] Batch 100/375 (27%)
  [Epoch 79] Batch 150/375 (40%)
  [Epoch 79] Batch 200/375 (53%)
  [Epoch 79] Batch 250/375 (67%)
  [Epoch 79] Batch 300/375 (80%)
  [Epoch 79] Batch 350/375 (93%)
[Epoch 79/700] train_loss=0.5725 val_loss=0.5692 lr=9.69e-04 (25s)
Metric val/loss improved by 0.001 >= min_delta = 0.0. New best score: 0.569
  [Epoch 80] Batch 50/375 (13%)
  [Epoch 80] Batch 100/375 (27%)
  [Epoch 80] Batch 150/375 (40%)
  [Epoch 80] Batch 200/375 (53%)
  [Epoch 80] Batch 250/375 (67%)
  [Epoch 80] Batch 300/375 (80%)
  [Epoch 80] Batch 350/375 (93%)
[Epoch 80/700] train_loss=0.5723 val_loss=0.5779 lr=9.68e-04 (25s)
  [Epoch 81] Batch 50/375 (13%)
  [Epoch 81] Batch 100/375 (27%)
  [Epoch 81] Batch 150/375 (40%)
  [Epoch 81] Batch 200/375 (53%)
  [Epoch 81] Batch 250/375 (67%)
  [Epoch 81] Batch 300/375 (80%)
  [Epoch 81] Batch 350/375 (93%)
[Epoch 81/700] train_loss=0.5705 val_loss=0.5582 lr=9.67e-04 (25s)
Metric val/loss improved by 0.011 >= min_delta = 0.0. New best score: 0.558
  [Epoch 82] Batch 50/375 (13%)
  [Epoch 82] Batch 100/375 (27%)
  [Epoch 82] Batch 150/375 (40%)
  [Epoch 82] Batch 200/375 (53%)
  [Epoch 82] Batch 250/375 (67%)
  [Epoch 82] Batch 300/375 (80%)
  [Epoch 82] Batch 350/375 (93%)
[Epoch 82/700] train_loss=0.5656 val_loss=0.5757 lr=9.67e-04 (25s)
  [Epoch 83] Batch 50/375 (13%)
  [Epoch 83] Batch 100/375 (27%)
  [Epoch 83] Batch 150/375 (40%)
  [Epoch 83] Batch 200/375 (53%)
  [Epoch 83] Batch 250/375 (67%)
  [Epoch 83] Batch 300/375 (80%)
  [Epoch 83] Batch 350/375 (93%)
[Epoch 83/700] train_loss=0.5771 val_loss=0.5655 lr=9.66e-04 (25s)
  [Epoch 84] Batch 50/375 (13%)
  [Epoch 84] Batch 100/375 (27%)
  [Epoch 84] Batch 150/375 (40%)
  [Epoch 84] Batch 200/375 (53%)
  [Epoch 84] Batch 250/375 (67%)
  [Epoch 84] Batch 300/375 (80%)
  [Epoch 84] Batch 350/375 (93%)
[Epoch 84/700] train_loss=0.5684 val_loss=0.5749 lr=9.65e-04 (25s)
  [Epoch 85] Batch 50/375 (13%)
  [Epoch 85] Batch 100/375 (27%)
  [Epoch 85] Batch 150/375 (40%)
  [Epoch 85] Batch 200/375 (53%)
  [Epoch 85] Batch 250/375 (67%)
  [Epoch 85] Batch 300/375 (80%)
  [Epoch 85] Batch 350/375 (93%)
[Epoch 85/700] train_loss=0.5763 val_loss=0.5950 lr=9.64e-04 (25s)
  [Epoch 86] Batch 50/375 (13%)
  [Epoch 86] Batch 100/375 (27%)
  [Epoch 86] Batch 150/375 (40%)
  [Epoch 86] Batch 200/375 (53%)
  [Epoch 86] Batch 250/375 (67%)
  [Epoch 86] Batch 300/375 (80%)
  [Epoch 86] Batch 350/375 (93%)
[Epoch 86/700] train_loss=0.5727 val_loss=0.5635 lr=9.63e-04 (25s)
  [Epoch 87] Batch 50/375 (13%)
  [Epoch 87] Batch 100/375 (27%)
  [Epoch 87] Batch 150/375 (40%)
  [Epoch 87] Batch 200/375 (53%)
  [Epoch 87] Batch 250/375 (67%)
  [Epoch 87] Batch 300/375 (80%)
  [Epoch 87] Batch 350/375 (93%)
[Epoch 87/700] train_loss=0.5689 val_loss=0.5535 lr=9.62e-04 (25s)
Metric val/loss improved by 0.005 >= min_delta = 0.0. New best score: 0.553
  [Epoch 88] Batch 50/375 (13%)
  [Epoch 88] Batch 100/375 (27%)
  [Epoch 88] Batch 150/375 (40%)
  [Epoch 88] Batch 200/375 (53%)
  [Epoch 88] Batch 250/375 (67%)
  [Epoch 88] Batch 300/375 (80%)
  [Epoch 88] Batch 350/375 (93%)
[Epoch 88/700] train_loss=0.5698 val_loss=0.5761 lr=9.62e-04 (24s)
  [Epoch 89] Batch 50/375 (13%)
  [Epoch 89] Batch 100/375 (27%)
  [Epoch 89] Batch 150/375 (40%)
  [Epoch 89] Batch 200/375 (53%)
  [Epoch 89] Batch 250/375 (67%)
  [Epoch 89] Batch 300/375 (80%)
  [Epoch 89] Batch 350/375 (93%)
[Epoch 89/700] train_loss=0.5707 val_loss=0.5738 lr=9.61e-04 (25s)
  [Epoch 90] Batch 50/375 (13%)
  [Epoch 90] Batch 100/375 (27%)
  [Epoch 90] Batch 150/375 (40%)
  [Epoch 90] Batch 200/375 (53%)
  [Epoch 90] Batch 250/375 (67%)
  [Epoch 90] Batch 300/375 (80%)
  [Epoch 90] Batch 350/375 (93%)
[Epoch 90/700] train_loss=0.5666 val_loss=0.5729 lr=9.60e-04 (25s)
  [Epoch 91] Batch 50/375 (13%)
  [Epoch 91] Batch 100/375 (27%)
  [Epoch 91] Batch 150/375 (40%)
  [Epoch 91] Batch 200/375 (53%)
  [Epoch 91] Batch 250/375 (67%)
  [Epoch 91] Batch 300/375 (80%)
  [Epoch 91] Batch 350/375 (93%)
[Epoch 91/700] train_loss=0.5627 val_loss=0.5810 lr=9.59e-04 (25s)
  [Epoch 92] Batch 50/375 (13%)
  [Epoch 92] Batch 100/375 (27%)
  [Epoch 92] Batch 150/375 (40%)
  [Epoch 92] Batch 200/375 (53%)
  [Epoch 92] Batch 250/375 (67%)
  [Epoch 92] Batch 300/375 (80%)
  [Epoch 92] Batch 350/375 (93%)
[Epoch 92/700] train_loss=0.5626 val_loss=0.5690 lr=9.58e-04 (25s)
  [Epoch 93] Batch 50/375 (13%)
  [Epoch 93] Batch 100/375 (27%)
  [Epoch 93] Batch 150/375 (40%)
  [Epoch 93] Batch 200/375 (53%)
  [Epoch 93] Batch 250/375 (67%)
  [Epoch 93] Batch 300/375 (80%)
  [Epoch 93] Batch 350/375 (93%)
[Epoch 93/700] train_loss=0.5647 val_loss=0.5638 lr=9.57e-04 (25s)
  [Epoch 94] Batch 50/375 (13%)
  [Epoch 94] Batch 100/375 (27%)
  [Epoch 94] Batch 150/375 (40%)
  [Epoch 94] Batch 200/375 (53%)
  [Epoch 94] Batch 250/375 (67%)
  [Epoch 94] Batch 300/375 (80%)
  [Epoch 94] Batch 350/375 (93%)
[Epoch 94/700] train_loss=0.5624 val_loss=0.5667 lr=9.56e-04 (25s)
  [Epoch 95] Batch 50/375 (13%)
  [Epoch 95] Batch 100/375 (27%)
  [Epoch 95] Batch 150/375 (40%)
  [Epoch 95] Batch 200/375 (53%)
  [Epoch 95] Batch 250/375 (67%)
  [Epoch 95] Batch 300/375 (80%)
  [Epoch 95] Batch 350/375 (93%)
[Epoch 95/700] train_loss=0.5633 val_loss=0.5692 lr=9.55e-04 (25s)
  [Epoch 96] Batch 50/375 (13%)
  [Epoch 96] Batch 100/375 (27%)
  [Epoch 96] Batch 150/375 (40%)
  [Epoch 96] Batch 200/375 (53%)
  [Epoch 96] Batch 250/375 (67%)
  [Epoch 96] Batch 300/375 (80%)
  [Epoch 96] Batch 350/375 (93%)
[Epoch 96/700] train_loss=0.5678 val_loss=0.5599 lr=9.54e-04 (26s)
  [Epoch 97] Batch 50/375 (13%)
  [Epoch 97] Batch 100/375 (27%)
  [Epoch 97] Batch 150/375 (40%)
  [Epoch 97] Batch 200/375 (53%)
  [Epoch 97] Batch 250/375 (67%)
  [Epoch 97] Batch 300/375 (80%)
  [Epoch 97] Batch 350/375 (93%)
[Epoch 97/700] train_loss=0.5626 val_loss=0.5775 lr=9.53e-04 (26s)
  [Epoch 98] Batch 50/375 (13%)
  [Epoch 98] Batch 100/375 (27%)
  [Epoch 98] Batch 150/375 (40%)
  [Epoch 98] Batch 200/375 (53%)
  [Epoch 98] Batch 250/375 (67%)
  [Epoch 98] Batch 300/375 (80%)
  [Epoch 98] Batch 350/375 (93%)
[Epoch 98/700] train_loss=0.5646 val_loss=0.5777 lr=9.52e-04 (25s)
  [Epoch 99] Batch 50/375 (13%)
  [Epoch 99] Batch 100/375 (27%)
  [Epoch 99] Batch 150/375 (40%)
  [Epoch 99] Batch 200/375 (53%)
  [Epoch 99] Batch 250/375 (67%)
  [Epoch 99] Batch 300/375 (80%)
  [Epoch 99] Batch 350/375 (93%)
[Epoch 99/700] train_loss=0.5596 val_loss=0.5619 lr=9.51e-04 (25s)
  [Epoch 100] Batch 50/375 (13%)
  [Epoch 100] Batch 100/375 (27%)
  [Epoch 100] Batch 150/375 (40%)
  [Epoch 100] Batch 200/375 (53%)
  [Epoch 100] Batch 250/375 (67%)
  [Epoch 100] Batch 300/375 (80%)
  [Epoch 100] Batch 350/375 (93%)
[Epoch 100/700] train_loss=0.5652 val_loss=0.5765 lr=9.50e-04 (26s)
  [Epoch 101] Batch 50/375 (13%)
  [Epoch 101] Batch 100/375 (27%)
  [Epoch 101] Batch 150/375 (40%)
  [Epoch 101] Batch 200/375 (53%)
  [Epoch 101] Batch 250/375 (67%)
  [Epoch 101] Batch 300/375 (80%)
  [Epoch 101] Batch 350/375 (93%)
[Epoch 101/700] train_loss=0.5608 val_loss=0.5765 lr=9.50e-04 (25s)
  [Epoch 102] Batch 50/375 (13%)
  [Epoch 102] Batch 100/375 (27%)
  [Epoch 102] Batch 150/375 (40%)
  [Epoch 102] Batch 200/375 (53%)
  [Epoch 102] Batch 250/375 (67%)
  [Epoch 102] Batch 300/375 (80%)
  [Epoch 102] Batch 350/375 (93%)
[Epoch 102/700] train_loss=0.5600 val_loss=0.5787 lr=9.49e-04 (25s)
  [Epoch 103] Batch 50/375 (13%)
  [Epoch 103] Batch 100/375 (27%)
  [Epoch 103] Batch 150/375 (40%)
  [Epoch 103] Batch 200/375 (53%)
  [Epoch 103] Batch 250/375 (67%)
  [Epoch 103] Batch 300/375 (80%)
  [Epoch 103] Batch 350/375 (93%)
[Epoch 103/700] train_loss=0.5622 val_loss=0.5653 lr=9.48e-04 (25s)
  [Epoch 104] Batch 50/375 (13%)
  [Epoch 104] Batch 100/375 (27%)
  [Epoch 104] Batch 150/375 (40%)
  [Epoch 104] Batch 200/375 (53%)
  [Epoch 104] Batch 250/375 (67%)
  [Epoch 104] Batch 300/375 (80%)
  [Epoch 104] Batch 350/375 (93%)
[Epoch 104/700] train_loss=0.5641 val_loss=0.5704 lr=9.47e-04 (26s)
  [Epoch 105] Batch 50/375 (13%)
  [Epoch 105] Batch 100/375 (27%)
  [Epoch 105] Batch 150/375 (40%)
  [Epoch 105] Batch 200/375 (53%)
  [Epoch 105] Batch 250/375 (67%)
  [Epoch 105] Batch 300/375 (80%)
  [Epoch 105] Batch 350/375 (93%)
[Epoch 105/700] train_loss=0.5614 val_loss=0.5736 lr=9.46e-04 (25s)
  [Epoch 106] Batch 50/375 (13%)
  [Epoch 106] Batch 100/375 (27%)
  [Epoch 106] Batch 150/375 (40%)
  [Epoch 106] Batch 200/375 (53%)
  [Epoch 106] Batch 250/375 (67%)
  [Epoch 106] Batch 300/375 (80%)
  [Epoch 106] Batch 350/375 (93%)
[Epoch 106/700] train_loss=0.5588 val_loss=0.5720 lr=9.44e-04 (25s)
  [Epoch 107] Batch 50/375 (13%)
  [Epoch 107] Batch 100/375 (27%)
  [Epoch 107] Batch 150/375 (40%)
  [Epoch 107] Batch 200/375 (53%)
  [Epoch 107] Batch 250/375 (67%)
  [Epoch 107] Batch 300/375 (80%)
  [Epoch 107] Batch 350/375 (93%)
[Epoch 107/700] train_loss=0.5578 val_loss=0.5682 lr=9.43e-04 (25s)
  [Epoch 108] Batch 50/375 (13%)
  [Epoch 108] Batch 100/375 (27%)
  [Epoch 108] Batch 150/375 (40%)
  [Epoch 108] Batch 200/375 (53%)
  [Epoch 108] Batch 250/375 (67%)
  [Epoch 108] Batch 300/375 (80%)
  [Epoch 108] Batch 350/375 (93%)
[Epoch 108/700] train_loss=0.5551 val_loss=0.5542 lr=9.42e-04 (25s)
  [Epoch 109] Batch 50/375 (13%)
  [Epoch 109] Batch 100/375 (27%)
  [Epoch 109] Batch 150/375 (40%)
  [Epoch 109] Batch 200/375 (53%)
  [Epoch 109] Batch 250/375 (67%)
  [Epoch 109] Batch 300/375 (80%)
  [Epoch 109] Batch 350/375 (93%)
[Epoch 109/700] train_loss=0.5582 val_loss=0.5756 lr=9.41e-04 (25s)
  [Epoch 110] Batch 50/375 (13%)
  [Epoch 110] Batch 100/375 (27%)
  [Epoch 110] Batch 150/375 (40%)
  [Epoch 110] Batch 200/375 (53%)
  [Epoch 110] Batch 250/375 (67%)
  [Epoch 110] Batch 300/375 (80%)
  [Epoch 110] Batch 350/375 (93%)
[Epoch 110/700] train_loss=0.5632 val_loss=0.5580 lr=9.40e-04 (25s)
  [Epoch 111] Batch 50/375 (13%)
  [Epoch 111] Batch 100/375 (27%)
  [Epoch 111] Batch 150/375 (40%)
  [Epoch 111] Batch 200/375 (53%)
  [Epoch 111] Batch 250/375 (67%)
  [Epoch 111] Batch 300/375 (80%)
  [Epoch 111] Batch 350/375 (93%)
[Epoch 111/700] train_loss=0.5579 val_loss=0.5655 lr=9.39e-04 (24s)
  [Epoch 112] Batch 50/375 (13%)
  [Epoch 112] Batch 100/375 (27%)
  [Epoch 112] Batch 150/375 (40%)
  [Epoch 112] Batch 200/375 (53%)
  [Epoch 112] Batch 250/375 (67%)
  [Epoch 112] Batch 300/375 (80%)
  [Epoch 112] Batch 350/375 (93%)
[Epoch 112/700] train_loss=0.5566 val_loss=0.5737 lr=9.38e-04 (25s)
  [Epoch 113] Batch 50/375 (13%)
  [Epoch 113] Batch 100/375 (27%)
  [Epoch 113] Batch 150/375 (40%)
  [Epoch 113] Batch 200/375 (53%)
  [Epoch 113] Batch 250/375 (67%)
  [Epoch 113] Batch 300/375 (80%)
  [Epoch 113] Batch 350/375 (93%)
[Epoch 113/700] train_loss=0.5614 val_loss=0.5600 lr=9.37e-04 (25s)
  [Epoch 114] Batch 50/375 (13%)
  [Epoch 114] Batch 100/375 (27%)
  [Epoch 114] Batch 150/375 (40%)
  [Epoch 114] Batch 200/375 (53%)
  [Epoch 114] Batch 250/375 (67%)
  [Epoch 114] Batch 300/375 (80%)
  [Epoch 114] Batch 350/375 (93%)
[Epoch 114/700] train_loss=0.5582 val_loss=0.5599 lr=9.36e-04 (25s)
  [Epoch 115] Batch 50/375 (13%)
  [Epoch 115] Batch 100/375 (27%)
  [Epoch 115] Batch 150/375 (40%)
  [Epoch 115] Batch 200/375 (53%)
  [Epoch 115] Batch 250/375 (67%)
  [Epoch 115] Batch 300/375 (80%)
  [Epoch 115] Batch 350/375 (93%)
[Epoch 115/700] train_loss=0.5588 val_loss=0.5688 lr=9.35e-04 (25s)
  [Epoch 116] Batch 50/375 (13%)
  [Epoch 116] Batch 100/375 (27%)
  [Epoch 116] Batch 150/375 (40%)
  [Epoch 116] Batch 200/375 (53%)
  [Epoch 116] Batch 250/375 (67%)
  [Epoch 116] Batch 300/375 (80%)
  [Epoch 116] Batch 350/375 (93%)
[Epoch 116/700] train_loss=0.5636 val_loss=0.5891 lr=9.34e-04 (26s)
  [Epoch 117] Batch 50/375 (13%)
  [Epoch 117] Batch 100/375 (27%)
  [Epoch 117] Batch 150/375 (40%)
  [Epoch 117] Batch 200/375 (53%)
  [Epoch 117] Batch 250/375 (67%)
  [Epoch 117] Batch 300/375 (80%)
  [Epoch 117] Batch 350/375 (93%)
[Epoch 117/700] train_loss=0.5594 val_loss=0.5636 lr=9.33e-04 (25s)
  [Epoch 118] Batch 50/375 (13%)
  [Epoch 118] Batch 100/375 (27%)
  [Epoch 118] Batch 150/375 (40%)
  [Epoch 118] Batch 200/375 (53%)
  [Epoch 118] Batch 250/375 (67%)
  [Epoch 118] Batch 300/375 (80%)
  [Epoch 118] Batch 350/375 (93%)
[Epoch 118/700] train_loss=0.5533 val_loss=0.5659 lr=9.32e-04 (26s)
  [Epoch 119] Batch 50/375 (13%)
  [Epoch 119] Batch 100/375 (27%)
  [Epoch 119] Batch 150/375 (40%)
  [Epoch 119] Batch 200/375 (53%)
  [Epoch 119] Batch 250/375 (67%)
  [Epoch 119] Batch 300/375 (80%)
  [Epoch 119] Batch 350/375 (93%)
[Epoch 119/700] train_loss=0.5582 val_loss=0.5655 lr=9.30e-04 (25s)
  [Epoch 120] Batch 50/375 (13%)
  [Epoch 120] Batch 100/375 (27%)
  [Epoch 120] Batch 150/375 (40%)
  [Epoch 120] Batch 200/375 (53%)
  [Epoch 120] Batch 250/375 (67%)
  [Epoch 120] Batch 300/375 (80%)
  [Epoch 120] Batch 350/375 (93%)
[Epoch 120/700] train_loss=0.5541 val_loss=0.5585 lr=9.29e-04 (24s)
  [Epoch 121] Batch 50/375 (13%)
  [Epoch 121] Batch 100/375 (27%)
  [Epoch 121] Batch 150/375 (40%)
  [Epoch 121] Batch 200/375 (53%)
  [Epoch 121] Batch 250/375 (67%)
  [Epoch 121] Batch 300/375 (80%)
  [Epoch 121] Batch 350/375 (93%)
[Epoch 121/700] train_loss=0.5570 val_loss=0.5672 lr=9.28e-04 (25s)
  [Epoch 122] Batch 50/375 (13%)
  [Epoch 122] Batch 100/375 (27%)
  [Epoch 122] Batch 150/375 (40%)
  [Epoch 122] Batch 200/375 (53%)
  [Epoch 122] Batch 250/375 (67%)
  [Epoch 122] Batch 300/375 (80%)
  [Epoch 122] Batch 350/375 (93%)
[Epoch 122/700] train_loss=0.5545 val_loss=0.5565 lr=9.27e-04 (26s)
  [Epoch 123] Batch 50/375 (13%)
  [Epoch 123] Batch 100/375 (27%)
  [Epoch 123] Batch 150/375 (40%)
  [Epoch 123] Batch 200/375 (53%)
  [Epoch 123] Batch 250/375 (67%)
  [Epoch 123] Batch 300/375 (80%)
  [Epoch 123] Batch 350/375 (93%)
[Epoch 123/700] train_loss=0.5533 val_loss=0.5462 lr=9.26e-04 (25s)
Metric val/loss improved by 0.007 >= min_delta = 0.0. New best score: 0.546
  [Epoch 124] Batch 50/375 (13%)
  [Epoch 124] Batch 100/375 (27%)
  [Epoch 124] Batch 150/375 (40%)
  [Epoch 124] Batch 200/375 (53%)
  [Epoch 124] Batch 250/375 (67%)
  [Epoch 124] Batch 300/375 (80%)
  [Epoch 124] Batch 350/375 (93%)
[Epoch 124/700] train_loss=0.5598 val_loss=0.5616 lr=9.25e-04 (25s)
  [Epoch 125] Batch 50/375 (13%)
  [Epoch 125] Batch 100/375 (27%)
  [Epoch 125] Batch 150/375 (40%)
  [Epoch 125] Batch 200/375 (53%)
  [Epoch 125] Batch 250/375 (67%)
  [Epoch 125] Batch 300/375 (80%)
  [Epoch 125] Batch 350/375 (93%)
[Epoch 125/700] train_loss=0.5591 val_loss=0.5520 lr=9.23e-04 (26s)
  [Epoch 126] Batch 50/375 (13%)
  [Epoch 126] Batch 100/375 (27%)
  [Epoch 126] Batch 150/375 (40%)
  [Epoch 126] Batch 200/375 (53%)
  [Epoch 126] Batch 250/375 (67%)
  [Epoch 126] Batch 300/375 (80%)
  [Epoch 126] Batch 350/375 (93%)
[Epoch 126/700] train_loss=0.5558 val_loss=0.5589 lr=9.22e-04 (25s)
  [Epoch 127] Batch 50/375 (13%)
  [Epoch 127] Batch 100/375 (27%)
  [Epoch 127] Batch 150/375 (40%)
  [Epoch 127] Batch 200/375 (53%)
  [Epoch 127] Batch 250/375 (67%)
  [Epoch 127] Batch 300/375 (80%)
  [Epoch 127] Batch 350/375 (93%)
[Epoch 127/700] train_loss=0.5542 val_loss=0.5550 lr=9.21e-04 (25s)
  [Epoch 128] Batch 50/375 (13%)
  [Epoch 128] Batch 100/375 (27%)
  [Epoch 128] Batch 150/375 (40%)
  [Epoch 128] Batch 200/375 (53%)
  [Epoch 128] Batch 250/375 (67%)
  [Epoch 128] Batch 300/375 (80%)
  [Epoch 128] Batch 350/375 (93%)
[Epoch 128/700] train_loss=0.5539 val_loss=0.5575 lr=9.20e-04 (25s)
  [Epoch 129] Batch 50/375 (13%)
  [Epoch 129] Batch 100/375 (27%)
  [Epoch 129] Batch 150/375 (40%)
  [Epoch 129] Batch 200/375 (53%)
  [Epoch 129] Batch 250/375 (67%)
  [Epoch 129] Batch 300/375 (80%)
  [Epoch 129] Batch 350/375 (93%)
[Epoch 129/700] train_loss=0.5534 val_loss=0.5534 lr=9.19e-04 (26s)
  [Epoch 130] Batch 50/375 (13%)
  [Epoch 130] Batch 100/375 (27%)
  [Epoch 130] Batch 150/375 (40%)
  [Epoch 130] Batch 200/375 (53%)
  [Epoch 130] Batch 250/375 (67%)
  [Epoch 130] Batch 300/375 (80%)
  [Epoch 130] Batch 350/375 (93%)
[Epoch 130/700] train_loss=0.5558 val_loss=0.5568 lr=9.17e-04 (26s)
  [Epoch 131] Batch 50/375 (13%)
  [Epoch 131] Batch 100/375 (27%)
  [Epoch 131] Batch 150/375 (40%)
  [Epoch 131] Batch 200/375 (53%)
  [Epoch 131] Batch 250/375 (67%)
  [Epoch 131] Batch 300/375 (80%)
  [Epoch 131] Batch 350/375 (93%)
[Epoch 131/700] train_loss=0.5483 val_loss=0.5560 lr=9.16e-04 (26s)
  [Epoch 132] Batch 50/375 (13%)
  [Epoch 132] Batch 100/375 (27%)
  [Epoch 132] Batch 150/375 (40%)
  [Epoch 132] Batch 200/375 (53%)
  [Epoch 132] Batch 250/375 (67%)
  [Epoch 132] Batch 300/375 (80%)
  [Epoch 132] Batch 350/375 (93%)
[Epoch 132/700] train_loss=0.5527 val_loss=0.5616 lr=9.15e-04 (26s)
  [Epoch 133] Batch 50/375 (13%)
  [Epoch 133] Batch 100/375 (27%)
  [Epoch 133] Batch 150/375 (40%)
  [Epoch 133] Batch 200/375 (53%)
  [Epoch 133] Batch 250/375 (67%)
  [Epoch 133] Batch 300/375 (80%)
  [Epoch 133] Batch 350/375 (93%)
[Epoch 133/700] train_loss=0.5526 val_loss=0.5563 lr=9.14e-04 (25s)
  [Epoch 134] Batch 50/375 (13%)
  [Epoch 134] Batch 100/375 (27%)
  [Epoch 134] Batch 150/375 (40%)
  [Epoch 134] Batch 200/375 (53%)
  [Epoch 134] Batch 250/375 (67%)
  [Epoch 134] Batch 300/375 (80%)
  [Epoch 134] Batch 350/375 (93%)
[Epoch 134/700] train_loss=0.5541 val_loss=0.5514 lr=9.12e-04 (25s)
  [Epoch 135] Batch 50/375 (13%)
  [Epoch 135] Batch 100/375 (27%)
  [Epoch 135] Batch 150/375 (40%)
  [Epoch 135] Batch 200/375 (53%)
  [Epoch 135] Batch 250/375 (67%)
  [Epoch 135] Batch 300/375 (80%)
  [Epoch 135] Batch 350/375 (93%)
[Epoch 135/700] train_loss=0.5531 val_loss=0.5582 lr=9.11e-04 (25s)
  [Epoch 136] Batch 50/375 (13%)
  [Epoch 136] Batch 100/375 (27%)
  [Epoch 136] Batch 150/375 (40%)
  [Epoch 136] Batch 200/375 (53%)
  [Epoch 136] Batch 250/375 (67%)
  [Epoch 136] Batch 300/375 (80%)
  [Epoch 136] Batch 350/375 (93%)
[Epoch 136/700] train_loss=0.5513 val_loss=0.5499 lr=9.10e-04 (25s)
  [Epoch 137] Batch 50/375 (13%)
  [Epoch 137] Batch 100/375 (27%)
  [Epoch 137] Batch 150/375 (40%)
  [Epoch 137] Batch 200/375 (53%)
  [Epoch 137] Batch 250/375 (67%)
  [Epoch 137] Batch 300/375 (80%)
  [Epoch 137] Batch 350/375 (93%)
[Epoch 137/700] train_loss=0.5522 val_loss=0.5651 lr=9.08e-04 (25s)
  [Epoch 138] Batch 50/375 (13%)
  [Epoch 138] Batch 100/375 (27%)
  [Epoch 138] Batch 150/375 (40%)
  [Epoch 138] Batch 200/375 (53%)
  [Epoch 138] Batch 250/375 (67%)
  [Epoch 138] Batch 300/375 (80%)
  [Epoch 138] Batch 350/375 (93%)
[Epoch 138/700] train_loss=0.5515 val_loss=0.5687 lr=9.07e-04 (25s)
  [Epoch 139] Batch 50/375 (13%)
  [Epoch 139] Batch 100/375 (27%)
  [Epoch 139] Batch 150/375 (40%)
  [Epoch 139] Batch 200/375 (53%)
  [Epoch 139] Batch 250/375 (67%)
  [Epoch 139] Batch 300/375 (80%)
  [Epoch 139] Batch 350/375 (93%)
[Epoch 139/700] train_loss=0.5441 val_loss=0.5570 lr=9.06e-04 (26s)
  [Epoch 140] Batch 50/375 (13%)
  [Epoch 140] Batch 100/375 (27%)
  [Epoch 140] Batch 150/375 (40%)
  [Epoch 140] Batch 200/375 (53%)
  [Epoch 140] Batch 250/375 (67%)
  [Epoch 140] Batch 300/375 (80%)
  [Epoch 140] Batch 350/375 (93%)
[Epoch 140/700] train_loss=0.5497 val_loss=0.5482 lr=9.05e-04 (25s)
  [Epoch 141] Batch 50/375 (13%)
  [Epoch 141] Batch 100/375 (27%)
  [Epoch 141] Batch 150/375 (40%)
  [Epoch 141] Batch 200/375 (53%)
  [Epoch 141] Batch 250/375 (67%)
  [Epoch 141] Batch 300/375 (80%)
  [Epoch 141] Batch 350/375 (93%)
[Epoch 141/700] train_loss=0.5451 val_loss=0.5486 lr=9.03e-04 (25s)
  [Epoch 142] Batch 50/375 (13%)
  [Epoch 142] Batch 100/375 (27%)
  [Epoch 142] Batch 150/375 (40%)
  [Epoch 142] Batch 200/375 (53%)
  [Epoch 142] Batch 250/375 (67%)
  [Epoch 142] Batch 300/375 (80%)
  [Epoch 142] Batch 350/375 (93%)
[Epoch 142/700] train_loss=0.5498 val_loss=0.5544 lr=9.02e-04 (26s)
  [Epoch 143] Batch 50/375 (13%)
  [Epoch 143] Batch 100/375 (27%)
  [Epoch 143] Batch 150/375 (40%)
  [Epoch 143] Batch 200/375 (53%)
  [Epoch 143] Batch 250/375 (67%)
  [Epoch 143] Batch 300/375 (80%)
  [Epoch 143] Batch 350/375 (93%)
[Epoch 143/700] train_loss=0.5462 val_loss=0.5499 lr=9.01e-04 (25s)
  [Epoch 144] Batch 50/375 (13%)
  [Epoch 144] Batch 100/375 (27%)
  [Epoch 144] Batch 150/375 (40%)
  [Epoch 144] Batch 200/375 (53%)
  [Epoch 144] Batch 250/375 (67%)
  [Epoch 144] Batch 300/375 (80%)
  [Epoch 144] Batch 350/375 (93%)
[Epoch 144/700] train_loss=0.5552 val_loss=0.5740 lr=8.99e-04 (25s)
  [Epoch 145] Batch 50/375 (13%)
  [Epoch 145] Batch 100/375 (27%)
  [Epoch 145] Batch 150/375 (40%)
  [Epoch 145] Batch 200/375 (53%)
  [Epoch 145] Batch 250/375 (67%)
  [Epoch 145] Batch 300/375 (80%)
  [Epoch 145] Batch 350/375 (93%)
[Epoch 145/700] train_loss=0.5517 val_loss=0.5658 lr=8.98e-04 (25s)
  [Epoch 146] Batch 50/375 (13%)
  [Epoch 146] Batch 100/375 (27%)
  [Epoch 146] Batch 150/375 (40%)
  [Epoch 146] Batch 200/375 (53%)
  [Epoch 146] Batch 250/375 (67%)
  [Epoch 146] Batch 300/375 (80%)
  [Epoch 146] Batch 350/375 (93%)
[Epoch 146/700] train_loss=0.5466 val_loss=0.5539 lr=8.96e-04 (25s)
  [Epoch 147] Batch 50/375 (13%)
  [Epoch 147] Batch 100/375 (27%)
  [Epoch 147] Batch 150/375 (40%)
  [Epoch 147] Batch 200/375 (53%)
  [Epoch 147] Batch 250/375 (67%)
  [Epoch 147] Batch 300/375 (80%)
  [Epoch 147] Batch 350/375 (93%)
[Epoch 147/700] train_loss=0.5496 val_loss=0.5551 lr=8.95e-04 (25s)
  [Epoch 148] Batch 50/375 (13%)
  [Epoch 148] Batch 100/375 (27%)
  [Epoch 148] Batch 150/375 (40%)
  [Epoch 148] Batch 200/375 (53%)
  [Epoch 148] Batch 250/375 (67%)
  [Epoch 148] Batch 300/375 (80%)
  [Epoch 148] Batch 350/375 (93%)
[Epoch 148/700] train_loss=0.5460 val_loss=0.5516 lr=8.94e-04 (25s)
  [Epoch 149] Batch 50/375 (13%)
  [Epoch 149] Batch 100/375 (27%)
  [Epoch 149] Batch 150/375 (40%)
  [Epoch 149] Batch 200/375 (53%)
  [Epoch 149] Batch 250/375 (67%)
  [Epoch 149] Batch 300/375 (80%)
  [Epoch 149] Batch 350/375 (93%)
[Epoch 149/700] train_loss=0.5456 val_loss=0.5404 lr=8.92e-04 (25s)
Metric val/loss improved by 0.006 >= min_delta = 0.0. New best score: 0.540
  [Epoch 150] Batch 50/375 (13%)
  [Epoch 150] Batch 100/375 (27%)
  [Epoch 150] Batch 150/375 (40%)
  [Epoch 150] Batch 200/375 (53%)
  [Epoch 150] Batch 250/375 (67%)
  [Epoch 150] Batch 300/375 (80%)
  [Epoch 150] Batch 350/375 (93%)
[Epoch 150/700] train_loss=0.5457 val_loss=0.5515 lr=8.91e-04 (25s)
  [Epoch 151] Batch 50/375 (13%)
  [Epoch 151] Batch 100/375 (27%)
  [Epoch 151] Batch 150/375 (40%)
  [Epoch 151] Batch 200/375 (53%)
  [Epoch 151] Batch 250/375 (67%)
  [Epoch 151] Batch 300/375 (80%)
  [Epoch 151] Batch 350/375 (93%)
[Epoch 151/700] train_loss=0.5363 val_loss=0.5516 lr=8.90e-04 (25s)
  [Epoch 152] Batch 50/375 (13%)
  [Epoch 152] Batch 100/375 (27%)
  [Epoch 152] Batch 150/375 (40%)
  [Epoch 152] Batch 200/375 (53%)
  [Epoch 152] Batch 250/375 (67%)
  [Epoch 152] Batch 300/375 (80%)
  [Epoch 152] Batch 350/375 (93%)
[Epoch 152/700] train_loss=0.5441 val_loss=0.5496 lr=8.88e-04 (25s)
  [Epoch 153] Batch 50/375 (13%)
  [Epoch 153] Batch 100/375 (27%)
  [Epoch 153] Batch 150/375 (40%)
  [Epoch 153] Batch 200/375 (53%)
  [Epoch 153] Batch 250/375 (67%)
  [Epoch 153] Batch 300/375 (80%)
  [Epoch 153] Batch 350/375 (93%)
[Epoch 153/700] train_loss=0.5470 val_loss=0.5442 lr=8.87e-04 (25s)
  [Epoch 154] Batch 50/375 (13%)
  [Epoch 154] Batch 100/375 (27%)
  [Epoch 154] Batch 150/375 (40%)
  [Epoch 154] Batch 200/375 (53%)
  [Epoch 154] Batch 250/375 (67%)
  [Epoch 154] Batch 300/375 (80%)
  [Epoch 154] Batch 350/375 (93%)
[Epoch 154/700] train_loss=0.5389 val_loss=0.5591 lr=8.85e-04 (25s)
  [Epoch 155] Batch 50/375 (13%)
  [Epoch 155] Batch 100/375 (27%)
  [Epoch 155] Batch 150/375 (40%)
  [Epoch 155] Batch 200/375 (53%)
  [Epoch 155] Batch 250/375 (67%)
  [Epoch 155] Batch 300/375 (80%)
  [Epoch 155] Batch 350/375 (93%)
[Epoch 155/700] train_loss=0.5416 val_loss=0.5528 lr=8.84e-04 (25s)
  [Epoch 156] Batch 50/375 (13%)
  [Epoch 156] Batch 100/375 (27%)
  [Epoch 156] Batch 150/375 (40%)
  [Epoch 156] Batch 200/375 (53%)
  [Epoch 156] Batch 250/375 (67%)
  [Epoch 156] Batch 300/375 (80%)
  [Epoch 156] Batch 350/375 (93%)
[Epoch 156/700] train_loss=0.5410 val_loss=0.5481 lr=8.82e-04 (25s)
  [Epoch 157] Batch 50/375 (13%)
  [Epoch 157] Batch 100/375 (27%)
  [Epoch 157] Batch 150/375 (40%)
  [Epoch 157] Batch 200/375 (53%)
  [Epoch 157] Batch 250/375 (67%)
  [Epoch 157] Batch 300/375 (80%)
  [Epoch 157] Batch 350/375 (93%)
[Epoch 157/700] train_loss=0.5461 val_loss=0.5465 lr=8.81e-04 (26s)
  [Epoch 158] Batch 50/375 (13%)
  [Epoch 158] Batch 100/375 (27%)
  [Epoch 158] Batch 150/375 (40%)
  [Epoch 158] Batch 200/375 (53%)
  [Epoch 158] Batch 250/375 (67%)
  [Epoch 158] Batch 300/375 (80%)
  [Epoch 158] Batch 350/375 (93%)
[Epoch 158/700] train_loss=0.5447 val_loss=0.5415 lr=8.79e-04 (25s)
  [Epoch 159] Batch 50/375 (13%)
  [Epoch 159] Batch 100/375 (27%)
  [Epoch 159] Batch 150/375 (40%)
  [Epoch 159] Batch 200/375 (53%)
  [Epoch 159] Batch 250/375 (67%)
  [Epoch 159] Batch 300/375 (80%)
  [Epoch 159] Batch 350/375 (93%)
[Epoch 159/700] train_loss=0.5421 val_loss=0.5528 lr=8.78e-04 (25s)
  [Epoch 160] Batch 50/375 (13%)
  [Epoch 160] Batch 100/375 (27%)
  [Epoch 160] Batch 150/375 (40%)
  [Epoch 160] Batch 200/375 (53%)
  [Epoch 160] Batch 250/375 (67%)
  [Epoch 160] Batch 300/375 (80%)
  [Epoch 160] Batch 350/375 (93%)
[Epoch 160/700] train_loss=0.5415 val_loss=0.5492 lr=8.77e-04 (25s)
  [Epoch 161] Batch 50/375 (13%)
  [Epoch 161] Batch 100/375 (27%)
  [Epoch 161] Batch 150/375 (40%)
  [Epoch 161] Batch 200/375 (53%)
  [Epoch 161] Batch 250/375 (67%)
  [Epoch 161] Batch 300/375 (80%)
  [Epoch 161] Batch 350/375 (93%)
[Epoch 161/700] train_loss=0.5440 val_loss=0.5419 lr=8.75e-04 (25s)
  [Epoch 162] Batch 50/375 (13%)
  [Epoch 162] Batch 100/375 (27%)
  [Epoch 162] Batch 150/375 (40%)
  [Epoch 162] Batch 200/375 (53%)
  [Epoch 162] Batch 250/375 (67%)
  [Epoch 162] Batch 300/375 (80%)
  [Epoch 162] Batch 350/375 (93%)
[Epoch 162/700] train_loss=0.5426 val_loss=0.5512 lr=8.74e-04 (25s)
  [Epoch 163] Batch 50/375 (13%)
  [Epoch 163] Batch 100/375 (27%)
  [Epoch 163] Batch 150/375 (40%)
  [Epoch 163] Batch 200/375 (53%)
  [Epoch 163] Batch 250/375 (67%)
  [Epoch 163] Batch 300/375 (80%)
  [Epoch 163] Batch 350/375 (93%)
[Epoch 163/700] train_loss=0.5386 val_loss=0.5381 lr=8.72e-04 (25s)
Metric val/loss improved by 0.002 >= min_delta = 0.0. New best score: 0.538
  [Epoch 164] Batch 50/375 (13%)
  [Epoch 164] Batch 100/375 (27%)
  [Epoch 164] Batch 150/375 (40%)
  [Epoch 164] Batch 200/375 (53%)
  [Epoch 164] Batch 250/375 (67%)
  [Epoch 164] Batch 300/375 (80%)
  [Epoch 164] Batch 350/375 (93%)
[Epoch 164/700] train_loss=0.5435 val_loss=0.5494 lr=8.71e-04 (25s)
  [Epoch 165] Batch 50/375 (13%)
  [Epoch 165] Batch 100/375 (27%)
  [Epoch 165] Batch 150/375 (40%)
  [Epoch 165] Batch 200/375 (53%)
  [Epoch 165] Batch 250/375 (67%)
  [Epoch 165] Batch 300/375 (80%)
  [Epoch 165] Batch 350/375 (93%)
[Epoch 165/700] train_loss=0.5389 val_loss=0.5646 lr=8.69e-04 (25s)
  [Epoch 166] Batch 50/375 (13%)
  [Epoch 166] Batch 100/375 (27%)
  [Epoch 166] Batch 150/375 (40%)
  [Epoch 166] Batch 200/375 (53%)
  [Epoch 166] Batch 250/375 (67%)
  [Epoch 166] Batch 300/375 (80%)
  [Epoch 166] Batch 350/375 (93%)
[Epoch 166/700] train_loss=0.5391 val_loss=0.5530 lr=8.68e-04 (25s)
  [Epoch 167] Batch 50/375 (13%)
  [Epoch 167] Batch 100/375 (27%)
  [Epoch 167] Batch 150/375 (40%)
  [Epoch 167] Batch 200/375 (53%)
  [Epoch 167] Batch 250/375 (67%)
  [Epoch 167] Batch 300/375 (80%)
  [Epoch 167] Batch 350/375 (93%)
[Epoch 167/700] train_loss=0.5423 val_loss=0.5418 lr=8.66e-04 (25s)
  [Epoch 168] Batch 50/375 (13%)
  [Epoch 168] Batch 100/375 (27%)
  [Epoch 168] Batch 150/375 (40%)
  [Epoch 168] Batch 200/375 (53%)
  [Epoch 168] Batch 250/375 (67%)
  [Epoch 168] Batch 300/375 (80%)
  [Epoch 168] Batch 350/375 (93%)
[Epoch 168/700] train_loss=0.5414 val_loss=0.5544 lr=8.64e-04 (25s)
  [Epoch 169] Batch 50/375 (13%)
  [Epoch 169] Batch 100/375 (27%)
  [Epoch 169] Batch 150/375 (40%)
  [Epoch 169] Batch 200/375 (53%)
  [Epoch 169] Batch 250/375 (67%)
  [Epoch 169] Batch 300/375 (80%)
  [Epoch 169] Batch 350/375 (93%)
[Epoch 169/700] train_loss=0.5359 val_loss=0.5410 lr=8.63e-04 (26s)
  [Epoch 170] Batch 50/375 (13%)
  [Epoch 170] Batch 100/375 (27%)
  [Epoch 170] Batch 150/375 (40%)
  [Epoch 170] Batch 200/375 (53%)
  [Epoch 170] Batch 250/375 (67%)
  [Epoch 170] Batch 300/375 (80%)
  [Epoch 170] Batch 350/375 (93%)
[Epoch 170/700] train_loss=0.5401 val_loss=0.5539 lr=8.61e-04 (26s)
  [Epoch 171] Batch 50/375 (13%)
  [Epoch 171] Batch 100/375 (27%)
  [Epoch 171] Batch 150/375 (40%)
  [Epoch 171] Batch 200/375 (53%)
  [Epoch 171] Batch 250/375 (67%)
  [Epoch 171] Batch 300/375 (80%)
  [Epoch 171] Batch 350/375 (93%)
[Epoch 171/700] train_loss=0.5390 val_loss=0.5296 lr=8.60e-04 (25s)
Metric val/loss improved by 0.009 >= min_delta = 0.0. New best score: 0.530
  [Epoch 172] Batch 50/375 (13%)
  [Epoch 172] Batch 100/375 (27%)
  [Epoch 172] Batch 150/375 (40%)
  [Epoch 172] Batch 200/375 (53%)
  [Epoch 172] Batch 250/375 (67%)
  [Epoch 172] Batch 300/375 (80%)
  [Epoch 172] Batch 350/375 (93%)
[Epoch 172/700] train_loss=0.5346 val_loss=0.5424 lr=8.58e-04 (25s)
  [Epoch 173] Batch 50/375 (13%)
  [Epoch 173] Batch 100/375 (27%)
  [Epoch 173] Batch 150/375 (40%)
  [Epoch 173] Batch 200/375 (53%)
  [Epoch 173] Batch 250/375 (67%)
  [Epoch 173] Batch 300/375 (80%)
  [Epoch 173] Batch 350/375 (93%)
[Epoch 173/700] train_loss=0.5396 val_loss=0.5607 lr=8.57e-04 (26s)
  [Epoch 174] Batch 50/375 (13%)
  [Epoch 174] Batch 100/375 (27%)
  [Epoch 174] Batch 150/375 (40%)
  [Epoch 174] Batch 200/375 (53%)
  [Epoch 174] Batch 250/375 (67%)
  [Epoch 174] Batch 300/375 (80%)
  [Epoch 174] Batch 350/375 (93%)
[Epoch 174/700] train_loss=0.5394 val_loss=0.5552 lr=8.55e-04 (25s)
  [Epoch 175] Batch 50/375 (13%)
  [Epoch 175] Batch 100/375 (27%)
  [Epoch 175] Batch 150/375 (40%)
  [Epoch 175] Batch 200/375 (53%)
  [Epoch 175] Batch 250/375 (67%)
  [Epoch 175] Batch 300/375 (80%)
  [Epoch 175] Batch 350/375 (93%)
[Epoch 175/700] train_loss=0.5375 val_loss=0.5406 lr=8.54e-04 (25s)
  [Epoch 176] Batch 50/375 (13%)
  [Epoch 176] Batch 100/375 (27%)
  [Epoch 176] Batch 150/375 (40%)
  [Epoch 176] Batch 200/375 (53%)
  [Epoch 176] Batch 250/375 (67%)
  [Epoch 176] Batch 300/375 (80%)
  [Epoch 176] Batch 350/375 (93%)
[Epoch 176/700] train_loss=0.5313 val_loss=0.5453 lr=8.52e-04 (26s)
  [Epoch 177] Batch 50/375 (13%)
  [Epoch 177] Batch 100/375 (27%)
  [Epoch 177] Batch 150/375 (40%)
  [Epoch 177] Batch 200/375 (53%)
  [Epoch 177] Batch 250/375 (67%)
  [Epoch 177] Batch 300/375 (80%)
  [Epoch 177] Batch 350/375 (93%)
[Epoch 177/700] train_loss=0.5380 val_loss=0.5439 lr=8.50e-04 (25s)
  [Epoch 178] Batch 50/375 (13%)
  [Epoch 178] Batch 100/375 (27%)
  [Epoch 178] Batch 150/375 (40%)
  [Epoch 178] Batch 200/375 (53%)
  [Epoch 178] Batch 250/375 (67%)
  [Epoch 178] Batch 300/375 (80%)
  [Epoch 178] Batch 350/375 (93%)
[Epoch 178/700] train_loss=0.5359 val_loss=0.5432 lr=8.49e-04 (25s)
  [Epoch 179] Batch 50/375 (13%)
  [Epoch 179] Batch 100/375 (27%)
  [Epoch 179] Batch 150/375 (40%)
  [Epoch 179] Batch 200/375 (53%)
  [Epoch 179] Batch 250/375 (67%)
  [Epoch 179] Batch 300/375 (80%)
  [Epoch 179] Batch 350/375 (93%)
[Epoch 179/700] train_loss=0.5363 val_loss=0.5264 lr=8.47e-04 (25s)
Metric val/loss improved by 0.003 >= min_delta = 0.0. New best score: 0.526
  [Epoch 180] Batch 50/375 (13%)
  [Epoch 180] Batch 100/375 (27%)
  [Epoch 180] Batch 150/375 (40%)
  [Epoch 180] Batch 200/375 (53%)
  [Epoch 180] Batch 250/375 (67%)
  [Epoch 180] Batch 300/375 (80%)
  [Epoch 180] Batch 350/375 (93%)
[Epoch 180/700] train_loss=0.5351 val_loss=0.5436 lr=8.46e-04 (25s)
  [Epoch 181] Batch 50/375 (13%)
  [Epoch 181] Batch 100/375 (27%)
  [Epoch 181] Batch 150/375 (40%)
  [Epoch 181] Batch 200/375 (53%)
  [Epoch 181] Batch 250/375 (67%)
  [Epoch 181] Batch 300/375 (80%)
  [Epoch 181] Batch 350/375 (93%)
[Epoch 181/700] train_loss=0.5317 val_loss=0.5463 lr=8.44e-04 (24s)
  [Epoch 182] Batch 50/375 (13%)
  [Epoch 182] Batch 100/375 (27%)
  [Epoch 182] Batch 150/375 (40%)
  [Epoch 182] Batch 200/375 (53%)
  [Epoch 182] Batch 250/375 (67%)
  [Epoch 182] Batch 300/375 (80%)
  [Epoch 182] Batch 350/375 (93%)
[Epoch 182/700] train_loss=0.5337 val_loss=0.5366 lr=8.42e-04 (25s)
  [Epoch 183] Batch 50/375 (13%)
  [Epoch 183] Batch 100/375 (27%)
  [Epoch 183] Batch 150/375 (40%)
  [Epoch 183] Batch 200/375 (53%)
  [Epoch 183] Batch 250/375 (67%)
  [Epoch 183] Batch 300/375 (80%)
  [Epoch 183] Batch 350/375 (93%)
[Epoch 183/700] train_loss=0.5378 val_loss=0.5384 lr=8.41e-04 (26s)
  [Epoch 184] Batch 50/375 (13%)
  [Epoch 184] Batch 100/375 (27%)
  [Epoch 184] Batch 150/375 (40%)
  [Epoch 184] Batch 200/375 (53%)
  [Epoch 184] Batch 250/375 (67%)
  [Epoch 184] Batch 300/375 (80%)
  [Epoch 184] Batch 350/375 (93%)
[Epoch 184/700] train_loss=0.5364 val_loss=0.5403 lr=8.39e-04 (25s)
  [Epoch 185] Batch 50/375 (13%)
  [Epoch 185] Batch 100/375 (27%)
  [Epoch 185] Batch 150/375 (40%)
  [Epoch 185] Batch 200/375 (53%)
  [Epoch 185] Batch 250/375 (67%)
  [Epoch 185] Batch 300/375 (80%)
  [Epoch 185] Batch 350/375 (93%)
[Epoch 185/700] train_loss=0.5335 val_loss=0.5421 lr=8.37e-04 (25s)
  [Epoch 186] Batch 50/375 (13%)
  [Epoch 186] Batch 100/375 (27%)
  [Epoch 186] Batch 150/375 (40%)
  [Epoch 186] Batch 200/375 (53%)
  [Epoch 186] Batch 250/375 (67%)
  [Epoch 186] Batch 300/375 (80%)
  [Epoch 186] Batch 350/375 (93%)
[Epoch 186/700] train_loss=0.5334 val_loss=0.5417 lr=8.36e-04 (25s)
  [Epoch 187] Batch 50/375 (13%)
  [Epoch 187] Batch 100/375 (27%)
  [Epoch 187] Batch 150/375 (40%)
  [Epoch 187] Batch 200/375 (53%)
  [Epoch 187] Batch 250/375 (67%)
  [Epoch 187] Batch 300/375 (80%)
  [Epoch 187] Batch 350/375 (93%)
[Epoch 187/700] train_loss=0.5325 val_loss=0.5316 lr=8.34e-04 (25s)
  [Epoch 188] Batch 50/375 (13%)
  [Epoch 188] Batch 100/375 (27%)
  [Epoch 188] Batch 150/375 (40%)
  [Epoch 188] Batch 200/375 (53%)
  [Epoch 188] Batch 250/375 (67%)
  [Epoch 188] Batch 300/375 (80%)
  [Epoch 188] Batch 350/375 (93%)
[Epoch 188/700] train_loss=0.5302 val_loss=0.5317 lr=8.32e-04 (25s)
  [Epoch 189] Batch 50/375 (13%)
  [Epoch 189] Batch 100/375 (27%)
  [Epoch 189] Batch 150/375 (40%)
  [Epoch 189] Batch 200/375 (53%)
  [Epoch 189] Batch 250/375 (67%)
  [Epoch 189] Batch 300/375 (80%)
  [Epoch 189] Batch 350/375 (93%)
[Epoch 189/700] train_loss=0.5335 val_loss=0.5464 lr=8.31e-04 (25s)
  [Epoch 190] Batch 50/375 (13%)
  [Epoch 190] Batch 100/375 (27%)
  [Epoch 190] Batch 150/375 (40%)
  [Epoch 190] Batch 200/375 (53%)
  [Epoch 190] Batch 250/375 (67%)
  [Epoch 190] Batch 300/375 (80%)
  [Epoch 190] Batch 350/375 (93%)
[Epoch 190/700] train_loss=0.5321 val_loss=0.5432 lr=8.29e-04 (25s)
  [Epoch 191] Batch 50/375 (13%)
  [Epoch 191] Batch 100/375 (27%)
  [Epoch 191] Batch 150/375 (40%)
  [Epoch 191] Batch 200/375 (53%)
  [Epoch 191] Batch 250/375 (67%)
  [Epoch 191] Batch 300/375 (80%)
  [Epoch 191] Batch 350/375 (93%)
[Epoch 191/700] train_loss=0.5316 val_loss=0.5493 lr=8.27e-04 (25s)
  [Epoch 192] Batch 50/375 (13%)
  [Epoch 192] Batch 100/375 (27%)
  [Epoch 192] Batch 150/375 (40%)
  [Epoch 192] Batch 200/375 (53%)
  [Epoch 192] Batch 250/375 (67%)
  [Epoch 192] Batch 300/375 (80%)
  [Epoch 192] Batch 350/375 (93%)
[Epoch 192/700] train_loss=0.5361 val_loss=0.5390 lr=8.26e-04 (25s)
  [Epoch 193] Batch 50/375 (13%)
  [Epoch 193] Batch 100/375 (27%)
  [Epoch 193] Batch 150/375 (40%)
  [Epoch 193] Batch 200/375 (53%)
  [Epoch 193] Batch 250/375 (67%)
  [Epoch 193] Batch 300/375 (80%)
  [Epoch 193] Batch 350/375 (93%)
[Epoch 193/700] train_loss=0.5364 val_loss=0.5317 lr=8.24e-04 (25s)
  [Epoch 194] Batch 50/375 (13%)
  [Epoch 194] Batch 100/375 (27%)
  [Epoch 194] Batch 150/375 (40%)
  [Epoch 194] Batch 200/375 (53%)
  [Epoch 194] Batch 250/375 (67%)
  [Epoch 194] Batch 300/375 (80%)
  [Epoch 194] Batch 350/375 (93%)
[Epoch 194/700] train_loss=0.5298 val_loss=0.5479 lr=8.22e-04 (25s)
  [Epoch 195] Batch 50/375 (13%)
  [Epoch 195] Batch 100/375 (27%)
  [Epoch 195] Batch 150/375 (40%)
  [Epoch 195] Batch 200/375 (53%)
  [Epoch 195] Batch 250/375 (67%)
  [Epoch 195] Batch 300/375 (80%)
  [Epoch 195] Batch 350/375 (93%)
[Epoch 195/700] train_loss=0.5284 val_loss=0.5441 lr=8.20e-04 (25s)
  [Epoch 196] Batch 50/375 (13%)
  [Epoch 196] Batch 100/375 (27%)
  [Epoch 196] Batch 150/375 (40%)
  [Epoch 196] Batch 200/375 (53%)
  [Epoch 196] Batch 250/375 (67%)
  [Epoch 196] Batch 300/375 (80%)
  [Epoch 196] Batch 350/375 (93%)
[Epoch 196/700] train_loss=0.5296 val_loss=0.5395 lr=8.19e-04 (25s)
  [Epoch 197] Batch 50/375 (13%)
  [Epoch 197] Batch 100/375 (27%)
  [Epoch 197] Batch 150/375 (40%)
  [Epoch 197] Batch 200/375 (53%)
  [Epoch 197] Batch 250/375 (67%)
  [Epoch 197] Batch 300/375 (80%)
  [Epoch 197] Batch 350/375 (93%)
[Epoch 197/700] train_loss=0.5336 val_loss=0.5498 lr=8.17e-04 (25s)
  [Epoch 198] Batch 50/375 (13%)
  [Epoch 198] Batch 100/375 (27%)
  [Epoch 198] Batch 150/375 (40%)
  [Epoch 198] Batch 200/375 (53%)
  [Epoch 198] Batch 250/375 (67%)
  [Epoch 198] Batch 300/375 (80%)
  [Epoch 198] Batch 350/375 (93%)
[Epoch 198/700] train_loss=0.5291 val_loss=0.5503 lr=8.15e-04 (24s)
  [Epoch 199] Batch 50/375 (13%)
  [Epoch 199] Batch 100/375 (27%)
  [Epoch 199] Batch 150/375 (40%)
  [Epoch 199] Batch 200/375 (53%)
  [Epoch 199] Batch 250/375 (67%)
  [Epoch 199] Batch 300/375 (80%)
  [Epoch 199] Batch 350/375 (93%)
[Epoch 199/700] train_loss=0.5297 val_loss=0.5427 lr=8.13e-04 (25s)
  [Epoch 200] Batch 50/375 (13%)
  [Epoch 200] Batch 100/375 (27%)
  [Epoch 200] Batch 150/375 (40%)
  [Epoch 200] Batch 200/375 (53%)
  [Epoch 200] Batch 250/375 (67%)
  [Epoch 200] Batch 300/375 (80%)
  [Epoch 200] Batch 350/375 (93%)
[Epoch 200/700] train_loss=0.5310 val_loss=0.5459 lr=8.12e-04 (25s)
  [Epoch 201] Batch 50/375 (13%)
  [Epoch 201] Batch 100/375 (27%)
  [Epoch 201] Batch 150/375 (40%)
  [Epoch 201] Batch 200/375 (53%)
  [Epoch 201] Batch 250/375 (67%)
  [Epoch 201] Batch 300/375 (80%)
  [Epoch 201] Batch 350/375 (93%)
[Epoch 201/700] train_loss=0.5315 val_loss=0.5303 lr=8.10e-04 (25s)
  [Epoch 202] Batch 50/375 (13%)
  [Epoch 202] Batch 100/375 (27%)
  [Epoch 202] Batch 150/375 (40%)
  [Epoch 202] Batch 200/375 (53%)
  [Epoch 202] Batch 250/375 (67%)
  [Epoch 202] Batch 300/375 (80%)
  [Epoch 202] Batch 350/375 (93%)
[Epoch 202/700] train_loss=0.5250 val_loss=0.5322 lr=8.08e-04 (25s)
  [Epoch 203] Batch 50/375 (13%)
  [Epoch 203] Batch 100/375 (27%)
  [Epoch 203] Batch 150/375 (40%)
  [Epoch 203] Batch 200/375 (53%)
  [Epoch 203] Batch 250/375 (67%)
  [Epoch 203] Batch 300/375 (80%)
  [Epoch 203] Batch 350/375 (93%)
[Epoch 203/700] train_loss=0.5280 val_loss=0.5388 lr=8.06e-04 (25s)
  [Epoch 204] Batch 50/375 (13%)
  [Epoch 204] Batch 100/375 (27%)
  [Epoch 204] Batch 150/375 (40%)
  [Epoch 204] Batch 200/375 (53%)
  [Epoch 204] Batch 250/375 (67%)
  [Epoch 204] Batch 300/375 (80%)
  [Epoch 204] Batch 350/375 (93%)
[Epoch 204/700] train_loss=0.5291 val_loss=0.5385 lr=8.05e-04 (24s)
  [Epoch 205] Batch 50/375 (13%)
  [Epoch 205] Batch 100/375 (27%)
  [Epoch 205] Batch 150/375 (40%)
  [Epoch 205] Batch 200/375 (53%)
  [Epoch 205] Batch 250/375 (67%)
  [Epoch 205] Batch 300/375 (80%)
  [Epoch 205] Batch 350/375 (93%)
[Epoch 205/700] train_loss=0.5319 val_loss=0.5382 lr=8.03e-04 (26s)
  [Epoch 206] Batch 50/375 (13%)
  [Epoch 206] Batch 100/375 (27%)
  [Epoch 206] Batch 150/375 (40%)
  [Epoch 206] Batch 200/375 (53%)
  [Epoch 206] Batch 250/375 (67%)
  [Epoch 206] Batch 300/375 (80%)
  [Epoch 206] Batch 350/375 (93%)
[Epoch 206/700] train_loss=0.5296 val_loss=0.5487 lr=8.01e-04 (25s)
  [Epoch 207] Batch 50/375 (13%)
  [Epoch 207] Batch 100/375 (27%)
  [Epoch 207] Batch 150/375 (40%)
  [Epoch 207] Batch 200/375 (53%)
  [Epoch 207] Batch 250/375 (67%)
  [Epoch 207] Batch 300/375 (80%)
  [Epoch 207] Batch 350/375 (93%)
[Epoch 207/700] train_loss=0.5301 val_loss=0.5442 lr=7.99e-04 (26s)
  [Epoch 208] Batch 50/375 (13%)
  [Epoch 208] Batch 100/375 (27%)
  [Epoch 208] Batch 150/375 (40%)
  [Epoch 208] Batch 200/375 (53%)
  [Epoch 208] Batch 250/375 (67%)
  [Epoch 208] Batch 300/375 (80%)
  [Epoch 208] Batch 350/375 (93%)
[Epoch 208/700] train_loss=0.5329 val_loss=0.5377 lr=7.98e-04 (25s)
  [Epoch 209] Batch 50/375 (13%)
  [Epoch 209] Batch 100/375 (27%)
  [Epoch 209] Batch 150/375 (40%)
  [Epoch 209] Batch 200/375 (53%)
  [Epoch 209] Batch 250/375 (67%)
  [Epoch 209] Batch 300/375 (80%)
  [Epoch 209] Batch 350/375 (93%)
[Epoch 209/700] train_loss=0.5298 val_loss=0.5407 lr=7.96e-04 (25s)
  [Epoch 210] Batch 50/375 (13%)
  [Epoch 210] Batch 100/375 (27%)
  [Epoch 210] Batch 150/375 (40%)
  [Epoch 210] Batch 200/375 (53%)
  [Epoch 210] Batch 250/375 (67%)
  [Epoch 210] Batch 300/375 (80%)
  [Epoch 210] Batch 350/375 (93%)
[Epoch 210/700] train_loss=0.5310 val_loss=0.5508 lr=7.94e-04 (25s)
  [Epoch 211] Batch 50/375 (13%)
  [Epoch 211] Batch 100/375 (27%)
  [Epoch 211] Batch 150/375 (40%)
  [Epoch 211] Batch 200/375 (53%)
  [Epoch 211] Batch 250/375 (67%)
  [Epoch 211] Batch 300/375 (80%)
  [Epoch 211] Batch 350/375 (93%)
[Epoch 211/700] train_loss=0.5302 val_loss=0.5345 lr=7.92e-04 (25s)
  [Epoch 212] Batch 50/375 (13%)
  [Epoch 212] Batch 100/375 (27%)
  [Epoch 212] Batch 150/375 (40%)
  [Epoch 212] Batch 200/375 (53%)
  [Epoch 212] Batch 250/375 (67%)
  [Epoch 212] Batch 300/375 (80%)
  [Epoch 212] Batch 350/375 (93%)
[Epoch 212/700] train_loss=0.5248 val_loss=0.5400 lr=7.90e-04 (25s)
  [Epoch 213] Batch 50/375 (13%)
  [Epoch 213] Batch 100/375 (27%)
  [Epoch 213] Batch 150/375 (40%)
  [Epoch 213] Batch 200/375 (53%)
  [Epoch 213] Batch 250/375 (67%)
  [Epoch 213] Batch 300/375 (80%)
  [Epoch 213] Batch 350/375 (93%)
[Epoch 213/700] train_loss=0.5304 val_loss=0.5302 lr=7.88e-04 (25s)
  [Epoch 214] Batch 50/375 (13%)
  [Epoch 214] Batch 100/375 (27%)
  [Epoch 214] Batch 150/375 (40%)
  [Epoch 214] Batch 200/375 (53%)
  [Epoch 214] Batch 250/375 (67%)
  [Epoch 214] Batch 300/375 (80%)
  [Epoch 214] Batch 350/375 (93%)
[Epoch 214/700] train_loss=0.5273 val_loss=0.5393 lr=7.87e-04 (25s)
  [Epoch 215] Batch 50/375 (13%)
  [Epoch 215] Batch 100/375 (27%)
  [Epoch 215] Batch 150/375 (40%)
  [Epoch 215] Batch 200/375 (53%)
  [Epoch 215] Batch 250/375 (67%)
  [Epoch 215] Batch 300/375 (80%)
  [Epoch 215] Batch 350/375 (93%)
[Epoch 215/700] train_loss=0.5275 val_loss=0.5340 lr=7.85e-04 (26s)
  [Epoch 216] Batch 50/375 (13%)
  [Epoch 216] Batch 100/375 (27%)
  [Epoch 216] Batch 150/375 (40%)
  [Epoch 216] Batch 200/375 (53%)
  [Epoch 216] Batch 250/375 (67%)
  [Epoch 216] Batch 300/375 (80%)
  [Epoch 216] Batch 350/375 (93%)
[Epoch 216/700] train_loss=0.5298 val_loss=0.5308 lr=7.83e-04 (25s)
  [Epoch 217] Batch 50/375 (13%)
  [Epoch 217] Batch 100/375 (27%)
  [Epoch 217] Batch 150/375 (40%)
  [Epoch 217] Batch 200/375 (53%)
  [Epoch 217] Batch 250/375 (67%)
  [Epoch 217] Batch 300/375 (80%)
  [Epoch 217] Batch 350/375 (93%)
[Epoch 217/700] train_loss=0.5238 val_loss=0.5330 lr=7.81e-04 (25s)
  [Epoch 218] Batch 50/375 (13%)
  [Epoch 218] Batch 100/375 (27%)
  [Epoch 218] Batch 150/375 (40%)
  [Epoch 218] Batch 200/375 (53%)
  [Epoch 218] Batch 250/375 (67%)
  [Epoch 218] Batch 300/375 (80%)
  [Epoch 218] Batch 350/375 (93%)
[Epoch 218/700] train_loss=0.5255 val_loss=0.5453 lr=7.79e-04 (25s)
  [Epoch 219] Batch 50/375 (13%)
  [Epoch 219] Batch 100/375 (27%)
  [Epoch 219] Batch 150/375 (40%)
  [Epoch 219] Batch 200/375 (53%)
  [Epoch 219] Batch 250/375 (67%)
  [Epoch 219] Batch 300/375 (80%)
  [Epoch 219] Batch 350/375 (93%)
[Epoch 219/700] train_loss=0.5276 val_loss=0.5327 lr=7.77e-04 (25s)
  [Epoch 220] Batch 50/375 (13%)
  [Epoch 220] Batch 100/375 (27%)
  [Epoch 220] Batch 150/375 (40%)
  [Epoch 220] Batch 200/375 (53%)
  [Epoch 220] Batch 250/375 (67%)
  [Epoch 220] Batch 300/375 (80%)
  [Epoch 220] Batch 350/375 (93%)
[Epoch 220/700] train_loss=0.5278 val_loss=0.5282 lr=7.75e-04 (25s)
  [Epoch 221] Batch 50/375 (13%)
  [Epoch 221] Batch 100/375 (27%)
  [Epoch 221] Batch 150/375 (40%)
  [Epoch 221] Batch 200/375 (53%)
  [Epoch 221] Batch 250/375 (67%)
  [Epoch 221] Batch 300/375 (80%)
  [Epoch 221] Batch 350/375 (93%)
[Epoch 221/700] train_loss=0.5231 val_loss=0.5379 lr=7.74e-04 (25s)
  [Epoch 222] Batch 50/375 (13%)
  [Epoch 222] Batch 100/375 (27%)
  [Epoch 222] Batch 150/375 (40%)
  [Epoch 222] Batch 200/375 (53%)
  [Epoch 222] Batch 250/375 (67%)
  [Epoch 222] Batch 300/375 (80%)
  [Epoch 222] Batch 350/375 (93%)
[Epoch 222/700] train_loss=0.5258 val_loss=0.5306 lr=7.72e-04 (25s)
  [Epoch 223] Batch 50/375 (13%)
  [Epoch 223] Batch 100/375 (27%)
  [Epoch 223] Batch 150/375 (40%)
  [Epoch 223] Batch 200/375 (53%)
  [Epoch 223] Batch 250/375 (67%)
  [Epoch 223] Batch 300/375 (80%)
  [Epoch 223] Batch 350/375 (93%)
[Epoch 223/700] train_loss=0.5249 val_loss=0.5428 lr=7.70e-04 (25s)
  [Epoch 224] Batch 50/375 (13%)
  [Epoch 224] Batch 100/375 (27%)
  [Epoch 224] Batch 150/375 (40%)
  [Epoch 224] Batch 200/375 (53%)
  [Epoch 224] Batch 250/375 (67%)
  [Epoch 224] Batch 300/375 (80%)
  [Epoch 224] Batch 350/375 (93%)
[Epoch 224/700] train_loss=0.5258 val_loss=0.5315 lr=7.68e-04 (25s)
  [Epoch 225] Batch 50/375 (13%)
  [Epoch 225] Batch 100/375 (27%)
  [Epoch 225] Batch 150/375 (40%)
  [Epoch 225] Batch 200/375 (53%)
  [Epoch 225] Batch 250/375 (67%)
  [Epoch 225] Batch 300/375 (80%)
  [Epoch 225] Batch 350/375 (93%)
[Epoch 225/700] train_loss=0.5241 val_loss=0.5396 lr=7.66e-04 (25s)
  [Epoch 226] Batch 50/375 (13%)
  [Epoch 226] Batch 100/375 (27%)
  [Epoch 226] Batch 150/375 (40%)
  [Epoch 226] Batch 200/375 (53%)
  [Epoch 226] Batch 250/375 (67%)
  [Epoch 226] Batch 300/375 (80%)
  [Epoch 226] Batch 350/375 (93%)
[Epoch 226/700] train_loss=0.5263 val_loss=0.5389 lr=7.64e-04 (25s)
  [Epoch 227] Batch 50/375 (13%)
  [Epoch 227] Batch 100/375 (27%)
  [Epoch 227] Batch 150/375 (40%)
  [Epoch 227] Batch 200/375 (53%)
  [Epoch 227] Batch 250/375 (67%)
  [Epoch 227] Batch 300/375 (80%)
  [Epoch 227] Batch 350/375 (93%)
[Epoch 227/700] train_loss=0.5242 val_loss=0.5299 lr=7.62e-04 (25s)
  [Epoch 228] Batch 50/375 (13%)
  [Epoch 228] Batch 100/375 (27%)
  [Epoch 228] Batch 150/375 (40%)
  [Epoch 228] Batch 200/375 (53%)
  [Epoch 228] Batch 250/375 (67%)
  [Epoch 228] Batch 300/375 (80%)
  [Epoch 228] Batch 350/375 (93%)
[Epoch 228/700] train_loss=0.5245 val_loss=0.5396 lr=7.60e-04 (25s)
  [Epoch 229] Batch 50/375 (13%)
  [Epoch 229] Batch 100/375 (27%)
  [Epoch 229] Batch 150/375 (40%)
  [Epoch 229] Batch 200/375 (53%)
  [Epoch 229] Batch 250/375 (67%)
  [Epoch 229] Batch 300/375 (80%)
  [Epoch 229] Batch 350/375 (93%)
[Epoch 229/700] train_loss=0.5263 val_loss=0.5302 lr=7.58e-04 (25s)
Monitored metric val/loss did not improve in the last 50 records. Best score: 0.526. Signaling Trainer to stop.

[Training] Completed!

✓ Training completed!
  Final checkpoint: /public/home/xiongzhzh2023/PT4ConTSG/experiments/20260401_053956_synth-m_pt_factor_generator/checkpoints/finetune/finetune-epoch=178-val/loss=0.5264.ckpt
  Experiment: experiments/20260401_053956_synth-m_pt_factor_generator

Running automatic evaluation...
Loading weights:   0%|          | 0/197 [00:00<?, ?it/s]Loading weights: 100%|██████████| 197/197 [00:00<00:00, 3680.43it/s]
[1mCLIPTextModelWithProjection LOAD REPORT[0m from: ./checkpoints/longclip
Key                                                            | Status     |  | 
---------------------------------------------------------------+------------+--+-
vision_model.encoder.layers.{0...23}.self_attn.v_proj.bias     | UNEXPECTED |  | 
vision_model.encoder.layers.{0...23}.self_attn.k_proj.bias     | UNEXPECTED |  | 
vision_model.encoder.layers.{0...23}.layer_norm2.bias          | UNEXPECTED |  | 
vision_model.encoder.layers.{0...23}.self_attn.q_proj.bias     | UNEXPECTED |  | 
vision_model.encoder.layers.{0...23}.layer_norm2.weight        | UNEXPECTED |  | 
vision_model.encoder.layers.{0...23}.self_attn.out_proj.weight | UNEXPECTED |  | 
vision_model.encoder.layers.{0...23}.layer_norm1.bias          | UNEXPECTED |  | 
vision_model.encoder.layers.{0...23}.self_attn.v_proj.weight   | UNEXPECTED |  | 
vision_model.encoder.layers.{0...23}.self_attn.out_proj.bias   | UNEXPECTED |  | 
vision_model.encoder.layers.{0...23}.mlp.fc1.weight            | UNEXPECTED |  | 
vision_model.encoder.layers.{0...23}.self_attn.k_proj.weight   | UNEXPECTED |  | 
vision_model.encoder.layers.{0...23}.layer_norm1.weight        | UNEXPECTED |  | 
vision_model.embeddings.patch_embedding.weight                 | UNEXPECTED |  | 
vision_model.encoder.layers.{0...23}.mlp.fc1.bias              | UNEXPECTED |  | 
vision_model.encoder.layers.{0...23}.self_attn.q_proj.weight   | UNEXPECTED |  | 
vision_model.encoder.layers.{0...23}.mlp.fc2.weight            | UNEXPECTED |  | 
vision_model.encoder.layers.{0...23}.mlp.fc2.bias              | UNEXPECTED |  | 
vision_model.embeddings.class_embedding                        | UNEXPECTED |  | 
vision_model.pre_layrnorm.weight                               | UNEXPECTED |  | 
vision_model.post_layernorm.bias                               | UNEXPECTED |  | 
vision_model.post_layernorm.weight                             | UNEXPECTED |  | 
vision_model.pre_layrnorm.bias                                 | UNEXPECTED |  | 
visual_projection.weight                                       | UNEXPECTED |  | 
vision_model.embeddings.position_embedding.weight              | UNEXPECTED |  | 
logit_scale                                                    | UNEXPECTED |  | 

[3mNotes:
- UNEXPECTED[3m	:can be ignored when loading from different task/architecture; not ok if you expect identical arch.[0m
[Evaluating (generating)] Starting (0/32)...
[Evaluating (generating)] 1/32 (3%)
[Evaluating (generating)] 4/32 (12%)
[Evaluating (generating)] 7/32 (22%)
[Evaluating (generating)] 10/32 (31%)
[Evaluating (generating)] 13/32 (41%)
[Evaluating (generating)] 16/32 (50%)
[Evaluating (generating)] 20/32 (62%)
[Evaluating (generating)] 23/32 (72%)
[Evaluating (generating)] 26/32 (81%)
[Evaluating (generating)] 29/32 (91%)
[Evaluating (generating)] 32/32 (100%)
[Evaluating (generating)] Completed (32 items)
/public/home/xiongzhzh2023/PT4ConTSG/contsg/eval/metrics/specialized.py:328: RuntimeWarning: overflow encountered in exp
  probs = 1.0 / (1.0 + np.exp(-logits_np))
Evaluation results saved to: experiments/20260401_053956_synth-m_pt_factor_generator/results/eval_results.json
          Evaluation Results           
┏━━━━━━━━━━━━━━━━━━━━━━━━━┳━━━━━━━━━━━┓
┃ Metric                  ┃     Value ┃
┡━━━━━━━━━━━━━━━━━━━━━━━━━╇━━━━━━━━━━━┩
│ dtw                     │  9.156196 │
│ wape                    │ 81.937614 │
│ ed                      │ 12.018413 │
│ crps                    │  0.424286 │
│ acd                     │  0.057525 │
│ sd                      │  0.021601 │
│ kd                      │  0.416018 │
│ mdd                     │  0.013567 │
│ fid                     │ 29.171729 │
│ jftsd                   │ 30.663630 │
│ cttp                    │ 19.985344 │
│ disc_auc                │  0.986390 │
│ prdc_f1.f1              │  0.526480 │
│ prdc_f1.precision       │  0.474500 │
│ prdc_f1.recall          │  0.591250 │
│ joint_prdc_f1.f1        │  0.647140 │
│ joint_prdc_f1.precision │  0.603750 │
│ joint_prdc_f1.recall    │  0.697250 │
└─────────────────────────┴───────────┘
