Loading config from: configs/grid_search/ptfg_synth-m_lr1e-3_bs256_scT.yaml
Model schema mode: relaxed (no model-specific schema for 'pt_factor_generator')
         Configuration Summary         
┌───────────────┬─────────────────────┐
│ Dataset       │ synth-m             │
│ Model         │ pt_factor_generator │
│ Epochs        │ 700                 │
│ Batch Size    │ 256                 │
│ Learning Rate │ 0.001               │
│ Device        │ cuda:0              │
│ Seed          │ 42                  │
└───────────────┴─────────────────────┘

Experiment directory: experiments/20260401_203503_synth-m_pt_factor_generator
Seed set to 42

Model: pt_factor_generator
Creating data module: synth-m

Starting multi-stage training (1 stage(s))...
  Stage 1: finetune (700 epochs, lr=0.001)
/public/home/xiongzhzh2023/Anaconda/envs/contsg/lib/python3.12/site-packages/lightning_fabric/plugins/environments/slurm.py:204: The `srun` command is available on your system but is not used. HINT: If your intention is to run Lightning on SLURM, prepend your python command with `srun` like so: srun python3.1 /public/home/xiongzhzh2023/Anaconda/envs/contsg/b ...
GPU available: True (cuda), used: True
TPU available: False, using: 0 TPU cores
💡 Tip: For seamless cloud logging and experiment tracking, try installing [litlogger](https://pypi.org/project/litlogger/) to enable LitLogger, which logs metrics and artifacts automatically to the Lightning Experiments platform.
`Trainer(limit_train_batches=1.0)` was configured so 100% of the batches per epoch will be used..
`Trainer(limit_val_batches=1.0)` was configured so 100% of the batches will be used..
`Trainer(limit_test_batches=1.0)` was configured so 100% of the batches will be used..
`Trainer(val_check_interval=1.0)` was configured so validation will run at the end of the training epoch..
LOCAL_RANK: 0 - CUDA_VISIBLE_DEVICES: [0,1,2,3]
┏━━━┳━━━━━━━━━━━━━━┳━━━━━━━━━━━━━━━━━━━━━━━━┳━━━━━━━━┳━━━━━━━┳━━━━━━━┓
┃   ┃ Name         ┃ Type                   ┃ Params ┃ Mode  ┃ FLOPs ┃
┡━━━╇━━━━━━━━━━━━━━╇━━━━━━━━━━━━━━━━━━━━━━━━╇━━━━━━━━╇━━━━━━━╇━━━━━━━┩
│ 0 │ net          │ PTFactorNoisePredictor │  5.2 M │ train │     0 │
│   │ other params │ n/a                    │  1.0 K │ n/a   │   n/a │
└───┴──────────────┴────────────────────────┴────────┴───────┴───────┘
Trainable params: 5.2 M                                                                                                                                                                                                                                              
Non-trainable params: 0                                                                                                                                                                                                                                              
Total params: 5.2 M                                                                                                                                                                                                                                                  
Total estimated model params size (MB): 20                                                                                                                                                                                                                           
Modules in train mode: 195                                                                                                                                                                                                                                           
Modules in eval mode: 0                                                                                                                                                                                                                                              
Total FLOPs: 0                                                                                                                                                                                                                                                       
/public/home/xiongzhzh2023/Anaconda/envs/contsg/lib/python3.12/site-packages/pytorch_lightning/utilities/data.py:79: Trying to infer the `batch_size` from an ambiguous collection. The batch size we found is 256. To avoid any miscalculations, use `self.log(..., batch_size=batch_size)`.

[Training] Starting 700 epochs...
  [Epoch 1] Batch 50/93 (54%)
/public/home/xiongzhzh2023/Anaconda/envs/contsg/lib/python3.12/site-packages/pytorch_lightning/utilities/data.py:79: Trying to infer the `batch_size` from an ambiguous collection. The batch size we found is 160. To avoid any miscalculations, use `self.log(..., batch_size=batch_size)`.
[Epoch 1/700] train_loss=1.4774 val_loss=1.2770 lr=1.00e-03 (7s)
Metric val/loss improved. New best score: 1.277
  [Epoch 2] Batch 50/93 (54%)
[Epoch 2/700] train_loss=1.0173 val_loss=1.0158 lr=1.00e-03 (7s)
Metric val/loss improved by 0.261 >= min_delta = 0.0. New best score: 1.016
  [Epoch 3] Batch 50/93 (54%)
[Epoch 3/700] train_loss=0.9502 val_loss=0.9204 lr=1.00e-03 (7s)
Metric val/loss improved by 0.095 >= min_delta = 0.0. New best score: 0.920
  [Epoch 4] Batch 50/93 (54%)
[Epoch 4/700] train_loss=0.9114 val_loss=0.9190 lr=1.00e-03 (7s)
Metric val/loss improved by 0.001 >= min_delta = 0.0. New best score: 0.919
  [Epoch 5] Batch 50/93 (54%)
[Epoch 5/700] train_loss=0.8832 val_loss=0.8568 lr=1.00e-03 (6s)
Metric val/loss improved by 0.062 >= min_delta = 0.0. New best score: 0.857
  [Epoch 6] Batch 50/93 (54%)
[Epoch 6/700] train_loss=0.8621 val_loss=0.8501 lr=1.00e-03 (7s)
Metric val/loss improved by 0.007 >= min_delta = 0.0. New best score: 0.850
  [Epoch 7] Batch 50/93 (54%)
[Epoch 7/700] train_loss=0.8541 val_loss=0.8437 lr=1.00e-03 (7s)
Metric val/loss improved by 0.006 >= min_delta = 0.0. New best score: 0.844
  [Epoch 8] Batch 50/93 (54%)
[Epoch 8/700] train_loss=0.8360 val_loss=0.8247 lr=1.00e-03 (7s)
Metric val/loss improved by 0.019 >= min_delta = 0.0. New best score: 0.825
  [Epoch 9] Batch 50/93 (54%)
[Epoch 9/700] train_loss=0.8215 val_loss=0.8065 lr=1.00e-03 (7s)
Metric val/loss improved by 0.018 >= min_delta = 0.0. New best score: 0.807
  [Epoch 10] Batch 50/93 (54%)
[Epoch 10/700] train_loss=0.8035 val_loss=0.8000 lr=9.99e-04 (7s)
Metric val/loss improved by 0.007 >= min_delta = 0.0. New best score: 0.800
  [Epoch 11] Batch 50/93 (54%)
[Epoch 11/700] train_loss=0.7888 val_loss=0.7877 lr=9.99e-04 (7s)
Metric val/loss improved by 0.012 >= min_delta = 0.0. New best score: 0.788
  [Epoch 12] Batch 50/93 (54%)
[Epoch 12/700] train_loss=0.7836 val_loss=0.7778 lr=9.99e-04 (6s)
Metric val/loss improved by 0.010 >= min_delta = 0.0. New best score: 0.778
  [Epoch 13] Batch 50/93 (54%)
[Epoch 13/700] train_loss=0.7764 val_loss=0.7605 lr=9.99e-04 (6s)
Metric val/loss improved by 0.017 >= min_delta = 0.0. New best score: 0.761
  [Epoch 14] Batch 50/93 (54%)
[Epoch 14/700] train_loss=0.7623 val_loss=0.7841 lr=9.99e-04 (7s)
  [Epoch 15] Batch 50/93 (54%)
[Epoch 15/700] train_loss=0.7568 val_loss=0.7512 lr=9.99e-04 (7s)
Metric val/loss improved by 0.009 >= min_delta = 0.0. New best score: 0.751
  [Epoch 16] Batch 50/93 (54%)
[Epoch 16/700] train_loss=0.7409 val_loss=0.7297 lr=9.99e-04 (6s)
Metric val/loss improved by 0.022 >= min_delta = 0.0. New best score: 0.730
  [Epoch 17] Batch 50/93 (54%)
[Epoch 17/700] train_loss=0.7150 val_loss=0.7112 lr=9.99e-04 (6s)
Metric val/loss improved by 0.019 >= min_delta = 0.0. New best score: 0.711
  [Epoch 18] Batch 50/93 (54%)
[Epoch 18/700] train_loss=0.7056 val_loss=0.7109 lr=9.98e-04 (6s)
Metric val/loss improved by 0.000 >= min_delta = 0.0. New best score: 0.711
  [Epoch 19] Batch 50/93 (54%)
[Epoch 19/700] train_loss=0.7032 val_loss=0.6856 lr=9.98e-04 (7s)
Metric val/loss improved by 0.025 >= min_delta = 0.0. New best score: 0.686
  [Epoch 20] Batch 50/93 (54%)
[Epoch 20/700] train_loss=0.6893 val_loss=0.6895 lr=9.98e-04 (7s)
  [Epoch 21] Batch 50/93 (54%)
[Epoch 21/700] train_loss=0.6848 val_loss=0.6815 lr=9.98e-04 (7s)
Metric val/loss improved by 0.004 >= min_delta = 0.0. New best score: 0.681
  [Epoch 22] Batch 50/93 (54%)
[Epoch 22/700] train_loss=0.6781 val_loss=0.7004 lr=9.98e-04 (7s)
  [Epoch 23] Batch 50/93 (54%)
[Epoch 23/700] train_loss=0.6771 val_loss=0.6820 lr=9.97e-04 (6s)
  [Epoch 24] Batch 50/93 (54%)
[Epoch 24/700] train_loss=0.6782 val_loss=0.6653 lr=9.97e-04 (7s)
Metric val/loss improved by 0.016 >= min_delta = 0.0. New best score: 0.665
  [Epoch 25] Batch 50/93 (54%)
[Epoch 25/700] train_loss=0.6689 val_loss=0.6782 lr=9.97e-04 (7s)
  [Epoch 26] Batch 50/93 (54%)
[Epoch 26/700] train_loss=0.6625 val_loss=0.6570 lr=9.97e-04 (7s)
Metric val/loss improved by 0.008 >= min_delta = 0.0. New best score: 0.657
  [Epoch 27] Batch 50/93 (54%)
[Epoch 27/700] train_loss=0.6547 val_loss=0.6570 lr=9.96e-04 (7s)
Metric val/loss improved by 0.000 >= min_delta = 0.0. New best score: 0.657
  [Epoch 28] Batch 50/93 (54%)
[Epoch 28/700] train_loss=0.6479 val_loss=0.6553 lr=9.96e-04 (7s)
Metric val/loss improved by 0.002 >= min_delta = 0.0. New best score: 0.655
  [Epoch 29] Batch 50/93 (54%)
[Epoch 29/700] train_loss=0.6448 val_loss=0.6526 lr=9.96e-04 (7s)
Metric val/loss improved by 0.003 >= min_delta = 0.0. New best score: 0.653
  [Epoch 30] Batch 50/93 (54%)
[Epoch 30/700] train_loss=0.6432 val_loss=0.6609 lr=9.95e-04 (7s)
  [Epoch 31] Batch 50/93 (54%)
[Epoch 31/700] train_loss=0.6374 val_loss=0.6405 lr=9.95e-04 (7s)
Metric val/loss improved by 0.012 >= min_delta = 0.0. New best score: 0.641
  [Epoch 32] Batch 50/93 (54%)
[Epoch 32/700] train_loss=0.6354 val_loss=0.6374 lr=9.95e-04 (7s)
Metric val/loss improved by 0.003 >= min_delta = 0.0. New best score: 0.637
  [Epoch 33] Batch 50/93 (54%)
[Epoch 33/700] train_loss=0.6314 val_loss=0.6392 lr=9.95e-04 (7s)
  [Epoch 34] Batch 50/93 (54%)
[Epoch 34/700] train_loss=0.6302 val_loss=0.6492 lr=9.94e-04 (7s)
  [Epoch 35] Batch 50/93 (54%)
[Epoch 35/700] train_loss=0.6250 val_loss=0.6444 lr=9.94e-04 (7s)
  [Epoch 36] Batch 50/93 (54%)
[Epoch 36/700] train_loss=0.6293 val_loss=0.6318 lr=9.93e-04 (6s)
Metric val/loss improved by 0.006 >= min_delta = 0.0. New best score: 0.632
  [Epoch 37] Batch 50/93 (54%)
[Epoch 37/700] train_loss=0.6247 val_loss=0.6334 lr=9.93e-04 (6s)
  [Epoch 38] Batch 50/93 (54%)
[Epoch 38/700] train_loss=0.6283 val_loss=0.6299 lr=9.93e-04 (7s)
Metric val/loss improved by 0.002 >= min_delta = 0.0. New best score: 0.630
  [Epoch 39] Batch 50/93 (54%)
[Epoch 39/700] train_loss=0.6244 val_loss=0.6241 lr=9.92e-04 (7s)
Metric val/loss improved by 0.006 >= min_delta = 0.0. New best score: 0.624
  [Epoch 40] Batch 50/93 (54%)
[Epoch 40/700] train_loss=0.6213 val_loss=0.6108 lr=9.92e-04 (7s)
Metric val/loss improved by 0.013 >= min_delta = 0.0. New best score: 0.611
  [Epoch 41] Batch 50/93 (54%)
[Epoch 41/700] train_loss=0.6215 val_loss=0.6193 lr=9.92e-04 (7s)
  [Epoch 42] Batch 50/93 (54%)
[Epoch 42/700] train_loss=0.6198 val_loss=0.6152 lr=9.91e-04 (7s)
  [Epoch 43] Batch 50/93 (54%)
[Epoch 43/700] train_loss=0.6220 val_loss=0.6250 lr=9.91e-04 (7s)
  [Epoch 44] Batch 50/93 (54%)
[Epoch 44/700] train_loss=0.6184 val_loss=0.6125 lr=9.90e-04 (7s)
  [Epoch 45] Batch 50/93 (54%)
[Epoch 45/700] train_loss=0.6158 val_loss=0.6243 lr=9.90e-04 (7s)
  [Epoch 46] Batch 50/93 (54%)
[Epoch 46/700] train_loss=0.6092 val_loss=0.6099 lr=9.89e-04 (7s)
Metric val/loss improved by 0.001 >= min_delta = 0.0. New best score: 0.610
  [Epoch 47] Batch 50/93 (54%)
[Epoch 47/700] train_loss=0.6101 val_loss=0.6114 lr=9.89e-04 (6s)
  [Epoch 48] Batch 50/93 (54%)
[Epoch 48/700] train_loss=0.6094 val_loss=0.6133 lr=9.88e-04 (7s)
  [Epoch 49] Batch 50/93 (54%)
[Epoch 49/700] train_loss=0.6125 val_loss=0.6072 lr=9.88e-04 (7s)
Metric val/loss improved by 0.003 >= min_delta = 0.0. New best score: 0.607
  [Epoch 50] Batch 50/93 (54%)
[Epoch 50/700] train_loss=0.6092 val_loss=0.6155 lr=9.87e-04 (7s)
  [Epoch 51] Batch 50/93 (54%)
[Epoch 51/700] train_loss=0.6035 val_loss=0.6179 lr=9.87e-04 (7s)
  [Epoch 52] Batch 50/93 (54%)
[Epoch 52/700] train_loss=0.6024 val_loss=0.6081 lr=9.86e-04 (7s)
  [Epoch 53] Batch 50/93 (54%)
[Epoch 53/700] train_loss=0.6016 val_loss=0.6026 lr=9.86e-04 (7s)
Metric val/loss improved by 0.005 >= min_delta = 0.0. New best score: 0.603
  [Epoch 54] Batch 50/93 (54%)
[Epoch 54/700] train_loss=0.6006 val_loss=0.6109 lr=9.85e-04 (6s)
  [Epoch 55] Batch 50/93 (54%)
[Epoch 55/700] train_loss=0.6008 val_loss=0.6104 lr=9.85e-04 (7s)
  [Epoch 56] Batch 50/93 (54%)
[Epoch 56/700] train_loss=0.6019 val_loss=0.6072 lr=9.84e-04 (7s)
  [Epoch 57] Batch 50/93 (54%)
[Epoch 57/700] train_loss=0.5984 val_loss=0.6010 lr=9.84e-04 (7s)
Metric val/loss improved by 0.002 >= min_delta = 0.0. New best score: 0.601
  [Epoch 58] Batch 50/93 (54%)
[Epoch 58/700] train_loss=0.5989 val_loss=0.6014 lr=9.83e-04 (6s)
  [Epoch 59] Batch 50/93 (54%)
[Epoch 59/700] train_loss=0.5935 val_loss=0.6007 lr=9.83e-04 (7s)
Metric val/loss improved by 0.000 >= min_delta = 0.0. New best score: 0.601
  [Epoch 60] Batch 50/93 (54%)
[Epoch 60/700] train_loss=0.5953 val_loss=0.5891 lr=9.82e-04 (7s)
Metric val/loss improved by 0.012 >= min_delta = 0.0. New best score: 0.589
  [Epoch 61] Batch 50/93 (54%)
[Epoch 61/700] train_loss=0.5915 val_loss=0.5964 lr=9.81e-04 (6s)
  [Epoch 62] Batch 50/93 (54%)
[Epoch 62/700] train_loss=0.5932 val_loss=0.5975 lr=9.81e-04 (7s)
  [Epoch 63] Batch 50/93 (54%)
[Epoch 63/700] train_loss=0.5947 val_loss=0.6078 lr=9.80e-04 (6s)
  [Epoch 64] Batch 50/93 (54%)
[Epoch 64/700] train_loss=0.5896 val_loss=0.6040 lr=9.80e-04 (7s)
  [Epoch 65] Batch 50/93 (54%)
[Epoch 65/700] train_loss=0.5940 val_loss=0.5976 lr=9.79e-04 (7s)
  [Epoch 66] Batch 50/93 (54%)
[Epoch 66/700] train_loss=0.5876 val_loss=0.6049 lr=9.78e-04 (6s)
  [Epoch 67] Batch 50/93 (54%)
[Epoch 67/700] train_loss=0.5872 val_loss=0.5933 lr=9.78e-04 (7s)
  [Epoch 68] Batch 50/93 (54%)
[Epoch 68/700] train_loss=0.5894 val_loss=0.5985 lr=9.77e-04 (7s)
  [Epoch 69] Batch 50/93 (54%)
[Epoch 69/700] train_loss=0.5877 val_loss=0.5882 lr=9.76e-04 (7s)
Metric val/loss improved by 0.001 >= min_delta = 0.0. New best score: 0.588
  [Epoch 70] Batch 50/93 (54%)
[Epoch 70/700] train_loss=0.5861 val_loss=0.5959 lr=9.76e-04 (7s)
  [Epoch 71] Batch 50/93 (54%)
[Epoch 71/700] train_loss=0.5881 val_loss=0.5993 lr=9.75e-04 (7s)
  [Epoch 72] Batch 50/93 (54%)
[Epoch 72/700] train_loss=0.5867 val_loss=0.5833 lr=9.74e-04 (7s)
Metric val/loss improved by 0.005 >= min_delta = 0.0. New best score: 0.583
  [Epoch 73] Batch 50/93 (54%)
[Epoch 73/700] train_loss=0.5833 val_loss=0.5850 lr=9.73e-04 (7s)
  [Epoch 74] Batch 50/93 (54%)
[Epoch 74/700] train_loss=0.5849 val_loss=0.5900 lr=9.73e-04 (7s)
  [Epoch 75] Batch 50/93 (54%)
[Epoch 75/700] train_loss=0.5832 val_loss=0.5991 lr=9.72e-04 (7s)
  [Epoch 76] Batch 50/93 (54%)
[Epoch 76/700] train_loss=0.5834 val_loss=0.5789 lr=9.71e-04 (7s)
Metric val/loss improved by 0.004 >= min_delta = 0.0. New best score: 0.579
  [Epoch 77] Batch 50/93 (54%)
[Epoch 77/700] train_loss=0.5826 val_loss=0.5898 lr=9.70e-04 (6s)
  [Epoch 78] Batch 50/93 (54%)
[Epoch 78/700] train_loss=0.5781 val_loss=0.5816 lr=9.70e-04 (7s)
  [Epoch 79] Batch 50/93 (54%)
[Epoch 79/700] train_loss=0.5737 val_loss=0.5747 lr=9.69e-04 (6s)
Metric val/loss improved by 0.004 >= min_delta = 0.0. New best score: 0.575
  [Epoch 80] Batch 50/93 (54%)
[Epoch 80/700] train_loss=0.5793 val_loss=0.5779 lr=9.68e-04 (7s)
  [Epoch 81] Batch 50/93 (54%)
[Epoch 81/700] train_loss=0.5774 val_loss=0.5859 lr=9.67e-04 (7s)
  [Epoch 82] Batch 50/93 (54%)
[Epoch 82/700] train_loss=0.5772 val_loss=0.5823 lr=9.67e-04 (7s)
  [Epoch 83] Batch 50/93 (54%)
[Epoch 83/700] train_loss=0.5818 val_loss=0.5850 lr=9.66e-04 (7s)
  [Epoch 84] Batch 50/93 (54%)
[Epoch 84/700] train_loss=0.5744 val_loss=0.5789 lr=9.65e-04 (7s)
  [Epoch 85] Batch 50/93 (54%)
[Epoch 85/700] train_loss=0.5750 val_loss=0.5752 lr=9.64e-04 (7s)
  [Epoch 86] Batch 50/93 (54%)
[Epoch 86/700] train_loss=0.5761 val_loss=0.5775 lr=9.63e-04 (7s)
  [Epoch 87] Batch 50/93 (54%)
[Epoch 87/700] train_loss=0.5735 val_loss=0.5757 lr=9.62e-04 (7s)
  [Epoch 88] Batch 50/93 (54%)
[Epoch 88/700] train_loss=0.5743 val_loss=0.5714 lr=9.62e-04 (6s)
Metric val/loss improved by 0.003 >= min_delta = 0.0. New best score: 0.571
  [Epoch 89] Batch 50/93 (54%)
[Epoch 89/700] train_loss=0.5766 val_loss=0.5812 lr=9.61e-04 (7s)
  [Epoch 90] Batch 50/93 (54%)
[Epoch 90/700] train_loss=0.5797 val_loss=0.5756 lr=9.60e-04 (7s)
  [Epoch 91] Batch 50/93 (54%)
[Epoch 91/700] train_loss=0.5709 val_loss=0.5831 lr=9.59e-04 (7s)
  [Epoch 92] Batch 50/93 (54%)
[Epoch 92/700] train_loss=0.5689 val_loss=0.5839 lr=9.58e-04 (7s)
  [Epoch 93] Batch 50/93 (54%)
[Epoch 93/700] train_loss=0.5752 val_loss=0.5864 lr=9.57e-04 (6s)
  [Epoch 94] Batch 50/93 (54%)
[Epoch 94/700] train_loss=0.5718 val_loss=0.5785 lr=9.56e-04 (7s)
  [Epoch 95] Batch 50/93 (54%)
[Epoch 95/700] train_loss=0.5663 val_loss=0.5838 lr=9.55e-04 (7s)
  [Epoch 96] Batch 50/93 (54%)
[Epoch 96/700] train_loss=0.5686 val_loss=0.5595 lr=9.54e-04 (7s)
Metric val/loss improved by 0.012 >= min_delta = 0.0. New best score: 0.559
  [Epoch 97] Batch 50/93 (54%)
[Epoch 97/700] train_loss=0.5699 val_loss=0.5738 lr=9.53e-04 (7s)
  [Epoch 98] Batch 50/93 (54%)
[Epoch 98/700] train_loss=0.5691 val_loss=0.5748 lr=9.52e-04 (7s)
  [Epoch 99] Batch 50/93 (54%)
[Epoch 99/700] train_loss=0.5676 val_loss=0.5770 lr=9.51e-04 (7s)
  [Epoch 100] Batch 50/93 (54%)
[Epoch 100/700] train_loss=0.5632 val_loss=0.5658 lr=9.50e-04 (6s)
  [Epoch 101] Batch 50/93 (54%)
[Epoch 101/700] train_loss=0.5682 val_loss=0.5752 lr=9.50e-04 (7s)
  [Epoch 102] Batch 50/93 (54%)
[Epoch 102/700] train_loss=0.5663 val_loss=0.5705 lr=9.49e-04 (7s)
  [Epoch 103] Batch 50/93 (54%)
[Epoch 103/700] train_loss=0.5646 val_loss=0.5731 lr=9.48e-04 (7s)
  [Epoch 104] Batch 50/93 (54%)
[Epoch 104/700] train_loss=0.5628 val_loss=0.5712 lr=9.47e-04 (6s)
  [Epoch 105] Batch 50/93 (54%)
[Epoch 105/700] train_loss=0.5636 val_loss=0.5714 lr=9.46e-04 (7s)
  [Epoch 106] Batch 50/93 (54%)
[Epoch 106/700] train_loss=0.5652 val_loss=0.5548 lr=9.44e-04 (7s)
Metric val/loss improved by 0.005 >= min_delta = 0.0. New best score: 0.555
  [Epoch 107] Batch 50/93 (54%)
[Epoch 107/700] train_loss=0.5630 val_loss=0.5638 lr=9.43e-04 (6s)
  [Epoch 108] Batch 50/93 (54%)
[Epoch 108/700] train_loss=0.5581 val_loss=0.5690 lr=9.42e-04 (7s)
  [Epoch 109] Batch 50/93 (54%)
[Epoch 109/700] train_loss=0.5631 val_loss=0.5704 lr=9.41e-04 (7s)
  [Epoch 110] Batch 50/93 (54%)
[Epoch 110/700] train_loss=0.5606 val_loss=0.5673 lr=9.40e-04 (7s)
  [Epoch 111] Batch 50/93 (54%)
[Epoch 111/700] train_loss=0.5649 val_loss=0.5712 lr=9.39e-04 (7s)
  [Epoch 112] Batch 50/93 (54%)
[Epoch 112/700] train_loss=0.5617 val_loss=0.5702 lr=9.38e-04 (6s)
  [Epoch 113] Batch 50/93 (54%)
[Epoch 113/700] train_loss=0.5627 val_loss=0.5677 lr=9.37e-04 (7s)
  [Epoch 114] Batch 50/93 (54%)
[Epoch 114/700] train_loss=0.5588 val_loss=0.5526 lr=9.36e-04 (7s)
Metric val/loss improved by 0.002 >= min_delta = 0.0. New best score: 0.553
  [Epoch 115] Batch 50/93 (54%)
[Epoch 115/700] train_loss=0.5590 val_loss=0.5602 lr=9.35e-04 (7s)
  [Epoch 116] Batch 50/93 (54%)
[Epoch 116/700] train_loss=0.5547 val_loss=0.5498 lr=9.34e-04 (7s)
Metric val/loss improved by 0.003 >= min_delta = 0.0. New best score: 0.550
  [Epoch 117] Batch 50/93 (54%)
[Epoch 117/700] train_loss=0.5569 val_loss=0.5637 lr=9.33e-04 (7s)
  [Epoch 118] Batch 50/93 (54%)
[Epoch 118/700] train_loss=0.5559 val_loss=0.5612 lr=9.32e-04 (7s)
  [Epoch 119] Batch 50/93 (54%)
[Epoch 119/700] train_loss=0.5569 val_loss=0.5617 lr=9.30e-04 (6s)
  [Epoch 120] Batch 50/93 (54%)
[Epoch 120/700] train_loss=0.5560 val_loss=0.5652 lr=9.29e-04 (7s)
  [Epoch 121] Batch 50/93 (54%)
[Epoch 121/700] train_loss=0.5523 val_loss=0.5503 lr=9.28e-04 (7s)
  [Epoch 122] Batch 50/93 (54%)
[Epoch 122/700] train_loss=0.5557 val_loss=0.5750 lr=9.27e-04 (7s)
  [Epoch 123] Batch 50/93 (54%)
[Epoch 123/700] train_loss=0.5565 val_loss=0.5526 lr=9.26e-04 (7s)
  [Epoch 124] Batch 50/93 (54%)
[Epoch 124/700] train_loss=0.5613 val_loss=0.5672 lr=9.25e-04 (7s)
  [Epoch 125] Batch 50/93 (54%)
[Epoch 125/700] train_loss=0.5492 val_loss=0.5639 lr=9.23e-04 (7s)
  [Epoch 126] Batch 50/93 (54%)
[Epoch 126/700] train_loss=0.5514 val_loss=0.5687 lr=9.22e-04 (7s)
  [Epoch 127] Batch 50/93 (54%)
[Epoch 127/700] train_loss=0.5484 val_loss=0.5511 lr=9.21e-04 (7s)
  [Epoch 128] Batch 50/93 (54%)
[Epoch 128/700] train_loss=0.5537 val_loss=0.5643 lr=9.20e-04 (7s)
  [Epoch 129] Batch 50/93 (54%)
[Epoch 129/700] train_loss=0.5564 val_loss=0.5503 lr=9.19e-04 (7s)
  [Epoch 130] Batch 50/93 (54%)
[Epoch 130/700] train_loss=0.5495 val_loss=0.5612 lr=9.17e-04 (7s)
  [Epoch 131] Batch 50/93 (54%)
[Epoch 131/700] train_loss=0.5453 val_loss=0.5587 lr=9.16e-04 (7s)
  [Epoch 132] Batch 50/93 (54%)
[Epoch 132/700] train_loss=0.5535 val_loss=0.5536 lr=9.15e-04 (7s)
  [Epoch 133] Batch 50/93 (54%)
[Epoch 133/700] train_loss=0.5477 val_loss=0.5577 lr=9.14e-04 (7s)
  [Epoch 134] Batch 50/93 (54%)
[Epoch 134/700] train_loss=0.5489 val_loss=0.5524 lr=9.12e-04 (7s)
  [Epoch 135] Batch 50/93 (54%)
[Epoch 135/700] train_loss=0.5491 val_loss=0.5581 lr=9.11e-04 (7s)
  [Epoch 136] Batch 50/93 (54%)
[Epoch 136/700] train_loss=0.5477 val_loss=0.5691 lr=9.10e-04 (7s)
  [Epoch 137] Batch 50/93 (54%)
[Epoch 137/700] train_loss=0.5466 val_loss=0.5580 lr=9.08e-04 (6s)
  [Epoch 138] Batch 50/93 (54%)
[Epoch 138/700] train_loss=0.5498 val_loss=0.5541 lr=9.07e-04 (7s)
  [Epoch 139] Batch 50/93 (54%)
[Epoch 139/700] train_loss=0.5432 val_loss=0.5549 lr=9.06e-04 (7s)
  [Epoch 140] Batch 50/93 (54%)
[Epoch 140/700] train_loss=0.5461 val_loss=0.5379 lr=9.05e-04 (7s)
Metric val/loss improved by 0.012 >= min_delta = 0.0. New best score: 0.538
  [Epoch 141] Batch 50/93 (54%)
[Epoch 141/700] train_loss=0.5477 val_loss=0.5676 lr=9.03e-04 (7s)
  [Epoch 142] Batch 50/93 (54%)
[Epoch 142/700] train_loss=0.5465 val_loss=0.5518 lr=9.02e-04 (7s)
  [Epoch 143] Batch 50/93 (54%)
[Epoch 143/700] train_loss=0.5438 val_loss=0.5537 lr=9.01e-04 (7s)
  [Epoch 144] Batch 50/93 (54%)
[Epoch 144/700] train_loss=0.5450 val_loss=0.5635 lr=8.99e-04 (7s)
  [Epoch 145] Batch 50/93 (54%)
[Epoch 145/700] train_loss=0.5431 val_loss=0.5515 lr=8.98e-04 (7s)
  [Epoch 146] Batch 50/93 (54%)
[Epoch 146/700] train_loss=0.5433 val_loss=0.5503 lr=8.96e-04 (7s)
  [Epoch 147] Batch 50/93 (54%)
[Epoch 147/700] train_loss=0.5448 val_loss=0.5499 lr=8.95e-04 (7s)
  [Epoch 148] Batch 50/93 (54%)
[Epoch 148/700] train_loss=0.5428 val_loss=0.5449 lr=8.94e-04 (7s)
  [Epoch 149] Batch 50/93 (54%)
[Epoch 149/700] train_loss=0.5443 val_loss=0.5460 lr=8.92e-04 (6s)
  [Epoch 150] Batch 50/93 (54%)
[Epoch 150/700] train_loss=0.5407 val_loss=0.5481 lr=8.91e-04 (7s)
  [Epoch 151] Batch 50/93 (54%)
[Epoch 151/700] train_loss=0.5414 val_loss=0.5528 lr=8.90e-04 (7s)
  [Epoch 152] Batch 50/93 (54%)
[Epoch 152/700] train_loss=0.5454 val_loss=0.5447 lr=8.88e-04 (7s)
  [Epoch 153] Batch 50/93 (54%)
[Epoch 153/700] train_loss=0.5400 val_loss=0.5482 lr=8.87e-04 (7s)
  [Epoch 154] Batch 50/93 (54%)
[Epoch 154/700] train_loss=0.5375 val_loss=0.5501 lr=8.85e-04 (7s)
  [Epoch 155] Batch 50/93 (54%)
[Epoch 155/700] train_loss=0.5372 val_loss=0.5495 lr=8.84e-04 (7s)
  [Epoch 156] Batch 50/93 (54%)
[Epoch 156/700] train_loss=0.5390 val_loss=0.5537 lr=8.82e-04 (7s)
  [Epoch 157] Batch 50/93 (54%)
[Epoch 157/700] train_loss=0.5419 val_loss=0.5431 lr=8.81e-04 (7s)
  [Epoch 158] Batch 50/93 (54%)
[Epoch 158/700] train_loss=0.5409 val_loss=0.5511 lr=8.79e-04 (6s)
  [Epoch 159] Batch 50/93 (54%)
[Epoch 159/700] train_loss=0.5390 val_loss=0.5392 lr=8.78e-04 (7s)
  [Epoch 160] Batch 50/93 (54%)
[Epoch 160/700] train_loss=0.5377 val_loss=0.5573 lr=8.77e-04 (7s)
  [Epoch 161] Batch 50/93 (54%)
[Epoch 161/700] train_loss=0.5375 val_loss=0.5395 lr=8.75e-04 (7s)
  [Epoch 162] Batch 50/93 (54%)
[Epoch 162/700] train_loss=0.5398 val_loss=0.5433 lr=8.74e-04 (6s)
  [Epoch 163] Batch 50/93 (54%)
[Epoch 163/700] train_loss=0.5353 val_loss=0.5415 lr=8.72e-04 (7s)
  [Epoch 164] Batch 50/93 (54%)
[Epoch 164/700] train_loss=0.5411 val_loss=0.5430 lr=8.71e-04 (7s)
  [Epoch 165] Batch 50/93 (54%)
[Epoch 165/700] train_loss=0.5416 val_loss=0.5449 lr=8.69e-04 (7s)
  [Epoch 166] Batch 50/93 (54%)
[Epoch 166/700] train_loss=0.5411 val_loss=0.5457 lr=8.68e-04 (7s)
  [Epoch 167] Batch 50/93 (54%)
[Epoch 167/700] train_loss=0.5347 val_loss=0.5377 lr=8.66e-04 (7s)
Metric val/loss improved by 0.000 >= min_delta = 0.0. New best score: 0.538
  [Epoch 168] Batch 50/93 (54%)
[Epoch 168/700] train_loss=0.5370 val_loss=0.5476 lr=8.64e-04 (7s)
  [Epoch 169] Batch 50/93 (54%)
[Epoch 169/700] train_loss=0.5398 val_loss=0.5371 lr=8.63e-04 (7s)
Metric val/loss improved by 0.001 >= min_delta = 0.0. New best score: 0.537
  [Epoch 170] Batch 50/93 (54%)
[Epoch 170/700] train_loss=0.5386 val_loss=0.5453 lr=8.61e-04 (7s)
  [Epoch 171] Batch 50/93 (54%)
[Epoch 171/700] train_loss=0.5325 val_loss=0.5467 lr=8.60e-04 (7s)
  [Epoch 172] Batch 50/93 (54%)
[Epoch 172/700] train_loss=0.5359 val_loss=0.5433 lr=8.58e-04 (7s)
  [Epoch 173] Batch 50/93 (54%)
[Epoch 173/700] train_loss=0.5351 val_loss=0.5415 lr=8.57e-04 (7s)
  [Epoch 174] Batch 50/93 (54%)
[Epoch 174/700] train_loss=0.5339 val_loss=0.5390 lr=8.55e-04 (7s)
  [Epoch 175] Batch 50/93 (54%)
[Epoch 175/700] train_loss=0.5323 val_loss=0.5429 lr=8.54e-04 (7s)
  [Epoch 176] Batch 50/93 (54%)
[Epoch 176/700] train_loss=0.5319 val_loss=0.5378 lr=8.52e-04 (7s)
  [Epoch 177] Batch 50/93 (54%)
[Epoch 177/700] train_loss=0.5329 val_loss=0.5398 lr=8.50e-04 (7s)
  [Epoch 178] Batch 50/93 (54%)
[Epoch 178/700] train_loss=0.5369 val_loss=0.5447 lr=8.49e-04 (7s)
  [Epoch 179] Batch 50/93 (54%)
[Epoch 179/700] train_loss=0.5320 val_loss=0.5342 lr=8.47e-04 (6s)
Metric val/loss improved by 0.003 >= min_delta = 0.0. New best score: 0.534
  [Epoch 180] Batch 50/93 (54%)
[Epoch 180/700] train_loss=0.5361 val_loss=0.5384 lr=8.46e-04 (7s)
  [Epoch 181] Batch 50/93 (54%)
[Epoch 181/700] train_loss=0.5340 val_loss=0.5430 lr=8.44e-04 (6s)
  [Epoch 182] Batch 50/93 (54%)
[Epoch 182/700] train_loss=0.5317 val_loss=0.5433 lr=8.42e-04 (7s)
  [Epoch 183] Batch 50/93 (54%)
[Epoch 183/700] train_loss=0.5350 val_loss=0.5365 lr=8.41e-04 (7s)
  [Epoch 184] Batch 50/93 (54%)
[Epoch 184/700] train_loss=0.5295 val_loss=0.5230 lr=8.39e-04 (7s)
Metric val/loss improved by 0.011 >= min_delta = 0.0. New best score: 0.523
  [Epoch 185] Batch 50/93 (54%)
[Epoch 185/700] train_loss=0.5350 val_loss=0.5287 lr=8.37e-04 (7s)
  [Epoch 186] Batch 50/93 (54%)
[Epoch 186/700] train_loss=0.5340 val_loss=0.5423 lr=8.36e-04 (7s)
  [Epoch 187] Batch 50/93 (54%)
[Epoch 187/700] train_loss=0.5294 val_loss=0.5385 lr=8.34e-04 (7s)
  [Epoch 188] Batch 50/93 (54%)
[Epoch 188/700] train_loss=0.5264 val_loss=0.5463 lr=8.32e-04 (6s)
  [Epoch 189] Batch 50/93 (54%)
[Epoch 189/700] train_loss=0.5311 val_loss=0.5431 lr=8.31e-04 (7s)
  [Epoch 190] Batch 50/93 (54%)
[Epoch 190/700] train_loss=0.5303 val_loss=0.5306 lr=8.29e-04 (6s)
  [Epoch 191] Batch 50/93 (54%)
[Epoch 191/700] train_loss=0.5292 val_loss=0.5325 lr=8.27e-04 (7s)
  [Epoch 192] Batch 50/93 (54%)
[Epoch 192/700] train_loss=0.5291 val_loss=0.5396 lr=8.26e-04 (7s)
  [Epoch 193] Batch 50/93 (54%)
[Epoch 193/700] train_loss=0.5264 val_loss=0.5389 lr=8.24e-04 (7s)
  [Epoch 194] Batch 50/93 (54%)
[Epoch 194/700] train_loss=0.5312 val_loss=0.5443 lr=8.22e-04 (7s)
  [Epoch 195] Batch 50/93 (54%)
[Epoch 195/700] train_loss=0.5280 val_loss=0.5386 lr=8.20e-04 (6s)
  [Epoch 196] Batch 50/93 (54%)
[Epoch 196/700] train_loss=0.5273 val_loss=0.5357 lr=8.19e-04 (7s)
  [Epoch 197] Batch 50/93 (54%)
[Epoch 197/700] train_loss=0.5238 val_loss=0.5369 lr=8.17e-04 (7s)
  [Epoch 198] Batch 50/93 (54%)
[Epoch 198/700] train_loss=0.5264 val_loss=0.5443 lr=8.15e-04 (7s)
  [Epoch 199] Batch 50/93 (54%)
[Epoch 199/700] train_loss=0.5229 val_loss=0.5263 lr=8.13e-04 (7s)
  [Epoch 200] Batch 50/93 (54%)
[Epoch 200/700] train_loss=0.5235 val_loss=0.5413 lr=8.12e-04 (7s)
  [Epoch 201] Batch 50/93 (54%)
[Epoch 201/700] train_loss=0.5249 val_loss=0.5339 lr=8.10e-04 (7s)
  [Epoch 202] Batch 50/93 (54%)
[Epoch 202/700] train_loss=0.5259 val_loss=0.5421 lr=8.08e-04 (7s)
  [Epoch 203] Batch 50/93 (54%)
[Epoch 203/700] train_loss=0.5256 val_loss=0.5343 lr=8.06e-04 (7s)
  [Epoch 204] Batch 50/93 (54%)
[Epoch 204/700] train_loss=0.5269 val_loss=0.5221 lr=8.05e-04 (7s)
Metric val/loss improved by 0.001 >= min_delta = 0.0. New best score: 0.522
  [Epoch 205] Batch 50/93 (54%)
[Epoch 205/700] train_loss=0.5256 val_loss=0.5251 lr=8.03e-04 (7s)
  [Epoch 206] Batch 50/93 (54%)
[Epoch 206/700] train_loss=0.5269 val_loss=0.5401 lr=8.01e-04 (7s)
  [Epoch 207] Batch 50/93 (54%)
[Epoch 207/700] train_loss=0.5242 val_loss=0.5307 lr=7.99e-04 (7s)
  [Epoch 208] Batch 50/93 (54%)
[Epoch 208/700] train_loss=0.5249 val_loss=0.5374 lr=7.98e-04 (7s)
  [Epoch 209] Batch 50/93 (54%)
[Epoch 209/700] train_loss=0.5209 val_loss=0.5353 lr=7.96e-04 (6s)
  [Epoch 210] Batch 50/93 (54%)
[Epoch 210/700] train_loss=0.5216 val_loss=0.5350 lr=7.94e-04 (7s)
  [Epoch 211] Batch 50/93 (54%)
[Epoch 211/700] train_loss=0.5275 val_loss=0.5278 lr=7.92e-04 (7s)
  [Epoch 212] Batch 50/93 (54%)
[Epoch 212/700] train_loss=0.5228 val_loss=0.5280 lr=7.90e-04 (6s)
  [Epoch 213] Batch 50/93 (54%)
[Epoch 213/700] train_loss=0.5220 val_loss=0.5229 lr=7.88e-04 (7s)
  [Epoch 214] Batch 50/93 (54%)
[Epoch 214/700] train_loss=0.5224 val_loss=0.5291 lr=7.87e-04 (7s)
  [Epoch 215] Batch 50/93 (54%)
[Epoch 215/700] train_loss=0.5231 val_loss=0.5357 lr=7.85e-04 (7s)
  [Epoch 216] Batch 50/93 (54%)
[Epoch 216/700] train_loss=0.5200 val_loss=0.5313 lr=7.83e-04 (7s)
  [Epoch 217] Batch 50/93 (54%)
[Epoch 217/700] train_loss=0.5193 val_loss=0.5407 lr=7.81e-04 (6s)
  [Epoch 218] Batch 50/93 (54%)
[Epoch 218/700] train_loss=0.5222 val_loss=0.5373 lr=7.79e-04 (7s)
  [Epoch 219] Batch 50/93 (54%)
[Epoch 219/700] train_loss=0.5243 val_loss=0.5317 lr=7.77e-04 (7s)
  [Epoch 220] Batch 50/93 (54%)
[Epoch 220/700] train_loss=0.5249 val_loss=0.5392 lr=7.75e-04 (7s)
  [Epoch 221] Batch 50/93 (54%)
[Epoch 221/700] train_loss=0.5201 val_loss=0.5270 lr=7.74e-04 (7s)
  [Epoch 222] Batch 50/93 (54%)
[Epoch 222/700] train_loss=0.5191 val_loss=0.5352 lr=7.72e-04 (6s)
  [Epoch 223] Batch 50/93 (54%)
[Epoch 223/700] train_loss=0.5261 val_loss=0.5366 lr=7.70e-04 (7s)
  [Epoch 224] Batch 50/93 (54%)
[Epoch 224/700] train_loss=0.5154 val_loss=0.5247 lr=7.68e-04 (7s)
  [Epoch 225] Batch 50/93 (54%)
[Epoch 225/700] train_loss=0.5167 val_loss=0.5252 lr=7.66e-04 (7s)
  [Epoch 226] Batch 50/93 (54%)
[Epoch 226/700] train_loss=0.5127 val_loss=0.5275 lr=7.64e-04 (7s)
  [Epoch 227] Batch 50/93 (54%)
[Epoch 227/700] train_loss=0.5175 val_loss=0.5300 lr=7.62e-04 (6s)
  [Epoch 228] Batch 50/93 (54%)
[Epoch 228/700] train_loss=0.5194 val_loss=0.5212 lr=7.60e-04 (7s)
Metric val/loss improved by 0.001 >= min_delta = 0.0. New best score: 0.521
  [Epoch 229] Batch 50/93 (54%)
[Epoch 229/700] train_loss=0.5170 val_loss=0.5282 lr=7.58e-04 (7s)
  [Epoch 230] Batch 50/93 (54%)
[Epoch 230/700] train_loss=0.5173 val_loss=0.5264 lr=7.56e-04 (7s)
  [Epoch 231] Batch 50/93 (54%)
[Epoch 231/700] train_loss=0.5192 val_loss=0.5272 lr=7.55e-04 (7s)
  [Epoch 232] Batch 50/93 (54%)
[Epoch 232/700] train_loss=0.5153 val_loss=0.5240 lr=7.53e-04 (7s)
  [Epoch 233] Batch 50/93 (54%)
[Epoch 233/700] train_loss=0.5198 val_loss=0.5324 lr=7.51e-04 (7s)
  [Epoch 234] Batch 50/93 (54%)
[Epoch 234/700] train_loss=0.5176 val_loss=0.5338 lr=7.49e-04 (7s)
  [Epoch 235] Batch 50/93 (54%)
[Epoch 235/700] train_loss=0.5178 val_loss=0.5284 lr=7.47e-04 (6s)
  [Epoch 236] Batch 50/93 (54%)
[Epoch 236/700] train_loss=0.5132 val_loss=0.5333 lr=7.45e-04 (6s)
  [Epoch 237] Batch 50/93 (54%)
[Epoch 237/700] train_loss=0.5159 val_loss=0.5272 lr=7.43e-04 (7s)
  [Epoch 238] Batch 50/93 (54%)
[Epoch 238/700] train_loss=0.5176 val_loss=0.5214 lr=7.41e-04 (7s)
  [Epoch 239] Batch 50/93 (54%)
[Epoch 239/700] train_loss=0.5201 val_loss=0.5267 lr=7.39e-04 (7s)
  [Epoch 240] Batch 50/93 (54%)
[Epoch 240/700] train_loss=0.5215 val_loss=0.5355 lr=7.37e-04 (7s)
  [Epoch 241] Batch 50/93 (54%)
[Epoch 241/700] train_loss=0.5164 val_loss=0.5323 lr=7.35e-04 (7s)
  [Epoch 242] Batch 50/93 (54%)
[Epoch 242/700] train_loss=0.5155 val_loss=0.5249 lr=7.33e-04 (7s)
  [Epoch 243] Batch 50/93 (54%)
[Epoch 243/700] train_loss=0.5132 val_loss=0.5258 lr=7.31e-04 (7s)
  [Epoch 244] Batch 50/93 (54%)
[Epoch 244/700] train_loss=0.5200 val_loss=0.5234 lr=7.29e-04 (7s)
  [Epoch 245] Batch 50/93 (54%)
[Epoch 245/700] train_loss=0.5128 val_loss=0.5323 lr=7.27e-04 (7s)
  [Epoch 246] Batch 50/93 (54%)
[Epoch 246/700] train_loss=0.5114 val_loss=0.5256 lr=7.25e-04 (6s)
  [Epoch 247] Batch 50/93 (54%)
[Epoch 247/700] train_loss=0.5148 val_loss=0.5228 lr=7.23e-04 (7s)
  [Epoch 248] Batch 50/93 (54%)
[Epoch 248/700] train_loss=0.5190 val_loss=0.5296 lr=7.21e-04 (7s)
  [Epoch 249] Batch 50/93 (54%)
[Epoch 249/700] train_loss=0.5108 val_loss=0.5147 lr=7.19e-04 (7s)
Metric val/loss improved by 0.006 >= min_delta = 0.0. New best score: 0.515
  [Epoch 250] Batch 50/93 (54%)
[Epoch 250/700] train_loss=0.5151 val_loss=0.5212 lr=7.17e-04 (7s)
  [Epoch 251] Batch 50/93 (54%)
[Epoch 251/700] train_loss=0.5121 val_loss=0.5259 lr=7.15e-04 (7s)
  [Epoch 252] Batch 50/93 (54%)
[Epoch 252/700] train_loss=0.5102 val_loss=0.5190 lr=7.13e-04 (7s)
  [Epoch 253] Batch 50/93 (54%)
[Epoch 253/700] train_loss=0.5133 val_loss=0.5250 lr=7.11e-04 (6s)
  [Epoch 254] Batch 50/93 (54%)
[Epoch 254/700] train_loss=0.5112 val_loss=0.5278 lr=7.09e-04 (7s)
  [Epoch 255] Batch 50/93 (54%)
[Epoch 255/700] train_loss=0.5163 val_loss=0.5277 lr=7.07e-04 (7s)
  [Epoch 256] Batch 50/93 (54%)
[Epoch 256/700] train_loss=0.5087 val_loss=0.5253 lr=7.05e-04 (7s)
  [Epoch 257] Batch 50/93 (54%)
[Epoch 257/700] train_loss=0.5090 val_loss=0.5240 lr=7.03e-04 (7s)
  [Epoch 258] Batch 50/93 (54%)
[Epoch 258/700] train_loss=0.5114 val_loss=0.5276 lr=7.01e-04 (7s)
  [Epoch 259] Batch 50/93 (54%)
[Epoch 259/700] train_loss=0.5097 val_loss=0.5330 lr=6.99e-04 (7s)
  [Epoch 260] Batch 50/93 (54%)
[Epoch 260/700] train_loss=0.5095 val_loss=0.5213 lr=6.97e-04 (6s)
  [Epoch 261] Batch 50/93 (54%)
[Epoch 261/700] train_loss=0.5120 val_loss=0.5245 lr=6.94e-04 (7s)
  [Epoch 262] Batch 50/93 (54%)
[Epoch 262/700] train_loss=0.5094 val_loss=0.5223 lr=6.92e-04 (7s)
  [Epoch 263] Batch 50/93 (54%)
[Epoch 263/700] train_loss=0.5135 val_loss=0.5296 lr=6.90e-04 (7s)
  [Epoch 264] Batch 50/93 (54%)
[Epoch 264/700] train_loss=0.5086 val_loss=0.5265 lr=6.88e-04 (7s)
  [Epoch 265] Batch 50/93 (54%)
[Epoch 265/700] train_loss=0.5140 val_loss=0.5095 lr=6.86e-04 (7s)
Metric val/loss improved by 0.005 >= min_delta = 0.0. New best score: 0.509
  [Epoch 266] Batch 50/93 (54%)
[Epoch 266/700] train_loss=0.5091 val_loss=0.5190 lr=6.84e-04 (7s)
  [Epoch 267] Batch 50/93 (54%)
[Epoch 267/700] train_loss=0.5132 val_loss=0.5323 lr=6.82e-04 (7s)
  [Epoch 268] Batch 50/93 (54%)
[Epoch 268/700] train_loss=0.5133 val_loss=0.5368 lr=6.80e-04 (7s)
  [Epoch 269] Batch 50/93 (54%)
[Epoch 269/700] train_loss=0.5137 val_loss=0.5172 lr=6.78e-04 (7s)
  [Epoch 270] Batch 50/93 (54%)
[Epoch 270/700] train_loss=0.5087 val_loss=0.5291 lr=6.76e-04 (7s)
  [Epoch 271] Batch 50/93 (54%)
[Epoch 271/700] train_loss=0.5094 val_loss=0.5214 lr=6.74e-04 (6s)
  [Epoch 272] Batch 50/93 (54%)
[Epoch 272/700] train_loss=0.5126 val_loss=0.5229 lr=6.71e-04 (6s)
  [Epoch 273] Batch 50/93 (54%)
[Epoch 273/700] train_loss=0.5094 val_loss=0.5182 lr=6.69e-04 (6s)
  [Epoch 274] Batch 50/93 (54%)
[Epoch 274/700] train_loss=0.5076 val_loss=0.5247 lr=6.67e-04 (7s)
  [Epoch 275] Batch 50/93 (54%)
[Epoch 275/700] train_loss=0.5097 val_loss=0.5150 lr=6.65e-04 (7s)
  [Epoch 276] Batch 50/93 (54%)
[Epoch 276/700] train_loss=0.5060 val_loss=0.5197 lr=6.63e-04 (7s)
  [Epoch 277] Batch 50/93 (54%)
[Epoch 277/700] train_loss=0.5081 val_loss=0.5341 lr=6.61e-04 (7s)
  [Epoch 278] Batch 50/93 (54%)
[Epoch 278/700] train_loss=0.5072 val_loss=0.5301 lr=6.59e-04 (7s)
  [Epoch 279] Batch 50/93 (54%)
[Epoch 279/700] train_loss=0.5047 val_loss=0.5323 lr=6.57e-04 (7s)
  [Epoch 280] Batch 50/93 (54%)
[Epoch 280/700] train_loss=0.5045 val_loss=0.5178 lr=6.55e-04 (7s)
  [Epoch 281] Batch 50/93 (54%)
[Epoch 281/700] train_loss=0.5101 val_loss=0.5194 lr=6.52e-04 (7s)
  [Epoch 282] Batch 50/93 (54%)
[Epoch 282/700] train_loss=0.5063 val_loss=0.5296 lr=6.50e-04 (7s)
  [Epoch 283] Batch 50/93 (54%)
[Epoch 283/700] train_loss=0.5086 val_loss=0.5298 lr=6.48e-04 (7s)
  [Epoch 284] Batch 50/93 (54%)
[Epoch 284/700] train_loss=0.5081 val_loss=0.5283 lr=6.46e-04 (7s)
  [Epoch 285] Batch 50/93 (54%)
[Epoch 285/700] train_loss=0.5082 val_loss=0.5219 lr=6.44e-04 (7s)
  [Epoch 286] Batch 50/93 (54%)
[Epoch 286/700] train_loss=0.5119 val_loss=0.5223 lr=6.42e-04 (7s)
  [Epoch 287] Batch 50/93 (54%)
[Epoch 287/700] train_loss=0.5097 val_loss=0.5127 lr=6.39e-04 (6s)
  [Epoch 288] Batch 50/93 (54%)
[Epoch 288/700] train_loss=0.5026 val_loss=0.5266 lr=6.37e-04 (7s)
  [Epoch 289] Batch 50/93 (54%)
[Epoch 289/700] train_loss=0.5049 val_loss=0.5282 lr=6.35e-04 (7s)
  [Epoch 290] Batch 50/93 (54%)
[Epoch 290/700] train_loss=0.5083 val_loss=0.5267 lr=6.33e-04 (7s)
  [Epoch 291] Batch 50/93 (54%)
[Epoch 291/700] train_loss=0.5002 val_loss=0.5165 lr=6.31e-04 (7s)
  [Epoch 292] Batch 50/93 (54%)
[Epoch 292/700] train_loss=0.5059 val_loss=0.5241 lr=6.29e-04 (7s)
  [Epoch 293] Batch 50/93 (54%)
[Epoch 293/700] train_loss=0.5045 val_loss=0.5304 lr=6.27e-04 (6s)
  [Epoch 294] Batch 50/93 (54%)
[Epoch 294/700] train_loss=0.5032 val_loss=0.5166 lr=6.24e-04 (7s)
  [Epoch 295] Batch 50/93 (54%)
[Epoch 295/700] train_loss=0.5023 val_loss=0.5283 lr=6.22e-04 (7s)
  [Epoch 296] Batch 50/93 (54%)
[Epoch 296/700] train_loss=0.5047 val_loss=0.5224 lr=6.20e-04 (7s)
  [Epoch 297] Batch 50/93 (54%)
[Epoch 297/700] train_loss=0.5053 val_loss=0.5222 lr=6.18e-04 (7s)
  [Epoch 298] Batch 50/93 (54%)
[Epoch 298/700] train_loss=0.5059 val_loss=0.5319 lr=6.16e-04 (7s)
  [Epoch 299] Batch 50/93 (54%)
[Epoch 299/700] train_loss=0.5021 val_loss=0.5195 lr=6.13e-04 (7s)
  [Epoch 300] Batch 50/93 (54%)
[Epoch 300/700] train_loss=0.5076 val_loss=0.5162 lr=6.11e-04 (7s)
  [Epoch 301] Batch 50/93 (54%)
[Epoch 301/700] train_loss=0.5062 val_loss=0.5262 lr=6.09e-04 (7s)
  [Epoch 302] Batch 50/93 (54%)
[Epoch 302/700] train_loss=0.5047 val_loss=0.5282 lr=6.07e-04 (7s)
  [Epoch 303] Batch 50/93 (54%)
[Epoch 303/700] train_loss=0.5048 val_loss=0.5153 lr=6.05e-04 (7s)
  [Epoch 304] Batch 50/93 (54%)
[Epoch 304/700] train_loss=0.5042 val_loss=0.5234 lr=6.02e-04 (7s)
  [Epoch 305] Batch 50/93 (54%)
[Epoch 305/700] train_loss=0.5039 val_loss=0.5265 lr=6.00e-04 (7s)
  [Epoch 306] Batch 50/93 (54%)
[Epoch 306/700] train_loss=0.5009 val_loss=0.5331 lr=5.98e-04 (7s)
  [Epoch 307] Batch 50/93 (54%)
[Epoch 307/700] train_loss=0.5014 val_loss=0.5235 lr=5.96e-04 (7s)
  [Epoch 308] Batch 50/93 (54%)
[Epoch 308/700] train_loss=0.5015 val_loss=0.5335 lr=5.94e-04 (7s)
  [Epoch 309] Batch 50/93 (54%)
[Epoch 309/700] train_loss=0.5029 val_loss=0.5233 lr=5.91e-04 (7s)
  [Epoch 310] Batch 50/93 (54%)
[Epoch 310/700] train_loss=0.4996 val_loss=0.5161 lr=5.89e-04 (7s)
  [Epoch 311] Batch 50/93 (54%)
[Epoch 311/700] train_loss=0.5005 val_loss=0.5213 lr=5.87e-04 (7s)
  [Epoch 312] Batch 50/93 (54%)
[Epoch 312/700] train_loss=0.4980 val_loss=0.5153 lr=5.85e-04 (7s)
  [Epoch 313] Batch 50/93 (54%)
[Epoch 313/700] train_loss=0.4997 val_loss=0.5243 lr=5.83e-04 (7s)
  [Epoch 314] Batch 50/93 (54%)
[Epoch 314/700] train_loss=0.4990 val_loss=0.5148 lr=5.80e-04 (7s)
  [Epoch 315] Batch 50/93 (54%)
[Epoch 315/700] train_loss=0.4991 val_loss=0.5173 lr=5.78e-04 (7s)
Monitored metric val/loss did not improve in the last 50 records. Best score: 0.509. Signaling Trainer to stop.

[Training] Completed!

✓ Training completed!
  Final checkpoint: /public/home/xiongzhzh2023/PT4ConTSG/experiments/20260401_203503_synth-m_pt_factor_generator/checkpoints/finetune/finetune-epoch=264-val/loss=0.5095.ckpt
  Experiment: experiments/20260401_203503_synth-m_pt_factor_generator

Running automatic evaluation...
Loading weights:   0%|          | 0/197 [00:00<?, ?it/s]Loading weights: 100%|██████████| 197/197 [00:00<00:00, 3810.79it/s]
[1mCLIPTextModelWithProjection LOAD REPORT[0m from: ./checkpoints/longclip
Key                                                            | Status     |  | 
---------------------------------------------------------------+------------+--+-
vision_model.encoder.layers.{0...23}.layer_norm1.weight        | UNEXPECTED |  | 
vision_model.encoder.layers.{0...23}.self_attn.out_proj.weight | UNEXPECTED |  | 
vision_model.encoder.layers.{0...23}.mlp.fc2.bias              | UNEXPECTED |  | 
vision_model.encoder.layers.{0...23}.mlp.fc2.weight            | UNEXPECTED |  | 
vision_model.encoder.layers.{0...23}.self_attn.v_proj.bias     | UNEXPECTED |  | 
vision_model.encoder.layers.{0...23}.layer_norm2.weight        | UNEXPECTED |  | 
vision_model.encoder.layers.{0...23}.self_attn.out_proj.bias   | UNEXPECTED |  | 
vision_model.encoder.layers.{0...23}.layer_norm1.bias          | UNEXPECTED |  | 
vision_model.encoder.layers.{0...23}.mlp.fc1.bias              | UNEXPECTED |  | 
vision_model.encoder.layers.{0...23}.self_attn.q_proj.weight   | UNEXPECTED |  | 
vision_model.encoder.layers.{0...23}.self_attn.k_proj.weight   | UNEXPECTED |  | 
vision_model.encoder.layers.{0...23}.self_attn.k_proj.bias     | UNEXPECTED |  | 
vision_model.encoder.layers.{0...23}.self_attn.v_proj.weight   | UNEXPECTED |  | 
vision_model.encoder.layers.{0...23}.mlp.fc1.weight            | UNEXPECTED |  | 
vision_model.encoder.layers.{0...23}.layer_norm2.bias          | UNEXPECTED |  | 
vision_model.encoder.layers.{0...23}.self_attn.q_proj.bias     | UNEXPECTED |  | 
logit_scale                                                    | UNEXPECTED |  | 
vision_model.post_layernorm.bias                               | UNEXPECTED |  | 
vision_model.pre_layrnorm.weight                               | UNEXPECTED |  | 
vision_model.embeddings.patch_embedding.weight                 | UNEXPECTED |  | 
visual_projection.weight                                       | UNEXPECTED |  | 
vision_model.pre_layrnorm.bias                                 | UNEXPECTED |  | 
vision_model.embeddings.class_embedding                        | UNEXPECTED |  | 
vision_model.post_layernorm.weight                             | UNEXPECTED |  | 
vision_model.embeddings.position_embedding.weight              | UNEXPECTED |  | 

[3mNotes:
- UNEXPECTED[3m	:can be ignored when loading from different task/architecture; not ok if you expect identical arch.[0m
[Evaluating (generating)] Starting (0/32)...
[Evaluating (generating)] 1/32 (3%)
[Evaluating (generating)] 4/32 (12%)
[Evaluating (generating)] 7/32 (22%)
[Evaluating (generating)] 10/32 (31%)
[Evaluating (generating)] 13/32 (41%)
[Evaluating (generating)] 16/32 (50%)
[Evaluating (generating)] 20/32 (62%)
[Evaluating (generating)] 23/32 (72%)
[Evaluating (generating)] 26/32 (81%)
[Evaluating (generating)] 29/32 (91%)
[Evaluating (generating)] 32/32 (100%)
[Evaluating (generating)] Completed (32 items)
Evaluation results saved to: experiments/20260401_203503_synth-m_pt_factor_generator/results/eval_results.json
          Evaluation Results           
┏━━━━━━━━━━━━━━━━━━━━━━━━━┳━━━━━━━━━━━┓
┃ Metric                  ┃     Value ┃
┡━━━━━━━━━━━━━━━━━━━━━━━━━╇━━━━━━━━━━━┩
│ dtw                     │  9.610572 │
│ wape                    │ 85.426399 │
│ ed                      │ 12.453789 │
│ crps                    │  0.436262 │
│ acd                     │  0.055759 │
│ sd                      │  0.042973 │
│ kd                      │  0.307011 │
│ mdd                     │  0.013182 │
│ fid                     │ 24.104874 │
│ jftsd                   │ 25.449786 │
│ cttp                    │ 19.384767 │
│ disc_auc                │  0.985684 │
│ prdc_f1.f1              │  0.550953 │
│ prdc_f1.precision       │  0.494000 │
│ prdc_f1.recall          │  0.622750 │
│ joint_prdc_f1.f1        │  0.716603 │
│ joint_prdc_f1.precision │  0.668250 │
│ joint_prdc_f1.recall    │  0.772500 │
└─────────────────────────┴───────────┘
