Loading config from: configs/grid_search/ptfg_synth-m_lr1e-3_bs32_scF.yaml
Model schema mode: relaxed (no model-specific schema for 'pt_factor_generator')
         Configuration Summary         
┌───────────────┬─────────────────────┐
│ Dataset       │ synth-m             │
│ Model         │ pt_factor_generator │
│ Epochs        │ 700                 │
│ Batch Size    │ 32                  │
│ Learning Rate │ 0.001               │
│ Device        │ cuda:0              │
│ Seed          │ 42                  │
└───────────────┴─────────────────────┘

Experiment directory: experiments/20260331_191155_synth-m_pt_factor_generator
Seed set to 42

Model: pt_factor_generator
Creating data module: synth-m

Starting multi-stage training (1 stage(s))...
  Stage 1: finetune (700 epochs, lr=0.001)
/public/home/xiongzhzh2023/Anaconda/envs/contsg/lib/python3.12/site-packages/lightning_fabric/plugins/environments/slurm.py:204: The `srun` command is available on your system but is not used. HINT: If your intention is to run Lightning on SLURM, prepend your python command with `srun` like so: srun python3.1 /public/home/xiongzhzh2023/Anaconda/envs/contsg/b ...
GPU available: True (cuda), used: True
TPU available: False, using: 0 TPU cores
💡 Tip: For seamless cloud logging and experiment tracking, try installing [litlogger](https://pypi.org/project/litlogger/) to enable LitLogger, which logs metrics and artifacts automatically to the Lightning Experiments platform.
`Trainer(limit_train_batches=1.0)` was configured so 100% of the batches per epoch will be used..
`Trainer(limit_val_batches=1.0)` was configured so 100% of the batches will be used..
`Trainer(limit_test_batches=1.0)` was configured so 100% of the batches will be used..
`Trainer(val_check_interval=1.0)` was configured so validation will run at the end of the training epoch..
LOCAL_RANK: 0 - CUDA_VISIBLE_DEVICES: [0,1,2,3]
┏━━━┳━━━━━━━━━━━━━━┳━━━━━━━━━━━━━━━━━━━━━━━━┳━━━━━━━━┳━━━━━━━┳━━━━━━━┓
┃   ┃ Name         ┃ Type                   ┃ Params ┃ Mode  ┃ FLOPs ┃
┡━━━╇━━━━━━━━━━━━━━╇━━━━━━━━━━━━━━━━━━━━━━━━╇━━━━━━━━╇━━━━━━━╇━━━━━━━┩
│ 0 │ net          │ PTFactorNoisePredictor │  5.2 M │ train │     0 │
│   │ other params │ n/a                    │  1.0 K │ n/a   │   n/a │
└───┴──────────────┴────────────────────────┴────────┴───────┴───────┘
Trainable params: 5.2 M                                                                                                                                                                                                               
Non-trainable params: 0                                                                                                                                                                                                               
Total params: 5.2 M                                                                                                                                                                                                                   
Total estimated model params size (MB): 20                                                                                                                                                                                            
Modules in train mode: 195                                                                                                                                                                                                            
Modules in eval mode: 0                                                                                                                                                                                                               
Total FLOPs: 0                                                                                                                                                                                                                        
/public/home/xiongzhzh2023/Anaconda/envs/contsg/lib/python3.12/site-packages/pytorch_lightning/utilities/data.py:79: Trying to infer the `batch_size` from an ambiguous collection. The batch size we found is 32. To avoid any miscalculations, use `self.log(..., batch_size=batch_size)`.

[Training] Starting 700 epochs...
  [Epoch 1] Batch 50/750 (7%)
  [Epoch 1] Batch 100/750 (13%)
  [Epoch 1] Batch 150/750 (20%)
  [Epoch 1] Batch 200/750 (27%)
  [Epoch 1] Batch 250/750 (33%)
  [Epoch 1] Batch 300/750 (40%)
  [Epoch 1] Batch 350/750 (47%)
  [Epoch 1] Batch 400/750 (53%)
  [Epoch 1] Batch 450/750 (60%)
  [Epoch 1] Batch 500/750 (67%)
  [Epoch 1] Batch 550/750 (73%)
  [Epoch 1] Batch 600/750 (80%)
  [Epoch 1] Batch 650/750 (87%)
  [Epoch 1] Batch 700/750 (93%)
  [Epoch 1] Batch 750/750 (100%)
[Epoch 1/700] train_loss=1.0043 val_loss=0.9040 lr=1.00e-03 (45s)
Metric val/loss improved. New best score: 0.904
  [Epoch 2] Batch 50/750 (7%)
  [Epoch 2] Batch 100/750 (13%)
  [Epoch 2] Batch 150/750 (20%)
  [Epoch 2] Batch 200/750 (27%)
  [Epoch 2] Batch 250/750 (33%)
  [Epoch 2] Batch 300/750 (40%)
  [Epoch 2] Batch 350/750 (47%)
  [Epoch 2] Batch 400/750 (53%)
  [Epoch 2] Batch 450/750 (60%)
  [Epoch 2] Batch 500/750 (67%)
  [Epoch 2] Batch 550/750 (73%)
  [Epoch 2] Batch 600/750 (80%)
  [Epoch 2] Batch 650/750 (87%)
  [Epoch 2] Batch 700/750 (93%)
  [Epoch 2] Batch 750/750 (100%)
[Epoch 2/700] train_loss=0.8773 val_loss=0.8628 lr=1.00e-03 (45s)
Metric val/loss improved by 0.041 >= min_delta = 0.0. New best score: 0.863
  [Epoch 3] Batch 50/750 (7%)
  [Epoch 3] Batch 100/750 (13%)
  [Epoch 3] Batch 150/750 (20%)
  [Epoch 3] Batch 200/750 (27%)
  [Epoch 3] Batch 250/750 (33%)
  [Epoch 3] Batch 300/750 (40%)
  [Epoch 3] Batch 350/750 (47%)
  [Epoch 3] Batch 400/750 (53%)
  [Epoch 3] Batch 450/750 (60%)
  [Epoch 3] Batch 500/750 (67%)
  [Epoch 3] Batch 550/750 (73%)
  [Epoch 3] Batch 600/750 (80%)
  [Epoch 3] Batch 650/750 (87%)
  [Epoch 3] Batch 700/750 (93%)
  [Epoch 3] Batch 750/750 (100%)
[Epoch 3/700] train_loss=0.8347 val_loss=0.8119 lr=1.00e-03 (45s)
Metric val/loss improved by 0.051 >= min_delta = 0.0. New best score: 0.812
  [Epoch 4] Batch 50/750 (7%)
  [Epoch 4] Batch 100/750 (13%)
  [Epoch 4] Batch 150/750 (20%)
  [Epoch 4] Batch 200/750 (27%)
  [Epoch 4] Batch 250/750 (33%)
  [Epoch 4] Batch 300/750 (40%)
  [Epoch 4] Batch 350/750 (47%)
  [Epoch 4] Batch 400/750 (53%)
  [Epoch 4] Batch 450/750 (60%)
  [Epoch 4] Batch 500/750 (67%)
  [Epoch 4] Batch 550/750 (73%)
  [Epoch 4] Batch 600/750 (80%)
  [Epoch 4] Batch 650/750 (87%)
  [Epoch 4] Batch 700/750 (93%)
  [Epoch 4] Batch 750/750 (100%)
[Epoch 4/700] train_loss=0.8106 val_loss=0.8003 lr=1.00e-03 (45s)
Metric val/loss improved by 0.012 >= min_delta = 0.0. New best score: 0.800
  [Epoch 5] Batch 50/750 (7%)
  [Epoch 5] Batch 100/750 (13%)
  [Epoch 5] Batch 150/750 (20%)
  [Epoch 5] Batch 200/750 (27%)
  [Epoch 5] Batch 250/750 (33%)
  [Epoch 5] Batch 300/750 (40%)
  [Epoch 5] Batch 350/750 (47%)
  [Epoch 5] Batch 400/750 (53%)
  [Epoch 5] Batch 450/750 (60%)
  [Epoch 5] Batch 500/750 (67%)
  [Epoch 5] Batch 550/750 (73%)
  [Epoch 5] Batch 600/750 (80%)
  [Epoch 5] Batch 650/750 (87%)
  [Epoch 5] Batch 700/750 (93%)
  [Epoch 5] Batch 750/750 (100%)
[Epoch 5/700] train_loss=0.7958 val_loss=0.7868 lr=1.00e-03 (45s)
Metric val/loss improved by 0.014 >= min_delta = 0.0. New best score: 0.787
  [Epoch 6] Batch 50/750 (7%)
  [Epoch 6] Batch 100/750 (13%)
  [Epoch 6] Batch 150/750 (20%)
  [Epoch 6] Batch 200/750 (27%)
  [Epoch 6] Batch 250/750 (33%)
  [Epoch 6] Batch 300/750 (40%)
  [Epoch 6] Batch 350/750 (47%)
  [Epoch 6] Batch 400/750 (53%)
  [Epoch 6] Batch 450/750 (60%)
  [Epoch 6] Batch 500/750 (67%)
  [Epoch 6] Batch 550/750 (73%)
  [Epoch 6] Batch 600/750 (80%)
  [Epoch 6] Batch 650/750 (87%)
  [Epoch 6] Batch 700/750 (93%)
  [Epoch 6] Batch 750/750 (100%)
[Epoch 6/700] train_loss=0.7878 val_loss=0.7681 lr=1.00e-03 (45s)
Metric val/loss improved by 0.019 >= min_delta = 0.0. New best score: 0.768
  [Epoch 7] Batch 50/750 (7%)
  [Epoch 7] Batch 100/750 (13%)
  [Epoch 7] Batch 150/750 (20%)
  [Epoch 7] Batch 200/750 (27%)
  [Epoch 7] Batch 250/750 (33%)
  [Epoch 7] Batch 300/750 (40%)
  [Epoch 7] Batch 350/750 (47%)
  [Epoch 7] Batch 400/750 (53%)
  [Epoch 7] Batch 450/750 (60%)
  [Epoch 7] Batch 500/750 (67%)
  [Epoch 7] Batch 550/750 (73%)
  [Epoch 7] Batch 600/750 (80%)
  [Epoch 7] Batch 650/750 (87%)
  [Epoch 7] Batch 700/750 (93%)
  [Epoch 7] Batch 750/750 (100%)
[Epoch 7/700] train_loss=0.7728 val_loss=0.7716 lr=1.00e-03 (45s)
  [Epoch 8] Batch 50/750 (7%)
  [Epoch 8] Batch 100/750 (13%)
  [Epoch 8] Batch 150/750 (20%)
  [Epoch 8] Batch 200/750 (27%)
  [Epoch 8] Batch 250/750 (33%)
  [Epoch 8] Batch 300/750 (40%)
  [Epoch 8] Batch 350/750 (47%)
  [Epoch 8] Batch 400/750 (53%)
  [Epoch 8] Batch 450/750 (60%)
  [Epoch 8] Batch 500/750 (67%)
  [Epoch 8] Batch 550/750 (73%)
  [Epoch 8] Batch 600/750 (80%)
  [Epoch 8] Batch 650/750 (87%)
  [Epoch 8] Batch 700/750 (93%)
  [Epoch 8] Batch 750/750 (100%)
[Epoch 8/700] train_loss=0.7533 val_loss=0.7279 lr=1.00e-03 (45s)
Metric val/loss improved by 0.040 >= min_delta = 0.0. New best score: 0.728
  [Epoch 9] Batch 50/750 (7%)
  [Epoch 9] Batch 100/750 (13%)
  [Epoch 9] Batch 150/750 (20%)
  [Epoch 9] Batch 200/750 (27%)
  [Epoch 9] Batch 250/750 (33%)
  [Epoch 9] Batch 300/750 (40%)
  [Epoch 9] Batch 350/750 (47%)
  [Epoch 9] Batch 400/750 (53%)
  [Epoch 9] Batch 450/750 (60%)
  [Epoch 9] Batch 500/750 (67%)
  [Epoch 9] Batch 550/750 (73%)
  [Epoch 9] Batch 600/750 (80%)
  [Epoch 9] Batch 650/750 (87%)
  [Epoch 9] Batch 700/750 (93%)
  [Epoch 9] Batch 750/750 (100%)
[Epoch 9/700] train_loss=0.7286 val_loss=0.7196 lr=1.00e-03 (46s)
Metric val/loss improved by 0.008 >= min_delta = 0.0. New best score: 0.720
  [Epoch 10] Batch 50/750 (7%)
  [Epoch 10] Batch 100/750 (13%)
  [Epoch 10] Batch 150/750 (20%)
  [Epoch 10] Batch 200/750 (27%)
  [Epoch 10] Batch 250/750 (33%)
  [Epoch 10] Batch 300/750 (40%)
  [Epoch 10] Batch 350/750 (47%)
  [Epoch 10] Batch 400/750 (53%)
  [Epoch 10] Batch 450/750 (60%)
  [Epoch 10] Batch 500/750 (67%)
  [Epoch 10] Batch 550/750 (73%)
  [Epoch 10] Batch 600/750 (80%)
  [Epoch 10] Batch 650/750 (87%)
  [Epoch 10] Batch 700/750 (93%)
  [Epoch 10] Batch 750/750 (100%)
[Epoch 10/700] train_loss=0.7185 val_loss=0.7101 lr=9.99e-04 (46s)
Metric val/loss improved by 0.010 >= min_delta = 0.0. New best score: 0.710
  [Epoch 11] Batch 50/750 (7%)
  [Epoch 11] Batch 100/750 (13%)
  [Epoch 11] Batch 150/750 (20%)
  [Epoch 11] Batch 200/750 (27%)
  [Epoch 11] Batch 250/750 (33%)
  [Epoch 11] Batch 300/750 (40%)
  [Epoch 11] Batch 350/750 (47%)
  [Epoch 11] Batch 400/750 (53%)
  [Epoch 11] Batch 450/750 (60%)
  [Epoch 11] Batch 500/750 (67%)
  [Epoch 11] Batch 550/750 (73%)
  [Epoch 11] Batch 600/750 (80%)
  [Epoch 11] Batch 650/750 (87%)
  [Epoch 11] Batch 700/750 (93%)
  [Epoch 11] Batch 750/750 (100%)
[Epoch 11/700] train_loss=0.6996 val_loss=0.7003 lr=9.99e-04 (46s)
Metric val/loss improved by 0.010 >= min_delta = 0.0. New best score: 0.700
  [Epoch 12] Batch 50/750 (7%)
  [Epoch 12] Batch 100/750 (13%)
  [Epoch 12] Batch 150/750 (20%)
  [Epoch 12] Batch 200/750 (27%)
  [Epoch 12] Batch 250/750 (33%)
  [Epoch 12] Batch 300/750 (40%)
  [Epoch 12] Batch 350/750 (47%)
  [Epoch 12] Batch 400/750 (53%)
  [Epoch 12] Batch 450/750 (60%)
  [Epoch 12] Batch 500/750 (67%)
  [Epoch 12] Batch 550/750 (73%)
  [Epoch 12] Batch 600/750 (80%)
  [Epoch 12] Batch 650/750 (87%)
  [Epoch 12] Batch 700/750 (93%)
  [Epoch 12] Batch 750/750 (100%)
[Epoch 12/700] train_loss=0.6921 val_loss=0.6963 lr=9.99e-04 (46s)
Metric val/loss improved by 0.004 >= min_delta = 0.0. New best score: 0.696
  [Epoch 13] Batch 50/750 (7%)
  [Epoch 13] Batch 100/750 (13%)
  [Epoch 13] Batch 150/750 (20%)
  [Epoch 13] Batch 200/750 (27%)
  [Epoch 13] Batch 250/750 (33%)
  [Epoch 13] Batch 300/750 (40%)
  [Epoch 13] Batch 350/750 (47%)
  [Epoch 13] Batch 400/750 (53%)
  [Epoch 13] Batch 450/750 (60%)
  [Epoch 13] Batch 500/750 (67%)
  [Epoch 13] Batch 550/750 (73%)
  [Epoch 13] Batch 600/750 (80%)
  [Epoch 13] Batch 650/750 (87%)
  [Epoch 13] Batch 700/750 (93%)
  [Epoch 13] Batch 750/750 (100%)
[Epoch 13/700] train_loss=0.6794 val_loss=0.6760 lr=9.99e-04 (46s)
Metric val/loss improved by 0.020 >= min_delta = 0.0. New best score: 0.676
  [Epoch 14] Batch 50/750 (7%)
  [Epoch 14] Batch 100/750 (13%)
  [Epoch 14] Batch 150/750 (20%)
  [Epoch 14] Batch 200/750 (27%)
  [Epoch 14] Batch 250/750 (33%)
  [Epoch 14] Batch 300/750 (40%)
  [Epoch 14] Batch 350/750 (47%)
  [Epoch 14] Batch 400/750 (53%)
  [Epoch 14] Batch 450/750 (60%)
  [Epoch 14] Batch 500/750 (67%)
  [Epoch 14] Batch 550/750 (73%)
  [Epoch 14] Batch 600/750 (80%)
  [Epoch 14] Batch 650/750 (87%)
  [Epoch 14] Batch 700/750 (93%)
  [Epoch 14] Batch 750/750 (100%)
[Epoch 14/700] train_loss=0.6767 val_loss=0.6716 lr=9.99e-04 (45s)
Metric val/loss improved by 0.004 >= min_delta = 0.0. New best score: 0.672
  [Epoch 15] Batch 50/750 (7%)
  [Epoch 15] Batch 100/750 (13%)
  [Epoch 15] Batch 150/750 (20%)
  [Epoch 15] Batch 200/750 (27%)
  [Epoch 15] Batch 250/750 (33%)
  [Epoch 15] Batch 300/750 (40%)
  [Epoch 15] Batch 350/750 (47%)
  [Epoch 15] Batch 400/750 (53%)
  [Epoch 15] Batch 450/750 (60%)
  [Epoch 15] Batch 500/750 (67%)
  [Epoch 15] Batch 550/750 (73%)
  [Epoch 15] Batch 600/750 (80%)
  [Epoch 15] Batch 650/750 (87%)
  [Epoch 15] Batch 700/750 (93%)
  [Epoch 15] Batch 750/750 (100%)
[Epoch 15/700] train_loss=0.6571 val_loss=0.6718 lr=9.99e-04 (45s)
  [Epoch 16] Batch 50/750 (7%)
  [Epoch 16] Batch 100/750 (13%)
  [Epoch 16] Batch 150/750 (20%)
  [Epoch 16] Batch 200/750 (27%)
  [Epoch 16] Batch 250/750 (33%)
  [Epoch 16] Batch 300/750 (40%)
  [Epoch 16] Batch 350/750 (47%)
  [Epoch 16] Batch 400/750 (53%)
  [Epoch 16] Batch 450/750 (60%)
  [Epoch 16] Batch 500/750 (67%)
  [Epoch 16] Batch 550/750 (73%)
  [Epoch 16] Batch 600/750 (80%)
  [Epoch 16] Batch 650/750 (87%)
  [Epoch 16] Batch 700/750 (93%)
  [Epoch 16] Batch 750/750 (100%)
[Epoch 16/700] train_loss=0.6594 val_loss=0.6516 lr=9.99e-04 (45s)
Metric val/loss improved by 0.020 >= min_delta = 0.0. New best score: 0.652
  [Epoch 17] Batch 50/750 (7%)
  [Epoch 17] Batch 100/750 (13%)
  [Epoch 17] Batch 150/750 (20%)
  [Epoch 17] Batch 200/750 (27%)
  [Epoch 17] Batch 250/750 (33%)
  [Epoch 17] Batch 300/750 (40%)
  [Epoch 17] Batch 350/750 (47%)
  [Epoch 17] Batch 400/750 (53%)
  [Epoch 17] Batch 450/750 (60%)
  [Epoch 17] Batch 500/750 (67%)
  [Epoch 17] Batch 550/750 (73%)
  [Epoch 17] Batch 600/750 (80%)
  [Epoch 17] Batch 650/750 (87%)
  [Epoch 17] Batch 700/750 (93%)
  [Epoch 17] Batch 750/750 (100%)
[Epoch 17/700] train_loss=0.6538 val_loss=0.6625 lr=9.99e-04 (45s)
  [Epoch 18] Batch 50/750 (7%)
  [Epoch 18] Batch 100/750 (13%)
  [Epoch 18] Batch 150/750 (20%)
  [Epoch 18] Batch 200/750 (27%)
  [Epoch 18] Batch 250/750 (33%)
  [Epoch 18] Batch 300/750 (40%)
  [Epoch 18] Batch 350/750 (47%)
  [Epoch 18] Batch 400/750 (53%)
  [Epoch 18] Batch 450/750 (60%)
  [Epoch 18] Batch 500/750 (67%)
  [Epoch 18] Batch 550/750 (73%)
  [Epoch 18] Batch 600/750 (80%)
  [Epoch 18] Batch 650/750 (87%)
  [Epoch 18] Batch 700/750 (93%)
  [Epoch 18] Batch 750/750 (100%)
[Epoch 18/700] train_loss=0.6532 val_loss=0.6604 lr=9.98e-04 (45s)
  [Epoch 19] Batch 50/750 (7%)
  [Epoch 19] Batch 100/750 (13%)
  [Epoch 19] Batch 150/750 (20%)
  [Epoch 19] Batch 200/750 (27%)
  [Epoch 19] Batch 250/750 (33%)
  [Epoch 19] Batch 300/750 (40%)
  [Epoch 19] Batch 350/750 (47%)
  [Epoch 19] Batch 400/750 (53%)
  [Epoch 19] Batch 450/750 (60%)
  [Epoch 19] Batch 500/750 (67%)
  [Epoch 19] Batch 550/750 (73%)
  [Epoch 19] Batch 600/750 (80%)
  [Epoch 19] Batch 650/750 (87%)
  [Epoch 19] Batch 700/750 (93%)
  [Epoch 19] Batch 750/750 (100%)
[Epoch 19/700] train_loss=0.6472 val_loss=0.6552 lr=9.98e-04 (45s)
  [Epoch 20] Batch 50/750 (7%)
  [Epoch 20] Batch 100/750 (13%)
  [Epoch 20] Batch 150/750 (20%)
  [Epoch 20] Batch 200/750 (27%)
  [Epoch 20] Batch 250/750 (33%)
  [Epoch 20] Batch 300/750 (40%)
  [Epoch 20] Batch 350/750 (47%)
  [Epoch 20] Batch 400/750 (53%)
  [Epoch 20] Batch 450/750 (60%)
  [Epoch 20] Batch 500/750 (67%)
  [Epoch 20] Batch 550/750 (73%)
  [Epoch 20] Batch 600/750 (80%)
  [Epoch 20] Batch 650/750 (87%)
  [Epoch 20] Batch 700/750 (93%)
  [Epoch 20] Batch 750/750 (100%)
[Epoch 20/700] train_loss=0.6536 val_loss=0.6422 lr=9.98e-04 (45s)
Metric val/loss improved by 0.009 >= min_delta = 0.0. New best score: 0.642
  [Epoch 21] Batch 50/750 (7%)
  [Epoch 21] Batch 100/750 (13%)
  [Epoch 21] Batch 150/750 (20%)
  [Epoch 21] Batch 200/750 (27%)
  [Epoch 21] Batch 250/750 (33%)
  [Epoch 21] Batch 300/750 (40%)
  [Epoch 21] Batch 350/750 (47%)
  [Epoch 21] Batch 400/750 (53%)
  [Epoch 21] Batch 450/750 (60%)
  [Epoch 21] Batch 500/750 (67%)
  [Epoch 21] Batch 550/750 (73%)
  [Epoch 21] Batch 600/750 (80%)
  [Epoch 21] Batch 650/750 (87%)
  [Epoch 21] Batch 700/750 (93%)
  [Epoch 21] Batch 750/750 (100%)
[Epoch 21/700] train_loss=0.6489 val_loss=0.6485 lr=9.98e-04 (45s)
  [Epoch 22] Batch 50/750 (7%)
  [Epoch 22] Batch 100/750 (13%)
  [Epoch 22] Batch 150/750 (20%)
  [Epoch 22] Batch 200/750 (27%)
  [Epoch 22] Batch 250/750 (33%)
  [Epoch 22] Batch 300/750 (40%)
  [Epoch 22] Batch 350/750 (47%)
  [Epoch 22] Batch 400/750 (53%)
  [Epoch 22] Batch 450/750 (60%)
  [Epoch 22] Batch 500/750 (67%)
  [Epoch 22] Batch 550/750 (73%)
  [Epoch 22] Batch 600/750 (80%)
  [Epoch 22] Batch 650/750 (87%)
  [Epoch 22] Batch 700/750 (93%)
  [Epoch 22] Batch 750/750 (100%)
[Epoch 22/700] train_loss=0.6441 val_loss=0.6374 lr=9.98e-04 (44s)
Metric val/loss improved by 0.005 >= min_delta = 0.0. New best score: 0.637
  [Epoch 23] Batch 50/750 (7%)
  [Epoch 23] Batch 100/750 (13%)
  [Epoch 23] Batch 150/750 (20%)
  [Epoch 23] Batch 200/750 (27%)
  [Epoch 23] Batch 250/750 (33%)
  [Epoch 23] Batch 300/750 (40%)
  [Epoch 23] Batch 350/750 (47%)
  [Epoch 23] Batch 400/750 (53%)
  [Epoch 23] Batch 450/750 (60%)
  [Epoch 23] Batch 500/750 (67%)
  [Epoch 23] Batch 550/750 (73%)
  [Epoch 23] Batch 600/750 (80%)
  [Epoch 23] Batch 650/750 (87%)
  [Epoch 23] Batch 700/750 (93%)
  [Epoch 23] Batch 750/750 (100%)
[Epoch 23/700] train_loss=0.6424 val_loss=0.6444 lr=9.97e-04 (45s)
  [Epoch 24] Batch 50/750 (7%)
  [Epoch 24] Batch 100/750 (13%)
  [Epoch 24] Batch 150/750 (20%)
  [Epoch 24] Batch 200/750 (27%)
  [Epoch 24] Batch 250/750 (33%)
  [Epoch 24] Batch 300/750 (40%)
  [Epoch 24] Batch 350/750 (47%)
  [Epoch 24] Batch 400/750 (53%)
  [Epoch 24] Batch 450/750 (60%)
  [Epoch 24] Batch 500/750 (67%)
  [Epoch 24] Batch 550/750 (73%)
  [Epoch 24] Batch 600/750 (80%)
  [Epoch 24] Batch 650/750 (87%)
  [Epoch 24] Batch 700/750 (93%)
  [Epoch 24] Batch 750/750 (100%)
[Epoch 24/700] train_loss=0.6459 val_loss=0.6413 lr=9.97e-04 (41s)
  [Epoch 25] Batch 50/750 (7%)
  [Epoch 25] Batch 100/750 (13%)
  [Epoch 25] Batch 150/750 (20%)
  [Epoch 25] Batch 200/750 (27%)
  [Epoch 25] Batch 250/750 (33%)
  [Epoch 25] Batch 300/750 (40%)
  [Epoch 25] Batch 350/750 (47%)
  [Epoch 25] Batch 400/750 (53%)
  [Epoch 25] Batch 450/750 (60%)
  [Epoch 25] Batch 500/750 (67%)
  [Epoch 25] Batch 550/750 (73%)
  [Epoch 25] Batch 600/750 (80%)
  [Epoch 25] Batch 650/750 (87%)
  [Epoch 25] Batch 700/750 (93%)
  [Epoch 25] Batch 750/750 (100%)
[Epoch 25/700] train_loss=0.6502 val_loss=0.6666 lr=9.97e-04 (45s)
  [Epoch 26] Batch 50/750 (7%)
  [Epoch 26] Batch 100/750 (13%)
  [Epoch 26] Batch 150/750 (20%)
  [Epoch 26] Batch 200/750 (27%)
  [Epoch 26] Batch 250/750 (33%)
  [Epoch 26] Batch 300/750 (40%)
  [Epoch 26] Batch 350/750 (47%)
  [Epoch 26] Batch 400/750 (53%)
  [Epoch 26] Batch 450/750 (60%)
  [Epoch 26] Batch 500/750 (67%)
  [Epoch 26] Batch 550/750 (73%)
  [Epoch 26] Batch 600/750 (80%)
  [Epoch 26] Batch 650/750 (87%)
  [Epoch 26] Batch 700/750 (93%)
  [Epoch 26] Batch 750/750 (100%)
[Epoch 26/700] train_loss=0.6468 val_loss=0.6455 lr=9.97e-04 (45s)
  [Epoch 27] Batch 50/750 (7%)
  [Epoch 27] Batch 100/750 (13%)
  [Epoch 27] Batch 150/750 (20%)
  [Epoch 27] Batch 200/750 (27%)
  [Epoch 27] Batch 250/750 (33%)
  [Epoch 27] Batch 300/750 (40%)
  [Epoch 27] Batch 350/750 (47%)
  [Epoch 27] Batch 400/750 (53%)
  [Epoch 27] Batch 450/750 (60%)
  [Epoch 27] Batch 500/750 (67%)
  [Epoch 27] Batch 550/750 (73%)
  [Epoch 27] Batch 600/750 (80%)
  [Epoch 27] Batch 650/750 (87%)
  [Epoch 27] Batch 700/750 (93%)
  [Epoch 27] Batch 750/750 (100%)
[Epoch 27/700] train_loss=0.6470 val_loss=0.6588 lr=9.96e-04 (45s)
  [Epoch 28] Batch 50/750 (7%)
  [Epoch 28] Batch 100/750 (13%)
  [Epoch 28] Batch 150/750 (20%)
  [Epoch 28] Batch 200/750 (27%)
  [Epoch 28] Batch 250/750 (33%)
  [Epoch 28] Batch 300/750 (40%)
  [Epoch 28] Batch 350/750 (47%)
  [Epoch 28] Batch 400/750 (53%)
  [Epoch 28] Batch 450/750 (60%)
  [Epoch 28] Batch 500/750 (67%)
  [Epoch 28] Batch 550/750 (73%)
  [Epoch 28] Batch 600/750 (80%)
  [Epoch 28] Batch 650/750 (87%)
  [Epoch 28] Batch 700/750 (93%)
  [Epoch 28] Batch 750/750 (100%)
[Epoch 28/700] train_loss=0.6457 val_loss=0.6472 lr=9.96e-04 (45s)
  [Epoch 29] Batch 50/750 (7%)
  [Epoch 29] Batch 100/750 (13%)
  [Epoch 29] Batch 150/750 (20%)
  [Epoch 29] Batch 200/750 (27%)
  [Epoch 29] Batch 250/750 (33%)
  [Epoch 29] Batch 300/750 (40%)
  [Epoch 29] Batch 350/750 (47%)
  [Epoch 29] Batch 400/750 (53%)
  [Epoch 29] Batch 450/750 (60%)
  [Epoch 29] Batch 500/750 (67%)
  [Epoch 29] Batch 550/750 (73%)
  [Epoch 29] Batch 600/750 (80%)
  [Epoch 29] Batch 650/750 (87%)
  [Epoch 29] Batch 700/750 (93%)
  [Epoch 29] Batch 750/750 (100%)
[Epoch 29/700] train_loss=0.6452 val_loss=0.6486 lr=9.96e-04 (45s)
  [Epoch 30] Batch 50/750 (7%)
  [Epoch 30] Batch 100/750 (13%)
  [Epoch 30] Batch 150/750 (20%)
  [Epoch 30] Batch 200/750 (27%)
  [Epoch 30] Batch 250/750 (33%)
  [Epoch 30] Batch 300/750 (40%)
  [Epoch 30] Batch 350/750 (47%)
  [Epoch 30] Batch 400/750 (53%)
  [Epoch 30] Batch 450/750 (60%)
  [Epoch 30] Batch 500/750 (67%)
  [Epoch 30] Batch 550/750 (73%)
  [Epoch 30] Batch 600/750 (80%)
  [Epoch 30] Batch 650/750 (87%)
  [Epoch 30] Batch 700/750 (93%)
  [Epoch 30] Batch 750/750 (100%)
[Epoch 30/700] train_loss=0.6428 val_loss=0.6430 lr=9.95e-04 (45s)
  [Epoch 31] Batch 50/750 (7%)
  [Epoch 31] Batch 100/750 (13%)
  [Epoch 31] Batch 150/750 (20%)
  [Epoch 31] Batch 200/750 (27%)
  [Epoch 31] Batch 250/750 (33%)
  [Epoch 31] Batch 300/750 (40%)
  [Epoch 31] Batch 350/750 (47%)
  [Epoch 31] Batch 400/750 (53%)
  [Epoch 31] Batch 450/750 (60%)
  [Epoch 31] Batch 500/750 (67%)
  [Epoch 31] Batch 550/750 (73%)
  [Epoch 31] Batch 600/750 (80%)
  [Epoch 31] Batch 650/750 (87%)
  [Epoch 31] Batch 700/750 (93%)
  [Epoch 31] Batch 750/750 (100%)
[Epoch 31/700] train_loss=0.6432 val_loss=0.6317 lr=9.95e-04 (45s)
Metric val/loss improved by 0.006 >= min_delta = 0.0. New best score: 0.632
  [Epoch 32] Batch 50/750 (7%)
  [Epoch 32] Batch 100/750 (13%)
  [Epoch 32] Batch 150/750 (20%)
  [Epoch 32] Batch 200/750 (27%)
  [Epoch 32] Batch 250/750 (33%)
  [Epoch 32] Batch 300/750 (40%)
  [Epoch 32] Batch 350/750 (47%)
  [Epoch 32] Batch 400/750 (53%)
  [Epoch 32] Batch 450/750 (60%)
  [Epoch 32] Batch 500/750 (67%)
  [Epoch 32] Batch 550/750 (73%)
  [Epoch 32] Batch 600/750 (80%)
  [Epoch 32] Batch 650/750 (87%)
  [Epoch 32] Batch 700/750 (93%)
  [Epoch 32] Batch 750/750 (100%)
[Epoch 32/700] train_loss=0.6415 val_loss=0.6528 lr=9.95e-04 (45s)
  [Epoch 33] Batch 50/750 (7%)
  [Epoch 33] Batch 100/750 (13%)
  [Epoch 33] Batch 150/750 (20%)
  [Epoch 33] Batch 200/750 (27%)
  [Epoch 33] Batch 250/750 (33%)
  [Epoch 33] Batch 300/750 (40%)
  [Epoch 33] Batch 350/750 (47%)
  [Epoch 33] Batch 400/750 (53%)
  [Epoch 33] Batch 450/750 (60%)
  [Epoch 33] Batch 500/750 (67%)
  [Epoch 33] Batch 550/750 (73%)
  [Epoch 33] Batch 600/750 (80%)
  [Epoch 33] Batch 650/750 (87%)
  [Epoch 33] Batch 700/750 (93%)
  [Epoch 33] Batch 750/750 (100%)
[Epoch 33/700] train_loss=0.6367 val_loss=0.6340 lr=9.95e-04 (45s)
  [Epoch 34] Batch 50/750 (7%)
  [Epoch 34] Batch 100/750 (13%)
  [Epoch 34] Batch 150/750 (20%)
  [Epoch 34] Batch 200/750 (27%)
  [Epoch 34] Batch 250/750 (33%)
  [Epoch 34] Batch 300/750 (40%)
  [Epoch 34] Batch 350/750 (47%)
  [Epoch 34] Batch 400/750 (53%)
  [Epoch 34] Batch 450/750 (60%)
  [Epoch 34] Batch 500/750 (67%)
  [Epoch 34] Batch 550/750 (73%)
  [Epoch 34] Batch 600/750 (80%)
  [Epoch 34] Batch 650/750 (87%)
  [Epoch 34] Batch 700/750 (93%)
  [Epoch 34] Batch 750/750 (100%)
[Epoch 34/700] train_loss=0.6385 val_loss=0.6439 lr=9.94e-04 (45s)
  [Epoch 35] Batch 50/750 (7%)
  [Epoch 35] Batch 100/750 (13%)
  [Epoch 35] Batch 150/750 (20%)
  [Epoch 35] Batch 200/750 (27%)
  [Epoch 35] Batch 250/750 (33%)
  [Epoch 35] Batch 300/750 (40%)
  [Epoch 35] Batch 350/750 (47%)
  [Epoch 35] Batch 400/750 (53%)
  [Epoch 35] Batch 450/750 (60%)
  [Epoch 35] Batch 500/750 (67%)
  [Epoch 35] Batch 550/750 (73%)
  [Epoch 35] Batch 600/750 (80%)
  [Epoch 35] Batch 650/750 (87%)
  [Epoch 35] Batch 700/750 (93%)
  [Epoch 35] Batch 750/750 (100%)
[Epoch 35/700] train_loss=0.6342 val_loss=0.6431 lr=9.94e-04 (45s)
  [Epoch 36] Batch 50/750 (7%)
  [Epoch 36] Batch 100/750 (13%)
  [Epoch 36] Batch 150/750 (20%)
  [Epoch 36] Batch 200/750 (27%)
  [Epoch 36] Batch 250/750 (33%)
  [Epoch 36] Batch 300/750 (40%)
  [Epoch 36] Batch 350/750 (47%)
  [Epoch 36] Batch 400/750 (53%)
  [Epoch 36] Batch 450/750 (60%)
  [Epoch 36] Batch 500/750 (67%)
  [Epoch 36] Batch 550/750 (73%)
  [Epoch 36] Batch 600/750 (80%)
  [Epoch 36] Batch 650/750 (87%)
  [Epoch 36] Batch 700/750 (93%)
  [Epoch 36] Batch 750/750 (100%)
[Epoch 36/700] train_loss=0.6386 val_loss=0.6389 lr=9.93e-04 (45s)
  [Epoch 37] Batch 50/750 (7%)
  [Epoch 37] Batch 100/750 (13%)
  [Epoch 37] Batch 150/750 (20%)
  [Epoch 37] Batch 200/750 (27%)
  [Epoch 37] Batch 250/750 (33%)
  [Epoch 37] Batch 300/750 (40%)
  [Epoch 37] Batch 350/750 (47%)
  [Epoch 37] Batch 400/750 (53%)
  [Epoch 37] Batch 450/750 (60%)
  [Epoch 37] Batch 500/750 (67%)
  [Epoch 37] Batch 550/750 (73%)
  [Epoch 37] Batch 600/750 (80%)
  [Epoch 37] Batch 650/750 (87%)
  [Epoch 37] Batch 700/750 (93%)
  [Epoch 37] Batch 750/750 (100%)
[Epoch 37/700] train_loss=0.6435 val_loss=0.6195 lr=9.93e-04 (45s)
Metric val/loss improved by 0.012 >= min_delta = 0.0. New best score: 0.619
  [Epoch 38] Batch 50/750 (7%)
  [Epoch 38] Batch 100/750 (13%)
  [Epoch 38] Batch 150/750 (20%)
  [Epoch 38] Batch 200/750 (27%)
  [Epoch 38] Batch 250/750 (33%)
  [Epoch 38] Batch 300/750 (40%)
  [Epoch 38] Batch 350/750 (47%)
  [Epoch 38] Batch 400/750 (53%)
  [Epoch 38] Batch 450/750 (60%)
  [Epoch 38] Batch 500/750 (67%)
  [Epoch 38] Batch 550/750 (73%)
  [Epoch 38] Batch 600/750 (80%)
  [Epoch 38] Batch 650/750 (87%)
  [Epoch 38] Batch 700/750 (93%)
  [Epoch 38] Batch 750/750 (100%)
[Epoch 38/700] train_loss=0.6393 val_loss=0.6355 lr=9.93e-04 (45s)
  [Epoch 39] Batch 50/750 (7%)
  [Epoch 39] Batch 100/750 (13%)
  [Epoch 39] Batch 150/750 (20%)
  [Epoch 39] Batch 200/750 (27%)
  [Epoch 39] Batch 250/750 (33%)
  [Epoch 39] Batch 300/750 (40%)
  [Epoch 39] Batch 350/750 (47%)
  [Epoch 39] Batch 400/750 (53%)
  [Epoch 39] Batch 450/750 (60%)
  [Epoch 39] Batch 500/750 (67%)
  [Epoch 39] Batch 550/750 (73%)
  [Epoch 39] Batch 600/750 (80%)
  [Epoch 39] Batch 650/750 (87%)
  [Epoch 39] Batch 700/750 (93%)
  [Epoch 39] Batch 750/750 (100%)
[Epoch 39/700] train_loss=0.6489 val_loss=0.6716 lr=9.92e-04 (45s)
  [Epoch 40] Batch 50/750 (7%)
  [Epoch 40] Batch 100/750 (13%)
  [Epoch 40] Batch 150/750 (20%)
  [Epoch 40] Batch 200/750 (27%)
  [Epoch 40] Batch 250/750 (33%)
  [Epoch 40] Batch 300/750 (40%)
  [Epoch 40] Batch 350/750 (47%)
  [Epoch 40] Batch 400/750 (53%)
  [Epoch 40] Batch 450/750 (60%)
  [Epoch 40] Batch 500/750 (67%)
  [Epoch 40] Batch 550/750 (73%)
  [Epoch 40] Batch 600/750 (80%)
  [Epoch 40] Batch 650/750 (87%)
  [Epoch 40] Batch 700/750 (93%)
  [Epoch 40] Batch 750/750 (100%)
[Epoch 40/700] train_loss=0.6495 val_loss=0.6482 lr=9.92e-04 (45s)
  [Epoch 41] Batch 50/750 (7%)
  [Epoch 41] Batch 100/750 (13%)
  [Epoch 41] Batch 150/750 (20%)
  [Epoch 41] Batch 200/750 (27%)
  [Epoch 41] Batch 250/750 (33%)
  [Epoch 41] Batch 300/750 (40%)
  [Epoch 41] Batch 350/750 (47%)
  [Epoch 41] Batch 400/750 (53%)
  [Epoch 41] Batch 450/750 (60%)
  [Epoch 41] Batch 500/750 (67%)
  [Epoch 41] Batch 550/750 (73%)
  [Epoch 41] Batch 600/750 (80%)
  [Epoch 41] Batch 650/750 (87%)
  [Epoch 41] Batch 700/750 (93%)
  [Epoch 41] Batch 750/750 (100%)
[Epoch 41/700] train_loss=0.6450 val_loss=0.6483 lr=9.92e-04 (45s)
  [Epoch 42] Batch 50/750 (7%)
  [Epoch 42] Batch 100/750 (13%)
  [Epoch 42] Batch 150/750 (20%)
  [Epoch 42] Batch 200/750 (27%)
  [Epoch 42] Batch 250/750 (33%)
  [Epoch 42] Batch 300/750 (40%)
  [Epoch 42] Batch 350/750 (47%)
  [Epoch 42] Batch 400/750 (53%)
  [Epoch 42] Batch 450/750 (60%)
  [Epoch 42] Batch 500/750 (67%)
  [Epoch 42] Batch 550/750 (73%)
  [Epoch 42] Batch 600/750 (80%)
  [Epoch 42] Batch 650/750 (87%)
  [Epoch 42] Batch 700/750 (93%)
  [Epoch 42] Batch 750/750 (100%)
[Epoch 42/700] train_loss=0.6338 val_loss=0.6356 lr=9.91e-04 (45s)
  [Epoch 43] Batch 50/750 (7%)
  [Epoch 43] Batch 100/750 (13%)
  [Epoch 43] Batch 150/750 (20%)
  [Epoch 43] Batch 200/750 (27%)
  [Epoch 43] Batch 250/750 (33%)
  [Epoch 43] Batch 300/750 (40%)
  [Epoch 43] Batch 350/750 (47%)
  [Epoch 43] Batch 400/750 (53%)
  [Epoch 43] Batch 450/750 (60%)
  [Epoch 43] Batch 500/750 (67%)
  [Epoch 43] Batch 550/750 (73%)
  [Epoch 43] Batch 600/750 (80%)
  [Epoch 43] Batch 650/750 (87%)
  [Epoch 43] Batch 700/750 (93%)
  [Epoch 43] Batch 750/750 (100%)
[Epoch 43/700] train_loss=0.6270 val_loss=0.6575 lr=9.91e-04 (45s)
  [Epoch 44] Batch 50/750 (7%)
  [Epoch 44] Batch 100/750 (13%)
  [Epoch 44] Batch 150/750 (20%)
  [Epoch 44] Batch 200/750 (27%)
  [Epoch 44] Batch 250/750 (33%)
  [Epoch 44] Batch 300/750 (40%)
  [Epoch 44] Batch 350/750 (47%)
  [Epoch 44] Batch 400/750 (53%)
  [Epoch 44] Batch 450/750 (60%)
  [Epoch 44] Batch 500/750 (67%)
  [Epoch 44] Batch 550/750 (73%)
  [Epoch 44] Batch 600/750 (80%)
  [Epoch 44] Batch 650/750 (87%)
  [Epoch 44] Batch 700/750 (93%)
  [Epoch 44] Batch 750/750 (100%)
[Epoch 44/700] train_loss=0.6383 val_loss=0.6408 lr=9.90e-04 (45s)
  [Epoch 45] Batch 50/750 (7%)
  [Epoch 45] Batch 100/750 (13%)
  [Epoch 45] Batch 150/750 (20%)
  [Epoch 45] Batch 200/750 (27%)
  [Epoch 45] Batch 250/750 (33%)
  [Epoch 45] Batch 300/750 (40%)
  [Epoch 45] Batch 350/750 (47%)
  [Epoch 45] Batch 400/750 (53%)
  [Epoch 45] Batch 450/750 (60%)
  [Epoch 45] Batch 500/750 (67%)
  [Epoch 45] Batch 550/750 (73%)
  [Epoch 45] Batch 600/750 (80%)
  [Epoch 45] Batch 650/750 (87%)
  [Epoch 45] Batch 700/750 (93%)
  [Epoch 45] Batch 750/750 (100%)
[Epoch 45/700] train_loss=0.6439 val_loss=0.6397 lr=9.90e-04 (44s)
  [Epoch 46] Batch 50/750 (7%)
  [Epoch 46] Batch 100/750 (13%)
  [Epoch 46] Batch 150/750 (20%)
  [Epoch 46] Batch 200/750 (27%)
  [Epoch 46] Batch 250/750 (33%)
  [Epoch 46] Batch 300/750 (40%)
  [Epoch 46] Batch 350/750 (47%)
  [Epoch 46] Batch 400/750 (53%)
  [Epoch 46] Batch 450/750 (60%)
  [Epoch 46] Batch 500/750 (67%)
  [Epoch 46] Batch 550/750 (73%)
  [Epoch 46] Batch 600/750 (80%)
  [Epoch 46] Batch 650/750 (87%)
  [Epoch 46] Batch 700/750 (93%)
  [Epoch 46] Batch 750/750 (100%)
[Epoch 46/700] train_loss=0.6606 val_loss=0.6565 lr=9.89e-04 (45s)
  [Epoch 47] Batch 50/750 (7%)
  [Epoch 47] Batch 100/750 (13%)
  [Epoch 47] Batch 150/750 (20%)
  [Epoch 47] Batch 200/750 (27%)
  [Epoch 47] Batch 250/750 (33%)
  [Epoch 47] Batch 300/750 (40%)
  [Epoch 47] Batch 350/750 (47%)
  [Epoch 47] Batch 400/750 (53%)
  [Epoch 47] Batch 450/750 (60%)
  [Epoch 47] Batch 500/750 (67%)
  [Epoch 47] Batch 550/750 (73%)
  [Epoch 47] Batch 600/750 (80%)
  [Epoch 47] Batch 650/750 (87%)
  [Epoch 47] Batch 700/750 (93%)
  [Epoch 47] Batch 750/750 (100%)
[Epoch 47/700] train_loss=0.6435 val_loss=0.6440 lr=9.89e-04 (45s)
  [Epoch 48] Batch 50/750 (7%)
  [Epoch 48] Batch 100/750 (13%)
  [Epoch 48] Batch 150/750 (20%)
  [Epoch 48] Batch 200/750 (27%)
  [Epoch 48] Batch 250/750 (33%)
  [Epoch 48] Batch 300/750 (40%)
  [Epoch 48] Batch 350/750 (47%)
  [Epoch 48] Batch 400/750 (53%)
  [Epoch 48] Batch 450/750 (60%)
  [Epoch 48] Batch 500/750 (67%)
  [Epoch 48] Batch 550/750 (73%)
  [Epoch 48] Batch 600/750 (80%)
  [Epoch 48] Batch 650/750 (87%)
  [Epoch 48] Batch 700/750 (93%)
  [Epoch 48] Batch 750/750 (100%)
[Epoch 48/700] train_loss=0.6478 val_loss=0.6495 lr=9.88e-04 (46s)
  [Epoch 49] Batch 50/750 (7%)
  [Epoch 49] Batch 100/750 (13%)
  [Epoch 49] Batch 150/750 (20%)
  [Epoch 49] Batch 200/750 (27%)
  [Epoch 49] Batch 250/750 (33%)
  [Epoch 49] Batch 300/750 (40%)
  [Epoch 49] Batch 350/750 (47%)
  [Epoch 49] Batch 400/750 (53%)
  [Epoch 49] Batch 450/750 (60%)
  [Epoch 49] Batch 500/750 (67%)
  [Epoch 49] Batch 550/750 (73%)
  [Epoch 49] Batch 600/750 (80%)
  [Epoch 49] Batch 650/750 (87%)
  [Epoch 49] Batch 700/750 (93%)
  [Epoch 49] Batch 750/750 (100%)
[Epoch 49/700] train_loss=0.6502 val_loss=0.6695 lr=9.88e-04 (45s)
  [Epoch 50] Batch 50/750 (7%)
  [Epoch 50] Batch 100/750 (13%)
  [Epoch 50] Batch 150/750 (20%)
  [Epoch 50] Batch 200/750 (27%)
  [Epoch 50] Batch 250/750 (33%)
  [Epoch 50] Batch 300/750 (40%)
  [Epoch 50] Batch 350/750 (47%)
  [Epoch 50] Batch 400/750 (53%)
  [Epoch 50] Batch 450/750 (60%)
  [Epoch 50] Batch 500/750 (67%)
  [Epoch 50] Batch 550/750 (73%)
  [Epoch 50] Batch 600/750 (80%)
  [Epoch 50] Batch 650/750 (87%)
  [Epoch 50] Batch 700/750 (93%)
  [Epoch 50] Batch 750/750 (100%)
[Epoch 50/700] train_loss=0.6505 val_loss=0.6619 lr=9.87e-04 (45s)
  [Epoch 51] Batch 50/750 (7%)
  [Epoch 51] Batch 100/750 (13%)
  [Epoch 51] Batch 150/750 (20%)
  [Epoch 51] Batch 200/750 (27%)
  [Epoch 51] Batch 250/750 (33%)
  [Epoch 51] Batch 300/750 (40%)
  [Epoch 51] Batch 350/750 (47%)
  [Epoch 51] Batch 400/750 (53%)
  [Epoch 51] Batch 450/750 (60%)
  [Epoch 51] Batch 500/750 (67%)
  [Epoch 51] Batch 550/750 (73%)
  [Epoch 51] Batch 600/750 (80%)
  [Epoch 51] Batch 650/750 (87%)
  [Epoch 51] Batch 700/750 (93%)
  [Epoch 51] Batch 750/750 (100%)
[Epoch 51/700] train_loss=0.6600 val_loss=0.6484 lr=9.87e-04 (45s)
  [Epoch 52] Batch 50/750 (7%)
  [Epoch 52] Batch 100/750 (13%)
  [Epoch 52] Batch 150/750 (20%)
  [Epoch 52] Batch 200/750 (27%)
  [Epoch 52] Batch 250/750 (33%)
  [Epoch 52] Batch 300/750 (40%)
  [Epoch 52] Batch 350/750 (47%)
  [Epoch 52] Batch 400/750 (53%)
  [Epoch 52] Batch 450/750 (60%)
  [Epoch 52] Batch 500/750 (67%)
  [Epoch 52] Batch 550/750 (73%)
  [Epoch 52] Batch 600/750 (80%)
  [Epoch 52] Batch 650/750 (87%)
  [Epoch 52] Batch 700/750 (93%)
  [Epoch 52] Batch 750/750 (100%)
[Epoch 52/700] train_loss=0.6591 val_loss=0.6668 lr=9.86e-04 (45s)
  [Epoch 53] Batch 50/750 (7%)
  [Epoch 53] Batch 100/750 (13%)
  [Epoch 53] Batch 150/750 (20%)
  [Epoch 53] Batch 200/750 (27%)
  [Epoch 53] Batch 250/750 (33%)
  [Epoch 53] Batch 300/750 (40%)
  [Epoch 53] Batch 350/750 (47%)
  [Epoch 53] Batch 400/750 (53%)
  [Epoch 53] Batch 450/750 (60%)
  [Epoch 53] Batch 500/750 (67%)
  [Epoch 53] Batch 550/750 (73%)
  [Epoch 53] Batch 600/750 (80%)
  [Epoch 53] Batch 650/750 (87%)
  [Epoch 53] Batch 700/750 (93%)
  [Epoch 53] Batch 750/750 (100%)
[Epoch 53/700] train_loss=0.6634 val_loss=0.6677 lr=9.86e-04 (45s)
  [Epoch 54] Batch 50/750 (7%)
  [Epoch 54] Batch 100/750 (13%)
  [Epoch 54] Batch 150/750 (20%)
  [Epoch 54] Batch 200/750 (27%)
  [Epoch 54] Batch 250/750 (33%)
  [Epoch 54] Batch 300/750 (40%)
  [Epoch 54] Batch 350/750 (47%)
  [Epoch 54] Batch 400/750 (53%)
  [Epoch 54] Batch 450/750 (60%)
  [Epoch 54] Batch 500/750 (67%)
  [Epoch 54] Batch 550/750 (73%)
  [Epoch 54] Batch 600/750 (80%)
  [Epoch 54] Batch 650/750 (87%)
  [Epoch 54] Batch 700/750 (93%)
  [Epoch 54] Batch 750/750 (100%)
[Epoch 54/700] train_loss=0.6695 val_loss=0.6624 lr=9.85e-04 (45s)
  [Epoch 55] Batch 50/750 (7%)
  [Epoch 55] Batch 100/750 (13%)
  [Epoch 55] Batch 150/750 (20%)
  [Epoch 55] Batch 200/750 (27%)
  [Epoch 55] Batch 250/750 (33%)
  [Epoch 55] Batch 300/750 (40%)
  [Epoch 55] Batch 350/750 (47%)
  [Epoch 55] Batch 400/750 (53%)
  [Epoch 55] Batch 450/750 (60%)
  [Epoch 55] Batch 500/750 (67%)
  [Epoch 55] Batch 550/750 (73%)
  [Epoch 55] Batch 600/750 (80%)
  [Epoch 55] Batch 650/750 (87%)
  [Epoch 55] Batch 700/750 (93%)
  [Epoch 55] Batch 750/750 (100%)
[Epoch 55/700] train_loss=0.6615 val_loss=0.6444 lr=9.85e-04 (45s)
  [Epoch 56] Batch 50/750 (7%)
  [Epoch 56] Batch 100/750 (13%)
  [Epoch 56] Batch 150/750 (20%)
  [Epoch 56] Batch 200/750 (27%)
  [Epoch 56] Batch 250/750 (33%)
  [Epoch 56] Batch 300/750 (40%)
  [Epoch 56] Batch 350/750 (47%)
  [Epoch 56] Batch 400/750 (53%)
  [Epoch 56] Batch 450/750 (60%)
  [Epoch 56] Batch 500/750 (67%)
  [Epoch 56] Batch 550/750 (73%)
  [Epoch 56] Batch 600/750 (80%)
  [Epoch 56] Batch 650/750 (87%)
  [Epoch 56] Batch 700/750 (93%)
  [Epoch 56] Batch 750/750 (100%)
[Epoch 56/700] train_loss=0.6552 val_loss=0.6577 lr=9.84e-04 (45s)
  [Epoch 57] Batch 50/750 (7%)
  [Epoch 57] Batch 100/750 (13%)
  [Epoch 57] Batch 150/750 (20%)
  [Epoch 57] Batch 200/750 (27%)
  [Epoch 57] Batch 250/750 (33%)
  [Epoch 57] Batch 300/750 (40%)
  [Epoch 57] Batch 350/750 (47%)
  [Epoch 57] Batch 400/750 (53%)
  [Epoch 57] Batch 450/750 (60%)
  [Epoch 57] Batch 500/750 (67%)
  [Epoch 57] Batch 550/750 (73%)
  [Epoch 57] Batch 600/750 (80%)
  [Epoch 57] Batch 650/750 (87%)
  [Epoch 57] Batch 700/750 (93%)
  [Epoch 57] Batch 750/750 (100%)
[Epoch 57/700] train_loss=0.6504 val_loss=0.6436 lr=9.84e-04 (45s)
  [Epoch 58] Batch 50/750 (7%)
  [Epoch 58] Batch 100/750 (13%)
  [Epoch 58] Batch 150/750 (20%)
  [Epoch 58] Batch 200/750 (27%)
  [Epoch 58] Batch 250/750 (33%)
  [Epoch 58] Batch 300/750 (40%)
  [Epoch 58] Batch 350/750 (47%)
  [Epoch 58] Batch 400/750 (53%)
  [Epoch 58] Batch 450/750 (60%)
  [Epoch 58] Batch 500/750 (67%)
  [Epoch 58] Batch 550/750 (73%)
  [Epoch 58] Batch 600/750 (80%)
  [Epoch 58] Batch 650/750 (87%)
  [Epoch 58] Batch 700/750 (93%)
  [Epoch 58] Batch 750/750 (100%)
[Epoch 58/700] train_loss=0.6528 val_loss=0.6409 lr=9.83e-04 (45s)
  [Epoch 59] Batch 50/750 (7%)
  [Epoch 59] Batch 100/750 (13%)
  [Epoch 59] Batch 150/750 (20%)
  [Epoch 59] Batch 200/750 (27%)
  [Epoch 59] Batch 250/750 (33%)
  [Epoch 59] Batch 300/750 (40%)
  [Epoch 59] Batch 350/750 (47%)
  [Epoch 59] Batch 400/750 (53%)
  [Epoch 59] Batch 450/750 (60%)
  [Epoch 59] Batch 500/750 (67%)
  [Epoch 59] Batch 550/750 (73%)
  [Epoch 59] Batch 600/750 (80%)
  [Epoch 59] Batch 650/750 (87%)
  [Epoch 59] Batch 700/750 (93%)
  [Epoch 59] Batch 750/750 (100%)
[Epoch 59/700] train_loss=0.6592 val_loss=0.6389 lr=9.83e-04 (45s)
  [Epoch 60] Batch 50/750 (7%)
  [Epoch 60] Batch 100/750 (13%)
  [Epoch 60] Batch 150/750 (20%)
  [Epoch 60] Batch 200/750 (27%)
  [Epoch 60] Batch 250/750 (33%)
  [Epoch 60] Batch 300/750 (40%)
  [Epoch 60] Batch 350/750 (47%)
  [Epoch 60] Batch 400/750 (53%)
  [Epoch 60] Batch 450/750 (60%)
  [Epoch 60] Batch 500/750 (67%)
  [Epoch 60] Batch 550/750 (73%)
  [Epoch 60] Batch 600/750 (80%)
  [Epoch 60] Batch 650/750 (87%)
  [Epoch 60] Batch 700/750 (93%)
  [Epoch 60] Batch 750/750 (100%)
[Epoch 60/700] train_loss=0.6610 val_loss=0.6506 lr=9.82e-04 (45s)
  [Epoch 61] Batch 50/750 (7%)
  [Epoch 61] Batch 100/750 (13%)
  [Epoch 61] Batch 150/750 (20%)
  [Epoch 61] Batch 200/750 (27%)
  [Epoch 61] Batch 250/750 (33%)
  [Epoch 61] Batch 300/750 (40%)
  [Epoch 61] Batch 350/750 (47%)
  [Epoch 61] Batch 400/750 (53%)
  [Epoch 61] Batch 450/750 (60%)
  [Epoch 61] Batch 500/750 (67%)
  [Epoch 61] Batch 550/750 (73%)
  [Epoch 61] Batch 600/750 (80%)
  [Epoch 61] Batch 650/750 (87%)
  [Epoch 61] Batch 700/750 (93%)
  [Epoch 61] Batch 750/750 (100%)
[Epoch 61/700] train_loss=0.6616 val_loss=0.6531 lr=9.81e-04 (45s)
  [Epoch 62] Batch 50/750 (7%)
  [Epoch 62] Batch 100/750 (13%)
  [Epoch 62] Batch 150/750 (20%)
  [Epoch 62] Batch 200/750 (27%)
  [Epoch 62] Batch 250/750 (33%)
  [Epoch 62] Batch 300/750 (40%)
  [Epoch 62] Batch 350/750 (47%)
  [Epoch 62] Batch 400/750 (53%)
  [Epoch 62] Batch 450/750 (60%)
  [Epoch 62] Batch 500/750 (67%)
  [Epoch 62] Batch 550/750 (73%)
  [Epoch 62] Batch 600/750 (80%)
  [Epoch 62] Batch 650/750 (87%)
  [Epoch 62] Batch 700/750 (93%)
  [Epoch 62] Batch 750/750 (100%)
[Epoch 62/700] train_loss=0.6730 val_loss=0.6621 lr=9.81e-04 (45s)
  [Epoch 63] Batch 50/750 (7%)
  [Epoch 63] Batch 100/750 (13%)
  [Epoch 63] Batch 150/750 (20%)
  [Epoch 63] Batch 200/750 (27%)
  [Epoch 63] Batch 250/750 (33%)
  [Epoch 63] Batch 300/750 (40%)
  [Epoch 63] Batch 350/750 (47%)
  [Epoch 63] Batch 400/750 (53%)
  [Epoch 63] Batch 450/750 (60%)
  [Epoch 63] Batch 500/750 (67%)
  [Epoch 63] Batch 550/750 (73%)
  [Epoch 63] Batch 600/750 (80%)
  [Epoch 63] Batch 650/750 (87%)
  [Epoch 63] Batch 700/750 (93%)
  [Epoch 63] Batch 750/750 (100%)
[Epoch 63/700] train_loss=0.6662 val_loss=0.6415 lr=9.80e-04 (45s)
  [Epoch 64] Batch 50/750 (7%)
  [Epoch 64] Batch 100/750 (13%)
  [Epoch 64] Batch 150/750 (20%)
  [Epoch 64] Batch 200/750 (27%)
  [Epoch 64] Batch 250/750 (33%)
  [Epoch 64] Batch 300/750 (40%)
  [Epoch 64] Batch 350/750 (47%)
  [Epoch 64] Batch 400/750 (53%)
  [Epoch 64] Batch 450/750 (60%)
  [Epoch 64] Batch 500/750 (67%)
  [Epoch 64] Batch 550/750 (73%)
  [Epoch 64] Batch 600/750 (80%)
  [Epoch 64] Batch 650/750 (87%)
  [Epoch 64] Batch 700/750 (93%)
  [Epoch 64] Batch 750/750 (100%)
[Epoch 64/700] train_loss=0.6668 val_loss=0.6575 lr=9.80e-04 (45s)
  [Epoch 65] Batch 50/750 (7%)
  [Epoch 65] Batch 100/750 (13%)
  [Epoch 65] Batch 150/750 (20%)
  [Epoch 65] Batch 200/750 (27%)
  [Epoch 65] Batch 250/750 (33%)
  [Epoch 65] Batch 300/750 (40%)
  [Epoch 65] Batch 350/750 (47%)
  [Epoch 65] Batch 400/750 (53%)
  [Epoch 65] Batch 450/750 (60%)
  [Epoch 65] Batch 500/750 (67%)
  [Epoch 65] Batch 550/750 (73%)
  [Epoch 65] Batch 600/750 (80%)
  [Epoch 65] Batch 650/750 (87%)
  [Epoch 65] Batch 700/750 (93%)
  [Epoch 65] Batch 750/750 (100%)
[Epoch 65/700] train_loss=0.7177 val_loss=0.6827 lr=9.79e-04 (45s)
  [Epoch 66] Batch 50/750 (7%)
  [Epoch 66] Batch 100/750 (13%)
  [Epoch 66] Batch 150/750 (20%)
  [Epoch 66] Batch 200/750 (27%)
  [Epoch 66] Batch 250/750 (33%)
  [Epoch 66] Batch 300/750 (40%)
  [Epoch 66] Batch 350/750 (47%)
  [Epoch 66] Batch 400/750 (53%)
  [Epoch 66] Batch 450/750 (60%)
  [Epoch 66] Batch 500/750 (67%)
  [Epoch 66] Batch 550/750 (73%)
  [Epoch 66] Batch 600/750 (80%)
  [Epoch 66] Batch 650/750 (87%)
  [Epoch 66] Batch 700/750 (93%)
  [Epoch 66] Batch 750/750 (100%)
[Epoch 66/700] train_loss=0.6757 val_loss=0.7029 lr=9.78e-04 (45s)
  [Epoch 67] Batch 50/750 (7%)
  [Epoch 67] Batch 100/750 (13%)
  [Epoch 67] Batch 150/750 (20%)
  [Epoch 67] Batch 200/750 (27%)
  [Epoch 67] Batch 250/750 (33%)
  [Epoch 67] Batch 300/750 (40%)
  [Epoch 67] Batch 350/750 (47%)
  [Epoch 67] Batch 400/750 (53%)
  [Epoch 67] Batch 450/750 (60%)
  [Epoch 67] Batch 500/750 (67%)
  [Epoch 67] Batch 550/750 (73%)
  [Epoch 67] Batch 600/750 (80%)
  [Epoch 67] Batch 650/750 (87%)
  [Epoch 67] Batch 700/750 (93%)
  [Epoch 67] Batch 750/750 (100%)
[Epoch 67/700] train_loss=0.6737 val_loss=0.6687 lr=9.78e-04 (45s)
  [Epoch 68] Batch 50/750 (7%)
  [Epoch 68] Batch 100/750 (13%)
  [Epoch 68] Batch 150/750 (20%)
  [Epoch 68] Batch 200/750 (27%)
  [Epoch 68] Batch 250/750 (33%)
  [Epoch 68] Batch 300/750 (40%)
  [Epoch 68] Batch 350/750 (47%)
  [Epoch 68] Batch 400/750 (53%)
  [Epoch 68] Batch 450/750 (60%)
  [Epoch 68] Batch 500/750 (67%)
  [Epoch 68] Batch 550/750 (73%)
  [Epoch 68] Batch 600/750 (80%)
  [Epoch 68] Batch 650/750 (87%)
  [Epoch 68] Batch 700/750 (93%)
  [Epoch 68] Batch 750/750 (100%)
[Epoch 68/700] train_loss=0.6987 val_loss=0.6839 lr=9.77e-04 (45s)
  [Epoch 69] Batch 50/750 (7%)
  [Epoch 69] Batch 100/750 (13%)
  [Epoch 69] Batch 150/750 (20%)
  [Epoch 69] Batch 200/750 (27%)
  [Epoch 69] Batch 250/750 (33%)
  [Epoch 69] Batch 300/750 (40%)
  [Epoch 69] Batch 350/750 (47%)
  [Epoch 69] Batch 400/750 (53%)
  [Epoch 69] Batch 450/750 (60%)
  [Epoch 69] Batch 500/750 (67%)
  [Epoch 69] Batch 550/750 (73%)
  [Epoch 69] Batch 600/750 (80%)
  [Epoch 69] Batch 650/750 (87%)
  [Epoch 69] Batch 700/750 (93%)
  [Epoch 69] Batch 750/750 (100%)
[Epoch 69/700] train_loss=0.6853 val_loss=0.6905 lr=9.76e-04 (45s)
  [Epoch 70] Batch 50/750 (7%)
  [Epoch 70] Batch 100/750 (13%)
  [Epoch 70] Batch 150/750 (20%)
  [Epoch 70] Batch 200/750 (27%)
  [Epoch 70] Batch 250/750 (33%)
  [Epoch 70] Batch 300/750 (40%)
  [Epoch 70] Batch 350/750 (47%)
  [Epoch 70] Batch 400/750 (53%)
  [Epoch 70] Batch 450/750 (60%)
  [Epoch 70] Batch 500/750 (67%)
  [Epoch 70] Batch 550/750 (73%)
  [Epoch 70] Batch 600/750 (80%)
  [Epoch 70] Batch 650/750 (87%)
  [Epoch 70] Batch 700/750 (93%)
  [Epoch 70] Batch 750/750 (100%)
[Epoch 70/700] train_loss=0.6962 val_loss=0.7207 lr=9.76e-04 (43s)
  [Epoch 71] Batch 50/750 (7%)
  [Epoch 71] Batch 100/750 (13%)
  [Epoch 71] Batch 150/750 (20%)
  [Epoch 71] Batch 200/750 (27%)
  [Epoch 71] Batch 250/750 (33%)
  [Epoch 71] Batch 300/750 (40%)
  [Epoch 71] Batch 350/750 (47%)
  [Epoch 71] Batch 400/750 (53%)
  [Epoch 71] Batch 450/750 (60%)
  [Epoch 71] Batch 500/750 (67%)
  [Epoch 71] Batch 550/750 (73%)
  [Epoch 71] Batch 600/750 (80%)
  [Epoch 71] Batch 650/750 (87%)
  [Epoch 71] Batch 700/750 (93%)
  [Epoch 71] Batch 750/750 (100%)
[Epoch 71/700] train_loss=0.7028 val_loss=0.6811 lr=9.75e-04 (45s)
  [Epoch 72] Batch 50/750 (7%)
  [Epoch 72] Batch 100/750 (13%)
  [Epoch 72] Batch 150/750 (20%)
  [Epoch 72] Batch 200/750 (27%)
  [Epoch 72] Batch 250/750 (33%)
  [Epoch 72] Batch 300/750 (40%)
  [Epoch 72] Batch 350/750 (47%)
  [Epoch 72] Batch 400/750 (53%)
  [Epoch 72] Batch 450/750 (60%)
  [Epoch 72] Batch 500/750 (67%)
  [Epoch 72] Batch 550/750 (73%)
  [Epoch 72] Batch 600/750 (80%)
  [Epoch 72] Batch 650/750 (87%)
  [Epoch 72] Batch 700/750 (93%)
  [Epoch 72] Batch 750/750 (100%)
[Epoch 72/700] train_loss=0.6864 val_loss=0.6839 lr=9.74e-04 (45s)
  [Epoch 73] Batch 50/750 (7%)
  [Epoch 73] Batch 100/750 (13%)
  [Epoch 73] Batch 150/750 (20%)
  [Epoch 73] Batch 200/750 (27%)
  [Epoch 73] Batch 250/750 (33%)
  [Epoch 73] Batch 300/750 (40%)
  [Epoch 73] Batch 350/750 (47%)
  [Epoch 73] Batch 400/750 (53%)
  [Epoch 73] Batch 450/750 (60%)
  [Epoch 73] Batch 500/750 (67%)
  [Epoch 73] Batch 550/750 (73%)
  [Epoch 73] Batch 600/750 (80%)
  [Epoch 73] Batch 650/750 (87%)
  [Epoch 73] Batch 700/750 (93%)
  [Epoch 73] Batch 750/750 (100%)
[Epoch 73/700] train_loss=0.6774 val_loss=0.6723 lr=9.73e-04 (42s)
  [Epoch 74] Batch 50/750 (7%)
  [Epoch 74] Batch 100/750 (13%)
  [Epoch 74] Batch 150/750 (20%)
  [Epoch 74] Batch 200/750 (27%)
  [Epoch 74] Batch 250/750 (33%)
  [Epoch 74] Batch 300/750 (40%)
  [Epoch 74] Batch 350/750 (47%)
  [Epoch 74] Batch 400/750 (53%)
  [Epoch 74] Batch 450/750 (60%)
  [Epoch 74] Batch 500/750 (67%)
  [Epoch 74] Batch 550/750 (73%)
  [Epoch 74] Batch 600/750 (80%)
  [Epoch 74] Batch 650/750 (87%)
  [Epoch 74] Batch 700/750 (93%)
  [Epoch 74] Batch 750/750 (100%)
[Epoch 74/700] train_loss=3.9987 val_loss=0.6936 lr=9.73e-04 (45s)
  [Epoch 75] Batch 50/750 (7%)
  [Epoch 75] Batch 100/750 (13%)
  [Epoch 75] Batch 150/750 (20%)
  [Epoch 75] Batch 200/750 (27%)
  [Epoch 75] Batch 250/750 (33%)
  [Epoch 75] Batch 300/750 (40%)
  [Epoch 75] Batch 350/750 (47%)
  [Epoch 75] Batch 400/750 (53%)
  [Epoch 75] Batch 450/750 (60%)
  [Epoch 75] Batch 500/750 (67%)
  [Epoch 75] Batch 550/750 (73%)
  [Epoch 75] Batch 600/750 (80%)
  [Epoch 75] Batch 650/750 (87%)
  [Epoch 75] Batch 700/750 (93%)
  [Epoch 75] Batch 750/750 (100%)
[Epoch 75/700] train_loss=0.6777 val_loss=0.6692 lr=9.72e-04 (45s)
  [Epoch 76] Batch 50/750 (7%)
  [Epoch 76] Batch 100/750 (13%)
  [Epoch 76] Batch 150/750 (20%)
  [Epoch 76] Batch 200/750 (27%)
  [Epoch 76] Batch 250/750 (33%)
  [Epoch 76] Batch 300/750 (40%)
  [Epoch 76] Batch 350/750 (47%)
  [Epoch 76] Batch 400/750 (53%)
  [Epoch 76] Batch 450/750 (60%)
  [Epoch 76] Batch 500/750 (67%)
  [Epoch 76] Batch 550/750 (73%)
  [Epoch 76] Batch 600/750 (80%)
  [Epoch 76] Batch 650/750 (87%)
  [Epoch 76] Batch 700/750 (93%)
  [Epoch 76] Batch 750/750 (100%)
[Epoch 76/700] train_loss=0.6785 val_loss=0.6726 lr=9.71e-04 (44s)
  [Epoch 77] Batch 50/750 (7%)
  [Epoch 77] Batch 100/750 (13%)
  [Epoch 77] Batch 150/750 (20%)
  [Epoch 77] Batch 200/750 (27%)
  [Epoch 77] Batch 250/750 (33%)
  [Epoch 77] Batch 300/750 (40%)
  [Epoch 77] Batch 350/750 (47%)
  [Epoch 77] Batch 400/750 (53%)
  [Epoch 77] Batch 450/750 (60%)
  [Epoch 77] Batch 500/750 (67%)
  [Epoch 77] Batch 550/750 (73%)
  [Epoch 77] Batch 600/750 (80%)
  [Epoch 77] Batch 650/750 (87%)
  [Epoch 77] Batch 700/750 (93%)
  [Epoch 77] Batch 750/750 (100%)
[Epoch 77/700] train_loss=0.6831 val_loss=0.6688 lr=9.70e-04 (45s)
  [Epoch 78] Batch 50/750 (7%)
  [Epoch 78] Batch 100/750 (13%)
  [Epoch 78] Batch 150/750 (20%)
  [Epoch 78] Batch 200/750 (27%)
  [Epoch 78] Batch 250/750 (33%)
  [Epoch 78] Batch 300/750 (40%)
  [Epoch 78] Batch 350/750 (47%)
  [Epoch 78] Batch 400/750 (53%)
  [Epoch 78] Batch 450/750 (60%)
  [Epoch 78] Batch 500/750 (67%)
  [Epoch 78] Batch 550/750 (73%)
  [Epoch 78] Batch 600/750 (80%)
  [Epoch 78] Batch 650/750 (87%)
  [Epoch 78] Batch 700/750 (93%)
  [Epoch 78] Batch 750/750 (100%)
[Epoch 78/700] train_loss=0.6680 val_loss=0.6540 lr=9.70e-04 (45s)
  [Epoch 79] Batch 50/750 (7%)
  [Epoch 79] Batch 100/750 (13%)
  [Epoch 79] Batch 150/750 (20%)
  [Epoch 79] Batch 200/750 (27%)
  [Epoch 79] Batch 250/750 (33%)
  [Epoch 79] Batch 300/750 (40%)
  [Epoch 79] Batch 350/750 (47%)
  [Epoch 79] Batch 400/750 (53%)
  [Epoch 79] Batch 450/750 (60%)
  [Epoch 79] Batch 500/750 (67%)
  [Epoch 79] Batch 550/750 (73%)
  [Epoch 79] Batch 600/750 (80%)
  [Epoch 79] Batch 650/750 (87%)
  [Epoch 79] Batch 700/750 (93%)
  [Epoch 79] Batch 750/750 (100%)
[Epoch 79/700] train_loss=0.6796 val_loss=0.6830 lr=9.69e-04 (45s)
  [Epoch 80] Batch 50/750 (7%)
  [Epoch 80] Batch 100/750 (13%)
  [Epoch 80] Batch 150/750 (20%)
  [Epoch 80] Batch 200/750 (27%)
  [Epoch 80] Batch 250/750 (33%)
  [Epoch 80] Batch 300/750 (40%)
  [Epoch 80] Batch 350/750 (47%)
  [Epoch 80] Batch 400/750 (53%)
  [Epoch 80] Batch 450/750 (60%)
  [Epoch 80] Batch 500/750 (67%)
  [Epoch 80] Batch 550/750 (73%)
  [Epoch 80] Batch 600/750 (80%)
  [Epoch 80] Batch 650/750 (87%)
  [Epoch 80] Batch 700/750 (93%)
  [Epoch 80] Batch 750/750 (100%)
[Epoch 80/700] train_loss=0.6704 val_loss=0.6660 lr=9.68e-04 (45s)
  [Epoch 81] Batch 50/750 (7%)
  [Epoch 81] Batch 100/750 (13%)
  [Epoch 81] Batch 150/750 (20%)
  [Epoch 81] Batch 200/750 (27%)
  [Epoch 81] Batch 250/750 (33%)
  [Epoch 81] Batch 300/750 (40%)
  [Epoch 81] Batch 350/750 (47%)
  [Epoch 81] Batch 400/750 (53%)
  [Epoch 81] Batch 450/750 (60%)
  [Epoch 81] Batch 500/750 (67%)
  [Epoch 81] Batch 550/750 (73%)
  [Epoch 81] Batch 600/750 (80%)
  [Epoch 81] Batch 650/750 (87%)
  [Epoch 81] Batch 700/750 (93%)
  [Epoch 81] Batch 750/750 (100%)
[Epoch 81/700] train_loss=0.6721 val_loss=0.6816 lr=9.67e-04 (45s)
  [Epoch 82] Batch 50/750 (7%)
  [Epoch 82] Batch 100/750 (13%)
  [Epoch 82] Batch 150/750 (20%)
  [Epoch 82] Batch 200/750 (27%)
  [Epoch 82] Batch 250/750 (33%)
  [Epoch 82] Batch 300/750 (40%)
  [Epoch 82] Batch 350/750 (47%)
  [Epoch 82] Batch 400/750 (53%)
  [Epoch 82] Batch 450/750 (60%)
  [Epoch 82] Batch 500/750 (67%)
  [Epoch 82] Batch 550/750 (73%)
  [Epoch 82] Batch 600/750 (80%)
  [Epoch 82] Batch 650/750 (87%)
  [Epoch 82] Batch 700/750 (93%)
  [Epoch 82] Batch 750/750 (100%)
[Epoch 82/700] train_loss=0.6697 val_loss=0.6480 lr=9.67e-04 (45s)
  [Epoch 83] Batch 50/750 (7%)
  [Epoch 83] Batch 100/750 (13%)
  [Epoch 83] Batch 150/750 (20%)
  [Epoch 83] Batch 200/750 (27%)
  [Epoch 83] Batch 250/750 (33%)
  [Epoch 83] Batch 300/750 (40%)
  [Epoch 83] Batch 350/750 (47%)
  [Epoch 83] Batch 400/750 (53%)
  [Epoch 83] Batch 450/750 (60%)
  [Epoch 83] Batch 500/750 (67%)
  [Epoch 83] Batch 550/750 (73%)
  [Epoch 83] Batch 600/750 (80%)
  [Epoch 83] Batch 650/750 (87%)
  [Epoch 83] Batch 700/750 (93%)
  [Epoch 83] Batch 750/750 (100%)
[Epoch 83/700] train_loss=0.6616 val_loss=0.6647 lr=9.66e-04 (45s)
  [Epoch 84] Batch 50/750 (7%)
  [Epoch 84] Batch 100/750 (13%)
  [Epoch 84] Batch 150/750 (20%)
  [Epoch 84] Batch 200/750 (27%)
  [Epoch 84] Batch 250/750 (33%)
  [Epoch 84] Batch 300/750 (40%)
  [Epoch 84] Batch 350/750 (47%)
  [Epoch 84] Batch 400/750 (53%)
  [Epoch 84] Batch 450/750 (60%)
  [Epoch 84] Batch 500/750 (67%)
  [Epoch 84] Batch 550/750 (73%)
  [Epoch 84] Batch 600/750 (80%)
  [Epoch 84] Batch 650/750 (87%)
  [Epoch 84] Batch 700/750 (93%)
  [Epoch 84] Batch 750/750 (100%)
[Epoch 84/700] train_loss=0.6647 val_loss=0.6527 lr=9.65e-04 (45s)
  [Epoch 85] Batch 50/750 (7%)
  [Epoch 85] Batch 100/750 (13%)
  [Epoch 85] Batch 150/750 (20%)
  [Epoch 85] Batch 200/750 (27%)
  [Epoch 85] Batch 250/750 (33%)
  [Epoch 85] Batch 300/750 (40%)
  [Epoch 85] Batch 350/750 (47%)
  [Epoch 85] Batch 400/750 (53%)
  [Epoch 85] Batch 450/750 (60%)
  [Epoch 85] Batch 500/750 (67%)
  [Epoch 85] Batch 550/750 (73%)
  [Epoch 85] Batch 600/750 (80%)
  [Epoch 85] Batch 650/750 (87%)
  [Epoch 85] Batch 700/750 (93%)
  [Epoch 85] Batch 750/750 (100%)
[Epoch 85/700] train_loss=0.6651 val_loss=0.6629 lr=9.64e-04 (45s)
  [Epoch 86] Batch 50/750 (7%)
  [Epoch 86] Batch 100/750 (13%)
  [Epoch 86] Batch 150/750 (20%)
  [Epoch 86] Batch 200/750 (27%)
  [Epoch 86] Batch 250/750 (33%)
  [Epoch 86] Batch 300/750 (40%)
  [Epoch 86] Batch 350/750 (47%)
  [Epoch 86] Batch 400/750 (53%)
  [Epoch 86] Batch 450/750 (60%)
  [Epoch 86] Batch 500/750 (67%)
  [Epoch 86] Batch 550/750 (73%)
  [Epoch 86] Batch 600/750 (80%)
  [Epoch 86] Batch 650/750 (87%)
  [Epoch 86] Batch 700/750 (93%)
  [Epoch 86] Batch 750/750 (100%)
[Epoch 86/700] train_loss=0.6750 val_loss=0.6617 lr=9.63e-04 (44s)
  [Epoch 87] Batch 50/750 (7%)
  [Epoch 87] Batch 100/750 (13%)
  [Epoch 87] Batch 150/750 (20%)
  [Epoch 87] Batch 200/750 (27%)
  [Epoch 87] Batch 250/750 (33%)
  [Epoch 87] Batch 300/750 (40%)
  [Epoch 87] Batch 350/750 (47%)
  [Epoch 87] Batch 400/750 (53%)
  [Epoch 87] Batch 450/750 (60%)
  [Epoch 87] Batch 500/750 (67%)
  [Epoch 87] Batch 550/750 (73%)
  [Epoch 87] Batch 600/750 (80%)
  [Epoch 87] Batch 650/750 (87%)
  [Epoch 87] Batch 700/750 (93%)
  [Epoch 87] Batch 750/750 (100%)
[Epoch 87/700] train_loss=0.6595 val_loss=0.7054 lr=9.62e-04 (45s)
Monitored metric val/loss did not improve in the last 50 records. Best score: 0.619. Signaling Trainer to stop.

[Training] Completed!

✓ Training completed!
  Final checkpoint: /public/home/xiongzhzh2023/PT4ConTSG/experiments/20260331_191155_synth-m_pt_factor_generator/checkpoints/finetune/finetune-epoch=36-val/loss=0.6195.ckpt
  Experiment: experiments/20260331_191155_synth-m_pt_factor_generator

Running automatic evaluation...
Loading weights:   0%|          | 0/197 [00:00<?, ?it/s]Loading weights: 100%|██████████| 197/197 [00:00<00:00, 3902.82it/s]
[1mCLIPTextModelWithProjection LOAD REPORT[0m from: ./checkpoints/longclip
Key                                                            | Status     |  | 
---------------------------------------------------------------+------------+--+-
vision_model.encoder.layers.{0...23}.self_attn.out_proj.weight | UNEXPECTED |  | 
vision_model.encoder.layers.{0...23}.layer_norm1.weight        | UNEXPECTED |  | 
vision_model.encoder.layers.{0...23}.layer_norm2.weight        | UNEXPECTED |  | 
vision_model.encoder.layers.{0...23}.mlp.fc1.bias              | UNEXPECTED |  | 
vision_model.encoder.layers.{0...23}.self_attn.v_proj.weight   | UNEXPECTED |  | 
vision_model.encoder.layers.{0...23}.self_attn.q_proj.weight   | UNEXPECTED |  | 
vision_model.encoder.layers.{0...23}.layer_norm1.bias          | UNEXPECTED |  | 
vision_model.encoder.layers.{0...23}.mlp.fc1.weight            | UNEXPECTED |  | 
vision_model.encoder.layers.{0...23}.self_attn.q_proj.bias     | UNEXPECTED |  | 
vision_model.encoder.layers.{0...23}.layer_norm2.bias          | UNEXPECTED |  | 
vision_model.encoder.layers.{0...23}.self_attn.k_proj.weight   | UNEXPECTED |  | 
vision_model.encoder.layers.{0...23}.self_attn.v_proj.bias     | UNEXPECTED |  | 
vision_model.encoder.layers.{0...23}.self_attn.out_proj.bias   | UNEXPECTED |  | 
vision_model.encoder.layers.{0...23}.mlp.fc2.weight            | UNEXPECTED |  | 
vision_model.encoder.layers.{0...23}.mlp.fc2.bias              | UNEXPECTED |  | 
vision_model.encoder.layers.{0...23}.self_attn.k_proj.bias     | UNEXPECTED |  | 
visual_projection.weight                                       | UNEXPECTED |  | 
logit_scale                                                    | UNEXPECTED |  | 
vision_model.post_layernorm.bias                               | UNEXPECTED |  | 
vision_model.post_layernorm.weight                             | UNEXPECTED |  | 
vision_model.embeddings.position_embedding.weight              | UNEXPECTED |  | 
vision_model.embeddings.patch_embedding.weight                 | UNEXPECTED |  | 
vision_model.embeddings.class_embedding                        | UNEXPECTED |  | 
vision_model.pre_layrnorm.weight                               | UNEXPECTED |  | 
vision_model.pre_layrnorm.bias                                 | UNEXPECTED |  | 

[3mNotes:
- UNEXPECTED[3m	:can be ignored when loading from different task/architecture; not ok if you expect identical arch.[0m
[Evaluating (generating)] Starting (0/32)...
[Evaluating (generating)] 1/32 (3%)
[Evaluating (generating)] 4/32 (12%)
[Evaluating (generating)] 7/32 (22%)
[Evaluating (generating)] 10/32 (31%)
[Evaluating (generating)] 13/32 (41%)
[Evaluating (generating)] 16/32 (50%)
[Evaluating (generating)] 20/32 (62%)
[Evaluating (generating)] 23/32 (72%)
[Evaluating (generating)] 26/32 (81%)
[Evaluating (generating)] 29/32 (91%)
[Evaluating (generating)] 32/32 (100%)
[Evaluating (generating)] Completed (32 items)
Evaluation results saved to: experiments/20260331_191155_synth-m_pt_factor_generator/results/eval_results.json
          Evaluation Results           
┏━━━━━━━━━━━━━━━━━━━━━━━━━┳━━━━━━━━━━━┓
┃ Metric                  ┃     Value ┃
┡━━━━━━━━━━━━━━━━━━━━━━━━━╇━━━━━━━━━━━┩
│ dtw                     │  9.515553 │
│ wape                    │ 82.293617 │
│ ed                      │ 12.264273 │
│ crps                    │  0.441177 │
│ acd                     │  0.076931 │
│ sd                      │  0.055268 │
│ kd                      │  0.366611 │
│ mdd                     │  0.017394 │
│ fid                     │ 46.830336 │
│ jftsd                   │ 49.540047 │
│ cttp                    │ 18.117076 │
│ disc_auc                │  0.997267 │
│ prdc_f1.f1              │  0.486960 │
│ prdc_f1.precision       │  0.466750 │
│ prdc_f1.recall          │  0.509000 │
│ joint_prdc_f1.f1        │  0.489893 │
│ joint_prdc_f1.precision │  0.482750 │
│ joint_prdc_f1.recall    │  0.497250 │
└─────────────────────────┴───────────┘
