Loading config from: configs/grid_search/ptfg_synth-u_lr1e-3_bs256_scF.yaml
Model schema mode: relaxed (no model-specific schema for 'pt_factor_generator')
         Configuration Summary         
┌───────────────┬─────────────────────┐
│ Dataset       │ synth-u             │
│ Model         │ pt_factor_generator │
│ Epochs        │ 700                 │
│ Batch Size    │ 256                 │
│ Learning Rate │ 0.001               │
│ Device        │ cuda:0              │
│ Seed          │ 42                  │
└───────────────┴─────────────────────┘

Experiment directory: experiments/20260402_131416_synth-u_pt_factor_generator
Seed set to 42

Model: pt_factor_generator
Creating data module: synth-u

Starting multi-stage training (1 stage(s))...
  Stage 1: finetune (700 epochs, lr=0.001)
/public/home/xiongzhzh2023/Anaconda/envs/contsg/lib/python3.12/site-packages/lightning_fabric/plugins/environments/slurm.py:204: The `srun` command is available on your system but is not used. HINT: If your intention is to run Lightning on SLURM, prepend your python command with `srun` like so: srun python3.1 /public/home/xiongzhzh2023/Anaconda/envs/contsg/b ...
GPU available: True (cuda), used: True
TPU available: False, using: 0 TPU cores
💡 Tip: For seamless cloud logging and experiment tracking, try installing [litlogger](https://pypi.org/project/litlogger/) to enable LitLogger, which logs metrics and artifacts automatically to the Lightning Experiments platform.
`Trainer(limit_train_batches=1.0)` was configured so 100% of the batches per epoch will be used..
`Trainer(limit_val_batches=1.0)` was configured so 100% of the batches will be used..
`Trainer(limit_test_batches=1.0)` was configured so 100% of the batches will be used..
`Trainer(val_check_interval=1.0)` was configured so validation will run at the end of the training epoch..
LOCAL_RANK: 0 - CUDA_VISIBLE_DEVICES: [0,1,2,3]
┏━━━┳━━━━━━━━━━━━━━┳━━━━━━━━━━━━━━━━━━━━━━━━┳━━━━━━━━┳━━━━━━━┳━━━━━━━┓
┃   ┃ Name         ┃ Type                   ┃ Params ┃ Mode  ┃ FLOPs ┃
┡━━━╇━━━━━━━━━━━━━━╇━━━━━━━━━━━━━━━━━━━━━━━━╇━━━━━━━━╇━━━━━━━╇━━━━━━━┩
│ 0 │ net          │ PTFactorNoisePredictor │  5.2 M │ train │     0 │
│   │ other params │ n/a                    │  1.0 K │ n/a   │   n/a │
└───┴──────────────┴────────────────────────┴────────┴───────┴───────┘
Trainable params: 5.2 M                                                                                                                        
Non-trainable params: 0                                                                                                                        
Total params: 5.2 M                                                                                                                            
Total estimated model params size (MB): 20                                                                                                     
Modules in train mode: 195                                                                                                                     
Modules in eval mode: 0                                                                                                                        
Total FLOPs: 0                                                                                                                                 
/public/home/xiongzhzh2023/Anaconda/envs/contsg/lib/python3.12/site-packages/pytorch_lightning/utilities/data.py:79: Trying to infer the `batch_size` from an ambiguous collection. The batch size we found is 256. To avoid any miscalculations, use `self.log(..., batch_size=batch_size)`.

[Training] Starting 700 epochs...
  [Epoch 1] Batch 50/93 (54%)
/public/home/xiongzhzh2023/Anaconda/envs/contsg/lib/python3.12/site-packages/pytorch_lightning/utilities/data.py:79: Trying to infer the `batch_size` from an ambiguous collection. The batch size we found is 160. To avoid any miscalculations, use `self.log(..., batch_size=batch_size)`.
[Epoch 1/700] train_loss=1.3390 val_loss=0.9052 lr=1.00e-03 (6s)
Metric val/loss improved. New best score: 0.905
  [Epoch 2] Batch 50/93 (54%)
[Epoch 2/700] train_loss=0.8803 val_loss=0.8003 lr=1.00e-03 (6s)
Metric val/loss improved by 0.105 >= min_delta = 0.0. New best score: 0.800
  [Epoch 3] Batch 50/93 (54%)
[Epoch 3/700] train_loss=0.7710 val_loss=0.7284 lr=1.00e-03 (6s)
Metric val/loss improved by 0.072 >= min_delta = 0.0. New best score: 0.728
  [Epoch 4] Batch 50/93 (54%)
[Epoch 4/700] train_loss=0.7298 val_loss=0.6984 lr=1.00e-03 (7s)
Metric val/loss improved by 0.030 >= min_delta = 0.0. New best score: 0.698
  [Epoch 5] Batch 50/93 (54%)
[Epoch 5/700] train_loss=0.7091 val_loss=0.7021 lr=1.00e-03 (6s)
  [Epoch 6] Batch 50/93 (54%)
[Epoch 6/700] train_loss=0.6881 val_loss=0.6945 lr=1.00e-03 (6s)
Metric val/loss improved by 0.004 >= min_delta = 0.0. New best score: 0.694
  [Epoch 7] Batch 50/93 (54%)
[Epoch 7/700] train_loss=0.6823 val_loss=0.6765 lr=1.00e-03 (6s)
Metric val/loss improved by 0.018 >= min_delta = 0.0. New best score: 0.677
  [Epoch 8] Batch 50/93 (54%)
[Epoch 8/700] train_loss=0.6760 val_loss=0.6593 lr=1.00e-03 (6s)
Metric val/loss improved by 0.017 >= min_delta = 0.0. New best score: 0.659
  [Epoch 9] Batch 50/93 (54%)
[Epoch 9/700] train_loss=0.6687 val_loss=0.6610 lr=1.00e-03 (6s)
  [Epoch 10] Batch 50/93 (54%)
[Epoch 10/700] train_loss=0.6611 val_loss=0.6577 lr=9.99e-04 (6s)
Metric val/loss improved by 0.002 >= min_delta = 0.0. New best score: 0.658
  [Epoch 11] Batch 50/93 (54%)
[Epoch 11/700] train_loss=0.6543 val_loss=0.6492 lr=9.99e-04 (6s)
Metric val/loss improved by 0.008 >= min_delta = 0.0. New best score: 0.649
  [Epoch 12] Batch 50/93 (54%)
[Epoch 12/700] train_loss=0.6510 val_loss=0.6481 lr=9.99e-04 (6s)
Metric val/loss improved by 0.001 >= min_delta = 0.0. New best score: 0.648
  [Epoch 13] Batch 50/93 (54%)
[Epoch 13/700] train_loss=0.6520 val_loss=0.6463 lr=9.99e-04 (6s)
Metric val/loss improved by 0.002 >= min_delta = 0.0. New best score: 0.646
  [Epoch 14] Batch 50/93 (54%)
[Epoch 14/700] train_loss=0.6440 val_loss=0.6403 lr=9.99e-04 (6s)
Metric val/loss improved by 0.006 >= min_delta = 0.0. New best score: 0.640
  [Epoch 15] Batch 50/93 (54%)
[Epoch 15/700] train_loss=0.6449 val_loss=0.6547 lr=9.99e-04 (6s)
  [Epoch 16] Batch 50/93 (54%)
[Epoch 16/700] train_loss=0.6396 val_loss=0.6299 lr=9.99e-04 (8s)
Metric val/loss improved by 0.010 >= min_delta = 0.0. New best score: 0.630
  [Epoch 17] Batch 50/93 (54%)
[Epoch 17/700] train_loss=0.6387 val_loss=0.6488 lr=9.99e-04 (6s)
  [Epoch 18] Batch 50/93 (54%)
[Epoch 18/700] train_loss=0.6376 val_loss=0.6338 lr=9.98e-04 (6s)
  [Epoch 19] Batch 50/93 (54%)
[Epoch 19/700] train_loss=0.6324 val_loss=0.6321 lr=9.98e-04 (6s)
  [Epoch 20] Batch 50/93 (54%)
[Epoch 20/700] train_loss=0.6299 val_loss=0.6359 lr=9.98e-04 (6s)
  [Epoch 21] Batch 50/93 (54%)
[Epoch 21/700] train_loss=0.6301 val_loss=0.6268 lr=9.98e-04 (9s)
Metric val/loss improved by 0.003 >= min_delta = 0.0. New best score: 0.627
  [Epoch 22] Batch 50/93 (54%)
[Epoch 22/700] train_loss=0.6244 val_loss=0.6244 lr=9.98e-04 (10s)
Metric val/loss improved by 0.002 >= min_delta = 0.0. New best score: 0.624
  [Epoch 23] Batch 50/93 (54%)
[Epoch 23/700] train_loss=0.6264 val_loss=0.6233 lr=9.97e-04 (10s)
Metric val/loss improved by 0.001 >= min_delta = 0.0. New best score: 0.623
  [Epoch 24] Batch 50/93 (54%)
[Epoch 24/700] train_loss=0.6275 val_loss=0.6197 lr=9.97e-04 (10s)
Metric val/loss improved by 0.004 >= min_delta = 0.0. New best score: 0.620
  [Epoch 25] Batch 50/93 (54%)
[Epoch 25/700] train_loss=0.6215 val_loss=0.6102 lr=9.97e-04 (9s)
Metric val/loss improved by 0.009 >= min_delta = 0.0. New best score: 0.610
  [Epoch 26] Batch 50/93 (54%)
[Epoch 26/700] train_loss=0.6170 val_loss=0.6114 lr=9.97e-04 (8s)
  [Epoch 27] Batch 50/93 (54%)
[Epoch 27/700] train_loss=0.6191 val_loss=0.6203 lr=9.96e-04 (9s)
  [Epoch 28] Batch 50/93 (54%)
[Epoch 28/700] train_loss=0.6146 val_loss=0.6289 lr=9.96e-04 (9s)
  [Epoch 29] Batch 50/93 (54%)
[Epoch 29/700] train_loss=0.6129 val_loss=0.6076 lr=9.96e-04 (9s)
Metric val/loss improved by 0.003 >= min_delta = 0.0. New best score: 0.608
  [Epoch 30] Batch 50/93 (54%)
[Epoch 30/700] train_loss=0.6121 val_loss=0.6134 lr=9.95e-04 (9s)
  [Epoch 31] Batch 50/93 (54%)
[Epoch 31/700] train_loss=0.6083 val_loss=0.6044 lr=9.95e-04 (10s)
Metric val/loss improved by 0.003 >= min_delta = 0.0. New best score: 0.604
  [Epoch 32] Batch 50/93 (54%)
[Epoch 32/700] train_loss=0.6112 val_loss=0.6198 lr=9.95e-04 (7s)
  [Epoch 33] Batch 50/93 (54%)
[Epoch 33/700] train_loss=0.6066 val_loss=0.5951 lr=9.95e-04 (8s)
Metric val/loss improved by 0.009 >= min_delta = 0.0. New best score: 0.595
  [Epoch 34] Batch 50/93 (54%)
[Epoch 34/700] train_loss=0.6007 val_loss=0.6029 lr=9.94e-04 (10s)
  [Epoch 35] Batch 50/93 (54%)
[Epoch 35/700] train_loss=0.5996 val_loss=0.6176 lr=9.94e-04 (10s)
  [Epoch 36] Batch 50/93 (54%)
[Epoch 36/700] train_loss=0.6027 val_loss=0.5972 lr=9.93e-04 (11s)
  [Epoch 37] Batch 50/93 (54%)
[Epoch 37/700] train_loss=0.5994 val_loss=0.5998 lr=9.93e-04 (9s)
  [Epoch 38] Batch 50/93 (54%)
[Epoch 38/700] train_loss=0.5907 val_loss=0.5915 lr=9.93e-04 (8s)
Metric val/loss improved by 0.004 >= min_delta = 0.0. New best score: 0.591
  [Epoch 39] Batch 50/93 (54%)
[Epoch 39/700] train_loss=0.5948 val_loss=0.5921 lr=9.92e-04 (9s)
  [Epoch 40] Batch 50/93 (54%)
[Epoch 40/700] train_loss=0.5924 val_loss=0.5934 lr=9.92e-04 (8s)
  [Epoch 41] Batch 50/93 (54%)
[Epoch 41/700] train_loss=0.5876 val_loss=0.5898 lr=9.92e-04 (9s)
Metric val/loss improved by 0.002 >= min_delta = 0.0. New best score: 0.590
  [Epoch 42] Batch 50/93 (54%)
[Epoch 42/700] train_loss=0.5904 val_loss=0.5915 lr=9.91e-04 (10s)
  [Epoch 43] Batch 50/93 (54%)
[Epoch 43/700] train_loss=0.5876 val_loss=0.5898 lr=9.91e-04 (9s)
Metric val/loss improved by 0.000 >= min_delta = 0.0. New best score: 0.590
  [Epoch 44] Batch 50/93 (54%)
[Epoch 44/700] train_loss=0.5855 val_loss=0.5805 lr=9.90e-04 (9s)
Metric val/loss improved by 0.009 >= min_delta = 0.0. New best score: 0.581
  [Epoch 45] Batch 50/93 (54%)
[Epoch 45/700] train_loss=0.5865 val_loss=0.5871 lr=9.90e-04 (11s)
  [Epoch 46] Batch 50/93 (54%)
[Epoch 46/700] train_loss=0.5830 val_loss=0.5797 lr=9.89e-04 (10s)
Metric val/loss improved by 0.001 >= min_delta = 0.0. New best score: 0.580
  [Epoch 47] Batch 50/93 (54%)
[Epoch 47/700] train_loss=0.5845 val_loss=0.5945 lr=9.89e-04 (9s)
  [Epoch 48] Batch 50/93 (54%)
[Epoch 48/700] train_loss=0.5865 val_loss=0.5828 lr=9.88e-04 (10s)
  [Epoch 49] Batch 50/93 (54%)
[Epoch 49/700] train_loss=0.5835 val_loss=0.5766 lr=9.88e-04 (8s)
Metric val/loss improved by 0.003 >= min_delta = 0.0. New best score: 0.577
  [Epoch 50] Batch 50/93 (54%)
[Epoch 50/700] train_loss=0.5821 val_loss=0.5926 lr=9.87e-04 (11s)
  [Epoch 51] Batch 50/93 (54%)
[Epoch 51/700] train_loss=0.5809 val_loss=0.5894 lr=9.87e-04 (9s)
  [Epoch 52] Batch 50/93 (54%)
[Epoch 52/700] train_loss=0.5816 val_loss=0.5694 lr=9.86e-04 (9s)
Metric val/loss improved by 0.007 >= min_delta = 0.0. New best score: 0.569
  [Epoch 53] Batch 50/93 (54%)
[Epoch 53/700] train_loss=0.5785 val_loss=0.5841 lr=9.86e-04 (9s)
  [Epoch 54] Batch 50/93 (54%)
[Epoch 54/700] train_loss=0.5793 val_loss=0.5727 lr=9.85e-04 (10s)
  [Epoch 55] Batch 50/93 (54%)
[Epoch 55/700] train_loss=0.5806 val_loss=0.5759 lr=9.85e-04 (10s)
  [Epoch 56] Batch 50/93 (54%)
[Epoch 56/700] train_loss=0.5801 val_loss=0.5691 lr=9.84e-04 (10s)
Metric val/loss improved by 0.000 >= min_delta = 0.0. New best score: 0.569
  [Epoch 57] Batch 50/93 (54%)
[Epoch 57/700] train_loss=0.5738 val_loss=0.5789 lr=9.84e-04 (8s)
  [Epoch 58] Batch 50/93 (54%)
[Epoch 58/700] train_loss=0.5751 val_loss=0.5788 lr=9.83e-04 (10s)
  [Epoch 59] Batch 50/93 (54%)
[Epoch 59/700] train_loss=0.5710 val_loss=0.5800 lr=9.83e-04 (10s)
  [Epoch 60] Batch 50/93 (54%)
[Epoch 60/700] train_loss=0.5737 val_loss=0.5827 lr=9.82e-04 (11s)
  [Epoch 61] Batch 50/93 (54%)
[Epoch 61/700] train_loss=0.5765 val_loss=0.5608 lr=9.81e-04 (10s)
Metric val/loss improved by 0.008 >= min_delta = 0.0. New best score: 0.561
  [Epoch 62] Batch 50/93 (54%)
[Epoch 62/700] train_loss=0.5717 val_loss=0.5785 lr=9.81e-04 (8s)
  [Epoch 63] Batch 50/93 (54%)
[Epoch 63/700] train_loss=0.5715 val_loss=0.5644 lr=9.80e-04 (9s)
  [Epoch 64] Batch 50/93 (54%)
[Epoch 64/700] train_loss=0.5739 val_loss=0.5833 lr=9.80e-04 (10s)
  [Epoch 65] Batch 50/93 (54%)
[Epoch 65/700] train_loss=0.5691 val_loss=0.5564 lr=9.79e-04 (10s)
Metric val/loss improved by 0.004 >= min_delta = 0.0. New best score: 0.556
  [Epoch 66] Batch 50/93 (54%)
[Epoch 66/700] train_loss=0.5699 val_loss=0.5698 lr=9.78e-04 (10s)
  [Epoch 67] Batch 50/93 (54%)
[Epoch 67/700] train_loss=0.5725 val_loss=0.5613 lr=9.78e-04 (10s)
  [Epoch 68] Batch 50/93 (54%)
[Epoch 68/700] train_loss=0.5693 val_loss=0.5624 lr=9.77e-04 (10s)
  [Epoch 69] Batch 50/93 (54%)
[Epoch 69/700] train_loss=0.5731 val_loss=0.5645 lr=9.76e-04 (8s)
  [Epoch 70] Batch 50/93 (54%)
[Epoch 70/700] train_loss=0.5661 val_loss=0.5581 lr=9.76e-04 (10s)
  [Epoch 71] Batch 50/93 (54%)
[Epoch 71/700] train_loss=0.5680 val_loss=0.5515 lr=9.75e-04 (9s)
Metric val/loss improved by 0.005 >= min_delta = 0.0. New best score: 0.552
  [Epoch 72] Batch 50/93 (54%)
[Epoch 72/700] train_loss=0.5654 val_loss=0.5668 lr=9.74e-04 (10s)
  [Epoch 73] Batch 50/93 (54%)
[Epoch 73/700] train_loss=0.5653 val_loss=0.5774 lr=9.73e-04 (10s)
  [Epoch 74] Batch 50/93 (54%)
[Epoch 74/700] train_loss=0.5674 val_loss=0.5730 lr=9.73e-04 (10s)
  [Epoch 75] Batch 50/93 (54%)
[Epoch 75/700] train_loss=0.5696 val_loss=0.5646 lr=9.72e-04 (10s)
  [Epoch 76] Batch 50/93 (54%)
[Epoch 76/700] train_loss=0.5694 val_loss=0.5669 lr=9.71e-04 (9s)
  [Epoch 77] Batch 50/93 (54%)
[Epoch 77/700] train_loss=0.5622 val_loss=0.5547 lr=9.70e-04 (10s)
  [Epoch 78] Batch 50/93 (54%)
[Epoch 78/700] train_loss=0.5643 val_loss=0.5694 lr=9.70e-04 (11s)
  [Epoch 79] Batch 50/93 (54%)
[Epoch 79/700] train_loss=0.5675 val_loss=0.5602 lr=9.69e-04 (10s)
  [Epoch 80] Batch 50/93 (54%)
[Epoch 80/700] train_loss=0.5606 val_loss=0.5678 lr=9.68e-04 (10s)
  [Epoch 81] Batch 50/93 (54%)
[Epoch 81/700] train_loss=0.5626 val_loss=0.5564 lr=9.67e-04 (10s)
  [Epoch 82] Batch 50/93 (54%)
[Epoch 82/700] train_loss=0.5575 val_loss=0.5617 lr=9.67e-04 (8s)
  [Epoch 83] Batch 50/93 (54%)
[Epoch 83/700] train_loss=0.5624 val_loss=0.5657 lr=9.66e-04 (10s)
  [Epoch 84] Batch 50/93 (54%)
[Epoch 84/700] train_loss=0.5638 val_loss=0.5612 lr=9.65e-04 (9s)
  [Epoch 85] Batch 50/93 (54%)
[Epoch 85/700] train_loss=0.5639 val_loss=0.5730 lr=9.64e-04 (10s)
  [Epoch 86] Batch 50/93 (54%)
[Epoch 86/700] train_loss=0.5610 val_loss=0.5590 lr=9.63e-04 (8s)
  [Epoch 87] Batch 50/93 (54%)
[Epoch 87/700] train_loss=0.5589 val_loss=0.5639 lr=9.62e-04 (9s)
  [Epoch 88] Batch 50/93 (54%)
[Epoch 88/700] train_loss=0.5654 val_loss=0.5640 lr=9.62e-04 (10s)
  [Epoch 89] Batch 50/93 (54%)
[Epoch 89/700] train_loss=0.5629 val_loss=0.5498 lr=9.61e-04 (10s)
Metric val/loss improved by 0.002 >= min_delta = 0.0. New best score: 0.550
  [Epoch 90] Batch 50/93 (54%)
[Epoch 90/700] train_loss=0.5648 val_loss=0.5574 lr=9.60e-04 (8s)
  [Epoch 91] Batch 50/93 (54%)
[Epoch 91/700] train_loss=0.5601 val_loss=0.5686 lr=9.59e-04 (10s)
  [Epoch 92] Batch 50/93 (54%)
[Epoch 92/700] train_loss=0.5612 val_loss=0.5551 lr=9.58e-04 (9s)
  [Epoch 93] Batch 50/93 (54%)
[Epoch 93/700] train_loss=0.5585 val_loss=0.5515 lr=9.57e-04 (8s)
  [Epoch 94] Batch 50/93 (54%)
[Epoch 94/700] train_loss=0.5621 val_loss=0.5612 lr=9.56e-04 (9s)
  [Epoch 95] Batch 50/93 (54%)
[Epoch 95/700] train_loss=0.5570 val_loss=0.5714 lr=9.55e-04 (8s)
  [Epoch 96] Batch 50/93 (54%)
[Epoch 96/700] train_loss=0.5537 val_loss=0.5619 lr=9.54e-04 (9s)
  [Epoch 97] Batch 50/93 (54%)
[Epoch 97/700] train_loss=0.5551 val_loss=0.5610 lr=9.53e-04 (10s)
  [Epoch 98] Batch 50/93 (54%)
[Epoch 98/700] train_loss=0.5610 val_loss=0.5466 lr=9.52e-04 (10s)
Metric val/loss improved by 0.003 >= min_delta = 0.0. New best score: 0.547
  [Epoch 99] Batch 50/93 (54%)
[Epoch 99/700] train_loss=0.5586 val_loss=0.5616 lr=9.51e-04 (9s)
  [Epoch 100] Batch 50/93 (54%)
[Epoch 100/700] train_loss=0.5506 val_loss=0.5539 lr=9.50e-04 (9s)
  [Epoch 101] Batch 50/93 (54%)
[Epoch 101/700] train_loss=0.5549 val_loss=0.5507 lr=9.50e-04 (9s)
  [Epoch 102] Batch 50/93 (54%)
[Epoch 102/700] train_loss=0.5567 val_loss=0.5431 lr=9.49e-04 (9s)
Metric val/loss improved by 0.004 >= min_delta = 0.0. New best score: 0.543
  [Epoch 103] Batch 50/93 (54%)
[Epoch 103/700] train_loss=0.5561 val_loss=0.5586 lr=9.48e-04 (8s)
  [Epoch 104] Batch 50/93 (54%)
[Epoch 104/700] train_loss=0.5534 val_loss=0.5452 lr=9.47e-04 (9s)
  [Epoch 105] Batch 50/93 (54%)
[Epoch 105/700] train_loss=0.5548 val_loss=0.5691 lr=9.46e-04 (8s)
  [Epoch 106] Batch 50/93 (54%)
[Epoch 106/700] train_loss=0.5557 val_loss=0.5582 lr=9.44e-04 (8s)
  [Epoch 107] Batch 50/93 (54%)
[Epoch 107/700] train_loss=0.5535 val_loss=0.5419 lr=9.43e-04 (9s)
Metric val/loss improved by 0.001 >= min_delta = 0.0. New best score: 0.542
  [Epoch 108] Batch 50/93 (54%)
[Epoch 108/700] train_loss=0.5532 val_loss=0.5505 lr=9.42e-04 (8s)
  [Epoch 109] Batch 50/93 (54%)
[Epoch 109/700] train_loss=0.5528 val_loss=0.5422 lr=9.41e-04 (9s)
  [Epoch 110] Batch 50/93 (54%)
[Epoch 110/700] train_loss=0.5477 val_loss=0.5479 lr=9.40e-04 (10s)
  [Epoch 111] Batch 50/93 (54%)
[Epoch 111/700] train_loss=0.5525 val_loss=0.5429 lr=9.39e-04 (9s)
  [Epoch 112] Batch 50/93 (54%)
[Epoch 112/700] train_loss=0.5557 val_loss=0.5571 lr=9.38e-04 (9s)
  [Epoch 113] Batch 50/93 (54%)
[Epoch 113/700] train_loss=0.5533 val_loss=0.5532 lr=9.37e-04 (10s)
  [Epoch 114] Batch 50/93 (54%)
[Epoch 114/700] train_loss=0.5545 val_loss=0.5563 lr=9.36e-04 (10s)
  [Epoch 115] Batch 50/93 (54%)
[Epoch 115/700] train_loss=0.5470 val_loss=0.5554 lr=9.35e-04 (9s)
  [Epoch 116] Batch 50/93 (54%)
[Epoch 116/700] train_loss=0.5539 val_loss=0.5465 lr=9.34e-04 (8s)
  [Epoch 117] Batch 50/93 (54%)
[Epoch 117/700] train_loss=0.5546 val_loss=0.5569 lr=9.33e-04 (9s)
  [Epoch 118] Batch 50/93 (54%)
[Epoch 118/700] train_loss=0.5480 val_loss=0.5504 lr=9.32e-04 (10s)
  [Epoch 119] Batch 50/93 (54%)
[Epoch 119/700] train_loss=0.5467 val_loss=0.5496 lr=9.30e-04 (9s)
  [Epoch 120] Batch 50/93 (54%)
[Epoch 120/700] train_loss=0.5482 val_loss=0.5521 lr=9.29e-04 (9s)
  [Epoch 121] Batch 50/93 (54%)
[Epoch 121/700] train_loss=0.5490 val_loss=0.5463 lr=9.28e-04 (10s)
  [Epoch 122] Batch 50/93 (54%)
[Epoch 122/700] train_loss=0.5478 val_loss=0.5507 lr=9.27e-04 (10s)
  [Epoch 123] Batch 50/93 (54%)
[Epoch 123/700] train_loss=0.5474 val_loss=0.5509 lr=9.26e-04 (10s)
  [Epoch 124] Batch 50/93 (54%)
[Epoch 124/700] train_loss=0.5468 val_loss=0.5484 lr=9.25e-04 (10s)
  [Epoch 125] Batch 50/93 (54%)
[Epoch 125/700] train_loss=0.5480 val_loss=0.5454 lr=9.23e-04 (10s)
  [Epoch 126] Batch 50/93 (54%)
[Epoch 126/700] train_loss=0.5444 val_loss=0.5500 lr=9.22e-04 (10s)
  [Epoch 127] Batch 50/93 (54%)
[Epoch 127/700] train_loss=0.5476 val_loss=0.5541 lr=9.21e-04 (11s)
  [Epoch 128] Batch 50/93 (54%)
[Epoch 128/700] train_loss=0.5507 val_loss=0.5458 lr=9.20e-04 (8s)
  [Epoch 129] Batch 50/93 (54%)
[Epoch 129/700] train_loss=0.5475 val_loss=0.5523 lr=9.19e-04 (9s)
  [Epoch 130] Batch 50/93 (54%)
[Epoch 130/700] train_loss=0.5491 val_loss=0.5446 lr=9.17e-04 (10s)
  [Epoch 131] Batch 50/93 (54%)
[Epoch 131/700] train_loss=0.5448 val_loss=0.5445 lr=9.16e-04 (10s)
  [Epoch 132] Batch 50/93 (54%)
[Epoch 132/700] train_loss=0.5484 val_loss=0.5483 lr=9.15e-04 (10s)
  [Epoch 133] Batch 50/93 (54%)
[Epoch 133/700] train_loss=0.5501 val_loss=0.5440 lr=9.14e-04 (11s)
  [Epoch 134] Batch 50/93 (54%)
[Epoch 134/700] train_loss=0.5494 val_loss=0.5437 lr=9.12e-04 (10s)
  [Epoch 135] Batch 50/93 (54%)
[Epoch 135/700] train_loss=0.5460 val_loss=0.5466 lr=9.11e-04 (9s)
  [Epoch 136] Batch 50/93 (54%)
[Epoch 136/700] train_loss=0.5424 val_loss=0.5436 lr=9.10e-04 (10s)
  [Epoch 137] Batch 50/93 (54%)
[Epoch 137/700] train_loss=0.5462 val_loss=0.5394 lr=9.08e-04 (9s)
Metric val/loss improved by 0.002 >= min_delta = 0.0. New best score: 0.539
  [Epoch 138] Batch 50/93 (54%)
[Epoch 138/700] train_loss=0.5416 val_loss=0.5457 lr=9.07e-04 (10s)
  [Epoch 139] Batch 50/93 (54%)
[Epoch 139/700] train_loss=0.5514 val_loss=0.5444 lr=9.06e-04 (9s)
  [Epoch 140] Batch 50/93 (54%)
[Epoch 140/700] train_loss=0.5428 val_loss=0.5511 lr=9.05e-04 (10s)
  [Epoch 141] Batch 50/93 (54%)
[Epoch 141/700] train_loss=0.5463 val_loss=0.5490 lr=9.03e-04 (8s)
  [Epoch 142] Batch 50/93 (54%)
[Epoch 142/700] train_loss=0.5422 val_loss=0.5486 lr=9.02e-04 (10s)
  [Epoch 143] Batch 50/93 (54%)
[Epoch 143/700] train_loss=0.5396 val_loss=0.5408 lr=9.01e-04 (10s)
  [Epoch 144] Batch 50/93 (54%)
[Epoch 144/700] train_loss=0.5422 val_loss=0.5412 lr=8.99e-04 (9s)
  [Epoch 145] Batch 50/93 (54%)
[Epoch 145/700] train_loss=0.5427 val_loss=0.5518 lr=8.98e-04 (8s)
  [Epoch 146] Batch 50/93 (54%)
[Epoch 146/700] train_loss=0.5447 val_loss=0.5452 lr=8.96e-04 (11s)
  [Epoch 147] Batch 50/93 (54%)
[Epoch 147/700] train_loss=0.5414 val_loss=0.5358 lr=8.95e-04 (9s)
Metric val/loss improved by 0.004 >= min_delta = 0.0. New best score: 0.536
  [Epoch 148] Batch 50/93 (54%)
[Epoch 148/700] train_loss=0.5405 val_loss=0.5488 lr=8.94e-04 (10s)
  [Epoch 149] Batch 50/93 (54%)
[Epoch 149/700] train_loss=0.5462 val_loss=0.5476 lr=8.92e-04 (10s)
  [Epoch 150] Batch 50/93 (54%)
[Epoch 150/700] train_loss=0.5461 val_loss=0.5502 lr=8.91e-04 (10s)
  [Epoch 151] Batch 50/93 (54%)
[Epoch 151/700] train_loss=0.5382 val_loss=0.5458 lr=8.90e-04 (10s)
  [Epoch 152] Batch 50/93 (54%)
[Epoch 152/700] train_loss=0.5431 val_loss=0.5354 lr=8.88e-04 (9s)
Metric val/loss improved by 0.000 >= min_delta = 0.0. New best score: 0.535
  [Epoch 153] Batch 50/93 (54%)
[Epoch 153/700] train_loss=0.5407 val_loss=0.5499 lr=8.87e-04 (11s)
  [Epoch 154] Batch 50/93 (54%)
[Epoch 154/700] train_loss=0.5362 val_loss=0.5435 lr=8.85e-04 (11s)
  [Epoch 155] Batch 50/93 (54%)
[Epoch 155/700] train_loss=0.5381 val_loss=0.5400 lr=8.84e-04 (9s)
  [Epoch 156] Batch 50/93 (54%)
[Epoch 156/700] train_loss=0.5404 val_loss=0.5469 lr=8.82e-04 (9s)
  [Epoch 157] Batch 50/93 (54%)
[Epoch 157/700] train_loss=0.5385 val_loss=0.5348 lr=8.81e-04 (10s)
Metric val/loss improved by 0.001 >= min_delta = 0.0. New best score: 0.535
  [Epoch 158] Batch 50/93 (54%)
[Epoch 158/700] train_loss=0.5397 val_loss=0.5389 lr=8.79e-04 (10s)
  [Epoch 159] Batch 50/93 (54%)
[Epoch 159/700] train_loss=0.5380 val_loss=0.5613 lr=8.78e-04 (9s)
  [Epoch 160] Batch 50/93 (54%)
[Epoch 160/700] train_loss=0.5386 val_loss=0.5476 lr=8.77e-04 (10s)
  [Epoch 161] Batch 50/93 (54%)
[Epoch 161/700] train_loss=0.5364 val_loss=0.5412 lr=8.75e-04 (10s)
  [Epoch 162] Batch 50/93 (54%)
[Epoch 162/700] train_loss=0.5457 val_loss=0.5475 lr=8.74e-04 (10s)
  [Epoch 163] Batch 50/93 (54%)
[Epoch 163/700] train_loss=0.5394 val_loss=0.5452 lr=8.72e-04 (9s)
  [Epoch 164] Batch 50/93 (54%)
[Epoch 164/700] train_loss=0.5402 val_loss=0.5421 lr=8.71e-04 (10s)
  [Epoch 165] Batch 50/93 (54%)
[Epoch 165/700] train_loss=0.5375 val_loss=0.5341 lr=8.69e-04 (9s)
Metric val/loss improved by 0.001 >= min_delta = 0.0. New best score: 0.534
  [Epoch 166] Batch 50/93 (54%)
[Epoch 166/700] train_loss=0.5358 val_loss=0.5301 lr=8.68e-04 (9s)
Metric val/loss improved by 0.004 >= min_delta = 0.0. New best score: 0.530
  [Epoch 167] Batch 50/93 (54%)
[Epoch 167/700] train_loss=0.5306 val_loss=0.5468 lr=8.66e-04 (9s)
  [Epoch 168] Batch 50/93 (54%)
[Epoch 168/700] train_loss=0.5377 val_loss=0.5351 lr=8.64e-04 (9s)
  [Epoch 169] Batch 50/93 (54%)
[Epoch 169/700] train_loss=0.5363 val_loss=0.5401 lr=8.63e-04 (9s)
  [Epoch 170] Batch 50/93 (54%)
[Epoch 170/700] train_loss=0.5322 val_loss=0.5473 lr=8.61e-04 (10s)
  [Epoch 171] Batch 50/93 (54%)
[Epoch 171/700] train_loss=0.5403 val_loss=0.5319 lr=8.60e-04 (9s)
  [Epoch 172] Batch 50/93 (54%)
[Epoch 172/700] train_loss=0.5339 val_loss=0.5486 lr=8.58e-04 (9s)
  [Epoch 173] Batch 50/93 (54%)
[Epoch 173/700] train_loss=0.5342 val_loss=0.5395 lr=8.57e-04 (8s)
  [Epoch 174] Batch 50/93 (54%)
[Epoch 174/700] train_loss=0.5319 val_loss=0.5503 lr=8.55e-04 (7s)
  [Epoch 175] Batch 50/93 (54%)
[Epoch 175/700] train_loss=0.5342 val_loss=0.5410 lr=8.54e-04 (10s)
  [Epoch 176] Batch 50/93 (54%)
[Epoch 176/700] train_loss=0.5345 val_loss=0.5349 lr=8.52e-04 (7s)
  [Epoch 177] Batch 50/93 (54%)
[Epoch 177/700] train_loss=0.5310 val_loss=0.5446 lr=8.50e-04 (10s)
  [Epoch 178] Batch 50/93 (54%)
[Epoch 178/700] train_loss=0.5316 val_loss=0.5512 lr=8.49e-04 (11s)
  [Epoch 179] Batch 50/93 (54%)
[Epoch 179/700] train_loss=0.5366 val_loss=0.5386 lr=8.47e-04 (8s)
  [Epoch 180] Batch 50/93 (54%)
[Epoch 180/700] train_loss=0.5369 val_loss=0.5385 lr=8.46e-04 (10s)
  [Epoch 181] Batch 50/93 (54%)
[Epoch 181/700] train_loss=0.5319 val_loss=0.5339 lr=8.44e-04 (9s)
  [Epoch 182] Batch 50/93 (54%)
[Epoch 182/700] train_loss=0.5382 val_loss=0.5466 lr=8.42e-04 (10s)
  [Epoch 183] Batch 50/93 (54%)
[Epoch 183/700] train_loss=0.5332 val_loss=0.5393 lr=8.41e-04 (10s)
  [Epoch 184] Batch 50/93 (54%)
[Epoch 184/700] train_loss=0.5328 val_loss=0.5354 lr=8.39e-04 (10s)
  [Epoch 185] Batch 50/93 (54%)
[Epoch 185/700] train_loss=0.5346 val_loss=0.5387 lr=8.37e-04 (9s)
  [Epoch 186] Batch 50/93 (54%)
[Epoch 186/700] train_loss=0.5293 val_loss=0.5385 lr=8.36e-04 (10s)
  [Epoch 187] Batch 50/93 (54%)
[Epoch 187/700] train_loss=0.5339 val_loss=0.5465 lr=8.34e-04 (10s)
  [Epoch 188] Batch 50/93 (54%)
[Epoch 188/700] train_loss=0.5304 val_loss=0.5272 lr=8.32e-04 (9s)
Metric val/loss improved by 0.003 >= min_delta = 0.0. New best score: 0.527
  [Epoch 189] Batch 50/93 (54%)
[Epoch 189/700] train_loss=0.5327 val_loss=0.5337 lr=8.31e-04 (10s)
  [Epoch 190] Batch 50/93 (54%)
[Epoch 190/700] train_loss=0.5330 val_loss=0.5424 lr=8.29e-04 (10s)
  [Epoch 191] Batch 50/93 (54%)
[Epoch 191/700] train_loss=0.5288 val_loss=0.5462 lr=8.27e-04 (9s)
  [Epoch 192] Batch 50/93 (54%)
[Epoch 192/700] train_loss=0.5317 val_loss=0.5351 lr=8.26e-04 (10s)
  [Epoch 193] Batch 50/93 (54%)
[Epoch 193/700] train_loss=0.5305 val_loss=0.5411 lr=8.24e-04 (9s)
  [Epoch 194] Batch 50/93 (54%)
[Epoch 194/700] train_loss=0.5325 val_loss=0.5425 lr=8.22e-04 (8s)
  [Epoch 195] Batch 50/93 (54%)
[Epoch 195/700] train_loss=0.5339 val_loss=0.5451 lr=8.20e-04 (10s)
  [Epoch 196] Batch 50/93 (54%)
[Epoch 196/700] train_loss=0.5365 val_loss=0.5416 lr=8.19e-04 (11s)
  [Epoch 197] Batch 50/93 (54%)
[Epoch 197/700] train_loss=0.5315 val_loss=0.5349 lr=8.17e-04 (10s)
  [Epoch 198] Batch 50/93 (54%)
[Epoch 198/700] train_loss=0.5308 val_loss=0.5463 lr=8.15e-04 (9s)
  [Epoch 199] Batch 50/93 (54%)
[Epoch 199/700] train_loss=0.5327 val_loss=0.5384 lr=8.13e-04 (9s)
  [Epoch 200] Batch 50/93 (54%)
[Epoch 200/700] train_loss=0.5256 val_loss=0.5378 lr=8.12e-04 (9s)
  [Epoch 201] Batch 50/93 (54%)
[Epoch 201/700] train_loss=0.5292 val_loss=0.5395 lr=8.10e-04 (9s)
  [Epoch 202] Batch 50/93 (54%)
[Epoch 202/700] train_loss=0.5239 val_loss=0.5546 lr=8.08e-04 (10s)
  [Epoch 203] Batch 50/93 (54%)
[Epoch 203/700] train_loss=0.5250 val_loss=0.5316 lr=8.06e-04 (9s)
  [Epoch 204] Batch 50/93 (54%)
[Epoch 204/700] train_loss=0.5241 val_loss=0.5544 lr=8.05e-04 (10s)
  [Epoch 205] Batch 50/93 (54%)
[Epoch 205/700] train_loss=0.5350 val_loss=0.5262 lr=8.03e-04 (10s)
Metric val/loss improved by 0.001 >= min_delta = 0.0. New best score: 0.526
  [Epoch 206] Batch 50/93 (54%)
[Epoch 206/700] train_loss=0.5297 val_loss=0.5486 lr=8.01e-04 (9s)
  [Epoch 207] Batch 50/93 (54%)
[Epoch 207/700] train_loss=0.5272 val_loss=0.5452 lr=7.99e-04 (10s)
  [Epoch 208] Batch 50/93 (54%)
[Epoch 208/700] train_loss=0.5288 val_loss=0.5537 lr=7.98e-04 (10s)
  [Epoch 209] Batch 50/93 (54%)
[Epoch 209/700] train_loss=0.5251 val_loss=0.5349 lr=7.96e-04 (11s)
  [Epoch 210] Batch 50/93 (54%)
[Epoch 210/700] train_loss=0.5329 val_loss=0.5366 lr=7.94e-04 (10s)
  [Epoch 211] Batch 50/93 (54%)
[Epoch 211/700] train_loss=0.5288 val_loss=0.5452 lr=7.92e-04 (9s)
  [Epoch 212] Batch 50/93 (54%)
[Epoch 212/700] train_loss=0.5289 val_loss=0.5263 lr=7.90e-04 (10s)
  [Epoch 213] Batch 50/93 (54%)
[Epoch 213/700] train_loss=0.5282 val_loss=0.5398 lr=7.88e-04 (10s)
  [Epoch 214] Batch 50/93 (54%)
[Epoch 214/700] train_loss=0.5273 val_loss=0.5435 lr=7.87e-04 (10s)
  [Epoch 215] Batch 50/93 (54%)
[Epoch 215/700] train_loss=0.5252 val_loss=0.5382 lr=7.85e-04 (9s)
  [Epoch 216] Batch 50/93 (54%)
[Epoch 216/700] train_loss=0.5270 val_loss=0.5386 lr=7.83e-04 (9s)
  [Epoch 217] Batch 50/93 (54%)
[Epoch 217/700] train_loss=0.5247 val_loss=0.5371 lr=7.81e-04 (9s)
  [Epoch 218] Batch 50/93 (54%)
[Epoch 218/700] train_loss=0.5225 val_loss=0.5261 lr=7.79e-04 (10s)
Metric val/loss improved by 0.000 >= min_delta = 0.0. New best score: 0.526
  [Epoch 219] Batch 50/93 (54%)
[Epoch 219/700] train_loss=0.5342 val_loss=0.5341 lr=7.77e-04 (7s)
  [Epoch 220] Batch 50/93 (54%)
[Epoch 220/700] train_loss=0.5277 val_loss=0.5322 lr=7.75e-04 (11s)
  [Epoch 221] Batch 50/93 (54%)
[Epoch 221/700] train_loss=0.5272 val_loss=0.5365 lr=7.74e-04 (10s)
  [Epoch 222] Batch 50/93 (54%)
[Epoch 222/700] train_loss=0.5239 val_loss=0.5334 lr=7.72e-04 (8s)
  [Epoch 223] Batch 50/93 (54%)
[Epoch 223/700] train_loss=0.5217 val_loss=0.5397 lr=7.70e-04 (10s)
  [Epoch 224] Batch 50/93 (54%)
[Epoch 224/700] train_loss=0.5259 val_loss=0.5281 lr=7.68e-04 (10s)
  [Epoch 225] Batch 50/93 (54%)
[Epoch 225/700] train_loss=0.5246 val_loss=0.5358 lr=7.66e-04 (9s)
  [Epoch 226] Batch 50/93 (54%)
[Epoch 226/700] train_loss=0.5229 val_loss=0.5345 lr=7.64e-04 (9s)
  [Epoch 227] Batch 50/93 (54%)
[Epoch 227/700] train_loss=0.5229 val_loss=0.5339 lr=7.62e-04 (10s)
  [Epoch 228] Batch 50/93 (54%)
[Epoch 228/700] train_loss=0.5167 val_loss=0.5432 lr=7.60e-04 (10s)
  [Epoch 229] Batch 50/93 (54%)
[Epoch 229/700] train_loss=0.5315 val_loss=0.5387 lr=7.58e-04 (10s)
  [Epoch 230] Batch 50/93 (54%)
[Epoch 230/700] train_loss=0.5227 val_loss=0.5369 lr=7.56e-04 (9s)
  [Epoch 231] Batch 50/93 (54%)
[Epoch 231/700] train_loss=0.5213 val_loss=0.5359 lr=7.55e-04 (8s)
  [Epoch 232] Batch 50/93 (54%)
[Epoch 232/700] train_loss=0.5244 val_loss=0.5386 lr=7.53e-04 (10s)
  [Epoch 233] Batch 50/93 (54%)
[Epoch 233/700] train_loss=0.5227 val_loss=0.5441 lr=7.51e-04 (10s)
  [Epoch 234] Batch 50/93 (54%)
[Epoch 234/700] train_loss=0.5300 val_loss=0.5404 lr=7.49e-04 (9s)
  [Epoch 235] Batch 50/93 (54%)
[Epoch 235/700] train_loss=0.5223 val_loss=0.5282 lr=7.47e-04 (10s)
  [Epoch 236] Batch 50/93 (54%)
[Epoch 236/700] train_loss=0.5245 val_loss=0.5337 lr=7.45e-04 (11s)
  [Epoch 237] Batch 50/93 (54%)
[Epoch 237/700] train_loss=0.5216 val_loss=0.5254 lr=7.43e-04 (10s)
Metric val/loss improved by 0.001 >= min_delta = 0.0. New best score: 0.525
  [Epoch 238] Batch 50/93 (54%)
[Epoch 238/700] train_loss=0.5166 val_loss=0.5436 lr=7.41e-04 (9s)
  [Epoch 239] Batch 50/93 (54%)
[Epoch 239/700] train_loss=0.5260 val_loss=0.5396 lr=7.39e-04 (10s)
  [Epoch 240] Batch 50/93 (54%)
[Epoch 240/700] train_loss=0.5250 val_loss=0.5375 lr=7.37e-04 (9s)
  [Epoch 241] Batch 50/93 (54%)
[Epoch 241/700] train_loss=0.5205 val_loss=0.5256 lr=7.35e-04 (10s)
  [Epoch 242] Batch 50/93 (54%)
[Epoch 242/700] train_loss=0.5205 val_loss=0.5340 lr=7.33e-04 (10s)
  [Epoch 243] Batch 50/93 (54%)
[Epoch 243/700] train_loss=0.5223 val_loss=0.5372 lr=7.31e-04 (9s)
  [Epoch 244] Batch 50/93 (54%)
[Epoch 244/700] train_loss=0.5216 val_loss=0.5519 lr=7.29e-04 (7s)
  [Epoch 245] Batch 50/93 (54%)
[Epoch 245/700] train_loss=0.5248 val_loss=0.5292 lr=7.27e-04 (8s)
  [Epoch 246] Batch 50/93 (54%)
[Epoch 246/700] train_loss=0.5222 val_loss=0.5425 lr=7.25e-04 (11s)
  [Epoch 247] Batch 50/93 (54%)
[Epoch 247/700] train_loss=0.5183 val_loss=0.5330 lr=7.23e-04 (9s)
  [Epoch 248] Batch 50/93 (54%)
[Epoch 248/700] train_loss=0.5210 val_loss=0.5341 lr=7.21e-04 (9s)
  [Epoch 249] Batch 50/93 (54%)
[Epoch 249/700] train_loss=0.5220 val_loss=0.5414 lr=7.19e-04 (10s)
  [Epoch 250] Batch 50/93 (54%)
[Epoch 250/700] train_loss=0.5174 val_loss=0.5332 lr=7.17e-04 (10s)
  [Epoch 251] Batch 50/93 (54%)
[Epoch 251/700] train_loss=0.5203 val_loss=0.5396 lr=7.15e-04 (9s)
  [Epoch 252] Batch 50/93 (54%)
[Epoch 252/700] train_loss=0.5191 val_loss=0.5417 lr=7.13e-04 (8s)
  [Epoch 253] Batch 50/93 (54%)
[Epoch 253/700] train_loss=0.5172 val_loss=0.5272 lr=7.11e-04 (8s)
  [Epoch 254] Batch 50/93 (54%)
[Epoch 254/700] train_loss=0.5145 val_loss=0.5339 lr=7.09e-04 (6s)
  [Epoch 255] Batch 50/93 (54%)
[Epoch 255/700] train_loss=0.5185 val_loss=0.5332 lr=7.07e-04 (6s)
  [Epoch 256] Batch 50/93 (54%)
[Epoch 256/700] train_loss=0.5213 val_loss=0.5383 lr=7.05e-04 (8s)
  [Epoch 257] Batch 50/93 (54%)
[Epoch 257/700] train_loss=0.5184 val_loss=0.5295 lr=7.03e-04 (8s)
  [Epoch 258] Batch 50/93 (54%)
[Epoch 258/700] train_loss=0.5218 val_loss=0.5287 lr=7.01e-04 (10s)
  [Epoch 259] Batch 50/93 (54%)
[Epoch 259/700] train_loss=0.5155 val_loss=0.5421 lr=6.99e-04 (9s)
  [Epoch 260] Batch 50/93 (54%)
[Epoch 260/700] train_loss=0.5188 val_loss=0.5259 lr=6.97e-04 (9s)
  [Epoch 261] Batch 50/93 (54%)
[Epoch 261/700] train_loss=0.5165 val_loss=0.5490 lr=6.94e-04 (10s)
  [Epoch 262] Batch 50/93 (54%)
[Epoch 262/700] train_loss=0.5152 val_loss=0.5270 lr=6.92e-04 (11s)
  [Epoch 263] Batch 50/93 (54%)
[Epoch 263/700] train_loss=0.5111 val_loss=0.5369 lr=6.90e-04 (9s)
  [Epoch 264] Batch 50/93 (54%)
[Epoch 264/700] train_loss=0.5137 val_loss=0.5322 lr=6.88e-04 (9s)
  [Epoch 265] Batch 50/93 (54%)
[Epoch 265/700] train_loss=0.5179 val_loss=0.5346 lr=6.86e-04 (8s)
  [Epoch 266] Batch 50/93 (54%)
[Epoch 266/700] train_loss=0.5129 val_loss=0.5341 lr=6.84e-04 (8s)
  [Epoch 267] Batch 50/93 (54%)
[Epoch 267/700] train_loss=0.5183 val_loss=0.5415 lr=6.82e-04 (9s)
  [Epoch 268] Batch 50/93 (54%)
[Epoch 268/700] train_loss=0.5150 val_loss=0.5331 lr=6.80e-04 (9s)
  [Epoch 269] Batch 50/93 (54%)
[Epoch 269/700] train_loss=0.5195 val_loss=0.5274 lr=6.78e-04 (9s)
  [Epoch 270] Batch 50/93 (54%)
[Epoch 270/700] train_loss=0.5148 val_loss=0.5429 lr=6.76e-04 (9s)
  [Epoch 271] Batch 50/93 (54%)
[Epoch 271/700] train_loss=0.5110 val_loss=0.5404 lr=6.74e-04 (9s)
  [Epoch 272] Batch 50/93 (54%)
[Epoch 272/700] train_loss=0.5173 val_loss=0.5345 lr=6.71e-04 (10s)
  [Epoch 273] Batch 50/93 (54%)
[Epoch 273/700] train_loss=0.5149 val_loss=0.5432 lr=6.69e-04 (10s)
  [Epoch 274] Batch 50/93 (54%)
[Epoch 274/700] train_loss=0.5137 val_loss=0.5378 lr=6.67e-04 (11s)
  [Epoch 275] Batch 50/93 (54%)
[Epoch 275/700] train_loss=0.5169 val_loss=0.5479 lr=6.65e-04 (10s)
  [Epoch 276] Batch 50/93 (54%)
[Epoch 276/700] train_loss=0.5103 val_loss=0.5484 lr=6.63e-04 (9s)
  [Epoch 277] Batch 50/93 (54%)
[Epoch 277/700] train_loss=0.5114 val_loss=0.5266 lr=6.61e-04 (9s)
  [Epoch 278] Batch 50/93 (54%)
[Epoch 278/700] train_loss=0.5129 val_loss=0.5307 lr=6.59e-04 (9s)
  [Epoch 279] Batch 50/93 (54%)
[Epoch 279/700] train_loss=0.5132 val_loss=0.5467 lr=6.57e-04 (10s)
  [Epoch 280] Batch 50/93 (54%)
[Epoch 280/700] train_loss=0.5153 val_loss=0.5241 lr=6.55e-04 (10s)
Metric val/loss improved by 0.001 >= min_delta = 0.0. New best score: 0.524
  [Epoch 281] Batch 50/93 (54%)
[Epoch 281/700] train_loss=0.5118 val_loss=0.5316 lr=6.52e-04 (9s)
  [Epoch 282] Batch 50/93 (54%)
[Epoch 282/700] train_loss=0.5080 val_loss=0.5407 lr=6.50e-04 (9s)
  [Epoch 283] Batch 50/93 (54%)
[Epoch 283/700] train_loss=0.5145 val_loss=0.5406 lr=6.48e-04 (10s)
  [Epoch 284] Batch 50/93 (54%)
[Epoch 284/700] train_loss=0.5124 val_loss=0.5448 lr=6.46e-04 (9s)
  [Epoch 285] Batch 50/93 (54%)
[Epoch 285/700] train_loss=0.5124 val_loss=0.5313 lr=6.44e-04 (9s)
  [Epoch 286] Batch 50/93 (54%)
[Epoch 286/700] train_loss=0.5131 val_loss=0.5227 lr=6.42e-04 (9s)
Metric val/loss improved by 0.001 >= min_delta = 0.0. New best score: 0.523
  [Epoch 287] Batch 50/93 (54%)
[Epoch 287/700] train_loss=0.5088 val_loss=0.5366 lr=6.39e-04 (10s)
  [Epoch 288] Batch 50/93 (54%)
[Epoch 288/700] train_loss=0.5090 val_loss=0.5353 lr=6.37e-04 (10s)
  [Epoch 289] Batch 50/93 (54%)
[Epoch 289/700] train_loss=0.5073 val_loss=0.5433 lr=6.35e-04 (8s)
  [Epoch 290] Batch 50/93 (54%)
[Epoch 290/700] train_loss=0.5096 val_loss=0.5374 lr=6.33e-04 (9s)
  [Epoch 291] Batch 50/93 (54%)
[Epoch 291/700] train_loss=0.5110 val_loss=0.5399 lr=6.31e-04 (10s)
  [Epoch 292] Batch 50/93 (54%)
[Epoch 292/700] train_loss=0.5167 val_loss=0.5352 lr=6.29e-04 (9s)
  [Epoch 293] Batch 50/93 (54%)
[Epoch 293/700] train_loss=0.5091 val_loss=0.5319 lr=6.27e-04 (10s)
  [Epoch 294] Batch 50/93 (54%)
[Epoch 294/700] train_loss=0.5036 val_loss=0.5241 lr=6.24e-04 (9s)
  [Epoch 295] Batch 50/93 (54%)
[Epoch 295/700] train_loss=0.5099 val_loss=0.5261 lr=6.22e-04 (9s)
  [Epoch 296] Batch 50/93 (54%)
[Epoch 296/700] train_loss=0.5125 val_loss=0.5285 lr=6.20e-04 (9s)
  [Epoch 297] Batch 50/93 (54%)
[Epoch 297/700] train_loss=0.5049 val_loss=0.5356 lr=6.18e-04 (9s)
  [Epoch 298] Batch 50/93 (54%)
[Epoch 298/700] train_loss=0.5115 val_loss=0.5266 lr=6.16e-04 (10s)
  [Epoch 299] Batch 50/93 (54%)
[Epoch 299/700] train_loss=0.5102 val_loss=0.5472 lr=6.13e-04 (9s)
  [Epoch 300] Batch 50/93 (54%)
[Epoch 300/700] train_loss=0.5094 val_loss=0.5290 lr=6.11e-04 (9s)
  [Epoch 301] Batch 50/93 (54%)
[Epoch 301/700] train_loss=0.5077 val_loss=0.5382 lr=6.09e-04 (9s)
  [Epoch 302] Batch 50/93 (54%)
[Epoch 302/700] train_loss=0.5054 val_loss=0.5350 lr=6.07e-04 (10s)
  [Epoch 303] Batch 50/93 (54%)
[Epoch 303/700] train_loss=0.5114 val_loss=0.5479 lr=6.05e-04 (10s)
  [Epoch 304] Batch 50/93 (54%)
[Epoch 304/700] train_loss=0.5079 val_loss=0.5290 lr=6.02e-04 (9s)
  [Epoch 305] Batch 50/93 (54%)
[Epoch 305/700] train_loss=0.5077 val_loss=0.5396 lr=6.00e-04 (9s)
  [Epoch 306] Batch 50/93 (54%)
[Epoch 306/700] train_loss=0.5065 val_loss=0.5308 lr=5.98e-04 (10s)
  [Epoch 307] Batch 50/93 (54%)
[Epoch 307/700] train_loss=0.5050 val_loss=0.5412 lr=5.96e-04 (10s)
  [Epoch 308] Batch 50/93 (54%)
[Epoch 308/700] train_loss=0.5064 val_loss=0.5334 lr=5.94e-04 (9s)
  [Epoch 309] Batch 50/93 (54%)
[Epoch 309/700] train_loss=0.5075 val_loss=0.5388 lr=5.91e-04 (9s)
  [Epoch 310] Batch 50/93 (54%)
[Epoch 310/700] train_loss=0.5046 val_loss=0.5369 lr=5.89e-04 (10s)
  [Epoch 311] Batch 50/93 (54%)
[Epoch 311/700] train_loss=0.5032 val_loss=0.5211 lr=5.87e-04 (10s)
Metric val/loss improved by 0.002 >= min_delta = 0.0. New best score: 0.521
  [Epoch 312] Batch 50/93 (54%)
[Epoch 312/700] train_loss=0.5092 val_loss=0.5320 lr=5.85e-04 (10s)
  [Epoch 313] Batch 50/93 (54%)
[Epoch 313/700] train_loss=0.5034 val_loss=0.5368 lr=5.83e-04 (9s)
  [Epoch 314] Batch 50/93 (54%)
[Epoch 314/700] train_loss=0.5053 val_loss=0.5316 lr=5.80e-04 (10s)
  [Epoch 315] Batch 50/93 (54%)
[Epoch 315/700] train_loss=0.5037 val_loss=0.5288 lr=5.78e-04 (10s)
  [Epoch 316] Batch 50/93 (54%)
[Epoch 316/700] train_loss=0.5045 val_loss=0.5281 lr=5.76e-04 (10s)
  [Epoch 317] Batch 50/93 (54%)
[Epoch 317/700] train_loss=0.5053 val_loss=0.5388 lr=5.74e-04 (10s)
  [Epoch 318] Batch 50/93 (54%)
[Epoch 318/700] train_loss=0.5035 val_loss=0.5521 lr=5.72e-04 (11s)
  [Epoch 319] Batch 50/93 (54%)
[Epoch 319/700] train_loss=0.5049 val_loss=0.5290 lr=5.69e-04 (9s)
  [Epoch 320] Batch 50/93 (54%)
[Epoch 320/700] train_loss=0.4994 val_loss=0.5441 lr=5.67e-04 (7s)
  [Epoch 321] Batch 50/93 (54%)
[Epoch 321/700] train_loss=0.5040 val_loss=0.5366 lr=5.65e-04 (8s)
  [Epoch 322] Batch 50/93 (54%)
[Epoch 322/700] train_loss=0.5049 val_loss=0.5352 lr=5.63e-04 (9s)
  [Epoch 323] Batch 50/93 (54%)
[Epoch 323/700] train_loss=0.5047 val_loss=0.5298 lr=5.60e-04 (9s)
  [Epoch 324] Batch 50/93 (54%)
[Epoch 324/700] train_loss=0.5039 val_loss=0.5500 lr=5.58e-04 (10s)
  [Epoch 325] Batch 50/93 (54%)
[Epoch 325/700] train_loss=0.5038 val_loss=0.5461 lr=5.56e-04 (10s)
  [Epoch 326] Batch 50/93 (54%)
[Epoch 326/700] train_loss=0.5046 val_loss=0.5312 lr=5.54e-04 (9s)
  [Epoch 327] Batch 50/93 (54%)
[Epoch 327/700] train_loss=0.4936 val_loss=0.5309 lr=5.52e-04 (9s)
  [Epoch 328] Batch 50/93 (54%)
[Epoch 328/700] train_loss=0.4969 val_loss=0.5373 lr=5.49e-04 (10s)
  [Epoch 329] Batch 50/93 (54%)
[Epoch 329/700] train_loss=0.4986 val_loss=0.5427 lr=5.47e-04 (9s)
  [Epoch 330] Batch 50/93 (54%)
[Epoch 330/700] train_loss=0.4967 val_loss=0.5376 lr=5.45e-04 (8s)
  [Epoch 331] Batch 50/93 (54%)
[Epoch 331/700] train_loss=0.5004 val_loss=0.5470 lr=5.43e-04 (10s)
  [Epoch 332] Batch 50/93 (54%)
[Epoch 332/700] train_loss=0.4961 val_loss=0.5275 lr=5.40e-04 (9s)
  [Epoch 333] Batch 50/93 (54%)
[Epoch 333/700] train_loss=0.4960 val_loss=0.5225 lr=5.38e-04 (9s)
  [Epoch 334] Batch 50/93 (54%)
[Epoch 334/700] train_loss=0.5023 val_loss=0.5485 lr=5.36e-04 (9s)
  [Epoch 335] Batch 50/93 (54%)
[Epoch 335/700] train_loss=0.4977 val_loss=0.5417 lr=5.34e-04 (8s)
  [Epoch 336] Batch 50/93 (54%)
[Epoch 336/700] train_loss=0.4993 val_loss=0.5350 lr=5.31e-04 (11s)
  [Epoch 337] Batch 50/93 (54%)
[Epoch 337/700] train_loss=0.4979 val_loss=0.5387 lr=5.29e-04 (9s)
  [Epoch 338] Batch 50/93 (54%)
[Epoch 338/700] train_loss=0.4977 val_loss=0.5469 lr=5.27e-04 (11s)
  [Epoch 339] Batch 50/93 (54%)
[Epoch 339/700] train_loss=0.4975 val_loss=0.5440 lr=5.25e-04 (10s)
  [Epoch 340] Batch 50/93 (54%)
[Epoch 340/700] train_loss=0.5050 val_loss=0.5445 lr=5.22e-04 (10s)
  [Epoch 341] Batch 50/93 (54%)
[Epoch 341/700] train_loss=0.4981 val_loss=0.5472 lr=5.20e-04 (10s)
  [Epoch 342] Batch 50/93 (54%)
[Epoch 342/700] train_loss=0.4939 val_loss=0.5413 lr=5.18e-04 (10s)
  [Epoch 343] Batch 50/93 (54%)
[Epoch 343/700] train_loss=0.4947 val_loss=0.5447 lr=5.16e-04 (10s)
  [Epoch 344] Batch 50/93 (54%)
[Epoch 344/700] train_loss=0.4956 val_loss=0.5469 lr=5.13e-04 (10s)
  [Epoch 345] Batch 50/93 (54%)
[Epoch 345/700] train_loss=0.4943 val_loss=0.5500 lr=5.11e-04 (9s)
  [Epoch 346] Batch 50/93 (54%)
[Epoch 346/700] train_loss=0.4939 val_loss=0.5360 lr=5.09e-04 (10s)
  [Epoch 347] Batch 50/93 (54%)
[Epoch 347/700] train_loss=0.4947 val_loss=0.5399 lr=5.07e-04 (11s)
  [Epoch 348] Batch 50/93 (54%)
[Epoch 348/700] train_loss=0.4923 val_loss=0.5327 lr=5.04e-04 (9s)
  [Epoch 349] Batch 50/93 (54%)
[Epoch 349/700] train_loss=0.4940 val_loss=0.5494 lr=5.02e-04 (9s)
  [Epoch 350] Batch 50/93 (54%)
[Epoch 350/700] train_loss=0.4943 val_loss=0.5489 lr=5.00e-04 (9s)
  [Epoch 351] Batch 50/93 (54%)
[Epoch 351/700] train_loss=0.4933 val_loss=0.5456 lr=4.98e-04 (10s)
  [Epoch 352] Batch 50/93 (54%)
[Epoch 352/700] train_loss=0.4926 val_loss=0.5377 lr=4.96e-04 (10s)
  [Epoch 353] Batch 50/93 (54%)
[Epoch 353/700] train_loss=0.4927 val_loss=0.5388 lr=4.93e-04 (9s)
  [Epoch 354] Batch 50/93 (54%)
[Epoch 354/700] train_loss=0.4939 val_loss=0.5516 lr=4.91e-04 (10s)
  [Epoch 355] Batch 50/93 (54%)
[Epoch 355/700] train_loss=0.4922 val_loss=0.5581 lr=4.89e-04 (10s)
  [Epoch 356] Batch 50/93 (54%)
[Epoch 356/700] train_loss=0.4936 val_loss=0.5402 lr=4.87e-04 (9s)
  [Epoch 357] Batch 50/93 (54%)
[Epoch 357/700] train_loss=0.4915 val_loss=0.5473 lr=4.84e-04 (7s)
  [Epoch 358] Batch 50/93 (54%)
[Epoch 358/700] train_loss=0.4934 val_loss=0.5389 lr=4.82e-04 (9s)
  [Epoch 359] Batch 50/93 (54%)
[Epoch 359/700] train_loss=0.4907 val_loss=0.5609 lr=4.80e-04 (10s)
  [Epoch 360] Batch 50/93 (54%)
[Epoch 360/700] train_loss=0.4911 val_loss=0.5393 lr=4.78e-04 (8s)
  [Epoch 361] Batch 50/93 (54%)
[Epoch 361/700] train_loss=0.4925 val_loss=0.5603 lr=4.75e-04 (9s)
Monitored metric val/loss did not improve in the last 50 records. Best score: 0.521. Signaling Trainer to stop.

[Training] Completed!

✓ Training completed!
  Final checkpoint: 
/public/home/xiongzhzh2023/PT4ConTSG/experiments/20260402_131416_synth-u_pt_factor_generator/checkpoints/finetune/finetune-epoch=310-val/loss=0
.5211.ckpt
  Experiment: experiments/20260402_131416_synth-u_pt_factor_generator

Running automatic evaluation...
Loading weights:   0%|          | 0/197 [00:00<?, ?it/s]Loading weights: 100%|██████████| 197/197 [00:00<00:00, 4066.19it/s]
[1mCLIPTextModelWithProjection LOAD REPORT[0m from: ./checkpoints/longclip
Key                                                            | Status     |  | 
---------------------------------------------------------------+------------+--+-
vision_model.encoder.layers.{0...23}.self_attn.q_proj.weight   | UNEXPECTED |  | 
vision_model.encoder.layers.{0...23}.layer_norm1.bias          | UNEXPECTED |  | 
vision_model.encoder.layers.{0...23}.mlp.fc1.bias              | UNEXPECTED |  | 
vision_model.encoder.layers.{0...23}.mlp.fc2.bias              | UNEXPECTED |  | 
vision_model.encoder.layers.{0...23}.layer_norm2.bias          | UNEXPECTED |  | 
vision_model.encoder.layers.{0...23}.self_attn.v_proj.weight   | UNEXPECTED |  | 
vision_model.encoder.layers.{0...23}.layer_norm2.weight        | UNEXPECTED |  | 
vision_model.encoder.layers.{0...23}.layer_norm1.weight        | UNEXPECTED |  | 
vision_model.encoder.layers.{0...23}.mlp.fc2.weight            | UNEXPECTED |  | 
vision_model.encoder.layers.{0...23}.self_attn.q_proj.bias     | UNEXPECTED |  | 
vision_model.encoder.layers.{0...23}.mlp.fc1.weight            | UNEXPECTED |  | 
vision_model.encoder.layers.{0...23}.self_attn.k_proj.bias     | UNEXPECTED |  | 
vision_model.encoder.layers.{0...23}.self_attn.out_proj.bias   | UNEXPECTED |  | 
vision_model.encoder.layers.{0...23}.self_attn.k_proj.weight   | UNEXPECTED |  | 
vision_model.encoder.layers.{0...23}.self_attn.out_proj.weight | UNEXPECTED |  | 
vision_model.encoder.layers.{0...23}.self_attn.v_proj.bias     | UNEXPECTED |  | 
vision_model.embeddings.class_embedding                        | UNEXPECTED |  | 
vision_model.post_layernorm.weight                             | UNEXPECTED |  | 
vision_model.pre_layrnorm.bias                                 | UNEXPECTED |  | 
logit_scale                                                    | UNEXPECTED |  | 
vision_model.embeddings.patch_embedding.weight                 | UNEXPECTED |  | 
visual_projection.weight                                       | UNEXPECTED |  | 
vision_model.embeddings.position_embedding.weight              | UNEXPECTED |  | 
vision_model.post_layernorm.bias                               | UNEXPECTED |  | 
vision_model.pre_layrnorm.weight                               | UNEXPECTED |  | 

[3mNotes:
- UNEXPECTED[3m	:can be ignored when loading from different task/architecture; not ok if you expect identical arch.[0m
[Evaluating (generating)] Starting (0/32)...
[Evaluating (generating)] 1/32 (3%)
[Evaluating (generating)] 4/32 (12%)
[Evaluating (generating)] 7/32 (22%)
[Evaluating (generating)] 10/32 (31%)
[Evaluating (generating)] 13/32 (41%)
[Evaluating (generating)] 16/32 (50%)
[Evaluating (generating)] 20/32 (62%)
[Evaluating (generating)] 23/32 (72%)
[Evaluating (generating)] 26/32 (81%)
[Evaluating (generating)] 29/32 (91%)
[Evaluating (generating)] 32/32 (100%)
[Evaluating (generating)] Completed (32 items)
Evaluation results saved to: experiments/20260402_131416_synth-u_pt_factor_generator/results/eval_results.json
          Evaluation Results           
┏━━━━━━━━━━━━━━━━━━━━━━━━━┳━━━━━━━━━━━┓
┃ Metric                  ┃     Value ┃
┡━━━━━━━━━━━━━━━━━━━━━━━━━╇━━━━━━━━━━━┩
│ dtw                     │  4.916624 │
│ wape                    │ 84.575203 │
│ ed                      │  8.594764 │
│ crps                    │  0.438130 │
│ acd                     │  0.058452 │
│ sd                      │  0.011426 │
│ kd                      │  0.330019 │
│ mdd                     │  0.012379 │
│ fid                     │ 23.119310 │
│ jftsd                   │ 25.335019 │
│ cttp                    │ 16.661895 │
│ disc_auc                │  0.982994 │
│ prdc_f1.f1              │  0.394628 │
│ prdc_f1.precision       │  0.579250 │
│ prdc_f1.recall          │  0.299250 │
│ joint_prdc_f1.f1        │  0.773227 │
│ joint_prdc_f1.precision │  0.850250 │
│ joint_prdc_f1.recall    │  0.709000 │
└─────────────────────────┴───────────┘
