Loading config from: configs/grid_search/ptfg_synth-m_lr1e-4_bs256_scF.yaml
Model schema mode: relaxed (no model-specific schema for 'pt_factor_generator')
         Configuration Summary         
┌───────────────┬─────────────────────┐
│ Dataset       │ synth-m             │
│ Model         │ pt_factor_generator │
│ Epochs        │ 700                 │
│ Batch Size    │ 256                 │
│ Learning Rate │ 0.0001              │
│ Device        │ cuda:0              │
│ Seed          │ 42                  │
└───────────────┴─────────────────────┘

Experiment directory: experiments/20260401_223751_synth-m_pt_factor_generator
Seed set to 42

Model: pt_factor_generator
Creating data module: synth-m

Starting multi-stage training (1 stage(s))...
  Stage 1: finetune (700 epochs, lr=0.0001)
/public/home/xiongzhzh2023/Anaconda/envs/contsg/lib/python3.12/site-packages/lightning_fabric/plugins/environments/slurm.py:204: The `srun` command is available on your system but is not used. HINT: If your intention is to run Lightning on SLURM, prepend your python command with `srun` like so: srun python3.1 /public/home/xiongzhzh2023/Anaconda/envs/contsg/b ...
GPU available: True (cuda), used: True
TPU available: False, using: 0 TPU cores
💡 Tip: For seamless cloud logging and experiment tracking, try installing [litlogger](https://pypi.org/project/litlogger/) to enable LitLogger, which logs metrics and artifacts automatically to the Lightning Experiments platform.
`Trainer(limit_train_batches=1.0)` was configured so 100% of the batches per epoch will be used..
`Trainer(limit_val_batches=1.0)` was configured so 100% of the batches will be used..
`Trainer(limit_test_batches=1.0)` was configured so 100% of the batches will be used..
`Trainer(val_check_interval=1.0)` was configured so validation will run at the end of the training epoch..
LOCAL_RANK: 0 - CUDA_VISIBLE_DEVICES: [0,1,2,3]
┏━━━┳━━━━━━━━━━━━━━┳━━━━━━━━━━━━━━━━━━━━━━━━┳━━━━━━━━┳━━━━━━━┳━━━━━━━┓
┃   ┃ Name         ┃ Type                   ┃ Params ┃ Mode  ┃ FLOPs ┃
┡━━━╇━━━━━━━━━━━━━━╇━━━━━━━━━━━━━━━━━━━━━━━━╇━━━━━━━━╇━━━━━━━╇━━━━━━━┩
│ 0 │ net          │ PTFactorNoisePredictor │  5.2 M │ train │     0 │
│   │ other params │ n/a                    │  1.0 K │ n/a   │   n/a │
└───┴──────────────┴────────────────────────┴────────┴───────┴───────┘
Trainable params: 5.2 M                                                                                                                                                                                                                                              
Non-trainable params: 0                                                                                                                                                                                                                                              
Total params: 5.2 M                                                                                                                                                                                                                                                  
Total estimated model params size (MB): 20                                                                                                                                                                                                                           
Modules in train mode: 195                                                                                                                                                                                                                                           
Modules in eval mode: 0                                                                                                                                                                                                                                              
Total FLOPs: 0                                                                                                                                                                                                                                                       
/public/home/xiongzhzh2023/Anaconda/envs/contsg/lib/python3.12/site-packages/pytorch_lightning/utilities/data.py:79: Trying to infer the `batch_size` from an ambiguous collection. The batch size we found is 256. To avoid any miscalculations, use `self.log(..., batch_size=batch_size)`.

[Training] Starting 700 epochs...
  [Epoch 1] Batch 50/93 (54%)
/public/home/xiongzhzh2023/Anaconda/envs/contsg/lib/python3.12/site-packages/pytorch_lightning/utilities/data.py:79: Trying to infer the `batch_size` from an ambiguous collection. The batch size we found is 160. To avoid any miscalculations, use `self.log(..., batch_size=batch_size)`.
[Epoch 1/700] train_loss=1.5072 val_loss=1.2261 lr=1.00e-04 (6s)
Metric val/loss improved. New best score: 1.226
  [Epoch 2] Batch 50/93 (54%)
[Epoch 2/700] train_loss=1.0471 val_loss=0.9471 lr=1.00e-04 (6s)
Metric val/loss improved by 0.279 >= min_delta = 0.0. New best score: 0.947
  [Epoch 3] Batch 50/93 (54%)
[Epoch 3/700] train_loss=0.9471 val_loss=0.9102 lr=1.00e-04 (6s)
Metric val/loss improved by 0.037 >= min_delta = 0.0. New best score: 0.910
  [Epoch 4] Batch 50/93 (54%)
[Epoch 4/700] train_loss=0.9208 val_loss=0.8968 lr=1.00e-04 (6s)
Metric val/loss improved by 0.013 >= min_delta = 0.0. New best score: 0.897
  [Epoch 5] Batch 50/93 (54%)
[Epoch 5/700] train_loss=0.8987 val_loss=0.8814 lr=1.00e-04 (6s)
Metric val/loss improved by 0.015 >= min_delta = 0.0. New best score: 0.881
  [Epoch 6] Batch 50/93 (54%)
[Epoch 6/700] train_loss=0.8783 val_loss=0.8731 lr=1.00e-04 (6s)
Metric val/loss improved by 0.008 >= min_delta = 0.0. New best score: 0.873
  [Epoch 7] Batch 50/93 (54%)
[Epoch 7/700] train_loss=0.8708 val_loss=0.8713 lr=1.00e-04 (6s)
Metric val/loss improved by 0.002 >= min_delta = 0.0. New best score: 0.871
  [Epoch 8] Batch 50/93 (54%)
[Epoch 8/700] train_loss=0.8635 val_loss=0.8494 lr=1.00e-04 (6s)
Metric val/loss improved by 0.022 >= min_delta = 0.0. New best score: 0.849
  [Epoch 9] Batch 50/93 (54%)
[Epoch 9/700] train_loss=0.8516 val_loss=0.8427 lr=1.00e-04 (6s)
Metric val/loss improved by 0.007 >= min_delta = 0.0. New best score: 0.843
  [Epoch 10] Batch 50/93 (54%)
[Epoch 10/700] train_loss=0.8463 val_loss=0.8564 lr=9.99e-05 (6s)
  [Epoch 11] Batch 50/93 (54%)
[Epoch 11/700] train_loss=0.8393 val_loss=0.8376 lr=9.99e-05 (6s)
Metric val/loss improved by 0.005 >= min_delta = 0.0. New best score: 0.838
  [Epoch 12] Batch 50/93 (54%)
[Epoch 12/700] train_loss=0.8395 val_loss=0.8446 lr=9.99e-05 (6s)
  [Epoch 13] Batch 50/93 (54%)
[Epoch 13/700] train_loss=0.8387 val_loss=0.8370 lr=9.99e-05 (6s)
Metric val/loss improved by 0.001 >= min_delta = 0.0. New best score: 0.837
  [Epoch 14] Batch 50/93 (54%)
[Epoch 14/700] train_loss=0.8295 val_loss=0.8262 lr=9.99e-05 (6s)
Metric val/loss improved by 0.011 >= min_delta = 0.0. New best score: 0.826
  [Epoch 15] Batch 50/93 (54%)
[Epoch 15/700] train_loss=0.8337 val_loss=0.8315 lr=9.99e-05 (6s)
  [Epoch 16] Batch 50/93 (54%)
[Epoch 16/700] train_loss=0.8240 val_loss=0.8221 lr=9.99e-05 (6s)
Metric val/loss improved by 0.004 >= min_delta = 0.0. New best score: 0.822
  [Epoch 17] Batch 50/93 (54%)
[Epoch 17/700] train_loss=0.8255 val_loss=0.8362 lr=9.99e-05 (6s)
  [Epoch 18] Batch 50/93 (54%)
[Epoch 18/700] train_loss=0.8245 val_loss=0.8160 lr=9.98e-05 (6s)
Metric val/loss improved by 0.006 >= min_delta = 0.0. New best score: 0.816
  [Epoch 19] Batch 50/93 (54%)
[Epoch 19/700] train_loss=0.8215 val_loss=0.8067 lr=9.98e-05 (6s)
Metric val/loss improved by 0.009 >= min_delta = 0.0. New best score: 0.807
  [Epoch 20] Batch 50/93 (54%)
[Epoch 20/700] train_loss=0.8135 val_loss=0.8240 lr=9.98e-05 (6s)
  [Epoch 21] Batch 50/93 (54%)
[Epoch 21/700] train_loss=0.8132 val_loss=0.8084 lr=9.98e-05 (6s)
  [Epoch 22] Batch 50/93 (54%)
[Epoch 22/700] train_loss=0.8072 val_loss=0.8046 lr=9.98e-05 (6s)
Metric val/loss improved by 0.002 >= min_delta = 0.0. New best score: 0.805
  [Epoch 23] Batch 50/93 (54%)
[Epoch 23/700] train_loss=0.8039 val_loss=0.8025 lr=9.97e-05 (6s)
Metric val/loss improved by 0.002 >= min_delta = 0.0. New best score: 0.803
  [Epoch 24] Batch 50/93 (54%)
[Epoch 24/700] train_loss=0.8061 val_loss=0.7977 lr=9.97e-05 (6s)
Metric val/loss improved by 0.005 >= min_delta = 0.0. New best score: 0.798
  [Epoch 25] Batch 50/93 (54%)
[Epoch 25/700] train_loss=0.7982 val_loss=0.7835 lr=9.97e-05 (6s)
Metric val/loss improved by 0.014 >= min_delta = 0.0. New best score: 0.783
  [Epoch 26] Batch 50/93 (54%)
[Epoch 26/700] train_loss=0.7942 val_loss=0.7986 lr=9.97e-05 (6s)
  [Epoch 27] Batch 50/93 (54%)
[Epoch 27/700] train_loss=0.7979 val_loss=0.7933 lr=9.96e-05 (6s)
  [Epoch 28] Batch 50/93 (54%)
[Epoch 28/700] train_loss=0.7902 val_loss=0.7850 lr=9.96e-05 (6s)
  [Epoch 29] Batch 50/93 (54%)
[Epoch 29/700] train_loss=0.7890 val_loss=0.7853 lr=9.96e-05 (6s)
  [Epoch 30] Batch 50/93 (54%)
[Epoch 30/700] train_loss=0.7883 val_loss=0.7883 lr=9.95e-05 (6s)
  [Epoch 31] Batch 50/93 (54%)
[Epoch 31/700] train_loss=0.7822 val_loss=0.7871 lr=9.95e-05 (6s)
  [Epoch 32] Batch 50/93 (54%)
[Epoch 32/700] train_loss=0.7855 val_loss=0.7940 lr=9.95e-05 (6s)
  [Epoch 33] Batch 50/93 (54%)
[Epoch 33/700] train_loss=0.7811 val_loss=0.7817 lr=9.95e-05 (6s)
Metric val/loss improved by 0.002 >= min_delta = 0.0. New best score: 0.782
  [Epoch 34] Batch 50/93 (54%)
[Epoch 34/700] train_loss=0.7809 val_loss=0.7801 lr=9.94e-05 (6s)
Metric val/loss improved by 0.002 >= min_delta = 0.0. New best score: 0.780
  [Epoch 35] Batch 50/93 (54%)
[Epoch 35/700] train_loss=0.7773 val_loss=0.7886 lr=9.94e-05 (6s)
  [Epoch 36] Batch 50/93 (54%)
[Epoch 36/700] train_loss=0.7768 val_loss=0.7707 lr=9.93e-05 (6s)
Metric val/loss improved by 0.009 >= min_delta = 0.0. New best score: 0.771
  [Epoch 37] Batch 50/93 (54%)
[Epoch 37/700] train_loss=0.7771 val_loss=0.7714 lr=9.93e-05 (6s)
  [Epoch 38] Batch 50/93 (54%)
[Epoch 38/700] train_loss=0.7704 val_loss=0.7689 lr=9.93e-05 (6s)
Metric val/loss improved by 0.002 >= min_delta = 0.0. New best score: 0.769
  [Epoch 39] Batch 50/93 (54%)
[Epoch 39/700] train_loss=0.7706 val_loss=0.7699 lr=9.92e-05 (6s)
  [Epoch 40] Batch 50/93 (54%)
[Epoch 40/700] train_loss=0.7718 val_loss=0.7837 lr=9.92e-05 (6s)
  [Epoch 41] Batch 50/93 (54%)
[Epoch 41/700] train_loss=0.7625 val_loss=0.7756 lr=9.92e-05 (6s)
  [Epoch 42] Batch 50/93 (54%)
[Epoch 42/700] train_loss=0.7633 val_loss=0.7575 lr=9.91e-05 (6s)
Metric val/loss improved by 0.011 >= min_delta = 0.0. New best score: 0.757
  [Epoch 43] Batch 50/93 (54%)
[Epoch 43/700] train_loss=0.7595 val_loss=0.7574 lr=9.91e-05 (6s)
Metric val/loss improved by 0.000 >= min_delta = 0.0. New best score: 0.757
  [Epoch 44] Batch 50/93 (54%)
[Epoch 44/700] train_loss=0.7502 val_loss=0.7481 lr=9.90e-05 (6s)
Metric val/loss improved by 0.009 >= min_delta = 0.0. New best score: 0.748
  [Epoch 45] Batch 50/93 (54%)
[Epoch 45/700] train_loss=0.7497 val_loss=0.7356 lr=9.90e-05 (6s)
Metric val/loss improved by 0.013 >= min_delta = 0.0. New best score: 0.736
  [Epoch 46] Batch 50/93 (54%)
[Epoch 46/700] train_loss=0.7446 val_loss=0.7321 lr=9.89e-05 (6s)
Metric val/loss improved by 0.003 >= min_delta = 0.0. New best score: 0.732
  [Epoch 47] Batch 50/93 (54%)
[Epoch 47/700] train_loss=0.7381 val_loss=0.7496 lr=9.89e-05 (6s)
  [Epoch 48] Batch 50/93 (54%)
[Epoch 48/700] train_loss=0.7374 val_loss=0.7420 lr=9.88e-05 (6s)
  [Epoch 49] Batch 50/93 (54%)
[Epoch 49/700] train_loss=0.7330 val_loss=0.7259 lr=9.88e-05 (6s)
Metric val/loss improved by 0.006 >= min_delta = 0.0. New best score: 0.726
  [Epoch 50] Batch 50/93 (54%)
[Epoch 50/700] train_loss=0.7285 val_loss=0.7336 lr=9.87e-05 (6s)
  [Epoch 51] Batch 50/93 (54%)
[Epoch 51/700] train_loss=0.7251 val_loss=0.7329 lr=9.87e-05 (6s)
  [Epoch 52] Batch 50/93 (54%)
[Epoch 52/700] train_loss=0.7259 val_loss=0.7132 lr=9.86e-05 (6s)
Metric val/loss improved by 0.013 >= min_delta = 0.0. New best score: 0.713
  [Epoch 53] Batch 50/93 (54%)
[Epoch 53/700] train_loss=0.7199 val_loss=0.7191 lr=9.86e-05 (6s)
  [Epoch 54] Batch 50/93 (54%)
[Epoch 54/700] train_loss=0.7150 val_loss=0.7180 lr=9.85e-05 (6s)
  [Epoch 55] Batch 50/93 (54%)
[Epoch 55/700] train_loss=0.7169 val_loss=0.7069 lr=9.85e-05 (6s)
Metric val/loss improved by 0.006 >= min_delta = 0.0. New best score: 0.707
  [Epoch 56] Batch 50/93 (54%)
[Epoch 56/700] train_loss=0.7155 val_loss=0.7107 lr=9.84e-05 (6s)
  [Epoch 57] Batch 50/93 (54%)
[Epoch 57/700] train_loss=0.7075 val_loss=0.7161 lr=9.84e-05 (6s)
  [Epoch 58] Batch 50/93 (54%)
[Epoch 58/700] train_loss=0.7137 val_loss=0.7128 lr=9.83e-05 (6s)
  [Epoch 59] Batch 50/93 (54%)
[Epoch 59/700] train_loss=0.7073 val_loss=0.7120 lr=9.83e-05 (6s)
  [Epoch 60] Batch 50/93 (54%)
[Epoch 60/700] train_loss=0.7048 val_loss=0.7153 lr=9.82e-05 (6s)
  [Epoch 61] Batch 50/93 (54%)
[Epoch 61/700] train_loss=0.7093 val_loss=0.6984 lr=9.81e-05 (6s)
Metric val/loss improved by 0.008 >= min_delta = 0.0. New best score: 0.698
  [Epoch 62] Batch 50/93 (54%)
[Epoch 62/700] train_loss=0.7011 val_loss=0.7082 lr=9.81e-05 (6s)
  [Epoch 63] Batch 50/93 (54%)
[Epoch 63/700] train_loss=0.7037 val_loss=0.6962 lr=9.80e-05 (5s)
Metric val/loss improved by 0.002 >= min_delta = 0.0. New best score: 0.696
  [Epoch 64] Batch 50/93 (54%)
[Epoch 64/700] train_loss=0.7003 val_loss=0.7051 lr=9.80e-05 (6s)
  [Epoch 65] Batch 50/93 (54%)
[Epoch 65/700] train_loss=0.7013 val_loss=0.6883 lr=9.79e-05 (6s)
Metric val/loss improved by 0.008 >= min_delta = 0.0. New best score: 0.688
  [Epoch 66] Batch 50/93 (54%)
[Epoch 66/700] train_loss=0.6998 val_loss=0.7007 lr=9.78e-05 (6s)
  [Epoch 67] Batch 50/93 (54%)
[Epoch 67/700] train_loss=0.6964 val_loss=0.6891 lr=9.78e-05 (6s)
  [Epoch 68] Batch 50/93 (54%)
[Epoch 68/700] train_loss=0.6964 val_loss=0.6970 lr=9.77e-05 (6s)
  [Epoch 69] Batch 50/93 (54%)
[Epoch 69/700] train_loss=0.7016 val_loss=0.7000 lr=9.76e-05 (6s)
  [Epoch 70] Batch 50/93 (54%)
[Epoch 70/700] train_loss=0.6953 val_loss=0.7009 lr=9.76e-05 (6s)
  [Epoch 71] Batch 50/93 (54%)
[Epoch 71/700] train_loss=0.6924 val_loss=0.6836 lr=9.75e-05 (6s)
Metric val/loss improved by 0.005 >= min_delta = 0.0. New best score: 0.684
  [Epoch 72] Batch 50/93 (54%)
[Epoch 72/700] train_loss=0.6892 val_loss=0.6940 lr=9.74e-05 (6s)
  [Epoch 73] Batch 50/93 (54%)
[Epoch 73/700] train_loss=0.6885 val_loss=0.6911 lr=9.73e-05 (6s)
  [Epoch 74] Batch 50/93 (54%)
[Epoch 74/700] train_loss=0.6852 val_loss=0.6905 lr=9.73e-05 (6s)
  [Epoch 75] Batch 50/93 (54%)
[Epoch 75/700] train_loss=0.6887 val_loss=0.6763 lr=9.72e-05 (6s)
Metric val/loss improved by 0.007 >= min_delta = 0.0. New best score: 0.676
  [Epoch 76] Batch 50/93 (54%)
[Epoch 76/700] train_loss=0.6846 val_loss=0.6898 lr=9.71e-05 (6s)
  [Epoch 77] Batch 50/93 (54%)
[Epoch 77/700] train_loss=0.6779 val_loss=0.6700 lr=9.70e-05 (6s)
Metric val/loss improved by 0.006 >= min_delta = 0.0. New best score: 0.670
  [Epoch 78] Batch 50/93 (54%)
[Epoch 78/700] train_loss=0.6817 val_loss=0.6841 lr=9.70e-05 (6s)
  [Epoch 79] Batch 50/93 (54%)
[Epoch 79/700] train_loss=0.6802 val_loss=0.6764 lr=9.69e-05 (6s)
  [Epoch 80] Batch 50/93 (54%)
[Epoch 80/700] train_loss=0.6746 val_loss=0.6747 lr=9.68e-05 (6s)
  [Epoch 81] Batch 50/93 (54%)
[Epoch 81/700] train_loss=0.6728 val_loss=0.6692 lr=9.67e-05 (6s)
Metric val/loss improved by 0.001 >= min_delta = 0.0. New best score: 0.669
  [Epoch 82] Batch 50/93 (54%)
[Epoch 82/700] train_loss=0.6702 val_loss=0.6720 lr=9.67e-05 (6s)
  [Epoch 83] Batch 50/93 (54%)
[Epoch 83/700] train_loss=0.6706 val_loss=0.6668 lr=9.66e-05 (6s)
Metric val/loss improved by 0.002 >= min_delta = 0.0. New best score: 0.667
  [Epoch 84] Batch 50/93 (54%)
[Epoch 84/700] train_loss=0.6682 val_loss=0.6797 lr=9.65e-05 (6s)
  [Epoch 85] Batch 50/93 (54%)
[Epoch 85/700] train_loss=0.6722 val_loss=0.6692 lr=9.64e-05 (5s)
  [Epoch 86] Batch 50/93 (54%)
[Epoch 86/700] train_loss=0.6635 val_loss=0.6637 lr=9.63e-05 (6s)
Metric val/loss improved by 0.003 >= min_delta = 0.0. New best score: 0.664
  [Epoch 87] Batch 50/93 (54%)
[Epoch 87/700] train_loss=0.6633 val_loss=0.6702 lr=9.62e-05 (6s)
  [Epoch 88] Batch 50/93 (54%)
[Epoch 88/700] train_loss=0.6662 val_loss=0.6589 lr=9.62e-05 (6s)
Metric val/loss improved by 0.005 >= min_delta = 0.0. New best score: 0.659
  [Epoch 89] Batch 50/93 (54%)
[Epoch 89/700] train_loss=0.6615 val_loss=0.6511 lr=9.61e-05 (6s)
Metric val/loss improved by 0.008 >= min_delta = 0.0. New best score: 0.651
  [Epoch 90] Batch 50/93 (54%)
[Epoch 90/700] train_loss=0.6662 val_loss=0.6634 lr=9.60e-05 (6s)
  [Epoch 91] Batch 50/93 (54%)
[Epoch 91/700] train_loss=0.6617 val_loss=0.6695 lr=9.59e-05 (6s)
  [Epoch 92] Batch 50/93 (54%)
[Epoch 92/700] train_loss=0.6603 val_loss=0.6561 lr=9.58e-05 (6s)
  [Epoch 93] Batch 50/93 (54%)
[Epoch 93/700] train_loss=0.6605 val_loss=0.6545 lr=9.57e-05 (6s)
  [Epoch 94] Batch 50/93 (54%)
[Epoch 94/700] train_loss=0.6580 val_loss=0.6546 lr=9.56e-05 (6s)
  [Epoch 95] Batch 50/93 (54%)
[Epoch 95/700] train_loss=0.6554 val_loss=0.6653 lr=9.55e-05 (6s)
  [Epoch 96] Batch 50/93 (54%)
[Epoch 96/700] train_loss=0.6573 val_loss=0.6529 lr=9.54e-05 (6s)
  [Epoch 97] Batch 50/93 (54%)
[Epoch 97/700] train_loss=0.6575 val_loss=0.6676 lr=9.53e-05 (6s)
  [Epoch 98] Batch 50/93 (54%)
[Epoch 98/700] train_loss=0.6615 val_loss=0.6550 lr=9.52e-05 (6s)
  [Epoch 99] Batch 50/93 (54%)
[Epoch 99/700] train_loss=0.6657 val_loss=0.6740 lr=9.51e-05 (6s)
  [Epoch 100] Batch 50/93 (54%)
[Epoch 100/700] train_loss=0.6497 val_loss=0.6489 lr=9.50e-05 (6s)
Metric val/loss improved by 0.002 >= min_delta = 0.0. New best score: 0.649
  [Epoch 101] Batch 50/93 (54%)
[Epoch 101/700] train_loss=0.6488 val_loss=0.6573 lr=9.50e-05 (6s)
  [Epoch 102] Batch 50/93 (54%)
[Epoch 102/700] train_loss=0.6506 val_loss=0.6387 lr=9.49e-05 (6s)
Metric val/loss improved by 0.010 >= min_delta = 0.0. New best score: 0.639
  [Epoch 103] Batch 50/93 (54%)
[Epoch 103/700] train_loss=0.6559 val_loss=0.6634 lr=9.48e-05 (6s)
  [Epoch 104] Batch 50/93 (54%)
[Epoch 104/700] train_loss=0.6515 val_loss=0.6489 lr=9.47e-05 (6s)
  [Epoch 105] Batch 50/93 (54%)
[Epoch 105/700] train_loss=0.6557 val_loss=0.6601 lr=9.46e-05 (6s)
  [Epoch 106] Batch 50/93 (54%)
[Epoch 106/700] train_loss=0.6589 val_loss=0.6495 lr=9.44e-05 (6s)
  [Epoch 107] Batch 50/93 (54%)
[Epoch 107/700] train_loss=0.6517 val_loss=0.6447 lr=9.43e-05 (6s)
  [Epoch 108] Batch 50/93 (54%)
[Epoch 108/700] train_loss=0.6551 val_loss=0.6610 lr=9.42e-05 (6s)
  [Epoch 109] Batch 50/93 (54%)
[Epoch 109/700] train_loss=0.6451 val_loss=0.6377 lr=9.41e-05 (6s)
Metric val/loss improved by 0.001 >= min_delta = 0.0. New best score: 0.638
  [Epoch 110] Batch 50/93 (54%)
[Epoch 110/700] train_loss=0.6426 val_loss=0.6420 lr=9.40e-05 (6s)
  [Epoch 111] Batch 50/93 (54%)
[Epoch 111/700] train_loss=0.6453 val_loss=0.6449 lr=9.39e-05 (6s)
  [Epoch 112] Batch 50/93 (54%)
[Epoch 112/700] train_loss=0.6497 val_loss=0.6485 lr=9.38e-05 (6s)
  [Epoch 113] Batch 50/93 (54%)
[Epoch 113/700] train_loss=0.6466 val_loss=0.6499 lr=9.37e-05 (6s)
  [Epoch 114] Batch 50/93 (54%)
[Epoch 114/700] train_loss=0.6490 val_loss=0.6582 lr=9.36e-05 (6s)
  [Epoch 115] Batch 50/93 (54%)
[Epoch 115/700] train_loss=0.6478 val_loss=0.6547 lr=9.35e-05 (6s)
  [Epoch 116] Batch 50/93 (54%)
[Epoch 116/700] train_loss=0.6497 val_loss=0.6350 lr=9.34e-05 (6s)
Metric val/loss improved by 0.003 >= min_delta = 0.0. New best score: 0.635
  [Epoch 117] Batch 50/93 (54%)
[Epoch 117/700] train_loss=0.6419 val_loss=0.6462 lr=9.33e-05 (6s)
  [Epoch 118] Batch 50/93 (54%)
[Epoch 118/700] train_loss=0.6354 val_loss=0.6421 lr=9.32e-05 (6s)
  [Epoch 119] Batch 50/93 (54%)
[Epoch 119/700] train_loss=0.6371 val_loss=0.6453 lr=9.30e-05 (6s)
  [Epoch 120] Batch 50/93 (54%)
[Epoch 120/700] train_loss=0.6366 val_loss=0.6354 lr=9.29e-05 (6s)
  [Epoch 121] Batch 50/93 (54%)
[Epoch 121/700] train_loss=0.6406 val_loss=0.6405 lr=9.28e-05 (6s)
  [Epoch 122] Batch 50/93 (54%)
[Epoch 122/700] train_loss=0.6380 val_loss=0.6374 lr=9.27e-05 (6s)
  [Epoch 123] Batch 50/93 (54%)
[Epoch 123/700] train_loss=0.6381 val_loss=0.6397 lr=9.26e-05 (6s)
  [Epoch 124] Batch 50/93 (54%)
[Epoch 124/700] train_loss=0.6339 val_loss=0.6503 lr=9.25e-05 (6s)
  [Epoch 125] Batch 50/93 (54%)
[Epoch 125/700] train_loss=0.6345 val_loss=0.6382 lr=9.23e-05 (6s)
  [Epoch 126] Batch 50/93 (54%)
[Epoch 126/700] train_loss=0.6364 val_loss=0.6322 lr=9.22e-05 (6s)
Metric val/loss improved by 0.003 >= min_delta = 0.0. New best score: 0.632
  [Epoch 127] Batch 50/93 (54%)
[Epoch 127/700] train_loss=0.6307 val_loss=0.6471 lr=9.21e-05 (6s)
  [Epoch 128] Batch 50/93 (54%)
[Epoch 128/700] train_loss=0.6353 val_loss=0.6312 lr=9.20e-05 (6s)
Metric val/loss improved by 0.001 >= min_delta = 0.0. New best score: 0.631
  [Epoch 129] Batch 50/93 (54%)
[Epoch 129/700] train_loss=0.6354 val_loss=0.6246 lr=9.19e-05 (6s)
Metric val/loss improved by 0.007 >= min_delta = 0.0. New best score: 0.625
  [Epoch 130] Batch 50/93 (54%)
[Epoch 130/700] train_loss=0.6374 val_loss=0.6285 lr=9.17e-05 (6s)
  [Epoch 131] Batch 50/93 (54%)
[Epoch 131/700] train_loss=0.6301 val_loss=0.6299 lr=9.16e-05 (6s)
  [Epoch 132] Batch 50/93 (54%)
[Epoch 132/700] train_loss=0.6337 val_loss=0.6445 lr=9.15e-05 (6s)
  [Epoch 133] Batch 50/93 (54%)
[Epoch 133/700] train_loss=0.6347 val_loss=0.6358 lr=9.14e-05 (5s)
  [Epoch 134] Batch 50/93 (54%)
[Epoch 134/700] train_loss=0.6362 val_loss=0.6237 lr=9.12e-05 (6s)
Metric val/loss improved by 0.001 >= min_delta = 0.0. New best score: 0.624
  [Epoch 135] Batch 50/93 (54%)
[Epoch 135/700] train_loss=0.6313 val_loss=0.6297 lr=9.11e-05 (6s)
  [Epoch 136] Batch 50/93 (54%)
[Epoch 136/700] train_loss=0.6296 val_loss=0.6236 lr=9.10e-05 (6s)
Metric val/loss improved by 0.000 >= min_delta = 0.0. New best score: 0.624
  [Epoch 137] Batch 50/93 (54%)
[Epoch 137/700] train_loss=0.6286 val_loss=0.6227 lr=9.08e-05 (6s)
Metric val/loss improved by 0.001 >= min_delta = 0.0. New best score: 0.623
  [Epoch 138] Batch 50/93 (54%)
[Epoch 138/700] train_loss=0.6287 val_loss=0.6329 lr=9.07e-05 (6s)
  [Epoch 139] Batch 50/93 (54%)
[Epoch 139/700] train_loss=0.6340 val_loss=0.6317 lr=9.06e-05 (6s)
  [Epoch 140] Batch 50/93 (54%)
[Epoch 140/700] train_loss=0.6268 val_loss=0.6367 lr=9.05e-05 (6s)
  [Epoch 141] Batch 50/93 (54%)
[Epoch 141/700] train_loss=0.6311 val_loss=0.6404 lr=9.03e-05 (6s)
  [Epoch 142] Batch 50/93 (54%)
[Epoch 142/700] train_loss=0.6301 val_loss=0.6362 lr=9.02e-05 (6s)
  [Epoch 143] Batch 50/93 (54%)
[Epoch 143/700] train_loss=0.6299 val_loss=0.6261 lr=9.01e-05 (6s)
  [Epoch 144] Batch 50/93 (54%)
[Epoch 144/700] train_loss=0.6340 val_loss=0.6341 lr=8.99e-05 (6s)
  [Epoch 145] Batch 50/93 (54%)
[Epoch 145/700] train_loss=0.6301 val_loss=0.6322 lr=8.98e-05 (6s)
  [Epoch 146] Batch 50/93 (54%)
[Epoch 146/700] train_loss=0.6326 val_loss=0.6298 lr=8.96e-05 (6s)
  [Epoch 147] Batch 50/93 (54%)
[Epoch 147/700] train_loss=0.6303 val_loss=0.6328 lr=8.95e-05 (6s)
  [Epoch 148] Batch 50/93 (54%)
[Epoch 148/700] train_loss=0.6299 val_loss=0.6360 lr=8.94e-05 (6s)
  [Epoch 149] Batch 50/93 (54%)
[Epoch 149/700] train_loss=0.6345 val_loss=0.6261 lr=8.92e-05 (6s)
  [Epoch 150] Batch 50/93 (54%)
[Epoch 150/700] train_loss=0.6340 val_loss=0.6432 lr=8.91e-05 (6s)
  [Epoch 151] Batch 50/93 (54%)
[Epoch 151/700] train_loss=0.6286 val_loss=0.6376 lr=8.90e-05 (6s)
  [Epoch 152] Batch 50/93 (54%)
[Epoch 152/700] train_loss=0.6320 val_loss=0.6169 lr=8.88e-05 (6s)
Metric val/loss improved by 0.006 >= min_delta = 0.0. New best score: 0.617
  [Epoch 153] Batch 50/93 (54%)
[Epoch 153/700] train_loss=0.6273 val_loss=0.6345 lr=8.87e-05 (6s)
  [Epoch 154] Batch 50/93 (54%)
[Epoch 154/700] train_loss=0.6252 val_loss=0.6291 lr=8.85e-05 (6s)
  [Epoch 155] Batch 50/93 (54%)
[Epoch 155/700] train_loss=0.6263 val_loss=0.6139 lr=8.84e-05 (6s)
Metric val/loss improved by 0.003 >= min_delta = 0.0. New best score: 0.614
  [Epoch 156] Batch 50/93 (54%)
[Epoch 156/700] train_loss=0.6287 val_loss=0.6297 lr=8.82e-05 (6s)
  [Epoch 157] Batch 50/93 (54%)
[Epoch 157/700] train_loss=0.6270 val_loss=0.6155 lr=8.81e-05 (6s)
  [Epoch 158] Batch 50/93 (54%)
[Epoch 158/700] train_loss=0.6288 val_loss=0.6280 lr=8.79e-05 (6s)
  [Epoch 159] Batch 50/93 (54%)
[Epoch 159/700] train_loss=0.6254 val_loss=0.6394 lr=8.78e-05 (6s)
  [Epoch 160] Batch 50/93 (54%)
[Epoch 160/700] train_loss=0.6228 val_loss=0.6270 lr=8.77e-05 (6s)
  [Epoch 161] Batch 50/93 (54%)
[Epoch 161/700] train_loss=0.6226 val_loss=0.6238 lr=8.75e-05 (6s)
  [Epoch 162] Batch 50/93 (54%)
[Epoch 162/700] train_loss=0.6290 val_loss=0.6315 lr=8.74e-05 (6s)
  [Epoch 163] Batch 50/93 (54%)
[Epoch 163/700] train_loss=0.6309 val_loss=0.6242 lr=8.72e-05 (6s)
  [Epoch 164] Batch 50/93 (54%)
[Epoch 164/700] train_loss=0.6297 val_loss=0.6285 lr=8.71e-05 (6s)
  [Epoch 165] Batch 50/93 (54%)
[Epoch 165/700] train_loss=0.6325 val_loss=0.6281 lr=8.69e-05 (6s)
  [Epoch 166] Batch 50/93 (54%)
[Epoch 166/700] train_loss=0.6331 val_loss=0.6326 lr=8.68e-05 (6s)
  [Epoch 167] Batch 50/93 (54%)
[Epoch 167/700] train_loss=0.6508 val_loss=0.6447 lr=8.66e-05 (6s)
  [Epoch 168] Batch 50/93 (54%)
[Epoch 168/700] train_loss=0.6335 val_loss=0.6242 lr=8.64e-05 (6s)
  [Epoch 169] Batch 50/93 (54%)
[Epoch 169/700] train_loss=0.6308 val_loss=0.6330 lr=8.63e-05 (6s)
  [Epoch 170] Batch 50/93 (54%)
[Epoch 170/700] train_loss=0.6317 val_loss=0.6421 lr=8.61e-05 (6s)
  [Epoch 171] Batch 50/93 (54%)
[Epoch 171/700] train_loss=0.6395 val_loss=0.6396 lr=8.60e-05 (6s)
  [Epoch 172] Batch 50/93 (54%)
[Epoch 172/700] train_loss=0.6296 val_loss=0.6337 lr=8.58e-05 (6s)
  [Epoch 173] Batch 50/93 (54%)
[Epoch 173/700] train_loss=0.6221 val_loss=0.6195 lr=8.57e-05 (6s)
  [Epoch 174] Batch 50/93 (54%)
[Epoch 174/700] train_loss=0.6190 val_loss=0.6386 lr=8.55e-05 (6s)
  [Epoch 175] Batch 50/93 (54%)
[Epoch 175/700] train_loss=0.6196 val_loss=0.6205 lr=8.54e-05 (6s)
  [Epoch 176] Batch 50/93 (54%)
[Epoch 176/700] train_loss=0.6177 val_loss=0.6171 lr=8.52e-05 (6s)
  [Epoch 177] Batch 50/93 (54%)
[Epoch 177/700] train_loss=0.6177 val_loss=0.6289 lr=8.50e-05 (6s)
  [Epoch 178] Batch 50/93 (54%)
[Epoch 178/700] train_loss=0.6168 val_loss=0.6219 lr=8.49e-05 (6s)
  [Epoch 179] Batch 50/93 (54%)
[Epoch 179/700] train_loss=0.6177 val_loss=0.6155 lr=8.47e-05 (6s)
  [Epoch 180] Batch 50/93 (54%)
[Epoch 180/700] train_loss=0.6185 val_loss=0.6174 lr=8.46e-05 (6s)
  [Epoch 181] Batch 50/93 (54%)
[Epoch 181/700] train_loss=0.6145 val_loss=0.6210 lr=8.44e-05 (6s)
  [Epoch 182] Batch 50/93 (54%)
[Epoch 182/700] train_loss=0.6219 val_loss=0.6314 lr=8.42e-05 (6s)
  [Epoch 183] Batch 50/93 (54%)
[Epoch 183/700] train_loss=0.6165 val_loss=0.6196 lr=8.41e-05 (6s)
  [Epoch 184] Batch 50/93 (54%)
[Epoch 184/700] train_loss=0.6143 val_loss=0.6125 lr=8.39e-05 (6s)
Metric val/loss improved by 0.001 >= min_delta = 0.0. New best score: 0.613
  [Epoch 185] Batch 50/93 (54%)
[Epoch 185/700] train_loss=0.6208 val_loss=0.6216 lr=8.37e-05 (6s)
  [Epoch 186] Batch 50/93 (54%)
[Epoch 186/700] train_loss=0.6139 val_loss=0.6207 lr=8.36e-05 (6s)
  [Epoch 187] Batch 50/93 (54%)
[Epoch 187/700] train_loss=0.6136 val_loss=0.6228 lr=8.34e-05 (6s)
  [Epoch 188] Batch 50/93 (54%)
[Epoch 188/700] train_loss=0.6104 val_loss=0.6129 lr=8.32e-05 (6s)
  [Epoch 189] Batch 50/93 (54%)
[Epoch 189/700] train_loss=0.6127 val_loss=0.6188 lr=8.31e-05 (6s)
  [Epoch 190] Batch 50/93 (54%)
[Epoch 190/700] train_loss=0.6170 val_loss=0.6218 lr=8.29e-05 (6s)
  [Epoch 191] Batch 50/93 (54%)
[Epoch 191/700] train_loss=0.6116 val_loss=0.6213 lr=8.27e-05 (6s)
  [Epoch 192] Batch 50/93 (54%)
[Epoch 192/700] train_loss=0.6134 val_loss=0.6130 lr=8.26e-05 (6s)
  [Epoch 193] Batch 50/93 (54%)
[Epoch 193/700] train_loss=0.6144 val_loss=0.6283 lr=8.24e-05 (6s)
  [Epoch 194] Batch 50/93 (54%)
[Epoch 194/700] train_loss=0.6137 val_loss=0.6184 lr=8.22e-05 (6s)
  [Epoch 195] Batch 50/93 (54%)
[Epoch 195/700] train_loss=0.6147 val_loss=0.6172 lr=8.20e-05 (6s)
  [Epoch 196] Batch 50/93 (54%)
[Epoch 196/700] train_loss=0.6149 val_loss=0.6189 lr=8.19e-05 (6s)
  [Epoch 197] Batch 50/93 (54%)
[Epoch 197/700] train_loss=0.6128 val_loss=0.6079 lr=8.17e-05 (6s)
Metric val/loss improved by 0.005 >= min_delta = 0.0. New best score: 0.608
  [Epoch 198] Batch 50/93 (54%)
[Epoch 198/700] train_loss=0.6167 val_loss=0.6314 lr=8.15e-05 (6s)
  [Epoch 199] Batch 50/93 (54%)
[Epoch 199/700] train_loss=0.6142 val_loss=0.6115 lr=8.13e-05 (6s)
  [Epoch 200] Batch 50/93 (54%)
[Epoch 200/700] train_loss=0.6100 val_loss=0.6172 lr=8.12e-05 (6s)
  [Epoch 201] Batch 50/93 (54%)
[Epoch 201/700] train_loss=0.6113 val_loss=0.6128 lr=8.10e-05 (6s)
  [Epoch 202] Batch 50/93 (54%)
[Epoch 202/700] train_loss=0.6166 val_loss=0.6275 lr=8.08e-05 (6s)
  [Epoch 203] Batch 50/93 (54%)
[Epoch 203/700] train_loss=0.6158 val_loss=0.6109 lr=8.06e-05 (6s)
  [Epoch 204] Batch 50/93 (54%)
[Epoch 204/700] train_loss=0.6123 val_loss=0.6410 lr=8.05e-05 (6s)
  [Epoch 205] Batch 50/93 (54%)
[Epoch 205/700] train_loss=0.6184 val_loss=0.6145 lr=8.03e-05 (6s)
  [Epoch 206] Batch 50/93 (54%)
[Epoch 206/700] train_loss=0.6145 val_loss=0.6224 lr=8.01e-05 (6s)
  [Epoch 207] Batch 50/93 (54%)
[Epoch 207/700] train_loss=0.6124 val_loss=0.6164 lr=7.99e-05 (6s)
  [Epoch 208] Batch 50/93 (54%)
[Epoch 208/700] train_loss=0.6152 val_loss=0.6263 lr=7.98e-05 (6s)
  [Epoch 209] Batch 50/93 (54%)
[Epoch 209/700] train_loss=0.6114 val_loss=0.6109 lr=7.96e-05 (6s)
  [Epoch 210] Batch 50/93 (54%)
[Epoch 210/700] train_loss=0.6117 val_loss=0.6102 lr=7.94e-05 (6s)
  [Epoch 211] Batch 50/93 (54%)
[Epoch 211/700] train_loss=0.6238 val_loss=0.6221 lr=7.92e-05 (6s)
  [Epoch 212] Batch 50/93 (54%)
[Epoch 212/700] train_loss=0.6259 val_loss=0.6239 lr=7.90e-05 (6s)
  [Epoch 213] Batch 50/93 (54%)
[Epoch 213/700] train_loss=0.6230 val_loss=0.6197 lr=7.88e-05 (6s)
  [Epoch 214] Batch 50/93 (54%)
[Epoch 214/700] train_loss=0.6203 val_loss=0.6287 lr=7.87e-05 (6s)
  [Epoch 215] Batch 50/93 (54%)
[Epoch 215/700] train_loss=0.6180 val_loss=0.6148 lr=7.85e-05 (6s)
  [Epoch 216] Batch 50/93 (54%)
[Epoch 216/700] train_loss=0.6165 val_loss=0.6191 lr=7.83e-05 (6s)
  [Epoch 217] Batch 50/93 (54%)
[Epoch 217/700] train_loss=0.6106 val_loss=0.6262 lr=7.81e-05 (6s)
  [Epoch 218] Batch 50/93 (54%)
[Epoch 218/700] train_loss=0.6111 val_loss=0.6086 lr=7.79e-05 (6s)
  [Epoch 219] Batch 50/93 (54%)
[Epoch 219/700] train_loss=0.6123 val_loss=0.6027 lr=7.77e-05 (6s)
Metric val/loss improved by 0.005 >= min_delta = 0.0. New best score: 0.603
  [Epoch 220] Batch 50/93 (54%)
[Epoch 220/700] train_loss=0.6080 val_loss=0.6027 lr=7.75e-05 (6s)
  [Epoch 221] Batch 50/93 (54%)
[Epoch 221/700] train_loss=0.6075 val_loss=0.6103 lr=7.74e-05 (6s)
  [Epoch 222] Batch 50/93 (54%)
[Epoch 222/700] train_loss=0.6015 val_loss=0.6174 lr=7.72e-05 (6s)
  [Epoch 223] Batch 50/93 (54%)
[Epoch 223/700] train_loss=0.6062 val_loss=0.6107 lr=7.70e-05 (6s)
  [Epoch 224] Batch 50/93 (54%)
[Epoch 224/700] train_loss=0.6089 val_loss=0.6094 lr=7.68e-05 (6s)
  [Epoch 225] Batch 50/93 (54%)
[Epoch 225/700] train_loss=0.6060 val_loss=0.6037 lr=7.66e-05 (6s)
  [Epoch 226] Batch 50/93 (54%)
[Epoch 226/700] train_loss=0.6057 val_loss=0.6057 lr=7.64e-05 (6s)
  [Epoch 227] Batch 50/93 (54%)
[Epoch 227/700] train_loss=0.6053 val_loss=0.6076 lr=7.62e-05 (6s)
  [Epoch 228] Batch 50/93 (54%)
[Epoch 228/700] train_loss=0.6033 val_loss=0.6211 lr=7.60e-05 (6s)
  [Epoch 229] Batch 50/93 (54%)
[Epoch 229/700] train_loss=0.6113 val_loss=0.6135 lr=7.58e-05 (6s)
  [Epoch 230] Batch 50/93 (54%)
[Epoch 230/700] train_loss=0.6051 val_loss=0.6080 lr=7.56e-05 (6s)
  [Epoch 231] Batch 50/93 (54%)
[Epoch 231/700] train_loss=0.6028 val_loss=0.6152 lr=7.55e-05 (6s)
  [Epoch 232] Batch 50/93 (54%)
[Epoch 232/700] train_loss=0.6055 val_loss=0.6046 lr=7.53e-05 (6s)
  [Epoch 233] Batch 50/93 (54%)
[Epoch 233/700] train_loss=0.6047 val_loss=0.6166 lr=7.51e-05 (6s)
  [Epoch 234] Batch 50/93 (54%)
[Epoch 234/700] train_loss=0.6104 val_loss=0.6123 lr=7.49e-05 (6s)
  [Epoch 235] Batch 50/93 (54%)
[Epoch 235/700] train_loss=0.6022 val_loss=0.6109 lr=7.47e-05 (6s)
  [Epoch 236] Batch 50/93 (54%)
[Epoch 236/700] train_loss=0.6039 val_loss=0.6050 lr=7.45e-05 (6s)
  [Epoch 237] Batch 50/93 (54%)
[Epoch 237/700] train_loss=0.6010 val_loss=0.5970 lr=7.43e-05 (6s)
Metric val/loss improved by 0.006 >= min_delta = 0.0. New best score: 0.597
  [Epoch 238] Batch 50/93 (54%)
[Epoch 238/700] train_loss=0.5982 val_loss=0.6103 lr=7.41e-05 (6s)
  [Epoch 239] Batch 50/93 (54%)
[Epoch 239/700] train_loss=0.6055 val_loss=0.6107 lr=7.39e-05 (6s)
  [Epoch 240] Batch 50/93 (54%)
[Epoch 240/700] train_loss=0.6040 val_loss=0.6108 lr=7.37e-05 (5s)
  [Epoch 241] Batch 50/93 (54%)
[Epoch 241/700] train_loss=0.6018 val_loss=0.5951 lr=7.35e-05 (6s)
Metric val/loss improved by 0.002 >= min_delta = 0.0. New best score: 0.595
  [Epoch 242] Batch 50/93 (54%)
[Epoch 242/700] train_loss=0.6017 val_loss=0.5943 lr=7.33e-05 (6s)
Metric val/loss improved by 0.001 >= min_delta = 0.0. New best score: 0.594
  [Epoch 243] Batch 50/93 (54%)
[Epoch 243/700] train_loss=0.5993 val_loss=0.6116 lr=7.31e-05 (6s)
  [Epoch 244] Batch 50/93 (54%)
[Epoch 244/700] train_loss=0.6018 val_loss=0.6185 lr=7.29e-05 (6s)
  [Epoch 245] Batch 50/93 (54%)
[Epoch 245/700] train_loss=0.6032 val_loss=0.6013 lr=7.27e-05 (6s)
  [Epoch 246] Batch 50/93 (54%)
[Epoch 246/700] train_loss=0.6086 val_loss=0.6084 lr=7.25e-05 (6s)
  [Epoch 247] Batch 50/93 (54%)
[Epoch 247/700] train_loss=0.6046 val_loss=0.6088 lr=7.23e-05 (6s)
  [Epoch 248] Batch 50/93 (54%)
[Epoch 248/700] train_loss=0.6068 val_loss=0.6071 lr=7.21e-05 (6s)
  [Epoch 249] Batch 50/93 (54%)
[Epoch 249/700] train_loss=0.6031 val_loss=0.6167 lr=7.19e-05 (6s)
  [Epoch 250] Batch 50/93 (54%)
[Epoch 250/700] train_loss=0.6033 val_loss=0.6107 lr=7.17e-05 (6s)
  [Epoch 251] Batch 50/93 (54%)
[Epoch 251/700] train_loss=0.6061 val_loss=0.6184 lr=7.15e-05 (6s)
  [Epoch 252] Batch 50/93 (54%)
[Epoch 252/700] train_loss=0.6042 val_loss=0.6124 lr=7.13e-05 (6s)
  [Epoch 253] Batch 50/93 (54%)
[Epoch 253/700] train_loss=0.5981 val_loss=0.6054 lr=7.11e-05 (6s)
  [Epoch 254] Batch 50/93 (54%)
[Epoch 254/700] train_loss=0.6027 val_loss=0.6026 lr=7.09e-05 (6s)
  [Epoch 255] Batch 50/93 (54%)
[Epoch 255/700] train_loss=0.6037 val_loss=0.6093 lr=7.07e-05 (6s)
  [Epoch 256] Batch 50/93 (54%)
[Epoch 256/700] train_loss=0.6059 val_loss=0.6139 lr=7.05e-05 (6s)
  [Epoch 257] Batch 50/93 (54%)
[Epoch 257/700] train_loss=0.6034 val_loss=0.6085 lr=7.03e-05 (6s)
  [Epoch 258] Batch 50/93 (54%)
[Epoch 258/700] train_loss=0.6073 val_loss=0.6050 lr=7.01e-05 (6s)
  [Epoch 259] Batch 50/93 (54%)
[Epoch 259/700] train_loss=0.6063 val_loss=0.6110 lr=6.99e-05 (6s)
  [Epoch 260] Batch 50/93 (54%)
[Epoch 260/700] train_loss=0.6030 val_loss=0.6029 lr=6.97e-05 (6s)
  [Epoch 261] Batch 50/93 (54%)
[Epoch 261/700] train_loss=0.6021 val_loss=0.6103 lr=6.94e-05 (6s)
  [Epoch 262] Batch 50/93 (54%)
[Epoch 262/700] train_loss=0.6040 val_loss=0.5986 lr=6.92e-05 (6s)
  [Epoch 263] Batch 50/93 (54%)
[Epoch 263/700] train_loss=0.5993 val_loss=0.6109 lr=6.90e-05 (6s)
  [Epoch 264] Batch 50/93 (54%)
[Epoch 264/700] train_loss=0.5976 val_loss=0.6119 lr=6.88e-05 (6s)
  [Epoch 265] Batch 50/93 (54%)
[Epoch 265/700] train_loss=0.6052 val_loss=0.6142 lr=6.86e-05 (6s)
  [Epoch 266] Batch 50/93 (54%)
[Epoch 266/700] train_loss=0.6007 val_loss=0.6006 lr=6.84e-05 (6s)
  [Epoch 267] Batch 50/93 (54%)
[Epoch 267/700] train_loss=0.6007 val_loss=0.6163 lr=6.82e-05 (6s)
  [Epoch 268] Batch 50/93 (54%)
[Epoch 268/700] train_loss=0.5964 val_loss=0.6107 lr=6.80e-05 (6s)
  [Epoch 269] Batch 50/93 (54%)
[Epoch 269/700] train_loss=0.6010 val_loss=0.5989 lr=6.78e-05 (6s)
  [Epoch 270] Batch 50/93 (54%)
[Epoch 270/700] train_loss=0.5984 val_loss=0.6128 lr=6.76e-05 (6s)
  [Epoch 271] Batch 50/93 (54%)
[Epoch 271/700] train_loss=0.5961 val_loss=0.6089 lr=6.74e-05 (6s)
  [Epoch 272] Batch 50/93 (54%)
[Epoch 272/700] train_loss=0.6029 val_loss=0.6064 lr=6.71e-05 (6s)
  [Epoch 273] Batch 50/93 (54%)
[Epoch 273/700] train_loss=0.6005 val_loss=0.6110 lr=6.69e-05 (6s)
  [Epoch 274] Batch 50/93 (54%)
[Epoch 274/700] train_loss=0.6008 val_loss=0.5988 lr=6.67e-05 (6s)
  [Epoch 275] Batch 50/93 (54%)
[Epoch 275/700] train_loss=0.6014 val_loss=0.6074 lr=6.65e-05 (6s)
  [Epoch 276] Batch 50/93 (54%)
[Epoch 276/700] train_loss=0.5970 val_loss=0.6166 lr=6.63e-05 (6s)
  [Epoch 277] Batch 50/93 (54%)
[Epoch 277/700] train_loss=0.5977 val_loss=0.6003 lr=6.61e-05 (6s)
  [Epoch 278] Batch 50/93 (54%)
[Epoch 278/700] train_loss=0.5982 val_loss=0.6052 lr=6.59e-05 (6s)
  [Epoch 279] Batch 50/93 (54%)
[Epoch 279/700] train_loss=0.5983 val_loss=0.6170 lr=6.57e-05 (6s)
  [Epoch 280] Batch 50/93 (54%)
[Epoch 280/700] train_loss=0.6004 val_loss=0.5960 lr=6.55e-05 (6s)
  [Epoch 281] Batch 50/93 (54%)
[Epoch 281/700] train_loss=0.5974 val_loss=0.5859 lr=6.52e-05 (6s)
Metric val/loss improved by 0.008 >= min_delta = 0.0. New best score: 0.586
  [Epoch 282] Batch 50/93 (54%)
[Epoch 282/700] train_loss=0.5929 val_loss=0.6113 lr=6.50e-05 (6s)
  [Epoch 283] Batch 50/93 (54%)
[Epoch 283/700] train_loss=0.5996 val_loss=0.6060 lr=6.48e-05 (6s)
  [Epoch 284] Batch 50/93 (54%)
[Epoch 284/700] train_loss=0.5921 val_loss=0.6004 lr=6.46e-05 (6s)
  [Epoch 285] Batch 50/93 (54%)
[Epoch 285/700] train_loss=0.5923 val_loss=0.5971 lr=6.44e-05 (6s)
  [Epoch 286] Batch 50/93 (54%)
[Epoch 286/700] train_loss=0.5934 val_loss=0.5908 lr=6.42e-05 (6s)
  [Epoch 287] Batch 50/93 (54%)
[Epoch 287/700] train_loss=0.5873 val_loss=0.6003 lr=6.39e-05 (6s)
  [Epoch 288] Batch 50/93 (54%)
[Epoch 288/700] train_loss=0.5903 val_loss=0.5999 lr=6.37e-05 (6s)
  [Epoch 289] Batch 50/93 (54%)
[Epoch 289/700] train_loss=0.5894 val_loss=0.5955 lr=6.35e-05 (6s)
  [Epoch 290] Batch 50/93 (54%)
[Epoch 290/700] train_loss=0.5925 val_loss=0.5888 lr=6.33e-05 (6s)
  [Epoch 291] Batch 50/93 (54%)
[Epoch 291/700] train_loss=0.5921 val_loss=0.5952 lr=6.31e-05 (6s)
  [Epoch 292] Batch 50/93 (54%)
[Epoch 292/700] train_loss=0.5987 val_loss=0.5887 lr=6.29e-05 (6s)
  [Epoch 293] Batch 50/93 (54%)
[Epoch 293/700] train_loss=0.5924 val_loss=0.5959 lr=6.27e-05 (6s)
  [Epoch 294] Batch 50/93 (54%)
[Epoch 294/700] train_loss=0.5885 val_loss=0.6010 lr=6.24e-05 (6s)
  [Epoch 295] Batch 50/93 (54%)
[Epoch 295/700] train_loss=0.5933 val_loss=0.5922 lr=6.22e-05 (6s)
  [Epoch 296] Batch 50/93 (54%)
[Epoch 296/700] train_loss=0.5936 val_loss=0.5997 lr=6.20e-05 (6s)
  [Epoch 297] Batch 50/93 (54%)
[Epoch 297/700] train_loss=0.5913 val_loss=0.6066 lr=6.18e-05 (6s)
  [Epoch 298] Batch 50/93 (54%)
[Epoch 298/700] train_loss=0.5878 val_loss=0.5984 lr=6.16e-05 (6s)
  [Epoch 299] Batch 50/93 (54%)
[Epoch 299/700] train_loss=0.5938 val_loss=0.6007 lr=6.13e-05 (6s)
  [Epoch 300] Batch 50/93 (54%)
[Epoch 300/700] train_loss=0.5905 val_loss=0.5945 lr=6.11e-05 (6s)
  [Epoch 301] Batch 50/93 (54%)
[Epoch 301/700] train_loss=0.5911 val_loss=0.5999 lr=6.09e-05 (6s)
  [Epoch 302] Batch 50/93 (54%)
[Epoch 302/700] train_loss=0.5894 val_loss=0.6059 lr=6.07e-05 (6s)
  [Epoch 303] Batch 50/93 (54%)
[Epoch 303/700] train_loss=0.5933 val_loss=0.5998 lr=6.05e-05 (6s)
  [Epoch 304] Batch 50/93 (54%)
[Epoch 304/700] train_loss=0.5933 val_loss=0.5916 lr=6.02e-05 (6s)
  [Epoch 305] Batch 50/93 (54%)
[Epoch 305/700] train_loss=0.5920 val_loss=0.5906 lr=6.00e-05 (6s)
  [Epoch 306] Batch 50/93 (54%)
[Epoch 306/700] train_loss=0.5921 val_loss=0.5989 lr=5.98e-05 (6s)
  [Epoch 307] Batch 50/93 (54%)
[Epoch 307/700] train_loss=0.5887 val_loss=0.6055 lr=5.96e-05 (6s)
  [Epoch 308] Batch 50/93 (54%)
[Epoch 308/700] train_loss=0.5895 val_loss=0.5944 lr=5.94e-05 (6s)
  [Epoch 309] Batch 50/93 (54%)
[Epoch 309/700] train_loss=0.5911 val_loss=0.5970 lr=5.91e-05 (6s)
  [Epoch 310] Batch 50/93 (54%)
[Epoch 310/700] train_loss=0.5903 val_loss=0.5943 lr=5.89e-05 (6s)
  [Epoch 311] Batch 50/93 (54%)
[Epoch 311/700] train_loss=0.5908 val_loss=0.5872 lr=5.87e-05 (6s)
  [Epoch 312] Batch 50/93 (54%)
[Epoch 312/700] train_loss=0.5943 val_loss=0.6035 lr=5.85e-05 (6s)
  [Epoch 313] Batch 50/93 (54%)
[Epoch 313/700] train_loss=0.5920 val_loss=0.5951 lr=5.83e-05 (6s)
  [Epoch 314] Batch 50/93 (54%)
[Epoch 314/700] train_loss=0.5940 val_loss=0.5839 lr=5.80e-05 (6s)
Metric val/loss improved by 0.002 >= min_delta = 0.0. New best score: 0.584
  [Epoch 315] Batch 50/93 (54%)
[Epoch 315/700] train_loss=0.5889 val_loss=0.5928 lr=5.78e-05 (6s)
  [Epoch 316] Batch 50/93 (54%)
[Epoch 316/700] train_loss=0.5884 val_loss=0.5917 lr=5.76e-05 (6s)
  [Epoch 317] Batch 50/93 (54%)
[Epoch 317/700] train_loss=0.5914 val_loss=0.6021 lr=5.74e-05 (6s)
  [Epoch 318] Batch 50/93 (54%)
[Epoch 318/700] train_loss=0.5896 val_loss=0.6074 lr=5.72e-05 (6s)
  [Epoch 319] Batch 50/93 (54%)
[Epoch 319/700] train_loss=0.5891 val_loss=0.5914 lr=5.69e-05 (6s)
  [Epoch 320] Batch 50/93 (54%)
[Epoch 320/700] train_loss=0.5854 val_loss=0.6017 lr=5.67e-05 (6s)
  [Epoch 321] Batch 50/93 (54%)
[Epoch 321/700] train_loss=0.5912 val_loss=0.6025 lr=5.65e-05 (6s)
  [Epoch 322] Batch 50/93 (54%)
[Epoch 322/700] train_loss=0.5899 val_loss=0.5958 lr=5.63e-05 (6s)
  [Epoch 323] Batch 50/93 (54%)
[Epoch 323/700] train_loss=0.5904 val_loss=0.5959 lr=5.60e-05 (6s)
  [Epoch 324] Batch 50/93 (54%)
[Epoch 324/700] train_loss=0.5899 val_loss=0.5955 lr=5.58e-05 (6s)
  [Epoch 325] Batch 50/93 (54%)
[Epoch 325/700] train_loss=0.5907 val_loss=0.5978 lr=5.56e-05 (6s)
  [Epoch 326] Batch 50/93 (54%)
[Epoch 326/700] train_loss=0.5901 val_loss=0.5909 lr=5.54e-05 (6s)
  [Epoch 327] Batch 50/93 (54%)
[Epoch 327/700] train_loss=0.5843 val_loss=0.5869 lr=5.52e-05 (6s)
  [Epoch 328] Batch 50/93 (54%)
[Epoch 328/700] train_loss=0.5893 val_loss=0.5942 lr=5.49e-05 (6s)
  [Epoch 329] Batch 50/93 (54%)
[Epoch 329/700] train_loss=0.5888 val_loss=0.6012 lr=5.47e-05 (6s)
  [Epoch 330] Batch 50/93 (54%)
[Epoch 330/700] train_loss=0.5886 val_loss=0.6009 lr=5.45e-05 (6s)
  [Epoch 331] Batch 50/93 (54%)
[Epoch 331/700] train_loss=0.5884 val_loss=0.5966 lr=5.43e-05 (6s)
  [Epoch 332] Batch 50/93 (54%)
[Epoch 332/700] train_loss=0.5838 val_loss=0.5882 lr=5.40e-05 (6s)
  [Epoch 333] Batch 50/93 (54%)
[Epoch 333/700] train_loss=0.5843 val_loss=0.5922 lr=5.38e-05 (6s)
  [Epoch 334] Batch 50/93 (54%)
[Epoch 334/700] train_loss=0.5909 val_loss=0.6053 lr=5.36e-05 (6s)
  [Epoch 335] Batch 50/93 (54%)
[Epoch 335/700] train_loss=0.5866 val_loss=0.5933 lr=5.34e-05 (6s)
  [Epoch 336] Batch 50/93 (54%)
[Epoch 336/700] train_loss=0.5855 val_loss=0.5950 lr=5.31e-05 (6s)
  [Epoch 337] Batch 50/93 (54%)
[Epoch 337/700] train_loss=0.5861 val_loss=0.5949 lr=5.29e-05 (6s)
  [Epoch 338] Batch 50/93 (54%)
[Epoch 338/700] train_loss=0.5864 val_loss=0.6014 lr=5.27e-05 (6s)
  [Epoch 339] Batch 50/93 (54%)
[Epoch 339/700] train_loss=0.5889 val_loss=0.5962 lr=5.25e-05 (6s)
  [Epoch 340] Batch 50/93 (54%)
[Epoch 340/700] train_loss=0.5911 val_loss=0.5971 lr=5.22e-05 (6s)
  [Epoch 341] Batch 50/93 (54%)
[Epoch 341/700] train_loss=0.5867 val_loss=0.5992 lr=5.20e-05 (6s)
  [Epoch 342] Batch 50/93 (54%)
[Epoch 342/700] train_loss=0.5863 val_loss=0.6031 lr=5.18e-05 (6s)
  [Epoch 343] Batch 50/93 (54%)
[Epoch 343/700] train_loss=0.5857 val_loss=0.6000 lr=5.16e-05 (6s)
  [Epoch 344] Batch 50/93 (54%)
[Epoch 344/700] train_loss=0.5874 val_loss=0.6028 lr=5.13e-05 (6s)
  [Epoch 345] Batch 50/93 (54%)
[Epoch 345/700] train_loss=0.5858 val_loss=0.6005 lr=5.11e-05 (6s)
  [Epoch 346] Batch 50/93 (54%)
[Epoch 346/700] train_loss=0.5860 val_loss=0.5930 lr=5.09e-05 (6s)
  [Epoch 347] Batch 50/93 (54%)
[Epoch 347/700] train_loss=0.5882 val_loss=0.5912 lr=5.07e-05 (6s)
  [Epoch 348] Batch 50/93 (54%)
[Epoch 348/700] train_loss=0.5899 val_loss=0.5975 lr=5.04e-05 (6s)
  [Epoch 349] Batch 50/93 (54%)
[Epoch 349/700] train_loss=0.5907 val_loss=0.6100 lr=5.02e-05 (6s)
  [Epoch 350] Batch 50/93 (54%)
[Epoch 350/700] train_loss=0.5885 val_loss=0.5990 lr=5.00e-05 (6s)
  [Epoch 351] Batch 50/93 (54%)
[Epoch 351/700] train_loss=0.5942 val_loss=0.5953 lr=4.98e-05 (6s)
  [Epoch 352] Batch 50/93 (54%)
[Epoch 352/700] train_loss=0.5902 val_loss=0.5969 lr=4.96e-05 (6s)
  [Epoch 353] Batch 50/93 (54%)
[Epoch 353/700] train_loss=0.5930 val_loss=0.5952 lr=4.93e-05 (6s)
  [Epoch 354] Batch 50/93 (54%)
[Epoch 354/700] train_loss=0.5911 val_loss=0.6032 lr=4.91e-05 (6s)
  [Epoch 355] Batch 50/93 (54%)
[Epoch 355/700] train_loss=0.5923 val_loss=0.6032 lr=4.89e-05 (6s)
  [Epoch 356] Batch 50/93 (54%)
[Epoch 356/700] train_loss=0.5896 val_loss=0.6011 lr=4.87e-05 (6s)
  [Epoch 357] Batch 50/93 (54%)
[Epoch 357/700] train_loss=0.5888 val_loss=0.5964 lr=4.84e-05 (6s)
  [Epoch 358] Batch 50/93 (54%)
[Epoch 358/700] train_loss=0.5918 val_loss=0.5851 lr=4.82e-05 (6s)
  [Epoch 359] Batch 50/93 (54%)
[Epoch 359/700] train_loss=0.5851 val_loss=0.6052 lr=4.80e-05 (6s)
  [Epoch 360] Batch 50/93 (54%)
[Epoch 360/700] train_loss=0.5885 val_loss=0.5971 lr=4.78e-05 (6s)
  [Epoch 361] Batch 50/93 (54%)
[Epoch 361/700] train_loss=0.5872 val_loss=0.5954 lr=4.75e-05 (6s)
  [Epoch 362] Batch 50/93 (54%)
[Epoch 362/700] train_loss=0.5856 val_loss=0.6023 lr=4.73e-05 (6s)
  [Epoch 363] Batch 50/93 (54%)
[Epoch 363/700] train_loss=0.5845 val_loss=0.5966 lr=4.71e-05 (6s)
  [Epoch 364] Batch 50/93 (54%)
[Epoch 364/700] train_loss=0.5872 val_loss=0.5937 lr=4.69e-05 (6s)
Monitored metric val/loss did not improve in the last 50 records. Best score: 0.584. Signaling Trainer to stop.

[Training] Completed!

✓ Training completed!
  Final checkpoint: /public/home/xiongzhzh2023/PT4ConTSG/experiments/20260401_223751_synth-m_pt_factor_generator/checkpoints/finetune/finetune-epoch=313-val/loss=0.5839.ckpt
  Experiment: experiments/20260401_223751_synth-m_pt_factor_generator

Running automatic evaluation...
Loading weights:   0%|          | 0/197 [00:00<?, ?it/s]Loading weights: 100%|██████████| 197/197 [00:00<00:00, 3722.49it/s]
[1mCLIPTextModelWithProjection LOAD REPORT[0m from: ./checkpoints/longclip
Key                                                            | Status     |  | 
---------------------------------------------------------------+------------+--+-
vision_model.encoder.layers.{0...23}.layer_norm1.weight        | UNEXPECTED |  | 
vision_model.encoder.layers.{0...23}.mlp.fc2.bias              | UNEXPECTED |  | 
vision_model.encoder.layers.{0...23}.self_attn.k_proj.bias     | UNEXPECTED |  | 
vision_model.encoder.layers.{0...23}.mlp.fc1.weight            | UNEXPECTED |  | 
vision_model.encoder.layers.{0...23}.mlp.fc1.bias              | UNEXPECTED |  | 
vision_model.embeddings.position_embedding.weight              | UNEXPECTED |  | 
vision_model.encoder.layers.{0...23}.self_attn.v_proj.bias     | UNEXPECTED |  | 
vision_model.encoder.layers.{0...23}.layer_norm2.bias          | UNEXPECTED |  | 
vision_model.encoder.layers.{0...23}.layer_norm1.bias          | UNEXPECTED |  | 
vision_model.encoder.layers.{0...23}.self_attn.v_proj.weight   | UNEXPECTED |  | 
vision_model.encoder.layers.{0...23}.self_attn.out_proj.bias   | UNEXPECTED |  | 
vision_model.encoder.layers.{0...23}.self_attn.out_proj.weight | UNEXPECTED |  | 
vision_model.encoder.layers.{0...23}.mlp.fc2.weight            | UNEXPECTED |  | 
vision_model.encoder.layers.{0...23}.self_attn.k_proj.weight   | UNEXPECTED |  | 
vision_model.encoder.layers.{0...23}.self_attn.q_proj.bias     | UNEXPECTED |  | 
vision_model.encoder.layers.{0...23}.layer_norm2.weight        | UNEXPECTED |  | 
visual_projection.weight                                       | UNEXPECTED |  | 
vision_model.encoder.layers.{0...23}.self_attn.q_proj.weight   | UNEXPECTED |  | 
vision_model.pre_layrnorm.bias                                 | UNEXPECTED |  | 
vision_model.embeddings.class_embedding                        | UNEXPECTED |  | 
vision_model.embeddings.patch_embedding.weight                 | UNEXPECTED |  | 
logit_scale                                                    | UNEXPECTED |  | 
vision_model.pre_layrnorm.weight                               | UNEXPECTED |  | 
vision_model.post_layernorm.weight                             | UNEXPECTED |  | 
vision_model.post_layernorm.bias                               | UNEXPECTED |  | 

[3mNotes:
- UNEXPECTED[3m	:can be ignored when loading from different task/architecture; not ok if you expect identical arch.[0m
[Evaluating (generating)] Starting (0/32)...
[Evaluating (generating)] 1/32 (3%)
[Evaluating (generating)] 4/32 (12%)
[Evaluating (generating)] 7/32 (22%)
[Evaluating (generating)] 10/32 (31%)
[Evaluating (generating)] 13/32 (41%)
[Evaluating (generating)] 16/32 (50%)
[Evaluating (generating)] 20/32 (62%)
[Evaluating (generating)] 23/32 (72%)
[Evaluating (generating)] 26/32 (81%)
[Evaluating (generating)] 29/32 (91%)
[Evaluating (generating)] 32/32 (100%)
[Evaluating (generating)] Completed (32 items)
Evaluation results saved to: experiments/20260401_223751_synth-m_pt_factor_generator/results/eval_results.json
          Evaluation Results           
┏━━━━━━━━━━━━━━━━━━━━━━━━━┳━━━━━━━━━━━┓
┃ Metric                  ┃     Value ┃
┡━━━━━━━━━━━━━━━━━━━━━━━━━╇━━━━━━━━━━━┩
│ dtw                     │  9.653355 │
│ wape                    │ 84.822151 │
│ ed                      │ 12.511043 │
│ crps                    │  0.435967 │
│ acd                     │  0.072105 │
│ sd                      │  0.031064 │
│ kd                      │  0.381846 │
│ mdd                     │  0.013636 │
│ fid                     │ 42.096945 │
│ jftsd                   │ 44.413446 │
│ cttp                    │ 19.148365 │
│ disc_auc                │  0.995441 │
│ prdc_f1.f1              │  0.468389 │
│ prdc_f1.precision       │  0.455750 │
│ prdc_f1.recall          │  0.481750 │
│ joint_prdc_f1.f1        │  0.508578 │
│ joint_prdc_f1.precision │  0.503750 │
│ joint_prdc_f1.recall    │  0.513500 │
└─────────────────────────┴───────────┘
