Loading config from: configs/grid_search/ptfg_synth-u_lr1e-3_bs128_scF.yaml
Model schema mode: relaxed (no model-specific schema for 'pt_factor_generator')
         Configuration Summary         
┌───────────────┬─────────────────────┐
│ Dataset       │ synth-u             │
│ Model         │ pt_factor_generator │
│ Epochs        │ 700                 │
│ Batch Size    │ 128                 │
│ Learning Rate │ 0.001               │
│ Device        │ cuda:0              │
│ Seed          │ 42                  │
└───────────────┴─────────────────────┘

Experiment directory: experiments/20260402_094742_synth-u_pt_factor_generator
Seed set to 42

Model: pt_factor_generator
Creating data module: synth-u

Starting multi-stage training (1 stage(s))...
  Stage 1: finetune (700 epochs, lr=0.001)
/public/home/xiongzhzh2023/Anaconda/envs/contsg/lib/python3.12/site-packages/lightning_fabric/plugins/environments/slurm.py:204: The `srun` command is available on your system but is not used. HINT: If your intention is to run Lightning on SLURM, prepend your python command with `srun` like so: srun python3.1 /public/home/xiongzhzh2023/Anaconda/envs/contsg/b ...
GPU available: True (cuda), used: True
TPU available: False, using: 0 TPU cores
💡 Tip: For seamless cloud logging and experiment tracking, try installing [litlogger](https://pypi.org/project/litlogger/) to enable LitLogger, which logs metrics and artifacts automatically to the Lightning Experiments platform.
`Trainer(limit_train_batches=1.0)` was configured so 100% of the batches per epoch will be used..
`Trainer(limit_val_batches=1.0)` was configured so 100% of the batches will be used..
`Trainer(limit_test_batches=1.0)` was configured so 100% of the batches will be used..
`Trainer(val_check_interval=1.0)` was configured so validation will run at the end of the training epoch..
LOCAL_RANK: 0 - CUDA_VISIBLE_DEVICES: [0,1,2,3]
┏━━━┳━━━━━━━━━━━━━━┳━━━━━━━━━━━━━━━━━━━━━━━━┳━━━━━━━━┳━━━━━━━┳━━━━━━━┓
┃   ┃ Name         ┃ Type                   ┃ Params ┃ Mode  ┃ FLOPs ┃
┡━━━╇━━━━━━━━━━━━━━╇━━━━━━━━━━━━━━━━━━━━━━━━╇━━━━━━━━╇━━━━━━━╇━━━━━━━┩
│ 0 │ net          │ PTFactorNoisePredictor │  5.2 M │ train │     0 │
│   │ other params │ n/a                    │  1.0 K │ n/a   │   n/a │
└───┴──────────────┴────────────────────────┴────────┴───────┴───────┘
Trainable params: 5.2 M                                                                                                                        
Non-trainable params: 0                                                                                                                        
Total params: 5.2 M                                                                                                                            
Total estimated model params size (MB): 20                                                                                                     
Modules in train mode: 195                                                                                                                     
Modules in eval mode: 0                                                                                                                        
Total FLOPs: 0                                                                                                                                 
/public/home/xiongzhzh2023/Anaconda/envs/contsg/lib/python3.12/site-packages/pytorch_lightning/utilities/data.py:79: Trying to infer the `batch_size` from an ambiguous collection. The batch size we found is 128. To avoid any miscalculations, use `self.log(..., batch_size=batch_size)`.

[Training] Starting 700 epochs...
  [Epoch 1] Batch 50/187 (27%)
  [Epoch 1] Batch 100/187 (53%)
  [Epoch 1] Batch 150/187 (80%)
/public/home/xiongzhzh2023/Anaconda/envs/contsg/lib/python3.12/site-packages/pytorch_lightning/utilities/data.py:79: Trying to infer the `batch_size` from an ambiguous collection. The batch size we found is 32. To avoid any miscalculations, use `self.log(..., batch_size=batch_size)`.
[Epoch 1/700] train_loss=1.1393 val_loss=0.8367 lr=1.00e-03 (16s)
Metric val/loss improved. New best score: 0.837
  [Epoch 2] Batch 50/187 (27%)
  [Epoch 2] Batch 100/187 (53%)
  [Epoch 2] Batch 150/187 (80%)
[Epoch 2/700] train_loss=0.7881 val_loss=0.7330 lr=1.00e-03 (15s)
Metric val/loss improved by 0.104 >= min_delta = 0.0. New best score: 0.733
  [Epoch 3] Batch 50/187 (27%)
  [Epoch 3] Batch 100/187 (53%)
  [Epoch 3] Batch 150/187 (80%)
[Epoch 3/700] train_loss=0.7206 val_loss=0.7007 lr=1.00e-03 (15s)
Metric val/loss improved by 0.032 >= min_delta = 0.0. New best score: 0.701
  [Epoch 4] Batch 50/187 (27%)
  [Epoch 4] Batch 100/187 (53%)
  [Epoch 4] Batch 150/187 (80%)
[Epoch 4/700] train_loss=0.6962 val_loss=0.6790 lr=1.00e-03 (12s)
Metric val/loss improved by 0.022 >= min_delta = 0.0. New best score: 0.679
  [Epoch 5] Batch 50/187 (27%)
  [Epoch 5] Batch 100/187 (53%)
  [Epoch 5] Batch 150/187 (80%)
[Epoch 5/700] train_loss=0.6797 val_loss=0.6692 lr=1.00e-03 (13s)
Metric val/loss improved by 0.010 >= min_delta = 0.0. New best score: 0.669
  [Epoch 6] Batch 50/187 (27%)
  [Epoch 6] Batch 100/187 (53%)
  [Epoch 6] Batch 150/187 (80%)
[Epoch 6/700] train_loss=0.6745 val_loss=0.6630 lr=1.00e-03 (12s)
Metric val/loss improved by 0.006 >= min_delta = 0.0. New best score: 0.663
  [Epoch 7] Batch 50/187 (27%)
  [Epoch 7] Batch 100/187 (53%)
  [Epoch 7] Batch 150/187 (80%)
[Epoch 7/700] train_loss=0.6616 val_loss=0.6809 lr=1.00e-03 (12s)
  [Epoch 8] Batch 50/187 (27%)
  [Epoch 8] Batch 100/187 (53%)
  [Epoch 8] Batch 150/187 (80%)
[Epoch 8/700] train_loss=0.6614 val_loss=0.6449 lr=1.00e-03 (12s)
Metric val/loss improved by 0.018 >= min_delta = 0.0. New best score: 0.645
  [Epoch 9] Batch 50/187 (27%)
  [Epoch 9] Batch 100/187 (53%)
  [Epoch 9] Batch 150/187 (80%)
[Epoch 9/700] train_loss=0.6505 val_loss=0.6564 lr=1.00e-03 (11s)
  [Epoch 10] Batch 50/187 (27%)
  [Epoch 10] Batch 100/187 (53%)
  [Epoch 10] Batch 150/187 (80%)
[Epoch 10/700] train_loss=0.6544 val_loss=0.6480 lr=9.99e-04 (12s)
  [Epoch 11] Batch 50/187 (27%)
  [Epoch 11] Batch 100/187 (53%)
  [Epoch 11] Batch 150/187 (80%)
[Epoch 11/700] train_loss=0.6475 val_loss=0.6316 lr=9.99e-04 (12s)
Metric val/loss improved by 0.013 >= min_delta = 0.0. New best score: 0.632
  [Epoch 12] Batch 50/187 (27%)
  [Epoch 12] Batch 100/187 (53%)
  [Epoch 12] Batch 150/187 (80%)
[Epoch 12/700] train_loss=0.6391 val_loss=0.6299 lr=9.99e-04 (12s)
Metric val/loss improved by 0.002 >= min_delta = 0.0. New best score: 0.630
  [Epoch 13] Batch 50/187 (27%)
  [Epoch 13] Batch 100/187 (53%)
  [Epoch 13] Batch 150/187 (80%)
[Epoch 13/700] train_loss=0.6327 val_loss=0.6452 lr=9.99e-04 (11s)
  [Epoch 14] Batch 50/187 (27%)
  [Epoch 14] Batch 100/187 (53%)
  [Epoch 14] Batch 150/187 (80%)
[Epoch 14/700] train_loss=0.6305 val_loss=0.6317 lr=9.99e-04 (11s)
  [Epoch 15] Batch 50/187 (27%)
  [Epoch 15] Batch 100/187 (53%)
  [Epoch 15] Batch 150/187 (80%)
[Epoch 15/700] train_loss=0.6289 val_loss=0.6207 lr=9.99e-04 (11s)
Metric val/loss improved by 0.009 >= min_delta = 0.0. New best score: 0.621
  [Epoch 16] Batch 50/187 (27%)
  [Epoch 16] Batch 100/187 (53%)
  [Epoch 16] Batch 150/187 (80%)
[Epoch 16/700] train_loss=0.6194 val_loss=0.6168 lr=9.99e-04 (11s)
Metric val/loss improved by 0.004 >= min_delta = 0.0. New best score: 0.617
  [Epoch 17] Batch 50/187 (27%)
  [Epoch 17] Batch 100/187 (53%)
  [Epoch 17] Batch 150/187 (80%)
[Epoch 17/700] train_loss=0.6267 val_loss=0.6255 lr=9.99e-04 (11s)
  [Epoch 18] Batch 50/187 (27%)
  [Epoch 18] Batch 100/187 (53%)
  [Epoch 18] Batch 150/187 (80%)
[Epoch 18/700] train_loss=0.6209 val_loss=0.6083 lr=9.98e-04 (11s)
Metric val/loss improved by 0.009 >= min_delta = 0.0. New best score: 0.608
  [Epoch 19] Batch 50/187 (27%)
  [Epoch 19] Batch 100/187 (53%)
  [Epoch 19] Batch 150/187 (80%)
[Epoch 19/700] train_loss=0.6119 val_loss=0.6249 lr=9.98e-04 (11s)
  [Epoch 20] Batch 50/187 (27%)
  [Epoch 20] Batch 100/187 (53%)
  [Epoch 20] Batch 150/187 (80%)
[Epoch 20/700] train_loss=0.6073 val_loss=0.6112 lr=9.98e-04 (12s)
  [Epoch 21] Batch 50/187 (27%)
  [Epoch 21] Batch 100/187 (53%)
  [Epoch 21] Batch 150/187 (80%)
[Epoch 21/700] train_loss=0.6046 val_loss=0.6176 lr=9.98e-04 (12s)
  [Epoch 22] Batch 50/187 (27%)
  [Epoch 22] Batch 100/187 (53%)
  [Epoch 22] Batch 150/187 (80%)
[Epoch 22/700] train_loss=0.6043 val_loss=0.6079 lr=9.98e-04 (12s)
Metric val/loss improved by 0.000 >= min_delta = 0.0. New best score: 0.608
  [Epoch 23] Batch 50/187 (27%)
  [Epoch 23] Batch 100/187 (53%)
  [Epoch 23] Batch 150/187 (80%)
[Epoch 23/700] train_loss=0.6068 val_loss=0.6118 lr=9.97e-04 (12s)
  [Epoch 24] Batch 50/187 (27%)
  [Epoch 24] Batch 100/187 (53%)
  [Epoch 24] Batch 150/187 (80%)
[Epoch 24/700] train_loss=0.6026 val_loss=0.6029 lr=9.97e-04 (11s)
Metric val/loss improved by 0.005 >= min_delta = 0.0. New best score: 0.603
  [Epoch 25] Batch 50/187 (27%)
  [Epoch 25] Batch 100/187 (53%)
  [Epoch 25] Batch 150/187 (80%)
[Epoch 25/700] train_loss=0.5985 val_loss=0.5946 lr=9.97e-04 (11s)
Metric val/loss improved by 0.008 >= min_delta = 0.0. New best score: 0.595
  [Epoch 26] Batch 50/187 (27%)
  [Epoch 26] Batch 100/187 (53%)
  [Epoch 26] Batch 150/187 (80%)
[Epoch 26/700] train_loss=0.5990 val_loss=0.5846 lr=9.97e-04 (11s)
Metric val/loss improved by 0.010 >= min_delta = 0.0. New best score: 0.585
  [Epoch 27] Batch 50/187 (27%)
  [Epoch 27] Batch 100/187 (53%)
  [Epoch 27] Batch 150/187 (80%)
[Epoch 27/700] train_loss=0.5972 val_loss=0.5939 lr=9.96e-04 (11s)
  [Epoch 28] Batch 50/187 (27%)
  [Epoch 28] Batch 100/187 (53%)
  [Epoch 28] Batch 150/187 (80%)
[Epoch 28/700] train_loss=0.5978 val_loss=0.5928 lr=9.96e-04 (11s)
  [Epoch 29] Batch 50/187 (27%)
  [Epoch 29] Batch 100/187 (53%)
  [Epoch 29] Batch 150/187 (80%)
[Epoch 29/700] train_loss=0.5890 val_loss=0.5883 lr=9.96e-04 (11s)
  [Epoch 30] Batch 50/187 (27%)
  [Epoch 30] Batch 100/187 (53%)
  [Epoch 30] Batch 150/187 (80%)
[Epoch 30/700] train_loss=0.5913 val_loss=0.5814 lr=9.95e-04 (12s)
Metric val/loss improved by 0.003 >= min_delta = 0.0. New best score: 0.581
  [Epoch 31] Batch 50/187 (27%)
  [Epoch 31] Batch 100/187 (53%)
  [Epoch 31] Batch 150/187 (80%)
[Epoch 31/700] train_loss=0.5894 val_loss=0.5673 lr=9.95e-04 (11s)
Metric val/loss improved by 0.014 >= min_delta = 0.0. New best score: 0.567
  [Epoch 32] Batch 50/187 (27%)
  [Epoch 32] Batch 100/187 (53%)
  [Epoch 32] Batch 150/187 (80%)
[Epoch 32/700] train_loss=0.5875 val_loss=0.6077 lr=9.95e-04 (12s)
  [Epoch 33] Batch 50/187 (27%)
  [Epoch 33] Batch 100/187 (53%)
  [Epoch 33] Batch 150/187 (80%)
[Epoch 33/700] train_loss=0.5852 val_loss=0.5894 lr=9.95e-04 (13s)
  [Epoch 34] Batch 50/187 (27%)
  [Epoch 34] Batch 100/187 (53%)
  [Epoch 34] Batch 150/187 (80%)
[Epoch 34/700] train_loss=0.5840 val_loss=0.5720 lr=9.94e-04 (11s)
  [Epoch 35] Batch 50/187 (27%)
  [Epoch 35] Batch 100/187 (53%)
  [Epoch 35] Batch 150/187 (80%)
[Epoch 35/700] train_loss=0.5844 val_loss=0.5716 lr=9.94e-04 (11s)
  [Epoch 36] Batch 50/187 (27%)
  [Epoch 36] Batch 100/187 (53%)
  [Epoch 36] Batch 150/187 (80%)
[Epoch 36/700] train_loss=0.5829 val_loss=0.5826 lr=9.93e-04 (12s)
  [Epoch 37] Batch 50/187 (27%)
  [Epoch 37] Batch 100/187 (53%)
  [Epoch 37] Batch 150/187 (80%)
[Epoch 37/700] train_loss=0.5837 val_loss=0.5699 lr=9.93e-04 (11s)
  [Epoch 38] Batch 50/187 (27%)
  [Epoch 38] Batch 100/187 (53%)
  [Epoch 38] Batch 150/187 (80%)
[Epoch 38/700] train_loss=0.5839 val_loss=0.5802 lr=9.93e-04 (12s)
  [Epoch 39] Batch 50/187 (27%)
  [Epoch 39] Batch 100/187 (53%)
  [Epoch 39] Batch 150/187 (80%)
[Epoch 39/700] train_loss=0.5773 val_loss=0.5875 lr=9.92e-04 (13s)
  [Epoch 40] Batch 50/187 (27%)
  [Epoch 40] Batch 100/187 (53%)
  [Epoch 40] Batch 150/187 (80%)
[Epoch 40/700] train_loss=0.5778 val_loss=0.5716 lr=9.92e-04 (11s)
  [Epoch 41] Batch 50/187 (27%)
  [Epoch 41] Batch 100/187 (53%)
  [Epoch 41] Batch 150/187 (80%)
[Epoch 41/700] train_loss=0.5796 val_loss=0.5827 lr=9.92e-04 (12s)
  [Epoch 42] Batch 50/187 (27%)
  [Epoch 42] Batch 100/187 (53%)
  [Epoch 42] Batch 150/187 (80%)
[Epoch 42/700] train_loss=0.5736 val_loss=0.5670 lr=9.91e-04 (13s)
Metric val/loss improved by 0.000 >= min_delta = 0.0. New best score: 0.567
  [Epoch 43] Batch 50/187 (27%)
  [Epoch 43] Batch 100/187 (53%)
  [Epoch 43] Batch 150/187 (80%)
[Epoch 43/700] train_loss=0.5727 val_loss=0.5743 lr=9.91e-04 (13s)
  [Epoch 44] Batch 50/187 (27%)
  [Epoch 44] Batch 100/187 (53%)
  [Epoch 44] Batch 150/187 (80%)
[Epoch 44/700] train_loss=0.5768 val_loss=0.5647 lr=9.90e-04 (11s)
Metric val/loss improved by 0.002 >= min_delta = 0.0. New best score: 0.565
  [Epoch 45] Batch 50/187 (27%)
  [Epoch 45] Batch 100/187 (53%)
  [Epoch 45] Batch 150/187 (80%)
[Epoch 45/700] train_loss=0.5695 val_loss=0.5726 lr=9.90e-04 (12s)
  [Epoch 46] Batch 50/187 (27%)
  [Epoch 46] Batch 100/187 (53%)
  [Epoch 46] Batch 150/187 (80%)
[Epoch 46/700] train_loss=0.5717 val_loss=0.5799 lr=9.89e-04 (15s)
  [Epoch 47] Batch 50/187 (27%)
  [Epoch 47] Batch 100/187 (53%)
  [Epoch 47] Batch 150/187 (80%)
[Epoch 47/700] train_loss=0.5816 val_loss=0.5752 lr=9.89e-04 (12s)
  [Epoch 48] Batch 50/187 (27%)
  [Epoch 48] Batch 100/187 (53%)
  [Epoch 48] Batch 150/187 (80%)
[Epoch 48/700] train_loss=0.5746 val_loss=0.5682 lr=9.88e-04 (14s)
  [Epoch 49] Batch 50/187 (27%)
  [Epoch 49] Batch 100/187 (53%)
  [Epoch 49] Batch 150/187 (80%)
[Epoch 49/700] train_loss=0.5723 val_loss=0.5722 lr=9.88e-04 (12s)
  [Epoch 50] Batch 50/187 (27%)
  [Epoch 50] Batch 100/187 (53%)
  [Epoch 50] Batch 150/187 (80%)
[Epoch 50/700] train_loss=0.5697 val_loss=0.5697 lr=9.87e-04 (11s)
  [Epoch 51] Batch 50/187 (27%)
  [Epoch 51] Batch 100/187 (53%)
  [Epoch 51] Batch 150/187 (80%)
[Epoch 51/700] train_loss=0.5705 val_loss=0.5826 lr=9.87e-04 (12s)
  [Epoch 52] Batch 50/187 (27%)
  [Epoch 52] Batch 100/187 (53%)
  [Epoch 52] Batch 150/187 (80%)
[Epoch 52/700] train_loss=0.5682 val_loss=0.5642 lr=9.86e-04 (11s)
Metric val/loss improved by 0.000 >= min_delta = 0.0. New best score: 0.564
  [Epoch 53] Batch 50/187 (27%)
  [Epoch 53] Batch 100/187 (53%)
  [Epoch 53] Batch 150/187 (80%)
[Epoch 53/700] train_loss=0.5710 val_loss=0.5695 lr=9.86e-04 (12s)
  [Epoch 54] Batch 50/187 (27%)
  [Epoch 54] Batch 100/187 (53%)
  [Epoch 54] Batch 150/187 (80%)
[Epoch 54/700] train_loss=0.5688 val_loss=0.5606 lr=9.85e-04 (11s)
Metric val/loss improved by 0.004 >= min_delta = 0.0. New best score: 0.561
  [Epoch 55] Batch 50/187 (27%)
  [Epoch 55] Batch 100/187 (53%)
  [Epoch 55] Batch 150/187 (80%)
[Epoch 55/700] train_loss=0.5659 val_loss=0.5555 lr=9.85e-04 (11s)
Metric val/loss improved by 0.005 >= min_delta = 0.0. New best score: 0.556
  [Epoch 56] Batch 50/187 (27%)
  [Epoch 56] Batch 100/187 (53%)
  [Epoch 56] Batch 150/187 (80%)
[Epoch 56/700] train_loss=0.5703 val_loss=0.5731 lr=9.84e-04 (13s)
  [Epoch 57] Batch 50/187 (27%)
  [Epoch 57] Batch 100/187 (53%)
  [Epoch 57] Batch 150/187 (80%)
[Epoch 57/700] train_loss=0.5671 val_loss=0.5667 lr=9.84e-04 (11s)
  [Epoch 58] Batch 50/187 (27%)
  [Epoch 58] Batch 100/187 (53%)
  [Epoch 58] Batch 150/187 (80%)
[Epoch 58/700] train_loss=0.5702 val_loss=0.5590 lr=9.83e-04 (11s)
  [Epoch 59] Batch 50/187 (27%)
  [Epoch 59] Batch 100/187 (53%)
  [Epoch 59] Batch 150/187 (80%)
[Epoch 59/700] train_loss=0.5695 val_loss=0.5710 lr=9.83e-04 (12s)
  [Epoch 60] Batch 50/187 (27%)
  [Epoch 60] Batch 100/187 (53%)
  [Epoch 60] Batch 150/187 (80%)
[Epoch 60/700] train_loss=0.5634 val_loss=0.5588 lr=9.82e-04 (13s)
  [Epoch 61] Batch 50/187 (27%)
  [Epoch 61] Batch 100/187 (53%)
  [Epoch 61] Batch 150/187 (80%)
[Epoch 61/700] train_loss=0.5642 val_loss=0.5627 lr=9.81e-04 (12s)
  [Epoch 62] Batch 50/187 (27%)
  [Epoch 62] Batch 100/187 (53%)
  [Epoch 62] Batch 150/187 (80%)
[Epoch 62/700] train_loss=0.5606 val_loss=0.5718 lr=9.81e-04 (12s)
  [Epoch 63] Batch 50/187 (27%)
  [Epoch 63] Batch 100/187 (53%)
  [Epoch 63] Batch 150/187 (80%)
[Epoch 63/700] train_loss=0.5614 val_loss=0.5662 lr=9.80e-04 (13s)
  [Epoch 64] Batch 50/187 (27%)
  [Epoch 64] Batch 100/187 (53%)
  [Epoch 64] Batch 150/187 (80%)
[Epoch 64/700] train_loss=0.5646 val_loss=0.5547 lr=9.80e-04 (13s)
Metric val/loss improved by 0.001 >= min_delta = 0.0. New best score: 0.555
  [Epoch 65] Batch 50/187 (27%)
  [Epoch 65] Batch 100/187 (53%)
  [Epoch 65] Batch 150/187 (80%)
[Epoch 65/700] train_loss=0.5568 val_loss=0.5630 lr=9.79e-04 (11s)
  [Epoch 66] Batch 50/187 (27%)
  [Epoch 66] Batch 100/187 (53%)
  [Epoch 66] Batch 150/187 (80%)
[Epoch 66/700] train_loss=0.5576 val_loss=0.5710 lr=9.78e-04 (12s)
  [Epoch 67] Batch 50/187 (27%)
  [Epoch 67] Batch 100/187 (53%)
  [Epoch 67] Batch 150/187 (80%)
[Epoch 67/700] train_loss=0.5673 val_loss=0.5642 lr=9.78e-04 (13s)
  [Epoch 68] Batch 50/187 (27%)
  [Epoch 68] Batch 100/187 (53%)
  [Epoch 68] Batch 150/187 (80%)
[Epoch 68/700] train_loss=0.5619 val_loss=0.5653 lr=9.77e-04 (12s)
  [Epoch 69] Batch 50/187 (27%)
  [Epoch 69] Batch 100/187 (53%)
  [Epoch 69] Batch 150/187 (80%)
[Epoch 69/700] train_loss=0.5596 val_loss=0.5607 lr=9.76e-04 (12s)
  [Epoch 70] Batch 50/187 (27%)
  [Epoch 70] Batch 100/187 (53%)
  [Epoch 70] Batch 150/187 (80%)
[Epoch 70/700] train_loss=0.5644 val_loss=0.5643 lr=9.76e-04 (12s)
  [Epoch 71] Batch 50/187 (27%)
  [Epoch 71] Batch 100/187 (53%)
  [Epoch 71] Batch 150/187 (80%)
[Epoch 71/700] train_loss=0.5572 val_loss=0.5595 lr=9.75e-04 (12s)
  [Epoch 72] Batch 50/187 (27%)
  [Epoch 72] Batch 100/187 (53%)
  [Epoch 72] Batch 150/187 (80%)
[Epoch 72/700] train_loss=0.5597 val_loss=0.5532 lr=9.74e-04 (11s)
Metric val/loss improved by 0.001 >= min_delta = 0.0. New best score: 0.553
  [Epoch 73] Batch 50/187 (27%)
  [Epoch 73] Batch 100/187 (53%)
  [Epoch 73] Batch 150/187 (80%)
[Epoch 73/700] train_loss=0.5573 val_loss=0.5637 lr=9.73e-04 (12s)
  [Epoch 74] Batch 50/187 (27%)
  [Epoch 74] Batch 100/187 (53%)
  [Epoch 74] Batch 150/187 (80%)
[Epoch 74/700] train_loss=0.5570 val_loss=0.5614 lr=9.73e-04 (12s)
  [Epoch 75] Batch 50/187 (27%)
  [Epoch 75] Batch 100/187 (53%)
  [Epoch 75] Batch 150/187 (80%)
[Epoch 75/700] train_loss=0.5552 val_loss=0.5582 lr=9.72e-04 (12s)
  [Epoch 76] Batch 50/187 (27%)
  [Epoch 76] Batch 100/187 (53%)
  [Epoch 76] Batch 150/187 (80%)
[Epoch 76/700] train_loss=0.5630 val_loss=0.5550 lr=9.71e-04 (12s)
  [Epoch 77] Batch 50/187 (27%)
  [Epoch 77] Batch 100/187 (53%)
  [Epoch 77] Batch 150/187 (80%)
[Epoch 77/700] train_loss=0.5608 val_loss=0.5492 lr=9.70e-04 (12s)
Metric val/loss improved by 0.004 >= min_delta = 0.0. New best score: 0.549
  [Epoch 78] Batch 50/187 (27%)
  [Epoch 78] Batch 100/187 (53%)
  [Epoch 78] Batch 150/187 (80%)
[Epoch 78/700] train_loss=0.5530 val_loss=0.5715 lr=9.70e-04 (11s)
  [Epoch 79] Batch 50/187 (27%)
  [Epoch 79] Batch 100/187 (53%)
  [Epoch 79] Batch 150/187 (80%)
[Epoch 79/700] train_loss=0.5523 val_loss=0.5445 lr=9.69e-04 (12s)
Metric val/loss improved by 0.005 >= min_delta = 0.0. New best score: 0.545
  [Epoch 80] Batch 50/187 (27%)
  [Epoch 80] Batch 100/187 (53%)
  [Epoch 80] Batch 150/187 (80%)
[Epoch 80/700] train_loss=0.5599 val_loss=0.5577 lr=9.68e-04 (11s)
  [Epoch 81] Batch 50/187 (27%)
  [Epoch 81] Batch 100/187 (53%)
  [Epoch 81] Batch 150/187 (80%)
[Epoch 81/700] train_loss=0.5520 val_loss=0.5476 lr=9.67e-04 (12s)
  [Epoch 82] Batch 50/187 (27%)
  [Epoch 82] Batch 100/187 (53%)
  [Epoch 82] Batch 150/187 (80%)
[Epoch 82/700] train_loss=0.5511 val_loss=0.5644 lr=9.67e-04 (12s)
  [Epoch 83] Batch 50/187 (27%)
  [Epoch 83] Batch 100/187 (53%)
  [Epoch 83] Batch 150/187 (80%)
[Epoch 83/700] train_loss=0.5500 val_loss=0.5473 lr=9.66e-04 (11s)
  [Epoch 84] Batch 50/187 (27%)
  [Epoch 84] Batch 100/187 (53%)
  [Epoch 84] Batch 150/187 (80%)
[Epoch 84/700] train_loss=0.5527 val_loss=0.5486 lr=9.65e-04 (11s)
  [Epoch 85] Batch 50/187 (27%)
  [Epoch 85] Batch 100/187 (53%)
  [Epoch 85] Batch 150/187 (80%)
[Epoch 85/700] train_loss=0.5539 val_loss=0.5559 lr=9.64e-04 (11s)
  [Epoch 86] Batch 50/187 (27%)
  [Epoch 86] Batch 100/187 (53%)
  [Epoch 86] Batch 150/187 (80%)
[Epoch 86/700] train_loss=0.5533 val_loss=0.5453 lr=9.63e-04 (11s)
  [Epoch 87] Batch 50/187 (27%)
  [Epoch 87] Batch 100/187 (53%)
  [Epoch 87] Batch 150/187 (80%)
[Epoch 87/700] train_loss=0.5478 val_loss=0.5582 lr=9.62e-04 (11s)
  [Epoch 88] Batch 50/187 (27%)
  [Epoch 88] Batch 100/187 (53%)
  [Epoch 88] Batch 150/187 (80%)
[Epoch 88/700] train_loss=0.5500 val_loss=0.5659 lr=9.62e-04 (11s)
  [Epoch 89] Batch 50/187 (27%)
  [Epoch 89] Batch 100/187 (53%)
  [Epoch 89] Batch 150/187 (80%)
[Epoch 89/700] train_loss=0.5490 val_loss=0.5514 lr=9.61e-04 (13s)
  [Epoch 90] Batch 50/187 (27%)
  [Epoch 90] Batch 100/187 (53%)
  [Epoch 90] Batch 150/187 (80%)
[Epoch 90/700] train_loss=0.5528 val_loss=0.5462 lr=9.60e-04 (12s)
  [Epoch 91] Batch 50/187 (27%)
  [Epoch 91] Batch 100/187 (53%)
  [Epoch 91] Batch 150/187 (80%)
[Epoch 91/700] train_loss=0.5577 val_loss=0.5543 lr=9.59e-04 (12s)
  [Epoch 92] Batch 50/187 (27%)
  [Epoch 92] Batch 100/187 (53%)
  [Epoch 92] Batch 150/187 (80%)
[Epoch 92/700] train_loss=0.5507 val_loss=0.5502 lr=9.58e-04 (11s)
  [Epoch 93] Batch 50/187 (27%)
  [Epoch 93] Batch 100/187 (53%)
  [Epoch 93] Batch 150/187 (80%)
[Epoch 93/700] train_loss=0.5528 val_loss=0.5533 lr=9.57e-04 (11s)
  [Epoch 94] Batch 50/187 (27%)
  [Epoch 94] Batch 100/187 (53%)
  [Epoch 94] Batch 150/187 (80%)
[Epoch 94/700] train_loss=0.5520 val_loss=0.5663 lr=9.56e-04 (12s)
  [Epoch 95] Batch 50/187 (27%)
  [Epoch 95] Batch 100/187 (53%)
  [Epoch 95] Batch 150/187 (80%)
[Epoch 95/700] train_loss=0.5477 val_loss=0.5471 lr=9.55e-04 (12s)
  [Epoch 96] Batch 50/187 (27%)
  [Epoch 96] Batch 100/187 (53%)
  [Epoch 96] Batch 150/187 (80%)
[Epoch 96/700] train_loss=0.5561 val_loss=0.5545 lr=9.54e-04 (12s)
  [Epoch 97] Batch 50/187 (27%)
  [Epoch 97] Batch 100/187 (53%)
  [Epoch 97] Batch 150/187 (80%)
[Epoch 97/700] train_loss=0.5490 val_loss=0.5521 lr=9.53e-04 (12s)
  [Epoch 98] Batch 50/187 (27%)
  [Epoch 98] Batch 100/187 (53%)
  [Epoch 98] Batch 150/187 (80%)
[Epoch 98/700] train_loss=0.5497 val_loss=0.5564 lr=9.52e-04 (14s)
  [Epoch 99] Batch 50/187 (27%)
  [Epoch 99] Batch 100/187 (53%)
  [Epoch 99] Batch 150/187 (80%)
[Epoch 99/700] train_loss=0.5498 val_loss=0.5495 lr=9.51e-04 (11s)
  [Epoch 100] Batch 50/187 (27%)
  [Epoch 100] Batch 100/187 (53%)
  [Epoch 100] Batch 150/187 (80%)
[Epoch 100/700] train_loss=0.5447 val_loss=0.5491 lr=9.50e-04 (12s)
  [Epoch 101] Batch 50/187 (27%)
  [Epoch 101] Batch 100/187 (53%)
  [Epoch 101] Batch 150/187 (80%)
[Epoch 101/700] train_loss=0.5446 val_loss=0.5535 lr=9.50e-04 (12s)
  [Epoch 102] Batch 50/187 (27%)
  [Epoch 102] Batch 100/187 (53%)
  [Epoch 102] Batch 150/187 (80%)
[Epoch 102/700] train_loss=0.5467 val_loss=0.5446 lr=9.49e-04 (12s)
  [Epoch 103] Batch 50/187 (27%)
  [Epoch 103] Batch 100/187 (53%)
  [Epoch 103] Batch 150/187 (80%)
[Epoch 103/700] train_loss=0.5480 val_loss=0.5478 lr=9.48e-04 (12s)
  [Epoch 104] Batch 50/187 (27%)
  [Epoch 104] Batch 100/187 (53%)
  [Epoch 104] Batch 150/187 (80%)
[Epoch 104/700] train_loss=0.5440 val_loss=0.5446 lr=9.47e-04 (12s)
  [Epoch 105] Batch 50/187 (27%)
  [Epoch 105] Batch 100/187 (53%)
  [Epoch 105] Batch 150/187 (80%)
[Epoch 105/700] train_loss=0.5470 val_loss=0.5526 lr=9.46e-04 (12s)
  [Epoch 106] Batch 50/187 (27%)
  [Epoch 106] Batch 100/187 (53%)
  [Epoch 106] Batch 150/187 (80%)
[Epoch 106/700] train_loss=0.5522 val_loss=0.5472 lr=9.44e-04 (14s)
  [Epoch 107] Batch 50/187 (27%)
  [Epoch 107] Batch 100/187 (53%)
  [Epoch 107] Batch 150/187 (80%)
[Epoch 107/700] train_loss=0.5469 val_loss=0.5485 lr=9.43e-04 (12s)
  [Epoch 108] Batch 50/187 (27%)
  [Epoch 108] Batch 100/187 (53%)
  [Epoch 108] Batch 150/187 (80%)
[Epoch 108/700] train_loss=0.5458 val_loss=0.5508 lr=9.42e-04 (11s)
  [Epoch 109] Batch 50/187 (27%)
  [Epoch 109] Batch 100/187 (53%)
  [Epoch 109] Batch 150/187 (80%)
[Epoch 109/700] train_loss=0.5430 val_loss=0.5458 lr=9.41e-04 (12s)
  [Epoch 110] Batch 50/187 (27%)
  [Epoch 110] Batch 100/187 (53%)
  [Epoch 110] Batch 150/187 (80%)
[Epoch 110/700] train_loss=0.5495 val_loss=0.5477 lr=9.40e-04 (12s)
  [Epoch 111] Batch 50/187 (27%)
  [Epoch 111] Batch 100/187 (53%)
  [Epoch 111] Batch 150/187 (80%)
[Epoch 111/700] train_loss=0.5445 val_loss=0.5402 lr=9.39e-04 (12s)
Metric val/loss improved by 0.004 >= min_delta = 0.0. New best score: 0.540
  [Epoch 112] Batch 50/187 (27%)
  [Epoch 112] Batch 100/187 (53%)
  [Epoch 112] Batch 150/187 (80%)
[Epoch 112/700] train_loss=0.5493 val_loss=0.5554 lr=9.38e-04 (11s)
  [Epoch 113] Batch 50/187 (27%)
  [Epoch 113] Batch 100/187 (53%)
  [Epoch 113] Batch 150/187 (80%)
[Epoch 113/700] train_loss=0.5438 val_loss=0.5303 lr=9.37e-04 (12s)
Metric val/loss improved by 0.010 >= min_delta = 0.0. New best score: 0.530
  [Epoch 114] Batch 50/187 (27%)
  [Epoch 114] Batch 100/187 (53%)
  [Epoch 114] Batch 150/187 (80%)
[Epoch 114/700] train_loss=0.5478 val_loss=0.5480 lr=9.36e-04 (12s)
  [Epoch 115] Batch 50/187 (27%)
  [Epoch 115] Batch 100/187 (53%)
  [Epoch 115] Batch 150/187 (80%)
[Epoch 115/700] train_loss=0.5443 val_loss=0.5627 lr=9.35e-04 (12s)
  [Epoch 116] Batch 50/187 (27%)
  [Epoch 116] Batch 100/187 (53%)
  [Epoch 116] Batch 150/187 (80%)
[Epoch 116/700] train_loss=0.5377 val_loss=0.5433 lr=9.34e-04 (12s)
  [Epoch 117] Batch 50/187 (27%)
  [Epoch 117] Batch 100/187 (53%)
  [Epoch 117] Batch 150/187 (80%)
[Epoch 117/700] train_loss=0.5412 val_loss=0.5367 lr=9.33e-04 (11s)
  [Epoch 118] Batch 50/187 (27%)
  [Epoch 118] Batch 100/187 (53%)
  [Epoch 118] Batch 150/187 (80%)
[Epoch 118/700] train_loss=0.5416 val_loss=0.5329 lr=9.32e-04 (11s)
  [Epoch 119] Batch 50/187 (27%)
  [Epoch 119] Batch 100/187 (53%)
  [Epoch 119] Batch 150/187 (80%)
[Epoch 119/700] train_loss=0.5423 val_loss=0.5431 lr=9.30e-04 (12s)
  [Epoch 120] Batch 50/187 (27%)
  [Epoch 120] Batch 100/187 (53%)
  [Epoch 120] Batch 150/187 (80%)
[Epoch 120/700] train_loss=0.5410 val_loss=0.5487 lr=9.29e-04 (11s)
  [Epoch 121] Batch 50/187 (27%)
  [Epoch 121] Batch 100/187 (53%)
  [Epoch 121] Batch 150/187 (80%)
[Epoch 121/700] train_loss=0.5480 val_loss=0.5493 lr=9.28e-04 (12s)
  [Epoch 122] Batch 50/187 (27%)
  [Epoch 122] Batch 100/187 (53%)
  [Epoch 122] Batch 150/187 (80%)
[Epoch 122/700] train_loss=0.5458 val_loss=0.5506 lr=9.27e-04 (12s)
  [Epoch 123] Batch 50/187 (27%)
  [Epoch 123] Batch 100/187 (53%)
  [Epoch 123] Batch 150/187 (80%)
[Epoch 123/700] train_loss=0.5443 val_loss=0.5481 lr=9.26e-04 (11s)
  [Epoch 124] Batch 50/187 (27%)
  [Epoch 124] Batch 100/187 (53%)
  [Epoch 124] Batch 150/187 (80%)
[Epoch 124/700] train_loss=0.5412 val_loss=0.5509 lr=9.25e-04 (12s)
  [Epoch 125] Batch 50/187 (27%)
  [Epoch 125] Batch 100/187 (53%)
  [Epoch 125] Batch 150/187 (80%)
[Epoch 125/700] train_loss=0.5413 val_loss=0.5471 lr=9.23e-04 (11s)
  [Epoch 126] Batch 50/187 (27%)
  [Epoch 126] Batch 100/187 (53%)
  [Epoch 126] Batch 150/187 (80%)
[Epoch 126/700] train_loss=0.5440 val_loss=0.5541 lr=9.22e-04 (13s)
  [Epoch 127] Batch 50/187 (27%)
  [Epoch 127] Batch 100/187 (53%)
  [Epoch 127] Batch 150/187 (80%)
[Epoch 127/700] train_loss=0.5390 val_loss=0.5490 lr=9.21e-04 (12s)
  [Epoch 128] Batch 50/187 (27%)
  [Epoch 128] Batch 100/187 (53%)
  [Epoch 128] Batch 150/187 (80%)
[Epoch 128/700] train_loss=0.5378 val_loss=0.5406 lr=9.20e-04 (11s)
  [Epoch 129] Batch 50/187 (27%)
  [Epoch 129] Batch 100/187 (53%)
  [Epoch 129] Batch 150/187 (80%)
[Epoch 129/700] train_loss=0.5367 val_loss=0.5431 lr=9.19e-04 (12s)
  [Epoch 130] Batch 50/187 (27%)
  [Epoch 130] Batch 100/187 (53%)
  [Epoch 130] Batch 150/187 (80%)
[Epoch 130/700] train_loss=0.5363 val_loss=0.5384 lr=9.17e-04 (11s)
  [Epoch 131] Batch 50/187 (27%)
  [Epoch 131] Batch 100/187 (53%)
  [Epoch 131] Batch 150/187 (80%)
[Epoch 131/700] train_loss=0.5423 val_loss=0.5240 lr=9.16e-04 (11s)
Metric val/loss improved by 0.006 >= min_delta = 0.0. New best score: 0.524
  [Epoch 132] Batch 50/187 (27%)
  [Epoch 132] Batch 100/187 (53%)
  [Epoch 132] Batch 150/187 (80%)
[Epoch 132/700] train_loss=0.5422 val_loss=0.5433 lr=9.15e-04 (12s)
  [Epoch 133] Batch 50/187 (27%)
  [Epoch 133] Batch 100/187 (53%)
  [Epoch 133] Batch 150/187 (80%)
[Epoch 133/700] train_loss=0.5416 val_loss=0.5486 lr=9.14e-04 (12s)
  [Epoch 134] Batch 50/187 (27%)
  [Epoch 134] Batch 100/187 (53%)
  [Epoch 134] Batch 150/187 (80%)
[Epoch 134/700] train_loss=0.5453 val_loss=0.5470 lr=9.12e-04 (11s)
  [Epoch 135] Batch 50/187 (27%)
  [Epoch 135] Batch 100/187 (53%)
  [Epoch 135] Batch 150/187 (80%)
[Epoch 135/700] train_loss=0.5327 val_loss=0.5395 lr=9.11e-04 (12s)
  [Epoch 136] Batch 50/187 (27%)
  [Epoch 136] Batch 100/187 (53%)
  [Epoch 136] Batch 150/187 (80%)
[Epoch 136/700] train_loss=0.5351 val_loss=0.5351 lr=9.10e-04 (12s)
  [Epoch 137] Batch 50/187 (27%)
  [Epoch 137] Batch 100/187 (53%)
  [Epoch 137] Batch 150/187 (80%)
[Epoch 137/700] train_loss=0.5369 val_loss=0.5349 lr=9.08e-04 (12s)
  [Epoch 138] Batch 50/187 (27%)
  [Epoch 138] Batch 100/187 (53%)
  [Epoch 138] Batch 150/187 (80%)
[Epoch 138/700] train_loss=0.5346 val_loss=0.5328 lr=9.07e-04 (12s)
  [Epoch 139] Batch 50/187 (27%)
  [Epoch 139] Batch 100/187 (53%)
  [Epoch 139] Batch 150/187 (80%)
[Epoch 139/700] train_loss=0.5350 val_loss=0.5281 lr=9.06e-04 (12s)
  [Epoch 140] Batch 50/187 (27%)
  [Epoch 140] Batch 100/187 (53%)
  [Epoch 140] Batch 150/187 (80%)
[Epoch 140/700] train_loss=0.5370 val_loss=0.5385 lr=9.05e-04 (12s)
  [Epoch 141] Batch 50/187 (27%)
  [Epoch 141] Batch 100/187 (53%)
  [Epoch 141] Batch 150/187 (80%)
[Epoch 141/700] train_loss=0.5322 val_loss=0.5345 lr=9.03e-04 (12s)
  [Epoch 142] Batch 50/187 (27%)
  [Epoch 142] Batch 100/187 (53%)
  [Epoch 142] Batch 150/187 (80%)
[Epoch 142/700] train_loss=0.5397 val_loss=0.5352 lr=9.02e-04 (13s)
  [Epoch 143] Batch 50/187 (27%)
  [Epoch 143] Batch 100/187 (53%)
  [Epoch 143] Batch 150/187 (80%)
[Epoch 143/700] train_loss=0.5359 val_loss=0.5312 lr=9.01e-04 (11s)
  [Epoch 144] Batch 50/187 (27%)
  [Epoch 144] Batch 100/187 (53%)
  [Epoch 144] Batch 150/187 (80%)
[Epoch 144/700] train_loss=0.5360 val_loss=0.5423 lr=8.99e-04 (11s)
  [Epoch 145] Batch 50/187 (27%)
  [Epoch 145] Batch 100/187 (53%)
  [Epoch 145] Batch 150/187 (80%)
[Epoch 145/700] train_loss=0.5393 val_loss=0.5514 lr=8.98e-04 (12s)
  [Epoch 146] Batch 50/187 (27%)
  [Epoch 146] Batch 100/187 (53%)
  [Epoch 146] Batch 150/187 (80%)
[Epoch 146/700] train_loss=0.5392 val_loss=0.5379 lr=8.96e-04 (12s)
  [Epoch 147] Batch 50/187 (27%)
  [Epoch 147] Batch 100/187 (53%)
  [Epoch 147] Batch 150/187 (80%)
[Epoch 147/700] train_loss=0.5347 val_loss=0.5378 lr=8.95e-04 (11s)
  [Epoch 148] Batch 50/187 (27%)
  [Epoch 148] Batch 100/187 (53%)
  [Epoch 148] Batch 150/187 (80%)
[Epoch 148/700] train_loss=0.5359 val_loss=0.5541 lr=8.94e-04 (11s)
  [Epoch 149] Batch 50/187 (27%)
  [Epoch 149] Batch 100/187 (53%)
  [Epoch 149] Batch 150/187 (80%)
[Epoch 149/700] train_loss=0.5351 val_loss=0.5283 lr=8.92e-04 (11s)
  [Epoch 150] Batch 50/187 (27%)
  [Epoch 150] Batch 100/187 (53%)
  [Epoch 150] Batch 150/187 (80%)
[Epoch 150/700] train_loss=0.5299 val_loss=0.5338 lr=8.91e-04 (11s)
  [Epoch 151] Batch 50/187 (27%)
  [Epoch 151] Batch 100/187 (53%)
  [Epoch 151] Batch 150/187 (80%)
[Epoch 151/700] train_loss=0.5335 val_loss=0.5374 lr=8.90e-04 (12s)
  [Epoch 152] Batch 50/187 (27%)
  [Epoch 152] Batch 100/187 (53%)
  [Epoch 152] Batch 150/187 (80%)
[Epoch 152/700] train_loss=0.5318 val_loss=0.5368 lr=8.88e-04 (11s)
  [Epoch 153] Batch 50/187 (27%)
  [Epoch 153] Batch 100/187 (53%)
  [Epoch 153] Batch 150/187 (80%)
[Epoch 153/700] train_loss=0.5363 val_loss=0.5426 lr=8.87e-04 (11s)
  [Epoch 154] Batch 50/187 (27%)
  [Epoch 154] Batch 100/187 (53%)
  [Epoch 154] Batch 150/187 (80%)
[Epoch 154/700] train_loss=0.5357 val_loss=0.5414 lr=8.85e-04 (12s)
  [Epoch 155] Batch 50/187 (27%)
  [Epoch 155] Batch 100/187 (53%)
  [Epoch 155] Batch 150/187 (80%)
[Epoch 155/700] train_loss=0.5383 val_loss=0.5379 lr=8.84e-04 (12s)
  [Epoch 156] Batch 50/187 (27%)
  [Epoch 156] Batch 100/187 (53%)
  [Epoch 156] Batch 150/187 (80%)
[Epoch 156/700] train_loss=0.5364 val_loss=0.5362 lr=8.82e-04 (11s)
  [Epoch 157] Batch 50/187 (27%)
  [Epoch 157] Batch 100/187 (53%)
  [Epoch 157] Batch 150/187 (80%)
[Epoch 157/700] train_loss=0.5358 val_loss=0.5424 lr=8.81e-04 (12s)
  [Epoch 158] Batch 50/187 (27%)
  [Epoch 158] Batch 100/187 (53%)
  [Epoch 158] Batch 150/187 (80%)
[Epoch 158/700] train_loss=0.5343 val_loss=0.5380 lr=8.79e-04 (11s)
  [Epoch 159] Batch 50/187 (27%)
  [Epoch 159] Batch 100/187 (53%)
  [Epoch 159] Batch 150/187 (80%)
[Epoch 159/700] train_loss=0.5315 val_loss=0.5350 lr=8.78e-04 (11s)
  [Epoch 160] Batch 50/187 (27%)
  [Epoch 160] Batch 100/187 (53%)
  [Epoch 160] Batch 150/187 (80%)
[Epoch 160/700] train_loss=0.5325 val_loss=0.5275 lr=8.77e-04 (11s)
  [Epoch 161] Batch 50/187 (27%)
  [Epoch 161] Batch 100/187 (53%)
  [Epoch 161] Batch 150/187 (80%)
[Epoch 161/700] train_loss=0.5370 val_loss=0.5415 lr=8.75e-04 (12s)
  [Epoch 162] Batch 50/187 (27%)
  [Epoch 162] Batch 100/187 (53%)
  [Epoch 162] Batch 150/187 (80%)
[Epoch 162/700] train_loss=0.5320 val_loss=0.5392 lr=8.74e-04 (12s)
  [Epoch 163] Batch 50/187 (27%)
  [Epoch 163] Batch 100/187 (53%)
  [Epoch 163] Batch 150/187 (80%)
[Epoch 163/700] train_loss=0.5302 val_loss=0.5364 lr=8.72e-04 (11s)
  [Epoch 164] Batch 50/187 (27%)
  [Epoch 164] Batch 100/187 (53%)
  [Epoch 164] Batch 150/187 (80%)
[Epoch 164/700] train_loss=0.5303 val_loss=0.5383 lr=8.71e-04 (11s)
  [Epoch 165] Batch 50/187 (27%)
  [Epoch 165] Batch 100/187 (53%)
  [Epoch 165] Batch 150/187 (80%)
[Epoch 165/700] train_loss=0.5314 val_loss=0.5305 lr=8.69e-04 (12s)
  [Epoch 166] Batch 50/187 (27%)
  [Epoch 166] Batch 100/187 (53%)
  [Epoch 166] Batch 150/187 (80%)
[Epoch 166/700] train_loss=0.5285 val_loss=0.5396 lr=8.68e-04 (12s)
  [Epoch 167] Batch 50/187 (27%)
  [Epoch 167] Batch 100/187 (53%)
  [Epoch 167] Batch 150/187 (80%)
[Epoch 167/700] train_loss=0.5303 val_loss=0.5349 lr=8.66e-04 (12s)
  [Epoch 168] Batch 50/187 (27%)
  [Epoch 168] Batch 100/187 (53%)
  [Epoch 168] Batch 150/187 (80%)
[Epoch 168/700] train_loss=0.5347 val_loss=0.5387 lr=8.64e-04 (12s)
  [Epoch 169] Batch 50/187 (27%)
  [Epoch 169] Batch 100/187 (53%)
  [Epoch 169] Batch 150/187 (80%)
[Epoch 169/700] train_loss=0.5284 val_loss=0.5342 lr=8.63e-04 (12s)
  [Epoch 170] Batch 50/187 (27%)
  [Epoch 170] Batch 100/187 (53%)
  [Epoch 170] Batch 150/187 (80%)
[Epoch 170/700] train_loss=0.5309 val_loss=0.5258 lr=8.61e-04 (12s)
  [Epoch 171] Batch 50/187 (27%)
  [Epoch 171] Batch 100/187 (53%)
  [Epoch 171] Batch 150/187 (80%)
[Epoch 171/700] train_loss=0.5342 val_loss=0.5379 lr=8.60e-04 (12s)
  [Epoch 172] Batch 50/187 (27%)
  [Epoch 172] Batch 100/187 (53%)
  [Epoch 172] Batch 150/187 (80%)
[Epoch 172/700] train_loss=0.5315 val_loss=0.5344 lr=8.58e-04 (11s)
  [Epoch 173] Batch 50/187 (27%)
  [Epoch 173] Batch 100/187 (53%)
  [Epoch 173] Batch 150/187 (80%)
[Epoch 173/700] train_loss=0.5291 val_loss=0.5326 lr=8.57e-04 (12s)
  [Epoch 174] Batch 50/187 (27%)
  [Epoch 174] Batch 100/187 (53%)
  [Epoch 174] Batch 150/187 (80%)
[Epoch 174/700] train_loss=0.5302 val_loss=0.5332 lr=8.55e-04 (11s)
  [Epoch 175] Batch 50/187 (27%)
  [Epoch 175] Batch 100/187 (53%)
  [Epoch 175] Batch 150/187 (80%)
[Epoch 175/700] train_loss=0.5235 val_loss=0.5454 lr=8.54e-04 (11s)
  [Epoch 176] Batch 50/187 (27%)
  [Epoch 176] Batch 100/187 (53%)
  [Epoch 176] Batch 150/187 (80%)
[Epoch 176/700] train_loss=0.5326 val_loss=0.5318 lr=8.52e-04 (11s)
  [Epoch 177] Batch 50/187 (27%)
  [Epoch 177] Batch 100/187 (53%)
  [Epoch 177] Batch 150/187 (80%)
[Epoch 177/700] train_loss=0.5289 val_loss=0.5477 lr=8.50e-04 (12s)
  [Epoch 178] Batch 50/187 (27%)
  [Epoch 178] Batch 100/187 (53%)
  [Epoch 178] Batch 150/187 (80%)
[Epoch 178/700] train_loss=0.5269 val_loss=0.5333 lr=8.49e-04 (11s)
  [Epoch 179] Batch 50/187 (27%)
  [Epoch 179] Batch 100/187 (53%)
  [Epoch 179] Batch 150/187 (80%)
[Epoch 179/700] train_loss=0.5260 val_loss=0.5241 lr=8.47e-04 (11s)
  [Epoch 180] Batch 50/187 (27%)
  [Epoch 180] Batch 100/187 (53%)
  [Epoch 180] Batch 150/187 (80%)
[Epoch 180/700] train_loss=0.5293 val_loss=0.5360 lr=8.46e-04 (12s)
  [Epoch 181] Batch 50/187 (27%)
  [Epoch 181] Batch 100/187 (53%)
  [Epoch 181] Batch 150/187 (80%)
[Epoch 181/700] train_loss=0.5272 val_loss=0.5324 lr=8.44e-04 (11s)
Monitored metric val/loss did not improve in the last 50 records. Best score: 0.524. Signaling Trainer to stop.

[Training] Completed!

✓ Training completed!
  Final checkpoint: 
/public/home/xiongzhzh2023/PT4ConTSG/experiments/20260402_094742_synth-u_pt_factor_generator/checkpoints/finetune/finetune-epoch=130-val/loss=0
.5240.ckpt
  Experiment: experiments/20260402_094742_synth-u_pt_factor_generator

Running automatic evaluation...
Loading weights:   0%|          | 0/197 [00:00<?, ?it/s]Loading weights: 100%|██████████| 197/197 [00:00<00:00, 3267.55it/s]
[1mCLIPTextModelWithProjection LOAD REPORT[0m from: ./checkpoints/longclip
Key                                                            | Status     |  | 
---------------------------------------------------------------+------------+--+-
vision_model.encoder.layers.{0...23}.mlp.fc2.weight            | UNEXPECTED |  | 
vision_model.encoder.layers.{0...23}.mlp.fc2.bias              | UNEXPECTED |  | 
vision_model.encoder.layers.{0...23}.self_attn.k_proj.weight   | UNEXPECTED |  | 
vision_model.encoder.layers.{0...23}.self_attn.q_proj.weight   | UNEXPECTED |  | 
vision_model.encoder.layers.{0...23}.self_attn.k_proj.bias     | UNEXPECTED |  | 
vision_model.encoder.layers.{0...23}.layer_norm2.bias          | UNEXPECTED |  | 
vision_model.encoder.layers.{0...23}.self_attn.v_proj.bias     | UNEXPECTED |  | 
vision_model.encoder.layers.{0...23}.layer_norm2.weight        | UNEXPECTED |  | 
vision_model.encoder.layers.{0...23}.layer_norm1.weight        | UNEXPECTED |  | 
vision_model.encoder.layers.{0...23}.self_attn.v_proj.weight   | UNEXPECTED |  | 
vision_model.encoder.layers.{0...23}.self_attn.q_proj.bias     | UNEXPECTED |  | 
vision_model.encoder.layers.{0...23}.mlp.fc1.weight            | UNEXPECTED |  | 
vision_model.encoder.layers.{0...23}.self_attn.out_proj.bias   | UNEXPECTED |  | 
vision_model.encoder.layers.{0...23}.mlp.fc1.bias              | UNEXPECTED |  | 
vision_model.encoder.layers.{0...23}.self_attn.out_proj.weight | UNEXPECTED |  | 
vision_model.encoder.layers.{0...23}.layer_norm1.bias          | UNEXPECTED |  | 
vision_model.pre_layrnorm.bias                                 | UNEXPECTED |  | 
visual_projection.weight                                       | UNEXPECTED |  | 
vision_model.pre_layrnorm.weight                               | UNEXPECTED |  | 
vision_model.embeddings.patch_embedding.weight                 | UNEXPECTED |  | 
vision_model.embeddings.class_embedding                        | UNEXPECTED |  | 
vision_model.post_layernorm.bias                               | UNEXPECTED |  | 
logit_scale                                                    | UNEXPECTED |  | 
vision_model.embeddings.position_embedding.weight              | UNEXPECTED |  | 
vision_model.post_layernorm.weight                             | UNEXPECTED |  | 

[3mNotes:
- UNEXPECTED[3m	:can be ignored when loading from different task/architecture; not ok if you expect identical arch.[0m
[Evaluating (generating)] Starting (0/32)...
[Evaluating (generating)] 1/32 (3%)
[Evaluating (generating)] 4/32 (12%)
[Evaluating (generating)] 7/32 (22%)
[Evaluating (generating)] 10/32 (31%)
[Evaluating (generating)] 13/32 (41%)
[Evaluating (generating)] 16/32 (50%)
[Evaluating (generating)] 20/32 (62%)
[Evaluating (generating)] 23/32 (72%)
[Evaluating (generating)] 26/32 (81%)
[Evaluating (generating)] 29/32 (91%)
[Evaluating (generating)] 32/32 (100%)
[Evaluating (generating)] Completed (32 items)
Evaluation results saved to: experiments/20260402_094742_synth-u_pt_factor_generator/results/eval_results.json
          Evaluation Results           
┏━━━━━━━━━━━━━━━━━━━━━━━━━┳━━━━━━━━━━━┓
┃ Metric                  ┃     Value ┃
┡━━━━━━━━━━━━━━━━━━━━━━━━━╇━━━━━━━━━━━┩
│ dtw                     │  4.719581 │
│ wape                    │ 82.471680 │
│ ed                      │  8.418608 │
│ crps                    │  0.416366 │
│ acd                     │  0.059032 │
│ sd                      │  0.064169 │
│ kd                      │  0.418075 │
│ mdd                     │  0.013868 │
│ fid                     │ 24.959780 │
│ jftsd                   │ 27.382202 │
│ cttp                    │ 16.121008 │
│ disc_auc                │  0.984999 │
│ prdc_f1.f1              │  0.350421 │
│ prdc_f1.precision       │  0.540500 │
│ prdc_f1.recall          │  0.259250 │
│ joint_prdc_f1.f1        │  0.729908 │
│ joint_prdc_f1.precision │  0.825750 │
│ joint_prdc_f1.recall    │  0.654000 │
└─────────────────────────┴───────────┘
