Loading config from: configs/generators/verbalts_ptb_concept.yaml
Model schema mode: relaxed (builtin: VerbalTSModelConfig)
      Configuration Summary      
┌───────────────┬───────────────┐
│ Dataset       │ ptbxl_concept │
│ Model         │ verbalts      │
│ Epochs        │ 700           │
│ Batch Size    │ 128           │
│ Learning Rate │ 0.001         │
│ Device        │ cuda:0        │
│ Seed          │ 42            │
└───────────────┴───────────────┘

Experiment directory: experiments/20260407_210228_ptbxl_concept_verbalts
Seed set to 42

Model: verbalts
Creating data module: ptbxl_concept

Starting multi-stage training (1 stage(s))...
  Stage 1: finetune (700 epochs, lr=0.001)
/public/home/xiongzhzh2023/Anaconda/envs/contsg/lib/python3.12/site-packages/lightning_fabric/plugins/environments/slurm.py:204: The `srun` command is available on your system but is not used. HINT: If your intention is to run Lightning on SLURM, prepend your python command with `srun` like so: srun python3.1 /public/home/xiongzhzh2023/Anaconda/envs/contsg/b ...
GPU available: True (cuda), used: True
TPU available: False, using: 0 TPU cores
💡 Tip: For seamless cloud logging and experiment tracking, try installing [litlogger](https://pypi.org/project/litlogger/) to enable LitLogger, which logs metrics and artifacts automatically to the Lightning Experiments platform.
`Trainer(limit_train_batches=1.0)` was configured so 100% of the batches per epoch will be used..
`Trainer(limit_val_batches=1.0)` was configured so 100% of the batches will be used..
`Trainer(limit_test_batches=1.0)` was configured so 100% of the batches will be used..
`Trainer(val_check_interval=1.0)` was configured so validation will run at the end of the training epoch..
LOCAL_RANK: 0 - CUDA_VISIBLE_DEVICES: [0,1,2,3]
┏━━━┳━━━━━━━━━━━━━━━━┳━━━━━━━━━━━━━━━━━━━━━━━━━━━━━━┳━━━━━━━━┳━━━━━━━┳━━━━━━━┓
┃   ┃ Name           ┃ Type                         ┃ Params ┃ Mode  ┃ FLOPs ┃
┡━━━╇━━━━━━━━━━━━━━━━╇━━━━━━━━━━━━━━━━━━━━━━━━━━━━━━╇━━━━━━━━╇━━━━━━━╇━━━━━━━┩
│ 0 │ verbalts       │ VerbalTSCore                 │  2.3 M │ train │     0 │
│ 1 │ cond_projector │ TextProjectorMVarMScaleMStep │ 51.3 M │ train │     0 │
└───┴────────────────┴──────────────────────────────┴────────┴───────┴───────┘
Trainable params: 53.6 M                                                                                                                                                                        
Non-trainable params: 0                                                                                                                                                                         
Total params: 53.6 M                                                                                                                                                                            
Total estimated model params size (MB): 214                                                                                                                                                     
Modules in train mode: 233                                                                                                                                                                      
Modules in eval mode: 0                                                                                                                                                                         
Total FLOPs: 0                                                                                                                                                                                  
/public/home/xiongzhzh2023/Anaconda/envs/contsg/lib/python3.12/site-packages/pytorch_lightning/utilities/data.py:79: Trying to infer the `batch_size` from an ambiguous collection. The batch size we found is 128. To avoid any miscalculations, use `self.log(..., batch_size=batch_size)`.

[Training] Starting 700 epochs...

Error: OutOfMemoryError: CUDA out of memory. Tried to allocate 62.00 MiB. GPU 0 has a total capacity of 10.75 GiB of which 62.69 MiB is free. Including non-PyTorch memory, this process has 
10.68 GiB memory in use. Of the allocated memory 10.42 GiB is allocated by PyTorch, and 80.08 MiB is reserved by PyTorch but unallocated. If reserved but unallocated memory is large try 
setting PYTORCH_CUDA_ALLOC_CONF=expandable_segments:True to avoid fragmentation.  See documentation for Memory Management  
(https://pytorch.org/docs/stable/notes/cuda.html#environment-variables)
Use --verbose-errors for full traceback

