Loading config from: configs/generators/verbalts_telecomts.yaml
Model schema mode: relaxed (builtin: VerbalTSModelConfig)
        Configuration Summary        
┌───────────────┬───────────────────┐
│ Dataset       │ telecomts_segment │
│ Model         │ verbalts          │
│ Epochs        │ 700               │
│ Batch Size    │ 128               │
│ Learning Rate │ 0.001             │
│ Device        │ cuda:0            │
│ Seed          │ 42                │
└───────────────┴───────────────────┘

Experiment directory: experiments/20260407_192906_telecomts_segment_verbalts
Seed set to 42

Model: verbalts
Creating data module: telecomts_segment

Starting multi-stage training (1 stage(s))...
  Stage 1: finetune (700 epochs, lr=0.001)
/public/home/xiongzhzh2023/Anaconda/envs/contsg/lib/python3.12/site-packages/lightning_fabric/plugins/environments/slurm.py:204: The `srun` command is available on your system but is not used. HINT: If your intention is to run Lightning on SLURM, prepend your python command with `srun` like so: srun python3.1 /public/home/xiongzhzh2023/Anaconda/envs/contsg/b ...
GPU available: True (cuda), used: True
TPU available: False, using: 0 TPU cores
💡 Tip: For seamless cloud logging and experiment tracking, try installing [litlogger](https://pypi.org/project/litlogger/) to enable LitLogger, which logs metrics and artifacts automatically to the Lightning Experiments platform.
`Trainer(limit_train_batches=1.0)` was configured so 100% of the batches per epoch will be used..
`Trainer(limit_val_batches=1.0)` was configured so 100% of the batches will be used..
`Trainer(limit_test_batches=1.0)` was configured so 100% of the batches will be used..
`Trainer(val_check_interval=1.0)` was configured so validation will run at the end of the training epoch..
LOCAL_RANK: 0 - CUDA_VISIBLE_DEVICES: [0,1,2,3]
┏━━━┳━━━━━━━━━━━━━━━━┳━━━━━━━━━━━━━━━━━━━━━━━━━━━━━━┳━━━━━━━━┳━━━━━━━┳━━━━━━━┓
┃   ┃ Name           ┃ Type                         ┃ Params ┃ Mode  ┃ FLOPs ┃
┡━━━╇━━━━━━━━━━━━━━━━╇━━━━━━━━━━━━━━━━━━━━━━━━━━━━━━╇━━━━━━━━╇━━━━━━━╇━━━━━━━┩
│ 0 │ verbalts       │ VerbalTSCore                 │  1.2 M │ train │     0 │
│ 1 │ cond_projector │ TextProjectorMVarMScaleMStep │ 51.3 M │ train │     0 │
└───┴────────────────┴──────────────────────────────┴────────┴───────┴───────┘
Trainable params: 52.5 M                                                                                                                                                                        
Non-trainable params: 0                                                                                                                                                                         
Total params: 52.5 M                                                                                                                                                                            
Total estimated model params size (MB): 209                                                                                                                                                     
Modules in train mode: 233                                                                                                                                                                      
Modules in eval mode: 0                                                                                                                                                                         
Total FLOPs: 0                                                                                                                                                                                  
/public/home/xiongzhzh2023/Anaconda/envs/contsg/lib/python3.12/site-packages/pytorch_lightning/utilities/data.py:79: Trying to infer the `batch_size` from an ambiguous collection. The batch size we found is 128. To avoid any miscalculations, use `self.log(..., batch_size=batch_size)`.

[Training] Starting 700 epochs...
  [Epoch 1] Batch 50/200 (25%)
  [Epoch 1] Batch 100/200 (50%)
  [Epoch 1] Batch 150/200 (75%)
  [Epoch 1] Batch 200/200 (100%)
[Epoch 1/700] train_loss=0.3250 val_loss=0.2018 lr=1.00e-03 (22s)
Metric val/loss improved. New best score: 0.202
  [Epoch 2] Batch 50/200 (25%)
  [Epoch 2] Batch 100/200 (50%)
  [Epoch 2] Batch 150/200 (75%)
  [Epoch 2] Batch 200/200 (100%)
[Epoch 2/700] train_loss=0.2010 val_loss=0.1915 lr=1.00e-03 (26s)
Metric val/loss improved by 0.010 >= min_delta = 0.0. New best score: 0.192
  [Epoch 3] Batch 50/200 (25%)
  [Epoch 3] Batch 100/200 (50%)
  [Epoch 3] Batch 150/200 (75%)
  [Epoch 3] Batch 200/200 (100%)
[Epoch 3/700] train_loss=0.1889 val_loss=0.1814 lr=1.00e-03 (23s)
Metric val/loss improved by 0.010 >= min_delta = 0.0. New best score: 0.181
  [Epoch 4] Batch 50/200 (25%)
  [Epoch 4] Batch 100/200 (50%)
  [Epoch 4] Batch 150/200 (75%)
  [Epoch 4] Batch 200/200 (100%)
[Epoch 4/700] train_loss=0.1837 val_loss=0.1846 lr=1.00e-03 (24s)
  [Epoch 5] Batch 50/200 (25%)
  [Epoch 5] Batch 100/200 (50%)
  [Epoch 5] Batch 150/200 (75%)
  [Epoch 5] Batch 200/200 (100%)
[Epoch 5/700] train_loss=0.1796 val_loss=0.1666 lr=1.00e-03 (23s)
Metric val/loss improved by 0.015 >= min_delta = 0.0. New best score: 0.167
  [Epoch 6] Batch 50/200 (25%)
  [Epoch 6] Batch 100/200 (50%)
  [Epoch 6] Batch 150/200 (75%)
  [Epoch 6] Batch 200/200 (100%)
[Epoch 6/700] train_loss=0.1761 val_loss=0.1744 lr=1.00e-03 (24s)
  [Epoch 7] Batch 50/200 (25%)
  [Epoch 7] Batch 100/200 (50%)
  [Epoch 7] Batch 150/200 (75%)
  [Epoch 7] Batch 200/200 (100%)
[Epoch 7/700] train_loss=0.1768 val_loss=0.1686 lr=1.00e-03 (23s)
  [Epoch 8] Batch 50/200 (25%)
  [Epoch 8] Batch 100/200 (50%)
  [Epoch 8] Batch 150/200 (75%)
  [Epoch 8] Batch 200/200 (100%)
[Epoch 8/700] train_loss=0.1744 val_loss=0.1731 lr=1.00e-03 (25s)
  [Epoch 9] Batch 50/200 (25%)
  [Epoch 9] Batch 100/200 (50%)
  [Epoch 9] Batch 150/200 (75%)
  [Epoch 9] Batch 200/200 (100%)
[Epoch 9/700] train_loss=0.1717 val_loss=0.1682 lr=1.00e-03 (24s)
  [Epoch 10] Batch 50/200 (25%)
  [Epoch 10] Batch 100/200 (50%)
  [Epoch 10] Batch 150/200 (75%)
  [Epoch 10] Batch 200/200 (100%)
[Epoch 10/700] train_loss=0.1732 val_loss=0.1683 lr=9.99e-04 (24s)
  [Epoch 11] Batch 50/200 (25%)
  [Epoch 11] Batch 100/200 (50%)
  [Epoch 11] Batch 150/200 (75%)
  [Epoch 11] Batch 200/200 (100%)
[Epoch 11/700] train_loss=0.1725 val_loss=0.1651 lr=9.99e-04 (23s)
Metric val/loss improved by 0.002 >= min_delta = 0.0. New best score: 0.165
  [Epoch 12] Batch 50/200 (25%)
  [Epoch 12] Batch 100/200 (50%)
  [Epoch 12] Batch 150/200 (75%)
  [Epoch 12] Batch 200/200 (100%)
[Epoch 12/700] train_loss=0.1716 val_loss=0.1723 lr=9.99e-04 (23s)
  [Epoch 13] Batch 50/200 (25%)
  [Epoch 13] Batch 100/200 (50%)
  [Epoch 13] Batch 150/200 (75%)
  [Epoch 13] Batch 200/200 (100%)
[Epoch 13/700] train_loss=0.1682 val_loss=0.1692 lr=9.99e-04 (23s)
  [Epoch 14] Batch 50/200 (25%)
  [Epoch 14] Batch 100/200 (50%)
  [Epoch 14] Batch 150/200 (75%)
  [Epoch 14] Batch 200/200 (100%)
[Epoch 14/700] train_loss=0.1684 val_loss=0.1594 lr=9.99e-04 (24s)
Metric val/loss improved by 0.006 >= min_delta = 0.0. New best score: 0.159
  [Epoch 15] Batch 50/200 (25%)
  [Epoch 15] Batch 100/200 (50%)
  [Epoch 15] Batch 150/200 (75%)
  [Epoch 15] Batch 200/200 (100%)
[Epoch 15/700] train_loss=0.1680 val_loss=0.1623 lr=9.99e-04 (26s)
  [Epoch 16] Batch 50/200 (25%)
  [Epoch 16] Batch 100/200 (50%)
  [Epoch 16] Batch 150/200 (75%)
  [Epoch 16] Batch 200/200 (100%)
[Epoch 16/700] train_loss=0.1667 val_loss=0.1698 lr=9.99e-04 (26s)
  [Epoch 17] Batch 50/200 (25%)
  [Epoch 17] Batch 100/200 (50%)
  [Epoch 17] Batch 150/200 (75%)
  [Epoch 17] Batch 200/200 (100%)
[Epoch 17/700] train_loss=0.1654 val_loss=0.1631 lr=9.99e-04 (25s)
  [Epoch 18] Batch 50/200 (25%)
  [Epoch 18] Batch 100/200 (50%)
  [Epoch 18] Batch 150/200 (75%)
  [Epoch 18] Batch 200/200 (100%)
[Epoch 18/700] train_loss=0.1677 val_loss=0.1572 lr=9.98e-04 (26s)
Metric val/loss improved by 0.002 >= min_delta = 0.0. New best score: 0.157
  [Epoch 19] Batch 50/200 (25%)
  [Epoch 19] Batch 100/200 (50%)
  [Epoch 19] Batch 150/200 (75%)
  [Epoch 19] Batch 200/200 (100%)
[Epoch 19/700] train_loss=0.1668 val_loss=0.1607 lr=9.98e-04 (26s)
  [Epoch 20] Batch 50/200 (25%)
  [Epoch 20] Batch 100/200 (50%)
  [Epoch 20] Batch 150/200 (75%)
  [Epoch 20] Batch 200/200 (100%)
[Epoch 20/700] train_loss=0.1659 val_loss=0.1679 lr=9.98e-04 (26s)
  [Epoch 21] Batch 50/200 (25%)
  [Epoch 21] Batch 100/200 (50%)
  [Epoch 21] Batch 150/200 (75%)
  [Epoch 21] Batch 200/200 (100%)
[Epoch 21/700] train_loss=0.1657 val_loss=0.1625 lr=9.98e-04 (26s)
  [Epoch 22] Batch 50/200 (25%)
  [Epoch 22] Batch 100/200 (50%)
  [Epoch 22] Batch 150/200 (75%)
  [Epoch 22] Batch 200/200 (100%)
[Epoch 22/700] train_loss=0.1652 val_loss=0.1683 lr=9.98e-04 (25s)
  [Epoch 23] Batch 50/200 (25%)
  [Epoch 23] Batch 100/200 (50%)
  [Epoch 23] Batch 150/200 (75%)
  [Epoch 23] Batch 200/200 (100%)
[Epoch 23/700] train_loss=0.1632 val_loss=0.1671 lr=9.97e-04 (25s)
  [Epoch 24] Batch 50/200 (25%)
  [Epoch 24] Batch 100/200 (50%)
  [Epoch 24] Batch 150/200 (75%)
  [Epoch 24] Batch 200/200 (100%)
[Epoch 24/700] train_loss=0.1670 val_loss=0.1666 lr=9.97e-04 (23s)
  [Epoch 25] Batch 50/200 (25%)
  [Epoch 25] Batch 100/200 (50%)
  [Epoch 25] Batch 150/200 (75%)
  [Epoch 25] Batch 200/200 (100%)
[Epoch 25/700] train_loss=0.1614 val_loss=0.1597 lr=9.97e-04 (24s)
  [Epoch 26] Batch 50/200 (25%)
  [Epoch 26] Batch 100/200 (50%)
  [Epoch 26] Batch 150/200 (75%)
  [Epoch 26] Batch 200/200 (100%)
[Epoch 26/700] train_loss=0.1636 val_loss=0.1616 lr=9.97e-04 (24s)
  [Epoch 27] Batch 50/200 (25%)
  [Epoch 27] Batch 100/200 (50%)
  [Epoch 27] Batch 150/200 (75%)
  [Epoch 27] Batch 200/200 (100%)
[Epoch 27/700] train_loss=0.1619 val_loss=0.1611 lr=9.96e-04 (27s)
  [Epoch 28] Batch 50/200 (25%)
  [Epoch 28] Batch 100/200 (50%)
  [Epoch 28] Batch 150/200 (75%)
  [Epoch 28] Batch 200/200 (100%)
[Epoch 28/700] train_loss=0.1619 val_loss=0.1620 lr=9.96e-04 (25s)
  [Epoch 29] Batch 50/200 (25%)
  [Epoch 29] Batch 100/200 (50%)
  [Epoch 29] Batch 150/200 (75%)
  [Epoch 29] Batch 200/200 (100%)
[Epoch 29/700] train_loss=0.1641 val_loss=0.1633 lr=9.96e-04 (27s)
  [Epoch 30] Batch 50/200 (25%)
  [Epoch 30] Batch 100/200 (50%)
  [Epoch 30] Batch 150/200 (75%)
  [Epoch 30] Batch 200/200 (100%)
[Epoch 30/700] train_loss=0.1634 val_loss=0.1648 lr=9.95e-04 (25s)
  [Epoch 31] Batch 50/200 (25%)
  [Epoch 31] Batch 100/200 (50%)
  [Epoch 31] Batch 150/200 (75%)
  [Epoch 31] Batch 200/200 (100%)
[Epoch 31/700] train_loss=0.1651 val_loss=0.1579 lr=9.95e-04 (23s)
  [Epoch 32] Batch 50/200 (25%)
  [Epoch 32] Batch 100/200 (50%)
  [Epoch 32] Batch 150/200 (75%)
  [Epoch 32] Batch 200/200 (100%)
[Epoch 32/700] train_loss=0.1642 val_loss=0.1656 lr=9.95e-04 (24s)
  [Epoch 33] Batch 50/200 (25%)
  [Epoch 33] Batch 100/200 (50%)
  [Epoch 33] Batch 150/200 (75%)
  [Epoch 33] Batch 200/200 (100%)
[Epoch 33/700] train_loss=0.1617 val_loss=0.1665 lr=9.95e-04 (23s)
  [Epoch 34] Batch 50/200 (25%)
  [Epoch 34] Batch 100/200 (50%)
  [Epoch 34] Batch 150/200 (75%)
  [Epoch 34] Batch 200/200 (100%)
[Epoch 34/700] train_loss=0.1626 val_loss=0.1551 lr=9.94e-04 (23s)
Metric val/loss improved by 0.002 >= min_delta = 0.0. New best score: 0.155
  [Epoch 35] Batch 50/200 (25%)
  [Epoch 35] Batch 100/200 (50%)
  [Epoch 35] Batch 150/200 (75%)
  [Epoch 35] Batch 200/200 (100%)
[Epoch 35/700] train_loss=0.1598 val_loss=0.1589 lr=9.94e-04 (23s)
  [Epoch 36] Batch 50/200 (25%)
  [Epoch 36] Batch 100/200 (50%)
  [Epoch 36] Batch 150/200 (75%)
  [Epoch 36] Batch 200/200 (100%)
[Epoch 36/700] train_loss=0.1620 val_loss=0.1556 lr=9.93e-04 (23s)
  [Epoch 37] Batch 50/200 (25%)
  [Epoch 37] Batch 100/200 (50%)
  [Epoch 37] Batch 150/200 (75%)
  [Epoch 37] Batch 200/200 (100%)
[Epoch 37/700] train_loss=0.1641 val_loss=0.1586 lr=9.93e-04 (26s)
  [Epoch 38] Batch 50/200 (25%)
  [Epoch 38] Batch 100/200 (50%)
  [Epoch 38] Batch 150/200 (75%)
  [Epoch 38] Batch 200/200 (100%)
[Epoch 38/700] train_loss=0.1621 val_loss=0.1601 lr=9.93e-04 (25s)
  [Epoch 39] Batch 50/200 (25%)
  [Epoch 39] Batch 100/200 (50%)
  [Epoch 39] Batch 150/200 (75%)
  [Epoch 39] Batch 200/200 (100%)
[Epoch 39/700] train_loss=0.1622 val_loss=0.1593 lr=9.92e-04 (25s)
  [Epoch 40] Batch 50/200 (25%)
  [Epoch 40] Batch 100/200 (50%)
  [Epoch 40] Batch 150/200 (75%)
  [Epoch 40] Batch 200/200 (100%)
[Epoch 40/700] train_loss=0.1615 val_loss=0.1591 lr=9.92e-04 (26s)
  [Epoch 41] Batch 50/200 (25%)
  [Epoch 41] Batch 100/200 (50%)
  [Epoch 41] Batch 150/200 (75%)
  [Epoch 41] Batch 200/200 (100%)
[Epoch 41/700] train_loss=0.1615 val_loss=0.1596 lr=9.92e-04 (25s)
  [Epoch 42] Batch 50/200 (25%)
  [Epoch 42] Batch 100/200 (50%)
  [Epoch 42] Batch 150/200 (75%)
  [Epoch 42] Batch 200/200 (100%)
[Epoch 42/700] train_loss=0.1616 val_loss=0.1617 lr=9.91e-04 (26s)
  [Epoch 43] Batch 50/200 (25%)
  [Epoch 43] Batch 100/200 (50%)
  [Epoch 43] Batch 150/200 (75%)
  [Epoch 43] Batch 200/200 (100%)
[Epoch 43/700] train_loss=0.1611 val_loss=0.1583 lr=9.91e-04 (23s)
  [Epoch 44] Batch 50/200 (25%)
  [Epoch 44] Batch 100/200 (50%)
  [Epoch 44] Batch 150/200 (75%)
  [Epoch 44] Batch 200/200 (100%)
[Epoch 44/700] train_loss=0.1606 val_loss=0.1643 lr=9.90e-04 (24s)
  [Epoch 45] Batch 50/200 (25%)
  [Epoch 45] Batch 100/200 (50%)
  [Epoch 45] Batch 150/200 (75%)
  [Epoch 45] Batch 200/200 (100%)
[Epoch 45/700] train_loss=0.1613 val_loss=0.1582 lr=9.90e-04 (23s)
  [Epoch 46] Batch 50/200 (25%)
  [Epoch 46] Batch 100/200 (50%)
  [Epoch 46] Batch 150/200 (75%)
  [Epoch 46] Batch 200/200 (100%)
[Epoch 46/700] train_loss=0.1611 val_loss=0.1611 lr=9.89e-04 (24s)
  [Epoch 47] Batch 50/200 (25%)
  [Epoch 47] Batch 100/200 (50%)
  [Epoch 47] Batch 150/200 (75%)
  [Epoch 47] Batch 200/200 (100%)
[Epoch 47/700] train_loss=0.1612 val_loss=0.1604 lr=9.89e-04 (23s)
  [Epoch 48] Batch 50/200 (25%)
  [Epoch 48] Batch 100/200 (50%)
  [Epoch 48] Batch 150/200 (75%)
  [Epoch 48] Batch 200/200 (100%)
[Epoch 48/700] train_loss=0.1599 val_loss=0.1598 lr=9.88e-04 (23s)
  [Epoch 49] Batch 50/200 (25%)
  [Epoch 49] Batch 100/200 (50%)
  [Epoch 49] Batch 150/200 (75%)
  [Epoch 49] Batch 200/200 (100%)
[Epoch 49/700] train_loss=0.1603 val_loss=0.1583 lr=9.88e-04 (24s)
  [Epoch 50] Batch 50/200 (25%)
  [Epoch 50] Batch 100/200 (50%)
  [Epoch 50] Batch 150/200 (75%)
  [Epoch 50] Batch 200/200 (100%)
[Epoch 50/700] train_loss=0.1621 val_loss=0.1633 lr=9.87e-04 (23s)
  [Epoch 51] Batch 50/200 (25%)
  [Epoch 51] Batch 100/200 (50%)
  [Epoch 51] Batch 150/200 (75%)
  [Epoch 51] Batch 200/200 (100%)
[Epoch 51/700] train_loss=0.1593 val_loss=0.1543 lr=9.87e-04 (24s)
Metric val/loss improved by 0.001 >= min_delta = 0.0. New best score: 0.154
  [Epoch 52] Batch 50/200 (25%)
  [Epoch 52] Batch 100/200 (50%)
  [Epoch 52] Batch 150/200 (75%)
  [Epoch 52] Batch 200/200 (100%)
[Epoch 52/700] train_loss=0.1591 val_loss=0.1576 lr=9.86e-04 (24s)
  [Epoch 53] Batch 50/200 (25%)
  [Epoch 53] Batch 100/200 (50%)
  [Epoch 53] Batch 150/200 (75%)
  [Epoch 53] Batch 200/200 (100%)
[Epoch 53/700] train_loss=0.1594 val_loss=0.1602 lr=9.86e-04 (23s)
  [Epoch 54] Batch 50/200 (25%)
  [Epoch 54] Batch 100/200 (50%)
  [Epoch 54] Batch 150/200 (75%)
  [Epoch 54] Batch 200/200 (100%)
[Epoch 54/700] train_loss=0.1577 val_loss=0.1575 lr=9.85e-04 (24s)
  [Epoch 55] Batch 50/200 (25%)
  [Epoch 55] Batch 100/200 (50%)
  [Epoch 55] Batch 150/200 (75%)
  [Epoch 55] Batch 200/200 (100%)
[Epoch 55/700] train_loss=0.1613 val_loss=0.1551 lr=9.85e-04 (23s)
  [Epoch 56] Batch 50/200 (25%)
  [Epoch 56] Batch 100/200 (50%)
  [Epoch 56] Batch 150/200 (75%)
  [Epoch 56] Batch 200/200 (100%)
[Epoch 56/700] train_loss=0.1584 val_loss=0.1565 lr=9.84e-04 (24s)
  [Epoch 57] Batch 50/200 (25%)
  [Epoch 57] Batch 100/200 (50%)
  [Epoch 57] Batch 150/200 (75%)
  [Epoch 57] Batch 200/200 (100%)
[Epoch 57/700] train_loss=0.1581 val_loss=0.1572 lr=9.84e-04 (23s)
  [Epoch 58] Batch 50/200 (25%)
  [Epoch 58] Batch 100/200 (50%)
  [Epoch 58] Batch 150/200 (75%)
  [Epoch 58] Batch 200/200 (100%)
[Epoch 58/700] train_loss=0.1599 val_loss=0.1589 lr=9.83e-04 (24s)
  [Epoch 59] Batch 50/200 (25%)
  [Epoch 59] Batch 100/200 (50%)
  [Epoch 59] Batch 150/200 (75%)
  [Epoch 59] Batch 200/200 (100%)
[Epoch 59/700] train_loss=0.1587 val_loss=0.1560 lr=9.83e-04 (23s)
  [Epoch 60] Batch 50/200 (25%)
  [Epoch 60] Batch 100/200 (50%)
  [Epoch 60] Batch 150/200 (75%)
  [Epoch 60] Batch 200/200 (100%)
[Epoch 60/700] train_loss=0.1581 val_loss=0.1598 lr=9.82e-04 (24s)
  [Epoch 61] Batch 50/200 (25%)
  [Epoch 61] Batch 100/200 (50%)
  [Epoch 61] Batch 150/200 (75%)
  [Epoch 61] Batch 200/200 (100%)
[Epoch 61/700] train_loss=0.1575 val_loss=0.1593 lr=9.81e-04 (24s)
  [Epoch 62] Batch 50/200 (25%)
  [Epoch 62] Batch 100/200 (50%)
  [Epoch 62] Batch 150/200 (75%)
  [Epoch 62] Batch 200/200 (100%)
[Epoch 62/700] train_loss=0.1570 val_loss=0.1571 lr=9.81e-04 (24s)
  [Epoch 63] Batch 50/200 (25%)
  [Epoch 63] Batch 100/200 (50%)
  [Epoch 63] Batch 150/200 (75%)
  [Epoch 63] Batch 200/200 (100%)
[Epoch 63/700] train_loss=0.1571 val_loss=0.1579 lr=9.80e-04 (23s)
  [Epoch 64] Batch 50/200 (25%)
  [Epoch 64] Batch 100/200 (50%)
  [Epoch 64] Batch 150/200 (75%)
  [Epoch 64] Batch 200/200 (100%)
[Epoch 64/700] train_loss=0.1574 val_loss=0.1562 lr=9.80e-04 (24s)
  [Epoch 65] Batch 50/200 (25%)
  [Epoch 65] Batch 100/200 (50%)
  [Epoch 65] Batch 150/200 (75%)
  [Epoch 65] Batch 200/200 (100%)
[Epoch 65/700] train_loss=0.1598 val_loss=0.1590 lr=9.79e-04 (23s)
  [Epoch 66] Batch 50/200 (25%)
  [Epoch 66] Batch 100/200 (50%)
  [Epoch 66] Batch 150/200 (75%)
  [Epoch 66] Batch 200/200 (100%)
[Epoch 66/700] train_loss=0.1558 val_loss=0.1574 lr=9.78e-04 (23s)
  [Epoch 67] Batch 50/200 (25%)
  [Epoch 67] Batch 100/200 (50%)
  [Epoch 67] Batch 150/200 (75%)
  [Epoch 67] Batch 200/200 (100%)
[Epoch 67/700] train_loss=0.1601 val_loss=0.1561 lr=9.78e-04 (23s)
  [Epoch 68] Batch 50/200 (25%)
  [Epoch 68] Batch 100/200 (50%)
  [Epoch 68] Batch 150/200 (75%)
  [Epoch 68] Batch 200/200 (100%)
[Epoch 68/700] train_loss=0.1586 val_loss=0.1591 lr=9.77e-04 (23s)
  [Epoch 69] Batch 50/200 (25%)
  [Epoch 69] Batch 100/200 (50%)
  [Epoch 69] Batch 150/200 (75%)
  [Epoch 69] Batch 200/200 (100%)
[Epoch 69/700] train_loss=0.1582 val_loss=0.1564 lr=9.76e-04 (24s)
  [Epoch 70] Batch 50/200 (25%)
  [Epoch 70] Batch 100/200 (50%)
  [Epoch 70] Batch 150/200 (75%)
  [Epoch 70] Batch 200/200 (100%)
[Epoch 70/700] train_loss=0.1577 val_loss=0.1527 lr=9.76e-04 (23s)
Metric val/loss improved by 0.002 >= min_delta = 0.0. New best score: 0.153
  [Epoch 71] Batch 50/200 (25%)
  [Epoch 71] Batch 100/200 (50%)
  [Epoch 71] Batch 150/200 (75%)
  [Epoch 71] Batch 200/200 (100%)
[Epoch 71/700] train_loss=0.1564 val_loss=0.1577 lr=9.75e-04 (24s)
  [Epoch 72] Batch 50/200 (25%)
  [Epoch 72] Batch 100/200 (50%)
  [Epoch 72] Batch 150/200 (75%)
  [Epoch 72] Batch 200/200 (100%)
[Epoch 72/700] train_loss=0.1561 val_loss=0.1536 lr=9.74e-04 (23s)
  [Epoch 73] Batch 50/200 (25%)
  [Epoch 73] Batch 100/200 (50%)
  [Epoch 73] Batch 150/200 (75%)
  [Epoch 73] Batch 200/200 (100%)
[Epoch 73/700] train_loss=0.1575 val_loss=0.1542 lr=9.73e-04 (24s)
  [Epoch 74] Batch 50/200 (25%)
  [Epoch 74] Batch 100/200 (50%)
  [Epoch 74] Batch 150/200 (75%)
  [Epoch 74] Batch 200/200 (100%)
[Epoch 74/700] train_loss=0.1567 val_loss=0.1509 lr=9.73e-04 (23s)
Metric val/loss improved by 0.002 >= min_delta = 0.0. New best score: 0.151
  [Epoch 75] Batch 50/200 (25%)
  [Epoch 75] Batch 100/200 (50%)
  [Epoch 75] Batch 150/200 (75%)
  [Epoch 75] Batch 200/200 (100%)
[Epoch 75/700] train_loss=0.1556 val_loss=0.1592 lr=9.72e-04 (23s)
  [Epoch 76] Batch 50/200 (25%)
  [Epoch 76] Batch 100/200 (50%)
  [Epoch 76] Batch 150/200 (75%)
  [Epoch 76] Batch 200/200 (100%)
[Epoch 76/700] train_loss=0.1570 val_loss=0.1597 lr=9.71e-04 (23s)
  [Epoch 77] Batch 50/200 (25%)
  [Epoch 77] Batch 100/200 (50%)
  [Epoch 77] Batch 150/200 (75%)
  [Epoch 77] Batch 200/200 (100%)
[Epoch 77/700] train_loss=0.1577 val_loss=0.1554 lr=9.70e-04 (23s)
  [Epoch 78] Batch 50/200 (25%)
  [Epoch 78] Batch 100/200 (50%)
  [Epoch 78] Batch 150/200 (75%)
  [Epoch 78] Batch 200/200 (100%)
[Epoch 78/700] train_loss=0.1561 val_loss=0.1546 lr=9.70e-04 (24s)
  [Epoch 79] Batch 50/200 (25%)
  [Epoch 79] Batch 100/200 (50%)
  [Epoch 79] Batch 150/200 (75%)
  [Epoch 79] Batch 200/200 (100%)
[Epoch 79/700] train_loss=0.1556 val_loss=0.1615 lr=9.69e-04 (23s)
  [Epoch 80] Batch 50/200 (25%)
  [Epoch 80] Batch 100/200 (50%)
  [Epoch 80] Batch 150/200 (75%)
  [Epoch 80] Batch 200/200 (100%)
[Epoch 80/700] train_loss=0.1562 val_loss=0.1558 lr=9.68e-04 (23s)
  [Epoch 81] Batch 50/200 (25%)
  [Epoch 81] Batch 100/200 (50%)
  [Epoch 81] Batch 150/200 (75%)
  [Epoch 81] Batch 200/200 (100%)
[Epoch 81/700] train_loss=0.1569 val_loss=0.1654 lr=9.67e-04 (23s)
  [Epoch 82] Batch 50/200 (25%)
  [Epoch 82] Batch 100/200 (50%)
  [Epoch 82] Batch 150/200 (75%)
  [Epoch 82] Batch 200/200 (100%)
[Epoch 82/700] train_loss=0.1569 val_loss=0.1553 lr=9.67e-04 (23s)
  [Epoch 83] Batch 50/200 (25%)
  [Epoch 83] Batch 100/200 (50%)
  [Epoch 83] Batch 150/200 (75%)
  [Epoch 83] Batch 200/200 (100%)
[Epoch 83/700] train_loss=0.1583 val_loss=0.1543 lr=9.66e-04 (23s)
  [Epoch 84] Batch 50/200 (25%)
  [Epoch 84] Batch 100/200 (50%)
  [Epoch 84] Batch 150/200 (75%)
  [Epoch 84] Batch 200/200 (100%)
[Epoch 84/700] train_loss=0.1554 val_loss=0.1575 lr=9.65e-04 (24s)
  [Epoch 85] Batch 50/200 (25%)
  [Epoch 85] Batch 100/200 (50%)
  [Epoch 85] Batch 150/200 (75%)
  [Epoch 85] Batch 200/200 (100%)
[Epoch 85/700] train_loss=0.1559 val_loss=0.1537 lr=9.64e-04 (23s)
  [Epoch 86] Batch 50/200 (25%)
  [Epoch 86] Batch 100/200 (50%)
  [Epoch 86] Batch 150/200 (75%)
  [Epoch 86] Batch 200/200 (100%)
[Epoch 86/700] train_loss=0.1554 val_loss=0.1500 lr=9.63e-04 (24s)
Metric val/loss improved by 0.001 >= min_delta = 0.0. New best score: 0.150
  [Epoch 87] Batch 50/200 (25%)
  [Epoch 87] Batch 100/200 (50%)
  [Epoch 87] Batch 150/200 (75%)
  [Epoch 87] Batch 200/200 (100%)
[Epoch 87/700] train_loss=0.1561 val_loss=0.1584 lr=9.62e-04 (23s)
  [Epoch 88] Batch 50/200 (25%)
  [Epoch 88] Batch 100/200 (50%)
  [Epoch 88] Batch 150/200 (75%)
  [Epoch 88] Batch 200/200 (100%)
[Epoch 88/700] train_loss=0.1562 val_loss=0.1538 lr=9.62e-04 (23s)
  [Epoch 89] Batch 50/200 (25%)
  [Epoch 89] Batch 100/200 (50%)
  [Epoch 89] Batch 150/200 (75%)
  [Epoch 89] Batch 200/200 (100%)
[Epoch 89/700] train_loss=0.1566 val_loss=0.1581 lr=9.61e-04 (23s)
  [Epoch 90] Batch 50/200 (25%)
  [Epoch 90] Batch 100/200 (50%)
  [Epoch 90] Batch 150/200 (75%)
  [Epoch 90] Batch 200/200 (100%)
[Epoch 90/700] train_loss=0.1562 val_loss=0.1538 lr=9.60e-04 (24s)
  [Epoch 91] Batch 50/200 (25%)
  [Epoch 91] Batch 100/200 (50%)
  [Epoch 91] Batch 150/200 (75%)
  [Epoch 91] Batch 200/200 (100%)
[Epoch 91/700] train_loss=0.1570 val_loss=0.1578 lr=9.59e-04 (24s)
  [Epoch 92] Batch 50/200 (25%)
  [Epoch 92] Batch 100/200 (50%)
  [Epoch 92] Batch 150/200 (75%)
  [Epoch 92] Batch 200/200 (100%)
[Epoch 92/700] train_loss=0.1554 val_loss=0.1586 lr=9.58e-04 (24s)
  [Epoch 93] Batch 50/200 (25%)
  [Epoch 93] Batch 100/200 (50%)
  [Epoch 93] Batch 150/200 (75%)
  [Epoch 93] Batch 200/200 (100%)
[Epoch 93/700] train_loss=0.1571 val_loss=0.1537 lr=9.57e-04 (24s)
  [Epoch 94] Batch 50/200 (25%)
  [Epoch 94] Batch 100/200 (50%)
  [Epoch 94] Batch 150/200 (75%)
  [Epoch 94] Batch 200/200 (100%)
[Epoch 94/700] train_loss=0.1579 val_loss=0.1503 lr=9.56e-04 (23s)
  [Epoch 95] Batch 50/200 (25%)
  [Epoch 95] Batch 100/200 (50%)
  [Epoch 95] Batch 150/200 (75%)
  [Epoch 95] Batch 200/200 (100%)
[Epoch 95/700] train_loss=0.1543 val_loss=0.1503 lr=9.55e-04 (23s)
  [Epoch 96] Batch 50/200 (25%)
  [Epoch 96] Batch 100/200 (50%)
  [Epoch 96] Batch 150/200 (75%)
  [Epoch 96] Batch 200/200 (100%)
[Epoch 96/700] train_loss=0.1567 val_loss=0.1568 lr=9.54e-04 (24s)
  [Epoch 97] Batch 50/200 (25%)
  [Epoch 97] Batch 100/200 (50%)
  [Epoch 97] Batch 150/200 (75%)
  [Epoch 97] Batch 200/200 (100%)
[Epoch 97/700] train_loss=0.1574 val_loss=0.1533 lr=9.53e-04 (25s)
  [Epoch 98] Batch 50/200 (25%)
  [Epoch 98] Batch 100/200 (50%)
  [Epoch 98] Batch 150/200 (75%)
  [Epoch 98] Batch 200/200 (100%)
[Epoch 98/700] train_loss=0.1564 val_loss=0.1532 lr=9.52e-04 (27s)
  [Epoch 99] Batch 50/200 (25%)
  [Epoch 99] Batch 100/200 (50%)
  [Epoch 99] Batch 150/200 (75%)
  [Epoch 99] Batch 200/200 (100%)
[Epoch 99/700] train_loss=0.1563 val_loss=0.1524 lr=9.51e-04 (26s)
  [Epoch 100] Batch 50/200 (25%)
  [Epoch 100] Batch 100/200 (50%)
  [Epoch 100] Batch 150/200 (75%)
  [Epoch 100] Batch 200/200 (100%)
[Epoch 100/700] train_loss=0.1576 val_loss=0.1506 lr=9.50e-04 (25s)
  [Epoch 101] Batch 50/200 (25%)
  [Epoch 101] Batch 100/200 (50%)
  [Epoch 101] Batch 150/200 (75%)
  [Epoch 101] Batch 200/200 (100%)
[Epoch 101/700] train_loss=0.1565 val_loss=0.1539 lr=9.50e-04 (26s)
  [Epoch 102] Batch 50/200 (25%)
  [Epoch 102] Batch 100/200 (50%)
  [Epoch 102] Batch 150/200 (75%)
  [Epoch 102] Batch 200/200 (100%)
[Epoch 102/700] train_loss=0.1542 val_loss=0.1585 lr=9.49e-04 (27s)
  [Epoch 103] Batch 50/200 (25%)
  [Epoch 103] Batch 100/200 (50%)
  [Epoch 103] Batch 150/200 (75%)
  [Epoch 103] Batch 200/200 (100%)
[Epoch 103/700] train_loss=0.1549 val_loss=0.1547 lr=9.48e-04 (25s)
  [Epoch 104] Batch 50/200 (25%)
  [Epoch 104] Batch 100/200 (50%)
  [Epoch 104] Batch 150/200 (75%)
  [Epoch 104] Batch 200/200 (100%)
[Epoch 104/700] train_loss=0.1567 val_loss=0.1504 lr=9.47e-04 (25s)
  [Epoch 105] Batch 50/200 (25%)
  [Epoch 105] Batch 100/200 (50%)
  [Epoch 105] Batch 150/200 (75%)
  [Epoch 105] Batch 200/200 (100%)
[Epoch 105/700] train_loss=0.1540 val_loss=0.1520 lr=9.46e-04 (26s)
  [Epoch 106] Batch 50/200 (25%)
  [Epoch 106] Batch 100/200 (50%)
  [Epoch 106] Batch 150/200 (75%)
  [Epoch 106] Batch 200/200 (100%)
[Epoch 106/700] train_loss=0.1535 val_loss=0.1567 lr=9.44e-04 (27s)
  [Epoch 107] Batch 50/200 (25%)
  [Epoch 107] Batch 100/200 (50%)
  [Epoch 107] Batch 150/200 (75%)
  [Epoch 107] Batch 200/200 (100%)
[Epoch 107/700] train_loss=0.1546 val_loss=0.1532 lr=9.43e-04 (26s)
  [Epoch 108] Batch 50/200 (25%)
  [Epoch 108] Batch 100/200 (50%)
  [Epoch 108] Batch 150/200 (75%)
  [Epoch 108] Batch 200/200 (100%)
[Epoch 108/700] train_loss=0.1548 val_loss=0.1505 lr=9.42e-04 (25s)
  [Epoch 109] Batch 50/200 (25%)
  [Epoch 109] Batch 100/200 (50%)
  [Epoch 109] Batch 150/200 (75%)
  [Epoch 109] Batch 200/200 (100%)
[Epoch 109/700] train_loss=0.1551 val_loss=0.1570 lr=9.41e-04 (25s)
  [Epoch 110] Batch 50/200 (25%)
  [Epoch 110] Batch 100/200 (50%)
  [Epoch 110] Batch 150/200 (75%)
  [Epoch 110] Batch 200/200 (100%)
[Epoch 110/700] train_loss=0.1564 val_loss=0.1538 lr=9.40e-04 (25s)
  [Epoch 111] Batch 50/200 (25%)
  [Epoch 111] Batch 100/200 (50%)
  [Epoch 111] Batch 150/200 (75%)
  [Epoch 111] Batch 200/200 (100%)
[Epoch 111/700] train_loss=0.1573 val_loss=0.1496 lr=9.39e-04 (25s)
Metric val/loss improved by 0.000 >= min_delta = 0.0. New best score: 0.150
  [Epoch 112] Batch 50/200 (25%)
  [Epoch 112] Batch 100/200 (50%)
  [Epoch 112] Batch 150/200 (75%)
  [Epoch 112] Batch 200/200 (100%)
[Epoch 112/700] train_loss=0.1565 val_loss=0.1582 lr=9.38e-04 (26s)
  [Epoch 113] Batch 50/200 (25%)
  [Epoch 113] Batch 100/200 (50%)
  [Epoch 113] Batch 150/200 (75%)
  [Epoch 113] Batch 200/200 (100%)
[Epoch 113/700] train_loss=0.1557 val_loss=0.1613 lr=9.37e-04 (26s)
  [Epoch 114] Batch 50/200 (25%)
  [Epoch 114] Batch 100/200 (50%)
  [Epoch 114] Batch 150/200 (75%)
  [Epoch 114] Batch 200/200 (100%)
[Epoch 114/700] train_loss=0.1540 val_loss=0.1593 lr=9.36e-04 (27s)
  [Epoch 115] Batch 50/200 (25%)
  [Epoch 115] Batch 100/200 (50%)
  [Epoch 115] Batch 150/200 (75%)
  [Epoch 115] Batch 200/200 (100%)
[Epoch 115/700] train_loss=0.1549 val_loss=0.1541 lr=9.35e-04 (26s)
  [Epoch 116] Batch 50/200 (25%)
  [Epoch 116] Batch 100/200 (50%)
  [Epoch 116] Batch 150/200 (75%)
  [Epoch 116] Batch 200/200 (100%)
[Epoch 116/700] train_loss=0.1562 val_loss=0.1511 lr=9.34e-04 (25s)
  [Epoch 117] Batch 50/200 (25%)
  [Epoch 117] Batch 100/200 (50%)
  [Epoch 117] Batch 150/200 (75%)
  [Epoch 117] Batch 200/200 (100%)
[Epoch 117/700] train_loss=0.1541 val_loss=0.1581 lr=9.33e-04 (25s)
  [Epoch 118] Batch 50/200 (25%)
  [Epoch 118] Batch 100/200 (50%)
  [Epoch 118] Batch 150/200 (75%)
  [Epoch 118] Batch 200/200 (100%)
[Epoch 118/700] train_loss=0.1543 val_loss=0.1502 lr=9.32e-04 (25s)
  [Epoch 119] Batch 50/200 (25%)
  [Epoch 119] Batch 100/200 (50%)
  [Epoch 119] Batch 150/200 (75%)
  [Epoch 119] Batch 200/200 (100%)
[Epoch 119/700] train_loss=0.1534 val_loss=0.1554 lr=9.30e-04 (25s)
  [Epoch 120] Batch 50/200 (25%)
  [Epoch 120] Batch 100/200 (50%)
  [Epoch 120] Batch 150/200 (75%)
  [Epoch 120] Batch 200/200 (100%)
[Epoch 120/700] train_loss=0.1562 val_loss=0.1512 lr=9.29e-04 (26s)
  [Epoch 121] Batch 50/200 (25%)
  [Epoch 121] Batch 100/200 (50%)
  [Epoch 121] Batch 150/200 (75%)
  [Epoch 121] Batch 200/200 (100%)
[Epoch 121/700] train_loss=0.1532 val_loss=0.1569 lr=9.28e-04 (25s)
  [Epoch 122] Batch 50/200 (25%)
  [Epoch 122] Batch 100/200 (50%)
  [Epoch 122] Batch 150/200 (75%)
  [Epoch 122] Batch 200/200 (100%)
[Epoch 122/700] train_loss=0.1557 val_loss=0.1553 lr=9.27e-04 (25s)
  [Epoch 123] Batch 50/200 (25%)
  [Epoch 123] Batch 100/200 (50%)
  [Epoch 123] Batch 150/200 (75%)
  [Epoch 123] Batch 200/200 (100%)
[Epoch 123/700] train_loss=0.1551 val_loss=0.1529 lr=9.26e-04 (25s)
  [Epoch 124] Batch 50/200 (25%)
  [Epoch 124] Batch 100/200 (50%)
  [Epoch 124] Batch 150/200 (75%)
  [Epoch 124] Batch 200/200 (100%)
[Epoch 124/700] train_loss=0.1527 val_loss=0.1527 lr=9.25e-04 (26s)
  [Epoch 125] Batch 50/200 (25%)
  [Epoch 125] Batch 100/200 (50%)
  [Epoch 125] Batch 150/200 (75%)
  [Epoch 125] Batch 200/200 (100%)
[Epoch 125/700] train_loss=0.1557 val_loss=0.1554 lr=9.23e-04 (25s)
  [Epoch 126] Batch 50/200 (25%)
  [Epoch 126] Batch 100/200 (50%)
  [Epoch 126] Batch 150/200 (75%)
  [Epoch 126] Batch 200/200 (100%)
[Epoch 126/700] train_loss=0.1533 val_loss=0.1523 lr=9.22e-04 (25s)
  [Epoch 127] Batch 50/200 (25%)
  [Epoch 127] Batch 100/200 (50%)
  [Epoch 127] Batch 150/200 (75%)
  [Epoch 127] Batch 200/200 (100%)
[Epoch 127/700] train_loss=0.1550 val_loss=0.1515 lr=9.21e-04 (26s)
  [Epoch 128] Batch 50/200 (25%)
  [Epoch 128] Batch 100/200 (50%)
  [Epoch 128] Batch 150/200 (75%)
  [Epoch 128] Batch 200/200 (100%)
[Epoch 128/700] train_loss=0.1540 val_loss=0.1518 lr=9.20e-04 (25s)
  [Epoch 129] Batch 50/200 (25%)
  [Epoch 129] Batch 100/200 (50%)
  [Epoch 129] Batch 150/200 (75%)
  [Epoch 129] Batch 200/200 (100%)
[Epoch 129/700] train_loss=0.1544 val_loss=0.1524 lr=9.19e-04 (25s)
  [Epoch 130] Batch 50/200 (25%)
  [Epoch 130] Batch 100/200 (50%)
  [Epoch 130] Batch 150/200 (75%)
  [Epoch 130] Batch 200/200 (100%)
[Epoch 130/700] train_loss=0.1538 val_loss=0.1513 lr=9.17e-04 (24s)
  [Epoch 131] Batch 50/200 (25%)
  [Epoch 131] Batch 100/200 (50%)
  [Epoch 131] Batch 150/200 (75%)
  [Epoch 131] Batch 200/200 (100%)
[Epoch 131/700] train_loss=0.1524 val_loss=0.1489 lr=9.16e-04 (24s)
Metric val/loss improved by 0.001 >= min_delta = 0.0. New best score: 0.149
  [Epoch 132] Batch 50/200 (25%)
  [Epoch 132] Batch 100/200 (50%)
  [Epoch 132] Batch 150/200 (75%)
  [Epoch 132] Batch 200/200 (100%)
[Epoch 132/700] train_loss=0.1563 val_loss=0.1561 lr=9.15e-04 (23s)
  [Epoch 133] Batch 50/200 (25%)
  [Epoch 133] Batch 100/200 (50%)
  [Epoch 133] Batch 150/200 (75%)
  [Epoch 133] Batch 200/200 (100%)
[Epoch 133/700] train_loss=0.1535 val_loss=0.1553 lr=9.14e-04 (24s)
  [Epoch 134] Batch 50/200 (25%)
  [Epoch 134] Batch 100/200 (50%)
  [Epoch 134] Batch 150/200 (75%)
  [Epoch 134] Batch 200/200 (100%)
[Epoch 134/700] train_loss=0.1531 val_loss=0.1543 lr=9.12e-04 (23s)
  [Epoch 135] Batch 50/200 (25%)
  [Epoch 135] Batch 100/200 (50%)
  [Epoch 135] Batch 150/200 (75%)
  [Epoch 135] Batch 200/200 (100%)
[Epoch 135/700] train_loss=0.1528 val_loss=0.1573 lr=9.11e-04 (24s)
  [Epoch 136] Batch 50/200 (25%)
  [Epoch 136] Batch 100/200 (50%)
  [Epoch 136] Batch 150/200 (75%)
  [Epoch 136] Batch 200/200 (100%)
[Epoch 136/700] train_loss=0.1521 val_loss=0.1474 lr=9.10e-04 (26s)
Metric val/loss improved by 0.001 >= min_delta = 0.0. New best score: 0.147
  [Epoch 137] Batch 50/200 (25%)
  [Epoch 137] Batch 100/200 (50%)
  [Epoch 137] Batch 150/200 (75%)
  [Epoch 137] Batch 200/200 (100%)
[Epoch 137/700] train_loss=0.1520 val_loss=0.1503 lr=9.08e-04 (25s)
  [Epoch 138] Batch 50/200 (25%)
  [Epoch 138] Batch 100/200 (50%)
  [Epoch 138] Batch 150/200 (75%)
  [Epoch 138] Batch 200/200 (100%)
[Epoch 138/700] train_loss=0.1555 val_loss=0.1545 lr=9.07e-04 (25s)
  [Epoch 139] Batch 50/200 (25%)
  [Epoch 139] Batch 100/200 (50%)
  [Epoch 139] Batch 150/200 (75%)
  [Epoch 139] Batch 200/200 (100%)
[Epoch 139/700] train_loss=0.1543 val_loss=0.1479 lr=9.06e-04 (24s)
  [Epoch 140] Batch 50/200 (25%)
  [Epoch 140] Batch 100/200 (50%)
  [Epoch 140] Batch 150/200 (75%)
  [Epoch 140] Batch 200/200 (100%)
[Epoch 140/700] train_loss=0.1527 val_loss=0.1551 lr=9.05e-04 (27s)
  [Epoch 141] Batch 50/200 (25%)
  [Epoch 141] Batch 100/200 (50%)
  [Epoch 141] Batch 150/200 (75%)
  [Epoch 141] Batch 200/200 (100%)
[Epoch 141/700] train_loss=0.1541 val_loss=0.1516 lr=9.03e-04 (26s)
  [Epoch 142] Batch 50/200 (25%)
  [Epoch 142] Batch 100/200 (50%)
  [Epoch 142] Batch 150/200 (75%)
  [Epoch 142] Batch 200/200 (100%)
[Epoch 142/700] train_loss=0.1530 val_loss=0.1488 lr=9.02e-04 (25s)
  [Epoch 143] Batch 50/200 (25%)
  [Epoch 143] Batch 100/200 (50%)
  [Epoch 143] Batch 150/200 (75%)
  [Epoch 143] Batch 200/200 (100%)
[Epoch 143/700] train_loss=0.1530 val_loss=0.1514 lr=9.01e-04 (25s)
  [Epoch 144] Batch 50/200 (25%)
  [Epoch 144] Batch 100/200 (50%)
  [Epoch 144] Batch 150/200 (75%)
  [Epoch 144] Batch 200/200 (100%)
[Epoch 144/700] train_loss=0.1535 val_loss=0.1499 lr=8.99e-04 (25s)
  [Epoch 145] Batch 50/200 (25%)
  [Epoch 145] Batch 100/200 (50%)
  [Epoch 145] Batch 150/200 (75%)
  [Epoch 145] Batch 200/200 (100%)
[Epoch 145/700] train_loss=0.1542 val_loss=0.1544 lr=8.98e-04 (26s)
  [Epoch 146] Batch 50/200 (25%)
  [Epoch 146] Batch 100/200 (50%)
  [Epoch 146] Batch 150/200 (75%)
  [Epoch 146] Batch 200/200 (100%)
[Epoch 146/700] train_loss=0.1541 val_loss=0.1471 lr=8.96e-04 (25s)
Metric val/loss improved by 0.000 >= min_delta = 0.0. New best score: 0.147
  [Epoch 147] Batch 50/200 (25%)
  [Epoch 147] Batch 100/200 (50%)
  [Epoch 147] Batch 150/200 (75%)
  [Epoch 147] Batch 200/200 (100%)
[Epoch 147/700] train_loss=0.1520 val_loss=0.1532 lr=8.95e-04 (25s)
  [Epoch 148] Batch 50/200 (25%)
  [Epoch 148] Batch 100/200 (50%)
  [Epoch 148] Batch 150/200 (75%)
  [Epoch 148] Batch 200/200 (100%)
[Epoch 148/700] train_loss=0.1536 val_loss=0.1510 lr=8.94e-04 (26s)
  [Epoch 149] Batch 50/200 (25%)
  [Epoch 149] Batch 100/200 (50%)
  [Epoch 149] Batch 150/200 (75%)
  [Epoch 149] Batch 200/200 (100%)
[Epoch 149/700] train_loss=0.1534 val_loss=0.1501 lr=8.92e-04 (25s)
  [Epoch 150] Batch 50/200 (25%)
  [Epoch 150] Batch 100/200 (50%)
  [Epoch 150] Batch 150/200 (75%)
  [Epoch 150] Batch 200/200 (100%)
[Epoch 150/700] train_loss=0.1546 val_loss=0.1493 lr=8.91e-04 (26s)
  [Epoch 151] Batch 50/200 (25%)
  [Epoch 151] Batch 100/200 (50%)
  [Epoch 151] Batch 150/200 (75%)
  [Epoch 151] Batch 200/200 (100%)
[Epoch 151/700] train_loss=0.1532 val_loss=0.1497 lr=8.90e-04 (25s)
  [Epoch 152] Batch 50/200 (25%)
  [Epoch 152] Batch 100/200 (50%)
  [Epoch 152] Batch 150/200 (75%)
  [Epoch 152] Batch 200/200 (100%)
[Epoch 152/700] train_loss=0.1522 val_loss=0.1544 lr=8.88e-04 (25s)
  [Epoch 153] Batch 50/200 (25%)
  [Epoch 153] Batch 100/200 (50%)
  [Epoch 153] Batch 150/200 (75%)
  [Epoch 153] Batch 200/200 (100%)
[Epoch 153/700] train_loss=0.1549 val_loss=0.1493 lr=8.87e-04 (26s)
  [Epoch 154] Batch 50/200 (25%)
  [Epoch 154] Batch 100/200 (50%)
  [Epoch 154] Batch 150/200 (75%)
  [Epoch 154] Batch 200/200 (100%)
[Epoch 154/700] train_loss=0.1531 val_loss=0.1509 lr=8.85e-04 (24s)
  [Epoch 155] Batch 50/200 (25%)
  [Epoch 155] Batch 100/200 (50%)
  [Epoch 155] Batch 150/200 (75%)
  [Epoch 155] Batch 200/200 (100%)
[Epoch 155/700] train_loss=0.1550 val_loss=0.1495 lr=8.84e-04 (23s)
  [Epoch 156] Batch 50/200 (25%)
  [Epoch 156] Batch 100/200 (50%)
  [Epoch 156] Batch 150/200 (75%)
  [Epoch 156] Batch 200/200 (100%)
[Epoch 156/700] train_loss=0.1532 val_loss=0.1546 lr=8.82e-04 (23s)
  [Epoch 157] Batch 50/200 (25%)
  [Epoch 157] Batch 100/200 (50%)
  [Epoch 157] Batch 150/200 (75%)
  [Epoch 157] Batch 200/200 (100%)
[Epoch 157/700] train_loss=0.1538 val_loss=0.1532 lr=8.81e-04 (23s)
  [Epoch 158] Batch 50/200 (25%)
  [Epoch 158] Batch 100/200 (50%)
  [Epoch 158] Batch 150/200 (75%)
  [Epoch 158] Batch 200/200 (100%)
[Epoch 158/700] train_loss=0.1507 val_loss=0.1538 lr=8.79e-04 (24s)
  [Epoch 159] Batch 50/200 (25%)
  [Epoch 159] Batch 100/200 (50%)
  [Epoch 159] Batch 150/200 (75%)
  [Epoch 159] Batch 200/200 (100%)
[Epoch 159/700] train_loss=0.1529 val_loss=0.1450 lr=8.78e-04 (23s)
Metric val/loss improved by 0.002 >= min_delta = 0.0. New best score: 0.145
  [Epoch 160] Batch 50/200 (25%)
  [Epoch 160] Batch 100/200 (50%)
  [Epoch 160] Batch 150/200 (75%)
  [Epoch 160] Batch 200/200 (100%)
[Epoch 160/700] train_loss=0.1549 val_loss=0.1470 lr=8.77e-04 (26s)
  [Epoch 161] Batch 50/200 (25%)
  [Epoch 161] Batch 100/200 (50%)
  [Epoch 161] Batch 150/200 (75%)
  [Epoch 161] Batch 200/200 (100%)
[Epoch 161/700] train_loss=0.1560 val_loss=0.1490 lr=8.75e-04 (24s)
  [Epoch 162] Batch 50/200 (25%)
  [Epoch 162] Batch 100/200 (50%)
  [Epoch 162] Batch 150/200 (75%)
  [Epoch 162] Batch 200/200 (100%)
[Epoch 162/700] train_loss=0.1523 val_loss=0.1501 lr=8.74e-04 (23s)
  [Epoch 163] Batch 50/200 (25%)
  [Epoch 163] Batch 100/200 (50%)
  [Epoch 163] Batch 150/200 (75%)
  [Epoch 163] Batch 200/200 (100%)
[Epoch 163/700] train_loss=0.1521 val_loss=0.1499 lr=8.72e-04 (24s)
  [Epoch 164] Batch 50/200 (25%)
  [Epoch 164] Batch 100/200 (50%)
  [Epoch 164] Batch 150/200 (75%)
  [Epoch 164] Batch 200/200 (100%)
[Epoch 164/700] train_loss=0.1514 val_loss=0.1507 lr=8.71e-04 (25s)
  [Epoch 165] Batch 50/200 (25%)
  [Epoch 165] Batch 100/200 (50%)
  [Epoch 165] Batch 150/200 (75%)
  [Epoch 165] Batch 200/200 (100%)
[Epoch 165/700] train_loss=0.1542 val_loss=0.1548 lr=8.69e-04 (26s)
  [Epoch 166] Batch 50/200 (25%)
  [Epoch 166] Batch 100/200 (50%)
  [Epoch 166] Batch 150/200 (75%)
  [Epoch 166] Batch 200/200 (100%)
[Epoch 166/700] train_loss=0.1536 val_loss=0.1541 lr=8.68e-04 (25s)
  [Epoch 167] Batch 50/200 (25%)
  [Epoch 167] Batch 100/200 (50%)
  [Epoch 167] Batch 150/200 (75%)
  [Epoch 167] Batch 200/200 (100%)
[Epoch 167/700] train_loss=0.1535 val_loss=0.1547 lr=8.66e-04 (24s)
  [Epoch 168] Batch 50/200 (25%)
  [Epoch 168] Batch 100/200 (50%)
  [Epoch 168] Batch 150/200 (75%)
  [Epoch 168] Batch 200/200 (100%)
[Epoch 168/700] train_loss=0.1517 val_loss=0.1471 lr=8.64e-04 (23s)
  [Epoch 169] Batch 50/200 (25%)
  [Epoch 169] Batch 100/200 (50%)
  [Epoch 169] Batch 150/200 (75%)
  [Epoch 169] Batch 200/200 (100%)
[Epoch 169/700] train_loss=0.1532 val_loss=0.1514 lr=8.63e-04 (24s)
  [Epoch 170] Batch 50/200 (25%)
  [Epoch 170] Batch 100/200 (50%)
  [Epoch 170] Batch 150/200 (75%)
  [Epoch 170] Batch 200/200 (100%)
[Epoch 170/700] train_loss=0.1532 val_loss=0.1465 lr=8.61e-04 (23s)
  [Epoch 171] Batch 50/200 (25%)
  [Epoch 171] Batch 100/200 (50%)
  [Epoch 171] Batch 150/200 (75%)
  [Epoch 171] Batch 200/200 (100%)
[Epoch 171/700] train_loss=0.1512 val_loss=0.1522 lr=8.60e-04 (23s)
  [Epoch 172] Batch 50/200 (25%)
  [Epoch 172] Batch 100/200 (50%)
  [Epoch 172] Batch 150/200 (75%)
  [Epoch 172] Batch 200/200 (100%)
[Epoch 172/700] train_loss=0.1523 val_loss=0.1590 lr=8.58e-04 (24s)
  [Epoch 173] Batch 50/200 (25%)
  [Epoch 173] Batch 100/200 (50%)
  [Epoch 173] Batch 150/200 (75%)
  [Epoch 173] Batch 200/200 (100%)
[Epoch 173/700] train_loss=0.1515 val_loss=0.1499 lr=8.57e-04 (26s)
  [Epoch 174] Batch 50/200 (25%)
  [Epoch 174] Batch 100/200 (50%)
  [Epoch 174] Batch 150/200 (75%)
  [Epoch 174] Batch 200/200 (100%)
[Epoch 174/700] train_loss=0.1550 val_loss=0.1482 lr=8.55e-04 (26s)
  [Epoch 175] Batch 50/200 (25%)
  [Epoch 175] Batch 100/200 (50%)
  [Epoch 175] Batch 150/200 (75%)
  [Epoch 175] Batch 200/200 (100%)
[Epoch 175/700] train_loss=0.1535 val_loss=0.1476 lr=8.54e-04 (26s)
  [Epoch 176] Batch 50/200 (25%)
  [Epoch 176] Batch 100/200 (50%)
  [Epoch 176] Batch 150/200 (75%)
  [Epoch 176] Batch 200/200 (100%)
[Epoch 176/700] train_loss=0.1524 val_loss=0.1493 lr=8.52e-04 (26s)
  [Epoch 177] Batch 50/200 (25%)
  [Epoch 177] Batch 100/200 (50%)
  [Epoch 177] Batch 150/200 (75%)
  [Epoch 177] Batch 200/200 (100%)
[Epoch 177/700] train_loss=0.1523 val_loss=0.1499 lr=8.50e-04 (25s)
  [Epoch 178] Batch 50/200 (25%)
  [Epoch 178] Batch 100/200 (50%)
  [Epoch 178] Batch 150/200 (75%)
  [Epoch 178] Batch 200/200 (100%)
[Epoch 178/700] train_loss=0.1541 val_loss=0.1501 lr=8.49e-04 (26s)
  [Epoch 179] Batch 50/200 (25%)
  [Epoch 179] Batch 100/200 (50%)
  [Epoch 179] Batch 150/200 (75%)
  [Epoch 179] Batch 200/200 (100%)
[Epoch 179/700] train_loss=0.1534 val_loss=0.1535 lr=8.47e-04 (25s)
  [Epoch 180] Batch 50/200 (25%)
  [Epoch 180] Batch 100/200 (50%)
  [Epoch 180] Batch 150/200 (75%)
  [Epoch 180] Batch 200/200 (100%)
[Epoch 180/700] train_loss=0.1527 val_loss=0.1507 lr=8.46e-04 (26s)
  [Epoch 181] Batch 50/200 (25%)
  [Epoch 181] Batch 100/200 (50%)
  [Epoch 181] Batch 150/200 (75%)
  [Epoch 181] Batch 200/200 (100%)
[Epoch 181/700] train_loss=0.1506 val_loss=0.1450 lr=8.44e-04 (26s)
  [Epoch 182] Batch 50/200 (25%)
  [Epoch 182] Batch 100/200 (50%)
  [Epoch 182] Batch 150/200 (75%)
  [Epoch 182] Batch 200/200 (100%)
[Epoch 182/700] train_loss=0.1521 val_loss=0.1546 lr=8.42e-04 (26s)
  [Epoch 183] Batch 50/200 (25%)
  [Epoch 183] Batch 100/200 (50%)
  [Epoch 183] Batch 150/200 (75%)
  [Epoch 183] Batch 200/200 (100%)
[Epoch 183/700] train_loss=0.1504 val_loss=0.1487 lr=8.41e-04 (25s)
  [Epoch 184] Batch 50/200 (25%)
  [Epoch 184] Batch 100/200 (50%)
  [Epoch 184] Batch 150/200 (75%)
  [Epoch 184] Batch 200/200 (100%)
[Epoch 184/700] train_loss=0.1521 val_loss=0.1547 lr=8.39e-04 (24s)
  [Epoch 185] Batch 50/200 (25%)
  [Epoch 185] Batch 100/200 (50%)
  [Epoch 185] Batch 150/200 (75%)
  [Epoch 185] Batch 200/200 (100%)
[Epoch 185/700] train_loss=0.1532 val_loss=0.1547 lr=8.37e-04 (24s)
  [Epoch 186] Batch 50/200 (25%)
  [Epoch 186] Batch 100/200 (50%)
  [Epoch 186] Batch 150/200 (75%)
  [Epoch 186] Batch 200/200 (100%)
[Epoch 186/700] train_loss=0.1528 val_loss=0.1511 lr=8.36e-04 (24s)
  [Epoch 187] Batch 50/200 (25%)
  [Epoch 187] Batch 100/200 (50%)
  [Epoch 187] Batch 150/200 (75%)
  [Epoch 187] Batch 200/200 (100%)
[Epoch 187/700] train_loss=0.1515 val_loss=0.1530 lr=8.34e-04 (24s)
  [Epoch 188] Batch 50/200 (25%)
  [Epoch 188] Batch 100/200 (50%)
  [Epoch 188] Batch 150/200 (75%)
  [Epoch 188] Batch 200/200 (100%)
[Epoch 188/700] train_loss=0.1519 val_loss=0.1523 lr=8.32e-04 (23s)
  [Epoch 189] Batch 50/200 (25%)
  [Epoch 189] Batch 100/200 (50%)
  [Epoch 189] Batch 150/200 (75%)
  [Epoch 189] Batch 200/200 (100%)
[Epoch 189/700] train_loss=0.1539 val_loss=0.1473 lr=8.31e-04 (24s)
  [Epoch 190] Batch 50/200 (25%)
  [Epoch 190] Batch 100/200 (50%)
  [Epoch 190] Batch 150/200 (75%)
  [Epoch 190] Batch 200/200 (100%)
[Epoch 190/700] train_loss=0.1532 val_loss=0.1473 lr=8.29e-04 (23s)
  [Epoch 191] Batch 50/200 (25%)
  [Epoch 191] Batch 100/200 (50%)
  [Epoch 191] Batch 150/200 (75%)
  [Epoch 191] Batch 200/200 (100%)
[Epoch 191/700] train_loss=0.1523 val_loss=0.1584 lr=8.27e-04 (24s)
  [Epoch 192] Batch 50/200 (25%)
  [Epoch 192] Batch 100/200 (50%)
  [Epoch 192] Batch 150/200 (75%)
  [Epoch 192] Batch 200/200 (100%)
[Epoch 192/700] train_loss=0.1526 val_loss=0.1491 lr=8.26e-04 (23s)
  [Epoch 193] Batch 50/200 (25%)
  [Epoch 193] Batch 100/200 (50%)
  [Epoch 193] Batch 150/200 (75%)
  [Epoch 193] Batch 200/200 (100%)
[Epoch 193/700] train_loss=0.1536 val_loss=0.1537 lr=8.24e-04 (24s)
  [Epoch 194] Batch 50/200 (25%)
  [Epoch 194] Batch 100/200 (50%)
  [Epoch 194] Batch 150/200 (75%)
  [Epoch 194] Batch 200/200 (100%)
[Epoch 194/700] train_loss=0.1507 val_loss=0.1545 lr=8.22e-04 (25s)
  [Epoch 195] Batch 50/200 (25%)
  [Epoch 195] Batch 100/200 (50%)
  [Epoch 195] Batch 150/200 (75%)
  [Epoch 195] Batch 200/200 (100%)
[Epoch 195/700] train_loss=0.1524 val_loss=0.1502 lr=8.20e-04 (25s)
  [Epoch 196] Batch 50/200 (25%)
  [Epoch 196] Batch 100/200 (50%)
  [Epoch 196] Batch 150/200 (75%)
  [Epoch 196] Batch 200/200 (100%)
[Epoch 196/700] train_loss=0.1519 val_loss=0.1481 lr=8.19e-04 (24s)
  [Epoch 197] Batch 50/200 (25%)
  [Epoch 197] Batch 100/200 (50%)
  [Epoch 197] Batch 150/200 (75%)
  [Epoch 197] Batch 200/200 (100%)
[Epoch 197/700] train_loss=0.1529 val_loss=0.1487 lr=8.17e-04 (23s)
  [Epoch 198] Batch 50/200 (25%)
  [Epoch 198] Batch 100/200 (50%)
  [Epoch 198] Batch 150/200 (75%)
  [Epoch 198] Batch 200/200 (100%)
[Epoch 198/700] train_loss=0.1528 val_loss=0.1484 lr=8.15e-04 (23s)
  [Epoch 199] Batch 50/200 (25%)
  [Epoch 199] Batch 100/200 (50%)
  [Epoch 199] Batch 150/200 (75%)
  [Epoch 199] Batch 200/200 (100%)
[Epoch 199/700] train_loss=0.1551 val_loss=0.1493 lr=8.13e-04 (23s)
  [Epoch 200] Batch 50/200 (25%)
  [Epoch 200] Batch 100/200 (50%)
  [Epoch 200] Batch 150/200 (75%)
  [Epoch 200] Batch 200/200 (100%)
[Epoch 200/700] train_loss=0.1525 val_loss=0.1479 lr=8.12e-04 (23s)
  [Epoch 201] Batch 50/200 (25%)
  [Epoch 201] Batch 100/200 (50%)
  [Epoch 201] Batch 150/200 (75%)
  [Epoch 201] Batch 200/200 (100%)
[Epoch 201/700] train_loss=0.1517 val_loss=0.1499 lr=8.10e-04 (23s)
  [Epoch 202] Batch 50/200 (25%)
  [Epoch 202] Batch 100/200 (50%)
  [Epoch 202] Batch 150/200 (75%)
  [Epoch 202] Batch 200/200 (100%)
[Epoch 202/700] train_loss=0.1508 val_loss=0.1486 lr=8.08e-04 (23s)
  [Epoch 203] Batch 50/200 (25%)
  [Epoch 203] Batch 100/200 (50%)
  [Epoch 203] Batch 150/200 (75%)
  [Epoch 203] Batch 200/200 (100%)
[Epoch 203/700] train_loss=0.1501 val_loss=0.1507 lr=8.06e-04 (23s)
  [Epoch 204] Batch 50/200 (25%)
  [Epoch 204] Batch 100/200 (50%)
  [Epoch 204] Batch 150/200 (75%)
  [Epoch 204] Batch 200/200 (100%)
[Epoch 204/700] train_loss=0.1496 val_loss=0.1549 lr=8.05e-04 (24s)
  [Epoch 205] Batch 50/200 (25%)
  [Epoch 205] Batch 100/200 (50%)
  [Epoch 205] Batch 150/200 (75%)
  [Epoch 205] Batch 200/200 (100%)
[Epoch 205/700] train_loss=0.1488 val_loss=0.1497 lr=8.03e-04 (25s)
  [Epoch 206] Batch 50/200 (25%)
  [Epoch 206] Batch 100/200 (50%)
  [Epoch 206] Batch 150/200 (75%)
  [Epoch 206] Batch 200/200 (100%)
[Epoch 206/700] train_loss=0.1523 val_loss=0.1545 lr=8.01e-04 (24s)
  [Epoch 207] Batch 50/200 (25%)
  [Epoch 207] Batch 100/200 (50%)
  [Epoch 207] Batch 150/200 (75%)
  [Epoch 207] Batch 200/200 (100%)
[Epoch 207/700] train_loss=0.1523 val_loss=0.1543 lr=7.99e-04 (23s)
  [Epoch 208] Batch 50/200 (25%)
  [Epoch 208] Batch 100/200 (50%)
  [Epoch 208] Batch 150/200 (75%)
  [Epoch 208] Batch 200/200 (100%)
[Epoch 208/700] train_loss=0.1514 val_loss=0.1482 lr=7.98e-04 (24s)
  [Epoch 209] Batch 50/200 (25%)
  [Epoch 209] Batch 100/200 (50%)
  [Epoch 209] Batch 150/200 (75%)
  [Epoch 209] Batch 200/200 (100%)
[Epoch 209/700] train_loss=0.1519 val_loss=0.1505 lr=7.96e-04 (24s)
Monitored metric val/loss did not improve in the last 50 records. Best score: 0.145. Signaling Trainer to stop.

[Training] Completed!

✓ Training completed!
  Final checkpoint: /public/home/xiongzhzh2023/PT4ConTSG/experiments/20260407_192906_telecomts_segment_verbalts/checkpoints/finetune/finetune-epoch=158-val/loss=0.1450.ckpt
  Experiment: experiments/20260407_192906_telecomts_segment_verbalts

Running automatic evaluation...
Loading weights:   0%|          | 0/197 [00:00<?, ?it/s]Loading weights: 100%|██████████| 197/197 [00:00<00:00, 3190.98it/s]
[1mCLIPTextModelWithProjection LOAD REPORT[0m from: ./checkpoints/longclip
Key                                                            | Status     |  | 
---------------------------------------------------------------+------------+--+-
vision_model.encoder.layers.{0...23}.self_attn.k_proj.weight   | UNEXPECTED |  | 
vision_model.encoder.layers.{0...23}.mlp.fc1.bias              | UNEXPECTED |  | 
vision_model.encoder.layers.{0...23}.self_attn.q_proj.weight   | UNEXPECTED |  | 
vision_model.encoder.layers.{0...23}.self_attn.v_proj.weight   | UNEXPECTED |  | 
vision_model.encoder.layers.{0...23}.layer_norm2.bias          | UNEXPECTED |  | 
vision_model.encoder.layers.{0...23}.mlp.fc2.weight            | UNEXPECTED |  | 
vision_model.encoder.layers.{0...23}.mlp.fc2.bias              | UNEXPECTED |  | 
vision_model.encoder.layers.{0...23}.self_attn.v_proj.bias     | UNEXPECTED |  | 
vision_model.encoder.layers.{0...23}.layer_norm1.weight        | UNEXPECTED |  | 
vision_model.encoder.layers.{0...23}.layer_norm1.bias          | UNEXPECTED |  | 
vision_model.encoder.layers.{0...23}.layer_norm2.weight        | UNEXPECTED |  | 
vision_model.encoder.layers.{0...23}.self_attn.out_proj.bias   | UNEXPECTED |  | 
vision_model.encoder.layers.{0...23}.mlp.fc1.weight            | UNEXPECTED |  | 
vision_model.encoder.layers.{0...23}.self_attn.k_proj.bias     | UNEXPECTED |  | 
vision_model.encoder.layers.{0...23}.self_attn.q_proj.bias     | UNEXPECTED |  | 
vision_model.encoder.layers.{0...23}.self_attn.out_proj.weight | UNEXPECTED |  | 
vision_model.embeddings.class_embedding                        | UNEXPECTED |  | 
vision_model.post_layernorm.weight                             | UNEXPECTED |  | 
vision_model.post_layernorm.bias                               | UNEXPECTED |  | 
logit_scale                                                    | UNEXPECTED |  | 
vision_model.embeddings.position_embedding.weight              | UNEXPECTED |  | 
vision_model.pre_layrnorm.weight                               | UNEXPECTED |  | 
vision_model.pre_layrnorm.bias                                 | UNEXPECTED |  | 
visual_projection.weight                                       | UNEXPECTED |  | 
vision_model.embeddings.patch_embedding.weight                 | UNEXPECTED |  | 

[3mNotes:
- UNEXPECTED[3m	:can be ignored when loading from different task/architecture; not ok if you expect identical arch.[0m
Strict loading failed (Error(s) in loading state_dict for CTTPModel:
	Missing key(s) in state_dict: "ts_enc.patch_embedding.value_embedding.weight", "ts_enc.patch_embedding.position_embedding.pe", "ts_enc.encoder.attn_layers.0.attention.query_projection.weight", "ts_enc.encoder.attn_layers.0.attention.query_projection.bias", "ts_enc.encoder.attn_layers.0.attention.key_projection.weight", "ts_enc.encoder.attn_layers.0.attention.key_projection.bias", "ts_enc.encoder.attn_layers.0.attention.value_projection.weight", "ts_enc.encoder.attn_layers.0.attention.value_projection.bias", "ts_enc.encoder.attn_layers.0.attention.out_projection.weight", "ts_enc.encoder.attn_layers.0.attention.out_projection.bias", "ts_enc.encoder.attn_layers.0.conv1.weight", "ts_enc.encoder.attn_layers.0.conv1.bias", "ts_enc.encoder.attn_layers.0.conv2.weight", "ts_enc.encoder.attn_layers.0.conv2.bias", "ts_enc.encoder.attn_layers.0.norm1.weight", "ts_enc.encoder.attn_layers.0.norm1.bias", "ts_enc.encoder.attn_layers.0.norm2.weight", "ts_enc.encoder.attn_layers.0.norm2.bias", "ts_enc.encoder.attn_layers.1.attention.query_projection.weight", "ts_enc.encoder.attn_layers.1.attention.query_projection.bias", "ts_enc.encoder.attn_layers.1.attention.key_projection.weight", "ts_enc.encoder.attn_layers.1.attention.key_projection.bias", "ts_enc.encoder.attn_layers.1.attention.value_projection.weight", "ts_enc.encoder.attn_layers.1.attention.value_projection.bias", "ts_enc.encoder.attn_layers.1.attention.out_projection.weight", "ts_enc.encoder.attn_layers.1.attention.out_projection.bias", "ts_enc.encoder.attn_layers.1.conv1.weight", "ts_enc.encoder.attn_layers.1.conv1.bias", "ts_enc.encoder.attn_layers.1.conv2.weight", "ts_enc.encoder.attn_layers.1.conv2.bias", "ts_enc.encoder.attn_layers.1.norm1.weight", "ts_enc.encoder.attn_layers.1.norm1.bias", "ts_enc.encoder.attn_layers.1.norm2.weight", "ts_enc.encoder.attn_layers.1.norm2.bias", "ts_enc.encoder.norm.weight", "ts_enc.encoder.norm.bias", "ts_enc.segment_proj.2.weight", "ts_enc.segment_proj.2.bias". 
	Unexpected key(s) in state_dict: "ts_enc.patch_encoder.patch_embedding.value_embedding.weight", "ts_enc.patch_encoder.patch_embedding.position_embedding.pe", "ts_enc.patch_encoder.encoder.attn_layers.0.attention.query_projection.weight", "ts_enc.patch_encoder.encoder.attn_layers.0.attention.query_projection.bias", "ts_enc.patch_encoder.encoder.attn_layers.0.attention.key_projection.weight", "ts_enc.patch_encoder.encoder.attn_layers.0.attention.key_projection.bias", "ts_enc.patch_encoder.encoder.attn_layers.0.attention.value_projection.weight", "ts_enc.patch_encoder.encoder.attn_layers.0.attention.value_projection.bias", "ts_enc.patch_encoder.encoder.attn_layers.0.attention.out_projection.weight", "ts_enc.patch_encoder.encoder.attn_layers.0.attention.out_projection.bias", "ts_enc.patch_encoder.encoder.attn_layers.0.conv1.weight", "ts_enc.patch_encoder.encoder.attn_layers.0.conv1.bias", "ts_enc.patch_encoder.encoder.attn_layers.0.conv2.weight", "ts_enc.patch_encoder.encoder.attn_layers.0.conv2.bias", "ts_enc.patch_encoder.encoder.attn_layers.0.norm1.weight", "ts_enc.patch_encoder.encoder.attn_layers.0.norm1.bias", "ts_enc.patch_encoder.encoder.attn_layers.0.norm2.weight", "ts_enc.patch_encoder.encoder.attn_layers.0.norm2.bias", "ts_enc.patch_encoder.encoder.attn_layers.1.attention.query_projection.weight", "ts_enc.patch_encoder.encoder.attn_layers.1.attention.query_projection.bias", "ts_enc.patch_encoder.encoder.attn_layers.1.attention.key_projection.weight", "ts_enc.patch_encoder.encoder.attn_layers.1.attention.key_projection.bias", "ts_enc.patch_encoder.encoder.attn_layers.1.attention.value_projection.weight", "ts_enc.patch_encoder.encoder.attn_layers.1.attention.value_projection.bias", "ts_enc.patch_encoder.encoder.attn_layers.1.attention.out_projection.weight", "ts_enc.patch_encoder.encoder.attn_layers.1.attention.out_projection.bias", "ts_enc.patch_encoder.encoder.attn_layers.1.conv1.weight", "ts_enc.patch_encoder.encoder.attn_layers.1.conv1.bias", "ts_enc.patch_encoder.encoder.attn_layers.1.conv2.weight", "ts_enc.patch_encoder.encoder.attn_layers.1.conv2.bias", "ts_enc.patch_encoder.encoder.attn_layers.1.norm1.weight", "ts_enc.patch_encoder.encoder.attn_layers.1.norm1.bias", "ts_enc.patch_encoder.encoder.attn_layers.1.norm2.weight", "ts_enc.patch_encoder.encoder.attn_layers.1.norm2.bias", "ts_enc.patch_encoder.encoder.norm.weight", "ts_enc.patch_encoder.encoder.norm.bias", "ts_enc.patch_encoder.var_pos_emb.weight", "ts_enc.time_transformer.layers.0.self_attn.in_proj_weight", "ts_enc.time_transformer.layers.0.self_attn.in_proj_bias", "ts_enc.time_transformer.layers.0.self_attn.out_proj.weight", "ts_enc.time_transformer.layers.0.self_attn.out_proj.bias", "ts_enc.time_transformer.layers.0.linear1.weight", "ts_enc.time_transformer.layers.0.linear1.bias", "ts_enc.time_transformer.layers.0.linear2.weight", "ts_enc.time_transformer.layers.0.linear2.bias", "ts_enc.time_transformer.layers.0.norm1.weight", "ts_enc.time_transformer.layers.0.norm1.bias", "ts_enc.time_transformer.layers.0.norm2.weight", "ts_enc.time_transformer.layers.0.norm2.bias", "ts_enc.var_transformer.layers.0.self_attn.in_proj_weight", "ts_enc.var_transformer.layers.0.self_attn.in_proj_bias", "ts_enc.var_transformer.layers.0.self_attn.out_proj.weight", "ts_enc.var_transformer.layers.0.self_attn.out_proj.bias", "ts_enc.var_transformer.layers.0.linear1.weight", "ts_enc.var_transformer.layers.0.linear1.bias", "ts_enc.var_transformer.layers.0.linear2.weight", "ts_enc.var_transformer.layers.0.linear2.bias", "ts_enc.var_transformer.layers.0.norm1.weight", "ts_enc.var_transformer.layers.0.norm1.bias", "ts_enc.var_transformer.layers.0.norm2.weight", "ts_enc.var_transformer.layers.0.norm2.bias", "ts_enc.out_projector.weight", "ts_enc.out_projector.bias". ), trying strict=False
[Evaluating (generating)] Starting (0/25)...
[Evaluating (generating)] 1/25 (4%)
[Evaluating (generating)] 3/25 (12%)
[Evaluating (generating)] 5/25 (20%)
[Evaluating (generating)] 8/25 (32%)
[Evaluating (generating)] 10/25 (40%)
[Evaluating (generating)] 13/25 (52%)
[Evaluating (generating)] 16/25 (64%)
[Evaluating (generating)] 18/25 (72%)
[Evaluating (generating)] 20/25 (80%)
[Evaluating (generating)] 23/25 (92%)
[Evaluating (generating)] 25/25 (100%)
[Evaluating (generating)] Completed (25 items)
Evaluation results saved to: experiments/20260407_192906_telecomts_segment_verbalts/results/eval_results.json
          Evaluation Results           
┏━━━━━━━━━━━━━━━━━━━━━━━━━┳━━━━━━━━━━━┓
┃ Metric                  ┃     Value ┃
┡━━━━━━━━━━━━━━━━━━━━━━━━━╇━━━━━━━━━━━┩
│ dtw                     │  8.930717 │
│ wape                    │ 61.476864 │
│ ed                      │ 10.795935 │
│ crps                    │  0.313130 │
│ acd                     │  0.066209 │
│ sd                      │  0.269867 │
│ kd                      │  5.707403 │
│ mdd                     │  0.016519 │
│ fid                     │  1.923445 │
│ jftsd                   │  1.956595 │
│ cttp                    │ -0.009508 │
│ disc_auc                │  0.989094 │
│ prdc_f1.f1              │  0.091231 │
│ prdc_f1.precision       │  0.874687 │
│ prdc_f1.recall          │  0.048125 │
│ joint_prdc_f1.f1        │  0.773722 │
│ joint_prdc_f1.precision │  0.883125 │
│ joint_prdc_f1.recall    │  0.688438 │
└─────────────────────────┴───────────┘
