Loading config from: configs/generators/verbalts_synth-u.yaml
Model schema mode: relaxed (builtin: VerbalTSModelConfig)
   Configuration Summary    
┌───────────────┬──────────┐
│ Dataset       │ synth-u  │
│ Model         │ verbalts │
│ Epochs        │ 700      │
│ Batch Size    │ 256      │
│ Learning Rate │ 0.001    │
│ Device        │ cuda:0   │
│ Seed          │ 42       │
└───────────────┴──────────┘

Experiment directory: experiments/20260407_164206_synth-u_verbalts
Seed set to 42

Model: verbalts
Creating data module: synth-u

Starting multi-stage training (1 stage(s))...
  Stage 1: finetune (700 epochs, lr=0.001)
/public/home/xiongzhzh2023/Anaconda/envs/contsg/lib/python3.12/site-packages/lightning_fabric/plugins/environments/slurm.py:204: The `srun` command is available on your system but is not used. HINT: If your intention is to run Lightning on SLURM, prepend your python command with `srun` like so: srun python3.1 /public/home/xiongzhzh2023/Anaconda/envs/contsg/b ...
GPU available: True (cuda), used: True
TPU available: False, using: 0 TPU cores
💡 Tip: For seamless cloud logging and experiment tracking, try installing [litlogger](https://pypi.org/project/litlogger/) to enable LitLogger, which logs metrics and artifacts automatically to the Lightning Experiments platform.
`Trainer(limit_train_batches=1.0)` was configured so 100% of the batches per epoch will be used..
`Trainer(limit_val_batches=1.0)` was configured so 100% of the batches will be used..
`Trainer(limit_test_batches=1.0)` was configured so 100% of the batches will be used..
`Trainer(val_check_interval=1.0)` was configured so validation will run at the end of the training epoch..
LOCAL_RANK: 0 - CUDA_VISIBLE_DEVICES: [0,1,2,3]
┏━━━┳━━━━━━━━━━━━━━━━┳━━━━━━━━━━━━━━━━━━━━━━━━━━━━━━┳━━━━━━━━┳━━━━━━━┳━━━━━━━┓
┃   ┃ Name           ┃ Type                         ┃ Params ┃ Mode  ┃ FLOPs ┃
┡━━━╇━━━━━━━━━━━━━━━━╇━━━━━━━━━━━━━━━━━━━━━━━━━━━━━━╇━━━━━━━━╇━━━━━━━╇━━━━━━━┩
│ 0 │ verbalts       │ VerbalTSCore                 │  1.2 M │ train │     0 │
│ 1 │ cond_projector │ TextProjectorMVarMScaleMStep │ 51.3 M │ train │     0 │
└───┴────────────────┴──────────────────────────────┴────────┴───────┴───────┘
Trainable params: 52.5 M                                                                                                                                                                        
Non-trainable params: 0                                                                                                                                                                         
Total params: 52.5 M                                                                                                                                                                            
Total estimated model params size (MB): 209                                                                                                                                                     
Modules in train mode: 233                                                                                                                                                                      
Modules in eval mode: 0                                                                                                                                                                         
Total FLOPs: 0                                                                                                                                                                                  
/public/home/xiongzhzh2023/Anaconda/envs/contsg/lib/python3.12/site-packages/pytorch_lightning/utilities/data.py:79: Trying to infer the `batch_size` from an ambiguous collection. The batch size we found is 256. To avoid any miscalculations, use `self.log(..., batch_size=batch_size)`.

[Training] Starting 700 epochs...
  [Epoch 1] Batch 50/93 (54%)
/public/home/xiongzhzh2023/Anaconda/envs/contsg/lib/python3.12/site-packages/pytorch_lightning/utilities/data.py:79: Trying to infer the `batch_size` from an ambiguous collection. The batch size we found is 160. To avoid any miscalculations, use `self.log(..., batch_size=batch_size)`.
[Epoch 1/700] train_loss=0.3780 val_loss=0.2271 lr=1.00e-03 (10s)
Metric val/loss improved. New best score: 0.227
  [Epoch 2] Batch 50/93 (54%)
[Epoch 2/700] train_loss=0.2175 val_loss=0.2081 lr=1.00e-03 (8s)
Metric val/loss improved by 0.019 >= min_delta = 0.0. New best score: 0.208
  [Epoch 3] Batch 50/93 (54%)
[Epoch 3/700] train_loss=0.2078 val_loss=0.1983 lr=1.00e-03 (8s)
Metric val/loss improved by 0.010 >= min_delta = 0.0. New best score: 0.198
  [Epoch 4] Batch 50/93 (54%)
[Epoch 4/700] train_loss=0.2024 val_loss=0.1924 lr=1.00e-03 (8s)
Metric val/loss improved by 0.006 >= min_delta = 0.0. New best score: 0.192
  [Epoch 5] Batch 50/93 (54%)
[Epoch 5/700] train_loss=0.1948 val_loss=0.1893 lr=1.00e-03 (8s)
Metric val/loss improved by 0.003 >= min_delta = 0.0. New best score: 0.189
  [Epoch 6] Batch 50/93 (54%)
[Epoch 6/700] train_loss=0.1937 val_loss=0.1897 lr=1.00e-03 (9s)
  [Epoch 7] Batch 50/93 (54%)
[Epoch 7/700] train_loss=0.1913 val_loss=0.1850 lr=1.00e-03 (8s)
Metric val/loss improved by 0.004 >= min_delta = 0.0. New best score: 0.185
  [Epoch 8] Batch 50/93 (54%)
[Epoch 8/700] train_loss=0.1884 val_loss=0.1896 lr=1.00e-03 (9s)
  [Epoch 9] Batch 50/93 (54%)
[Epoch 9/700] train_loss=0.1836 val_loss=0.1830 lr=1.00e-03 (8s)
Metric val/loss improved by 0.002 >= min_delta = 0.0. New best score: 0.183
  [Epoch 10] Batch 50/93 (54%)
[Epoch 10/700] train_loss=0.1842 val_loss=0.1824 lr=9.99e-04 (8s)
Metric val/loss improved by 0.001 >= min_delta = 0.0. New best score: 0.182
  [Epoch 11] Batch 50/93 (54%)
[Epoch 11/700] train_loss=0.1826 val_loss=0.1817 lr=9.99e-04 (8s)
Metric val/loss improved by 0.001 >= min_delta = 0.0. New best score: 0.182
  [Epoch 12] Batch 50/93 (54%)
[Epoch 12/700] train_loss=0.1788 val_loss=0.1743 lr=9.99e-04 (8s)
Metric val/loss improved by 0.007 >= min_delta = 0.0. New best score: 0.174
  [Epoch 13] Batch 50/93 (54%)
[Epoch 13/700] train_loss=0.1809 val_loss=0.1771 lr=9.99e-04 (8s)
  [Epoch 14] Batch 50/93 (54%)
[Epoch 14/700] train_loss=0.1788 val_loss=0.1769 lr=9.99e-04 (10s)
  [Epoch 15] Batch 50/93 (54%)
[Epoch 15/700] train_loss=0.1768 val_loss=0.1748 lr=9.99e-04 (8s)
  [Epoch 16] Batch 50/93 (54%)
[Epoch 16/700] train_loss=0.1743 val_loss=0.1707 lr=9.99e-04 (8s)
Metric val/loss improved by 0.004 >= min_delta = 0.0. New best score: 0.171
  [Epoch 17] Batch 50/93 (54%)
[Epoch 17/700] train_loss=0.1753 val_loss=0.1780 lr=9.99e-04 (8s)
  [Epoch 18] Batch 50/93 (54%)
[Epoch 18/700] train_loss=0.1718 val_loss=0.1722 lr=9.98e-04 (8s)
  [Epoch 19] Batch 50/93 (54%)
[Epoch 19/700] train_loss=0.1747 val_loss=0.1726 lr=9.98e-04 (8s)
  [Epoch 20] Batch 50/93 (54%)
[Epoch 20/700] train_loss=0.1720 val_loss=0.1693 lr=9.98e-04 (8s)
Metric val/loss improved by 0.001 >= min_delta = 0.0. New best score: 0.169
  [Epoch 21] Batch 50/93 (54%)
[Epoch 21/700] train_loss=0.1730 val_loss=0.1691 lr=9.98e-04 (9s)
Metric val/loss improved by 0.000 >= min_delta = 0.0. New best score: 0.169
  [Epoch 22] Batch 50/93 (54%)
[Epoch 22/700] train_loss=0.1756 val_loss=0.1730 lr=9.98e-04 (8s)
  [Epoch 23] Batch 50/93 (54%)
[Epoch 23/700] train_loss=0.1748 val_loss=0.1677 lr=9.97e-04 (8s)
Metric val/loss improved by 0.001 >= min_delta = 0.0. New best score: 0.168
  [Epoch 24] Batch 50/93 (54%)
[Epoch 24/700] train_loss=0.1723 val_loss=0.1692 lr=9.97e-04 (7s)
  [Epoch 25] Batch 50/93 (54%)
[Epoch 25/700] train_loss=0.1684 val_loss=0.1691 lr=9.97e-04 (8s)
  [Epoch 26] Batch 50/93 (54%)
[Epoch 26/700] train_loss=0.1708 val_loss=0.1676 lr=9.97e-04 (8s)
Metric val/loss improved by 0.000 >= min_delta = 0.0. New best score: 0.168
  [Epoch 27] Batch 50/93 (54%)
[Epoch 27/700] train_loss=0.1696 val_loss=0.1663 lr=9.96e-04 (8s)
Metric val/loss improved by 0.001 >= min_delta = 0.0. New best score: 0.166
  [Epoch 28] Batch 50/93 (54%)
[Epoch 28/700] train_loss=0.1667 val_loss=0.1667 lr=9.96e-04 (9s)
  [Epoch 29] Batch 50/93 (54%)
[Epoch 29/700] train_loss=0.1709 val_loss=0.1684 lr=9.96e-04 (8s)
  [Epoch 30] Batch 50/93 (54%)
[Epoch 30/700] train_loss=0.1696 val_loss=0.1697 lr=9.95e-04 (8s)
  [Epoch 31] Batch 50/93 (54%)
[Epoch 31/700] train_loss=0.1663 val_loss=0.1730 lr=9.95e-04 (8s)
  [Epoch 32] Batch 50/93 (54%)
[Epoch 32/700] train_loss=0.1691 val_loss=0.1679 lr=9.95e-04 (8s)
  [Epoch 33] Batch 50/93 (54%)
[Epoch 33/700] train_loss=0.1667 val_loss=0.1688 lr=9.95e-04 (9s)
  [Epoch 34] Batch 50/93 (54%)
[Epoch 34/700] train_loss=0.1688 val_loss=0.1663 lr=9.94e-04 (8s)
Metric val/loss improved by 0.000 >= min_delta = 0.0. New best score: 0.166
  [Epoch 35] Batch 50/93 (54%)
[Epoch 35/700] train_loss=0.1659 val_loss=0.1706 lr=9.94e-04 (8s)
  [Epoch 36] Batch 50/93 (54%)
[Epoch 36/700] train_loss=0.1657 val_loss=0.1696 lr=9.93e-04 (8s)
  [Epoch 37] Batch 50/93 (54%)
[Epoch 37/700] train_loss=0.1638 val_loss=0.1610 lr=9.93e-04 (8s)
Metric val/loss improved by 0.005 >= min_delta = 0.0. New best score: 0.161
  [Epoch 38] Batch 50/93 (54%)
[Epoch 38/700] train_loss=0.1662 val_loss=0.1554 lr=9.93e-04 (8s)
Metric val/loss improved by 0.006 >= min_delta = 0.0. New best score: 0.155
  [Epoch 39] Batch 50/93 (54%)
[Epoch 39/700] train_loss=0.1620 val_loss=0.1569 lr=9.92e-04 (8s)
  [Epoch 40] Batch 50/93 (54%)
[Epoch 40/700] train_loss=0.1663 val_loss=0.1630 lr=9.92e-04 (10s)
  [Epoch 41] Batch 50/93 (54%)
[Epoch 41/700] train_loss=0.1622 val_loss=0.1667 lr=9.92e-04 (9s)
  [Epoch 42] Batch 50/93 (54%)
[Epoch 42/700] train_loss=0.1621 val_loss=0.1574 lr=9.91e-04 (10s)
  [Epoch 43] Batch 50/93 (54%)
[Epoch 43/700] train_loss=0.1634 val_loss=0.1652 lr=9.91e-04 (10s)
  [Epoch 44] Batch 50/93 (54%)
[Epoch 44/700] train_loss=0.1619 val_loss=0.1561 lr=9.90e-04 (10s)
  [Epoch 45] Batch 50/93 (54%)
[Epoch 45/700] train_loss=0.1627 val_loss=0.1569 lr=9.90e-04 (10s)
  [Epoch 46] Batch 50/93 (54%)
[Epoch 46/700] train_loss=0.1615 val_loss=0.1659 lr=9.89e-04 (11s)
  [Epoch 47] Batch 50/93 (54%)
[Epoch 47/700] train_loss=0.1634 val_loss=0.1627 lr=9.89e-04 (9s)
  [Epoch 48] Batch 50/93 (54%)
[Epoch 48/700] train_loss=0.1627 val_loss=0.1605 lr=9.88e-04 (9s)
  [Epoch 49] Batch 50/93 (54%)
[Epoch 49/700] train_loss=0.1587 val_loss=0.1610 lr=9.88e-04 (9s)
  [Epoch 50] Batch 50/93 (54%)
[Epoch 50/700] train_loss=0.1618 val_loss=0.1635 lr=9.87e-04 (8s)
  [Epoch 51] Batch 50/93 (54%)
[Epoch 51/700] train_loss=0.1605 val_loss=0.1606 lr=9.87e-04 (9s)
  [Epoch 52] Batch 50/93 (54%)
[Epoch 52/700] train_loss=0.1607 val_loss=0.1714 lr=9.86e-04 (10s)
  [Epoch 53] Batch 50/93 (54%)
[Epoch 53/700] train_loss=0.1563 val_loss=0.1648 lr=9.86e-04 (9s)
  [Epoch 54] Batch 50/93 (54%)
[Epoch 54/700] train_loss=0.1607 val_loss=0.1571 lr=9.85e-04 (10s)
  [Epoch 55] Batch 50/93 (54%)
[Epoch 55/700] train_loss=0.1596 val_loss=0.1546 lr=9.85e-04 (8s)
Metric val/loss improved by 0.001 >= min_delta = 0.0. New best score: 0.155
  [Epoch 56] Batch 50/93 (54%)
[Epoch 56/700] train_loss=0.1582 val_loss=0.1546 lr=9.84e-04 (9s)
  [Epoch 57] Batch 50/93 (54%)
[Epoch 57/700] train_loss=0.1607 val_loss=0.1590 lr=9.84e-04 (8s)
  [Epoch 58] Batch 50/93 (54%)
[Epoch 58/700] train_loss=0.1588 val_loss=0.1542 lr=9.83e-04 (10s)
Metric val/loss improved by 0.000 >= min_delta = 0.0. New best score: 0.154
  [Epoch 59] Batch 50/93 (54%)
[Epoch 59/700] train_loss=0.1557 val_loss=0.1640 lr=9.83e-04 (10s)
  [Epoch 60] Batch 50/93 (54%)
[Epoch 60/700] train_loss=0.1583 val_loss=0.1565 lr=9.82e-04 (11s)
  [Epoch 61] Batch 50/93 (54%)
[Epoch 61/700] train_loss=0.1591 val_loss=0.1498 lr=9.81e-04 (11s)
Metric val/loss improved by 0.004 >= min_delta = 0.0. New best score: 0.150
  [Epoch 62] Batch 50/93 (54%)
[Epoch 62/700] train_loss=0.1599 val_loss=0.1523 lr=9.81e-04 (9s)
  [Epoch 63] Batch 50/93 (54%)
[Epoch 63/700] train_loss=0.1583 val_loss=0.1621 lr=9.80e-04 (10s)
  [Epoch 64] Batch 50/93 (54%)
[Epoch 64/700] train_loss=0.1566 val_loss=0.1567 lr=9.80e-04 (10s)
  [Epoch 65] Batch 50/93 (54%)
[Epoch 65/700] train_loss=0.1580 val_loss=0.1533 lr=9.79e-04 (10s)
  [Epoch 66] Batch 50/93 (54%)
[Epoch 66/700] train_loss=0.1576 val_loss=0.1532 lr=9.78e-04 (11s)
  [Epoch 67] Batch 50/93 (54%)
[Epoch 67/700] train_loss=0.1554 val_loss=0.1545 lr=9.78e-04 (10s)
  [Epoch 68] Batch 50/93 (54%)
[Epoch 68/700] train_loss=0.1581 val_loss=0.1591 lr=9.77e-04 (11s)
  [Epoch 69] Batch 50/93 (54%)
[Epoch 69/700] train_loss=0.1529 val_loss=0.1544 lr=9.76e-04 (11s)
  [Epoch 70] Batch 50/93 (54%)
[Epoch 70/700] train_loss=0.1572 val_loss=0.1562 lr=9.76e-04 (10s)
  [Epoch 71] Batch 50/93 (54%)
[Epoch 71/700] train_loss=0.1565 val_loss=0.1548 lr=9.75e-04 (10s)
  [Epoch 72] Batch 50/93 (54%)
[Epoch 72/700] train_loss=0.1569 val_loss=0.1564 lr=9.74e-04 (8s)
  [Epoch 73] Batch 50/93 (54%)
[Epoch 73/700] train_loss=0.1542 val_loss=0.1561 lr=9.73e-04 (8s)
  [Epoch 74] Batch 50/93 (54%)
[Epoch 74/700] train_loss=0.1550 val_loss=0.1622 lr=9.73e-04 (8s)
  [Epoch 75] Batch 50/93 (54%)
[Epoch 75/700] train_loss=0.1575 val_loss=0.1457 lr=9.72e-04 (8s)
Metric val/loss improved by 0.004 >= min_delta = 0.0. New best score: 0.146
  [Epoch 76] Batch 50/93 (54%)
[Epoch 76/700] train_loss=0.1546 val_loss=0.1550 lr=9.71e-04 (9s)
  [Epoch 77] Batch 50/93 (54%)
[Epoch 77/700] train_loss=0.1539 val_loss=0.1513 lr=9.70e-04 (10s)
  [Epoch 78] Batch 50/93 (54%)
[Epoch 78/700] train_loss=0.1558 val_loss=0.1415 lr=9.70e-04 (8s)
Metric val/loss improved by 0.004 >= min_delta = 0.0. New best score: 0.141
  [Epoch 79] Batch 50/93 (54%)
[Epoch 79/700] train_loss=0.1533 val_loss=0.1547 lr=9.69e-04 (9s)
  [Epoch 80] Batch 50/93 (54%)
[Epoch 80/700] train_loss=0.1556 val_loss=0.1550 lr=9.68e-04 (8s)
  [Epoch 81] Batch 50/93 (54%)
[Epoch 81/700] train_loss=0.1539 val_loss=0.1537 lr=9.67e-04 (7s)
  [Epoch 82] Batch 50/93 (54%)
[Epoch 82/700] train_loss=0.1525 val_loss=0.1558 lr=9.67e-04 (7s)
  [Epoch 83] Batch 50/93 (54%)
[Epoch 83/700] train_loss=0.1517 val_loss=0.1608 lr=9.66e-04 (8s)
  [Epoch 84] Batch 50/93 (54%)
[Epoch 84/700] train_loss=0.1516 val_loss=0.1529 lr=9.65e-04 (7s)
  [Epoch 85] Batch 50/93 (54%)
[Epoch 85/700] train_loss=0.1532 val_loss=0.1443 lr=9.64e-04 (7s)
  [Epoch 86] Batch 50/93 (54%)
[Epoch 86/700] train_loss=0.1523 val_loss=0.1517 lr=9.63e-04 (8s)
  [Epoch 87] Batch 50/93 (54%)
[Epoch 87/700] train_loss=0.1516 val_loss=0.1552 lr=9.62e-04 (8s)
  [Epoch 88] Batch 50/93 (54%)
[Epoch 88/700] train_loss=0.1519 val_loss=0.1466 lr=9.62e-04 (7s)
  [Epoch 89] Batch 50/93 (54%)
[Epoch 89/700] train_loss=0.1531 val_loss=0.1523 lr=9.61e-04 (8s)
  [Epoch 90] Batch 50/93 (54%)
[Epoch 90/700] train_loss=0.1517 val_loss=0.1510 lr=9.60e-04 (8s)
  [Epoch 91] Batch 50/93 (54%)
[Epoch 91/700] train_loss=0.1527 val_loss=0.1436 lr=9.59e-04 (8s)
  [Epoch 92] Batch 50/93 (54%)
[Epoch 92/700] train_loss=0.1518 val_loss=0.1537 lr=9.58e-04 (8s)
  [Epoch 93] Batch 50/93 (54%)
[Epoch 93/700] train_loss=0.1531 val_loss=0.1478 lr=9.57e-04 (8s)
  [Epoch 94] Batch 50/93 (54%)
[Epoch 94/700] train_loss=0.1474 val_loss=0.1556 lr=9.56e-04 (8s)
  [Epoch 95] Batch 50/93 (54%)
[Epoch 95/700] train_loss=0.1493 val_loss=0.1462 lr=9.55e-04 (7s)
  [Epoch 96] Batch 50/93 (54%)
[Epoch 96/700] train_loss=0.1487 val_loss=0.1525 lr=9.54e-04 (8s)
  [Epoch 97] Batch 50/93 (54%)
[Epoch 97/700] train_loss=0.1489 val_loss=0.1416 lr=9.53e-04 (8s)
  [Epoch 98] Batch 50/93 (54%)
[Epoch 98/700] train_loss=0.1484 val_loss=0.1422 lr=9.52e-04 (7s)
  [Epoch 99] Batch 50/93 (54%)
[Epoch 99/700] train_loss=0.1497 val_loss=0.1375 lr=9.51e-04 (8s)
Metric val/loss improved by 0.004 >= min_delta = 0.0. New best score: 0.137
  [Epoch 100] Batch 50/93 (54%)
[Epoch 100/700] train_loss=0.1488 val_loss=0.1495 lr=9.50e-04 (7s)
  [Epoch 101] Batch 50/93 (54%)
[Epoch 101/700] train_loss=0.1467 val_loss=0.1424 lr=9.50e-04 (7s)
  [Epoch 102] Batch 50/93 (54%)
[Epoch 102/700] train_loss=0.1491 val_loss=0.1442 lr=9.49e-04 (8s)
  [Epoch 103] Batch 50/93 (54%)
[Epoch 103/700] train_loss=0.1461 val_loss=0.1529 lr=9.48e-04 (8s)
  [Epoch 104] Batch 50/93 (54%)
[Epoch 104/700] train_loss=0.1467 val_loss=0.1473 lr=9.47e-04 (8s)
  [Epoch 105] Batch 50/93 (54%)
[Epoch 105/700] train_loss=0.1482 val_loss=0.1464 lr=9.46e-04 (10s)
  [Epoch 106] Batch 50/93 (54%)
[Epoch 106/700] train_loss=0.1468 val_loss=0.1511 lr=9.44e-04 (8s)
  [Epoch 107] Batch 50/93 (54%)
[Epoch 107/700] train_loss=0.1489 val_loss=0.1421 lr=9.43e-04 (8s)
  [Epoch 108] Batch 50/93 (54%)
[Epoch 108/700] train_loss=0.1473 val_loss=0.1428 lr=9.42e-04 (7s)
  [Epoch 109] Batch 50/93 (54%)
[Epoch 109/700] train_loss=0.1464 val_loss=0.1435 lr=9.41e-04 (8s)
  [Epoch 110] Batch 50/93 (54%)
[Epoch 110/700] train_loss=0.1467 val_loss=0.1426 lr=9.40e-04 (8s)
  [Epoch 111] Batch 50/93 (54%)
[Epoch 111/700] train_loss=0.1429 val_loss=0.1484 lr=9.39e-04 (8s)
  [Epoch 112] Batch 50/93 (54%)
[Epoch 112/700] train_loss=0.1461 val_loss=0.1484 lr=9.38e-04 (8s)
  [Epoch 113] Batch 50/93 (54%)
[Epoch 113/700] train_loss=0.1487 val_loss=0.1499 lr=9.37e-04 (8s)
  [Epoch 114] Batch 50/93 (54%)
[Epoch 114/700] train_loss=0.1475 val_loss=0.1407 lr=9.36e-04 (8s)
  [Epoch 115] Batch 50/93 (54%)
[Epoch 115/700] train_loss=0.1450 val_loss=0.1494 lr=9.35e-04 (8s)
  [Epoch 116] Batch 50/93 (54%)
[Epoch 116/700] train_loss=0.1456 val_loss=0.1422 lr=9.34e-04 (8s)
  [Epoch 117] Batch 50/93 (54%)
[Epoch 117/700] train_loss=0.1454 val_loss=0.1420 lr=9.33e-04 (8s)
  [Epoch 118] Batch 50/93 (54%)
[Epoch 118/700] train_loss=0.1459 val_loss=0.1485 lr=9.32e-04 (7s)
  [Epoch 119] Batch 50/93 (54%)
[Epoch 119/700] train_loss=0.1447 val_loss=0.1451 lr=9.30e-04 (8s)
  [Epoch 120] Batch 50/93 (54%)
[Epoch 120/700] train_loss=0.1433 val_loss=0.1359 lr=9.29e-04 (8s)
Metric val/loss improved by 0.002 >= min_delta = 0.0. New best score: 0.136
  [Epoch 121] Batch 50/93 (54%)
[Epoch 121/700] train_loss=0.1460 val_loss=0.1432 lr=9.28e-04 (8s)
  [Epoch 122] Batch 50/93 (54%)
[Epoch 122/700] train_loss=0.1467 val_loss=0.1331 lr=9.27e-04 (9s)
Metric val/loss improved by 0.003 >= min_delta = 0.0. New best score: 0.133
  [Epoch 123] Batch 50/93 (54%)
[Epoch 123/700] train_loss=0.1443 val_loss=0.1370 lr=9.26e-04 (7s)
  [Epoch 124] Batch 50/93 (54%)
[Epoch 124/700] train_loss=0.1471 val_loss=0.1388 lr=9.25e-04 (8s)
  [Epoch 125] Batch 50/93 (54%)
[Epoch 125/700] train_loss=0.1404 val_loss=0.1397 lr=9.23e-04 (8s)
  [Epoch 126] Batch 50/93 (54%)
[Epoch 126/700] train_loss=0.1449 val_loss=0.1371 lr=9.22e-04 (8s)
  [Epoch 127] Batch 50/93 (54%)
[Epoch 127/700] train_loss=0.1425 val_loss=0.1448 lr=9.21e-04 (8s)
  [Epoch 128] Batch 50/93 (54%)
[Epoch 128/700] train_loss=0.1425 val_loss=0.1432 lr=9.20e-04 (8s)
  [Epoch 129] Batch 50/93 (54%)
[Epoch 129/700] train_loss=0.1447 val_loss=0.1391 lr=9.19e-04 (7s)
  [Epoch 130] Batch 50/93 (54%)
[Epoch 130/700] train_loss=0.1438 val_loss=0.1311 lr=9.17e-04 (8s)
Metric val/loss improved by 0.002 >= min_delta = 0.0. New best score: 0.131
  [Epoch 131] Batch 50/93 (54%)
[Epoch 131/700] train_loss=0.1489 val_loss=0.1460 lr=9.16e-04 (8s)
  [Epoch 132] Batch 50/93 (54%)
[Epoch 132/700] train_loss=0.1438 val_loss=0.1388 lr=9.15e-04 (8s)
  [Epoch 133] Batch 50/93 (54%)
[Epoch 133/700] train_loss=0.1439 val_loss=0.1394 lr=9.14e-04 (8s)
  [Epoch 134] Batch 50/93 (54%)
[Epoch 134/700] train_loss=0.1417 val_loss=0.1391 lr=9.12e-04 (8s)
  [Epoch 135] Batch 50/93 (54%)
[Epoch 135/700] train_loss=0.1446 val_loss=0.1384 lr=9.11e-04 (8s)
  [Epoch 136] Batch 50/93 (54%)
[Epoch 136/700] train_loss=0.1446 val_loss=0.1482 lr=9.10e-04 (8s)
  [Epoch 137] Batch 50/93 (54%)
[Epoch 137/700] train_loss=0.1438 val_loss=0.1399 lr=9.08e-04 (8s)
  [Epoch 138] Batch 50/93 (54%)
[Epoch 138/700] train_loss=0.1459 val_loss=0.1400 lr=9.07e-04 (8s)
  [Epoch 139] Batch 50/93 (54%)
[Epoch 139/700] train_loss=0.1417 val_loss=0.1322 lr=9.06e-04 (8s)
  [Epoch 140] Batch 50/93 (54%)
[Epoch 140/700] train_loss=0.1406 val_loss=0.1467 lr=9.05e-04 (8s)
  [Epoch 141] Batch 50/93 (54%)
[Epoch 141/700] train_loss=0.1439 val_loss=0.1445 lr=9.03e-04 (8s)
  [Epoch 142] Batch 50/93 (54%)
[Epoch 142/700] train_loss=0.1433 val_loss=0.1404 lr=9.02e-04 (8s)
  [Epoch 143] Batch 50/93 (54%)
[Epoch 143/700] train_loss=0.1437 val_loss=0.1433 lr=9.01e-04 (8s)
  [Epoch 144] Batch 50/93 (54%)
[Epoch 144/700] train_loss=0.1412 val_loss=0.1456 lr=8.99e-04 (8s)
  [Epoch 145] Batch 50/93 (54%)
[Epoch 145/700] train_loss=0.1452 val_loss=0.1411 lr=8.98e-04 (8s)
  [Epoch 146] Batch 50/93 (54%)
[Epoch 146/700] train_loss=0.1416 val_loss=0.1354 lr=8.96e-04 (8s)
  [Epoch 147] Batch 50/93 (54%)
[Epoch 147/700] train_loss=0.1409 val_loss=0.1333 lr=8.95e-04 (8s)
  [Epoch 148] Batch 50/93 (54%)
[Epoch 148/700] train_loss=0.1406 val_loss=0.1439 lr=8.94e-04 (8s)
  [Epoch 149] Batch 50/93 (54%)
[Epoch 149/700] train_loss=0.1407 val_loss=0.1429 lr=8.92e-04 (8s)
  [Epoch 150] Batch 50/93 (54%)
[Epoch 150/700] train_loss=0.1416 val_loss=0.1383 lr=8.91e-04 (8s)
  [Epoch 151] Batch 50/93 (54%)
[Epoch 151/700] train_loss=0.1401 val_loss=0.1405 lr=8.90e-04 (8s)
  [Epoch 152] Batch 50/93 (54%)
[Epoch 152/700] train_loss=0.1430 val_loss=0.1377 lr=8.88e-04 (8s)
  [Epoch 153] Batch 50/93 (54%)
[Epoch 153/700] train_loss=0.1442 val_loss=0.1374 lr=8.87e-04 (8s)
  [Epoch 154] Batch 50/93 (54%)
[Epoch 154/700] train_loss=0.1418 val_loss=0.1364 lr=8.85e-04 (8s)
  [Epoch 155] Batch 50/93 (54%)
[Epoch 155/700] train_loss=0.1371 val_loss=0.1363 lr=8.84e-04 (8s)
  [Epoch 156] Batch 50/93 (54%)
[Epoch 156/700] train_loss=0.1396 val_loss=0.1435 lr=8.82e-04 (7s)
  [Epoch 157] Batch 50/93 (54%)
[Epoch 157/700] train_loss=0.1402 val_loss=0.1428 lr=8.81e-04 (8s)
  [Epoch 158] Batch 50/93 (54%)
[Epoch 158/700] train_loss=0.1417 val_loss=0.1460 lr=8.79e-04 (8s)
  [Epoch 159] Batch 50/93 (54%)
[Epoch 159/700] train_loss=0.1395 val_loss=0.1334 lr=8.78e-04 (8s)
  [Epoch 160] Batch 50/93 (54%)
[Epoch 160/700] train_loss=0.1407 val_loss=0.1400 lr=8.77e-04 (8s)
  [Epoch 161] Batch 50/93 (54%)
[Epoch 161/700] train_loss=0.1385 val_loss=0.1342 lr=8.75e-04 (8s)
  [Epoch 162] Batch 50/93 (54%)
[Epoch 162/700] train_loss=0.1420 val_loss=0.1386 lr=8.74e-04 (9s)
  [Epoch 163] Batch 50/93 (54%)
[Epoch 163/700] train_loss=0.1410 val_loss=0.1369 lr=8.72e-04 (8s)
  [Epoch 164] Batch 50/93 (54%)
[Epoch 164/700] train_loss=0.1395 val_loss=0.1388 lr=8.71e-04 (9s)
  [Epoch 165] Batch 50/93 (54%)
[Epoch 165/700] train_loss=0.1408 val_loss=0.1369 lr=8.69e-04 (8s)
  [Epoch 166] Batch 50/93 (54%)
[Epoch 166/700] train_loss=0.1386 val_loss=0.1322 lr=8.68e-04 (8s)
  [Epoch 167] Batch 50/93 (54%)
[Epoch 167/700] train_loss=0.1394 val_loss=0.1429 lr=8.66e-04 (8s)
  [Epoch 168] Batch 50/93 (54%)
[Epoch 168/700] train_loss=0.1425 val_loss=0.1413 lr=8.64e-04 (9s)
  [Epoch 169] Batch 50/93 (54%)
[Epoch 169/700] train_loss=0.1385 val_loss=0.1372 lr=8.63e-04 (8s)
  [Epoch 170] Batch 50/93 (54%)
[Epoch 170/700] train_loss=0.1405 val_loss=0.1313 lr=8.61e-04 (9s)
  [Epoch 171] Batch 50/93 (54%)
[Epoch 171/700] train_loss=0.1374 val_loss=0.1395 lr=8.60e-04 (8s)
  [Epoch 172] Batch 50/93 (54%)
[Epoch 172/700] train_loss=0.1389 val_loss=0.1379 lr=8.58e-04 (9s)
  [Epoch 173] Batch 50/93 (54%)
[Epoch 173/700] train_loss=0.1368 val_loss=0.1422 lr=8.57e-04 (8s)
  [Epoch 174] Batch 50/93 (54%)
[Epoch 174/700] train_loss=0.1385 val_loss=0.1324 lr=8.55e-04 (8s)
  [Epoch 175] Batch 50/93 (54%)
[Epoch 175/700] train_loss=0.1389 val_loss=0.1350 lr=8.54e-04 (8s)
  [Epoch 176] Batch 50/93 (54%)
[Epoch 176/700] train_loss=0.1403 val_loss=0.1288 lr=8.52e-04 (8s)
Metric val/loss improved by 0.002 >= min_delta = 0.0. New best score: 0.129
  [Epoch 177] Batch 50/93 (54%)
[Epoch 177/700] train_loss=0.1364 val_loss=0.1348 lr=8.50e-04 (8s)
  [Epoch 178] Batch 50/93 (54%)
[Epoch 178/700] train_loss=0.1417 val_loss=0.1414 lr=8.49e-04 (7s)
  [Epoch 179] Batch 50/93 (54%)
[Epoch 179/700] train_loss=0.1406 val_loss=0.1401 lr=8.47e-04 (8s)
  [Epoch 180] Batch 50/93 (54%)
[Epoch 180/700] train_loss=0.1386 val_loss=0.1348 lr=8.46e-04 (7s)
  [Epoch 181] Batch 50/93 (54%)
[Epoch 181/700] train_loss=0.1389 val_loss=0.1384 lr=8.44e-04 (8s)
  [Epoch 182] Batch 50/93 (54%)
[Epoch 182/700] train_loss=0.1375 val_loss=0.1324 lr=8.42e-04 (8s)
  [Epoch 183] Batch 50/93 (54%)
[Epoch 183/700] train_loss=0.1384 val_loss=0.1386 lr=8.41e-04 (8s)
  [Epoch 184] Batch 50/93 (54%)
[Epoch 184/700] train_loss=0.1387 val_loss=0.1386 lr=8.39e-04 (9s)
  [Epoch 185] Batch 50/93 (54%)
[Epoch 185/700] train_loss=0.1360 val_loss=0.1407 lr=8.37e-04 (8s)
  [Epoch 186] Batch 50/93 (54%)
[Epoch 186/700] train_loss=0.1393 val_loss=0.1370 lr=8.36e-04 (10s)
  [Epoch 187] Batch 50/93 (54%)
[Epoch 187/700] train_loss=0.1405 val_loss=0.1363 lr=8.34e-04 (8s)
  [Epoch 188] Batch 50/93 (54%)
[Epoch 188/700] train_loss=0.1394 val_loss=0.1314 lr=8.32e-04 (8s)
  [Epoch 189] Batch 50/93 (54%)
[Epoch 189/700] train_loss=0.1393 val_loss=0.1351 lr=8.31e-04 (8s)
  [Epoch 190] Batch 50/93 (54%)
[Epoch 190/700] train_loss=0.1395 val_loss=0.1397 lr=8.29e-04 (8s)
  [Epoch 191] Batch 50/93 (54%)
[Epoch 191/700] train_loss=0.1349 val_loss=0.1363 lr=8.27e-04 (8s)
  [Epoch 192] Batch 50/93 (54%)
[Epoch 192/700] train_loss=0.1384 val_loss=0.1386 lr=8.26e-04 (8s)
  [Epoch 193] Batch 50/93 (54%)
[Epoch 193/700] train_loss=0.1380 val_loss=0.1411 lr=8.24e-04 (7s)
  [Epoch 194] Batch 50/93 (54%)
[Epoch 194/700] train_loss=0.1374 val_loss=0.1335 lr=8.22e-04 (8s)
  [Epoch 195] Batch 50/93 (54%)
[Epoch 195/700] train_loss=0.1403 val_loss=0.1300 lr=8.20e-04 (8s)
  [Epoch 196] Batch 50/93 (54%)
[Epoch 196/700] train_loss=0.1349 val_loss=0.1331 lr=8.19e-04 (8s)
  [Epoch 197] Batch 50/93 (54%)
[Epoch 197/700] train_loss=0.1385 val_loss=0.1284 lr=8.17e-04 (8s)
Metric val/loss improved by 0.000 >= min_delta = 0.0. New best score: 0.128
  [Epoch 198] Batch 50/93 (54%)
[Epoch 198/700] train_loss=0.1370 val_loss=0.1340 lr=8.15e-04 (11s)
  [Epoch 199] Batch 50/93 (54%)
[Epoch 199/700] train_loss=0.1371 val_loss=0.1381 lr=8.13e-04 (10s)
  [Epoch 200] Batch 50/93 (54%)
[Epoch 200/700] train_loss=0.1376 val_loss=0.1374 lr=8.12e-04 (8s)
  [Epoch 201] Batch 50/93 (54%)
[Epoch 201/700] train_loss=0.1364 val_loss=0.1358 lr=8.10e-04 (8s)
  [Epoch 202] Batch 50/93 (54%)
[Epoch 202/700] train_loss=0.1381 val_loss=0.1392 lr=8.08e-04 (8s)
  [Epoch 203] Batch 50/93 (54%)
[Epoch 203/700] train_loss=0.1337 val_loss=0.1304 lr=8.06e-04 (9s)
  [Epoch 204] Batch 50/93 (54%)
[Epoch 204/700] train_loss=0.1348 val_loss=0.1378 lr=8.05e-04 (8s)
  [Epoch 205] Batch 50/93 (54%)
[Epoch 205/700] train_loss=0.1392 val_loss=0.1369 lr=8.03e-04 (8s)
  [Epoch 206] Batch 50/93 (54%)
[Epoch 206/700] train_loss=0.1369 val_loss=0.1325 lr=8.01e-04 (8s)
  [Epoch 207] Batch 50/93 (54%)
[Epoch 207/700] train_loss=0.1396 val_loss=0.1357 lr=7.99e-04 (8s)
  [Epoch 208] Batch 50/93 (54%)
[Epoch 208/700] train_loss=0.1363 val_loss=0.1358 lr=7.98e-04 (7s)
  [Epoch 209] Batch 50/93 (54%)
[Epoch 209/700] train_loss=0.1393 val_loss=0.1353 lr=7.96e-04 (8s)
  [Epoch 210] Batch 50/93 (54%)
[Epoch 210/700] train_loss=0.1369 val_loss=0.1366 lr=7.94e-04 (8s)
  [Epoch 211] Batch 50/93 (54%)
[Epoch 211/700] train_loss=0.1360 val_loss=0.1338 lr=7.92e-04 (7s)
  [Epoch 212] Batch 50/93 (54%)
[Epoch 212/700] train_loss=0.1367 val_loss=0.1403 lr=7.90e-04 (8s)
  [Epoch 213] Batch 50/93 (54%)
[Epoch 213/700] train_loss=0.1384 val_loss=0.1353 lr=7.88e-04 (8s)
  [Epoch 214] Batch 50/93 (54%)
[Epoch 214/700] train_loss=0.1368 val_loss=0.1288 lr=7.87e-04 (8s)
  [Epoch 215] Batch 50/93 (54%)
[Epoch 215/700] train_loss=0.1354 val_loss=0.1357 lr=7.85e-04 (8s)
  [Epoch 216] Batch 50/93 (54%)
[Epoch 216/700] train_loss=0.1363 val_loss=0.1333 lr=7.83e-04 (8s)
  [Epoch 217] Batch 50/93 (54%)
[Epoch 217/700] train_loss=0.1338 val_loss=0.1380 lr=7.81e-04 (8s)
  [Epoch 218] Batch 50/93 (54%)
[Epoch 218/700] train_loss=0.1372 val_loss=0.1349 lr=7.79e-04 (9s)
  [Epoch 219] Batch 50/93 (54%)
[Epoch 219/700] train_loss=0.1368 val_loss=0.1307 lr=7.77e-04 (8s)
  [Epoch 220] Batch 50/93 (54%)
[Epoch 220/700] train_loss=0.1359 val_loss=0.1357 lr=7.75e-04 (8s)
  [Epoch 221] Batch 50/93 (54%)
[Epoch 221/700] train_loss=0.1357 val_loss=0.1339 lr=7.74e-04 (9s)
  [Epoch 222] Batch 50/93 (54%)
[Epoch 222/700] train_loss=0.1359 val_loss=0.1348 lr=7.72e-04 (8s)
  [Epoch 223] Batch 50/93 (54%)
[Epoch 223/700] train_loss=0.1363 val_loss=0.1410 lr=7.70e-04 (7s)
  [Epoch 224] Batch 50/93 (54%)
[Epoch 224/700] train_loss=0.1350 val_loss=0.1390 lr=7.68e-04 (7s)
  [Epoch 225] Batch 50/93 (54%)
[Epoch 225/700] train_loss=0.1370 val_loss=0.1283 lr=7.66e-04 (7s)
Metric val/loss improved by 0.000 >= min_delta = 0.0. New best score: 0.128
  [Epoch 226] Batch 50/93 (54%)
[Epoch 226/700] train_loss=0.1355 val_loss=0.1351 lr=7.64e-04 (8s)
  [Epoch 227] Batch 50/93 (54%)
[Epoch 227/700] train_loss=0.1364 val_loss=0.1376 lr=7.62e-04 (7s)
  [Epoch 228] Batch 50/93 (54%)
[Epoch 228/700] train_loss=0.1348 val_loss=0.1381 lr=7.60e-04 (8s)
  [Epoch 229] Batch 50/93 (54%)
[Epoch 229/700] train_loss=0.1362 val_loss=0.1343 lr=7.58e-04 (8s)
  [Epoch 230] Batch 50/93 (54%)
[Epoch 230/700] train_loss=0.1350 val_loss=0.1325 lr=7.56e-04 (8s)
  [Epoch 231] Batch 50/93 (54%)
[Epoch 231/700] train_loss=0.1353 val_loss=0.1314 lr=7.55e-04 (8s)
  [Epoch 232] Batch 50/93 (54%)
[Epoch 232/700] train_loss=0.1335 val_loss=0.1296 lr=7.53e-04 (7s)
  [Epoch 233] Batch 50/93 (54%)
[Epoch 233/700] train_loss=0.1340 val_loss=0.1367 lr=7.51e-04 (8s)
  [Epoch 234] Batch 50/93 (54%)
[Epoch 234/700] train_loss=0.1331 val_loss=0.1309 lr=7.49e-04 (8s)
  [Epoch 235] Batch 50/93 (54%)
[Epoch 235/700] train_loss=0.1386 val_loss=0.1343 lr=7.47e-04 (9s)
  [Epoch 236] Batch 50/93 (54%)
[Epoch 236/700] train_loss=0.1365 val_loss=0.1314 lr=7.45e-04 (8s)
  [Epoch 237] Batch 50/93 (54%)
[Epoch 237/700] train_loss=0.1356 val_loss=0.1279 lr=7.43e-04 (8s)
Metric val/loss improved by 0.000 >= min_delta = 0.0. New best score: 0.128
  [Epoch 238] Batch 50/93 (54%)
[Epoch 238/700] train_loss=0.1348 val_loss=0.1312 lr=7.41e-04 (7s)
  [Epoch 239] Batch 50/93 (54%)
[Epoch 239/700] train_loss=0.1368 val_loss=0.1367 lr=7.39e-04 (8s)
  [Epoch 240] Batch 50/93 (54%)
[Epoch 240/700] train_loss=0.1361 val_loss=0.1364 lr=7.37e-04 (8s)
  [Epoch 241] Batch 50/93 (54%)
[Epoch 241/700] train_loss=0.1362 val_loss=0.1330 lr=7.35e-04 (7s)
  [Epoch 242] Batch 50/93 (54%)
[Epoch 242/700] train_loss=0.1341 val_loss=0.1385 lr=7.33e-04 (7s)
  [Epoch 243] Batch 50/93 (54%)
[Epoch 243/700] train_loss=0.1317 val_loss=0.1354 lr=7.31e-04 (8s)
  [Epoch 244] Batch 50/93 (54%)
[Epoch 244/700] train_loss=0.1346 val_loss=0.1377 lr=7.29e-04 (8s)
  [Epoch 245] Batch 50/93 (54%)
[Epoch 245/700] train_loss=0.1333 val_loss=0.1330 lr=7.27e-04 (8s)
  [Epoch 246] Batch 50/93 (54%)
[Epoch 246/700] train_loss=0.1377 val_loss=0.1333 lr=7.25e-04 (8s)
  [Epoch 247] Batch 50/93 (54%)
[Epoch 247/700] train_loss=0.1333 val_loss=0.1363 lr=7.23e-04 (8s)
  [Epoch 248] Batch 50/93 (54%)
[Epoch 248/700] train_loss=0.1364 val_loss=0.1283 lr=7.21e-04 (7s)
  [Epoch 249] Batch 50/93 (54%)
[Epoch 249/700] train_loss=0.1375 val_loss=0.1391 lr=7.19e-04 (7s)
  [Epoch 250] Batch 50/93 (54%)
[Epoch 250/700] train_loss=0.1334 val_loss=0.1334 lr=7.17e-04 (7s)
  [Epoch 251] Batch 50/93 (54%)
[Epoch 251/700] train_loss=0.1357 val_loss=0.1291 lr=7.15e-04 (8s)
  [Epoch 252] Batch 50/93 (54%)
[Epoch 252/700] train_loss=0.1328 val_loss=0.1328 lr=7.13e-04 (10s)
  [Epoch 253] Batch 50/93 (54%)
[Epoch 253/700] train_loss=0.1355 val_loss=0.1360 lr=7.11e-04 (9s)
  [Epoch 254] Batch 50/93 (54%)
[Epoch 254/700] train_loss=0.1354 val_loss=0.1363 lr=7.09e-04 (8s)
  [Epoch 255] Batch 50/93 (54%)
[Epoch 255/700] train_loss=0.1347 val_loss=0.1370 lr=7.07e-04 (8s)
  [Epoch 256] Batch 50/93 (54%)
[Epoch 256/700] train_loss=0.1330 val_loss=0.1288 lr=7.05e-04 (8s)
  [Epoch 257] Batch 50/93 (54%)
[Epoch 257/700] train_loss=0.1371 val_loss=0.1318 lr=7.03e-04 (8s)
  [Epoch 258] Batch 50/93 (54%)
[Epoch 258/700] train_loss=0.1331 val_loss=0.1315 lr=7.01e-04 (8s)
  [Epoch 259] Batch 50/93 (54%)
[Epoch 259/700] train_loss=0.1354 val_loss=0.1324 lr=6.99e-04 (8s)
  [Epoch 260] Batch 50/93 (54%)
[Epoch 260/700] train_loss=0.1343 val_loss=0.1367 lr=6.97e-04 (8s)
  [Epoch 261] Batch 50/93 (54%)
[Epoch 261/700] train_loss=0.1357 val_loss=0.1298 lr=6.94e-04 (8s)
  [Epoch 262] Batch 50/93 (54%)
[Epoch 262/700] train_loss=0.1343 val_loss=0.1318 lr=6.92e-04 (8s)
  [Epoch 263] Batch 50/93 (54%)
[Epoch 263/700] train_loss=0.1359 val_loss=0.1311 lr=6.90e-04 (8s)
  [Epoch 264] Batch 50/93 (54%)
[Epoch 264/700] train_loss=0.1343 val_loss=0.1363 lr=6.88e-04 (8s)
  [Epoch 265] Batch 50/93 (54%)
[Epoch 265/700] train_loss=0.1333 val_loss=0.1285 lr=6.86e-04 (9s)
  [Epoch 266] Batch 50/93 (54%)
[Epoch 266/700] train_loss=0.1356 val_loss=0.1303 lr=6.84e-04 (10s)
  [Epoch 267] Batch 50/93 (54%)
[Epoch 267/700] train_loss=0.1335 val_loss=0.1313 lr=6.82e-04 (8s)
  [Epoch 268] Batch 50/93 (54%)
[Epoch 268/700] train_loss=0.1353 val_loss=0.1314 lr=6.80e-04 (8s)
  [Epoch 269] Batch 50/93 (54%)
[Epoch 269/700] train_loss=0.1340 val_loss=0.1315 lr=6.78e-04 (8s)
  [Epoch 270] Batch 50/93 (54%)
[Epoch 270/700] train_loss=0.1332 val_loss=0.1309 lr=6.76e-04 (8s)
  [Epoch 271] Batch 50/93 (54%)
[Epoch 271/700] train_loss=0.1306 val_loss=0.1307 lr=6.74e-04 (7s)
  [Epoch 272] Batch 50/93 (54%)
[Epoch 272/700] train_loss=0.1333 val_loss=0.1362 lr=6.71e-04 (8s)
  [Epoch 273] Batch 50/93 (54%)
[Epoch 273/700] train_loss=0.1337 val_loss=0.1306 lr=6.69e-04 (8s)
  [Epoch 274] Batch 50/93 (54%)
[Epoch 274/700] train_loss=0.1353 val_loss=0.1312 lr=6.67e-04 (8s)
  [Epoch 275] Batch 50/93 (54%)
[Epoch 275/700] train_loss=0.1320 val_loss=0.1288 lr=6.65e-04 (7s)
  [Epoch 276] Batch 50/93 (54%)
[Epoch 276/700] train_loss=0.1358 val_loss=0.1332 lr=6.63e-04 (7s)
  [Epoch 277] Batch 50/93 (54%)
[Epoch 277/700] train_loss=0.1370 val_loss=0.1332 lr=6.61e-04 (8s)
  [Epoch 278] Batch 50/93 (54%)
[Epoch 278/700] train_loss=0.1322 val_loss=0.1332 lr=6.59e-04 (9s)
  [Epoch 279] Batch 50/93 (54%)
[Epoch 279/700] train_loss=0.1319 val_loss=0.1306 lr=6.57e-04 (8s)
  [Epoch 280] Batch 50/93 (54%)
[Epoch 280/700] train_loss=0.1356 val_loss=0.1310 lr=6.55e-04 (8s)
  [Epoch 281] Batch 50/93 (54%)
[Epoch 281/700] train_loss=0.1326 val_loss=0.1334 lr=6.52e-04 (8s)
  [Epoch 282] Batch 50/93 (54%)
[Epoch 282/700] train_loss=0.1316 val_loss=0.1285 lr=6.50e-04 (8s)
  [Epoch 283] Batch 50/93 (54%)
[Epoch 283/700] train_loss=0.1325 val_loss=0.1311 lr=6.48e-04 (8s)
  [Epoch 284] Batch 50/93 (54%)
[Epoch 284/700] train_loss=0.1319 val_loss=0.1284 lr=6.46e-04 (7s)
  [Epoch 285] Batch 50/93 (54%)
[Epoch 285/700] train_loss=0.1341 val_loss=0.1253 lr=6.44e-04 (8s)
Metric val/loss improved by 0.003 >= min_delta = 0.0. New best score: 0.125
  [Epoch 286] Batch 50/93 (54%)
[Epoch 286/700] train_loss=0.1313 val_loss=0.1315 lr=6.42e-04 (7s)
  [Epoch 287] Batch 50/93 (54%)
[Epoch 287/700] train_loss=0.1312 val_loss=0.1408 lr=6.39e-04 (8s)
  [Epoch 288] Batch 50/93 (54%)
[Epoch 288/700] train_loss=0.1337 val_loss=0.1311 lr=6.37e-04 (8s)
  [Epoch 289] Batch 50/93 (54%)
[Epoch 289/700] train_loss=0.1336 val_loss=0.1294 lr=6.35e-04 (8s)
  [Epoch 290] Batch 50/93 (54%)
[Epoch 290/700] train_loss=0.1315 val_loss=0.1325 lr=6.33e-04 (8s)
  [Epoch 291] Batch 50/93 (54%)
[Epoch 291/700] train_loss=0.1345 val_loss=0.1282 lr=6.31e-04 (8s)
  [Epoch 292] Batch 50/93 (54%)
[Epoch 292/700] train_loss=0.1345 val_loss=0.1334 lr=6.29e-04 (8s)
  [Epoch 293] Batch 50/93 (54%)
[Epoch 293/700] train_loss=0.1314 val_loss=0.1351 lr=6.27e-04 (7s)
  [Epoch 294] Batch 50/93 (54%)
[Epoch 294/700] train_loss=0.1361 val_loss=0.1262 lr=6.24e-04 (8s)
  [Epoch 295] Batch 50/93 (54%)
[Epoch 295/700] train_loss=0.1326 val_loss=0.1367 lr=6.22e-04 (8s)
  [Epoch 296] Batch 50/93 (54%)
[Epoch 296/700] train_loss=0.1320 val_loss=0.1306 lr=6.20e-04 (8s)
  [Epoch 297] Batch 50/93 (54%)
[Epoch 297/700] train_loss=0.1331 val_loss=0.1240 lr=6.18e-04 (8s)
Metric val/loss improved by 0.001 >= min_delta = 0.0. New best score: 0.124
  [Epoch 298] Batch 50/93 (54%)
[Epoch 298/700] train_loss=0.1308 val_loss=0.1312 lr=6.16e-04 (7s)
  [Epoch 299] Batch 50/93 (54%)
[Epoch 299/700] train_loss=0.1336 val_loss=0.1360 lr=6.13e-04 (8s)
  [Epoch 300] Batch 50/93 (54%)
[Epoch 300/700] train_loss=0.1339 val_loss=0.1329 lr=6.11e-04 (8s)
  [Epoch 301] Batch 50/93 (54%)
[Epoch 301/700] train_loss=0.1291 val_loss=0.1285 lr=6.09e-04 (8s)
  [Epoch 302] Batch 50/93 (54%)
[Epoch 302/700] train_loss=0.1311 val_loss=0.1308 lr=6.07e-04 (9s)
  [Epoch 303] Batch 50/93 (54%)
[Epoch 303/700] train_loss=0.1338 val_loss=0.1290 lr=6.05e-04 (8s)
  [Epoch 304] Batch 50/93 (54%)
[Epoch 304/700] train_loss=0.1316 val_loss=0.1362 lr=6.02e-04 (8s)
  [Epoch 305] Batch 50/93 (54%)
[Epoch 305/700] train_loss=0.1324 val_loss=0.1269 lr=6.00e-04 (8s)
  [Epoch 306] Batch 50/93 (54%)
[Epoch 306/700] train_loss=0.1318 val_loss=0.1257 lr=5.98e-04 (7s)
  [Epoch 307] Batch 50/93 (54%)
[Epoch 307/700] train_loss=0.1288 val_loss=0.1368 lr=5.96e-04 (8s)
  [Epoch 308] Batch 50/93 (54%)
[Epoch 308/700] train_loss=0.1328 val_loss=0.1225 lr=5.94e-04 (8s)
Metric val/loss improved by 0.002 >= min_delta = 0.0. New best score: 0.123
  [Epoch 309] Batch 50/93 (54%)
[Epoch 309/700] train_loss=0.1336 val_loss=0.1319 lr=5.91e-04 (8s)
  [Epoch 310] Batch 50/93 (54%)
[Epoch 310/700] train_loss=0.1339 val_loss=0.1244 lr=5.89e-04 (8s)
  [Epoch 311] Batch 50/93 (54%)
[Epoch 311/700] train_loss=0.1313 val_loss=0.1354 lr=5.87e-04 (8s)
  [Epoch 312] Batch 50/93 (54%)
[Epoch 312/700] train_loss=0.1308 val_loss=0.1278 lr=5.85e-04 (8s)
  [Epoch 313] Batch 50/93 (54%)
[Epoch 313/700] train_loss=0.1312 val_loss=0.1255 lr=5.83e-04 (8s)
  [Epoch 314] Batch 50/93 (54%)
[Epoch 314/700] train_loss=0.1301 val_loss=0.1251 lr=5.80e-04 (8s)
  [Epoch 315] Batch 50/93 (54%)
[Epoch 315/700] train_loss=0.1295 val_loss=0.1337 lr=5.78e-04 (7s)
  [Epoch 316] Batch 50/93 (54%)
[Epoch 316/700] train_loss=0.1303 val_loss=0.1279 lr=5.76e-04 (8s)
  [Epoch 317] Batch 50/93 (54%)
[Epoch 317/700] train_loss=0.1291 val_loss=0.1237 lr=5.74e-04 (9s)
  [Epoch 318] Batch 50/93 (54%)
[Epoch 318/700] train_loss=0.1310 val_loss=0.1301 lr=5.72e-04 (7s)
  [Epoch 319] Batch 50/93 (54%)
[Epoch 319/700] train_loss=0.1307 val_loss=0.1295 lr=5.69e-04 (8s)
  [Epoch 320] Batch 50/93 (54%)
[Epoch 320/700] train_loss=0.1310 val_loss=0.1310 lr=5.67e-04 (8s)
  [Epoch 321] Batch 50/93 (54%)
[Epoch 321/700] train_loss=0.1316 val_loss=0.1255 lr=5.65e-04 (8s)
  [Epoch 322] Batch 50/93 (54%)
[Epoch 322/700] train_loss=0.1315 val_loss=0.1268 lr=5.63e-04 (8s)
  [Epoch 323] Batch 50/93 (54%)
[Epoch 323/700] train_loss=0.1299 val_loss=0.1289 lr=5.60e-04 (8s)
  [Epoch 324] Batch 50/93 (54%)
[Epoch 324/700] train_loss=0.1325 val_loss=0.1249 lr=5.58e-04 (7s)
  [Epoch 325] Batch 50/93 (54%)
[Epoch 325/700] train_loss=0.1320 val_loss=0.1242 lr=5.56e-04 (7s)
  [Epoch 326] Batch 50/93 (54%)
[Epoch 326/700] train_loss=0.1331 val_loss=0.1326 lr=5.54e-04 (8s)
  [Epoch 327] Batch 50/93 (54%)
[Epoch 327/700] train_loss=0.1320 val_loss=0.1295 lr=5.52e-04 (9s)
  [Epoch 328] Batch 50/93 (54%)
[Epoch 328/700] train_loss=0.1300 val_loss=0.1276 lr=5.49e-04 (8s)
  [Epoch 329] Batch 50/93 (54%)
[Epoch 329/700] train_loss=0.1289 val_loss=0.1264 lr=5.47e-04 (8s)
  [Epoch 330] Batch 50/93 (54%)
[Epoch 330/700] train_loss=0.1301 val_loss=0.1246 lr=5.45e-04 (8s)
  [Epoch 331] Batch 50/93 (54%)
[Epoch 331/700] train_loss=0.1302 val_loss=0.1237 lr=5.43e-04 (8s)
  [Epoch 332] Batch 50/93 (54%)
[Epoch 332/700] train_loss=0.1320 val_loss=0.1317 lr=5.40e-04 (8s)
  [Epoch 333] Batch 50/93 (54%)
[Epoch 333/700] train_loss=0.1324 val_loss=0.1343 lr=5.38e-04 (8s)
  [Epoch 334] Batch 50/93 (54%)
[Epoch 334/700] train_loss=0.1317 val_loss=0.1316 lr=5.36e-04 (8s)
  [Epoch 335] Batch 50/93 (54%)
[Epoch 335/700] train_loss=0.1321 val_loss=0.1304 lr=5.34e-04 (7s)
  [Epoch 336] Batch 50/93 (54%)
[Epoch 336/700] train_loss=0.1298 val_loss=0.1238 lr=5.31e-04 (8s)
  [Epoch 337] Batch 50/93 (54%)
[Epoch 337/700] train_loss=0.1295 val_loss=0.1247 lr=5.29e-04 (8s)
  [Epoch 338] Batch 50/93 (54%)
[Epoch 338/700] train_loss=0.1283 val_loss=0.1307 lr=5.27e-04 (8s)
  [Epoch 339] Batch 50/93 (54%)
[Epoch 339/700] train_loss=0.1318 val_loss=0.1252 lr=5.25e-04 (8s)
  [Epoch 340] Batch 50/93 (54%)
[Epoch 340/700] train_loss=0.1317 val_loss=0.1213 lr=5.22e-04 (8s)
Metric val/loss improved by 0.001 >= min_delta = 0.0. New best score: 0.121
  [Epoch 341] Batch 50/93 (54%)
[Epoch 341/700] train_loss=0.1314 val_loss=0.1348 lr=5.20e-04 (8s)
  [Epoch 342] Batch 50/93 (54%)
[Epoch 342/700] train_loss=0.1299 val_loss=0.1218 lr=5.18e-04 (8s)
  [Epoch 343] Batch 50/93 (54%)
[Epoch 343/700] train_loss=0.1297 val_loss=0.1321 lr=5.16e-04 (7s)
  [Epoch 344] Batch 50/93 (54%)
[Epoch 344/700] train_loss=0.1291 val_loss=0.1281 lr=5.13e-04 (8s)
  [Epoch 345] Batch 50/93 (54%)
[Epoch 345/700] train_loss=0.1300 val_loss=0.1318 lr=5.11e-04 (8s)
  [Epoch 346] Batch 50/93 (54%)
[Epoch 346/700] train_loss=0.1279 val_loss=0.1235 lr=5.09e-04 (8s)
  [Epoch 347] Batch 50/93 (54%)
[Epoch 347/700] train_loss=0.1294 val_loss=0.1339 lr=5.07e-04 (8s)
  [Epoch 348] Batch 50/93 (54%)
[Epoch 348/700] train_loss=0.1300 val_loss=0.1237 lr=5.04e-04 (9s)
  [Epoch 349] Batch 50/93 (54%)
[Epoch 349/700] train_loss=0.1299 val_loss=0.1293 lr=5.02e-04 (11s)
  [Epoch 350] Batch 50/93 (54%)
[Epoch 350/700] train_loss=0.1271 val_loss=0.1314 lr=5.00e-04 (8s)
  [Epoch 351] Batch 50/93 (54%)
[Epoch 351/700] train_loss=0.1300 val_loss=0.1250 lr=4.98e-04 (8s)
  [Epoch 352] Batch 50/93 (54%)
[Epoch 352/700] train_loss=0.1297 val_loss=0.1330 lr=4.96e-04 (7s)
  [Epoch 353] Batch 50/93 (54%)
[Epoch 353/700] train_loss=0.1296 val_loss=0.1237 lr=4.93e-04 (8s)
  [Epoch 354] Batch 50/93 (54%)
[Epoch 354/700] train_loss=0.1323 val_loss=0.1309 lr=4.91e-04 (8s)
  [Epoch 355] Batch 50/93 (54%)
[Epoch 355/700] train_loss=0.1309 val_loss=0.1264 lr=4.89e-04 (8s)
  [Epoch 356] Batch 50/93 (54%)
[Epoch 356/700] train_loss=0.1302 val_loss=0.1264 lr=4.87e-04 (7s)
  [Epoch 357] Batch 50/93 (54%)
[Epoch 357/700] train_loss=0.1314 val_loss=0.1244 lr=4.84e-04 (7s)
  [Epoch 358] Batch 50/93 (54%)
[Epoch 358/700] train_loss=0.1276 val_loss=0.1297 lr=4.82e-04 (8s)
  [Epoch 359] Batch 50/93 (54%)
[Epoch 359/700] train_loss=0.1311 val_loss=0.1336 lr=4.80e-04 (8s)
  [Epoch 360] Batch 50/93 (54%)
[Epoch 360/700] train_loss=0.1291 val_loss=0.1324 lr=4.78e-04 (7s)
  [Epoch 361] Batch 50/93 (54%)
[Epoch 361/700] train_loss=0.1271 val_loss=0.1240 lr=4.75e-04 (8s)
  [Epoch 362] Batch 50/93 (54%)
[Epoch 362/700] train_loss=0.1296 val_loss=0.1280 lr=4.73e-04 (10s)
  [Epoch 363] Batch 50/93 (54%)
[Epoch 363/700] train_loss=0.1280 val_loss=0.1186 lr=4.71e-04 (12s)
Metric val/loss improved by 0.003 >= min_delta = 0.0. New best score: 0.119
  [Epoch 364] Batch 50/93 (54%)
[Epoch 364/700] train_loss=0.1284 val_loss=0.1308 lr=4.69e-04 (8s)
  [Epoch 365] Batch 50/93 (54%)
[Epoch 365/700] train_loss=0.1302 val_loss=0.1288 lr=4.66e-04 (8s)
  [Epoch 366] Batch 50/93 (54%)
[Epoch 366/700] train_loss=0.1271 val_loss=0.1278 lr=4.64e-04 (7s)
  [Epoch 367] Batch 50/93 (54%)
[Epoch 367/700] train_loss=0.1294 val_loss=0.1200 lr=4.62e-04 (8s)
  [Epoch 368] Batch 50/93 (54%)
[Epoch 368/700] train_loss=0.1290 val_loss=0.1249 lr=4.60e-04 (9s)
  [Epoch 369] Batch 50/93 (54%)
[Epoch 369/700] train_loss=0.1300 val_loss=0.1225 lr=4.57e-04 (7s)
  [Epoch 370] Batch 50/93 (54%)
[Epoch 370/700] train_loss=0.1268 val_loss=0.1264 lr=4.55e-04 (8s)
  [Epoch 371] Batch 50/93 (54%)
[Epoch 371/700] train_loss=0.1302 val_loss=0.1227 lr=4.53e-04 (8s)
  [Epoch 372] Batch 50/93 (54%)
[Epoch 372/700] train_loss=0.1297 val_loss=0.1284 lr=4.51e-04 (8s)
  [Epoch 373] Batch 50/93 (54%)
[Epoch 373/700] train_loss=0.1276 val_loss=0.1232 lr=4.48e-04 (8s)
  [Epoch 374] Batch 50/93 (54%)
[Epoch 374/700] train_loss=0.1275 val_loss=0.1277 lr=4.46e-04 (10s)
  [Epoch 375] Batch 50/93 (54%)
[Epoch 375/700] train_loss=0.1294 val_loss=0.1307 lr=4.44e-04 (8s)
  [Epoch 376] Batch 50/93 (54%)
[Epoch 376/700] train_loss=0.1273 val_loss=0.1271 lr=4.42e-04 (8s)
  [Epoch 377] Batch 50/93 (54%)
[Epoch 377/700] train_loss=0.1303 val_loss=0.1260 lr=4.40e-04 (9s)
  [Epoch 378] Batch 50/93 (54%)
[Epoch 378/700] train_loss=0.1280 val_loss=0.1253 lr=4.37e-04 (8s)
  [Epoch 379] Batch 50/93 (54%)
[Epoch 379/700] train_loss=0.1283 val_loss=0.1203 lr=4.35e-04 (8s)
  [Epoch 380] Batch 50/93 (54%)
[Epoch 380/700] train_loss=0.1294 val_loss=0.1237 lr=4.33e-04 (8s)
  [Epoch 381] Batch 50/93 (54%)
[Epoch 381/700] train_loss=0.1280 val_loss=0.1335 lr=4.31e-04 (8s)
  [Epoch 382] Batch 50/93 (54%)
[Epoch 382/700] train_loss=0.1290 val_loss=0.1275 lr=4.28e-04 (9s)
  [Epoch 383] Batch 50/93 (54%)
[Epoch 383/700] train_loss=0.1309 val_loss=0.1256 lr=4.26e-04 (8s)
  [Epoch 384] Batch 50/93 (54%)
[Epoch 384/700] train_loss=0.1292 val_loss=0.1227 lr=4.24e-04 (8s)
  [Epoch 385] Batch 50/93 (54%)
[Epoch 385/700] train_loss=0.1298 val_loss=0.1259 lr=4.22e-04 (8s)
  [Epoch 386] Batch 50/93 (54%)
[Epoch 386/700] train_loss=0.1282 val_loss=0.1289 lr=4.20e-04 (7s)
  [Epoch 387] Batch 50/93 (54%)
[Epoch 387/700] train_loss=0.1306 val_loss=0.1244 lr=4.17e-04 (8s)
  [Epoch 388] Batch 50/93 (54%)
[Epoch 388/700] train_loss=0.1306 val_loss=0.1281 lr=4.15e-04 (8s)
  [Epoch 389] Batch 50/93 (54%)
[Epoch 389/700] train_loss=0.1266 val_loss=0.1294 lr=4.13e-04 (8s)
  [Epoch 390] Batch 50/93 (54%)
[Epoch 390/700] train_loss=0.1277 val_loss=0.1239 lr=4.11e-04 (8s)
  [Epoch 391] Batch 50/93 (54%)
[Epoch 391/700] train_loss=0.1277 val_loss=0.1306 lr=4.09e-04 (8s)
  [Epoch 392] Batch 50/93 (54%)
[Epoch 392/700] train_loss=0.1267 val_loss=0.1268 lr=4.06e-04 (8s)
  [Epoch 393] Batch 50/93 (54%)
[Epoch 393/700] train_loss=0.1278 val_loss=0.1302 lr=4.04e-04 (8s)
  [Epoch 394] Batch 50/93 (54%)
[Epoch 394/700] train_loss=0.1271 val_loss=0.1223 lr=4.02e-04 (8s)
  [Epoch 395] Batch 50/93 (54%)
[Epoch 395/700] train_loss=0.1291 val_loss=0.1314 lr=4.00e-04 (8s)
  [Epoch 396] Batch 50/93 (54%)
[Epoch 396/700] train_loss=0.1271 val_loss=0.1199 lr=3.98e-04 (8s)
  [Epoch 397] Batch 50/93 (54%)
[Epoch 397/700] train_loss=0.1320 val_loss=0.1252 lr=3.95e-04 (7s)
  [Epoch 398] Batch 50/93 (54%)
[Epoch 398/700] train_loss=0.1300 val_loss=0.1330 lr=3.93e-04 (8s)
  [Epoch 399] Batch 50/93 (54%)
[Epoch 399/700] train_loss=0.1271 val_loss=0.1303 lr=3.91e-04 (8s)
  [Epoch 400] Batch 50/93 (54%)
[Epoch 400/700] train_loss=0.1303 val_loss=0.1242 lr=3.89e-04 (9s)
  [Epoch 401] Batch 50/93 (54%)
[Epoch 401/700] train_loss=0.1290 val_loss=0.1296 lr=3.87e-04 (7s)
  [Epoch 402] Batch 50/93 (54%)
[Epoch 402/700] train_loss=0.1262 val_loss=0.1255 lr=3.84e-04 (7s)
  [Epoch 403] Batch 50/93 (54%)
[Epoch 403/700] train_loss=0.1273 val_loss=0.1258 lr=3.82e-04 (8s)
  [Epoch 404] Batch 50/93 (54%)
[Epoch 404/700] train_loss=0.1304 val_loss=0.1292 lr=3.80e-04 (8s)
  [Epoch 405] Batch 50/93 (54%)
[Epoch 405/700] train_loss=0.1278 val_loss=0.1269 lr=3.78e-04 (7s)
  [Epoch 406] Batch 50/93 (54%)
[Epoch 406/700] train_loss=0.1271 val_loss=0.1321 lr=3.76e-04 (7s)
  [Epoch 407] Batch 50/93 (54%)
[Epoch 407/700] train_loss=0.1245 val_loss=0.1263 lr=3.73e-04 (8s)
  [Epoch 408] Batch 50/93 (54%)
[Epoch 408/700] train_loss=0.1270 val_loss=0.1244 lr=3.71e-04 (8s)
  [Epoch 409] Batch 50/93 (54%)
[Epoch 409/700] train_loss=0.1275 val_loss=0.1280 lr=3.69e-04 (8s)
  [Epoch 410] Batch 50/93 (54%)
[Epoch 410/700] train_loss=0.1300 val_loss=0.1257 lr=3.67e-04 (8s)
  [Epoch 411] Batch 50/93 (54%)
[Epoch 411/700] train_loss=0.1239 val_loss=0.1186 lr=3.65e-04 (8s)
  [Epoch 412] Batch 50/93 (54%)
[Epoch 412/700] train_loss=0.1275 val_loss=0.1302 lr=3.63e-04 (8s)
  [Epoch 413] Batch 50/93 (54%)
[Epoch 413/700] train_loss=0.1284 val_loss=0.1252 lr=3.61e-04 (8s)
Monitored metric val/loss did not improve in the last 50 records. Best score: 0.119. Signaling Trainer to stop.

[Training] Completed!

✓ Training completed!
  Final checkpoint: /public/home/xiongzhzh2023/PT4ConTSG/experiments/20260407_164206_synth-u_verbalts/checkpoints/finetune/finetune-epoch=362-val/loss=0.1186.ckpt
  Experiment: experiments/20260407_164206_synth-u_verbalts

Running automatic evaluation...
Loading weights:   0%|          | 0/197 [00:00<?, ?it/s]Loading weights: 100%|██████████| 197/197 [00:00<00:00, 3697.04it/s]
[1mCLIPTextModelWithProjection LOAD REPORT[0m from: ./checkpoints/longclip
Key                                                            | Status     |  | 
---------------------------------------------------------------+------------+--+-
vision_model.encoder.layers.{0...23}.layer_norm2.bias          | UNEXPECTED |  | 
vision_model.encoder.layers.{0...23}.self_attn.v_proj.bias     | UNEXPECTED |  | 
vision_model.encoder.layers.{0...23}.self_attn.k_proj.bias     | UNEXPECTED |  | 
vision_model.encoder.layers.{0...23}.layer_norm2.weight        | UNEXPECTED |  | 
vision_model.encoder.layers.{0...23}.mlp.fc1.weight            | UNEXPECTED |  | 
vision_model.encoder.layers.{0...23}.mlp.fc2.weight            | UNEXPECTED |  | 
vision_model.encoder.layers.{0...23}.layer_norm1.weight        | UNEXPECTED |  | 
vision_model.encoder.layers.{0...23}.self_attn.out_proj.weight | UNEXPECTED |  | 
vision_model.encoder.layers.{0...23}.layer_norm1.bias          | UNEXPECTED |  | 
vision_model.encoder.layers.{0...23}.self_attn.k_proj.weight   | UNEXPECTED |  | 
vision_model.encoder.layers.{0...23}.mlp.fc1.bias              | UNEXPECTED |  | 
vision_model.encoder.layers.{0...23}.self_attn.q_proj.bias     | UNEXPECTED |  | 
vision_model.encoder.layers.{0...23}.self_attn.q_proj.weight   | UNEXPECTED |  | 
vision_model.encoder.layers.{0...23}.self_attn.v_proj.weight   | UNEXPECTED |  | 
vision_model.encoder.layers.{0...23}.self_attn.out_proj.bias   | UNEXPECTED |  | 
vision_model.encoder.layers.{0...23}.mlp.fc2.bias              | UNEXPECTED |  | 
vision_model.embeddings.position_embedding.weight              | UNEXPECTED |  | 
vision_model.embeddings.patch_embedding.weight                 | UNEXPECTED |  | 
logit_scale                                                    | UNEXPECTED |  | 
vision_model.pre_layrnorm.bias                                 | UNEXPECTED |  | 
vision_model.post_layernorm.bias                               | UNEXPECTED |  | 
vision_model.post_layernorm.weight                             | UNEXPECTED |  | 
visual_projection.weight                                       | UNEXPECTED |  | 
vision_model.embeddings.class_embedding                        | UNEXPECTED |  | 
vision_model.pre_layrnorm.weight                               | UNEXPECTED |  | 

[3mNotes:
- UNEXPECTED[3m	:can be ignored when loading from different task/architecture; not ok if you expect identical arch.[0m
[Evaluating (generating)] Starting (0/32)...
[Evaluating (generating)] 1/32 (3%)
[Evaluating (generating)] 4/32 (12%)
[Evaluating (generating)] 7/32 (22%)
[Evaluating (generating)] 10/32 (31%)
[Evaluating (generating)] 13/32 (41%)
[Evaluating (generating)] 16/32 (50%)
[Evaluating (generating)] 20/32 (62%)
[Evaluating (generating)] 23/32 (72%)
[Evaluating (generating)] 26/32 (81%)
[Evaluating (generating)] 29/32 (91%)
[Evaluating (generating)] 32/32 (100%)
[Evaluating (generating)] Completed (32 items)
Evaluation results saved to: experiments/20260407_164206_synth-u_verbalts/results/eval_results.json
          Evaluation Results           
┏━━━━━━━━━━━━━━━━━━━━━━━━━┳━━━━━━━━━━━┓
┃ Metric                  ┃     Value ┃
┡━━━━━━━━━━━━━━━━━━━━━━━━━╇━━━━━━━━━━━┩
│ dtw                     │  4.877252 │
│ wape                    │ 83.833878 │
│ ed                      │  8.546167 │
│ crps                    │  0.422397 │
│ acd                     │  0.063052 │
│ sd                      │  0.034969 │
│ kd                      │  0.394563 │
│ mdd                     │  0.014556 │
│ fid                     │ 28.992939 │
│ jftsd                   │ 31.785194 │
│ cttp                    │ 15.019573 │
│ disc_auc                │  0.976677 │
│ prdc_f1.f1              │  0.339614 │
│ prdc_f1.precision       │  0.528250 │
│ prdc_f1.recall          │  0.250250 │
│ joint_prdc_f1.f1        │  0.675368 │
│ joint_prdc_f1.precision │  0.783000 │
│ joint_prdc_f1.recall    │  0.593750 │
└─────────────────────────┴───────────┘
