Loading config from: configs/generators/verbalts_ettm1.yaml
Model schema mode: relaxed (builtin: VerbalTSModelConfig)
   Configuration Summary    
┌───────────────┬──────────┐
│ Dataset       │ ettm1    │
│ Model         │ verbalts │
│ Epochs        │ 700      │
│ Batch Size    │ 128      │
│ Learning Rate │ 0.001    │
│ Device        │ cuda:0   │
│ Seed          │ 42       │
└───────────────┴──────────┘

Experiment directory: experiments/20260407_174803_ettm1_verbalts
Seed set to 42

Model: verbalts
Creating data module: ettm1

Starting multi-stage training (1 stage(s))...
  Stage 1: finetune (700 epochs, lr=0.001)
/public/home/xiongzhzh2023/Anaconda/envs/contsg/lib/python3.12/site-packages/lightning_fabric/plugins/environments/slurm.py:204: The `srun` command is available on your system but is not used. HINT: If your intention is to run Lightning on SLURM, prepend your python command with `srun` like so: srun python3.1 /public/home/xiongzhzh2023/Anaconda/envs/contsg/b ...
GPU available: True (cuda), used: True
TPU available: False, using: 0 TPU cores
💡 Tip: For seamless cloud logging and experiment tracking, try installing [litlogger](https://pypi.org/project/litlogger/) to enable LitLogger, which logs metrics and artifacts automatically to the Lightning Experiments platform.
`Trainer(limit_train_batches=1.0)` was configured so 100% of the batches per epoch will be used..
`Trainer(limit_val_batches=1.0)` was configured so 100% of the batches will be used..
`Trainer(limit_test_batches=1.0)` was configured so 100% of the batches will be used..
`Trainer(val_check_interval=1.0)` was configured so validation will run at the end of the training epoch..
LOCAL_RANK: 0 - CUDA_VISIBLE_DEVICES: [0,1,2,3]
┏━━━┳━━━━━━━━━━━━━━━━┳━━━━━━━━━━━━━━━━━━━━━━━━━━━━━━┳━━━━━━━━┳━━━━━━━┳━━━━━━━┓
┃   ┃ Name           ┃ Type                         ┃ Params ┃ Mode  ┃ FLOPs ┃
┡━━━╇━━━━━━━━━━━━━━━━╇━━━━━━━━━━━━━━━━━━━━━━━━━━━━━━╇━━━━━━━━╇━━━━━━━╇━━━━━━━┩
│ 0 │ verbalts       │ VerbalTSCore                 │  1.2 M │ train │     0 │
│ 1 │ cond_projector │ TextProjectorMVarMScaleMStep │ 51.3 M │ train │     0 │
└───┴────────────────┴──────────────────────────────┴────────┴───────┴───────┘
Trainable params: 52.5 M                                                                                                                                                                        
Non-trainable params: 0                                                                                                                                                                         
Total params: 52.5 M                                                                                                                                                                            
Total estimated model params size (MB): 209                                                                                                                                                     
Modules in train mode: 233                                                                                                                                                                      
Modules in eval mode: 0                                                                                                                                                                         
Total FLOPs: 0                                                                                                                                                                                  
/public/home/xiongzhzh2023/Anaconda/envs/contsg/lib/python3.12/site-packages/pytorch_lightning/utilities/data.py:79: Trying to infer the `batch_size` from an ambiguous collection. The batch size we found is 128. To avoid any miscalculations, use `self.log(..., batch_size=batch_size)`.

[Training] Starting 700 epochs...
  [Epoch 1] Batch 50/101 (50%)
  [Epoch 1] Batch 100/101 (99%)
/public/home/xiongzhzh2023/Anaconda/envs/contsg/lib/python3.12/site-packages/pytorch_lightning/utilities/data.py:79: Trying to infer the `batch_size` from an ambiguous collection. The batch size we found is 67. To avoid any miscalculations, use `self.log(..., batch_size=batch_size)`.
[Epoch 1/700] train_loss=0.3410 val_loss=0.2076 lr=1.00e-03 (10s)
Metric val/loss improved. New best score: 0.208
  [Epoch 2] Batch 50/101 (50%)
  [Epoch 2] Batch 100/101 (99%)
[Epoch 2/700] train_loss=0.1656 val_loss=0.1674 lr=1.00e-03 (9s)
Metric val/loss improved by 0.040 >= min_delta = 0.0. New best score: 0.167
  [Epoch 3] Batch 50/101 (50%)
  [Epoch 3] Batch 100/101 (99%)
[Epoch 3/700] train_loss=0.1473 val_loss=0.1761 lr=1.00e-03 (10s)
  [Epoch 4] Batch 50/101 (50%)
  [Epoch 4] Batch 100/101 (99%)
[Epoch 4/700] train_loss=0.1387 val_loss=0.1548 lr=1.00e-03 (10s)
Metric val/loss improved by 0.013 >= min_delta = 0.0. New best score: 0.155
  [Epoch 5] Batch 50/101 (50%)
  [Epoch 5] Batch 100/101 (99%)
[Epoch 5/700] train_loss=0.1358 val_loss=0.1557 lr=1.00e-03 (10s)
  [Epoch 6] Batch 50/101 (50%)
  [Epoch 6] Batch 100/101 (99%)
[Epoch 6/700] train_loss=0.1346 val_loss=0.1578 lr=1.00e-03 (11s)
  [Epoch 7] Batch 50/101 (50%)
  [Epoch 7] Batch 100/101 (99%)
[Epoch 7/700] train_loss=0.1286 val_loss=0.1537 lr=1.00e-03 (12s)
Metric val/loss improved by 0.001 >= min_delta = 0.0. New best score: 0.154
  [Epoch 8] Batch 50/101 (50%)
  [Epoch 8] Batch 100/101 (99%)
[Epoch 8/700] train_loss=0.1350 val_loss=0.1505 lr=1.00e-03 (10s)
Metric val/loss improved by 0.003 >= min_delta = 0.0. New best score: 0.150
  [Epoch 9] Batch 50/101 (50%)
  [Epoch 9] Batch 100/101 (99%)
[Epoch 9/700] train_loss=0.1261 val_loss=0.1523 lr=1.00e-03 (10s)
  [Epoch 10] Batch 50/101 (50%)
  [Epoch 10] Batch 100/101 (99%)
[Epoch 10/700] train_loss=0.1255 val_loss=0.1498 lr=9.99e-04 (9s)
Metric val/loss improved by 0.001 >= min_delta = 0.0. New best score: 0.150
  [Epoch 11] Batch 50/101 (50%)
  [Epoch 11] Batch 100/101 (99%)
[Epoch 11/700] train_loss=0.1270 val_loss=0.1412 lr=9.99e-04 (8s)
Metric val/loss improved by 0.009 >= min_delta = 0.0. New best score: 0.141
  [Epoch 12] Batch 50/101 (50%)
  [Epoch 12] Batch 100/101 (99%)
[Epoch 12/700] train_loss=0.1244 val_loss=0.1495 lr=9.99e-04 (10s)
  [Epoch 13] Batch 50/101 (50%)
  [Epoch 13] Batch 100/101 (99%)
[Epoch 13/700] train_loss=0.1261 val_loss=0.1490 lr=9.99e-04 (9s)
  [Epoch 14] Batch 50/101 (50%)
  [Epoch 14] Batch 100/101 (99%)
[Epoch 14/700] train_loss=0.1217 val_loss=0.1438 lr=9.99e-04 (10s)
  [Epoch 15] Batch 50/101 (50%)
  [Epoch 15] Batch 100/101 (99%)
[Epoch 15/700] train_loss=0.1230 val_loss=0.1403 lr=9.99e-04 (11s)
Metric val/loss improved by 0.001 >= min_delta = 0.0. New best score: 0.140
  [Epoch 16] Batch 50/101 (50%)
  [Epoch 16] Batch 100/101 (99%)
[Epoch 16/700] train_loss=0.1205 val_loss=0.1340 lr=9.99e-04 (12s)
Metric val/loss improved by 0.006 >= min_delta = 0.0. New best score: 0.134
  [Epoch 17] Batch 50/101 (50%)
  [Epoch 17] Batch 100/101 (99%)
[Epoch 17/700] train_loss=0.1209 val_loss=0.1367 lr=9.99e-04 (12s)
  [Epoch 18] Batch 50/101 (50%)
  [Epoch 18] Batch 100/101 (99%)
[Epoch 18/700] train_loss=0.1198 val_loss=0.1326 lr=9.98e-04 (9s)
Metric val/loss improved by 0.001 >= min_delta = 0.0. New best score: 0.133
  [Epoch 19] Batch 50/101 (50%)
  [Epoch 19] Batch 100/101 (99%)
[Epoch 19/700] train_loss=0.1189 val_loss=0.1508 lr=9.98e-04 (10s)
  [Epoch 20] Batch 50/101 (50%)
  [Epoch 20] Batch 100/101 (99%)
[Epoch 20/700] train_loss=0.1189 val_loss=0.1429 lr=9.98e-04 (10s)
  [Epoch 21] Batch 50/101 (50%)
  [Epoch 21] Batch 100/101 (99%)
[Epoch 21/700] train_loss=0.1186 val_loss=0.1417 lr=9.98e-04 (11s)
  [Epoch 22] Batch 50/101 (50%)
  [Epoch 22] Batch 100/101 (99%)
[Epoch 22/700] train_loss=0.1154 val_loss=0.1493 lr=9.98e-04 (9s)
  [Epoch 23] Batch 50/101 (50%)
  [Epoch 23] Batch 100/101 (99%)
[Epoch 23/700] train_loss=0.1187 val_loss=0.1343 lr=9.97e-04 (10s)
  [Epoch 24] Batch 50/101 (50%)
  [Epoch 24] Batch 100/101 (99%)
[Epoch 24/700] train_loss=0.1183 val_loss=0.1399 lr=9.97e-04 (10s)
  [Epoch 25] Batch 50/101 (50%)
  [Epoch 25] Batch 100/101 (99%)
[Epoch 25/700] train_loss=0.1141 val_loss=0.1398 lr=9.97e-04 (11s)
  [Epoch 26] Batch 50/101 (50%)
  [Epoch 26] Batch 100/101 (99%)
[Epoch 26/700] train_loss=0.1164 val_loss=0.1313 lr=9.97e-04 (11s)
Metric val/loss improved by 0.001 >= min_delta = 0.0. New best score: 0.131
  [Epoch 27] Batch 50/101 (50%)
  [Epoch 27] Batch 100/101 (99%)
[Epoch 27/700] train_loss=0.1173 val_loss=0.1471 lr=9.96e-04 (7s)
  [Epoch 28] Batch 50/101 (50%)
  [Epoch 28] Batch 100/101 (99%)
[Epoch 28/700] train_loss=0.1152 val_loss=0.1416 lr=9.96e-04 (7s)
  [Epoch 29] Batch 50/101 (50%)
  [Epoch 29] Batch 100/101 (99%)
[Epoch 29/700] train_loss=0.1166 val_loss=0.1398 lr=9.96e-04 (10s)
  [Epoch 30] Batch 50/101 (50%)
  [Epoch 30] Batch 100/101 (99%)
[Epoch 30/700] train_loss=0.1169 val_loss=0.1376 lr=9.95e-04 (8s)
  [Epoch 31] Batch 50/101 (50%)
  [Epoch 31] Batch 100/101 (99%)
[Epoch 31/700] train_loss=0.1120 val_loss=0.1474 lr=9.95e-04 (10s)
  [Epoch 32] Batch 50/101 (50%)
  [Epoch 32] Batch 100/101 (99%)
[Epoch 32/700] train_loss=0.1135 val_loss=0.1425 lr=9.95e-04 (9s)
  [Epoch 33] Batch 50/101 (50%)
  [Epoch 33] Batch 100/101 (99%)
[Epoch 33/700] train_loss=0.1134 val_loss=0.1470 lr=9.95e-04 (10s)
  [Epoch 34] Batch 50/101 (50%)
  [Epoch 34] Batch 100/101 (99%)
[Epoch 34/700] train_loss=0.1177 val_loss=0.1361 lr=9.94e-04 (10s)
  [Epoch 35] Batch 50/101 (50%)
  [Epoch 35] Batch 100/101 (99%)
[Epoch 35/700] train_loss=0.1130 val_loss=0.1334 lr=9.94e-04 (11s)
  [Epoch 36] Batch 50/101 (50%)
  [Epoch 36] Batch 100/101 (99%)
[Epoch 36/700] train_loss=0.1154 val_loss=0.1398 lr=9.93e-04 (8s)
  [Epoch 37] Batch 50/101 (50%)
  [Epoch 37] Batch 100/101 (99%)
[Epoch 37/700] train_loss=0.1117 val_loss=0.1467 lr=9.93e-04 (7s)
  [Epoch 38] Batch 50/101 (50%)
  [Epoch 38] Batch 100/101 (99%)
[Epoch 38/700] train_loss=0.1147 val_loss=0.1340 lr=9.93e-04 (7s)
  [Epoch 39] Batch 50/101 (50%)
  [Epoch 39] Batch 100/101 (99%)
[Epoch 39/700] train_loss=0.1142 val_loss=0.1330 lr=9.92e-04 (9s)
  [Epoch 40] Batch 50/101 (50%)
  [Epoch 40] Batch 100/101 (99%)
[Epoch 40/700] train_loss=0.1159 val_loss=0.1297 lr=9.92e-04 (10s)
Metric val/loss improved by 0.002 >= min_delta = 0.0. New best score: 0.130
  [Epoch 41] Batch 50/101 (50%)
  [Epoch 41] Batch 100/101 (99%)
[Epoch 41/700] train_loss=0.1116 val_loss=0.1408 lr=9.92e-04 (9s)
  [Epoch 42] Batch 50/101 (50%)
  [Epoch 42] Batch 100/101 (99%)
[Epoch 42/700] train_loss=0.1148 val_loss=0.1382 lr=9.91e-04 (10s)
  [Epoch 43] Batch 50/101 (50%)
  [Epoch 43] Batch 100/101 (99%)
[Epoch 43/700] train_loss=0.1147 val_loss=0.1371 lr=9.91e-04 (9s)
  [Epoch 44] Batch 50/101 (50%)
  [Epoch 44] Batch 100/101 (99%)
[Epoch 44/700] train_loss=0.1141 val_loss=0.1409 lr=9.90e-04 (9s)
  [Epoch 45] Batch 50/101 (50%)
  [Epoch 45] Batch 100/101 (99%)
[Epoch 45/700] train_loss=0.1157 val_loss=0.1378 lr=9.90e-04 (6s)
  [Epoch 46] Batch 50/101 (50%)
  [Epoch 46] Batch 100/101 (99%)
[Epoch 46/700] train_loss=0.1145 val_loss=0.1253 lr=9.89e-04 (7s)
Metric val/loss improved by 0.004 >= min_delta = 0.0. New best score: 0.125
  [Epoch 47] Batch 50/101 (50%)
  [Epoch 47] Batch 100/101 (99%)
[Epoch 47/700] train_loss=0.1132 val_loss=0.1317 lr=9.89e-04 (6s)
  [Epoch 48] Batch 50/101 (50%)
  [Epoch 48] Batch 100/101 (99%)
[Epoch 48/700] train_loss=0.1138 val_loss=0.1271 lr=9.88e-04 (8s)
  [Epoch 49] Batch 50/101 (50%)
  [Epoch 49] Batch 100/101 (99%)
[Epoch 49/700] train_loss=0.1149 val_loss=0.1303 lr=9.88e-04 (11s)
  [Epoch 50] Batch 50/101 (50%)
  [Epoch 50] Batch 100/101 (99%)
[Epoch 50/700] train_loss=0.1136 val_loss=0.1288 lr=9.87e-04 (9s)
  [Epoch 51] Batch 50/101 (50%)
  [Epoch 51] Batch 100/101 (99%)
[Epoch 51/700] train_loss=0.1127 val_loss=0.1344 lr=9.87e-04 (10s)
  [Epoch 52] Batch 50/101 (50%)
  [Epoch 52] Batch 100/101 (99%)
[Epoch 52/700] train_loss=0.1120 val_loss=0.1380 lr=9.86e-04 (10s)
  [Epoch 53] Batch 50/101 (50%)
  [Epoch 53] Batch 100/101 (99%)
[Epoch 53/700] train_loss=0.1137 val_loss=0.1303 lr=9.86e-04 (9s)
  [Epoch 54] Batch 50/101 (50%)
  [Epoch 54] Batch 100/101 (99%)
[Epoch 54/700] train_loss=0.1111 val_loss=0.1319 lr=9.85e-04 (9s)
  [Epoch 55] Batch 50/101 (50%)
  [Epoch 55] Batch 100/101 (99%)
[Epoch 55/700] train_loss=0.1122 val_loss=0.1324 lr=9.85e-04 (10s)
  [Epoch 56] Batch 50/101 (50%)
  [Epoch 56] Batch 100/101 (99%)
[Epoch 56/700] train_loss=0.1137 val_loss=0.1473 lr=9.84e-04 (10s)
  [Epoch 57] Batch 50/101 (50%)
  [Epoch 57] Batch 100/101 (99%)
[Epoch 57/700] train_loss=0.1102 val_loss=0.1365 lr=9.84e-04 (11s)
  [Epoch 58] Batch 50/101 (50%)
  [Epoch 58] Batch 100/101 (99%)
[Epoch 58/700] train_loss=0.1089 val_loss=0.1308 lr=9.83e-04 (12s)
  [Epoch 59] Batch 50/101 (50%)
  [Epoch 59] Batch 100/101 (99%)
[Epoch 59/700] train_loss=0.1115 val_loss=0.1387 lr=9.83e-04 (9s)
  [Epoch 60] Batch 50/101 (50%)
  [Epoch 60] Batch 100/101 (99%)
[Epoch 60/700] train_loss=0.1150 val_loss=0.1275 lr=9.82e-04 (10s)
  [Epoch 61] Batch 50/101 (50%)
  [Epoch 61] Batch 100/101 (99%)
[Epoch 61/700] train_loss=0.1097 val_loss=0.1287 lr=9.81e-04 (11s)
  [Epoch 62] Batch 50/101 (50%)
  [Epoch 62] Batch 100/101 (99%)
[Epoch 62/700] train_loss=0.1113 val_loss=0.1329 lr=9.81e-04 (11s)
  [Epoch 63] Batch 50/101 (50%)
  [Epoch 63] Batch 100/101 (99%)
[Epoch 63/700] train_loss=0.1091 val_loss=0.1412 lr=9.80e-04 (10s)
  [Epoch 64] Batch 50/101 (50%)
  [Epoch 64] Batch 100/101 (99%)
[Epoch 64/700] train_loss=0.1119 val_loss=0.1414 lr=9.80e-04 (10s)
  [Epoch 65] Batch 50/101 (50%)
  [Epoch 65] Batch 100/101 (99%)
[Epoch 65/700] train_loss=0.1083 val_loss=0.1429 lr=9.79e-04 (10s)
  [Epoch 66] Batch 50/101 (50%)
  [Epoch 66] Batch 100/101 (99%)
[Epoch 66/700] train_loss=0.1130 val_loss=0.1355 lr=9.78e-04 (11s)
  [Epoch 67] Batch 50/101 (50%)
  [Epoch 67] Batch 100/101 (99%)
[Epoch 67/700] train_loss=0.1103 val_loss=0.1352 lr=9.78e-04 (10s)
  [Epoch 68] Batch 50/101 (50%)
  [Epoch 68] Batch 100/101 (99%)
[Epoch 68/700] train_loss=0.1087 val_loss=0.1349 lr=9.77e-04 (10s)
  [Epoch 69] Batch 50/101 (50%)
  [Epoch 69] Batch 100/101 (99%)
[Epoch 69/700] train_loss=0.1122 val_loss=0.1368 lr=9.76e-04 (9s)
  [Epoch 70] Batch 50/101 (50%)
  [Epoch 70] Batch 100/101 (99%)
[Epoch 70/700] train_loss=0.1107 val_loss=0.1329 lr=9.76e-04 (11s)
  [Epoch 71] Batch 50/101 (50%)
  [Epoch 71] Batch 100/101 (99%)
[Epoch 71/700] train_loss=0.1075 val_loss=0.1269 lr=9.75e-04 (10s)
  [Epoch 72] Batch 50/101 (50%)
  [Epoch 72] Batch 100/101 (99%)
[Epoch 72/700] train_loss=0.1115 val_loss=0.1326 lr=9.74e-04 (11s)
  [Epoch 73] Batch 50/101 (50%)
  [Epoch 73] Batch 100/101 (99%)
[Epoch 73/700] train_loss=0.1081 val_loss=0.1336 lr=9.73e-04 (9s)
  [Epoch 74] Batch 50/101 (50%)
  [Epoch 74] Batch 100/101 (99%)
[Epoch 74/700] train_loss=0.1093 val_loss=0.1300 lr=9.73e-04 (10s)
  [Epoch 75] Batch 50/101 (50%)
  [Epoch 75] Batch 100/101 (99%)
[Epoch 75/700] train_loss=0.1088 val_loss=0.1348 lr=9.72e-04 (9s)
  [Epoch 76] Batch 50/101 (50%)
  [Epoch 76] Batch 100/101 (99%)
[Epoch 76/700] train_loss=0.1092 val_loss=0.1349 lr=9.71e-04 (10s)
  [Epoch 77] Batch 50/101 (50%)
  [Epoch 77] Batch 100/101 (99%)
[Epoch 77/700] train_loss=0.1082 val_loss=0.1388 lr=9.70e-04 (10s)
  [Epoch 78] Batch 50/101 (50%)
  [Epoch 78] Batch 100/101 (99%)
[Epoch 78/700] train_loss=0.1114 val_loss=0.1336 lr=9.70e-04 (12s)
  [Epoch 79] Batch 50/101 (50%)
  [Epoch 79] Batch 100/101 (99%)
[Epoch 79/700] train_loss=0.1070 val_loss=0.1295 lr=9.69e-04 (11s)
  [Epoch 80] Batch 50/101 (50%)
  [Epoch 80] Batch 100/101 (99%)
[Epoch 80/700] train_loss=0.1126 val_loss=0.1251 lr=9.68e-04 (10s)
Metric val/loss improved by 0.000 >= min_delta = 0.0. New best score: 0.125
  [Epoch 81] Batch 50/101 (50%)
  [Epoch 81] Batch 100/101 (99%)
[Epoch 81/700] train_loss=0.1102 val_loss=0.1372 lr=9.67e-04 (9s)
  [Epoch 82] Batch 50/101 (50%)
  [Epoch 82] Batch 100/101 (99%)
[Epoch 82/700] train_loss=0.1117 val_loss=0.1362 lr=9.67e-04 (11s)
  [Epoch 83] Batch 50/101 (50%)
  [Epoch 83] Batch 100/101 (99%)
[Epoch 83/700] train_loss=0.1112 val_loss=0.1405 lr=9.66e-04 (9s)
  [Epoch 84] Batch 50/101 (50%)
  [Epoch 84] Batch 100/101 (99%)
[Epoch 84/700] train_loss=0.1099 val_loss=0.1357 lr=9.65e-04 (10s)
  [Epoch 85] Batch 50/101 (50%)
  [Epoch 85] Batch 100/101 (99%)
[Epoch 85/700] train_loss=0.1107 val_loss=0.1261 lr=9.64e-04 (10s)
  [Epoch 86] Batch 50/101 (50%)
  [Epoch 86] Batch 100/101 (99%)
[Epoch 86/700] train_loss=0.1072 val_loss=0.1246 lr=9.63e-04 (10s)
Metric val/loss improved by 0.001 >= min_delta = 0.0. New best score: 0.125
  [Epoch 87] Batch 50/101 (50%)
  [Epoch 87] Batch 100/101 (99%)
[Epoch 87/700] train_loss=0.1092 val_loss=0.1322 lr=9.62e-04 (9s)
  [Epoch 88] Batch 50/101 (50%)
  [Epoch 88] Batch 100/101 (99%)
[Epoch 88/700] train_loss=0.1104 val_loss=0.1363 lr=9.62e-04 (10s)
  [Epoch 89] Batch 50/101 (50%)
  [Epoch 89] Batch 100/101 (99%)
[Epoch 89/700] train_loss=0.1080 val_loss=0.1201 lr=9.61e-04 (10s)
Metric val/loss improved by 0.004 >= min_delta = 0.0. New best score: 0.120
  [Epoch 90] Batch 50/101 (50%)
  [Epoch 90] Batch 100/101 (99%)
[Epoch 90/700] train_loss=0.1097 val_loss=0.1347 lr=9.60e-04 (11s)
  [Epoch 91] Batch 50/101 (50%)
  [Epoch 91] Batch 100/101 (99%)
[Epoch 91/700] train_loss=0.1095 val_loss=0.1336 lr=9.59e-04 (11s)
  [Epoch 92] Batch 50/101 (50%)
  [Epoch 92] Batch 100/101 (99%)
[Epoch 92/700] train_loss=0.1093 val_loss=0.1245 lr=9.58e-04 (8s)
  [Epoch 93] Batch 50/101 (50%)
  [Epoch 93] Batch 100/101 (99%)
[Epoch 93/700] train_loss=0.1057 val_loss=0.1288 lr=9.57e-04 (9s)
  [Epoch 94] Batch 50/101 (50%)
  [Epoch 94] Batch 100/101 (99%)
[Epoch 94/700] train_loss=0.1076 val_loss=0.1340 lr=9.56e-04 (9s)
  [Epoch 95] Batch 50/101 (50%)
  [Epoch 95] Batch 100/101 (99%)
[Epoch 95/700] train_loss=0.1080 val_loss=0.1350 lr=9.55e-04 (9s)
  [Epoch 96] Batch 50/101 (50%)
  [Epoch 96] Batch 100/101 (99%)
[Epoch 96/700] train_loss=0.1090 val_loss=0.1361 lr=9.54e-04 (10s)
  [Epoch 97] Batch 50/101 (50%)
  [Epoch 97] Batch 100/101 (99%)
[Epoch 97/700] train_loss=0.1095 val_loss=0.1356 lr=9.53e-04 (10s)
  [Epoch 98] Batch 50/101 (50%)
  [Epoch 98] Batch 100/101 (99%)
[Epoch 98/700] train_loss=0.1088 val_loss=0.1240 lr=9.52e-04 (8s)
  [Epoch 99] Batch 50/101 (50%)
  [Epoch 99] Batch 100/101 (99%)
[Epoch 99/700] train_loss=0.1067 val_loss=0.1226 lr=9.51e-04 (7s)
  [Epoch 100] Batch 50/101 (50%)
  [Epoch 100] Batch 100/101 (99%)
[Epoch 100/700] train_loss=0.1059 val_loss=0.1433 lr=9.50e-04 (6s)
  [Epoch 101] Batch 50/101 (50%)
  [Epoch 101] Batch 100/101 (99%)
[Epoch 101/700] train_loss=0.1062 val_loss=0.1313 lr=9.50e-04 (10s)
  [Epoch 102] Batch 50/101 (50%)
  [Epoch 102] Batch 100/101 (99%)
[Epoch 102/700] train_loss=0.1088 val_loss=0.1397 lr=9.49e-04 (11s)
  [Epoch 103] Batch 50/101 (50%)
  [Epoch 103] Batch 100/101 (99%)
[Epoch 103/700] train_loss=0.1082 val_loss=0.1301 lr=9.48e-04 (10s)
  [Epoch 104] Batch 50/101 (50%)
  [Epoch 104] Batch 100/101 (99%)
[Epoch 104/700] train_loss=0.1085 val_loss=0.1337 lr=9.47e-04 (11s)
  [Epoch 105] Batch 50/101 (50%)
  [Epoch 105] Batch 100/101 (99%)
[Epoch 105/700] train_loss=0.1077 val_loss=0.1200 lr=9.46e-04 (9s)
Metric val/loss improved by 0.000 >= min_delta = 0.0. New best score: 0.120
  [Epoch 106] Batch 50/101 (50%)
  [Epoch 106] Batch 100/101 (99%)
[Epoch 106/700] train_loss=0.1109 val_loss=0.1397 lr=9.44e-04 (10s)
  [Epoch 107] Batch 50/101 (50%)
  [Epoch 107] Batch 100/101 (99%)
[Epoch 107/700] train_loss=0.1083 val_loss=0.1332 lr=9.43e-04 (10s)
  [Epoch 108] Batch 50/101 (50%)
  [Epoch 108] Batch 100/101 (99%)
[Epoch 108/700] train_loss=0.1055 val_loss=0.1279 lr=9.42e-04 (10s)
  [Epoch 109] Batch 50/101 (50%)
  [Epoch 109] Batch 100/101 (99%)
[Epoch 109/700] train_loss=0.1039 val_loss=0.1331 lr=9.41e-04 (11s)
  [Epoch 110] Batch 50/101 (50%)
  [Epoch 110] Batch 100/101 (99%)
[Epoch 110/700] train_loss=0.1081 val_loss=0.1253 lr=9.40e-04 (11s)
  [Epoch 111] Batch 50/101 (50%)
  [Epoch 111] Batch 100/101 (99%)
[Epoch 111/700] train_loss=0.1082 val_loss=0.1171 lr=9.39e-04 (10s)
Metric val/loss improved by 0.003 >= min_delta = 0.0. New best score: 0.117
  [Epoch 112] Batch 50/101 (50%)
  [Epoch 112] Batch 100/101 (99%)
[Epoch 112/700] train_loss=0.1086 val_loss=0.1222 lr=9.38e-04 (11s)
  [Epoch 113] Batch 50/101 (50%)
  [Epoch 113] Batch 100/101 (99%)
[Epoch 113/700] train_loss=0.1081 val_loss=0.1298 lr=9.37e-04 (10s)
  [Epoch 114] Batch 50/101 (50%)
  [Epoch 114] Batch 100/101 (99%)
[Epoch 114/700] train_loss=0.1047 val_loss=0.1278 lr=9.36e-04 (9s)
  [Epoch 115] Batch 50/101 (50%)
  [Epoch 115] Batch 100/101 (99%)
[Epoch 115/700] train_loss=0.1047 val_loss=0.1297 lr=9.35e-04 (9s)
  [Epoch 116] Batch 50/101 (50%)
  [Epoch 116] Batch 100/101 (99%)
[Epoch 116/700] train_loss=0.1036 val_loss=0.1194 lr=9.34e-04 (10s)
  [Epoch 117] Batch 50/101 (50%)
  [Epoch 117] Batch 100/101 (99%)
[Epoch 117/700] train_loss=0.1056 val_loss=0.1217 lr=9.33e-04 (11s)
  [Epoch 118] Batch 50/101 (50%)
  [Epoch 118] Batch 100/101 (99%)
[Epoch 118/700] train_loss=0.1038 val_loss=0.1251 lr=9.32e-04 (10s)
  [Epoch 119] Batch 50/101 (50%)
  [Epoch 119] Batch 100/101 (99%)
[Epoch 119/700] train_loss=0.1034 val_loss=0.1299 lr=9.30e-04 (10s)
  [Epoch 120] Batch 50/101 (50%)
  [Epoch 120] Batch 100/101 (99%)
[Epoch 120/700] train_loss=0.1067 val_loss=0.1299 lr=9.29e-04 (10s)
  [Epoch 121] Batch 50/101 (50%)
  [Epoch 121] Batch 100/101 (99%)
[Epoch 121/700] train_loss=0.1052 val_loss=0.1309 lr=9.28e-04 (8s)
  [Epoch 122] Batch 50/101 (50%)
  [Epoch 122] Batch 100/101 (99%)
[Epoch 122/700] train_loss=0.1054 val_loss=0.1240 lr=9.27e-04 (8s)
  [Epoch 123] Batch 50/101 (50%)
  [Epoch 123] Batch 100/101 (99%)
[Epoch 123/700] train_loss=0.1051 val_loss=0.1197 lr=9.26e-04 (10s)
  [Epoch 124] Batch 50/101 (50%)
  [Epoch 124] Batch 100/101 (99%)
[Epoch 124/700] train_loss=0.1057 val_loss=0.1314 lr=9.25e-04 (10s)
  [Epoch 125] Batch 50/101 (50%)
  [Epoch 125] Batch 100/101 (99%)
[Epoch 125/700] train_loss=0.1050 val_loss=0.1335 lr=9.23e-04 (10s)
  [Epoch 126] Batch 50/101 (50%)
  [Epoch 126] Batch 100/101 (99%)
[Epoch 126/700] train_loss=0.1044 val_loss=0.1193 lr=9.22e-04 (8s)
  [Epoch 127] Batch 50/101 (50%)
  [Epoch 127] Batch 100/101 (99%)
[Epoch 127/700] train_loss=0.1030 val_loss=0.1206 lr=9.21e-04 (7s)
  [Epoch 128] Batch 50/101 (50%)
  [Epoch 128] Batch 100/101 (99%)
[Epoch 128/700] train_loss=0.1044 val_loss=0.1357 lr=9.20e-04 (7s)
  [Epoch 129] Batch 50/101 (50%)
  [Epoch 129] Batch 100/101 (99%)
[Epoch 129/700] train_loss=0.1026 val_loss=0.1148 lr=9.19e-04 (7s)
Metric val/loss improved by 0.002 >= min_delta = 0.0. New best score: 0.115
  [Epoch 130] Batch 50/101 (50%)
  [Epoch 130] Batch 100/101 (99%)
[Epoch 130/700] train_loss=0.1041 val_loss=0.1263 lr=9.17e-04 (7s)
  [Epoch 131] Batch 50/101 (50%)
  [Epoch 131] Batch 100/101 (99%)
[Epoch 131/700] train_loss=0.1049 val_loss=0.1273 lr=9.16e-04 (8s)
  [Epoch 132] Batch 50/101 (50%)
  [Epoch 132] Batch 100/101 (99%)
[Epoch 132/700] train_loss=0.1068 val_loss=0.1163 lr=9.15e-04 (8s)
  [Epoch 133] Batch 50/101 (50%)
  [Epoch 133] Batch 100/101 (99%)
[Epoch 133/700] train_loss=0.1044 val_loss=0.1202 lr=9.14e-04 (7s)
  [Epoch 134] Batch 50/101 (50%)
  [Epoch 134] Batch 100/101 (99%)
[Epoch 134/700] train_loss=0.1063 val_loss=0.1282 lr=9.12e-04 (8s)
  [Epoch 135] Batch 50/101 (50%)
  [Epoch 135] Batch 100/101 (99%)
[Epoch 135/700] train_loss=0.1027 val_loss=0.1170 lr=9.11e-04 (7s)
  [Epoch 136] Batch 50/101 (50%)
  [Epoch 136] Batch 100/101 (99%)
[Epoch 136/700] train_loss=0.1051 val_loss=0.1285 lr=9.10e-04 (8s)
  [Epoch 137] Batch 50/101 (50%)
  [Epoch 137] Batch 100/101 (99%)
[Epoch 137/700] train_loss=0.1052 val_loss=0.1279 lr=9.08e-04 (9s)
  [Epoch 138] Batch 50/101 (50%)
  [Epoch 138] Batch 100/101 (99%)
[Epoch 138/700] train_loss=0.1048 val_loss=0.1269 lr=9.07e-04 (8s)
  [Epoch 139] Batch 50/101 (50%)
  [Epoch 139] Batch 100/101 (99%)
[Epoch 139/700] train_loss=0.1064 val_loss=0.1265 lr=9.06e-04 (8s)
  [Epoch 140] Batch 50/101 (50%)
  [Epoch 140] Batch 100/101 (99%)
[Epoch 140/700] train_loss=0.1031 val_loss=0.1301 lr=9.05e-04 (7s)
  [Epoch 141] Batch 50/101 (50%)
  [Epoch 141] Batch 100/101 (99%)
[Epoch 141/700] train_loss=0.1030 val_loss=0.1341 lr=9.03e-04 (8s)
  [Epoch 142] Batch 50/101 (50%)
  [Epoch 142] Batch 100/101 (99%)
[Epoch 142/700] train_loss=0.1010 val_loss=0.1226 lr=9.02e-04 (7s)
  [Epoch 143] Batch 50/101 (50%)
  [Epoch 143] Batch 100/101 (99%)
[Epoch 143/700] train_loss=0.1053 val_loss=0.1267 lr=9.01e-04 (7s)
  [Epoch 144] Batch 50/101 (50%)
  [Epoch 144] Batch 100/101 (99%)
[Epoch 144/700] train_loss=0.1002 val_loss=0.1325 lr=8.99e-04 (7s)
  [Epoch 145] Batch 50/101 (50%)
  [Epoch 145] Batch 100/101 (99%)
[Epoch 145/700] train_loss=0.1055 val_loss=0.1289 lr=8.98e-04 (7s)
  [Epoch 146] Batch 50/101 (50%)
  [Epoch 146] Batch 100/101 (99%)
[Epoch 146/700] train_loss=0.0986 val_loss=0.1355 lr=8.96e-04 (7s)
  [Epoch 147] Batch 50/101 (50%)
  [Epoch 147] Batch 100/101 (99%)
[Epoch 147/700] train_loss=0.1022 val_loss=0.1255 lr=8.95e-04 (7s)
  [Epoch 148] Batch 50/101 (50%)
  [Epoch 148] Batch 100/101 (99%)
[Epoch 148/700] train_loss=0.1037 val_loss=0.1210 lr=8.94e-04 (7s)
  [Epoch 149] Batch 50/101 (50%)
  [Epoch 149] Batch 100/101 (99%)
[Epoch 149/700] train_loss=0.1024 val_loss=0.1129 lr=8.92e-04 (7s)
Metric val/loss improved by 0.002 >= min_delta = 0.0. New best score: 0.113
  [Epoch 150] Batch 50/101 (50%)
  [Epoch 150] Batch 100/101 (99%)
[Epoch 150/700] train_loss=0.1026 val_loss=0.1241 lr=8.91e-04 (7s)
  [Epoch 151] Batch 50/101 (50%)
  [Epoch 151] Batch 100/101 (99%)
[Epoch 151/700] train_loss=0.1003 val_loss=0.1293 lr=8.90e-04 (7s)
  [Epoch 152] Batch 50/101 (50%)
  [Epoch 152] Batch 100/101 (99%)
[Epoch 152/700] train_loss=0.0996 val_loss=0.1190 lr=8.88e-04 (7s)
  [Epoch 153] Batch 50/101 (50%)
  [Epoch 153] Batch 100/101 (99%)
[Epoch 153/700] train_loss=0.1023 val_loss=0.1286 lr=8.87e-04 (7s)
  [Epoch 154] Batch 50/101 (50%)
  [Epoch 154] Batch 100/101 (99%)
[Epoch 154/700] train_loss=0.1005 val_loss=0.1278 lr=8.85e-04 (7s)
  [Epoch 155] Batch 50/101 (50%)
  [Epoch 155] Batch 100/101 (99%)
[Epoch 155/700] train_loss=0.1039 val_loss=0.1201 lr=8.84e-04 (7s)
  [Epoch 156] Batch 50/101 (50%)
  [Epoch 156] Batch 100/101 (99%)
[Epoch 156/700] train_loss=0.1019 val_loss=0.1297 lr=8.82e-04 (7s)
  [Epoch 157] Batch 50/101 (50%)
  [Epoch 157] Batch 100/101 (99%)
[Epoch 157/700] train_loss=0.1051 val_loss=0.1287 lr=8.81e-04 (7s)
  [Epoch 158] Batch 50/101 (50%)
  [Epoch 158] Batch 100/101 (99%)
[Epoch 158/700] train_loss=0.1011 val_loss=0.1276 lr=8.79e-04 (7s)
  [Epoch 159] Batch 50/101 (50%)
  [Epoch 159] Batch 100/101 (99%)
[Epoch 159/700] train_loss=0.1030 val_loss=0.1328 lr=8.78e-04 (7s)
  [Epoch 160] Batch 50/101 (50%)
  [Epoch 160] Batch 100/101 (99%)
[Epoch 160/700] train_loss=0.1042 val_loss=0.1315 lr=8.77e-04 (7s)
  [Epoch 161] Batch 50/101 (50%)
  [Epoch 161] Batch 100/101 (99%)
[Epoch 161/700] train_loss=0.0985 val_loss=0.1197 lr=8.75e-04 (7s)
  [Epoch 162] Batch 50/101 (50%)
  [Epoch 162] Batch 100/101 (99%)
[Epoch 162/700] train_loss=0.1004 val_loss=0.1201 lr=8.74e-04 (7s)
  [Epoch 163] Batch 50/101 (50%)
  [Epoch 163] Batch 100/101 (99%)
[Epoch 163/700] train_loss=0.1034 val_loss=0.1198 lr=8.72e-04 (7s)
  [Epoch 164] Batch 50/101 (50%)
  [Epoch 164] Batch 100/101 (99%)
[Epoch 164/700] train_loss=0.1006 val_loss=0.1299 lr=8.71e-04 (7s)
  [Epoch 165] Batch 50/101 (50%)
  [Epoch 165] Batch 100/101 (99%)
[Epoch 165/700] train_loss=0.0998 val_loss=0.1232 lr=8.69e-04 (7s)
  [Epoch 166] Batch 50/101 (50%)
  [Epoch 166] Batch 100/101 (99%)
[Epoch 166/700] train_loss=0.1011 val_loss=0.1239 lr=8.68e-04 (7s)
  [Epoch 167] Batch 50/101 (50%)
  [Epoch 167] Batch 100/101 (99%)
[Epoch 167/700] train_loss=0.0999 val_loss=0.1232 lr=8.66e-04 (7s)
  [Epoch 168] Batch 50/101 (50%)
  [Epoch 168] Batch 100/101 (99%)
[Epoch 168/700] train_loss=0.1023 val_loss=0.1272 lr=8.64e-04 (7s)
  [Epoch 169] Batch 50/101 (50%)
  [Epoch 169] Batch 100/101 (99%)
[Epoch 169/700] train_loss=0.1004 val_loss=0.1279 lr=8.63e-04 (7s)
  [Epoch 170] Batch 50/101 (50%)
  [Epoch 170] Batch 100/101 (99%)
[Epoch 170/700] train_loss=0.0978 val_loss=0.1259 lr=8.61e-04 (8s)
  [Epoch 171] Batch 50/101 (50%)
  [Epoch 171] Batch 100/101 (99%)
[Epoch 171/700] train_loss=0.1040 val_loss=0.1146 lr=8.60e-04 (7s)
  [Epoch 172] Batch 50/101 (50%)
  [Epoch 172] Batch 100/101 (99%)
[Epoch 172/700] train_loss=0.1005 val_loss=0.1260 lr=8.58e-04 (7s)
  [Epoch 173] Batch 50/101 (50%)
  [Epoch 173] Batch 100/101 (99%)
[Epoch 173/700] train_loss=0.1016 val_loss=0.1167 lr=8.57e-04 (7s)
  [Epoch 174] Batch 50/101 (50%)
  [Epoch 174] Batch 100/101 (99%)
[Epoch 174/700] train_loss=0.1012 val_loss=0.1235 lr=8.55e-04 (8s)
  [Epoch 175] Batch 50/101 (50%)
  [Epoch 175] Batch 100/101 (99%)
[Epoch 175/700] train_loss=0.1036 val_loss=0.1268 lr=8.54e-04 (7s)
  [Epoch 176] Batch 50/101 (50%)
  [Epoch 176] Batch 100/101 (99%)
[Epoch 176/700] train_loss=0.1005 val_loss=0.1219 lr=8.52e-04 (7s)
  [Epoch 177] Batch 50/101 (50%)
  [Epoch 177] Batch 100/101 (99%)
[Epoch 177/700] train_loss=0.1056 val_loss=0.1221 lr=8.50e-04 (7s)
  [Epoch 178] Batch 50/101 (50%)
  [Epoch 178] Batch 100/101 (99%)
[Epoch 178/700] train_loss=0.1016 val_loss=0.1299 lr=8.49e-04 (7s)
  [Epoch 179] Batch 50/101 (50%)
  [Epoch 179] Batch 100/101 (99%)
[Epoch 179/700] train_loss=0.1011 val_loss=0.1382 lr=8.47e-04 (7s)
  [Epoch 180] Batch 50/101 (50%)
  [Epoch 180] Batch 100/101 (99%)
[Epoch 180/700] train_loss=0.1022 val_loss=0.1298 lr=8.46e-04 (7s)
  [Epoch 181] Batch 50/101 (50%)
  [Epoch 181] Batch 100/101 (99%)
[Epoch 181/700] train_loss=0.0980 val_loss=0.1369 lr=8.44e-04 (9s)
  [Epoch 182] Batch 50/101 (50%)
  [Epoch 182] Batch 100/101 (99%)
[Epoch 182/700] train_loss=0.0996 val_loss=0.1193 lr=8.42e-04 (9s)
  [Epoch 183] Batch 50/101 (50%)
  [Epoch 183] Batch 100/101 (99%)
[Epoch 183/700] train_loss=0.1008 val_loss=0.1272 lr=8.41e-04 (7s)
  [Epoch 184] Batch 50/101 (50%)
  [Epoch 184] Batch 100/101 (99%)
[Epoch 184/700] train_loss=0.0999 val_loss=0.1210 lr=8.39e-04 (7s)
  [Epoch 185] Batch 50/101 (50%)
  [Epoch 185] Batch 100/101 (99%)
[Epoch 185/700] train_loss=0.1040 val_loss=0.1280 lr=8.37e-04 (7s)
  [Epoch 186] Batch 50/101 (50%)
  [Epoch 186] Batch 100/101 (99%)
[Epoch 186/700] train_loss=0.1023 val_loss=0.1246 lr=8.36e-04 (8s)
  [Epoch 187] Batch 50/101 (50%)
  [Epoch 187] Batch 100/101 (99%)
[Epoch 187/700] train_loss=0.1002 val_loss=0.1258 lr=8.34e-04 (7s)
  [Epoch 188] Batch 50/101 (50%)
  [Epoch 188] Batch 100/101 (99%)
[Epoch 188/700] train_loss=0.1019 val_loss=0.1170 lr=8.32e-04 (7s)
  [Epoch 189] Batch 50/101 (50%)
  [Epoch 189] Batch 100/101 (99%)
[Epoch 189/700] train_loss=0.1024 val_loss=0.1169 lr=8.31e-04 (7s)
  [Epoch 190] Batch 50/101 (50%)
  [Epoch 190] Batch 100/101 (99%)
[Epoch 190/700] train_loss=0.1025 val_loss=0.1261 lr=8.29e-04 (7s)
  [Epoch 191] Batch 50/101 (50%)
  [Epoch 191] Batch 100/101 (99%)
[Epoch 191/700] train_loss=0.1004 val_loss=0.1207 lr=8.27e-04 (7s)
  [Epoch 192] Batch 50/101 (50%)
  [Epoch 192] Batch 100/101 (99%)
[Epoch 192/700] train_loss=0.1007 val_loss=0.1295 lr=8.26e-04 (7s)
  [Epoch 193] Batch 50/101 (50%)
  [Epoch 193] Batch 100/101 (99%)
[Epoch 193/700] train_loss=0.1010 val_loss=0.1133 lr=8.24e-04 (7s)
  [Epoch 194] Batch 50/101 (50%)
  [Epoch 194] Batch 100/101 (99%)
[Epoch 194/700] train_loss=0.1010 val_loss=0.1074 lr=8.22e-04 (7s)
Metric val/loss improved by 0.006 >= min_delta = 0.0. New best score: 0.107
  [Epoch 195] Batch 50/101 (50%)
  [Epoch 195] Batch 100/101 (99%)
[Epoch 195/700] train_loss=0.0988 val_loss=0.1190 lr=8.20e-04 (7s)
  [Epoch 196] Batch 50/101 (50%)
  [Epoch 196] Batch 100/101 (99%)
[Epoch 196/700] train_loss=0.1018 val_loss=0.1226 lr=8.19e-04 (7s)
  [Epoch 197] Batch 50/101 (50%)
  [Epoch 197] Batch 100/101 (99%)
[Epoch 197/700] train_loss=0.1011 val_loss=0.1220 lr=8.17e-04 (7s)
  [Epoch 198] Batch 50/101 (50%)
  [Epoch 198] Batch 100/101 (99%)
[Epoch 198/700] train_loss=0.1013 val_loss=0.1244 lr=8.15e-04 (7s)
  [Epoch 199] Batch 50/101 (50%)
  [Epoch 199] Batch 100/101 (99%)
[Epoch 199/700] train_loss=0.1015 val_loss=0.1292 lr=8.13e-04 (7s)
  [Epoch 200] Batch 50/101 (50%)
  [Epoch 200] Batch 100/101 (99%)
[Epoch 200/700] train_loss=0.0994 val_loss=0.1153 lr=8.12e-04 (7s)
  [Epoch 201] Batch 50/101 (50%)
  [Epoch 201] Batch 100/101 (99%)
[Epoch 201/700] train_loss=0.1026 val_loss=0.1106 lr=8.10e-04 (7s)
  [Epoch 202] Batch 50/101 (50%)
  [Epoch 202] Batch 100/101 (99%)
[Epoch 202/700] train_loss=0.1013 val_loss=0.1236 lr=8.08e-04 (8s)
  [Epoch 203] Batch 50/101 (50%)
  [Epoch 203] Batch 100/101 (99%)
[Epoch 203/700] train_loss=0.1016 val_loss=0.1284 lr=8.06e-04 (7s)
  [Epoch 204] Batch 50/101 (50%)
  [Epoch 204] Batch 100/101 (99%)
[Epoch 204/700] train_loss=0.1023 val_loss=0.1274 lr=8.05e-04 (7s)
  [Epoch 205] Batch 50/101 (50%)
  [Epoch 205] Batch 100/101 (99%)
[Epoch 205/700] train_loss=0.1055 val_loss=0.1229 lr=8.03e-04 (7s)
  [Epoch 206] Batch 50/101 (50%)
  [Epoch 206] Batch 100/101 (99%)
[Epoch 206/700] train_loss=0.0998 val_loss=0.1323 lr=8.01e-04 (7s)
  [Epoch 207] Batch 50/101 (50%)
  [Epoch 207] Batch 100/101 (99%)
[Epoch 207/700] train_loss=0.0992 val_loss=0.1197 lr=7.99e-04 (7s)
  [Epoch 208] Batch 50/101 (50%)
  [Epoch 208] Batch 100/101 (99%)
[Epoch 208/700] train_loss=0.0971 val_loss=0.1235 lr=7.98e-04 (7s)
  [Epoch 209] Batch 50/101 (50%)
  [Epoch 209] Batch 100/101 (99%)
[Epoch 209/700] train_loss=0.0991 val_loss=0.1193 lr=7.96e-04 (7s)
  [Epoch 210] Batch 50/101 (50%)
  [Epoch 210] Batch 100/101 (99%)
[Epoch 210/700] train_loss=0.0991 val_loss=0.1146 lr=7.94e-04 (7s)
  [Epoch 211] Batch 50/101 (50%)
  [Epoch 211] Batch 100/101 (99%)
[Epoch 211/700] train_loss=0.0969 val_loss=0.1243 lr=7.92e-04 (7s)
  [Epoch 212] Batch 50/101 (50%)
  [Epoch 212] Batch 100/101 (99%)
[Epoch 212/700] train_loss=0.1012 val_loss=0.1198 lr=7.90e-04 (8s)
  [Epoch 213] Batch 50/101 (50%)
  [Epoch 213] Batch 100/101 (99%)
[Epoch 213/700] train_loss=0.0997 val_loss=0.1248 lr=7.88e-04 (7s)
  [Epoch 214] Batch 50/101 (50%)
  [Epoch 214] Batch 100/101 (99%)
[Epoch 214/700] train_loss=0.0986 val_loss=0.1283 lr=7.87e-04 (7s)
  [Epoch 215] Batch 50/101 (50%)
  [Epoch 215] Batch 100/101 (99%)
[Epoch 215/700] train_loss=0.1026 val_loss=0.1320 lr=7.85e-04 (7s)
  [Epoch 216] Batch 50/101 (50%)
  [Epoch 216] Batch 100/101 (99%)
[Epoch 216/700] train_loss=0.1004 val_loss=0.1173 lr=7.83e-04 (7s)
  [Epoch 217] Batch 50/101 (50%)
  [Epoch 217] Batch 100/101 (99%)
[Epoch 217/700] train_loss=0.0991 val_loss=0.1264 lr=7.81e-04 (7s)
  [Epoch 218] Batch 50/101 (50%)
  [Epoch 218] Batch 100/101 (99%)
[Epoch 218/700] train_loss=0.0966 val_loss=0.1249 lr=7.79e-04 (7s)
  [Epoch 219] Batch 50/101 (50%)
  [Epoch 219] Batch 100/101 (99%)
[Epoch 219/700] train_loss=0.0996 val_loss=0.1169 lr=7.77e-04 (7s)
  [Epoch 220] Batch 50/101 (50%)
  [Epoch 220] Batch 100/101 (99%)
[Epoch 220/700] train_loss=0.0995 val_loss=0.1160 lr=7.75e-04 (7s)
  [Epoch 221] Batch 50/101 (50%)
  [Epoch 221] Batch 100/101 (99%)
[Epoch 221/700] train_loss=0.0978 val_loss=0.1278 lr=7.74e-04 (7s)
  [Epoch 222] Batch 50/101 (50%)
  [Epoch 222] Batch 100/101 (99%)
[Epoch 222/700] train_loss=0.0976 val_loss=0.1192 lr=7.72e-04 (6s)
  [Epoch 223] Batch 50/101 (50%)
  [Epoch 223] Batch 100/101 (99%)
[Epoch 223/700] train_loss=0.0967 val_loss=0.1217 lr=7.70e-04 (7s)
  [Epoch 224] Batch 50/101 (50%)
  [Epoch 224] Batch 100/101 (99%)
[Epoch 224/700] train_loss=0.0993 val_loss=0.1208 lr=7.68e-04 (7s)
  [Epoch 225] Batch 50/101 (50%)
  [Epoch 225] Batch 100/101 (99%)
[Epoch 225/700] train_loss=0.1005 val_loss=0.1208 lr=7.66e-04 (7s)
  [Epoch 226] Batch 50/101 (50%)
  [Epoch 226] Batch 100/101 (99%)
[Epoch 226/700] train_loss=0.0955 val_loss=0.1160 lr=7.64e-04 (8s)
  [Epoch 227] Batch 50/101 (50%)
  [Epoch 227] Batch 100/101 (99%)
[Epoch 227/700] train_loss=0.0945 val_loss=0.1152 lr=7.62e-04 (7s)
  [Epoch 228] Batch 50/101 (50%)
  [Epoch 228] Batch 100/101 (99%)
[Epoch 228/700] train_loss=0.0972 val_loss=0.1259 lr=7.60e-04 (7s)
  [Epoch 229] Batch 50/101 (50%)
  [Epoch 229] Batch 100/101 (99%)
[Epoch 229/700] train_loss=0.0977 val_loss=0.1247 lr=7.58e-04 (7s)
  [Epoch 230] Batch 50/101 (50%)
  [Epoch 230] Batch 100/101 (99%)
[Epoch 230/700] train_loss=0.0995 val_loss=0.1215 lr=7.56e-04 (7s)
  [Epoch 231] Batch 50/101 (50%)
  [Epoch 231] Batch 100/101 (99%)
[Epoch 231/700] train_loss=0.0986 val_loss=0.1204 lr=7.55e-04 (7s)
  [Epoch 232] Batch 50/101 (50%)
  [Epoch 232] Batch 100/101 (99%)
[Epoch 232/700] train_loss=0.0990 val_loss=0.1155 lr=7.53e-04 (7s)
  [Epoch 233] Batch 50/101 (50%)
  [Epoch 233] Batch 100/101 (99%)
[Epoch 233/700] train_loss=0.0999 val_loss=0.1197 lr=7.51e-04 (7s)
  [Epoch 234] Batch 50/101 (50%)
  [Epoch 234] Batch 100/101 (99%)
[Epoch 234/700] train_loss=0.0998 val_loss=0.1198 lr=7.49e-04 (8s)
  [Epoch 235] Batch 50/101 (50%)
  [Epoch 235] Batch 100/101 (99%)
[Epoch 235/700] train_loss=0.1009 val_loss=0.1260 lr=7.47e-04 (8s)
  [Epoch 236] Batch 50/101 (50%)
  [Epoch 236] Batch 100/101 (99%)
[Epoch 236/700] train_loss=0.0974 val_loss=0.1230 lr=7.45e-04 (8s)
  [Epoch 237] Batch 50/101 (50%)
  [Epoch 237] Batch 100/101 (99%)
[Epoch 237/700] train_loss=0.1001 val_loss=0.1215 lr=7.43e-04 (8s)
  [Epoch 238] Batch 50/101 (50%)
  [Epoch 238] Batch 100/101 (99%)
[Epoch 238/700] train_loss=0.0995 val_loss=0.1227 lr=7.41e-04 (8s)
  [Epoch 239] Batch 50/101 (50%)
  [Epoch 239] Batch 100/101 (99%)
[Epoch 239/700] train_loss=0.0964 val_loss=0.1232 lr=7.39e-04 (7s)
  [Epoch 240] Batch 50/101 (50%)
  [Epoch 240] Batch 100/101 (99%)
[Epoch 240/700] train_loss=0.0989 val_loss=0.1201 lr=7.37e-04 (7s)
  [Epoch 241] Batch 50/101 (50%)
  [Epoch 241] Batch 100/101 (99%)
[Epoch 241/700] train_loss=0.0992 val_loss=0.1186 lr=7.35e-04 (7s)
  [Epoch 242] Batch 50/101 (50%)
  [Epoch 242] Batch 100/101 (99%)
[Epoch 242/700] train_loss=0.0993 val_loss=0.1146 lr=7.33e-04 (9s)
  [Epoch 243] Batch 50/101 (50%)
  [Epoch 243] Batch 100/101 (99%)
[Epoch 243/700] train_loss=0.1007 val_loss=0.1239 lr=7.31e-04 (10s)
  [Epoch 244] Batch 50/101 (50%)
  [Epoch 244] Batch 100/101 (99%)
[Epoch 244/700] train_loss=0.1002 val_loss=0.1261 lr=7.29e-04 (9s)
Monitored metric val/loss did not improve in the last 50 records. Best score: 0.107. Signaling Trainer to stop.

[Training] Completed!

✓ Training completed!
  Final checkpoint: /public/home/xiongzhzh2023/PT4ConTSG/experiments/20260407_174803_ettm1_verbalts/checkpoints/finetune/finetune-epoch=193-val/loss=0.1074.ckpt
  Experiment: experiments/20260407_174803_ettm1_verbalts

Running automatic evaluation...
Loading weights:   0%|          | 0/197 [00:00<?, ?it/s]Loading weights: 100%|██████████| 197/197 [00:00<00:00, 4565.50it/s]
[1mCLIPTextModelWithProjection LOAD REPORT[0m from: ./checkpoints/longclip
Key                                                            | Status     |  | 
---------------------------------------------------------------+------------+--+-
vision_model.encoder.layers.{0...23}.self_attn.q_proj.weight   | UNEXPECTED |  | 
vision_model.encoder.layers.{0...23}.mlp.fc1.weight            | UNEXPECTED |  | 
vision_model.encoder.layers.{0...23}.layer_norm2.weight        | UNEXPECTED |  | 
vision_model.encoder.layers.{0...23}.mlp.fc1.bias              | UNEXPECTED |  | 
vision_model.encoder.layers.{0...23}.mlp.fc2.bias              | UNEXPECTED |  | 
vision_model.pre_layrnorm.bias                                 | UNEXPECTED |  | 
vision_model.encoder.layers.{0...23}.layer_norm1.bias          | UNEXPECTED |  | 
vision_model.encoder.layers.{0...23}.self_attn.v_proj.bias     | UNEXPECTED |  | 
vision_model.encoder.layers.{0...23}.layer_norm1.weight        | UNEXPECTED |  | 
vision_model.encoder.layers.{0...23}.self_attn.k_proj.weight   | UNEXPECTED |  | 
vision_model.encoder.layers.{0...23}.mlp.fc2.weight            | UNEXPECTED |  | 
vision_model.encoder.layers.{0...23}.layer_norm2.bias          | UNEXPECTED |  | 
vision_model.encoder.layers.{0...23}.self_attn.q_proj.bias     | UNEXPECTED |  | 
vision_model.encoder.layers.{0...23}.self_attn.out_proj.weight | UNEXPECTED |  | 
vision_model.encoder.layers.{0...23}.self_attn.k_proj.bias     | UNEXPECTED |  | 
vision_model.encoder.layers.{0...23}.self_attn.out_proj.bias   | UNEXPECTED |  | 
vision_model.encoder.layers.{0...23}.self_attn.v_proj.weight   | UNEXPECTED |  | 
vision_model.embeddings.position_embedding.weight              | UNEXPECTED |  | 
vision_model.post_layernorm.bias                               | UNEXPECTED |  | 
visual_projection.weight                                       | UNEXPECTED |  | 
vision_model.pre_layrnorm.weight                               | UNEXPECTED |  | 
logit_scale                                                    | UNEXPECTED |  | 
vision_model.embeddings.patch_embedding.weight                 | UNEXPECTED |  | 
vision_model.embeddings.class_embedding                        | UNEXPECTED |  | 
vision_model.post_layernorm.weight                             | UNEXPECTED |  | 

[3mNotes:
- UNEXPECTED[3m	:can be ignored when loading from different task/architecture; not ok if you expect identical arch.[0m
[Evaluating (generating)] Starting (0/13)...
[Evaluating (generating)] 1/13 (8%)
[Evaluating (generating)] 2/13 (15%)
[Evaluating (generating)] 3/13 (23%)
[Evaluating (generating)] 4/13 (31%)
[Evaluating (generating)] 6/13 (46%)
[Evaluating (generating)] 7/13 (54%)
[Evaluating (generating)] 8/13 (62%)
[Evaluating (generating)] 10/13 (77%)
[Evaluating (generating)] 11/13 (85%)
[Evaluating (generating)] 12/13 (92%)
[Evaluating (generating)] 13/13 (100%)
[Evaluating (generating)] Completed (13 items)
Evaluation results saved to: experiments/20260407_174803_ettm1_verbalts/results/eval_results.json
          Evaluation Results           
┏━━━━━━━━━━━━━━━━━━━━━━━━━┳━━━━━━━━━━━┓
┃ Metric                  ┃     Value ┃
┡━━━━━━━━━━━━━━━━━━━━━━━━━╇━━━━━━━━━━━┩
│ dtw                     │  6.733014 │
│ wape                    │ 94.097015 │
│ ed                      │  8.453612 │
│ crps                    │  0.458808 │
│ acd                     │  0.061923 │
│ sd                      │  0.348786 │
│ kd                      │  2.111066 │
│ mdd                     │  0.017516 │
│ fid                     │ 15.593642 │
│ jftsd                   │ 16.001583 │
│ cttp                    │  3.353484 │
│ disc_auc                │  0.833304 │
│ prdc_f1.f1              │  0.616171 │
│ prdc_f1.precision       │  0.669370 │
│ prdc_f1.recall          │  0.570805 │
│ joint_prdc_f1.f1        │  0.693513 │
│ joint_prdc_f1.precision │  0.747349 │
│ joint_prdc_f1.recall    │  0.646912 │
└─────────────────────────┴───────────┘
